-1 1418377450.041268 0.751357 0.307832 0.153916 0.0 1.194882 0.592013
-1 1418377450.977638 0.187416 0.281123 0.652206 0.457444 0.79583 0.625981
-1 1418377451.019012 0.244437 0.704368 0.919863 0.244437 0.6714 0.215495
-1 1418377451.879163 0.0 0.0 1.0 1.0 0.0 1.0
-1 1418377452.020375 0.0 0.609756 2.390244 0.0 0.0 0.0
-1 1418377453.799747 1.515152 0.0 0.0 0.0 1.484848 0.0
-1 1418377453.940649 0.0 0.195574 0.937765 1.303096 0.195574 0.367991
-1 1418377454.071037 0.438342 0.219171 0.193221 0.219171 0.843006 1.087089
-1 1418377454.214736 0.5 1.0 0.5 0.0 0.0 1.0
-1 1418377454.348129 0.744284 0.744284 0.639937 0.511906 0.0 0.359589
-1 1418377454.491494 0.211751 0.407232 0.658873 0.317626 0.505289 0.899229
-1 1418377454.621598 0.613274 0.1854 0.596159 0.425294 0.812782 0.367092
-1 1418377454.764385 0.463827 0.309303 0.08802 0.08802 0.978151 1.07268
-1 1418377454.910883 0.365216 0.365216 0.246767 0.246767 0.580297 1.195737
-1 1418377455.043758 1.254245 0.413486 0.137829 0.137829 0.648638 0.407973
-1 1418377455.215331 0.846487 0.314786 0.21848 0.21848 0.54183 0.859938
-1 1418377455.341464 0.10342 0.10342 0.746554 0.20684 0.982923 0.856844
-1 1418377455.497392 0.461966 0.420627 0.451498 0.207045 0.634576 0.824287
-1 1418377455.623677 0.299341 0.0 0.339543 0.339543 1.082281 0.939291
-1 1418377455.772443 0.33325 0.111083 0.43989 0.111083 0.537821 1.466873
-1 1418377455.934693 0.709367 0.0 0.146372 0.292744 0.762766 1.088751
-1 1418377456.050467 0.0 0.412279 0.325554 0.122316 0.865277 1.274575
-1 1418377456.206279 0.407823 0.450963 0.328713 0.098026 0.607207 1.107269
-1 1418377456.358301 0.243875 0.171647 0.460957 0.633549 0.967456 0.522515
-1 1418377456.502611 0.376242 0.64559 0.200906 0.212134 0.4135 1.151628
-1 1418377456.649584 0.224134 0.562621 0.30508 0.114354 0.85227 0.941541
-1 1418377456.767399 0.213766 0.541142 0.5635 0.227218 1.013391 0.440984
-1 1418377456.904066 0.430998 0.25761 0.398903 0.136573 0.339497 1.436418
-1 1418377457.058949 0.615614 0.307807 0.579652 0.0 1.035217 0.46171
-1 1418377457.204212 0.076839 0.195093 0.441803 0.415995 0.900157 0.970112
-1 1418377457.328240 0.765496 0.564687 0.0 0.141172 1.032984 0.495662
-1 1418377457.481617 0.556709 0.278355 0.0 0.0 1.244538 0.920398
-1 1418377457.625577 0.16728 0.427874 0.913221 0.647158 0.844467 0.0
-1 1418377457.767357 0.260052 0.332536 0.0 0.08567 1.562531 0.759211
-1 1418377457.906604 0.124731 0.13258 0.90275 0.456225 0.916484 0.46723
-1 1418377458.057545 0.805016 0.180425 0.303433 0.090213 1.177068 0.443846
-1 1418377458.206182 0.077973 0.383696 0.0 0.733626 1.37692 0.427785
-1 1418377458.343198 0.136875 0.526467 0.27375 0.515517 1.031034 0.516358
-1 1418377458.506060 0.14029 0.070145 0.952755 1.505283 0.331528 0.0
-1 1418377458.667059 0.134284 0.347507 0.252668 0.338978 0.737227 1.189336
-1 1418377458.800622 0.0 0.222626 0.564647 1.098615 0.908684 0.205428
-1 1418377458.943400 0.32577 0.479623 0.520344 0.330172 0.822245 0.521846
-1 1418377459.063335 0.144764 0.457615 0.550159 0.788559 0.914139 0.144764
-1 1418377459.236805 0.741317 0.283685 0.147859 0.440681 0.885574 0.500884
-1 1418377459.375404 0.217606 0.188571 0.623351 0.809496 1.08746 0.073516
-1 1418377459.514923 0.189751 0.189751 0.693818 0.597007 0.856133 0.473539
-1 1418377459.652823 0.106825 0.106825 0.800896 1.36972 0.416309 0.199425
-1 1418377459.793992 0.327277 0.467457 0.453481 0.698825 0.81687 0.23609
-1 1418377459.930118 0.0 0.546147 0.557293 0.824793 0.278646 0.793121
-1 1418377460.069868 0.225433 0.333641 0.762679 0.112717 0.911059 0.654471
-1 1418377460.210873 0.0 0.254112 1.084704 0.57648 0.254112 0.830592
-1 1418377460.365746 0.0 0.860712 0.15848 0.15848 1.066962 0.755367
-1 1418377460.528811 0.466334 0.0 0.49898 0.49898 1.069372 0.466334
-1 1418377460.675057 0.729343 0.37924 0.525719 0.303609 0.493229 0.568861
-1 1418377460.849939 0.621746 0.729881 0.578721 0.447906 0.310873 0.310873
-1 1418377460.994855 0.607074 0.091763 0.155601 0.0 1.09125 1.054313
-1 1418377461.023454 0.159446 0.079723 0.755848 1.210687 0.079723 0.714573
-1 1418377461.153660 0.2149 0.644699 0.859599 0.2149 0.636103 0.429799
-1 1418377461.299683 0.143822 0.287644 0.409366 0.287644 0.743728 1.127795
-1 1418377461.449109 0.180122 0.232113 0.546007 1.114097 0.182691 0.744971
-1 1418377461.605550 0.766599 0.0 0.205267 0.682786 1.028237 0.317111
-1 1418377461.757888 0.102877 0.248499 0.548953 0.960251 0.933664 0.205755
-1 1418377461.892968 0.233639 0.467278 0.412685 0.0 0.503254 1.383144
-1 1418377462.046973 0.138493 0.160081 0.523769 1.139679 0.293035 0.744943
-1 1418377462.199789 0.625016 0.683077 0.447762 0.0 0.660398 0.583747
-1 1418377462.347497 0.31724 0.292866 0.310896 0.250189 0.29846 1.530349
-1 1418377462.517097 0.768329 0.591987 0.092226 0.092226 1.097249 0.357984
-1 1418377462.656847 0.0 0.0 0.157849 0.56634 0.764242 1.511569
-1 1418377462.810371 0.893068 0.959297 0.08849 0.17698 0.699171 0.182994
-1 1418377462.989804 0.100581 0.0 0.547596 0.547596 1.219831 0.584396
-1 1418377463.055357 1.202248 0.0 0.0 0.128791 0.921748 0.747213
-1 1418377463.215006 0.632109 0.662498 0.267136 0.172664 0.256758 1.008835
-1 1418377463.363404 0.490501 0.53843 0.087737 0.171964 1.36393 0.347438
-1 1418377463.522210 0.628449 0.0 0.605874 0.501872 0.881815 0.38199
-1 1418377463.674980 0.966052 0.469472 0.297771 0.0 0.728727 0.537978
-1 1418377463.834910 0.462228 0.239372 0.16709 0.494587 0.16709 1.469632
-1 1418377463.973017 0.261835 0.445508 0.103305 0.20661 1.800271 0.182471
-1 1418377464.053813 0.26376 0.26376 0.301015 0.65504 1.065015 0.451409
-1 1418377464.191804 0.677993 0.116063 0.837071 0.116063 0.624839 0.627972
-1 1418377464.347487 0.412704 0.38992 0.530392 0.147487 0.918855 0.600642
-1 1418377464.492491 0.413859 0.0 1.241577 0.413859 0.451637 0.479068
-1 1418377464.641546 0.666306 0.444402 0.166577 0.480007 0.433289 0.809419
-1 1418377464.785993 0.08221 0.08221 0.69812 0.356342 1.515738 0.26538
-1 1418377464.936737 0.992603 0.481426 0.110607 0.0 0.815503 0.599861
-1 1418377465.065523 0.2798 0.2798 0.2798 0.559601 0.559601 1.041398
-1 1418377465.218677 0.425324 0.0 0.21481 0.0 1.002297 1.357569
-1 1418377465.384095 0.154859 0.154859 1.118402 0.470983 0.532955 0.567941
-1 1418377465.509154 0.0 0.391417 0.0 0.0 0.0 2.608583
-1 1418377465.649849 0.333333 0.333333 0.666667 1.0 0.333333 0.333333
-1 1418377465.797653 0.182069 0.0 0.619562 0.619562 0.777178 0.80163
-1 1418377465.958886 0.254009 0.388789 0.129596 0.388789 1.142806 0.696012
-1 1418377466.037542 0.0 0.0 1.088889 1.088889 0.544444 0.277778
-1 1418377466.192593 0.204526 0.204526 0.605396 0.409051 1.175631 0.40087
-1 1418377466.321851 0.0 0.0 0.604839 0.0 1.185484 1.209677
-1 1418377466.494662 0.389125 0.685145 0.0 0.140353 0.685145 1.100232
-1 1418377466.639435 0.707568 0.0 0.0 0.176892 1.054277 1.061262
-1 1418377466.771295 0.292623 0.800787 0.172569 0.345138 0.651014 0.737869
-1 1418377466.935207 1.138289 0.0 0.287447 0.574893 0.574893 0.424478
-1 1418377467.050992 0.111543 0.111543 0.613186 0.391635 0.692651 1.079442
-1 1418377467.225800 0.603223 0.107418 0.214835 0.214835 1.008453 0.851237
-1 1418377467.390366 0.341786 0.143952 0.924242 0.341786 0.603605 0.644629
-1 1418377467.544675 0.50539 0.402558 0.134186 0.0 1.22647 0.731396
-1 1418377467.715955 0.177632 0.341337 0.569557 0.090628 0.729878 1.090969
-1 1418377467.868831 0.209894 0.209894 0.411393 0.0 0.942701 1.226118
-1 1418377468.031171 0.10624 0.30614 0.818888 0.10624 0.863382 0.79911
-1 1418377468.191945 0.305602 0.152801 0.152801 0.0 1.508697 0.880098
-1 1418377468.360219 1.031747 0.526739 0.0 0.380919 0.704691 0.355905
-1 1418377468.532940 0.333054 0.458542 0.346642 0.715097 0.789117 0.357548
-1 1418377468.758763 0.312833 0.280855 0.292395 0.601106 1.029383 0.483427
-1 1418377468.963132 0.180405 0.270607 0.625444 0.55938 0.843473 0.520691
-1 1418377469.022659 0.625803 0.125665 0.342373 0.342373 1.392601 0.171186
-1 1418377469.287817 0.58828 0.284919 0.543999 0.094973 0.890021 0.597808
-1 1418377469.469454 0.388192 0.698401 0.340173 0.113391 1.124206 0.335637
-1 1418377469.641604 0.566421 0.454404 0.0 0.0 0.464437 1.514738
-1 1418377469.853782 0.502161 0.704121 0.329209 0.440428 0.806091 0.21799
-1 1418377470.037696 0.554969 0.227372 0.227372 0.441283 0.513647 1.035358
-1 1418377470.184924 0.785879 0.272575 0.10528 0.196694 1.503286 0.136287
-1 1418377470.364586 0.200707 0.565286 0.200707 0.0 1.350733 0.682566
-1 1418377470.522401 0.283067 0.204651 0.491414 0.306977 1.280647 0.433244
-1 1418377470.666029 0.262504 0.521457 0.0 0.108783 1.042915 1.06434
-1 1418377470.811081 0.511493 0.190955 0.614021 0.355781 0.957145 0.370605
-1 1418377470.962239 0.6 0.6 0.0 0.0 1.2 0.6
-1 1418377471.082178 0.655557 0.331089 0.12788 0.165545 1.431619 0.28831
-1 1418377471.215033 0.462963 0.462963 0.694444 0.462963 0.685185 0.231481
-1 1418377471.367203 0.0 0.0 1.090909 0.818182 0.818182 0.272727
-1 1418377471.505472 0.0 0.0 0.860848 0.72244 0.778676 0.638036
-1 1418377471.705998 0.869747 0.434873 0.434873 0.289916 0.434873 0.535718
-1 1418377471.941341 0.154625 0.154625 0.457689 0.290942 0.736508 1.205612
-1 1418377472.045797 0.23289 0.205316 0.465781 0.698671 0.698671 0.698671
-1 1418377472.172702 0.921753 0.213173 0.160782 0.106586 1.338524 0.259182
-1 1418377472.337886 0.208884 0.313325 0.388858 0.150105 1.377212 0.561616
-1 1418377472.487683 0.62514 0.128493 0.659987 0.439992 0.815858 0.330531
-1 1418377472.635731 0.284203 0.189469 0.0 0.454876 1.62984 0.441612
-1 1418377472.817380 0.204595 0.822516 0.150667 0.0 0.900536 0.921686
-1 1418377472.980304 0.402656 0.309869 0.209371 0.314057 1.30447 0.459576
-1 1418377473.045192 0.285872 0.285872 0.654247 0.181722 0.545469 1.046819
-1 1418377473.162394 0.377195 0.13274 0.13274 0.0 1.959104 0.398221
-1 1418377473.324535 0.310628 0.488658 0.330174 0.0 0.88662 0.98392
-1 1418377473.504537 1.235274 0.478985 0.174455 0.102882 0.510293 0.498112
-1 1418377473.681956 0.130504 0.261008 0.0 0.261008 0.821367 1.526114
-1 1418377473.839719 0.465778 0.368321 0.0 0.0 0.66497 1.50093
-1 1418377473.994501 0.472565 0.447553 0.706617 0.146368 0.626599 0.600297
-1 1418377474.027097 0.553194 0.660265 0.160161 0.080081 0.69141 0.85489
-1 1418377474.210907 0.437372 0.437372 0.303562 0.409153 1.108979 0.303562
-1 1418377474.386307 0.727928 0.712566 0.0 0.121981 0.149398 1.288127
-1 1418377474.557443 0.173075 0.173075 1.117873 0.346151 0.671809 0.518016
-1 1418377474.722640 0.373896 0.83363 0.127089 0.19193 0.751651 0.721804
-1 1418377474.876722 0.128677 0.380883 1.122223 0.128677 0.612913 0.626627
-1 1418377475.030242 0.660557 0.527927 0.285531 0.352639 0.732096 0.441249
-1 1418377475.187702 0.858534 0.330473 0.49571 0.4891 0.49571 0.330473
-1 1418377475.359164 0.514222 0.266168 0.169225 0.084612 0.994445 0.971328
-1 1418377475.521113 0.848349 0.600924 0.265152 0.265152 1.020423 0.0
-1 1418377475.685181 0.799418 0.1503 0.1503 0.444888 0.790644 0.66445
-1 1418377475.865994 0.732487 0.293009 0.076032 0.0 1.295849 0.602623
-1 1418377476.031898 0.530358 0.530358 0.191902 0.0 1.229545 0.517836
-1 1418377476.263118 0.28948 0.096493 0.192986 0.0 1.823189 0.597852
-1 1418377476.463988 0.084076 0.084076 0.750588 0.578626 0.8564 0.646235
-1 1418377476.648534 0.342515 0.102014 0.217729 0.320105 0.663332 1.354305
-1 1418377476.835184 0.568478 0.307025 0.221972 0.110986 1.418429 0.37311
-1 1418377477.001283 0.298708 0.431873 0.170519 0.170519 0.890926 1.037456
-1 1418377477.029407 0.151281 0.0 0.266738 0.133369 1.399355 1.049257
-1 1418377477.203186 0.637399 0.171863 0.087685 0.087685 1.350041 0.665326
-1 1418377477.417738 0.648508 0.342312 0.096409 0.192818 0.86961 0.850344
-1 1418377477.587580 0.40865 0.090588 0.090588 0.268142 0.769756 1.372276
-1 1418377477.771873 0.0 0.362408 0.126158 0.578192 1.559817 0.373426
-1 1418377477.934054 0.118435 0.118435 0.118435 0.236871 1.279477 1.128346
-1 1418377478.062274 0.595699 0.0 0.607856 0.607856 0.962894 0.225696
-1 1418377478.240973 0.29218 0.660199 0.383353 0.460473 1.105271 0.098524
-1 1418377478.369149 0.346071 0.0 0.716313 0.0 0.672959 1.264657
-1 1418377478.522754 0.381228 0.503221 0.254152 0.620334 0.63538 0.605686
-1 1418377478.666693 0.571698 0.957981 0.0 0.0 0.549745 0.920576
-1 1418377478.815941 0.681694 1.349755 0.0 0.0 0.300491 0.66806
-1 1418377478.983970 0.429799 0.859599 0.0 0.2149 0.851003 0.644699
-1 1418377479.074909 0.496622 0.993243 0.253378 0.253378 0.506757 0.496622
-1 1418377479.287679 0.503046 0.261572 0.246087 0.507658 0.87274 0.608897
-1 1418377479.456584 0.0 0.159222 0.955333 0.471298 0.777259 0.636889
-1 1418377479.615304 0.548284 0.29115 0.29115 0.29115 0.704816 0.87345
-1 1418377479.792775 0.687147 0.274859 0.396017 0.396017 0.833671 0.412288
-1 1418377479.938694 0.912142 0.448506 0.499086 0.0 0.886933 0.253333
-1 1418377480.065243 0.325168 0.686061 0.09617 0.09617 0.389323 1.407108
-1 1418377480.226597 0.321754 0.494015 0.123984 0.371953 1.001025 0.687268
-1 1418377480.369904 0.437729 0.123293 0.601869 0.611535 0.246587 0.978987
-1 1418377480.543882 0.220898 0.471017 0.485432 0.360372 0.740728 0.721553
-1 1418377480.690483 0.144738 0.283687 0.812805 0.144738 0.24543 1.3686
-1 1418377480.826002 0.442186 0.0 0.339528 0.490978 0.675376 1.051933
-1 1418377480.975942 0.106278 0.318834 0.936604 0.506556 0.829225 0.302503
-1 1418377481.051723 1.244919 0.0 0.0 0.0 0.559959 1.195122
-1 1418377481.235877 0.553334 0.0 0.184445 0.36889 1.16293 0.730401
-1 1418377481.386896 0.336652 0.227467 0.512079 0.677852 0.858888 0.387062
-1 1418377481.539739 0.606208 0.396437 0.206137 0.309206 1.069737 0.412275
-1 1418377481.685043 0.193579 0.266893 0.226283 0.266893 0.730094 1.316257
-1 1418377481.832303 0.429929 0.429929 0.217136 0.0 1.418389 0.504617
-1 1418377481.995351 0.093271 0.0 0.338753 0.645185 0.373085 1.549706
-1 1418377482.032034 0.977646 0.126772 0.143797 0.287595 1.049824 0.414366
-1 1418377482.218730 0.746299 0.358066 0.240189 0.095149 0.179033 1.381262
-1 1418377482.365090 0.396801 0.132267 0.488816 0.264534 0.889257 0.828326
-1 1418377482.522724 0.256441 0.278256 0.523145 0.527905 0.763175 0.651077
-1 1418377482.697336 0.459141 0.155115 0.155115 0.0 1.029891 1.200738
-1 1418377482.859173 0.270722 0.0 0.270722 0.467839 1.752048 0.238669
-1 1418377483.017069 0.166537 0.161214 0.303341 0.0 1.224137 1.14477
-1 1418377483.205932 1.307835 0.87189 0.0 0.0 0.435945 0.384329
-1 1418377483.383985 0.530136 0.233666 0.194912 0.155777 1.086594 0.798915
-1 1418377483.555958 0.195354 0.0 0.945827 0.882048 0.586063 0.390708
-1 1418377483.711289 0.208713 0.278285 0.475978 0.270047 0.421362 1.345615
-1 1418377483.857527 0.484696 0.0 0.484696 0.456002 1.574605 0.0
-1 1418377484.019458 0.358758 0.541448 0.230515 0.453837 0.5546 0.860843
-1 1418377484.190694 0.828685 0.456582 0.108021 0.23055 0.81061 0.565553
-1 1418377484.332661 0.720927 0.522024 0.144047 0.128363 0.834443 0.650196
-1 1418377484.506026 0.410689 0.797065 0.205344 0.0 1.002423 0.584479
-1 1418377484.643146 0.349578 0.524367 0.174789 0.349578 1.007892 0.593795
-1 1418377484.778399 0.195036 0.390072 0.195036 0.0 0.829827 1.390029
-1 1418377484.935854 0.62521 0.630252 0.0 0.373109 0.746218 0.62521
-1 1418377485.047133 0.0 0.0 0.849711 0.867052 1.283237 0.0
-1 1418377485.266275 0.727382 0.539668 0.094139 0.159631 0.549925 0.929255
-1 1418377485.413977 0.363415 0.272561 0.335766 0.363415 0.705315 0.959527
-1 1418377485.557102 0.0 0.200619 0.11697 0.227562 1.110868 1.343981
-1 1418377485.730393 0.158878 0.158878 0.298945 0.311401 1.205662 0.866235
-1 1418377485.891133 0.189522 0.167082 0.379044 0.947609 0.506387 0.810355
-1 1418377486.040293 0.534675 0.324205 0.109529 0.084609 1.136817 0.810166
-1 1418377486.183931 0.629988 0.230299 0.115149 0.340842 1.254453 0.429269
-1 1418377486.338438 0.137051 0.51618 0.685255 0.137051 0.789853 0.73461
-1 1418377486.516468 0.332692 0.285812 0.644484 0.072175 0.981524 0.683314
-1 1418377486.667743 1.110792 0.752332 0.262689 0.131344 0.222718 0.520124
-1 1418377486.836840 0.76671 0.223977 0.111988 0.322706 1.243134 0.331485
-1 1418377486.993739 0.786245 0.475572 0.202557 0.101278 0.519312 0.915036
-1 1418377487.045821 0.609113 0.304557 0.610196 0.24033 0.585789 0.650015
-1 1418377487.221372 0.326103 0.082349 0.154948 0.0 1.738619 0.697981
-1 1418377487.382235 0.147124 0.294249 0.129705 0.147124 1.158689 1.123108
-1 1418377487.544416 0.289398 0.618954 0.28554 0.189074 1.257415 0.359619
-1 1418377487.704259 0.253811 0.365691 0.289474 0.501159 0.87311 0.716754
-1 1418377487.878473 0.242675 0.0 0.831497 0.33566 0.909141 0.681027
-1 1418377488.059757 0.232706 0.114077 0.719607 0.533019 0.689324 0.711267
-1 1418377488.201413 0.251457 0.33872 0.429334 0.345562 0.768407 0.86652
-1 1418377488.356447 0.0 0.180528 0.477558 0.43745 1.629113 0.27535
-1 1418377488.518594 0.145636 0.128393 1.427235 0.145636 0.621829 0.531271
-1 1418377488.699242 0.638103 0.403673 0.153237 0.087987 1.225339 0.491661
-1 1418377488.877577 0.181214 0.096309 0.540548 0.096309 1.478347 0.607274
-1 1418377489.048550 0.198993 0.112659 0.324637 0.441622 0.822439 1.099649
-1 1418377489.234053 0.104485 0.104485 0.313454 0.196598 1.817358 0.46362
-1 1418377489.398892 0.174086 0.341208 0.627751 0.174086 1.219526 0.463344
-1 1418377489.566724 0.134218 0.134218 0.510877 0.748355 0.972614 0.499719
-1 1418377489.740512 0.46648 0.150755 0.0 0.342002 1.869762 0.171001
-1 1418377489.900712 0.315048 0.399861 0.0 0.227773 1.126057 0.931261
-1 1418377490.046504 0.524686 0.418042 0.209021 0.622968 0.828228 0.397055
-1 1418377490.210403 0.0 0.0 1.5 1.5 0.0 0.0
-1 1418377490.352509 0.843256 0.51418 0.335931 0.171393 0.735513 0.399726
-1 1418377490.477566 0.273723 0.0 0.821168 0.273723 0.821168 0.810219
-1 1418377490.648116 0.539165 0.352254 0.179722 0.0 1.217162 0.711698
-1 1418377490.818159 0.0 0.0 0.525844 0.290997 1.392122 0.791036
-1 1418377491.008386 0.427803 0.0 0.0 0.154646 0.949549 1.468003
-1 1418377491.145719 0.228072 0.0 0.228072 0.0 0.657212 1.886645
-1 1418377491.255971 0.195994 0.222317 0.658057 0.444633 0.846211 0.632788
-1 1418377491.425382 0.205424 0.277007 0.631724 0.092336 0.851053 0.942456
-1 1418377491.585634 0.574223 0.073603 0.291469 0.506508 0.91214 0.642056
-1 1418377491.746941 0.555958 0.28171 0.840475 0.380689 0.249013 0.692155
-1 1418377491.909814 0.243118 0.350284 0.449243 0.084566 1.391414 0.481374
-1 1418377492.028264 0.341445 0.266643 0.520874 0.239595 1.251306 0.380137
-1 1418377492.196003 0.181617 0.177985 0.737979 0.388983 0.777637 0.735799
-1 1418377492.362774 0.329246 0.258683 0.195972 0.0 1.545432 0.670666
-1 1418377492.524678 0.0 0.133219 0.982768 0.0 1.110479 0.773534
-1 1418377492.738469 0.527622 0.0 0.506517 0.178251 0.720511 1.0671
-1 1418377492.869901 0.43642 0.220414 0.0 0.0 1.575545 0.767621
-1 1418377493.044074 0.218421 0.0 1.054581 0.363838 0.951669 0.411491
-1 1418377493.235721 0.557086 0.36558 0.195414 0.293122 0.879879 0.70892
-1 1418377493.411299 0.176346 0.0 0.176346 0.136224 1.683165 0.827919
-1 1418377493.593753 0.061419 0.237992 0.923682 0.237992 0.149706 1.389209
-1 1418377493.761920 0.0 0.280465 0.338576 0.186977 1.524127 0.669856
-1 1418377493.929849 0.147178 0.196325 1.096609 0.255314 0.542396 0.762178
-1 1418377494.058532 0.488974 0.0 0.127284 0.0 1.5952 0.788542
-1 1418377494.193119 0.191216 0.127477 0.873828 0.191216 0.812166 0.804097
-1 1418377494.392039 0.464926 0.0 0.614818 0.204939 1.277914 0.437402
-1 1418377494.527827 0.49971 0.367338 0.249855 0.0 1.138429 0.744669
-1 1418377494.678617 0.479662 0.319775 0.460732 0.620619 0.799437 0.319775
-1 1418377494.809162 0.518199 0.17983 0.463474 0.0 0.413197 1.425299
-1 1418377494.989429 0.522216 0.501606 0.0 0.0 1.300501 0.675678
-1 1418377495.028338 0.484224 0.380556 0.385699 0.257133 0.751033 0.741356
-1 1418377495.218109 0.569452 0.569452 0.0 0.142363 0.761153 0.957581
-1 1418377495.380598 0.600953 0.0 0.607024 0.151756 0.815138 0.825129
-1 1418377495.539431 0.646679 0.422262 0.439856 0.0 0.844524 0.646679
-1 1418377495.703628 0.0 0.215694 0.097018 0.537209 1.386826 0.763253
-1 1418377495.886319 0.345446 0.177991 0.348863 0.348863 1.183639 0.595197
-1 1418377496.038262 0.258164 0.254722 0.229581 0.390862 0.934448 0.932224
-1 1418377496.192300 0.0 0.0 0.665097 0.651524 1.011357 0.672022
-1 1418377496.346722 0.438383 0.111832 0.111832 0.554688 0.765112 1.018153
-1 1418377496.518657 0.181954 0.181954 0.819585 0.315716 0.598034 0.902757
-1 1418377496.691458 0.313388 0.220204 0.325902 0.436004 1.428978 0.275524
-1 1418377496.861902 0.113982 0.227964 0.717853 0.227964 1.046399 0.665837
-1 1418377497.030535 0.090739 0.160276 0.339508 0.090739 1.315157 1.003581
-1 1418377497.177517 0.531725 0.398308 0.100583 0.301749 1.010257 0.657378
-1 1418377497.318996 0.119815 0.119815 0.714098 0.47926 1.035425 0.531586
-1 1418377497.497378 0.470813 0.522119 0.267087 0.178058 0.584161 0.977763
-1 1418377497.644078 0.113813 0.0 0.457621 0.450698 1.65392 0.323949
-1 1418377497.801184 0.360443 0.350499 0.310848 0.248617 0.858277 0.871316
-1 1418377497.948624 0.410885 0.0 0.168096 0.0 1.999356 0.421663
-1 1418377498.035285 0.413282 0.300736 0.68412 0.254358 0.497435 0.850069
-1 1418377498.197997 0.551892 0.517132 0.465164 0.158176 1.09773 0.209906
-1 1418377498.377847 0.294159 0.098053 0.463431 0.744002 1.031054 0.369301
-1 1418377498.566564 0.272509 0.081283 0.728726 0.315509 0.764067 0.837906
-1 1418377498.715773 0.656724 0.434858 0.443733 0.0 1.322323 0.142362
-1 1418377498.882871 0.70085 0.267059 0.0 0.0 1.512091 0.52
-1 1418377499.033887 0.43132 0.0 0.21566 0.0 1.291974 1.061046
-1 1418377499.216904 0.234839 0.11742 0.234839 0.464982 1.176801 0.771118
-1 1418377499.386756 0.0 0.288691 0.943208 0.153429 1.112272 0.5024
-1 1418377499.554074 0.162227 0.594899 0.337477 0.334625 0.702917 0.867855
-1 1418377499.700213 0.419743 0.303465 0.588964 1.155088 0.151732 0.381008
-1 1418377499.856836 0.280127 0.280127 0.263543 0.694714 0.683733 0.797756
-1 1418377500.038577 0.0 0.276712 0.542355 0.276712 0.830136 1.074085
-1 1418377500.168698 0.179933 0.089967 0.062588 0.469628 1.304934 0.892949
-1 1418377500.365502 0.209671 0.542599 0.209671 0.209671 1.062231 0.766156
-1 1418377500.579726 1.124002 0.101303 0.101303 0.202607 0.620743 0.850042
-1 1418377500.753017 0.295941 0.733935 0.250911 0.0 1.233346 0.485867
-1 1418377500.916084 0.911805 0.400996 0.0 0.238979 1.15256 0.295659
-1 1418377501.056480 0.123061 0.246121 0.903015 0.533125 0.123061 1.071616
-1 1418377501.210150 0.16639 0.33278 0.645859 0.626158 0.473601 0.755213
-1 1418377501.381952 0.0 0.0 0.105483 0.436921 1.371213 1.086383
-1 1418377501.540852 0.573579 0.50706 0.330396 0.400648 0.874731 0.313586
-1 1418377501.717872 0.56905 0.385659 0.639537 0.3008 0.808164 0.296789
-1 1418377501.863715 0.0 0.503433 0.598152 0.143219 0.85611 0.899085
-1 1418377502.015883 0.10893 0.204962 0.511499 0.217859 1.010549 0.9462
-1 1418377502.202070 0.149155 0.545265 0.350003 0.224995 0.678155 1.052426
-1 1418377502.365286 0.176202 0.176202 0.528605 0.176202 1.143313 0.799477
-1 1418377502.533798 0.470229 0.839184 0.129841 0.129841 1.041383 0.389522
-1 1418377502.688453 0.488765 0.358341 0.17917 0.17917 0.530344 1.264209
-1 1418377502.849628 0.0 0.188348 0.906857 0.301955 1.070988 0.531852
-1 1418377503.030375 0.726767 0.321504 0.431492 0.173989 0.797581 0.548668
-1 1418377503.159498 0.258133 0.615174 0.258133 0.129066 1.305452 0.434042
-1 1418377503.342618 0.137271 0.077446 0.403653 0.384131 0.897469 1.100031
-1 1418377503.520591 0.488743 0.264942 0.48547 0.088314 0.76128 0.911251
-1 1418377503.676097 0.402592 0.605922 0.530061 0.0 0.643372 0.818053
-1 1418377503.835499 0.810916 0.415072 0.222682 0.222682 0.62001 0.708637
-1 1418377503.998619 0.29955 0.29955 0.204019 0.1997 1.429398 0.567781
-1 1418377504.019696 0.604349 0.397943 0.587063 0.08023 0.459546 0.870869
-1 1418377504.210671 0.322413 0.0 0.535828 0.210526 1.385047 0.546186
-1 1418377504.353049 0.481788 0.600992 0.107757 0.107757 1.421414 0.280292
-1 1418377504.529881 0.337472 0.463315 0.613885 0.380382 0.839576 0.365369
-1 1418377504.674004 0.687637 0.0 0.546774 0.140863 0.807495 0.817231
-1 1418377504.818293 0.674097 0.815927 0.337048 0.0 0.505573 0.667356
-1 1418377504.967889 0.292199 0.468136 0.280667 0.576607 1.090192 0.292199
-1 1418377505.042805 0.479212 0.319475 0.707805 0.430601 0.620037 0.442869
-1 1418377505.376472 0.444789 0.444789 0.444789 0.222395 1.02478 0.418458
-1 1418377505.918749 0.252361 0.386481 0.654721 0.386481 0.386481 0.933476
-1 1418377506.024015 0.681632 0.661456 0.170408 0.0 0.491048 0.995456
-1 1418377507.029465 0.460622 0.579229 0.153541 0.460622 0.731826 0.614162
-1 1418377508.031062 0.594128 0.0 0.493942 0.738419 0.924046 0.249466
-1 1418377508.715859 0.566754 0.316079 0.300695 0.24429 0.760602 0.811581
-1 1418377509.025762 0.148384 0.148384 0.148384 0.189307 1.920389 0.445152
-1 1418377510.031403 0.461538 0.230769 0.461538 0.461538 0.692308 0.692308
-1 1418377511.034420 0.0 1.0 0.0 0.0 1.0 1.0
