-1 1418364788.839207 1.0 1.0 2.0 3.96
-1 1418364789.020742 2.96 0.0 0.0 1.0
-1 1418364789.437439 0.0 0.0 0.0 1.0
-1 1418364790.022938 0.0 0.0 0.0 0.0
-1 1418364790.512026 2.0 1.0 1.0 2.0
-1 1418364790.663363 0.0 0.0 0.0 0.0
-1 1418364790.771275 0.0 0.0 0.0 0.0
-1 1418364790.868688 2.0 3.695683 4.0 1.0
-1 1418364790.969168 2.0 1.0 2.0 1.772483
-1 1418364791.024602 9.686336 1.0 5.0 5.0
-1 1418364791.118379 2.0 1.0 1.0 1.0
-1 1418364791.234330 0.0 0.0 0.0 0.8816
-1 1418364791.348751 2.96 2.0 1.8816 2.0
-1 1418364791.474645 0.0 0.0 0.0 0.0
-1 1418364791.575722 0.0 0.0 4.96 0.0
-1 1418364791.687862 0.0 0.0 2.0 1.0
-1 1418364791.772116 1.0 4.0 1.0 2.0
-1 1418364791.897917 1.0 2.0 1.0 2.0
-1 1418364792.010085 0.0 6.8016 0.8816 0.0
-1 1418364792.109980 0.0 2.0 1.0 1.0
-1 1418364792.215565 0.0 1.0 2.96 0.0
-1 1418364792.317424 1.0 0.0 0.0 0.0
-1 1418364792.449708 0.0 1.96 0.0 0.0
-1 1418364792.558764 1.0 0.0 1.0 0.0
-1 1418364792.668209 0.0 1.96 1.96 1.0
-1 1418364792.827702 0.0 1.0 0.0 1.0
-1 1418364792.929245 1.0 3.8816 0.0 0.0
-1 1418364793.045111 0.0 0.0 1.508463 0.0
-1 1418364793.195371 1.0 2.0 2.0 1.0
-1 1418364793.305452 0.0 1.0 2.0 2.0
-1 1418364793.450889 3.0 3.0 4.0 2.0
-1 1418364793.596122 0.0 4.0 5.0 3.8416
-1 1418364793.687142 4.6448 4.8816 7.312655 5.8816
-1 1418364793.805792 3.8816 4.577283 3.8816 2.146296
-1 1418364793.917717 4.0 0.0 3.92 4.7232
-1 1418364794.034207 3.7632 3.0 3.766336 2.8816
-1 1418364794.136850 2.8816 2.0 4.623183 3.0
-1 1418364794.246151 3.695683 1.0 3.0 4.647936
-1 1418364794.351543 1.158284 4.940003 4.68882 6.612672
-1 1418364794.480269 1.0 5.92 3.96 1.601141
-1 1418364794.579849 1.0 7.686336 8.532672 6.616085
-1 1418364794.671434 0.0 1.601141 1.0 1.0
-1 1418364794.781252 3.0 0.0 1.0 3.96
-1 1418364794.879682 7.6448 1.0 5.405941 4.8416
-1 1418364795.008874 4.7632 3.8416 4.8816 3.647936
-1 1418364795.086813 2.0 2.654083 2.0 0.8816
-1 1418364795.177708 2.0 3.0 3.96 5.618819
-1 1418364795.307521 4.0 1.0 3.7632 2.601141
-1 1418364795.427084 0.0 7.6832 4.743955 11.470291
-1 1418364795.521171 3.8416 3.96 8.498819 3.96
-1 1418364795.636079 3.772483 2.0 3.8816 3.0
-1 1418364795.734745 5.895517 2.0 4.96 1.8816
-1 1418364795.841084 2.846336 2.0 1.8816 7.51512
-1 1418364795.943950 3.0 3.0 4.0 2.8816
-1 1418364796.023455 1.0 1.0 2.0 1.695683
-1 1418364796.143628 1.0 4.188167 2.47672 2.0
-1 1418364796.249375 0.0 2.0 0.0 0.0
-1 1418364796.361981 3.0 1.0 6.8816 1.0
-1 1418364796.477966 1.0 2.0 3.96 1.8816
-1 1418364796.609502 1.0 0.0 2.0 1.0
-1 1418364796.720005 3.0 1.0 2.96 3.695683
-1 1418364796.827315 0.0 3.343619 3.655683 0.0
-1 1418364796.938680 1.8816 7.567936 9.17766 2.766336
-1 1418364797.035616 3.587855 1.0 1.0 2.96
-1 1418364797.178641 0.8816 2.0 2.511055 2.8816
-1 1418364797.289318 1.8816 0.0 3.7632 0.8816
-1 1418364797.389083 1.0 2.0 3.8816 1.0
-1 1418364797.515042 3.482741 2.0 4.96 2.0
-1 1418364797.617478 3.0 3.0 5.727936 3.0
-1 1418364797.776624 2.0 3.8816 6.7632 4.766336
-1 1418364797.874379 3.0 2.0 2.0 8.647936
-1 1418364798.004172 0.0 3.96 3.8816 3.96
-1 1418364798.116128 2.96 3.0 1.772483 4.661583
-1 1418364798.261440 2.8816 1.0 2.0 1.0
-1 1418364798.363744 5.0 0.0 2.667855 4.618819
-1 1418364798.486346 4.654083 5.600481 5.500419 6.0
-1 1418364798.598870 7.51512 3.96 8.532672 7.7232
-1 1418364798.700631 3.846336 2.0 4.893669 4.96
-1 1418364798.799948 2.96 4.469378 5.766336 5.732483
-1 1418364798.913228 8.044204 5.7632 10.086367 4.577283
-1 1418364799.042535 3.0 15.306335 6.498819 2.8816
-1 1418364799.147927 7.780438 3.0 4.8416 6.458883
-1 1418364799.267711 1.0 3.667855 3.766336 4.8816
-1 1418364799.412355 3.732483 9.237391 6.612672 4.766336
-1 1418364799.586133 4.7632 1.0 11.382019 2.655683
-1 1418364799.703876 3.8816 1.96 5.8416 2.8416
-1 1418364799.822922 2.0 0.8816 4.332213 1.0
-1 1418364799.952572 3.96 2.0 10.983285 7.612672
-1 1418364800.059005 2.96 0.0 2.0 2.96
-1 1418364800.223534 2.0 1.8816 1.0 1.8816
-1 1418364800.317050 1.0 5.511055 2.601141 4.8816
-1 1418364800.443663 2.0 3.96 5.410613 3.0
-1 1418364800.594502 2.0 3.0 3.8816 3.8816
-1 1418364800.728327 3.0 1.0 4.174305 2.96
-1 1418364800.839459 1.0 4.422441 4.0 5.96
-1 1418364800.946114 2.134475 1.0 6.8016 2.0
-1 1418364801.072916 2.0 0.8816 3.0 4.39672
-1 1418364801.174342 12.482452 0.8816 7.382019 4.647936
-1 1418364801.279884 0.0 4.92 4.8016 10.535683
-1 1418364801.419594 1.0 1.0 1.384041 4.0
-1 1418364801.534023 4.741583 1.0 2.0 2.0
-1 1418364801.654701 2.8816 3.0 2.695683 2.96
-1 1418364801.759771 0.0 1.577283 7.382019 0.695683
-1 1418364801.928733 3.741583 2.0 3.0 2.0
-1 1418364802.055277 1.0 4.772483 5.727936 3.0
-1 1418364802.153100 1.0 2.468165 2.434066 5.364341
-1 1418364802.322835 1.0 6.806336 4.63192 4.92
-1 1418364802.437131 1.0 3.695683 5.318866 3.8816
-1 1418364802.550888 4.92 1.695683 4.332213 6.92
-1 1418364802.646763 2.0 2.8816 2.667855 4.695683
-1 1418364802.771599 5.532672 0.8816 3.647936 2.766336
-1 1418364802.942036 2.587855 0.0 2.0 2.601141
-1 1418364803.044639 3.96 3.0 4.732483 1.8816
-1 1418364803.160694 2.0 5.96 11.709496 7.675862
-1 1418364803.292124 1.0 1.0 2.772483 1.8816
-1 1418364803.399796 2.0 4.0 5.846336 3.0
-1 1418364803.515504 1.0 2.0 3.0 2.0
-1 1418364803.632510 1.96 2.511055 5.917291 4.0
-1 1418364803.769839 1.0 4.655683 5.577283 2.695683
-1 1418364803.877974 2.96 2.8816 4.392655 3.8816
-1 1418364803.965174 7.426695 1.0 7.652672 3.846336
-1 1418364804.053788 1.944102 1.0 2.8416 6.457283
-1 1418364804.193876 1.0 0.0 3.96 1.224757
-1 1418364804.300096 3.0 2.468165 3.428165 4.283538
-1 1418364804.430684 5.0 1.0 5.511055 3.0
-1 1418364804.559172 3.0 5.7232 8.178424 3.7632
-1 1418364804.670423 1.0 3.7632 8.6448 3.8816
-1 1418364804.792751 0.8816 2.277935 12.139494 1.587855
-1 1418364804.892706 1.0 2.462019 5.391663 6.543183
-1 1418364805.006825 3.846336 1.96 4.96 5.577283
-1 1418364805.100437 3.0 1.0 4.8416 1.0
-1 1418364805.189896 0.0 2.96 3.96 2.96
-1 1418364805.337255 1.0 0.0 2.96 4.239272
-1 1418364805.430782 3.0 5.0 3.0 3.96
-1 1418364805.631424 0.450613 4.400117 7.638611 2.667855
-1 1418364805.759994 0.0 2.0 4.7632 0.0
-1 1418364805.864890 2.7632 1.0 6.690646 5.8816
-1 1418364805.997028 1.0 1.96 0.0 2.0
-1 1418364806.042934 3.0 2.0 8.621583 2.0
-1 1418364806.151031 0.0 2.0 1.0 1.0
-1 1418364806.284917 3.846336 0.8816 2.7632 0.8816
-1 1418364806.382690 5.0 1.0 4.8416 3.0
-1 1418364806.503026 2.615683 5.7632 8.8416 2.8816
-1 1418364806.612881 3.0 2.0 6.497283 5.0
-1 1418364806.727903 5.96 11.938911 8.469455 6.469455
-1 1418364806.904795 1.0 5.92 1.0 5.92
-1 1418364807.032261 0.0 3.0 3.0 2.0
-1 1418364807.141907 2.0 7.92 5.806336 7.92
-1 1418364807.255864 2.8816 0.772483 1.577283 6.654083
-1 1418364807.399257 0.772483 4.8816 5.806336 5.96
-1 1418364807.575706 3.8816 3.766336 6.726336 6.647936
-1 1418364807.700478 3.7232 3.482741 5.35832 2.8416
-1 1418364807.797515 2.0 2.0 5.216949 5.820754
-1 1418364807.912590 1.0 1.0 4.0 5.0
-1 1418364808.049588 3.0 3.96 5.298485 2.0
-1 1418364808.227222 5.92 6.758477 8.758477 6.480792
-1 1418364808.395847 3.8816 6.986296 7.501847 5.216824
-1 1418364808.540339 3.793366 2.0 3.7232 2.0
-1 1418364808.665669 1.0 1.0 1.0 3.655683
-1 1418364808.775853 4.0 1.695683 4.363538 2.0
-1 1418364808.917869 1.96 10.312655 4.974912 6.618819
-1 1418364809.015427 5.122061 1.0 3.0 4.535683
-1 1418364809.109484 2.0 2.0 2.8816 2.8816
-1 1418364809.219000 0.0 0.8816 3.524341 2.0
-1 1418364809.323959 3.0 0.0 1.0 1.0
-1 1418364809.451198 0.0 2.0 4.692672 1.0
-1 1418364809.601450 1.450613 1.0 1.0 2.7632
-1 1418364809.706821 2.0 8.489536 9.7232 4.7632
-1 1418364809.842361 1.96 7.872693 4.8816 3.8816
-1 1418364809.947658 1.0 3.0 4.96 2.0
-1 1418364810.063247 5.92 1.0 3.92 0.0
-1 1418364810.199917 7.7616 1.0 2.0 4.96
-1 1418364810.388705 0.0 1.0 3.0 3.0
-1 1418364810.469559 1.0 0.0 1.0 4.8016
-1 1418364810.656845 1.0 9.607936 9.494272 11.351055
-1 1418364810.777627 1.0 6.830204 6.542019 2.0
-1 1418364810.862297 3.8816 4.615683 1.695683 6.742863
-1 1418364810.983838 3.0 5.224324 3.96 15.618523
-1 1418364811.084790 2.96 5.51352 9.39512 7.103221
-1 1418364811.186997 0.0 2.0 8.687936 1.0
-1 1418364811.353188 4.0 4.0 5.0 5.526643
-1 1418364811.461782 1.0 1.96 2.96 3.92
-1 1418364811.623913 1.0 1.0 2.7632 5.6448
-1 1418364811.724222 4.92 11.425155 9.692483 8.578819
-1 1418364811.840415 4.8416 3.726336 7.686336 4.202061
-1 1418364811.965137 8.416376 1.8816 1.0 3.0
-1 1418364812.024324 2.0 4.8416 6.474066 4.583565
-1 1418364812.147900 2.0 5.846336 9.521385 5.766336
-1 1418364812.278700 3.0 2.96 4.732483 5.8416
-1 1418364812.417641 1.0 4.7632 7.8416 3.7632
-1 1418364812.612749 4.96 2.0 3.92 1.0
-1 1418364812.710307 0.0 4.695683 7.615683 4.0
-1 1418364812.877948 2.0 2.0 5.0 3.772483
-1 1418364813.035969 1.0 2.0 3.695683 1.695683
-1 1418364813.169444 2.0 1.0 3.0 1.0
-1 1418364813.293003 1.695683 2.96 1.0 1.0
-1 1418364813.428629 0.0 0.0 1.0 8.498727
-1 1418364813.542910 2.96 0.8816 11.043602 2.67192
-1 1418364813.647924 0.0 2.0 0.8816 4.405941
-1 1418364813.774799 1.695683 2.96 1.0 1.8816
-1 1418364813.882655 0.8816 1.0 2.96 6.018987
-1 1418364813.984725 1.0 3.0 3.0 3.497095
-1 1418364814.121469 0.0 4.8816 4.8416 2.846336
-1 1418364814.226618 0.0 3.0 4.846336 3.0
-1 1418364814.343835 2.0 6.88 4.8416 3.92
-1 1418364814.470474 0.0 5.695269 5.238812 0.8816
-1 1418364814.622402 0.0 2.96 2.0 2.96
-1 1418364814.755303 4.766336 3.0 3.0 2.158284
-1 1418364814.905983 4.0 5.96 6.96 6.8016
-1 1418364815.025111 2.0 3.96 3.8816 3.96
-1 1418364815.167074 1.0 3.0 4.67192 3.92
-1 1418364815.297333 0.0 4.772483 4.0 2.96
-1 1418364815.412612 0.0 2.0 5.444402 0.0
-1 1418364815.538222 5.607936 2.458883 4.469455 1.8816
-1 1418364815.665570 4.96 0.0 3.766336 2.647936
-1 1418364815.770838 1.8816 9.877407 7.586454 5.956999
-1 1418364815.941335 3.0 1.0 6.692483 1.0
-1 1418364816.070743 2.96 2.8416 5.615683 5.095665
-1 1418364816.178919 3.0 2.0 3.0 1.0
-1 1418364816.313073 1.0 1.8816 6.532672 1.0
-1 1418364816.426603 0.0 1.0 1.0 1.0
-1 1418364816.540941 0.0 5.7232 4.614083 2.8416
-1 1418364816.705786 1.8816 2.741583 3.0 3.96
-1 1418364816.824955 0.0 0.0 0.0 0.450613
-1 1418364816.974553 3.0 1.0 3.0 0.8816
-1 1418364817.047640 2.0 3.0 2.0 2.0
-1 1418364817.180408 1.0 1.0 2.0 4.0
-1 1418364817.335222 1.0 1.0 2.96 7.8816
-1 1418364817.456168 3.0 4.0 5.8816 6.8416
-1 1418364817.540004 2.772483 0.0 8.654083 4.575683
-1 1418364817.635378 2.0 6.531749 7.288365 9.38232
-1 1418364817.771378 0.0 2.96 1.0 3.0
-1 1418364817.896261 0.0 4.615683 3.772483 4.772483
-1 1418364818.044278 0.0 5.542019 5.437266 4.157389
-1 1418364818.156727 1.766336 10.84 10.6832 7.7232
-1 1418364818.308075 1.0 6.88 3.0 7.88
-1 1418364818.431761 3.048342 2.0 1.0 2.0
-1 1418364818.538264 2.0 6.575683 6.47352 3.8816
-1 1418364818.647510 1.0 2.579241 2.8816 4.96
-1 1418364818.779784 0.772483 3.460841 3.417526 4.480238
-1 1418364818.916444 1.0 2.695683 2.96 2.0
-1 1418364819.089360 2.0 2.0 3.661583 2.0
-1 1418364819.207750 3.280997 0.0 3.8416 4.458883
-1 1418364819.354895 5.846336 10.84 6.88 5.8416
-1 1418364819.495932 2.0 2.0 7.607936 1.0
-1 1418364819.612308 1.0 9.7632 10.241632 13.492492
-1 1418364819.745870 2.766336 4.236145 4.236145 5.392945
-1 1418364819.872742 4.272965 3.96 5.8816 7.96
-1 1418364819.977914 1.0 5.92 4.8816 6.7232
-1 1418364820.114817 0.0 1.0 2.0 3.8416
-1 1418364820.247490 4.727936 1.96 5.348417 2.0
-1 1418364820.338912 1.0 0.0 2.0 6.429455
-1 1418364820.449602 4.8416 4.741583 7.007333 2.0
-1 1418364820.558946 1.0 3.92 1.96 6.914726
-1 1418364820.684538 1.0 1.0 2.695683 3.0
-1 1418364820.805226 3.0 1.0 4.741583 2.0
-1 1418364820.928158 4.0 4.766336 3.450613 5.0
-1 1418364821.041439 2.0 1.96 1.96 2.96
-1 1418364821.159933 5.766336 5.370613 9.923901 4.846336
-1 1418364821.308766 8.574464 1.207292 3.050492 7.003661
-1 1418364821.416891 1.0 2.7632 4.7632 0.0
-1 1418364821.534416 1.0 2.0 4.732483 3.7632
-1 1418364821.659923 3.0 2.8816 3.846336 1.0
-1 1418364821.757794 9.647936 0.0 1.67192 3.0
-1 1418364821.944517 2.8816 6.497283 5.766336 17.312341
-1 1418364822.046645 4.8416 6.440965 3.8416 7.463183
-1 1418364822.187699 0.0 3.0 4.0 2.0
-1 1418364822.342690 1.8816 2.96 2.216818 2.0
-1 1418364822.449433 3.0 4.511055 2.96 3.8416
-1 1418364822.569038 0.0 2.96 4.96 5.139196
-1 1418364822.732718 3.0 1.0 8.312655 2.8816
-1 1418364822.831188 2.571315 3.0 4.96 3.96
-1 1418364822.954521 2.0 3.766336 6.054239 9.684091
-1 1418364823.037420 3.0 0.0 2.846336 6.7632
-1 1418364823.179576 2.8816 1.0 3.8816 1.0
-1 1418364823.290640 6.494272 9.315791 5.549455 9.974239
-1 1418364823.416524 1.0 7.8816 4.0 3.0
-1 1418364823.513180 4.0 4.0 4.392655 4.615683
-1 1418364823.659665 0.0 1.8816 4.67192 2.7632
-1 1418364823.783181 4.92 1.0 5.96 3.59512
-1 1418364823.882687 3.0 3.8816 1.0 7.615683
-1 1418364824.042471 3.0 3.497283 6.312655 5.497283
-1 1418364824.197854 1.0 1.7632 2.7632 5.225219
-1 1418364824.319127 5.0 3.0 5.0 3.0
-1 1418364824.430034 2.8816 2.695683 4.726336 3.695683
-1 1418364824.547583 2.59512 1.0 2.96 2.96
-1 1418364824.646467 2.8816 2.846336 2.0 2.96
-1 1418364824.795503 1.8816 1.0 5.92 2.0
-1 1418364824.948361 7.414272 3.35782 2.0 2.0
-1 1418364825.033287 4.532672 1.0 3.0 4.0
-1 1418364825.194770 0.0 2.96 3.571315 1.846336
-1 1418364825.322924 0.8816 6.178911 5.741583 3.96
-1 1418364825.445189 2.8816 3.0 1.0 3.0
-1 1418364825.561156 4.497283 4.391301 5.203538 1.772483
-1 1418364825.692843 5.434191 1.0 4.8816 2.96
-1 1418364825.790483 4.0 2.0 4.537283 1.0
-1 1418364825.908209 1.0 2.8816 4.55352 1.846336
-1 1418364826.065501 3.0 3.96 4.732483 8.575683
-1 1418364826.244732 3.8416 2.96 5.88 1.0
-1 1418364826.350570 1.0 0.8816 4.8816 1.0
-1 1418364826.469872 3.8816 0.695683 0.0 2.0
-1 1418364826.632048 4.654083 1.0 2.0 9.448493
-1 1418364826.749507 4.8016 2.0 3.565043 6.614083
-1 1418364826.907027 5.772483 2.0 4.92 6.647936
-1 1418364827.030526 0.0 1.0 1.577283 0.0
-1 1418364827.154402 8.771597 8.6048 6.7632 11.800832
-1 1418364827.283138 4.587855 1.0 2.0 5.618819
-1 1418364827.389144 0.0 5.0 7.99307 2.0
-1 1418364827.505571 3.0 3.0 4.92 1.8816
-1 1418364827.636898 2.846336 7.7632 5.687936 6.420419
-1 1418364827.805477 3.0 3.0 4.587855 4.0
-1 1418364827.904650 3.0 1.0 2.0 4.587855
-1 1418364828.037700 3.0 2.0 5.846336 2.0
-1 1418364828.232606 9.497341 0.0 2.0 4.726336
-1 1418364828.361228 3.0 2.0 2.8816 3.96
-1 1418364828.488346 0.0 4.8816 6.469455 2.96
-1 1418364828.640961 3.96 3.7232 9.6832 3.96
-1 1418364828.759399 2.0 2.0 4.96 4.846336
-1 1418364828.879008 2.0 2.846336 2.0 8.615683
-1 1418364828.998322 1.846336 1.0 3.772483 3.0
-1 1418364829.008116 1.0 2.96 6.8016 7.497283
-1 1418364829.204370 5.806336 3.911449 4.628262 10.095016
-1 1418364829.315689 5.8016 4.045261 2.7632 6.8816
-1 1418364829.422673 4.806336 4.155344 3.7632 6.727936
-1 1418364829.537570 3.0 2.0 5.106175 5.7632
-1 1418364829.641775 1.0 0.8816 2.8816 1.8816
-1 1418364829.777020 2.0 2.96 9.888945 6.498819
-1 1418364829.888448 3.460841 3.96 2.96 4.92
-1 1418364830.002962 2.0 3.92 2.96 2.96
-1 1418364830.146108 8.048499 3.772483 4.772483 3.8416
-1 1418364830.256482 1.0 3.298485 3.96 5.575683
-1 1418364830.386600 6.293813 2.96 4.96 10.438256
-1 1418364830.524550 6.647936 3.500419 2.647936 4.654083
-1 1418364830.653280 0.8816 2.0 3.0 5.339723
-1 1418364830.772355 7.6048 1.96 2.655683 2.96
-1 1418364830.908348 3.0 2.0 5.428165 0.0
-1 1418364831.056221 1.0 4.370613 3.67192 6.003661
-1 1418364831.159784 2.0 0.0 0.0 2.96
-1 1418364831.264997 2.766336 0.0 3.8816 4.8416
-1 1418364831.373111 1.450613 4.846336 3.0 2.0
-1 1418364831.496948 1.0 13.799839 10.401456 7.692672
-1 1418364831.621132 2.0 4.0 6.011346 5.8816
-1 1418364831.745647 1.0 4.7232 2.7632 3.727936
-1 1418364831.853804 3.8816 0.8816 0.8816 0.8816
-1 1418364832.023037 5.0 2.0 6.8416 5.010336
-1 1418364832.114276 2.0 4.0 3.654083 3.0
-1 1418364832.265353 2.544965 2.96 2.667855 2.96
-1 1418364832.391272 2.96 1.59512 2.0 3.0
-1 1418364832.509450 1.0 6.8416 8.355612 5.92
-1 1418364832.632237 4.8016 2.0 3.732483 10.853002
-1 1418364832.771274 2.0 4.92 1.96 8.260483
-1 1418364832.884171 2.8816 3.0 4.8816 3.8816
-1 1418364833.002231 6.0 3.0 5.766336 3.846336
-1 1418364833.148642 2.661583 2.0 4.7632 7.303619
-1 1418364833.266091 3.7632 3.0 4.8816 10.634649
-1 1418364833.366124 3.370613 1.0 1.0 0.0
-1 1418364833.483070 5.200997 29.304313 21.319518 15.288314
-1 1418364833.673872 5.39672 1.0 7.607936 2.8816
-1 1418364833.798751 2.8816 0.0 0.0 1.0
-1 1418364833.901291 1.0 0.0 6.385679 2.0
-1 1418364834.017640 1.571315 1.0 2.8816 3.846336
-1 1418364834.134458 1.96 5.96 6.507919 12.018424
-1 1418364834.264536 6.831766 3.8816 5.6448 4.8816
-1 1418364834.389420 5.92 4.0 2.8816 6.96
-1 1418364834.488565 3.654083 3.0 2.0 4.330613
-1 1418364834.603287 3.555143 1.0 2.96 3.7632
-1 1418364834.707718 4.8816 0.772483 6.615683 4.0
-1 1418364834.830555 7.647936 3.0 6.8416 10.8016
-1 1418364834.957776 3.96 28.03348 7.933219 14.203258
-1 1418364835.068595 3.695683 1.0 3.96 2.7632
-1 1418364835.222433 2.8816 2.0 2.96 1.0
-1 1418364835.355747 4.92 7.00237 2.772483 9.474066
-1 1418364835.473763 4.0 1.0 2.0 2.0
-1 1418364835.601701 4.92 0.0 2.8416 2.8816
-1 1418364835.748349 2.0 4.262923 1.985239 2.985239
-1 1418364835.853131 2.0 4.0 2.0 7.970371
-1 1418364835.993058 3.96 0.8816 1.96 7.7232
-1 1418364836.078206 2.647987 2.0 3.695683 3.96
-1 1418364836.230665 1.0 3.766336 1.0 2.766336
-1 1418364836.372028 0.224757 5.96 3.741583 6.537283
-1 1418364836.477278 5.686336 10.42232 4.728112 4.925797
-1 1418364836.618664 0.0 0.0 0.0 3.96
-1 1418364836.749175 2.0 3.8816 9.582759 9.719489
-1 1418364836.873890 4.0 1.8816 3.0 10.542407
-1 1418364836.987457 2.0 1.8816 1.0 3.623183
-1 1418364837.054584 4.010469 2.8816 2.96 2.0
-1 1418364837.178245 1.0 1.0 2.846336 6.277391
-1 1418364837.267205 0.0 3.0 11.801668 2.655683
-1 1418364837.395778 4.577283 1.766336 3.766336 2.772483
-1 1418364837.507795 4.96 2.0 1.0 2.0
-1 1418364837.643393 0.0 7.8416 7.96 5.727936
-1 1418364837.768590 3.8416 3.7632 4.0 8.7232
-1 1418364837.880938 5.8416 1.695683 2.96 3.0
-1 1418364838.000897 3.96 4.448959 5.92 7.785128
-1 1418364838.077338 5.806336 1.0 2.0 4.0
-1 1418364838.211858 5.846336 1.0 3.901226 3.8416
-1 1418364838.355959 3.0 8.881668 5.497283 15.025412
-1 1418364838.497569 6.8416 2.0 1.357935 2.8816
-1 1418364838.613074 2.0 6.806336 5.727936 9.686336
-1 1418364838.738324 2.0 2.0 2.0 5.0
-1 1418364838.861510 0.0 7.992196 7.990136 6.8416
-1 1418364838.989582 6.615683 2.0 1.741583 4.164951
-1 1418364839.049933 2.0 0.8816 1.0 4.0
-1 1418364839.179861 6.7232 3.772483 3.0 4.766336
-1 1418364839.309650 5.8816 0.0 2.0 6.511055
-1 1418364839.421323 4.96 0.8816 4.0 4.166134
-1 1418364839.571903 4.577283 4.96 6.8416 5.92
-1 1418364839.709746 0.0 0.0 0.0 3.0
-1 1418364839.830087 3.0 3.0 6.132068 1.8816
-1 1418364839.958021 4.0 0.0 1.0 7.615683
-1 1418364840.035324 1.789029 0.0 0.0 5.721902
-1 1418364840.159508 3.766336 2.0 1.0 10.524225
-1 1418364840.290287 1.8816 4.283538 3.468165 4.0
-1 1418364840.414780 3.828476 4.504783 4.239535 6.509455
-1 1418364840.545642 5.0 1.0 2.0 5.0
-1 1418364840.663474 1.654083 4.647936 1.0 3.726336
-1 1418364840.780511 3.0 0.0 5.92 1.0
-1 1418364840.920425 2.0 4.692672 6.384453 1.0
-1 1418364841.031350 3.96 4.791196 8.557532 7.302251
-1 1418364841.146312 0.0 2.0 2.0 0.0
-1 1418364841.292228 5.209569 5.0 3.0 6.8416
-1 1418364841.431522 1.0 1.0 3.96 1.0
-1 1418364841.568875 7.467919 3.0 4.8416 5.846336
-1 1418364841.677623 4.0 0.0 2.0 6.7232
-1 1418364841.797558 0.0 0.601141 3.469455 0.0
-1 1418364841.914049 1.0 1.0 2.587855 1.0
-1 1418364842.039876 4.96 2.0 2.0 1.0
-1 1418364842.150609 9.152965 1.0 5.352589 1.0
-1 1418364842.263646 2.96 0.8816 0.8816 2.0
-1 1418364842.377176 1.0 2.0 6.633241 5.612672
-1 1418364842.487185 1.0 1.8816 1.0 7.539692
-1 1418364842.611440 3.96 0.8816 0.0 4.96
-1 1418364842.733434 0.0 1.8816 5.654083 1.8816
-1 1418364842.845553 3.96 3.0 6.8416 2.96
-1 1418364842.964414 4.92 3.96 3.96 4.0
-1 1418364843.044860 3.701583 0.8816 2.772483 5.8816
-1 1418364843.161583 0.0 1.0 3.8416 0.0
-1 1418364843.274479 3.0 3.0 5.8416 5.92
-1 1418364843.440900 3.8816 2.0 4.0 2.0
-1 1418364843.561840 1.0 2.8816 2.0 8.374515
-1 1418364843.678964 4.429737 1.0 2.502441 7.861226
-1 1418364843.831752 5.0 0.0 3.8816 6.0
-1 1418364843.960053 1.0 1.0 1.0 3.0
-1 1418364844.050451 0.8816 9.529536 9.529536 6.917178
-1 1418364844.168943 0.0 3.96 8.901867 9.88268
-1 1418364844.301462 3.8816 1.0 3.8416 8.51512
-1 1418364844.412492 0.0 0.0 1.59512 1.0
-1 1418364844.539199 2.0 1.0 2.0 1.0
-1 1418364844.661885 5.212705 6.562091 5.683502 6.382074
-1 1418364844.781419 2.0 2.0 1.0 1.0
-1 1418364844.903935 4.92 1.0 1.0 3.388165
-1 1418364845.039104 2.0 2.0 2.766336 0.0
-1 1418364845.168678 2.0 1.0 1.8816 2.96
-1 1418364845.258642 3.0 4.0 4.8816 1.0
-1 1418364845.416470 1.0 2.8816 3.8416 8.873796
-1 1418364845.550873 3.0 0.8816 4.882774 1.0
-1 1418364845.684533 2.0 1.8816 7.7232 2.96
-1 1418364845.832983 0.8816 2.601141 5.166184 6.65662
-1 1418364845.947235 0.0 5.566661 2.395612 2.0
-1 1418364846.031601 2.0 4.0 2.96 1.0
-1 1418364846.159661 3.0 2.0 2.8816 5.0
-1 1418364846.279222 0.0 2.0 3.0 3.766336
-1 1418364846.394027 3.413451 0.0 3.8816 1.8816
-1 1418364846.520532 4.8416 5.96 3.0 4.8416
-1 1418364846.642563 3.96 7.607936 10.669311 5.7232
-1 1418364846.773571 2.96 3.0 3.0 2.8816
-1 1418364846.899896 1.0 0.0 2.018084 1.0
-1 1418364847.033142 2.0 3.0 2.0 3.7632
-1 1418364847.166984 2.0 1.0 3.831575 3.0
-1 1418364847.305006 1.0 2.8816 2.8816 0.0
-1 1418364847.406098 6.0 7.158991 7.948321 9.893074
-1 1418364847.531999 2.0 0.0 1.346567 3.0
-1 1418364847.653860 4.076098 3.8816 5.8816 11.338883
-1 1418364847.786960 2.8816 3.0 8.106296 5.59512
-1 1418364847.923740 0.0 2.8416 6.311055 4.96
-1 1418364848.026838 4.839293 6.0 13.68665 5.247017
-1 1418364848.165454 2.0 2.0 2.845532 3.8416
-1 1418364848.272304 1.275789 1.0 2.0 3.655683
-1 1418364848.391072 2.0 1.8816 8.467919 6.7632
-1 1418364848.530661 3.96 6.8816 6.7232 9.7616
-1 1418364848.658074 5.511055 0.0 1.8816 2.8816
-1 1418364848.781921 1.0 3.353744 5.726336 6.8016
-1 1418364848.913394 1.0 0.0 2.8816 2.0
-1 1418364849.036667 2.0 3.655683 1.8816 2.96
-1 1418364849.131818 0.0 1.0 1.0 1.96
-1 1418364849.273772 3.732483 3.8416 5.7632 4.8416
-1 1418364849.394115 5.7632 0.0 1.0 2.0
-1 1418364849.498794 0.0 3.96 3.8416 4.806336
-1 1418364849.615239 3.577283 1.0 5.8016 5.96
-1 1418364849.723794 5.726336 7.520668 2.071952 6.567936
-1 1418364849.846918 0.0 4.607936 2.96 2.618819
-1 1418364849.984673 2.8416 4.0 10.497283 7.80044
-1 1418364850.027611 3.655683 2.0 5.96 8.575683
-1 1418364850.149622 1.7632 2.0 1.695683 0.0
-1 1418364850.238526 2.0 4.462019 3.8816 7.238866
-1 1418364850.363597 1.0 1.0 1.0 2.0
-1 1418364850.513023 3.8816 2.0 5.8416 2.96
-1 1418364850.624566 0.67192 1.0 3.695683 6.695683
-1 1418364850.747543 2.8816 2.8816 5.726336 3.343507
-1 1418364850.872470 4.7632 1.0 1.0 5.0
-1 1418364851.003718 1.0 2.0 5.88 0.0
-1 1418364851.014430 7.861928 2.0 4.0 7.462019
-1 1418364851.139915 2.8816 2.772483 2.772483 3.766336
-1 1418364851.260992 1.0 1.8816 4.938975 1.7632
-1 1418364851.388228 3.0 1.0 10.020024 8.7232
-1 1418364851.527934 1.0 2.96 1.8816 5.607936
-1 1418364851.683642 4.96 2.8816 7.491136 5.6448
-1 1418364851.844664 0.0 5.0 4.0 7.8416
-1 1418364851.995467 4.96 4.462019 3.577283 4.577283
-1 1418364852.021792 0.0 3.96 9.657547 5.96
-1 1418364852.152118 3.0 2.0 1.0 5.7232
-1 1418364852.274410 4.92 3.96 6.566935 13.6048
-1 1418364852.399146 1.0 0.8816 1.0 5.342463
-1 1418364852.525757 4.7632 1.0 3.8816 6.607936
-1 1418364852.663782 3.061604 5.314189 6.92385 11.452738
-1 1418364852.777866 3.8816 3.0 5.8816 3.772483
-1 1418364852.907319 1.0 4.0 9.469455 3.846336
-1 1418364853.049389 3.695683 4.357026 6.772483 8.356408
-1 1418364853.187929 0.0 0.0 4.726336 1.0
-1 1418364853.311379 3.0 2.0 5.166546 3.772483
-1 1418364853.447158 2.96 3.96 5.654083 6.958319
-1 1418364853.560822 1.0 3.0 3.96 5.0
-1 1418364853.682557 3.468165 3.8416 3.96 3.8816
-1 1418364853.789300 1.0 4.8816 6.661583 6.0
-1 1418364853.984146 4.7632 4.92 9.177727 4.96
-1 1418364854.035267 2.0 2.0 3.0 5.8416
-1 1418364854.143450 4.0 1.0 4.92 3.732483
-1 1418364854.252015 5.538819 6.766336 6.916115 10.060732
-1 1418364854.362754 1.846336 4.7632 4.623183 2.8816
-1 1418364854.499012 3.0 4.0 4.0 7.647936
-1 1418364854.644507 1.96 2.96 5.92 5.073978
-1 1418364854.757792 0.0 3.0 5.726336 4.0
-1 1418364854.885819 2.96 2.0 3.8816 4.280997
-1 1418364854.999294 1.0 0.0 2.0 5.172402
-1 1418364855.111123 2.0 1.0 4.0 1.0
-1 1418364855.244185 2.0 7.647936 6.422441 10.669921
-1 1418364855.360707 2.970469 0.0 2.7632 10.398239
-1 1418364855.484830 5.586915 3.0 6.8416 3.8816
-1 1418364855.615259 0.0 3.434246 1.0 4.77986
-1 1418364855.783679 0.8816 5.726336 2.0 3.0
-1 1418364855.923827 3.8816 3.296949 3.846336 14.954756
-1 1418364856.009261 1.0 1.96 4.8416 7.271042
-1 1418364856.121183 2.0 1.96 2.766336 2.695683
-1 1418364856.263139 3.511345 2.647936 6.075204 5.382019
-1 1418364856.411278 1.8816 1.0 1.0 6.491116
-1 1418364856.521463 1.0 2.953054 3.96 2.0
-1 1418364856.677427 2.0 2.8816 3.8816 8.148355
-1 1418364856.825557 4.766336 7.125138 3.772483 4.829023
-1 1418364856.942620 2.0 2.8825 5.140024 8.024467
-1 1418364857.050719 7.8438 0.0 5.532672 0.8816
-1 1418364857.196036 2.7632 2.772483 2.96 8.575683
-1 1418364857.330174 2.0 2.0 1.0 4.0
-1 1418364857.453094 5.006317 1.0 4.8816 4.8416
-1 1418364857.576699 5.414272 0.0 0.8816 1.0
-1 1418364857.715119 2.0 1.0 1.0 4.92
-1 1418364857.869945 1.0 4.615683 7.457283 5.615683
-1 1418364858.018142 3.96 2.0 6.92 3.96
-1 1418364858.113864 2.8816 3.8816 3.577283 2.0
-1 1418364858.296747 1.0 4.0 3.0 5.612672
-1 1418364858.494564 3.0 2.0 3.0 3.8816
-1 1418364858.635469 1.0 4.96 3.0 4.8416
-1 1418364858.849725 3.0 1.0 6.277391 2.96
-1 1418364858.987656 3.92 4.59512 5.96 7.071093
-1 1418364859.022955 2.0 1.0 1.8816 7.607936
-1 1418364859.130987 0.0 1.96 2.8416 1.96
-1 1418364859.288634 3.0 3.732483 8.535683 3.695683
-1 1418364859.419506 4.0 6.529536 3.647936 9.616333
-1 1418364859.535716 2.0 1.695683 5.423619 4.612672
-1 1418364859.657251 4.92 1.0 1.695683 3.0
-1 1418364859.781737 2.0 2.96 3.96 3.8816
-1 1418364859.940155 1.0 3.0 3.8816 4.511055
-1 1418364860.033494 4.0 4.7632 4.334515 9.382019
-1 1418364860.154138 4.96 11.209503 6.468165 6.511055
-1 1418364860.277629 3.8416 4.0 5.846336 3.0
-1 1418364860.429173 2.96 3.0 3.806336 2.352589
-1 1418364860.616384 4.8816 1.0 2.695683 4.96
-1 1418364860.732610 2.7632 4.0 6.692483 1.96
-1 1418364860.872091 0.0 2.96 5.041157 5.51512
-1 1418364860.999075 0.0 4.96 4.96 2.0
-1 1418364861.114867 2.0 2.7632 3.0 4.7632
-1 1418364861.234049 6.766336 2.0 4.8816 11.503183
-1 1418364861.343789 1.0 2.0 6.124168 3.0
-1 1418364861.477493 0.8816 3.332213 4.497095 4.332213
-1 1418364861.593340 1.772483 2.577283 1.96 3.647936
-1 1418364861.736829 1.0 0.0 10.314191 1.0
-1 1418364861.938096 1.0 4.887825 2.363944 2.772483
-1 1418364862.034802 2.0 3.96 7.92 3.96
-1 1418364862.153022 3.094305 3.0 6.727936 8.569536
-1 1418364862.262883 2.0 1.8816 3.296365 9.773692
-1 1418364862.417923 2.292705 4.730239 11.617872 2.695683
-1 1418364862.542056 1.0 3.0 2.0 4.0
-1 1418364862.675585 6.532672 0.0 2.0 4.0
-1 1418364862.791739 4.7632 0.0 1.8816 3.8816
-1 1418364862.934345 0.8816 1.772483 4.8816 2.0
-1 1418364863.034582 2.8816 3.587855 6.0 4.497283
-1 1418364863.148194 3.0 1.0 1.0 4.615683
-1 1418364863.313331 1.0 4.0 5.806336 6.96
-1 1418364863.455810 0.772483 3.96 3.8816 3.92
-1 1418364863.581062 5.114715 0.0 1.96 1.0
-1 1418364863.702196 4.234924 1.8816 5.140024 6.405941
-1 1418364863.844613 1.0 1.8816 2.96 5.615683
-1 1418364863.988080 6.92 3.741583 4.741583 7.332179
-1 1418364864.017612 3.0 9.848462 8.516395 12.381194
-1 1418364864.186258 1.0 6.695683 7.540588 5.0
-1 1418364864.326816 1.0 2.8816 6.299081 5.7632
-1 1418364864.448507 5.0 3.0 2.96 4.0
-1 1418364864.597788 1.96 2.0 2.96 3.0
-1 1418364864.760963 1.8816 5.7232 7.543183 8.163112
-1 1418364864.900449 1.96 4.0 2.0 6.63192
-1 1418364865.017873 1.0 2.0 1.8816 0.8816
-1 1418364865.163755 1.0 0.8816 5.434066 0.0
-1 1418364865.294151 2.0 5.0 8.732483 9.201135
-1 1418364865.391408 2.0 2.0 4.772483 3.577283
-1 1418364865.518370 2.0 1.897965 3.616206 3.048271
-1 1418364865.631236 2.0 2.96 4.655683 6.655683
-1 1418364865.773712 6.360274 0.0 2.96 1.0
-1 1418364865.898389 1.0 2.766336 4.0 0.772483
-1 1418364866.072438 7.92 8.498819 5.96 7.766336
-1 1418364866.205329 1.0 1.0 2.766336 2.96
-1 1418364866.323996 3.0 1.0 4.0 3.0
-1 1418364866.461079 3.8816 1.0 4.0 7.8016
-1 1418364866.570940 4.0 0.8816 3.8416 4.8816
-1 1418364866.692119 2.0 1.96 5.92 2.0
-1 1418364866.822183 0.0 2.96 7.431055 4.96
-1 1418364866.930600 2.0 0.0 2.96 1.0
-1 1418364867.049658 3.0 0.8816 5.8416 2.0
-1 1418364867.188141 2.283538 1.8816 6.7232 2.772483
-1 1418364867.308845 2.0 4.655683 8.8416 6.311365
-1 1418364867.429689 0.0 1.0 2.0 0.0
-1 1418364867.555173 3.0 3.0 3.96 3.96
-1 1418364867.753486 3.766336 1.8816 4.301505 4.647936
-1 1418364867.900161 1.0 6.162618 1.0 4.92
-1 1418364868.022103 3.0 1.0 3.0 2.772483
-1 1418364868.125438 2.0 2.0 6.05602 8.547855
-1 1418364868.247320 0.0 9.607083 4.695683 3.0
-1 1418364868.381780 5.0 9.612861 8.575683 7.615683
-1 1418364868.536478 1.0 6.612672 5.434191 2.846336
-1 1418364868.683372 2.272965 6.883294 3.7632 5.51352
-1 1418364868.805552 1.0 5.288243 9.125138 1.96
-1 1418364868.980822 2.8816 1.0 6.525043 0.601141
-1 1418364869.034827 5.547855 2.561141 14.273898 6.726336
-1 1418364869.179645 1.695683 7.8416 9.947896 10.229765
-1 1418364869.303539 1.8816 4.96 3.96 5.766336
-1 1418364869.460341 1.0 5.529536 10.406643 3.7232
-1 1418364869.569792 2.0 1.0 3.0 4.0
-1 1418364869.711309 2.8816 3.96 5.7232 6.574272
-1 1418364869.814681 2.96 0.0 0.0 3.96
-1 1418364869.947783 3.0 4.538819 5.434191 2.618819
-1 1418364870.078481 0.0 3.695683 3.0 2.0
-1 1418364870.219344 1.0 16.987254 9.255499 7.146447
-1 1418364870.359568 2.8816 2.213072 6.446643 1.0
-1 1418364870.475798 0.0 10.732081 7.378883 13.528004
-1 1418364870.600179 4.655683 11.412038 5.718783 7.015606
-1 1418364870.765040 3.0 5.354191 4.766336 7.607936
-1 1418364870.931524 2.0 11.255902 9.602793 4.7632
-1 1418364871.086863 4.8816 1.0 13.684261 3.8816
-1 1418364871.287555 3.0 11.430637 10.192841 11.427626
-1 1418364871.433576 4.7632 5.444341 2.0 8.074628
-1 1418364871.574636 2.0 5.96 4.0 2.275789
-1 1418364871.705430 2.96 1.772483 9.834288 3.96
-1 1418364871.837875 5.96 2.571315 2.0 3.8816
-1 1418364871.957594 3.8816 0.8816 3.8816 3.8816
-1 1418364872.094300 1.0 8.419663 12.535845 1.766336
-1 1418364872.292923 2.96 3.444341 1.0 1.373624
-1 1418364872.410376 2.661583 5.0 6.8816 3.96
-1 1418364872.564692 3.615683 1.0 5.450613 4.383367
-1 1418364872.699389 8.686336 2.0 3.8416 5.806336
-1 1418364872.832840 4.0 0.0 3.0 2.96
-1 1418364872.997174 2.8416 8.344041 11.7616 2.96
-1 1418364873.058467 6.701583 2.846336 2.0 5.0
-1 1418364873.208640 1.0 2.0 2.0 1.8816
-1 1418364873.349504 1.0 1.0 2.984489 0.0
-1 1418364873.489752 2.0 0.0 1.0 2.346567
-1 1418364873.616369 1.0 4.96 6.96 2.59512
-1 1418364873.785782 0.370637 1.0 4.443233 0.8816
-1 1418364873.968049 0.0 2.0 2.0 1.0
-1 1418364874.061182 4.682294 1.0 5.489536 5.7632
-1 1418364874.201938 8.503183 6.293813 6.594716 6.135413
-1 1418364874.352949 1.0 3.96 5.0 4.695683
-1 1418364874.471621 3.0 5.96 3.846336 5.647936
-1 1418364874.612590 2.846336 3.8816 2.727936 1.0
-1 1418364874.735810 2.0 3.8816 5.832619 1.8816
-1 1418364874.874691 1.0 0.0 2.0 3.514012
-1 1418364875.008525 0.0 6.8416 2.96 3.96
-1 1418364875.138150 2.0 3.766336 3.766336 3.92
-1 1418364875.262253 4.8416 1.0 4.766336 1.0
-1 1418364875.418343 1.8816 3.766336 7.965261 1.0
-1 1418364875.552537 2.0 4.422019 4.311365 4.575683
-1 1418364875.677863 0.0 1.96 3.96 3.92
-1 1418364875.810163 6.192903 5.153978 5.92 11.146373
-1 1418364875.958129 3.109132 6.96 6.7632 5.8816
-1 1418364876.030860 1.0 2.0 8.083602 1.0
-1 1418364876.187563 3.561141 0.0 1.646689 3.766336
-1 1418364876.301786 2.0 5.8416 4.92 2.0
-1 1418364876.434387 4.561141 4.8416 5.8416 1.0
-1 1418364876.554188 4.577283 3.846336 4.740146 8.730987
-1 1418364876.688286 5.277266 3.0 3.0 3.0
-1 1418364876.797007 1.0 1.772483 4.96 2.0
-1 1418364876.919720 4.96 1.395612 5.8416 0.8816
-1 1418364877.048197 0.0 5.293813 9.021749 5.989496
-1 1418364877.165838 4.577283 2.96 1.846336 4.0
-1 1418364877.324949 3.0 2.0 5.0 5.8816
-1 1418364877.466976 0.8816 7.140024 8.835706 5.140024
-1 1418364877.592832 0.0 0.0 3.8816 3.0
-1 1418364877.730808 3.615683 2.0 3.766336 3.8816
-1 1418364877.875112 7.913648 3.96 4.029854 2.96
-1 1418364878.062130 0.0 3.96 4.8816 2.0
-1 1418364878.192097 1.0 2.0 5.726336 3.8816
-1 1418364878.336266 2.0 7.572848 8.782495 11.724677
-1 1418364878.458194 8.146817 3.0 9.646336 3.0
-1 1418364878.606231 7.172705 2.0 2.96 3.450613
-1 1418364878.715691 7.928956 1.0 3.949419 4.613346
-1 1418364878.854960 8.25108 3.122061 3.587855 5.122061
-1 1418364878.979932 2.0 2.0 2.0 4.948566
-1 1418364879.019602 3.0 1.0 1.0 2.8816
-1 1418364879.129964 0.0 2.945106 1.0 1.135767
-1 1418364879.313750 6.349765 1.0 3.695683 3.8816
-1 1418364879.449872 2.0 4.655683 6.8416 5.378695
-1 1418364879.589889 1.8816 8.8016 10.225219 8.502019
-1 1418364879.743706 7.6448 5.514066 5.654083 3.732483
-1 1418364879.864812 4.0 3.667855 3.8816 7.894607
-1 1418364879.997315 1.0 1.0 2.0 1.0
-1 1418364880.147731 9.046738 4.7232 6.549455 1.0
-1 1418364880.312285 15.042348 1.8816 4.222923 1.57646
-1 1418364880.466852 1.772483 11.371136 7.8016 8.389519
-1 1418364880.609874 2.0 8.389519 7.7232 5.178236
-1 1418364880.819532 2.0 1.0 2.0 2.0
-1 1418364880.939181 0.0 3.695683 1.8816 2.8816
-1 1418364881.091986 0.0 4.96 2.514012 2.0
-1 1418364881.230220 7.836599 2.96 4.655683 3.96
-1 1418364881.382702 4.0 3.8416 8.274255 2.8816
-1 1418364881.499749 2.0 2.96 3.357391 1.96
-1 1418364881.640012 5.024958 4.96 5.370613 4.96
-1 1418364881.811838 1.0 2.0 3.0 0.0
-1 1418364881.945611 3.478071 8.458883 7.537283 6.457283
-1 1418364882.056528 1.0 2.0 6.766336 0.0
-1 1418364882.203929 1.0 0.0 1.0 6.647936
-1 1418364882.330377 3.96 3.532672 10.180608 8.492672
-1 1418364882.448403 0.0 4.766336 3.766336 3.92
-1 1418364882.569631 3.0 9.343619 10.08237 3.846336
-1 1418364882.701225 3.450613 2.101624 1.0 2.8416
-1 1418364882.844474 0.0 1.0 1.0 1.0
-1 1418364883.037462 1.0 1.0 2.8816 3.96
-1 1418364883.483425 1.0 2.0 4.8816 0.0
-1 1418364883.995417 3.0 0.0 2.0 2.0
-1 1418364884.018681 1.0 1.0 3.96 1.0
-1 1418364884.544414 1.0 0.0 2.0 1.0
-1 1418364884.806853 1.0 1.8816 3.0 2.766336
-1 1418364885.019765 0.0 2.0 5.655683 3.766336
-1 1418364886.033702 2.0 2.0 8.912632 6.504965
-1 1418364887.022262 1.0 3.601141 4.370613 1.0
-1 1418364888.020403 2.0 3.0 3.0 2.0
-1 1418364889.016660 0.0 0.0 1.0 0.0
