-1 1418377362.054266 0.544456 0.619816 0.411143 0.0 0.57754 0.847045
-1 1418377362.480262 0.397071 0.137795 0.518552 0.0 0.948253 0.998329
-1 1418377363.028209 0.183558 0.0 0.550674 0.874899 0.840196 0.550674
-1 1418377363.611900 0.0 0.0 1.278211 0.834634 0.887154 0.0
-1 1418377364.051188 0.0 0.0 0.979456 1.5 0.520544 0.0
-1 1418377364.890442 0.75 0.75 0.0 0.75 0.75 0.0
-1 1418377365.237100 0.0 0.0 3.0 0.0 0.0 0.0
-1 1418377365.388566 0.0 0.0 1.0 0.0 1.0 1.0
-1 1418377365.581281 0.0 0.0 0.0 0.0 1.492617 1.507383
-1 1418377365.717108 0.317749 0.317749 0.881998 0.138481 0.648176 0.695846
-1 1418377365.877723 0.0 0.0 0.0 0.0 3.0 0.0
-1 1418377366.014436 0.699522 0.349761 0.593084 0.0 0.699522 0.658111
-1 1418377366.132227 0.734207 0.734207 0.256432 0.256432 0.402475 0.616248
-1 1418377366.251193 0.188131 0.564394 0.188131 0.521591 0.888583 0.649169
-1 1418377366.379240 0.103336 0.117214 0.572191 0.234428 1.161711 0.81112
-1 1418377366.503715 0.607715 0.306927 0.590272 0.720616 0.621007 0.153463
-1 1418377366.626230 0.376975 0.188488 0.520829 0.319615 0.751356 0.842738
-1 1418377366.796569 0.356261 0.5133 0.527266 0.534391 0.712521 0.356261
-1 1418377366.956934 0.107506 0.210712 0.512411 0.107506 0.933836 1.128028
-1 1418377367.034425 0.261107 0.51177 0.491299 0.783321 0.72231 0.230192
-1 1418377367.171255 0.177635 0.177635 1.001456 0.457078 0.55526 0.630936
-1 1418377367.292239 0.0 0.0 0.398411 0.199205 0.93241 1.469974
-1 1418377367.406360 0.0 0.0 0.325593 0.644674 1.385059 0.644674
-1 1418377367.547710 0.324513 0.165364 0.411858 0.811135 1.037396 0.249734
-1 1418377367.686583 0.183253 0.091626 0.657658 0.795898 0.626872 0.644693
-1 1418377367.848041 0.11954 0.11954 0.11954 0.790839 1.13109 0.719451
-1 1418377367.974309 0.31669 0.556336 0.647214 0.0 0.207163 1.272598
-1 1418377368.115073 0.243607 0.503664 0.219136 0.529134 0.830638 0.673821
-1 1418377368.257858 0.259818 0.13256 0.26512 0.455024 1.055177 0.832301
-1 1418377368.409264 0.434444 0.221655 0.438968 0.113089 0.916815 0.875029
-1 1418377368.538761 0.64604 0.112819 0.225638 0.308832 1.011758 0.694913
-1 1418377368.658898 0.0 0.549475 0.129142 0.185633 1.072453 1.063297
-1 1418377368.823219 0.307608 0.103922 0.415687 0.415687 1.14188 0.615216
-1 1418377368.970181 0.0 0.0 0.257103 0.514634 0.956483 1.27178
-1 1418377369.051725 0.378791 0.176307 0.719921 0.260934 0.779418 0.684629
-1 1418377369.188596 0.195568 0.18399 0.444147 0.765783 1.030954 0.379558
-1 1418377369.326602 0.558581 0.33068 0.111716 0.228673 0.915952 0.854398
-1 1418377369.459204 0.774244 0.634418 0.0 0.0 0.874723 0.716616
-1 1418377369.607038 0.194119 0.0 0.645723 0.071131 0.574591 1.514436
-1 1418377369.736162 1.038405 0.536378 0.515209 0.0 0.731216 0.178793
-1 1418377369.914814 0.59977 0.176253 0.0 0.591773 1.431286 0.200917
-1 1418377370.050590 0.173161 0.16291 0.342859 0.346322 0.509232 1.465517
-1 1418377370.169748 0.145326 0.145326 0.412959 0.860332 1.000078 0.435979
-1 1418377370.338709 0.248683 0.248683 0.827769 0.180133 0.616102 0.87863
-1 1418377370.502197 0.202007 0.107359 0.528206 0.532501 1.209079 0.420847
-1 1418377370.650266 0.329402 0.32501 0.109801 0.329402 0.725556 1.180829
-1 1418377370.803991 0.32756 0.280622 0.418184 0.675658 0.945767 0.352209
-1 1418377370.928715 0.525256 0.322985 0.443252 0.614344 0.150247 0.943915
-1 1418377371.064180 0.53122 0.29006 0.29006 0.170687 1.12996 0.588013
-1 1418377371.208268 0.753893 0.818778 0.189367 0.0 0.608237 0.629725
-1 1418377371.343545 0.271816 0.108248 0.923304 0.84952 0.738865 0.108248
-1 1418377371.491304 0.404801 0.213215 0.745731 0.5489 0.75889 0.328463
-1 1418377371.629923 0.62548 0.0 0.35225 0.771665 0.795953 0.454653
-1 1418377371.780807 0.150693 0.446053 0.497886 0.367813 0.657264 0.880291
-1 1418377371.903481 0.439728 0.659592 0.827392 0.219864 0.439728 0.413696
-1 1418377372.032587 1.212818 0.513558 0.0 0.256779 0.760066 0.256779
-1 1418377372.302917 1.0 0.0 1.0 1.0 0.0 0.0
-1 1418377372.421631 0.0 0.0 1.5 0.5 0.5 0.5
-1 1418377372.568133 0.0 0.0 1.333333 1.333333 0.333333 0.0
-1 1418377372.769873 0.36127 0.92319 0.0 0.454753 0.567223 0.693564
-1 1418377372.907826 0.743324 0.195257 0.415088 0.311316 0.598384 0.73663
-1 1418377373.036806 0.257356 0.140867 0.831739 0.469075 0.442978 0.857985
-1 1418377373.194656 0.670475 1.158364 0.0 0.0 0.806466 0.364694
-1 1418377373.362452 0.133309 0.399927 0.0 0.533237 0.763373 1.170154
-1 1418377373.493377 0.733816 0.835925 0.0 0.0 1.025906 0.404353
-1 1418377373.634174 0.517928 0.838103 0.115304 0.0 0.507674 1.02099
-1 1418377373.780832 0.141963 0.098761 0.425888 0.666612 0.808575 0.858202
-1 1418377373.920113 0.106671 0.106671 0.422416 0.106671 0.906575 1.350998
-1 1418377374.042715 0.490571 0.260124 0.910721 0.478687 0.744674 0.115223
-1 1418377374.191229 0.375902 0.491316 0.260898 0.0 0.73354 1.138344
-1 1418377374.343445 0.540714 0.361244 0.536698 0.123437 1.061986 0.375922
-1 1418377374.475102 0.356697 0.344626 0.359189 0.77151 0.536586 0.631391
-1 1418377374.622400 0.0 0.0 0.475452 0.360191 0.913436 1.250921
-1 1418377374.749272 0.281661 0.281661 0.34959 0.422492 0.422492 1.242103
-1 1418377374.902462 0.470925 0.290103 0.345565 0.434591 0.694548 0.764268
-1 1418377375.035901 0.48692 0.211929 0.317894 0.459624 0.936897 0.586736
-1 1418377375.167017 0.411811 0.42897 0.0 0.192949 1.335598 0.630673
-1 1418377375.298402 0.42019 0.352382 0.274187 0.697892 0.651315 0.604035
-1 1418377375.419056 0.0 0.659763 0.235207 0.689804 1.165219 0.250008
-1 1418377375.563084 0.426567 0.368933 0.585824 0.467219 0.354996 0.79646
-1 1418377375.685634 0.156287 0.0 0.46886 0.618895 1.461889 0.294069
-1 1418377375.833282 0.350701 0.175351 0.175351 0.350701 0.975896 0.972
-1 1418377375.991141 0.115716 0.080501 0.898686 0.342518 0.640216 0.922363
-1 1418377376.076406 0.877538 0.377691 0.170877 0.309943 0.406953 0.856998
-1 1418377376.238338 0.672972 0.761154 0.365621 0.263393 0.361965 0.574895
-1 1418377376.388967 0.398048 0.203086 0.298577 0.860992 0.788297 0.451001
-1 1418377376.502097 0.537558 0.469355 0.139931 0.279862 0.823017 0.750278
-1 1418377376.660262 0.326002 0.330538 0.619533 0.696695 0.617366 0.409867
-1 1418377376.809385 0.792248 0.840702 0.227894 0.401212 0.306228 0.431715
-1 1418377376.944473 0.559196 0.51373 0.319038 0.211255 0.965649 0.431132
-1 1418377377.079262 0.0 0.0 0.269335 0.0 1.801295 0.929371
-1 1418377377.228546 0.764273 0.388888 0.422518 0.177954 0.529024 0.717342
-1 1418377377.374233 0.395681 0.0 0.563121 0.958802 0.694629 0.387767
-1 1418377377.503996 0.298525 0.0 0.483968 0.522008 0.956647 0.738851
-1 1418377377.656674 0.701644 0.420986 0.0 0.242164 0.680081 0.955125
-1 1418377377.797192 0.428571 0.428571 0.0 0.0 1.285714 0.857143
-1 1418377378.054694 0.483178 0.700313 0.256577 0.256577 0.79533 0.508023
-1 1418377378.265994 0.516747 0.827762 0.139825 0.139825 0.79058 0.585261
-1 1418377378.418728 0.753548 0.768927 0.144392 0.436795 0.534772 0.361565
-1 1418377378.553668 0.388952 0.194476 0.341408 0.24417 1.12005 0.710943
-1 1418377378.672365 0.322244 0.638044 0.47877 0.161122 0.46429 0.93553
-1 1418377378.825023 0.277763 0.283373 0.376595 1.260162 0.587429 0.214677
-1 1418377378.969287 0.0 0.20062 0.886177 0.520487 0.508197 0.884518
-1 1418377379.066030 0.259086 0.259086 0.129543 0.259086 1.369002 0.724197
-1 1418377379.224759 0.84031 0.311912 0.398568 0.335892 0.559281 0.554038
-1 1418377379.341697 0.905127 0.307783 0.153891 0.153891 0.733498 0.745809
-1 1418377379.461455 0.276525 0.276525 0.429492 0.651427 0.680251 0.685781
-1 1418377379.613817 0.0 0.0 1.068184 0.906962 0.608616 0.416238
-1 1418377379.739276 0.62449 0.939711 0.246774 0.075498 0.414624 0.698902
-1 1418377379.887140 0.510513 0.0 0.358716 0.882441 1.068973 0.179358
-1 1418377380.046900 0.200535 0.0 0.40107 0.802139 0.802139 0.794118
-1 1418377380.155023 0.74026 0.690807 0.276323 0.0 0.66405 0.628559
-1 1418377380.298742 0.115899 0.347697 0.231798 0.757151 1.199758 0.347697
-1 1418377380.459958 0.60466 0.510692 0.498599 0.396461 0.275333 0.714255
-1 1418377380.584350 0.0 0.0 0.555473 1.099837 1.34469 0.0
-1 1418377380.706053 0.58334 0.565158 0.429795 0.240885 0.240885 0.939936
-1 1418377380.888888 0.167873 0.178436 0.606414 0.779998 0.910196 0.357083
-1 1418377381.043809 0.112618 0.0 0.70992 0.54525 0.925281 0.706932
-1 1418377381.182563 0.677437 0.441198 0.818083 0.100206 0.526426 0.436651
-1 1418377381.321347 0.22026 0.234119 0.575934 0.692994 0.746416 0.530278
-1 1418377381.457868 0.186584 0.0 0.398499 0.4879 1.130669 0.796349
-1 1418377381.585832 0.573401 0.120302 0.590221 0.7454 0.649238 0.321438
-1 1418377381.741916 0.512807 0.676905 0.170936 0.486571 0.942572 0.210209
-1 1418377381.909033 0.065874 0.0 0.618321 0.309161 0.727685 1.27896
-1 1418377382.058496 0.2388 0.329926 0.632081 0.4776 0.433651 0.887943
-1 1418377382.203920 0.762723 0.206391 0.297368 0.481054 0.867289 0.385175
-1 1418377382.329831 0.435298 0.307733 0.327097 0.163549 1.118671 0.647652
-1 1418377382.470588 0.386704 0.398968 0.266715 0.266715 0.525932 1.154966
-1 1418377382.589880 0.216738 0.650214 0.615883 0.216738 0.650214 0.650214
-1 1418377382.735906 0.701291 0.520621 0.361341 0.361341 0.534785 0.520621
-1 1418377382.888254 0.218608 0.327912 0.629941 0.747814 0.327912 0.747814
-1 1418377383.036987 0.325075 0.468368 0.806186 0.325075 0.0 1.075296
-1 1418377383.153650 0.448502 0.149501 0.430801 0.838629 0.442522 0.690047
-1 1418377383.264176 0.265337 0.265337 0.233921 0.233921 1.470811 0.530674
-1 1418377383.465148 0.435069 0.0 1.19973 0.0 0.652604 0.712597
-1 1418377383.597454 0.199176 0.0 1.041529 0.499973 0.733611 0.525711
-1 1418377383.756101 0.356874 0.0 0.367041 0.264774 0.773352 1.237959
-1 1418377383.889887 0.468605 0.231607 0.293909 0.312403 1.087164 0.606312
-1 1418377384.041273 0.513431 0.388963 0.254122 0.129654 1.330053 0.383777
-1 1418377384.204745 0.521793 0.511357 0.521793 0.462434 0.260896 0.721727
-1 1418377384.343145 0.423736 0.582313 0.147049 0.147049 1.04935 0.650503
-1 1418377384.483283 0.701043 0.540776 0.522919 0.352194 0.433027 0.450041
-1 1418377384.633854 0.310348 0.384831 0.432724 0.451877 0.824552 0.595667
-1 1418377384.862673 0.367741 0.293174 0.324785 0.432986 0.864787 0.716527
-1 1418377385.014645 0.272741 0.272741 0.272741 0.272741 0.534572 1.374466
-1 1418377385.166760 0.0 0.245603 0.982327 0.497097 0.5893 0.685673
-1 1418377385.340720 0.403677 0.320984 0.320984 0.492854 1.057823 0.403677
-1 1418377385.494308 0.573236 0.288541 0.192361 0.577083 0.82866 0.540119
-1 1418377385.645837 0.347167 0.221186 0.425951 0.11171 0.773838 1.120148
-1 1418377385.774058 0.179449 0.0 0.596885 0.940394 0.816233 0.467038
-1 1418377385.916238 0.385037 0.355448 0.385037 0.470756 1.115917 0.287805
-1 1418377386.052328 0.662593 0.544573 0.177591 0.167078 0.65549 0.792676
-1 1418377386.155520 0.758041 0.406845 0.370515 0.137448 0.681741 0.645411
-1 1418377386.358969 0.764334 0.616399 0.1541 0.0 0.616399 0.848769
-1 1418377386.499072 0.431119 0.0 0.241893 0.262025 1.546155 0.518809
-1 1418377386.627760 0.900021 0.892778 0.246208 0.246208 0.246208 0.468576
-1 1418377386.780290 0.402463 0.573076 0.591782 0.499054 0.503079 0.430546
-1 1418377386.906511 0.386503 0.386503 0.205412 0.386503 0.410824 1.224255
-1 1418377387.070935 0.406728 0.677881 0.726885 0.646201 0.271152 0.271152
-1 1418377387.204412 0.16551 0.331609 0.758154 0.084597 0.440341 1.219789
-1 1418377387.318799 0.566417 0.572908 0.0 0.16558 0.794469 0.900625
-1 1418377387.494960 0.535722 0.236382 0.118191 0.236382 0.869019 1.004304
-1 1418377387.663261 0.477041 0.652745 0.53886 0.095408 0.477041 0.758905
-1 1418377387.814338 0.440192 0.874589 0.298745 0.0 0.440192 0.946281
-1 1418377387.983855 0.517048 0.258524 0.129262 0.0 1.448856 0.64631
-1 1418377388.065795 0.729386 0.476403 0.248023 0.372035 0.697751 0.476403
-1 1418377388.289279 0.459571 0.344678 0.556809 0.344678 0.556265 0.737998
-1 1418377388.406775 0.508095 0.634815 0.408455 0.175465 0.512914 0.760255
-1 1418377388.550677 0.279567 0.186378 0.372756 0.369028 0.823939 0.968332
-1 1418377388.694830 0.179474 0.211684 0.728362 0.516678 0.843059 0.520743
-1 1418377388.864038 0.429396 0.600864 0.317847 0.247458 1.114186 0.290249
-1 1418377388.993292 0.460273 0.118578 0.679019 0.517888 0.175821 1.048421
-1 1418377389.116701 0.082233 0.118204 0.563031 0.340618 0.873691 1.022223
-1 1418377389.258773 0.50627 0.510386 0.262758 0.170206 0.854445 0.695936
-1 1418377389.396453 0.327122 0.218081 0.205171 0.109041 1.407484 0.733102
-1 1418377389.551855 0.446272 0.15487 0.15487 0.458414 1.0479 0.737675
-1 1418377389.716374 0.0 0.358901 0.480152 0.45496 0.69432 1.011667
-1 1418377390.027248 0.248162 0.496325 0.547758 0.496325 0.605715 0.605715
-1 1418377390.149403 0.634004 0.110686 0.646585 0.438318 0.732089 0.438318
-1 1418377390.303223 0.307614 0.808163 0.205076 0.189319 0.410152 1.079677
-1 1418377390.481542 0.401898 0.310142 0.202979 0.491371 1.169963 0.423648
-1 1418377390.600508 0.692073 0.598139 0.248896 0.43784 0.530239 0.492814
-1 1418377390.788301 0.393704 0.553084 0.481396 0.462395 0.481396 0.628026
-1 1418377390.921035 0.132596 0.085438 0.665688 0.577662 0.705146 0.83347
-1 1418377391.108612 0.31578 0.0 0.0 0.0 1.482752 1.201468
-1 1418377391.235973 0.0 0.16477 0.868231 0.442614 0.861781 0.662603
-1 1418377391.360196 0.380418 0.12852 0.613358 0.385559 0.582924 0.909221
-1 1418377391.573896 0.247479 0.123739 0.549187 0.658275 0.574745 0.846575
-1 1418377391.779618 0.397634 0.397634 0.363375 0.571919 0.490175 0.779263
-1 1418377391.902084 0.439913 0.233797 0.233797 0.233797 1.624898 0.233797
-1 1418377392.043119 0.0 0.0 1.233361 1.175266 0.366786 0.224587
-1 1418377392.211594 0.423637 0.423637 0.601904 0.838802 0.585962 0.126058
-1 1418377392.342734 0.224827 0.0 0.449653 0.381234 1.296426 0.64786
-1 1418377392.490547 0.187816 0.729028 0.187816 0.353395 0.669574 0.87237
-1 1418377392.635632 0.255587 0.608706 0.555086 0.472284 0.344491 0.763847
-1 1418377392.766404 0.846652 0.70865 0.0 0.149742 0.880721 0.414236
-1 1418377392.918435 0.164577 0.329153 0.620862 0.164577 1.150054 0.570778
-1 1418377393.055759 0.570684 0.334713 0.111571 0.317569 0.924096 0.741367
-1 1418377393.196118 0.600529 0.440636 0.609636 0.677932 0.343671 0.327596
-1 1418377393.328102 0.410275 0.687488 0.0 0.138606 0.66021 1.103421
-1 1418377393.484432 0.496414 0.300119 0.31245 0.31245 0.716475 0.862091
-1 1418377393.633730 0.438342 0.152117 0.602385 0.450268 0.754503 0.602385
-1 1418377393.780932 0.258535 0.248194 0.965594 1.137236 0.131906 0.258535
-1 1418377393.910589 0.22827 0.249538 0.75007 0.418259 0.772726 0.581138
-1 1418377394.065141 0.441992 0.321627 0.0 0.223228 1.571162 0.441992
-1 1418377394.210009 0.161512 0.58872 0.232128 0.596413 1.098202 0.323025
-1 1418377394.362944 0.633742 0.439854 0.219927 0.0 1.055492 0.650984
-1 1418377394.502025 0.268397 0.48032 0.169031 0.972011 0.149018 0.961222
-1 1418377394.648682 0.226655 0.339983 0.305495 0.523084 0.882815 0.721967
-1 1418377394.801591 0.20263 0.0 1.142873 1.118232 0.199163 0.337101
-1 1418377394.934251 0.174194 0.0 0.628203 0.531663 0.738581 0.927359
-1 1418377395.055457 0.391301 0.0 0.783255 0.207962 0.785633 0.831848
-1 1418377395.215025 0.522944 0.217606 0.0 0.0 0.967656 1.291795
-1 1418377395.348236 0.125329 0.320349 0.611805 0.370973 0.73212 0.839424
-1 1418377395.511800 0.311606 0.61698 0.311606 0.155803 0.744732 0.859272
-1 1418377395.654979 0.739419 0.0 0.282147 0.428305 0.615027 0.935101
-1 1418377395.814687 0.195463 0.195463 0.195463 0.0 1.444114 0.969497
-1 1418377395.972717 0.335358 0.0 0.639852 0.758203 0.655333 0.611254
-1 1418377396.019988 0.176729 0.0 0.400927 0.400927 1.140223 0.881195
-1 1418377396.198224 0.916667 0.694444 0.231481 0.0 0.694444 0.462963
-1 1418377396.378118 0.305941 0.347029 0.347029 0.652971 0.652971 0.694059
-1 1418377396.481949 0.0 0.304676 0.609353 0.609353 0.609353 0.867265
-1 1418377396.625837 0.0 0.0 0.0 0.354575 1.063724 1.581701
-1 1418377396.776146 0.235747 0.518064 0.417083 0.278056 0.626802 0.924248
-1 1418377396.916178 2.0 0.0 0.0 1.0 0.0 0.0
-1 1418377397.079676 0.171562 0.0 0.679385 0.988746 0.837497 0.322811
-1 1418377397.212960 0.0 0.593933 0.261806 0.0 1.585489 0.558772
-1 1418377397.359020 0.52445 0.354358 0.701629 0.177179 0.717935 0.52445
-1 1418377397.488808 0.21989 0.21989 0.624839 0.0 1.073414 0.861968
-1 1418377397.633250 0.6 0.15 0.45 0.45 0.75 0.6
-1 1418377397.764797 0.409205 0.320236 0.485106 0.409205 0.726141 0.650108
-1 1418377397.904410 0.60757 0.367321 0.254942 0.127471 0.971736 0.670959
-1 1418377398.036752 0.934463 0.233616 0.467231 0.467231 0.897458 0.0
-1 1418377398.184301 0.202681 0.0 0.202681 0.802616 0.608042 1.18398
-1 1418377398.319812 0.803479 0.650536 0.0 0.165953 1.067774 0.312257
-1 1418377398.449860 0.134041 0.286083 0.421535 0.304085 0.81083 1.043425
-1 1418377398.599006 0.333776 0.11583 0.534635 0.23166 0.803921 0.980177
-1 1418377398.743453 0.48086 0.502278 0.245398 0.419464 0.765011 0.586989
-1 1418377398.879603 0.138938 0.0 0.939667 0.492284 1.017854 0.411257
-1 1418377399.041971 0.22818 0.657523 0.22818 0.45636 1.310114 0.119644
-1 1418377399.157447 0.584372 0.291467 0.291467 0.446371 0.939951 0.446371
-1 1418377399.320717 0.769084 0.817409 0.10688 0.10688 0.50532 0.694427
-1 1418377399.469136 0.307189 0.512372 0.42215 0.31981 0.686177 0.752302
-1 1418377399.604212 0.304828 0.0 0.902292 0.609657 0.878394 0.304828
-1 1418377399.766000 0.260665 0.0 0.260665 0.245234 1.23666 0.996776
-1 1418377399.924030 0.160143 0.781754 0.160143 0.597731 0.826205 0.474023
-1 1418377400.061783 0.262506 0.257256 0.439117 0.246966 0.72756 1.066594
-1 1418377400.222956 0.175293 0.350586 0.175293 0.175293 0.63895 1.484585
-1 1418377400.378547 0.187919 0.187919 0.556241 0.413931 1.300401 0.353589
-1 1418377400.529072 0.538995 0.364186 0.364186 0.182093 1.186356 0.364186
-1 1418377400.692530 0.332853 0.123476 0.370429 0.431095 1.290028 0.452119
-1 1418377400.838632 0.573208 0.446519 0.308786 0.155953 0.850433 0.665102
-1 1418377400.989393 0.301388 0.150694 0.0 0.29536 1.684067 0.56849
-1 1418377401.088756 0.16658 0.33316 0.480016 0.33316 0.94035 0.746734
-1 1418377401.243552 0.525901 0.419873 0.40358 0.212057 1.018715 0.419873
-1 1418377401.390575 0.401874 0.528015 0.252281 0.252281 0.969761 0.595787
-1 1418377401.542616 0.219864 0.63356 0.439728 0.219864 0.853424 0.63356
-1 1418377401.703015 0.386072 0.081 0.738556 1.163311 0.472302 0.15876
-1 1418377401.858305 0.819325 0.188691 0.418758 0.423031 0.696176 0.45402
-1 1418377401.988235 0.138725 0.54935 0.507134 0.235233 0.821251 0.748308
-1 1418377402.065665 0.210636 0.143469 0.798269 0.882608 0.540351 0.424667
-1 1418377402.220640 0.807794 0.462788 0.0 0.0 0.651447 1.077972
-1 1418377402.368250 0.128073 0.369056 0.128073 0.112909 1.083191 1.178697
-1 1418377402.524237 0.159922 0.282477 0.319845 0.0 1.628506 0.60925
-1 1418377402.677364 0.325669 0.488503 0.469224 0.488503 0.902432 0.325669
-1 1418377402.813521 0.0 0.615254 0.316813 0.634155 1.227404 0.206373
-1 1418377402.953308 0.154823 0.136492 0.309647 0.154823 1.47195 0.772264
-1 1418377403.070677 0.196546 0.196546 0.196546 0.38523 0.7031 1.322033
-1 1418377403.250120 0.211894 0.225228 0.40218 0.868604 0.999847 0.292247
-1 1418377403.406236 0.474747 0.632996 0.0 0.139512 1.138484 0.61426
-1 1418377403.551604 0.499396 0.499396 0.249698 0.124849 0.907133 0.719529
-1 1418377403.676003 0.427453 0.363637 0.613552 0.549166 0.678845 0.367347
-1 1418377403.838405 0.242574 0.363862 0.470789 0.349501 0.88246 0.690814
-1 1418377404.025504 0.311403 0.664629 0.0 0.0 1.317517 0.706451
-1 1418377404.193753 0.355576 0.226893 0.509583 0.386048 0.988345 0.533556
-1 1418377404.362351 0.232777 0.0 0.829795 0.412113 0.632783 0.892532
-1 1418377404.530024 0.366168 0.484926 0.35647 0.371117 1.064849 0.35647
-1 1418377404.661979 0.394378 0.289838 0.196704 0.209082 1.15804 0.751959
-1 1418377404.803628 0.616753 0.442066 0.3354 0.178252 0.777745 0.649784
-1 1418377404.946341 0.206381 0.0 0.412761 0.801087 0.949587 0.630184
-1 1418377405.076967 1.041933 0.523061 0.40161 0.40161 0.213441 0.418344
-1 1418377405.217623 0.59511 0.59511 0.413041 0.206521 0.59511 0.59511
-1 1418377405.356568 0.0 0.0 0.260817 1.025921 1.713262 0.0
-1 1418377405.519092 0.864502 0.829922 0.0 0.0 1.305575 0.0
-1 1418377405.639027 0.760526 0.608421 0.152105 0.152105 0.590411 0.736432
-1 1418377405.794739 0.155053 0.46516 0.895043 0.310107 0.155053 1.019582
-1 1418377405.959799 0.38953 0.0 0.38953 0.763479 0.38953 1.06793
-1 1418377406.048698 0.0 0.22046 0.635276 0.440919 1.262426 0.440919
-1 1418377406.209333 0.363389 0.363389 0.358544 0.349047 0.964829 0.600803
-1 1418377406.357376 0.184281 0.552844 0.346744 0.162462 1.256905 0.496764
-1 1418377406.499446 0.366345 0.52783 0.274759 0.366345 0.888869 0.575852
-1 1418377406.667702 0.11542 0.11542 0.230841 0.532744 1.345 0.660574
-1 1418377406.853973 0.255799 0.255799 0.511599 0.255799 1.721003 0.0
-1 1418377407.050282 0.560247 1.166607 0.0 0.141477 0.282953 0.848716
-1 1418377407.220889 0.0 0.281038 0.281038 0.446248 1.159801 0.831874
-1 1418377407.361341 0.0 0.686426 0.343213 0.0 1.27693 0.693431
-1 1418377407.498642 0.440532 0.297657 0.423615 0.446485 0.665191 0.72652
-1 1418377407.645391 0.376192 0.250795 0.371176 0.407244 1.218401 0.376192
-1 1418377407.808138 0.401691 0.401691 0.204016 0.271413 1.314071 0.407119
-1 1418377407.960161 0.462494 0.0 0.0 0.323114 1.433151 0.78124
-1 1418377408.068270 0.146591 0.146591 0.563837 0.732953 0.586363 0.823666
-1 1418377408.217786 0.592024 0.464921 0.521288 0.302584 0.805489 0.313695
-1 1418377408.365315 0.14134 0.0 0.516695 1.059668 1.005269 0.277027
-1 1418377408.534430 0.255673 0.127836 0.33252 0.789827 0.751882 0.742261
-1 1418377408.688339 0.150138 0.300276 0.404724 1.027184 0.888817 0.228861
-1 1418377408.830404 0.481212 0.277332 0.284877 0.188635 0.967915 0.800029
-1 1418377408.983424 0.433521 0.125636 0.497518 0.585662 0.985781 0.371882
-1 1418377409.079154 0.0 0.0 1.284477 0.70448 0.617583 0.393459
-1 1418377409.252133 0.240354 0.480708 0.0 0.0 0.951803 1.327135
-1 1418377409.404180 0.517571 0.129393 0.258786 0.129393 0.97527 0.989588
-1 1418377409.536379 0.471298 0.318444 0.318444 0.318444 0.796111 0.777259
-1 1418377409.679535 0.0 0.127264 0.441536 0.968997 1.222743 0.23946
-1 1418377409.818781 0.513085 0.0 0.0 0.513085 1.355719 0.618111
-1 1418377409.955614 0.118526 0.0 0.632008 0.755093 0.797438 0.696935
-1 1418377410.112903 0.521692 0.0 0.902368 0.255523 0.527124 0.793293
-1 1418377410.269101 0.122702 0.122702 0.603692 0.490807 0.95727 0.702828
-1 1418377410.416738 0.208191 0.208191 0.183541 0.0 0.775789 1.624288
-1 1418377410.628322 0.426603 0.420915 0.142201 0.0 0.98972 1.020561
-1 1418377410.805585 1.018992 1.272076 0.0 0.0 0.299592 0.40934
-1 1418377411.068196 0.412732 0.0 0.0 0.412732 1.023575 1.150961
-1 1418377412.043195 0.0 0.0 1.155572 0.837762 0.668859 0.337807
-1 1418377413.033267 0.146405 0.0 0.585619 0.146405 1.002336 1.119235
-1 1418377413.801030 0.0 0.301205 0.60241 0.301205 1.192771 0.60241
-1 1418377414.050042 0.53254 0.26627 0.26627 0.0 1.198327 0.736593
-1 1418377414.520347 0.303595 0.0 0.0 0.607189 1.517973 0.571244
-1 1418377415.036587 0.0 0.0 0.0 0.0 3.0 0.0
-1 1418377416.034445 0.604839 0.0 0.0 0.0 2.395161 0.0
-1 1418377417.767692 0.0 0.0 0.0 0.0 3.0 0.0
-1 1418377417.913353 0.504982 0.504982 0.504982 0.0 0.252491 1.232561
-1 1418377418.044113 0.0 0.147836 0.721677 0.147836 1.130641 0.852009
-1 1418377418.201546 0.591611 0.152414 0.152414 0.0 1.042757 1.060803
-1 1418377418.362798 0.250836 0.501672 0.0 0.250836 0.501672 1.494983
-1 1418377418.516987 0.451807 0.451807 0.301205 0.301205 0.596386 0.89759
-1 1418377418.737131 0.0 1.5 0.0 0.0 0.5 1.0
-1 1418377419.053648 0.408234 0.41648 0.521651 0.210343 0.719542 0.723749
