-1 1418360759.118457 0.0 0.0 0.0 0.0 1.0 0.0 0.0 0.0 0.0 0.0 0.0 1.0 0.0
-1 1418360759.322377 0.0 0.0 0.0 0.0 0.0 0.0 0.0 0.0 0.0 0.0 0.0 0.0 0.0
-1 1418360759.563212 1.96 1.0 0.0 0.0 0.0 0.0 0.0 1.0 0.0 0.0 0.0 0.0 0.0
-1 1418360759.936891 0.0 0.0 0.0 0.0 0.0 0.0 0.0 0.0 0.0 1.0 0.0 0.0 0.0
-1 1418360761.144375 0.0 0.0 0.0 0.0 0.0 0.0 0.0 0.0 0.0 0.0 1.0 0.0 1.0
-1 1418360764.699367 0.0 0.8816 0.0 0.0 0.0 0.0 0.0 0.0 0.0 0.0 0.0 0.0 0.0
-1 1418360766.943849 1.0 0.0 0.0 0.0 2.96 0.0 0.0 0.0 0.0 1.0 0.0 1.0 0.0
-1 1418360768.763801 0.0 0.0 1.96 1.0 1.0 0.0 0.0 0.0 0.0 0.0 1.0 2.0 1.0
-1 1418360770.326037 0.0 0.0 1.0 0.0 1.0 0.0 0.0 0.0 0.0 0.0 0.0 0.0 0.0
-1 1418360771.322562 0.0 0.0 0.0 0.0 0.0 0.0 0.0 0.0 1.0 0.0 0.0 0.0 0.0
-1 1418360771.551677 0.0 0.0 0.0 0.0 0.0 0.0 0.0 0.0 0.0 0.0 0.0 0.0 0.0
-1 1418360771.777665 0.0 0.0 0.0 1.96 0.0 0.0 0.0 0.0 0.0 0.0 3.0 0.0 3.0
-1 1418360772.058443 0.0 0.0 0.0 1.0 1.0 0.0 0.0 0.0 0.0 0.0 0.8816 3.766336 0.8816
-1 1418360772.629358 0.0 0.8816 1.0 1.0 1.0 1.0 0.8816 0.0 0.0 1.0 1.8816 0.0 1.8816
-1 1418360774.560560 1.0 0.0 0.0 0.0 0.0 0.0 0.0 1.0 1.0 0.0 0.0 0.0 0.0
-1 1418360777.384407 1.0 1.0 1.96 0.0 0.0 0.0 1.0 1.0 0.0 0.0 0.0 0.0 0.0
-1 1418360779.667231 2.0 1.0 1.0 0.0 0.0 0.0 1.0 2.0 1.0 0.0 0.0 0.0 0.0
-1 1418360781.488954 3.96 1.0 2.0 1.0 1.0 0.0 2.0 3.96 1.8816 2.0 1.0 0.0 1.0
-1 1418360783.073161 0.0 0.0 0.8816 0.0 0.0 0.0 0.0 0.0 0.0 0.0 0.0 0.0 0.0
-1 1418360784.072299 0.0 0.0 0.0 0.0 0.0 0.0 0.0 0.0 1.0 0.0 0.0 0.0 0.0
-1 1418360784.269414 0.0 0.0 0.0 0.0 0.0 0.0 0.0 0.0 0.0 0.0 0.0 0.0 0.0
-1 1418360784.553158 0.0 0.0 0.0 0.0 0.0 0.0 0.0 0.0 0.0 0.0 0.0 0.0 0.0
-1 1418360785.003189 0.0 0.0 0.0 0.0 0.0 0.0 0.0 0.0 0.0 1.0 0.0 0.0 0.0
-1 1418360786.452015 1.0 0.0 0.0 0.0 1.0 0.0 0.0 1.0 1.0 0.0 0.0 0.0 0.0
-1 1418360788.222530 1.96 0.0 2.96 1.96 0.0 0.0 1.96 1.96 1.96 1.96 1.96 0.0 1.96
-1 1418360789.926133 0.0 0.0 0.0 0.0 0.0 1.0 0.0 0.0 0.0 1.0 0.0 0.0 0.0
-1 1418360791.536171 0.0 0.0 1.0 0.0 1.0 0.0 0.0 0.0 0.0 0.0 0.0 0.0 0.0
-1 1418360792.870913 0.0 0.0 0.0 1.96 0.0 1.96 0.0 0.0 0.0 1.96 1.96 0.0 1.96
-1 1418360793.074499 1.0 0.0 2.0 0.0 1.0 1.0 0.0 1.0 0.0 1.0 0.0 1.0 0.0
-1 1418360793.252551 0.0 0.0 0.0 0.0 1.0 0.0 0.0 0.0 0.0 0.0 0.0 1.0 0.0
-1 1418360793.427718 0.0 0.0 0.0 0.0 0.0 1.0 1.0 0.0 1.0 2.0 0.0 0.0 0.0
-1 1418360793.681877 0.134356 1.96 1.0 1.0 1.0 2.601141 2.96 1.96 0.0 1.0 2.0 1.0 2.0
-1 1418360794.104931 1.0 0.0 1.0 0.0 0.0 0.0 1.0 1.0 0.0 0.0 0.0 0.0 0.0
-1 1418360794.983937 0.0 1.0 0.0 0.0 0.0 0.0 0.0 0.0 1.0 0.0 1.0 0.0 1.0
-1 1418360797.783459 0.0 1.0 1.0 1.0 1.0 0.0 2.0 0.0 0.0 0.0 0.366433 0.0 0.366433
-1 1418360800.459202 0.0 1.0 1.0 1.0 0.0 0.0 2.0 0.0 0.0 0.0 1.0 0.0 1.0
-1 1418360802.574875 0.0 0.0 1.0 2.0 0.0 0.0 0.0 0.0 1.0 0.0 1.0 0.0 1.0
-1 1418360803.989954 0.0 0.0 1.96 0.0 2.0 0.0 0.0 0.0 0.0 1.0 1.0 2.0 1.0
-1 1418360804.459777 0.0 0.0 0.0 0.0 0.0 0.0 0.0 0.0 0.0 0.0 0.0 0.0 0.0
-1 1418360804.658650 0.0 0.0 0.0 0.0 0.0 0.0 0.0 0.0 1.0 0.0 0.0 0.0 0.0
-1 1418360804.844057 0.0 0.0 0.0 0.0 0.0 0.0 0.0 0.0 0.0 0.0 0.0 0.0 0.0
-1 1418360805.074480 0.0 0.0 0.0 0.0 0.0 0.0 0.0 0.0 0.0 0.0 0.0 0.0 0.0
-1 1418360806.303793 0.0 0.0 0.0 0.0 0.0 0.0 0.0 0.0 0.0 0.0 0.0 0.0 0.0
-1 1418360807.664458 0.0 0.0 0.0 0.0 1.0 0.0 0.0 0.0 0.0 0.0 0.0 1.0 0.0
-1 1418360808.104361 2.96 0.0 3.0 1.0 0.0 0.0 1.0 2.96 2.0 1.0 1.0 0.0 1.0
-1 1418360808.245227 0.0 0.0 1.0 1.0 0.0 0.0 0.0 0.0 0.0 1.0 1.96 1.0 1.96
-1 1418360808.462672 0.0 0.0 0.0 0.0 0.0 0.0 0.0 0.0 0.0 0.0 0.0 0.0 0.0
-1 1418360808.852110 0.0 0.0 0.0 1.0 0.0 1.0 0.8816 0.0 0.0 1.0 0.0 0.0 0.0
-1 1418360809.802020 0.8816 0.0 0.0 0.0 0.0 0.0 0.0 0.8816 0.0 0.0 0.0 0.0 0.0
-1 1418360811.384160 1.0 1.0 1.96 0.0 1.0 0.0 1.0 1.0 0.0 2.0 0.0 1.0 0.0
-1 1418360813.170566 0.0 0.0 2.0 0.0 1.0 1.0 0.0 0.0 1.0 0.0 0.0 1.0 0.0
-1 1418360815.231985 2.0 1.0 2.0 1.0 0.0 0.0 1.0 2.0 1.0 0.0 1.0 0.0 1.0
-1 1418360816.530323 0.0 0.0 0.0 0.0 0.0 0.0 1.0 1.0 1.0 0.0 0.0 0.0 0.0
-1 1418360817.817484 2.0 1.0 2.0 2.0 1.0 1.0 1.0 2.0 1.0 1.0 1.0 1.0 1.0
-1 1418360818.920070 0.0 0.0 0.0 1.0 0.0 2.0 0.0 0.0 0.0 1.0 0.0 0.0 0.0
-1 1418360819.801976 0.0 1.0 1.0 0.0 1.0 1.0 0.0 0.0 0.0 1.0 1.0 1.0 1.0
-1 1418360820.011432 0.0 0.0 0.0 0.0 0.0 0.0 0.0 0.0 0.0 0.0 0.0 0.0 0.0
-1 1418360820.208840 0.0 0.8816 0.0 0.0 0.0 0.0 0.0 0.0 0.0 0.0 0.0 0.0 0.0
-1 1418360820.460261 0.0 1.0 1.695683 0.0 0.0 0.0 1.0 0.0 0.0 0.0 0.0 0.0 0.0
-1 1418360820.890418 0.0 0.0 1.0 1.0 0.0 0.0 0.0 0.0 1.0 1.0 1.0 1.0 1.0
-1 1418360822.064142 2.0 2.0 3.0 2.0 3.0 2.0 4.186817 2.0 1.0 2.0 3.0 3.0 3.0
-1 1418360825.136549 0.0 0.0 1.0 1.0 1.0 1.0 0.0 0.0 2.647936 2.0 1.0 1.0 1.0
-1 1418360827.598104 1.0 0.0 0.0 0.0 1.96 0.0 0.0 1.0 0.0 0.0 0.0 1.96 0.0
-1 1418360829.447113 1.0 0.0 2.0 0.0 2.0 0.0 0.0 0.0 1.0 1.0 0.0 1.0 0.0
-1 1418360830.874220 2.0 0.0 1.96 0.0 0.0 0.0 2.0 1.0 1.0 0.0 0.0 0.0 0.0
-1 1418360831.043543 0.0 0.0 0.0 0.0 1.0 0.0 0.0 0.0 0.0 0.0 0.0 0.0 0.0
-1 1418360831.258660 0.0 0.0 1.0 1.0 0.0 0.0 1.0 0.0 0.0 0.0 1.0 0.0 1.0
-1 1418360831.555069 0.0 0.0 0.0 0.0 0.0 0.0 0.0 0.0 0.0 0.0 0.0 0.0 0.0
-1 1418360832.227449 0.0 0.0 0.0 0.0 0.0 0.0 0.0 0.0 0.0 0.0 0.0 0.0 0.0
-1 1418360833.757774 0.0 0.0 1.0 0.0 1.96 0.0 0.0 0.0 0.0 0.0 1.0 1.0 1.0
-1 1418360835.630782 0.0 0.0 1.0 0.0 1.96 0.0 0.0 0.0 0.0 1.96 0.0 1.96 0.0
-1 1418360835.819456 0.0 0.0 0.0 0.0 0.0 0.0 0.0 0.0 0.0 0.0 0.0 0.0 0.0
-1 1418360835.996562 0.0 0.0 0.0 0.0 0.0 0.0 0.0 0.0 0.0 0.0 0.0 0.0 0.0
-1 1418360836.190117 0.0 0.0 0.0 0.0 0.0 0.0 0.0 0.0 0.0 0.0 0.0 0.0 0.0
-1 1418360836.712731 0.0 0.0 0.0 0.0 0.0 0.0 0.0 0.0 0.0 0.0 0.0 0.0 0.0
-1 1418360837.859360 0.0 0.0 0.0 0.0 0.0 0.0 0.0 0.0 0.0 0.0 0.0 0.0 0.0
-1 1418360839.346941 0.0 0.0 3.8816 2.0 1.0 1.0 0.0 0.0 0.0 1.0 1.0 1.0 1.0
-1 1418360840.368222 0.0 0.0 1.0 1.0 2.0 0.0 0.0 0.0 0.0 0.0 0.0 2.0 0.0
-1 1418360840.464327 0.0 0.0 1.0 0.0 0.0 0.0 0.0 0.0 0.0 0.0 0.0 0.0 0.0
-1 1418360840.685686 0.0 0.0 0.0 0.0 0.0 0.0 0.0 0.0 0.0 0.0 0.0 0.0 0.0
-1 1418360840.977174 1.0 0.0 0.0 0.0 0.0 0.0 0.0 1.0 0.0 0.0 0.0 0.0 0.0
-1 1418360841.891643 0.0 0.0 0.0 1.0 0.0 1.0 0.0 0.0 1.0 1.0 1.0 0.0 1.0
-1 1418360844.227681 0.0 0.0 0.0 1.0 1.0 1.0 0.0 0.0 1.0 1.0 1.0 1.0 1.0
-1 1418360846.899165 3.0 1.0 2.0 0.0 0.0 0.0 2.0 2.0 2.0 1.0 0.0 0.0 0.0
-1 1418360848.585617 2.0 1.0 1.0 0.0 0.0 0.0 2.0 2.0 1.0 0.0 0.0 0.0 0.0
-1 1418360850.006201 0.0 0.0 2.8816 1.0 1.96 1.0 0.0 0.0 0.0 1.0 2.0 0.0 2.0
-1 1418360851.148705 0.0 0.0 1.96 1.0 0.0 0.0 0.0 0.0 0.0 0.0 0.0 0.0 0.0
-1 1418360851.850640 0.0 0.0 1.0 0.0 0.0 0.0 0.0 0.0 0.0 0.0 0.0 0.0 0.0
-1 1418360852.035926 0.0 0.0 1.0 1.846336 0.0 0.0 0.0 0.0 0.0 2.0 2.846336 0.0 2.846336
-1 1418360852.251007 1.511055 0.0 0.0 1.0 0.0 0.0 0.0 3.511055 0.0 0.0 1.0 1.0 1.0
-1 1418360852.503961 0.0 1.0 2.0 0.0 0.0 0.0 0.0 0.0 0.0 0.0 1.0 0.0 1.0
-1 1418360852.943916 0.0 1.0 1.0 1.0 0.0 0.0 0.0 0.0 0.0 0.0 1.96 0.0 1.96
-1 1418360854.138124 1.0 0.0 0.0 0.0 0.0 0.0 1.0 2.0 1.0 0.0 0.0 1.0 0.0
-1 1418360857.499944 0.0 0.0 0.0 0.0 1.0 0.0 0.0 0.0 0.0 1.0 0.0 1.0 0.0
-1 1418360859.925696 2.96 2.0 1.0 0.0 1.0 1.0 2.96 2.96 2.0 1.0 1.0 1.0 1.0
-1 1418360861.509255 0.0 0.0 0.0 0.0 0.0 0.0 0.0 0.0 0.0 0.0 0.0 0.0 0.0
-1 1418360863.010050 0.0 0.0 0.0 0.0 0.0 0.0 0.0 0.0 0.0 0.0 0.0 0.0 0.0
-1 1418360864.450543 0.0 0.0 0.0 0.0 0.0 0.0 0.0 0.0 0.0 0.0 0.0 0.0 0.0
-1 1418360865.022599 1.8816 0.8816 2.0 0.0 1.0 0.0 0.8816 1.8816 0.8816 0.0 1.0 0.0 1.0
-1 1418360865.232987 0.0 0.0 1.96 0.0 0.0 0.0 0.0 0.0 0.0 0.0 0.0 0.0 0.0
-1 1418360865.502252 0.0 0.0 0.0 0.0 0.0 0.0 0.0 0.0 0.0 0.0 0.0 0.0 0.0
-1 1418360866.002955 1.0 0.0 1.0 0.0 0.0 0.0 1.0 1.0 1.0 0.0 0.0 0.0 0.0
-1 1418360867.335675 1.0 0.0 0.0 1.8816 1.0 0.0 0.0 1.0 1.0 0.0 1.0 0.0 1.0
-1 1418360869.152670 1.0 1.96 1.0 0.0 0.0 0.0 1.96 2.96 2.96 0.0 0.0 0.0 0.0
-1 1418360871.010720 0.0 0.0 1.0 0.0 0.0 0.0 0.0 0.0 0.0 0.0 0.0 0.0 0.0
-1 1418360872.619268 0.0 0.0 0.0 1.0 0.0 0.0 0.0 0.0 0.0 0.0 2.0 0.0 2.0
-1 1418360873.983945 2.96 1.0 0.0 1.0 1.0 1.0 1.0 2.0 2.8816 1.0 1.0 1.0 1.0
-1 1418360875.237207 1.0 0.0 1.0 1.0 1.0 1.0 0.0 0.0 1.0 1.0 1.0 1.0 1.0
-1 1418360876.195272 0.0 0.0 1.0 1.0 0.0 1.0 0.0 0.0 0.0 2.96 1.0 0.0 1.0
-1 1418360876.349438 0.0 0.0 0.0 1.0 0.0 0.0 0.0 0.0 0.0 0.0 1.0 0.0 1.0
-1 1418360876.555243 0.0 0.0 0.0 0.0 0.0 0.0 0.0 0.0 0.0 1.0 0.0 0.0 0.0
-1 1418360876.850844 0.0 0.0 0.0 0.0 0.0 2.0 0.0 0.0 0.0 1.0 0.0 0.0 0.0
-1 1418360877.344154 0.0 0.0 0.0 1.0 1.0 1.0 1.0 0.0 0.0 1.0 0.0 1.0 0.0
-1 1418360879.475404 0.0 0.0 0.0 1.0 1.0 1.0 1.0 0.0 1.0 1.0 1.96 1.0 1.96
-1 1418360882.470961 1.0 1.0 2.0 1.0 1.0 1.0 1.0 1.0 1.0 2.0 1.0 1.0 1.0
-1 1418360884.716701 0.0 0.0 2.96 1.0 3.8816 1.0 0.0 0.0 0.0 1.0 0.0 2.8816 0.0
-1 1418360886.631292 0.0 0.0 0.0 1.0 0.0 0.0 0.0 0.0 0.0 0.0 1.0 0.0 1.0
-1 1418360887.889945 0.0 1.0 1.0 0.0 1.0 1.0 1.0 0.0 0.0 1.0 0.0 1.0 0.0
-1 1418360889.199690 0.0 0.0 1.0 0.0 0.0 0.0 0.0 0.0 0.0 0.0 0.0 0.0 0.0
-1 1418360890.332925 2.0 1.0 0.0 0.0 0.8816 0.0 1.0 2.0 1.0 0.0 1.0 0.0 1.0
-1 1418360890.434709 0.0 0.0 1.0 0.0 0.0 0.0 0.0 0.0 0.0 0.0 0.0 0.0 0.0
-1 1418360890.621802 0.0 0.0 0.0 0.0 0.0 0.0 0.0 0.0 0.0 0.0 0.0 0.0 0.0
-1 1418360890.925953 1.0 0.0 0.0 0.0 0.0 0.0 0.0 0.0 0.0 0.0 0.0 0.0 0.0
-1 1418360891.640115 0.0 0.0 0.0 0.0 0.0 0.0 0.0 0.0 0.0 0.0 0.0 0.0 0.0
-1 1418360893.338326 0.0 0.0 2.0 0.0 1.0 0.0 0.0 0.0 0.0 0.0 0.0 0.0 0.0
-1 1418360895.179049 0.0 1.0 1.0 0.0 1.0 0.0 1.0 0.0 0.0 1.0 1.0 1.0 1.0
-1 1418360897.341239 0.0 1.0 1.0 0.0 1.0 0.0 1.0 0.0 0.0 0.0 0.0 1.0 0.0
-1 1418360898.942538 1.0 1.0 0.0 0.0 0.0 0.0 2.96 2.0 2.0 0.0 0.0 0.0 0.0
-1 1418360900.134547 0.0 0.0 0.0 0.0 0.0 0.0 0.0 0.0 0.0 0.0 0.0 0.0 0.0
-1 1418360901.437478 0.0 0.0 1.0 0.0 2.0 0.0 0.0 0.0 0.0 1.0 0.0 2.0 0.0
-1 1418360902.198766 0.0 0.0 0.0 0.0 0.0 0.0 0.0 0.0 1.0 0.0 0.0 0.0 0.0
-1 1418360902.390822 0.0 0.0 0.0 0.0 0.0 0.0 0.0 0.0 0.0 0.0 0.0 0.0 0.0
-1 1418360902.584311 0.8816 0.0 1.0 0.0 1.0 0.0 0.0 1.8816 0.0 0.0 0.0 1.772483 0.0
-1 1418360902.857043 0.0 0.0 1.0 0.0 0.0 0.0 0.0 1.0 0.0 1.0 0.0 0.0 0.0
-1 1418360903.378917 1.0 1.0 0.0 0.0 0.0 0.0 1.0 1.0 0.0 0.0 0.0 0.0 0.0
-1 1418360904.837461 1.0 0.8816 0.0 0.0 0.0 1.0 1.8816 1.0 1.0 0.0 0.0 0.0 0.0
-1 1418360908.162767 0.0 1.0 0.0 0.0 0.0 0.0 1.0 0.0 0.0 1.0 0.0 1.0 0.0
-1 1418360910.348793 1.0 0.0 1.96 0.0 1.0 1.0 0.0 0.0 0.0 2.0 1.0 1.0 1.0
-1 1418360912.038556 0.0 1.0 0.0 0.0 0.0 0.0 0.0 0.0 0.0 0.0 0.0 0.0 0.0
-1 1418360912.325031 0.0 0.0 1.0 0.0 0.0 0.0 0.0 0.0 0.0 0.0 0.0 0.0 0.0
-1 1418360912.468763 0.0 0.0 0.0 0.0 0.0 0.0 0.0 0.0 0.0 0.0 0.0 0.0 0.0
-1 1418360912.679752 0.0 0.0 0.0 0.0 0.0 0.0 0.0 0.0 0.0 0.0 0.0 0.0 0.0
-1 1418360913.037484 0.0 0.0 0.0 0.0 0.0 0.0 0.0 0.0 0.0 0.0 0.0 0.0 0.0
-1 1418360913.970536 0.0 0.0 0.0 0.0 0.0 0.0 0.0 0.0 0.0 0.0 0.0 0.0 0.0
-1 1418360916.418337 0.0 0.0 0.0 0.0 0.0 0.0 0.0 0.0 0.0 0.0 0.0 0.0 0.0
-1 1418360918.711593 1.0 1.0 1.0 0.0 1.0 0.0 1.0 1.0 1.0 0.0 0.0 0.0 0.0
-1 1418360920.594609 0.0 1.0 1.0 0.0 1.0 0.0 0.0 0.0 0.0 0.0 0.0 0.0 0.0
-1 1418360921.945446 0.0 0.0 1.846336 0.0 1.846336 0.0 0.0 0.0 0.0 0.0 0.0 0.0 0.0
-1 1418360923.184616 0.0 0.0 1.0 0.0 2.0 0.0 1.0 0.0 0.0 0.0 0.0 1.0 0.0
-1 1418360923.501851 0.0 1.0 0.0 1.0 0.0 0.0 1.0 0.0 1.0 0.0 1.0 0.0 1.0
-1 1418360923.666324 0.0 0.0 0.0 0.0 0.0 0.0 0.0 0.0 0.0 0.0 0.0 0.0 0.0
-1 1418360923.915926 0.8816 1.0 1.0 0.0 1.0 0.0 1.0 0.8816 1.96 0.0 0.0 1.0 0.0
-1 1418360924.262002 1.0 0.0 0.0 0.0 0.0 0.0 0.0 0.0 0.0 0.0 1.0 0.0 1.0
-1 1418360925.116200 0.0 1.0 1.0 1.0 1.846336 1.0 0.0 0.0 0.0 1.0 1.0 1.846336 1.0
-1 1418360928.361789 1.0 0.0 1.0 1.0 1.0 1.0 1.0 1.0 2.0 1.0 4.8416 2.0 4.8416
-1 1418360931.305133 2.96 1.0 0.0 0.0 0.0 1.0 2.0 2.0 2.0 0.0 0.0 0.0 0.0
-1 1418360933.220044 0.0 0.0 0.0 0.0 0.0 0.0 0.0 0.0 0.0 0.0 0.0 0.0 0.0
-1 1418360933.892004 0.0 0.0 1.0 0.0 1.0 0.0 0.0 0.0 0.0 0.0 0.0 0.0 0.0
-1 1418360934.046306 0.0 0.0 0.0 0.0 0.0 0.0 0.0 0.0 0.0 0.0 0.0 0.0 0.0
-1 1418360934.235026 0.0 0.0 1.0 0.0 0.0 0.0 0.0 0.0 0.0 0.0 0.0 0.0 0.0
-1 1418360934.494167 0.0 0.0 0.0 0.0 0.0 0.0 0.0 0.0 0.0 0.0 0.0 0.0 0.0
-1 1418360935.059277 0.0 0.0 1.0 0.0 0.0 0.0 0.0 0.0 0.0 1.0 1.0 0.0 1.0
-1 1418360936.638844 1.0 2.0 0.0 0.0 0.0 0.0 2.96 2.0 1.0 0.0 0.0 0.0 0.0
-1 1418360939.210926 2.0 1.0 1.0 0.0 1.0 0.0 1.0 1.0 2.0 0.0 0.0 0.0 0.0
-1 1418360940.986780 2.0 1.0 1.0 1.0 1.0 1.0 1.0 2.0 2.0 1.0 1.0 1.0 1.0
-1 1418360942.641518 0.0 0.0 0.0 0.0 1.0 0.0 0.0 0.0 0.0 0.0 0.0 1.0 0.0
-1 1418360944.042118 0.0 0.0 1.0 0.0 1.0 0.0 0.0 0.0 0.0 0.0 0.0 0.0 0.0
-1 1418360945.522262 0.0 0.0 1.0 0.0 0.0 0.0 0.0 0.0 1.0 0.0 0.0 0.0 0.0
-1 1418360946.374232 0.0 0.0 0.0 0.0 0.0 0.0 0.0 0.0 0.0 0.0 0.0 0.0 0.0
-1 1418360946.539134 2.0 0.0 0.0 1.96 0.0 0.0 1.0 2.0 0.0 0.0 0.0 0.0 0.0
-1 1418360946.744812 1.0 1.0 0.0 0.0 0.0 1.0 1.0 1.0 1.0 2.0 0.0 0.0 0.0
-1 1418360947.061494 0.0 0.0 0.0 0.0 0.0 0.0 0.0 0.0 0.0 0.0 2.0 0.0 2.0
-1 1418360947.679998 0.0 0.0 0.0 1.846336 0.0 0.8816 1.0 0.0 0.0 0.0 1.0 0.0 1.0
-1 1418360950.151287 0.0 0.0 0.0 0.0 2.96 1.96 0.0 0.0 0.0 1.96 0.0 2.0 0.0
-1 1418360953.234500 1.0 1.0 2.96 0.0 1.96 0.0 1.0 1.0 0.0 0.0 0.0 0.0 0.0
-1 1418360955.089517 0.0 0.0 0.0 1.0 0.0 1.0 0.0 0.0 0.0 1.0 0.0 0.0 0.0
-1 1418360957.039025 2.0 1.0 2.8816 0.0 0.0 0.0 1.0 2.0 1.0 0.0 0.0 0.0 0.0
-1 1418360958.214702 0.0 0.0 1.0 0.0 1.0 0.0 0.0 0.0 0.0 0.0 1.0 1.0 1.0
-1 1418360959.696242 0.0 0.0 1.0 0.0 1.0 0.0 0.0 0.0 0.0 0.0 0.0 0.0 0.0
-1 1418360960.566824 0.0 0.0 0.0 0.0 0.0 0.0 0.0 0.0 0.0 0.0 0.0 0.0 0.0
-1 1418360960.717623 0.0 0.0 0.0 0.0 0.0 1.0 0.0 0.0 0.0 1.0 0.0 0.0 0.0
-1 1418360960.893981 2.0 2.96 1.0 1.0 0.0 0.0 2.96 2.0 0.0 0.0 1.0 0.0 1.0
-1 1418360961.101653 0.0 1.0 0.0 0.0 0.0 0.0 0.0 0.0 0.0 0.0 1.0 0.0 1.0
-1 1418360961.364995 0.0 0.0 0.0 0.0 0.0 0.0 0.0 0.0 1.0 0.0 0.601141 0.0 0.601141
-1 1418360961.878450 1.0 2.0 2.0 2.0 1.0 1.0 2.0 1.0 2.0 2.0 2.96 1.0 2.96
-1 1418360963.389450 1.645043 2.8816 1.0 1.0 0.0 0.0 2.8816 2.366433 1.0 0.0 1.0 0.0 1.0
-1 1418360966.530321 0.0 0.0 0.0 0.0 0.0 1.0 0.0 0.0 0.0 0.0 0.0 0.0 0.0
-1 1418360968.742811 0.0 0.0 0.0 1.0 0.0 1.0 0.0 0.0 0.0 1.0 0.0 1.0 0.0
-1 1418360970.347002 1.0 2.0 0.0 0.0 1.0 0.0 1.0 1.0 1.0 1.0 0.0 0.0 0.0
-1 1418360971.946187 0.0 0.0 1.0 1.0 0.0 0.0 0.0 0.0 1.0 0.0 1.0 0.0 1.0
-1 1418360973.557405 0.0 0.0 2.0 1.0 0.0 0.0 0.0 0.0 0.0 0.0 1.0 0.0 1.0
-1 1418360974.553100 1.0 0.0 0.0 0.0 0.0 0.0 0.0 0.0 0.0 0.0 0.0 0.0 0.0
-1 1418360974.735747 0.0 0.0 0.0 0.0 0.0 0.0 0.0 0.0 1.0 0.0 0.0 0.0 0.0
-1 1418360974.965870 0.0 0.0 0.0 0.0 0.0 0.0 0.0 0.0 0.0 0.0 0.0 0.0 0.0
-1 1418360975.301638 0.0 0.0 0.0 0.0 0.0 0.0 0.0 0.0 0.0 0.0 0.0 0.0 0.0
-1 1418360976.053174 0.0 0.0 0.0 0.0 0.0 0.0 0.0 0.0 0.0 0.0 0.0 0.0 0.0
-1 1418360977.652101 1.96 0.0 1.0 0.0 1.0 0.0 0.0 1.96 0.0 1.96 0.0 0.0 0.0
-1 1418360979.467197 1.766336 0.0 1.8816 0.0 1.0 0.0 0.8816 1.766336 1.766336 0.0 0.0 0.0 0.0
-1 1418360981.120995 0.0 1.0 2.0 0.0 0.0 0.0 1.0 1.0 2.0 0.0 0.0 0.0 0.0
