-1 1418351585.116593 2.980199 1.0 2.980199 4.960397 4.980199 3.960397 1.980199 2.980199 1.0 3.960397 3.980199 4.960397 3.980199
-1 1418351586.699580 1.0 1.0 1.0 0.0 0.0 0.0 1.0 1.0 0.0 0.0 2.0 0.0 2.0
-1 1418351588.473768 1.0 0.0 0.0 1.0 0.0 1.0 1.0 1.0 2.0 2.0 0.0 1.0 0.0
-1 1418351589.854896 1.0 0.0 0.0 0.0 0.0 0.0 0.0 1.0 0.0 0.0 0.0 0.0 0.0
-1 1418351591.259618 4.940988 0.0 3.980199 3.980199 4.980199 3.980199 2.980199 4.940988 0.0 3.980199 4.980199 5.921187 4.980199
-1 1418351592.515251 2.980199 1.0 0.0 1.980199 1.980199 1.980199 1.0 2.0 1.980199 2.980199 1.980199 0.0 1.980199
-1 1418351593.821139 0.0 0.0 1.0 0.0 1.0 0.0 0.0 0.0 0.0 0.0 2.980199 1.0 2.980199
-1 1418351594.991427 0.0 0.0 0.0 0.0 0.0 0.0 0.0 0.0 0.0 0.0 1.0 0.0 1.0
-1 1418351596.034986 4.0 3.0 2.0 1.0 0.0 0.0 3.0 4.0 2.0 3.0 0.0 1.0 0.0
-1 1418351597.030523 0.0 0.0 0.0 0.0 0.0 0.0 0.0 0.0 0.0 0.0 0.0 0.0 0.0
-1 1418351598.048626 4.980199 1.980199 2.940988 3.960397 0.0 4.960397 1.980199 3.980199 5.960397 7.920795 4.960397 1.980199 4.960397
-1 1418351599.062466 1.0 1.0 2.0 2.0 2.0 2.0 2.0 1.0 4.0 3.0 2.0 1.0 2.0
-1 1418351600.042471 0.0 1.0 2.0 1.0 2.0 1.0 1.0 0.0 0.0 1.0 2.0 1.0 2.0
-1 1418351600.989986 4.960397 4.960397 1.980199 1.0 0.0 0.0 4.960397 5.940596 4.960397 1.0 2.0 0.0 2.0
-1 1418351602.083547 6.940596 5.960397 3.881976 0.0 3.862175 0.0 4.960397 2.0 4.960397 1.881976 0.0 1.881976 0.0
-1 1418351602.827089 2.0 1.0 0.0 1.0 0.0 0.0 1.0 0.0 1.0 1.0 0.0 0.0 0.0
-1 1418351603.829243 0.0 1.0 1.0 1.0 0.0 0.0 0.0 0.0 0.0 0.0 1.0 1.0 1.0
-1 1418351604.934035 1.0 1.0 1.0 1.0 0.0 0.0 3.960397 1.0 1.0 1.0 0.0 0.0 0.0
-1 1418351605.919350 2.0 2.0 2.0 1.0 0.0 0.0 2.0 2.0 0.0 0.0 0.0 0.0 0.0
-1 1418351606.579859 1.0 0.0 0.0 0.0 0.0 1.0 0.0 1.0 2.0 1.0 0.0 0.0 0.0
-1 1418351607.529098 2.0 1.0 0.0 0.0 0.0 1.0 2.0 1.0 0.0 1.0 0.0 0.0 0.0
-1 1418351608.557779 0.0 2.0 1.0 0.0 0.0 0.0 1.0 0.0 0.0 0.0 0.0 0.0 0.0
-1 1418351609.550435 0.0 0.0 0.0 1.0 1.0 1.0 0.0 0.0 0.0 1.0 0.0 1.0 0.0
-1 1418351610.556487 0.0 0.0 3.0 3.0 0.0 0.0 2.0 0.0 0.0 0.0 3.0 0.0 3.0
-1 1418351611.481422 1.0 1.0 3.0 0.0 0.0 1.0 2.0 2.0 4.0 1.0 0.0 1.0 0.0
-1 1418351612.234625 1.0 1.0 2.0 2.0 1.0 2.0 1.0 1.0 3.0 3.0 2.0 2.0 2.0
-1 1418351612.946858 1.980199 0.0 1.980199 3.960397 1.0 1.0 0.0 0.0 0.0 1.980199 1.980199 1.0 1.980199
-1 1418351613.723791 0.0 0.0 0.0 0.0 0.0 0.0 0.0 0.0 0.0 0.0 0.0 0.0 0.0
-1 1418351614.357110 1.0 1.0 0.0 0.0 1.0 0.0 1.0 1.0 1.0 2.0 0.0 0.0 0.0
-1 1418351615.261149 0.0 0.0 0.0 1.0 0.0 0.0 0.0 0.0 0.0 0.0 0.0 0.0 0.0
-1 1418351616.005289 0.0 1.0 0.0 0.0 0.0 0.0 0.0 0.0 0.0 0.0 0.0 0.0 0.0
-1 1418351616.940527 4.0 3.0 3.0 3.0 3.0 3.0 2.0 4.0 3.0 2.0 3.0 3.0 3.0
-1 1418351617.670895 0.0 0.0 0.0 0.0 0.0 0.0 0.0 0.0 0.0 0.0 0.0 0.0 0.0
-1 1418351618.126353 1.0 1.0 1.0 0.0 0.0 0.0 1.0 1.0 1.0 1.0 0.0 0.0 0.0
-1 1418351619.132697 0.0 0.0 0.0 0.0 0.0 0.0 0.0 0.0 0.0 0.0 0.0 0.0 0.0
-1 1418351619.491188 0.0 0.0 0.0 0.0 1.0 0.0 0.0 0.0 0.0 0.0 1.0 1.0 1.0
-1 1418351619.614347 0.0 0.0 0.0 0.0 0.0 0.0 0.0 0.0 0.0 0.0 0.0 0.0 0.0
-1 1418351619.775124 2.0 3.960397 3.0 3.960397 3.0 3.960397 1.0 1.0 1.940988 2.0 2.0 3.0 2.0
-1 1418351619.982441 3.940988 3.0 7.844687 8.881584 2.0 2.0 3.980199 3.0 4.0 3.0 2.0 1.0 2.0
-1 1418351620.287389 3.0 2.921187 2.881976 1.980199 0.940988 2.0 1.0 2.0 1.0 3.980199 1.0 1.0 1.0
-1 1418351620.831839 2.980199 0.0 4.960397 4.980199 4.980199 4.980199 3.0 1.980199 1.0 2.980199 3.980199 3.980199 3.980199
-1 1418351622.436385 0.0 0.940988 0.0 3.940988 1.980199 1.940988 6.901385 1.0 4.940988 1.940988 2.0 1.980199 2.0
-1 1418351625.806131 3.940988 2.0 4.960397 1.980199 3.0 1.980199 4.922355 2.0 4.0 4.845472 2.0 1.0 2.0
-1 1418351628.410780 1.0 1.0 1.0 2.0 1.0 2.0 2.0 2.0 2.0 2.0 2.0 3.0 2.0
-1 1418351630.221974 0.0 1.0 2.0 0.0 2.0 3.0 0.0 0.0 0.0 3.0 2.0 2.0 2.0
-1 1418351632.033389 0.0 0.0 0.0 0.0 1.980199 0.0 0.0 0.0 0.0 0.0 1.980199 1.980199 1.980199
-1 1418351633.940550 0.0 0.0 0.0 2.0 0.0 0.0 0.0 1.0 0.0 0.0 3.0 0.0 3.0
-1 1418351635.592424 0.0 0.0 2.0 0.0 0.0 0.0 0.0 0.0 0.0 0.0 0.0 0.0 0.0
-1 1418351637.197938 0.0 0.0 0.0 0.0 0.0 0.0 0.0 0.0 0.0 0.0 0.0 0.0 0.0
-1 1418351638.577170 0.0 0.0 3.0 2.0 4.0 2.0 0.0 0.0 1.0 2.0 2.0 2.0 2.0
-1 1418351639.869432 0.0 0.0 0.0 0.0 0.0 0.0 0.0 0.0 0.0 0.0 0.0 0.0 0.0
-1 1418351641.044732 2.0 2.0 2.0 3.0 2.0 3.0 1.0 2.0 2.0 1.0 2.0 2.0 2.0
-1 1418351642.409163 2.0 2.0 3.0 1.0 0.0 1.0 1.0 1.0 1.0 1.0 2.0 0.0 2.0
-1 1418351643.547130 0.0 0.0 0.0 0.0 0.0 0.0 0.0 0.0 0.0 0.0 0.0 0.0 0.0
-1 1418351644.343795 0.0 1.0 1.0 1.0 1.0 0.0 1.0 0.0 1.0 2.0 1.0 1.0 1.0
-1 1418351645.229798 4.0 1.0 1.0 1.0 0.0 1.0 1.0 2.0 1.0 1.0 1.0 0.0 1.0
-1 1418351646.085995 0.0 1.0 0.0 0.0 1.0 0.0 1.0 0.0 0.0 0.0 1.0 1.0 1.0
-1 1418351647.389386 0.0 0.0 1.0 1.0 1.0 1.0 1.0 0.0 0.0 1.0 2.0 1.0 2.0
-1 1418351648.196228 1.0 2.0 1.0 2.0 0.0 0.0 3.980199 1.0 1.0 1.0 0.0 0.0 0.0
-1 1418351648.944200 0.0 0.0 0.0 0.0 0.0 0.0 0.0 0.0 0.0 0.0 0.0 0.0 0.0
-1 1418351649.608455 2.0 1.0 1.0 2.0 0.0 3.0 1.0 2.0 3.0 4.0 2.0 1.0 2.0
-1 1418351650.706447 1.0 1.0 1.0 0.0 0.0 0.0 1.0 1.0 1.0 1.980199 1.0 1.0 1.0
-1 1418351651.641742 0.0 1.0 0.0 0.0 1.0 0.0 0.0 0.0 1.0 1.0 0.0 0.0 0.0
-1 1418351652.725140 0.0 1.0 1.0 0.0 1.0 0.0 1.0 0.0 0.0 0.0 0.0 0.0 0.0
-1 1418351653.502096 0.0 0.0 0.0 0.0 0.0 0.0 0.0 0.0 0.0 0.0 0.0 0.0 0.0
-1 1418351654.524489 0.0 0.0 0.0 0.0 0.0 1.0 0.0 0.0 0.0 1.0 0.0 0.0 0.0
-1 1418351655.510343 2.0 2.0 1.0 3.0 3.0 1.0 2.0 2.0 1.0 1.0 3.980199 3.0 3.980199
-1 1418351656.209060 2.0 4.0 3.0 1.0 0.0 1.0 3.0 2.0 1.0 2.0 2.0 0.0 2.0
-1 1418351657.123912 0.0 0.0 1.0 0.0 2.940988 0.0 0.0 0.0 0.0 2.0 0.0 2.940988 0.0
-1 1418351658.080209 3.0 3.0 1.0 1.0 0.0 1.0 3.0 3.0 3.0 3.0 0.0 1.0 0.0
-1 1418351658.945183 2.0 0.0 0.0 0.0 0.0 0.0 0.0 0.0 1.0 0.0 0.0 0.0 0.0
-1 1418351659.825489 0.0 0.0 0.0 0.0 0.0 0.0 0.0 0.0 0.0 0.0 0.0 0.0 0.0
-1 1418351660.607449 0.0 0.0 0.0 1.0 0.0 0.0 1.0 0.0 0.0 0.0 0.0 0.0 0.0
-1 1418351661.597810 0.0 1.0 1.0 0.0 0.0 0.0 0.0 0.0 0.0 0.0 0.0 0.0 0.0
-1 1418351662.281145 0.0 0.0 1.0 0.0 1.0 1.0 0.0 0.0 0.0 1.0 1.0 1.0 1.0
-1 1418351663.073190 0.0 0.0 0.0 0.0 1.0 0.0 0.0 0.0 0.0 1.0 1.0 1.0 1.0
-1 1418351663.746413 1.0 1.0 1.0 1.0 1.0 2.0 1.0 0.0 0.0 2.0 1.0 1.0 1.0
-1 1418351664.555509 0.0 1.0 0.0 1.0 0.0 1.0 0.0 0.0 0.0 1.0 2.0 0.0 2.0
-1 1418351665.380131 0.0 0.0 0.0 0.0 0.0 0.0 0.0 0.0 0.0 0.0 0.0 0.0 0.0
-1 1418351666.197883 0.0 0.0 0.0 0.0 0.0 1.0 0.0 0.0 0.0 1.0 0.0 0.0 0.0
-1 1418351667.012026 1.0 0.0 0.0 0.0 0.0 0.0 0.0 1.0 0.0 0.0 0.0 0.0 0.0
-1 1418351667.855719 0.0 0.0 0.0 0.0 0.0 0.0 0.0 0.0 0.0 0.0 0.0 0.0 0.0
-1 1418351668.620210 0.0 1.0 1.0 0.0 1.0 1.0 1.0 0.0 1.0 1.0 0.0 1.0 0.0
-1 1418351669.253348 0.0 0.0 0.0 1.0 0.0 0.0 0.0 0.0 0.0 0.0 0.0 0.0 0.0
-1 1418351670.122709 0.0 0.0 0.0 1.0 0.0 0.0 0.0 0.0 2.0 0.0 1.0 0.0 1.0
-1 1418351670.446891 0.0 0.0 0.0 0.0 0.0 0.0 0.0 0.0 0.0 0.0 0.0 0.0 0.0
-1 1418351670.594789 2.0 3.980199 2.0 2.0 0.0 3.0 3.0 2.0 2.0 3.0 3.0 1.0 3.0
-1 1418351670.762942 3.921187 2.0 2.0 1.0 1.0 1.0 3.0 1.940988 3.0 2.0 1.0 1.0 1.0
-1 1418351670.991110 4.940988 2.980199 1.980199 3.822964 0.0 1.881976 4.82567 4.940988 2.0 2.711792 1.881976 2.881976 1.881976
-1 1418351671.327095 2.0 3.940988 2.0 6.738776 4.921187 3.980199 4.940988 2.0 4.0 3.940988 2.0 3.980199 2.0
-1 1418351671.942767 2.940988 0.0 1.0 2.0 3.0 3.940988 3.921187 2.882753 3.940988 1.980199 3.0 1.0 3.0
-1 1418351673.589098 2.940988 4.881976 6.0 0.0 0.0 0.0 4.940988 3.881976 0.940988 0.0 1.0 0.0 1.0
-1 1418351676.617866 2.980199 1.0 1.0 5.881976 1.0 2.0 1.0 2.0 0.0 2.0 3.0 1.0 3.0
-1 1418351679.431763 1.0 0.0 0.0 0.0 0.0 0.0 0.0 0.0 0.0 0.0 0.0 0.0 0.0
-1 1418351681.290209 1.0 1.0 0.0 0.0 1.0 0.0 1.0 2.0 2.0 0.0 0.0 1.940988 0.0
-1 1418351683.055852 1.0 3.0 0.0 0.0 0.0 1.0 1.0 1.0 0.0 1.0 0.0 0.0 0.0
-1 1418351684.445476 1.0 2.0 2.0 1.940988 0.0 1.940988 2.0 1.0 1.0 1.940988 1.0 0.0 1.0
-1 1418351685.927498 0.0 1.0 2.0 1.0 1.980199 1.0 1.0 1.0 0.0 1.0 1.980199 1.980199 1.980199
-1 1418351687.462364 0.0 1.0 2.980199 2.0 1.980199 2.940988 1.0 0.0 0.0 2.940988 1.0 1.980199 1.0
-1 1418351689.256781 0.0 0.0 0.0 0.0 0.0 1.0 0.0 0.0 0.0 2.0 0.0 0.0 0.0
-1 1418351690.834145 3.0 0.0 1.0 2.0 1.940988 1.0 2.0 2.0 0.0 1.0 1.0 2.940988 1.0
