-1 1418366921.007211 0.0 1.96 1.96 0.0
-1 1418366921.562862 2.0 3.0 2.0 1.0
-1 1418366922.034071 3.0 4.0 4.92 1.0
-1 1418366922.932373 0.0 0.0 0.0 0.0
-1 1418366923.016310 1.0 0.0 0.0 0.0
-1 1418366923.559342 2.0 1.0 2.0 1.0
-1 1418366923.764588 0.0 1.96 1.96 0.0
-1 1418366923.914323 0.0 0.0 0.0 0.0
-1 1418366924.053858 0.0 0.0 0.0 0.0
-1 1418366924.206389 0.0 0.0 0.0 0.0
-1 1418366924.327439 1.0 2.0 6.8816 3.96
-1 1418366924.452212 1.96 1.0 3.615683 0.8816
-1 1418366924.583795 1.772483 10.404341 5.96 6.92
-1 1418366924.705032 1.0 4.444341 0.0 1.0
-1 1418366924.847142 2.0 1.0 1.0 4.615683
-1 1418366924.979558 2.59512 1.0 0.0 1.96
-1 1418366925.031174 2.615683 3.615683 1.96 3.0
-1 1418366925.135822 2.0 1.0 1.0 2.0
-1 1418366925.250063 4.0 1.7632 3.0 4.8816
-1 1418366925.382875 0.601141 2.846336 2.0 3.444341
-1 1418366925.513974 0.0 3.846336 4.766336 1.0
-1 1418366925.660188 0.695683 0.368483 2.545216 8.528765
-1 1418366925.793329 2.846336 3.0 6.0 9.15917
-1 1418366925.942087 1.0 5.106175 4.0422 1.741583
-1 1418366926.038598 2.0 1.0 2.96 5.647936
-1 1418366926.163827 2.0 3.615683 6.615683 9.877897
-1 1418366926.312582 0.8816 5.404341 2.96 7.892092
-1 1418366926.441061 2.450613 3.0 3.579973 5.806336
-1 1418366926.579507 0.0 3.0 6.917178 3.239535
-1 1418366926.715785 3.7632 1.8816 4.194863 5.760634
-1 1418366926.878356 4.96 1.96 1.96 5.92
-1 1418366927.001427 4.0 0.695683 2.0 4.0
-1 1418366927.023019 4.806336 7.766336 4.766336 6.529536
-1 1418366927.153521 1.0 5.392655 2.0 4.951028
-1 1418366927.296024 5.0 3.92 4.654083 3.96
-1 1418366927.420337 0.0 5.124008 6.216824 4.0
-1 1418366927.563329 2.0 5.695683 4.8816 4.7632
-1 1418366927.698150 0.0 3.96 1.0 1.96
-1 1418366927.808622 0.0 10.018849 9.060149 3.8416
-1 1418366927.941083 1.0 1.0 1.0 2.0
-1 1418366928.046181 0.0 1.0 0.0 8.54583
-1 1418366928.193057 1.0 4.647936 4.405071 6.7232
-1 1418366928.347582 5.410613 4.51512 6.909496 8.060149
-1 1418366928.496945 1.0 1.0 0.0 2.0
-1 1418366928.635386 0.0 2.0 4.8816 4.96
-1 1418366928.767001 2.0 1.96 3.96 17.59848
-1 1418366928.912049 6.727936 0.0 0.0 3.8416
-1 1418366929.032822 1.0 3.8416 4.8416 1.0
-1 1418366929.161653 1.0 4.8416 2.96 6.88782
-1 1418366929.314199 2.713799 3.615242 2.96 1.0
-1 1418366929.477153 14.174372 2.7632 2.8816 3.647936
-1 1418366929.614515 3.0 1.0 1.0 8.893988
-1 1418366929.748353 3.96 2.0 3.96 1.450613
-1 1418366929.871774 6.726336 1.0 1.0 6.655683
-1 1418366930.033364 2.0 10.407141 3.991954 12.43986
-1 1418366930.171620 0.0 2.96 5.391055 3.92
-1 1418366930.318756 6.999288 2.0 1.67192 4.0
-1 1418366930.467912 1.0 2.718564 4.401565 1.289872
-1 1418366930.595018 0.0 5.615984 2.0 7.222711
-1 1418366930.741663 1.0 1.0 0.8816 0.772483
-1 1418366930.890429 2.0 3.8416 4.846336 3.615683
-1 1418366931.025913 0.0 2.0 0.428599 7.54172
-1 1418366931.163969 3.96 3.766336 0.415113 4.96711
-1 1418366931.304353 2.96 1.0 1.0 2.581182
-1 1418366931.425890 0.0 3.96 1.397454 6.431086
-1 1418366931.583991 1.0 6.424536 0.0 5.554287
-1 1418366931.771581 1.96 3.766336 2.719638 4.647936
-1 1418366931.927192 0.0 5.384867 0.450613 4.571264
-1 1418366932.033336 0.0 1.0 0.0 6.852092
-1 1418366932.188238 1.0 0.0 0.0 4.362306
-1 1418366932.335767 1.7632 1.96 3.216949 5.766336
-1 1418366932.482212 1.0 1.0 0.695683 0.0
-1 1418366932.662732 1.96 3.96 1.8816 4.92
-1 1418366932.761810 0.0 2.96 1.0 2.96
-1 1418366932.907927 2.0 2.0 1.772483 2.96
-1 1418366933.040863 4.0 1.0 5.606689 4.286546
-1 1418366933.204389 0.0 4.92 3.7232 4.692672
-1 1418366933.384025 3.0 3.846112 4.8816 6.7632
-1 1418366933.518069 1.0 3.293813 10.919242 2.767248
-1 1418366933.703599 1.0 10.771597 11.531213 7.513453
-1 1418366933.852848 5.661583 3.7632 0.8816 4.422019
-1 1418366933.985896 4.772483 2.0 2.8816 2.173283
-1 1418366934.043083 2.8816 1.8816 1.8816 2.7632
-1 1418366934.167858 1.0 2.8816 2.0 4.8416
-1 1418366934.364941 5.92 9.426733 5.92 5.592907
-1 1418366934.493400 2.0 1.0 2.8416 4.92
-1 1418366934.685689 1.0 1.772483 2.450613 3.8816
-1 1418366934.833596 3.0 3.8816 5.212213 3.8816
-1 1418366934.958719 1.8816 1.0 2.846336 0.0
-1 1418366935.038163 3.0 1.0 2.8816 2.0
-1 1418366935.247322 3.0 2.8416 3.8416 2.8416
-1 1418366935.385845 0.0 0.0 1.8816 6.741583
-1 1418366935.527014 1.8816 2.732483 15.146882 5.100024
-1 1418366935.797483 0.0 1.0 2.96 10.228355
-1 1418366935.957536 0.0 8.111865 2.234189 4.244534
-1 1418366936.051798 3.732483 6.8416 3.96 5.92
-1 1418366936.349633 1.772483 2.741583 4.661583 1.293628
-1 1418366936.496449 1.0 1.0 8.453725 0.0
-1 1418366936.648701 1.96 7.8016 2.403233 3.772483
-1 1418366936.828560 2.0 0.0 1.0 2.772483
-1 1418366936.960017 4.96 2.8416 8.686336 11.162666
-1 1418366937.056228 3.0 2.8416 3.8416 5.686848
-1 1418366937.212045 0.0 3.0 4.587855 1.0
-1 1418366937.336032 1.96 3.0 1.8816 3.0
-1 1418366937.487925 2.0 3.726336 2.615683 4.615683
-1 1418366937.606006 3.0 2.587855 3.378695 2.655683
-1 1418366937.742949 1.8816 2.0 3.96 0.0
-1 1418366937.963660 2.0 0.0 1.766336 0.0
-1 1418366938.022472 0.0 2.96 0.0 1.0
-1 1418366938.529331 0.0 2.96 1.0 5.92
-1 1418366939.034083 3.0 1.0 2.0 2.0
-1 1418366940.022370 0.0 3.0 2.96 4.96
-1 1418366941.025427 2.0 3.0 3.0 3.0
-1 1418366942.028439 1.0 1.0 2.0 2.0
-1 1418366943.051150 1.8816 2.96 3.96 2.0
-1 1418366943.216679 0.0 1.0 0.0 1.0
-1 1418366943.328469 0.0 0.0 0.0 0.0
-1 1418366943.446869 0.0 0.0 0.0 0.0
-1 1418366943.550053 0.0 0.0 0.0 0.0
-1 1418366943.677150 0.0 0.0 0.0 0.0
-1 1418366943.800498 0.0 0.0 0.0 0.0
-1 1418366943.928986 0.0 3.766336 0.0 0.8816
-1 1418366944.041763 0.0 0.0 0.0 0.0
-1 1418366944.157743 0.0 0.0 0.0 0.0
-1 1418366944.258042 0.0 1.0 3.293813 1.511055
-1 1418366944.374680 1.0 2.647936 5.529536 1.766336
-1 1418366944.503353 1.0 1.0 2.0 2.0
-1 1418366944.638566 3.414515 2.0 2.96 2.0
-1 1418366944.759255 8.497283 2.0 1.8816 3.0
-1 1418366944.876049 6.575683 6.453988 2.695683 0.0
-1 1418366945.044263 1.0 2.96 1.0 9.743249
-1 1418366945.204168 6.92 0.0 4.766336 1.0
-1 1418366945.313408 1.0 2.0 1.0 4.623183
-1 1418366945.450895 2.0 0.8816 1.0 4.92385
-1 1418366945.579393 2.0 7.647936 1.0 2.8816
-1 1418366945.712480 1.0 0.0 1.96 6.476277
-1 1418366945.826734 8.012402 3.0 3.96 3.766336
-1 1418366945.952962 2.96 3.96 0.0 1.96
-1 1418366946.029147 3.0 1.0 1.0 3.659206
-1 1418366946.181037 1.0 4.276055 2.846336 6.472432
-1 1418366946.333217 0.0 10.322831 1.8816 0.8816
-1 1418366946.486969 16.889228 3.0 1.0 3.570289
-1 1418366946.626256 1.0 5.872619 0.772483 4.865291
-1 1418366946.748623 1.0 4.335285 5.661583 17.018591
-1 1418366946.895806 1.0 1.0 2.486033 0.0
-1 1418366947.041489 4.144757 2.0 1.8816 2.766336
-1 1418366947.198353 2.96 5.88 3.96 21.749049
-1 1418366947.300851 0.0 1.0 2.772483 1.0
-1 1418366947.438091 1.96 1.0 0.0 1.0
-1 1418366947.562749 3.8816 0.0 2.647936 3.723799
-1 1418366947.697651 1.0 1.450613 2.8416 6.743924
-1 1418366947.841834 2.0 2.0 2.0 3.96
-1 1418366947.963204 2.0 1.0 1.0 3.0
-1 1418366948.039560 1.0 0.0 1.0 0.8816
-1 1418366948.171623 0.0 5.370613 4.372915 6.765532
-1 1418366948.292241 3.806336 5.434191 4.469455 10.114161
-1 1418366948.429503 2.96 4.8816 2.0 4.985823
-1 1418366948.580898 2.8816 1.0 2.0 3.293813
-1 1418366948.712712 1.0 5.144757 2.0 3.583362
-1 1418366948.864279 3.0 6.222263 5.714873 5.392655
-1 1418366949.002927 3.772483 3.0 1.0 0.0
-1 1418366949.018580 1.8816 2.96 0.0 5.845631
-1 1418366949.162121 2.0 7.391055 2.0 5.130417
-1 1418366949.297197 0.0 2.0 3.96 4.772483
-1 1418366949.460238 0.0 8.723019 6.244235 3.56025
-1 1418366949.622862 6.96 0.0 1.0 1.0
-1 1418366949.755609 0.0 2.846336 3.118052 1.0
-1 1418366949.908953 1.0 3.661583 2.547907 0.8816
-1 1418366950.045838 0.0 4.695683 2.0 1.8816
-1 1418366950.183887 0.0 9.03289 3.96 5.655046
-1 1418366950.365583 2.0 2.403233 1.516779 1.0
-1 1418366950.522382 2.96 4.96 2.96 8.534272
-1 1418366950.680816 1.0 1.0 4.601141 6.689468
-1 1418366950.808889 2.0 12.116865 3.957149 2.0
-1 1418366950.956750 2.96 3.766336 3.0 3.0
-1 1418366951.035357 0.0 4.532672 2.0 5.346567
-1 1418366951.171016 1.0 3.0 2.667855 3.995578
-1 1418366951.299168 4.96 3.846336 4.840599 5.050572
-1 1418366951.474595 2.0 7.670276 6.953707 6.66147
-1 1418366951.601654 2.8416 0.0 4.612672 2.758399
-1 1418366951.740335 0.0 0.0 0.0 1.772483
-1 1418366951.874290 0.0 4.766336 1.0 0.0
-1 1418366952.005630 10.828285 3.8816 8.535683 1.0
-1 1418366952.155078 2.8416 5.92 1.0 4.96
-1 1418366952.316314 4.647936 2.450613 8.671148 6.557503
-1 1418366952.463321 2.0 2.0 1.0 6.311365
-1 1418366952.610633 2.0 7.446338 4.196778 4.149584
-1 1418366952.758780 1.0 1.0 5.806336 8.955674
-1 1418366952.883564 0.0 2.0 5.328467 4.313263
-1 1418366953.030022 2.0 2.269779 3.0 9.552281
-1 1418366953.166300 2.524341 5.653846 4.693846 3.96
-1 1418366953.338125 1.0 2.0 1.0 2.7632
-1 1418366953.468645 1.0 1.0 0.0 2.8816
-1 1418366953.635942 3.0 4.766336 3.892182 4.96
-1 1418366953.761143 13.665128 0.0 2.96 7.046722
-1 1418366953.895848 1.0 0.0 1.0 2.96
-1 1418366954.061511 2.8816 0.8816 2.96 3.922844
-1 1418366954.193267 4.7232 2.96 9.351055 9.194086
-1 1418366954.357702 3.846336 1.8816 9.272655 2.741583
-1 1418366954.484307 1.0 2.0 2.8816 2.0
-1 1418366954.649935 0.0 1.0 3.0 1.0
-1 1418366954.782436 1.0 1.601141 3.482741 4.116261
-1 1418366954.912132 5.0 1.0 4.8816 2.96
-1 1418366955.044730 2.0 4.312655 5.831449 17.370591
-1 1418366955.191315 11.081135 1.0 1.0 0.0
-1 1418366955.318792 2.0 2.615683 0.8816 2.766336
-1 1418366955.439477 2.0 4.370613 3.806336 3.0
-1 1418366955.586409 4.92 13.501511 8.098705 5.615683
-1 1418366955.739278 2.96 4.906445 3.511055 4.8416
-1 1418366955.862084 2.0 1.0 2.0 0.0
-1 1418366956.004725 1.0 4.418241 1.8816 2.0
-1 1418366956.130208 1.0 3.96845 3.8816 3.0
-1 1418366956.257828 2.8816 10.624805 6.457283 11.410203
-1 1418366956.415843 15.227551 1.0 1.0 1.450613
-1 1418366956.598473 3.96 7.188272 3.686702 5.871321
-1 1418366956.754229 3.0 6.743581 12.93989 5.256283
-1 1418366956.881115 4.92 4.249439 2.7632 5.92
-1 1418366957.031217 4.8416 6.8816 7.809356 5.8816
-1 1418366957.150067 2.0 8.972639 7.075722 4.661583
-1 1418366957.324374 1.450613 10.147175 1.650024 8.238798
-1 1418366957.456604 3.661583 2.0 0.0 1.96
-1 1418366957.613373 1.0 6.462195 8.283174 11.842241
-1 1418366957.741571 0.0 11.638063 8.227452 3.96
-1 1418366957.882739 4.96 4.213813 7.032979 8.277212
-1 1418366958.032407 3.772483 1.0 2.0 2.8816
-1 1418366958.173488 2.0 3.423367 1.637471 3.8416
-1 1418366958.322758 1.544965 11.511013 6.475062 1.327085
-1 1418366958.478393 6.615683 1.8816 6.994148 6.01603
-1 1418366958.640245 3.0 4.96 7.17456 9.828189
-1 1418366958.783850 2.96 14.401141 5.748439 3.46855
-1 1418366958.958522 1.511055 2.0 5.325941 2.503538
-1 1418366959.053468 4.8816 4.444341 3.772483 3.0
-1 1418366959.199431 1.0 1.0 0.502441 1.0
-1 1418366959.345211 2.695683 8.433654 7.589535 6.213813
-1 1418366959.456348 2.0 0.0 6.832423 4.914379
-1 1418366959.571466 5.766336 0.0 0.0 0.0
-1 1418366959.728514 0.0 1.0 2.0 4.349841
-1 1418366959.849343 1.0 11.958989 6.930282 4.484341
-1 1418366960.002126 5.7632 0.8816 8.822604 1.96
-1 1418366960.020092 2.0 2.8416 0.8816 2.8416
-1 1418366960.155356 1.96 1.0 1.96 3.0
-1 1418366960.304594 5.726336 0.0 2.96 8.038426
-1 1418366960.447201 1.96 1.254886 1.431663 2.928472
-1 1418366960.618407 6.727936 4.0 10.224495 4.0
-1 1418366960.759186 3.0 2.0 2.0 5.289067
-1 1418366960.902109 1.0 7.123461 6.17212 6.702403
-1 1418366961.043966 6.8416 15.311039 8.47176 5.998954
-1 1418366961.168721 7.726336 3.96 4.772483 8.186998
-1 1418366961.317491 5.7232 2.577283 1.0 1.0
-1 1418366961.474115 2.0 3.0 3.058967 2.0
-1 1418366961.629128 2.96 3.92 5.647936 3.336139
-1 1418366961.755224 1.8816 7.201374 3.122061 4.587855
-1 1418366961.900089 2.886165 1.0 3.96 4.8816
-1 1418366962.059408 1.0 2.96 2.695683 3.484341
-1 1418366962.217724 0.0 2.846336 6.838038 4.8416
-1 1418366962.367570 7.458883 2.0 2.524341 6.365941
-1 1418366962.524380 2.96 4.587855 2.0 2.8816
-1 1418366962.637827 0.0 3.0 3.484341 2.96
-1 1418366962.804230 4.0 1.0 2.0 9.15052
-1 1418366962.954083 3.0 3.8816 0.0 2.0
-1 1418366963.045778 0.8816 16.604868 9.965261 11.989306
-1 1418366963.184231 0.8816 1.0 8.612848 4.001381
-1 1418366963.315325 2.96 7.544728 4.462019 7.095413
-1 1418366963.469816 9.929784 0.0 6.609536 2.846336
-1 1418366963.594516 1.0 8.850545 3.971471 8.33323
-1 1418366963.744005 1.0 1.0 6.067957 4.806336
-1 1418366963.876982 3.0 2.0 2.0 12.075204
-1 1418366964.032222 8.141077 0.0 0.8816 1.695683
-1 1418366964.152921 1.0 2.647936 0.8816 6.673824
-1 1418366964.295625 2.0 10.574382 7.279502 9.897398
-1 1418366964.422757 6.493988 0.0 0.0 1.0
-1 1418366964.561154 5.275789 2.647936 0.67192 4.6048
-1 1418366964.696460 1.0 4.96 4.741583 7.726336
-1 1418366964.821828 3.96 3.767448 4.777674 3.959425
-1 1418366964.980920 6.351055 3.0 4.67192 9.881052
-1 1418366965.041864 7.344967 5.8416 4.766336 8.532672
-1 1418366965.179877 1.0 0.0 4.7632 2.772483
-1 1418366965.321778 4.8416 0.0 6.316655 6.642539
-1 1418366965.490299 4.667342 0.59512 7.496549 6.630972
-1 1418366965.627906 1.0 3.655683 0.0 3.92
-1 1418366965.762901 3.766336 1.0 4.661583 3.0
-1 1418366965.892742 1.0 2.0 5.252213 1.0
-1 1418366966.030835 1.0 2.0 3.0 4.8816
-1 1418366966.173695 0.0 6.92 3.96 9.246433
-1 1418366966.318124 5.0 4.477849 3.96 12.146727
-1 1418366966.465528 4.675605 1.8816 1.766336 3.532672
-1 1418366966.677388 4.766336 0.0 3.0 4.0
-1 1418366966.832530 2.0 0.0 2.0 1.0
-1 1418366967.046287 5.0 2.0 1.0 5.96
-1 1418366967.919245 1.0 1.0 1.0 0.0
-1 1418366968.018117 0.0 5.92 3.96 4.96
-1 1418366968.592083 3.0 3.96 3.96 5.0
-1 1418366968.733210 0.0 0.0 0.0 0.0
-1 1418366968.862796 2.0 2.0 2.0 1.0
-1 1418366969.040356 8.647936 4.431055 1.0 4.0
-1 1418366969.150166 0.0 2.766336 1.0 3.0
-1 1418366969.271433 0.8816 1.96 0.0 0.0
-1 1418366969.404383 4.92 2.8416 12.377283 10.011348
-1 1418366969.537845 3.200016 2.0 6.532848 1.772483
-1 1418366969.681167 0.0 1.0 3.0 4.0
-1 1418366969.838861 0.0 5.655683 8.577283 3.8416
-1 1418366969.998669 0.0 3.543183 2.0 1.96
-1 1418366970.062580 0.0 0.0 0.0 1.0
-1 1418366970.213772 3.695683 5.218523 6.497283 2.423506
-1 1418366970.367527 0.0 6.360338 7.26668 5.0
-1 1418366970.519531 2.0 0.8816 4.312655 1.695683
-1 1418366970.660487 0.8816 2.654083 2.7632 3.0
-1 1418366970.797477 3.92 6.422019 7.572672 5.277935
-1 1418366970.935318 2.0 2.695683 4.615683 7.311365
-1 1418366971.053711 3.0 6.575683 1.96 1.0
-1 1418366971.191675 1.0 1.772483 9.457283 2.788658
-1 1418366971.316437 1.0 4.0 4.806336 2.774035
-1 1418366971.491840 2.0 2.8816 0.8816 4.43512
-1 1418366971.623315 1.0 1.0 1.8816 1.8816
-1 1418366971.773368 2.0 13.6281 4.511345 3.153978
-1 1418366971.922965 4.766336 2.0 2.0 2.524341
-1 1418366972.047735 3.96 3.8416 4.92 3.96
-1 1418366972.184417 2.0 8.350604 8.028653 2.524341
-1 1418366972.326417 0.431663 3.846336 2.0 7.543183
-1 1418366972.449564 6.88 3.96 0.0 1.0
-1 1418366972.591696 5.88 5.615683 3.618819 2.8816
-1 1418366972.721710 0.0 1.96 3.070113 4.420432
-1 1418366972.882782 7.7232 0.0 0.0 3.8816
-1 1418366973.014445 2.0 0.0 0.0 1.0
-1 1418366973.142464 2.601141 1.0 2.348409 4.855697
-1 1418366973.280353 4.0 8.056131 5.306017 13.582907
-1 1418366973.414118 3.654083 0.0 2.96 7.846861
-1 1418366973.572280 1.0 1.8816 2.913596 1.8816
-1 1418366973.757302 2.0 1.0 0.450891 3.088892
-1 1418366973.934389 3.0 6.831449 3.322408 2.0
-1 1418366974.025432 2.0 4.92 5.158925 6.093072
-1 1418366974.226228 4.8816 1.96 6.925797 3.061937
-1 1418366974.337442 1.0 4.92 1.0 1.171104
-1 1418366974.503433 1.0 1.0 3.8816 1.772483
-1 1418366974.635943 1.7632 1.695683 4.615683 1.695683
-1 1418366974.784710 3.96 1.96 4.8816 3.8816
-1 1418366974.941414 1.0 4.726336 9.890353 4.8816
-1 1418366975.053553 1.450613 3.772483 5.256885 3.0
-1 1418366975.204353 3.346567 0.695683 2.727936 1.8816
-1 1418366975.348706 1.0 0.0 0.0 1.0
-1 1418366975.505077 1.0 4.96 2.0 4.96
-1 1418366975.672369 5.577283 3.96 1.0 4.0
-1 1418366975.805415 1.96 4.96 5.411379 1.772483
-1 1418366975.972874 5.537283 3.667855 4.0 2.0
-1 1418366976.027896 3.96 3.8816 6.8816 3.96
-1 1418366976.164075 2.277935 2.0 5.420419 4.135108
-1 1418366976.335624 10.109955 3.806336 6.126738 8.724029
-1 1418366976.504292 1.96 3.283538 5.492672 3.96
-1 1418366976.660084 4.8016 1.96 8.401637 1.0
-1 1418366976.785544 2.0 6.955396 5.96 3.96
-1 1418366976.974099 4.96 2.0 5.8816 5.726336
-1 1418366977.027261 1.0 2.0 4.511055 3.360338
-1 1418366977.199514 2.0 4.92 2.8816 4.654818
-1 1418366977.361485 2.0 0.084556 1.0 1.96
-1 1418366977.496436 4.8416 2.846336 1.508463 3.0
-1 1418366977.642170 0.0 6.7632 8.837178 8.92711
-1 1418366977.794591 1.0 13.83506 11.553605 5.461633
-1 1418366977.913875 0.0 1.0 0.0 0.0
-1 1418366978.032711 2.96 4.0 3.8816 2.96
-1 1418366978.173981 3.806336 1.0 1.8816 5.615683
-1 1418366978.361144 1.0 2.296824 0.0 0.0
-1 1418366978.517561 4.111357 4.647936 2.8816 4.8816
-1 1418366978.683345 2.0 6.399856 3.846336 6.384041
-1 1418366978.812600 4.381421 4.8416 4.8416 5.8416
-1 1418366978.954831 1.8816 1.96 6.219126 9.982419
-1 1418366979.049271 1.8816 1.7632 2.163848 5.8016
-1 1418366979.196496 3.8816 2.772483 2.0 1.577283
-1 1418366979.343785 3.8416 4.542019 5.897743 5.695683
-1 1418366979.495432 0.772483 2.8816 9.744144 5.158135
-1 1418366979.621274 1.0 6.122061 2.0 3.846336
-1 1418366979.758769 0.0 6.766336 7.869557 5.213813
-1 1418366979.886907 0.8816 6.446643 2.0 5.429455
-1 1418366980.040621 7.180024 2.7632 3.543183 4.661583
-1 1418366980.182383 3.96 4.8816 2.0 2.8816
-1 1418366980.336686 1.0 7.965261 3.96 5.806336
-1 1418366980.492039 1.0 7.814044 5.476072 2.687769
-1 1418366980.655966 0.0 5.687936 2.96 15.299933
-1 1418366980.784308 2.661583 0.0 2.0 2.488124
-1 1418366980.929663 3.8416 2.0 5.8923 3.0
-1 1418366981.048196 3.8816 2.7632 2.22785 3.7632
-1 1418366981.203016 3.846336 1.0 0.356913 2.772483
-1 1418366981.345046 2.8816 5.195789 7.025702 4.615683
-1 1418366981.489652 2.0 4.001696 5.242962 2.8816
-1 1418366981.652765 2.283538 4.92 4.4835 5.0235
-1 1418366981.789857 4.96 3.96 5.92 3.96
-1 1418366981.927374 1.0 1.7632 2.8416 0.8816
-1 1418366982.049437 4.283538 2.0 3.96 3.0
-1 1418366982.199566 6.498819 3.96 3.846336 6.544728
-1 1418366982.348875 0.0 3.96 3.772483 1.0
-1 1418366982.507008 3.0 5.8816 4.8816 3.824743
-1 1418366982.640395 7.954168 3.96 4.013917 7.8416
-1 1418366982.805651 8.206565 0.772483 0.8816 1.589683
-1 1418366982.956580 3.0 7.419579 4.412855 0.0
-1 1418366983.034871 4.0 5.170554 1.0 4.609536
-1 1418366983.169629 4.96 1.0 10.870811 2.0
-1 1418366983.339186 0.0 16.177189 8.787094 13.472944
-1 1418366983.467484 1.0 3.96 5.92 5.652672
-1 1418366983.675930 0.0 2.511055 3.643391 8.03373
-1 1418366983.821893 3.0 0.0 2.96 0.0
-1 1418366983.948753 3.96 3.92 3.8816 5.88
-1 1418366984.047258 1.8816 2.0 2.8816 1.846336
-1 1418366984.205784 4.0 3.067957 3.437212 6.791403
-1 1418366984.344792 2.0 5.828242 3.0 8.663807
-1 1418366984.495062 2.0 0.0 0.8816 1.0
-1 1418366984.653974 3.96 2.8816 5.766336 7.647936
-1 1418366984.818176 0.0 4.96 6.846369 6.420419
-1 1418366985.017114 4.615683 0.0 2.655683 4.928732
-1 1418366985.138450 1.0 1.96 2.846336 2.0
-1 1418366985.306709 2.0 3.647936 9.157701 4.577283
-1 1418366985.428447 3.0 3.0 6.0 6.8416
-1 1418366985.560576 2.8816 3.484341 5.254515 5.309519
-1 1418366985.729406 0.0 4.7232 1.577283 2.8816
-1 1418366985.879863 3.0 1.8816 0.0 3.772483
-1 1418366986.041977 7.438256 4.96 7.7632 5.615683
-1 1418366986.188148 1.96 3.0 2.8816 7.159535
-1 1418366986.328210 1.0 7.436249 9.135663 4.797426
-1 1418366986.482582 1.96 1.001696 2.295842 5.799956
-1 1418366986.636155 3.92 2.772483 1.96 7.264334
-1 1418366986.784343 2.0 6.178984 5.96 5.213813
-1 1418366986.916051 3.0 3.741583 1.0 1.8816
-1 1418366987.060166 3.0 1.0 5.92 4.0
-1 1418366987.191490 0.0 2.8416 5.647936 2.7632
-1 1418366987.309622 0.0 4.96 2.8816 3.995743
-1 1418366987.454723 4.8416 3.0 3.0 3.0
-1 1418366987.595104 1.0 0.0 3.0 1.667855
-1 1418366987.769279 2.0 0.695683 0.0 1.0
-1 1418366987.908055 0.8816 4.601141 2.695683 6.502019
-1 1418366988.054107 2.0 0.0 3.360348 2.695683
-1 1418366988.177977 4.96 2.0 3.96 0.0
-1 1418366988.314482 0.0 3.615683 3.654083 1.8816
-1 1418366988.480835 0.8816 9.792071 1.0 4.291172
-1 1418366988.620584 1.0 1.865829 3.647936 2.314309
-1 1418366988.807020 9.056765 0.0 2.0 3.0
-1 1418366988.962089 0.0 2.0 2.8416 2.96
-1 1418366989.124962 1.0 1.0 0.0 0.0
-1 1418366989.254441 0.0 1.0 0.0 0.0
-1 1418366989.417390 1.0 2.96 2.0 2.0
-1 1418366989.536803 2.0 2.0 1.8816 2.8816
-1 1418366989.668398 2.96 2.450613 0.450613 1.223096
-1 1418366989.804705 2.0 0.0 2.0 2.0
-1 1418366989.949029 0.0 1.587855 1.587855 2.0
-1 1418366990.056058 1.0 1.0 2.010336 0.152957
-1 1418366990.200218 2.0 1.601141 0.0 0.0
-1 1418366990.320688 1.0 0.0 1.0 4.491315
-1 1418366990.438663 2.0 0.0 2.0 3.96
-1 1418366990.598552 2.8816 4.661583 3.726001 3.0
-1 1418366990.736193 2.846336 2.0 2.0 1.0
-1 1418366990.866148 1.0 2.8816 0.0 7.51512
-1 1418366991.005717 3.846336 2.0 0.0 5.402667
-1 1418366991.106444 1.8816 5.846336 6.731026 3.450613
-1 1418366991.246338 3.0 2.0 0.0 2.0
-1 1418366991.386016 2.0 0.0 1.0 0.8816
-1 1418366991.510593 1.0 7.161521 2.0 4.025291
-1 1418366991.691513 4.524341 4.654083 9.658421 4.878778
-1 1418366991.840373 0.0 1.0 1.8816 14.210387
-1 1418366991.972441 5.92 0.0 5.83103 3.933799
-1 1418366992.027165 2.0 1.8816 2.0 1.0
-1 1418366992.165682 0.0 2.96 2.0 3.96
-1 1418366992.302989 0.0 4.813669 4.680491 2.96
-1 1418366992.426994 3.8416 2.8816 4.615683 4.384041
-1 1418366992.580796 1.7632 2.0 0.8816 0.8816
-1 1418366992.707446 2.861437 2.96 4.174305 2.0
-1 1418366992.860008 2.0 1.0 3.165932 0.524341
-1 1418366992.991922 1.0 1.0 3.969161 1.706805
-1 1418366993.023354 1.0 4.92 3.96 1.0
-1 1418366993.182656 2.846336 1.0 0.695683 2.846336
-1 1418366993.334506 2.0 3.212705 1.772483 2.0
-1 1418366993.500537 2.482741 2.749098 0.0 6.885034
-1 1418366993.635426 4.925017 5.0 6.806336 8.511055
-1 1418366993.796411 0.0 0.0 2.866869 2.0
-1 1418366993.938740 1.0 6.178549 2.8816 11.077228
-1 1418366994.044652 5.293813 0.0 5.701583 4.8816
-1 1418366994.170416 2.0 1.0 3.356364 2.0
-1 1418366994.312499 0.0 3.0 5.427919 5.733363
-1 1418366994.443254 3.0 7.012402 1.0 4.991093
-1 1418366994.595148 3.647936 2.0 1.0 3.96
-1 1418366994.745003 6.6832 4.96 3.8416 2.96
-1 1418366994.877654 2.0 1.0 2.8816 3.36185
-1 1418366995.032860 0.0 1.0 1.0 7.135505
-1 1418366995.167281 0.0 1.0 4.8416 0.0
-1 1418366995.309153 3.96 4.986097 12.314362 1.96
-1 1418366995.434470 2.96 8.095413 3.524341 6.252491
-1 1418366995.571833 3.96 0.0 4.0 1.0
-1 1418366995.709467 1.8816 7.970469 7.771589 8.271775
-1 1418366995.840422 3.587855 10.6432 3.96 3.8416
-1 1418366995.984709 0.0 1.96 2.96 2.544965
-1 1418366996.029861 1.0 7.997655 8.49342 6.440213
-1 1418366996.172141 9.588456 5.96397 7.431055 6.431055
-1 1418366996.285550 1.0 5.647936 5.176949 6.607936
-1 1418366996.423073 5.8816 4.928397 6.688367 12.422543
-1 1418366996.566439 1.0 1.8816 2.0 2.0
-1 1418366996.740911 2.0 2.0 4.0 2.0
-1 1418366996.879745 4.463367 4.8816 10.038124 10.390949
-1 1418366997.031108 0.0 1.0 1.524341 4.695683
-1 1418366997.161508 1.67192 1.96 0.0 1.96
-1 1418366997.331501 3.8816 2.8816 1.577283 5.309519
-1 1418366997.477399 1.0 2.8816 1.0 1.96
-1 1418366997.634671 1.96 4.92 2.96 3.726336
-1 1418366997.773430 5.577283 4.8816 1.8816 10.619106
-1 1418366997.917315 2.296824 6.612672 2.846336 6.689712
-1 1418366998.028543 2.8816 1.0 3.0 7.759866
-1 1418366998.161126 1.0 6.043661 7.497283 7.879568
-1 1418366998.290255 0.0 9.686336 4.92 4.3715
-1 1418366998.417734 2.0 11.599246 4.726336 6.194924
-1 1418366998.581271 4.325941 5.083661 5.727936 10.782718
-1 1418366998.716625 3.0 1.695683 2.0 3.444341
-1 1418366998.844278 0.0 12.997248 6.08391 4.626805
-1 1418366998.994965 7.535683 0.0 4.113089 4.186998
-1 1418366999.020601 1.0 1.8816 1.0 5.8816
-1 1418366999.154780 1.0 1.0 2.0 1.695683
-1 1418366999.280415 4.0 2.0 5.010673 4.7232
-1 1418366999.427981 3.772483 3.0 5.623183 2.781528
-1 1418366999.566688 3.0 1.0 4.96 5.7632
-1 1418366999.711282 3.772483 6.766336 6.995399 14.465279
-1 1418366999.854658 2.8816 0.0 1.0 3.511055
-1 1418367000.014585 6.687936 6.726336 5.8416 2.0
-1 1418367000.168534 5.766336 1.0 5.304967 1.0
-1 1418367000.300062 4.63192 2.0 4.806336 8.464575
-1 1418367000.452530 2.96 2.132406 8.092406 4.132406
-1 1418367000.579709 1.0 4.8416 6.8416 3.92
-1 1418367000.730128 2.8816 4.8816 5.040825 5.337474
-1 1418367000.868247 1.96 0.8816 2.0 3.146296
-1 1418367000.991397 1.0 1.741583 1.0 3.450613
-1 1418367001.033762 0.8816 5.263798 3.0 3.766336
-1 1418367001.185643 2.695683 1.0 4.124197 1.280997
-1 1418367001.346736 0.695683 3.8816 3.497283 7.738417
-1 1418367001.497769 2.0 7.293042 4.366433 5.224369
-1 1418367001.664032 5.0 5.615683 6.431055 5.8016
-1 1418367001.823018 3.0 8.170802 3.96 11.106817
-1 1418367001.972732 5.538819 0.0 0.0 4.607936
-1 1418367002.031807 2.0 4.766336 1.0 3.8816
-1 1418367002.185655 0.0 5.726336 6.8416 4.946943
-1 1418367002.348662 0.0 2.0 1.0 5.676193
-1 1418367002.518873 2.0 1.0 3.0 2.96
-1 1418367002.676284 1.8816 0.0 3.442741 1.0
-1 1418367002.821516 2.647936 2.8416 4.92 2.96
-1 1418367002.979345 0.0 2.0 4.96 2.8816
-1 1418367003.052080 1.695683 5.462019 3.84044 9.057138
-1 1418367003.203018 2.881017 6.726336 5.303736 2.8816
-1 1418367003.335239 0.8816 1.0 3.8816 1.8816
-1 1418367003.468546 1.0 2.96 3.92 6.253813
-1 1418367003.602718 0.0 5.8816 2.96 8.382019
-1 1418367003.742652 7.018911 4.92 4.92 1.153978
-1 1418367003.878081 1.8816 3.8416 7.299723 4.339723
-1 1418367004.026074 0.0 7.581583 7.621583 3.8816
-1 1418367004.159552 2.0 5.351663 2.772483 5.001346
-1 1418367004.316724 2.0 3.92 12.391407 5.547855
-1 1418367004.455848 3.0 12.854992 1.772483 8.555103
-1 1418367004.603711 2.0 3.0 3.0 5.96
-1 1418367004.780935 0.8816 1.0 1.8816 9.400005
-1 1418367004.913811 2.96 2.0 3.0 3.0
-1 1418367005.056121 4.8816 1.0 1.0 7.519272
-1 1418367005.203367 0.0 2.0 5.040451 3.846336
-1 1418367005.343478 1.8816 3.033017 2.8816 6.217415
-1 1418367005.503409 1.695683 1.202061 3.8816 8.553708
-1 1418367005.648374 2.0 3.727936 9.609958 10.993781
-1 1418367005.822328 0.0 3.0 5.955722 5.49982
-1 1418367005.973350 0.0 1.0 2.96 6.575683
-1 1418367006.052167 4.655683 2.0 2.766336 3.0
-1 1418367006.214454 3.846336 1.079229 1.0 8.096381
-1 1418367006.370959 1.0 2.96 4.92 4.7632
-1 1418367006.520996 5.96 3.229313 5.695911 2.153978
-1 1418367006.667339 2.846336 7.009436 3.8816 9.430265
-1 1418367006.824539 0.0 5.832033 5.119301 2.0
-1 1418367006.960426 5.92 7.018549 3.452915 8.348719
-1 1418367007.092569 2.0 1.8816 4.8416 9.989451
-1 1418367007.247090 1.0 2.0 4.0 4.695683
-1 1418367007.409656 3.0 4.0 2.96 2.772483
-1 1418367007.575148 0.0 1.728575 5.233301 10.611117
-1 1418367007.758977 1.8816 2.991019 3.655683 9.965261
-1 1418367007.918103 4.0 0.0 3.0 5.8416
-1 1418367008.033957 0.0 1.96 1.0 6.615683
-1 1418367008.180901 2.0 1.96 1.8816 1.96
-1 1418367008.395369 1.0 10.342019 8.766336 8.129262
-1 1418367008.554943 1.772483 2.695683 2.695683 6.458883
-1 1418367008.857016 5.8416 6.191876 2.772483 8.497892
-1 1418367009.024702 2.96 1.7632 5.668439 13.207685
-1 1418367009.230510 4.275789 1.0 0.0 3.275789
-1 1418367009.555210 3.0 4.0 1.0 9.415419
-1 1418367009.766182 3.92 3.0 8.087144 2.96
-1 1418367009.896728 0.0 1.0 2.0 2.732483
-1 1418367010.035187 3.0 1.8816 1.0 0.0
-1 1418367010.164190 1.8816 5.974882 2.96 2.0
-1 1418367010.347506 3.96 3.96 5.412469 12.04833
-1 1418367010.479094 3.0 1.0 2.0 5.370613
-1 1418367010.633803 3.96 1.0 2.0 3.0
-1 1418367010.856026 5.8416 3.96 1.0 3.96
-1 1418367011.026180 1.0 4.96 2.766336 10.863985
-1 1418367011.187987 1.0 3.8816 2.8816 3.214
-1 1418367011.411122 8.79693 2.0 4.216949 3.0
-1 1418367011.602710 2.0 0.0 2.0 3.8816
-1 1418367011.744120 0.0 1.0 0.8816 1.0
-1 1418367011.885933 2.96 2.8416 3.8816 2.405941
-1 1418367012.028719 2.0 3.766336 1.661583 6.367477
-1 1418367012.195859 2.0 0.97305 2.8416 2.0
-1 1418367012.357305 0.0 2.96 2.96 1.0
-1 1418367012.494713 3.647936 4.0 2.96 11.158866
-1 1418367012.727779 2.96 0.0 3.96 8.205544
-1 1418367012.878971 1.0 0.0 0.695683 2.96
-1 1418367013.053582 2.0 2.96 3.0 6.7632
-1 1418367013.178080 3.0 4.549455 1.0 4.049746
-1 1418367013.315169 0.0 2.0 3.766336 2.96
-1 1418367013.473959 4.741583 0.0 2.846336 1.0
-1 1418367013.633519 6.234501 3.96 0.695683 0.695683
-1 1418367013.786553 1.96 2.468165 2.96 2.0
-1 1418367014.020303 1.96 1.0 3.55352 1.0
-1 1418367014.203450 0.0 2.0 11.238698 4.605043
-1 1418367014.368433 0.0 1.0 1.96 2.8816
-1 1418367014.496544 0.0 3.96 1.59512 2.695683
-1 1418367014.639176 2.0 2.0 1.0 5.8416
-1 1418367014.842325 11.904821 2.0 1.0 7.00821
-1 1418367014.973737 3.96 2.766336 3.655683 4.025067
-1 1418367015.034094 1.577283 5.8416 8.7232 5.8416
-1 1418367015.174171 0.0 3.8416 8.02989 0.8816
-1 1418367015.358635 0.0 0.0 0.8816 2.96
-1 1418367015.535678 7.343559 2.0 0.8816 0.068566
-1 1418367015.731103 1.8816 3.397212 5.068055 2.7632
-1 1418367015.902042 3.0 3.96 6.806336 3.7632
-1 1418367016.066305 1.0 2.0 3.0 3.8416
-1 1418367016.214261 1.0 1.0 1.96 2.0
-1 1418367016.377136 3.8816 1.0 0.0 6.615683
-1 1418367016.559177 3.727936 1.772483 7.619956 8.391055
-1 1418367016.704608 1.96 2.298485 3.92 3.96
-1 1418367016.851074 2.8816 9.290826 1.0 6.007296
-1 1418367017.002832 0.0 1.0 5.100444 4.71331
-1 1418367017.025765 2.8816 0.0 1.0 2.8816
-1 1418367017.194644 0.0 0.0 0.0 0.0
-1 1418367017.330586 1.96 0.0 2.995156 2.96
-1 1418367017.466784 3.647936 1.8816 1.766336 4.9447
-1 1418367017.609162 3.0 1.8816 1.0 3.0
-1 1418367017.772995 1.0 4.7632 5.609536 5.535683
-1 1418367017.954276 3.96 0.8816 1.8816 3.96
-1 1418367018.056520 1.0 2.96 1.661583 1.0
-1 1418367018.201557 2.0 3.846336 4.437266 3.0
-1 1418367018.407882 0.0 2.8816 0.0 3.8816
-1 1418367018.572959 0.0 1.8816 0.0 0.8816
-1 1418367018.756995 2.96 5.92 4.8416 2.96
-1 1418367018.870820 0.0 0.0 0.0 2.0
-1 1418367019.017692 3.0 0.0 2.0 1.0
-1 1418367019.168940 0.0 2.96 3.96 3.0
-1 1418367019.381243 6.686336 2.450613 7.391055 6.601141
-1 1418367019.517020 0.8816 2.0 1.0 2.0
-1 1418367019.634999 1.0 1.0 5.0 6.726336
-1 1418367019.785984 0.0 0.0 0.0 1.0
-1 1418367019.929619 3.8816 1.0 1.0 3.647936
-1 1418367020.050224 4.732483 7.701583 4.667855 6.8416
-1 1418367020.205903 2.769122 4.0 3.96 3.0
-1 1418367020.370581 0.0 1.0 3.96 7.687936
-1 1418367020.529091 2.0 1.0 2.0 2.0
-1 1418367020.738460 4.92 0.0 2.0 2.96
-1 1418367020.881703 2.725338 3.0 2.8816 10.58562
-1 1418367021.029935 6.543183 2.0 0.0 1.0
-1 1418367021.172085 3.8816 6.726336 6.726336 10.686336
-1 1418367021.330001 1.96 3.96 2.96 1.0
-1 1418367021.477329 1.96 1.0 0.0 0.0
-1 1418367021.617076 0.0 1.0 0.0 1.0
-1 1418367021.746887 1.0 0.0 2.0 5.806336
-1 1418367021.908541 6.038733 0.695683 1.732652 2.695683
-1 1418367022.026919 3.8816 10.455683 6.7632 5.7232
-1 1418367022.150466 1.0 2.0 1.0 1.0
-1 1418367022.285280 0.0 3.0 4.0 1.695683
-1 1418367022.480684 9.191365 2.0 4.8416 2.96
-1 1418367022.633948 9.516526 0.0 1.0 1.0
-1 1418367022.819982 2.846336 0.8816 1.078287 5.431055
-1 1418367022.962040 0.8816 2.0 2.8816 1.868619
-1 1418367023.039713 3.766336 2.0 1.0 6.081135
-1 1418367023.180107 0.0 0.0 0.0 0.0
-1 1418367023.358390 1.0 2.96 0.0 2.484814
-1 1418367023.492001 1.0 4.96 3.0 2.846336
-1 1418367023.620453 3.469455 3.766336 1.766336 4.726336
-1 1418367023.778309 0.0 2.0 0.0 3.229063
-1 1418367023.924578 2.0 5.647936 10.237266 2.8816
-1 1418367024.064103 3.92 5.832083 6.8016 5.367477
-1 1418367024.219244 4.482741 2.0 2.0 3.8416
-1 1418367024.361722 5.882774 0.8816 1.47672 6.029767
-1 1418367024.504425 1.0 0.0 1.0 1.695683
-1 1418367024.651027 4.0 11.87571 3.357212 2.741583
-1 1418367024.810768 1.0 1.0 4.357935 2.0
-1 1418367025.001014 1.0 2.0 2.0 1.0
-1 1418367025.022005 10.391055 2.544965 2.772483 5.434066
-1 1418367025.175981 3.174305 3.0 1.0 2.8816
-1 1418367025.390843 8.811597 2.0 4.8816 3.0
-1 1418367025.518606 3.8816 2.96 3.39672 5.431055
-1 1418367025.644345 3.727936 3.96 2.0 6.391055
-1 1418367025.822012 2.846336 2.0 2.96 3.8816
-1 1418367025.979912 2.8816 1.0 2.0 3.0
-1 1418367026.019751 1.0 2.0 2.0 2.0
-1 1418367026.326302 3.96 3.96 1.96 3.8816
-1 1418367026.769770 3.0 4.96 9.88 5.96
-1 1418367027.029995 0.0 1.0 1.8816 4.0
-1 1418367027.707110 3.0 0.0 1.0 2.0
-1 1418367028.053416 2.96 3.0 3.96 3.8816
-1 1418367029.034267 0.0 0.0 1.8816 2.7632
