-1 1418346560.234355 1.656639 1.940988 3.0 2.0 2.980199 1.0 5.882753 1.506647 4.467798 1.0 2.980199 3.0 2.980199
-1 1418346562.057298 2.922355 2.0 3.921187 3.0 4.922355 5.980199 4.750309 2.0 4.601343 5.980199 4.882753 4.980199 4.882753
-1 1418346563.436528 3.0 4.0 2.0 1.0 4.88429 2.980199 5.750309 3.0 2.660355 2.980199 2.845472 4.0 2.845472
-1 1418346564.395259 3.0 5.980199 4.0 2.0 4.0 3.940988 6.730508 3.0 4.660355 2.940988 4.82873 4.0 4.82873
-1 1418346564.586567 3.0 5.980199 4.0 2.0 4.0 3.940988 6.730508 3.0 4.660355 2.940988 4.82873 4.0 4.82873
-1 1418346564.824620 3.0 5.980199 3.0 3.0 4.0 3.940988 6.730508 3.0 4.660355 2.940988 4.82873 4.0 4.82873
-1 1418346565.214978 2.940988 4.882753 2.0 3.0 3.0 2.0 8.633062 2.940988 5.601343 1.0 2.0 3.0 2.0
-1 1418346566.435669 0.0 0.940988 2.0 0.940988 2.0 2.921187 1.431301 1.0 1.660355 0.0 3.0 1.0 3.0
-1 1418346569.111967 1.0 1.0 2.0 1.940988 0.0 1.922355 1.715651 1.0 1.627478 0.0 0.0 0.0 0.0
-1 1418346570.987742 2.980199 1.980199 6.862175 3.980199 2.980199 5.863343 3.695849 1.0 2.0 4.940988 2.82567 3.881976 2.82567
-1 1418346572.705541 6.472896 4.0 12.424804 5.692382 0.0 4.410161 11.319129 6.751394 13.349021 6.260961 0.0 0.0 0.0
-1 1418346573.974464 7.93641 0.940988 20.95855 12.924815 7.551317 11.545288 11.601879 6.347263 17.501662 15.492988 4.0 5.0 4.0
-1 1418346575.119135 10.423318 0.940988 24.151133 12.629699 9.489771 11.084114 13.532662 9.069136 21.228032 19.376825 1.980199 1.0 1.980199
-1 1418346576.388630 12.757299 2.940988 31.588394 15.055668 12.228144 16.055668 17.451858 11.481979 25.569006 24.181137 5.768165 6.921187 5.768165
-1 1418346577.206158 9.54429 3.921187 31.137231 12.815781 14.208342 18.79598 17.145891 10.274422 21.082507 23.779202 1.827177 6.921187 1.827177
-1 1418346577.380466 10.54429 3.921187 29.060347 12.854992 10.083456 18.737744 17.145891 12.274422 22.082507 23.702318 1.790997 3.823741 1.790997
-1 1418346577.571734 7.047486 0.0 21.08617 8.55266 6.881433 6.30252 11.38111 6.870217 16.157065 9.727698 4.790997 3.823741 4.790997
-1 1418346577.789785 1.666122 0.940988 12.444652 2.922355 5.940445 4.0 10.75676 1.0 8.053679 7.52585 1.0 3.772718 1.0
-1 1418346578.120693 2.0 3.0 9.837179 2.980199 1.769983 4.862175 6.496512 2.0 5.796902 4.608776 1.980199 1.922355 1.980199
-1 1418346578.691066 0.0 6.789128 9.400187 1.940988 1.769983 4.940988 6.121229 0.0 2.576564 4.882753 0.940988 2.864489 0.940988
-1 1418346580.722554 1.0 2.660355 2.985259 1.940988 0.0 5.940988 2.980199 1.845472 0.504161 9.805108 3.940988 0.88429 3.940988
-1 1418346583.330361 3.0 2.980199 4.867814 3.940988 0.0 4.786068 4.980199 1.0 1.0 4.651695 1.78646 0.829815 1.78646
-1 1418346585.404471 2.980199 1.940988 6.867814 4.940988 2.0 5.730508 5.940988 3.980199 2.0 4.63723 3.940988 3.0 3.940988
-1 1418346587.104145 4.980199 2.940988 3.881976 3.882753 2.0 7.671496 7.921187 5.980199 3.0 8.617428 3.940988 2.0 3.940988
-1 1418346588.552466 6.940988 3.940988 1.940988 1.882753 0.0 5.583064 5.881976 4.940988 5.0 7.49422 1.940988 0.0 1.940988
-1 1418346589.811029 5.0 4.940988 4.88429 4.862951 1.980199 4.543853 6.881976 4.0 4.789128 5.455009 5.88429 1.0 5.88429
-1 1418346591.047234 3.940988 2.940988 6.751394 2.882753 5.960397 5.569958 7.805869 2.940988 4.694689 9.289518 3.751394 6.960397 3.751394
-1 1418346591.168662 5.960397 2.980199 2.696913 2.845472 1.881976 3.609168 5.730508 2.980199 4.980199 6.327191 3.696913 1.881976 3.696913
-1 1418346591.351905 4.960397 2.980199 2.696913 1.845472 0.940988 3.609168 4.695849 2.980199 3.980199 5.28991 3.696913 0.940988 3.696913
-1 1418346591.567403 4.960397 2.980199 2.696913 1.845472 0.940988 3.609168 4.695849 2.980199 3.980199 5.28991 3.696913 0.940988 3.696913
-1 1418346591.927215 6.960397 6.980199 2.696913 0.845472 1.0 2.921187 7.676048 2.980199 4.980199 7.221314 3.677112 0.0 3.677112
-1 1418346593.103240 10.901385 8.921187 2.696913 0.0 1.0 3.881976 8.901385 6.921187 6.921187 7.336632 3.677112 0.0 3.677112
-1 1418346594.793164 11.54016 5.637991 2.0 0.0 0.940988 2.769718 3.7537 8.599172 3.7537 3.769718 1.0 0.0 1.0
-1 1418346596.771212 8.335347 4.580878 2.940988 1.0 0.940988 3.769718 2.7537 5.542828 2.7537 3.769718 2.0 0.0 2.0
-1 1418346598.446277 8.245393 4.49017 4.940988 4.980199 1.0 4.714874 3.699174 5.452874 5.699174 3.714874 4.922355 1.0 4.922355
-1 1418346599.640646 3.737223 1.0 15.065373 6.714098 5.882753 5.714098 8.07 1.940988 8.524444 9.655086 1.0 2.0 1.0
-1 1418346600.889292 8.044735 1.940988 18.772224 7.620752 8.597627 6.620752 10.713968 6.558024 13.085764 13.272447 1.0 2.0 1.0
-1 1418346601.982698 9.746392 2.940988 17.172811 5.420161 6.213411 5.420161 12.350173 7.413884 16.702794 12.808725 1.0 1.0 1.0
-1 1418346602.955682 10.440338 2.0 16.192612 5.420161 5.272423 6.420161 10.409185 6.238892 13.61945 12.867737 1.0 1.0 1.0
-1 1418346603.925265 11.050768 3.980199 13.69281 4.227435 8.045887 5.227435 12.001035 7.014063 13.264367 10.509275 3.0 3.0 3.0
-1 1418346604.703410 11.851749 4.921187 15.363566 6.081084 8.828233 6.081084 13.803002 7.894976 13.904736 12.286402 3.0 3.0 3.0
-1 1418346605.791580 12.63687 2.940988 17.118751 7.020074 6.619114 6.020074 13.686534 8.758446 15.649205 13.805011 3.0 2.0 3.0
-1 1418346606.467934 11.406445 2.940988 14.839181 4.940471 5.52765 6.940471 11.494728 7.604819 15.510543 12.571256 2.980199 3.0 2.980199
-1 1418346607.607321 11.978601 2.940988 14.256936 3.805373 5.369527 3.805373 13.063422 7.326039 14.941184 12.396947 2.980199 0.0 2.980199
-1 1418346608.218862 11.567533 0.940988 16.697521 4.675571 7.139184 5.675571 14.570607 8.05819 16.394151 13.879069 0.0 0.0 0.0
-1 1418346608.368231 13.396263 0.940988 18.555108 5.582989 8.139184 2.0 16.320916 8.05819 15.215546 8.281919 1.0 1.0 1.0
-1 1418346608.547142 8.122165 6.690159 2.0 7.710706 11.119383 6.921187 7.703605 6.606008 7.786068 9.033287 4.980199 3.980199 4.980199
-1 1418346608.820761 2.980199 3.0 1.792519 1.0 5.879054 2.0 5.940988 1.940988 2.0 2.0 2.980199 3.882753 2.980199
-1 1418346609.266331 0.0 0.0 4.940988 3.0 7.782442 1.0 1.940988 0.0 0.940988 1.0 4.0 2.0 4.0
-1 1418346610.314533 2.980199 3.0 5.940988 4.0 6.782442 2.0 3.980199 1.0 1.980199 3.0 4.0 3.0 4.0
-1 1418346612.821693 2.88429 1.0 2.0 2.980199 3.614329 1.0 3.0 3.0 1.0 4.0 1.0 0.0 1.0
-1 1418346615.291893 1.980199 0.0 1.881976 2.940988 2.542761 1.980199 1.0 1.0 1.0 3.940988 1.0 2.0 1.0
-1 1418346616.945967 1.980199 0.0 1.881976 2.940988 2.542761 1.980199 1.0 1.0 1.0 4.922355 1.0 1.0 1.0
-1 1418346618.307875 1.0 2.0 4.863343 1.0 1.462859 2.940988 1.0 2.0 2.0 3.864489 3.0 3.0 3.0
-1 1418346619.707680 1.0 1.940988 2.0 3.940988 1.0 3.881976 3.940988 1.0 1.0 4.766266 2.940988 4.980199 2.940988
-1 1418346620.943566 1.0 1.940988 2.0 3.940988 1.0 3.881976 3.940988 1.0 1.0 4.766266 2.940988 4.980199 2.940988
-1 1418346622.047905 3.0 3.921187 1.0 1.882753 0.0 0.940988 5.901385 3.0 1.0 3.825278 1.882753 3.980199 1.882753
-1 1418346622.758762 1.0 2.881976 1.0 2.882753 0.0 1.940988 3.862175 1.0 1.0 4.806645 1.882753 2.0 1.882753
-1 1418346622.957666 2.0 3.922355 3.0 2.789128 2.0 4.940988 2.922355 2.0 3.0 6.786844 3.789128 3.0 3.789128
-1 1418346623.203245 3.0 4.88429 3.0 2.789128 2.0 4.940988 3.88429 3.0 4.0 6.786844 3.789128 3.0 3.789128
-1 1418346623.568557 1.0 4.827177 4.0 3.789128 3.0 5.940988 4.827177 2.980199 2.0 7.786844 4.789128 3.980199 4.789128
-1 1418346624.634302 3.0 4.731985 3.980199 3.789128 2.0 5.921187 4.731985 3.882753 4.0 5.980199 3.789128 3.980199 3.789128
-1 1418346627.777288 0.940988 1.940988 1.0 5.769326 0.0 1.0 1.980199 3.645726 2.980199 3.656639 6.769326 1.940988 6.769326
-1 1418346630.152060 3.980199 5.902554 2.980199 5.733899 3.0 5.0 5.921187 6.632548 4.980199 3.980199 3.733899 4.921187 3.733899
-1 1418346631.960043 4.0 2.88429 3.980199 7.960397 3.0 3.0 4.940988 5.652349 4.940988 7.786068 6.684545 5.901385 6.684545
-1 1418346633.465996 3.0 4.0 2.922355 3.638006 3.0 4.0 8.823741 3.607361 6.676048 9.519982 5.902554 8.728224 5.902554
-1 1418346634.748702 7.881976 4.980199 5.902554 5.902554 3.980199 3.980199 9.803939 9.489337 9.453095 12.369539 6.843542 8.61326 6.843542
-1 1418346636.146819 1.845472 3.0 6.767066 5.844711 3.0 4.922355 8.78646 4.452833 5.317313 12.737607 5.863343 9.555417 5.863343
-1 1418346636.885772 2.0 2.0 5.806645 6.902554 5.980199 7.864489 8.674887 3.607361 3.986158 15.543252 6.843542 12.134613 6.843542
-1 1418346638.128791 2.980199 1.0 4.806645 6.882753 5.921187 7.844687 7.655086 3.58756 2.94683 16.52345 6.843542 11.009311 6.843542
-1 1418346638.945033 2.980199 1.0 4.749533 5.843542 5.881976 6.787575 6.615875 3.58756 2.94683 15.332552 5.804332 7.972 5.804332
-1 1418346639.063199 3.921187 3.980199 4.749533 4.74532 5.822964 5.650918 8.556863 2.548349 3.0 16.195895 5.74532 6.867811 5.74532
-1 1418346639.235403 5.862175 3.980199 4.749533 4.74532 4.881976 5.650918 8.556863 3.489337 3.0 15.195895 3.804332 5.926823 3.804332
-1 1418346639.423530 2.921187 2.940988 2.829815 2.770803 3.980199 2.78646 4.881976 0.940988 3.0 12.885136 3.829815 3.236302 3.829815
-1 1418346639.651824 1.0 2.0 4.862951 3.0 1.0 1.0 1.0 0.0 3.0 6.858383 2.0 1.0 2.0
-1 1418346640.021288 2.0 2.980199 5.980199 4.0 1.0 2.0 2.980199 5.940988 1.0 2.940988 1.0 1.0 1.0
-1 1418346640.799625 1.0 1.0 2.0 1.0 1.0 1.0 1.0 3.0 1.0 0.0 3.0 0.0 3.0
-1 1418346643.650096 0.0 0.0 2.882753 3.0 0.0 1.0 1.0 0.0 2.0 2.922355 2.0 2.0 2.0
-1 1418346645.886321 3.0 4.940988 3.0 2.0 0.0 1.0 5.921187 3.980199 2.829815 2.0 1.940988 1.0 1.940988
-1 1418346647.617645 4.0 3.0 3.0 2.0 2.0 2.0 2.940988 3.940988 3.0 4.0 5.0 1.0 5.0
-1 1418346649.326457 4.0 3.0 3.0 2.0 0.0 1.0 3.0 3.0 3.940988 4.0 2.980199 0.0 2.980199
-1 1418346650.304593 2.980199 1.0 3.980199 1.980199 1.0 2.980199 2.980199 2.0 4.980199 3.980199 0.940988 0.0 0.940988
-1 1418346651.471910 2.882753 2.0 6.921187 3.980199 1.940988 3.980199 4.882753 1.940988 4.823741 4.921187 1.0 1.0 1.0
-1 1418346653.155517 1.845472 1.0 9.78646 5.921187 3.0 3.882753 1.0 1.0 2.0 3.882753 2.0 2.0 2.0
-1 1418346654.398242 4.0 1.0 9.612092 4.881976 0.0 0.845472 3.0 4.0 2.0 1.845472 2.0 0.0 2.0
-1 1418346655.553217 3.0 0.0 9.612092 4.881976 1.0 1.845472 2.0 3.0 0.0 0.845472 0.0 1.0 0.0
-1 1418346655.672018 3.0 3.0 10.612092 5.881976 1.940988 2.845472 3.0 3.0 2.0 1.845472 2.0 1.940988 2.0
-1 1418346655.826230 3.0 2.0 10.612092 5.881976 1.0 2.845472 3.0 3.0 2.0 1.845472 2.0 1.0 2.0
-1 1418346656.000621 2.0 3.0 10.612092 5.881976 1.0 2.845472 2.0 2.0 3.0 1.845472 2.0 1.0 2.0
-1 1418346656.278780 2.0 3.0 11.516591 4.823741 2.0 2.845472 2.0 2.0 1.0 2.845472 2.0 1.0 2.0
-1 1418346656.816391 1.940988 3.0 8.558808 4.0 4.0 3.0 1.0 1.940988 1.0 2.0 2.0 1.0 2.0
-1 1418346658.463810 1.0 2.940988 6.558808 2.0 1.0 3.940988 2.0 1.0 0.0 3.980199 1.0 0.0 1.0
-1 1418346661.354830 0.0 2.940988 8.558808 0.940988 2.0 2.845472 2.881976 1.0 1.0 2.0 3.0 1.0 3.0
