-1 1418368290.348249 2.0 0.0 1.0 0.0
-1 1418368290.564465 2.0 2.0 1.0 6.107819
-1 1418368290.948391 3.96 1.0 3.96 4.92
-1 1418368291.547614 2.0 0.0 1.0 2.0
-1 1418368292.516164 4.92 1.0 2.0 2.0
-1 1418368292.998777 2.0 0.0 1.0 1.0
-1 1418368293.201932 1.0 2.0 0.0 0.0
-1 1418368293.432421 0.0 0.0 1.0 1.96
-1 1418368293.668409 0.0 0.0 0.0 0.772483
-1 1418368293.926810 0.0 1.0 2.0 2.0
-1 1418368294.161643 4.577283 4.575683 0.0 1.8816
-1 1418368294.380337 1.0 4.8416 3.0 3.450613
-1 1418368294.608651 6.139913 3.0 2.846336 4.542019
-1 1418368294.819103 3.772483 2.0 6.140024 4.061982
-1 1418368295.056687 1.0 2.96 5.947401 2.8816
-1 1418368295.295754 2.275789 1.0 7.8416 3.0
-1 1418368295.532436 1.524341 1.0 5.587855 2.0
-1 1418368295.757831 2.7632 2.96 7.587016 6.482741
-1 1418368296.003515 4.96 2.96 12.351055 5.655683
-1 1418368296.255023 2.0 5.655683 3.7632 5.96
-1 1418368296.491722 1.0 1.0 2.988812 2.695683
-1 1418368296.730341 3.442741 3.661583 5.832236 1.96
-1 1418368296.972346 4.8816 7.995722 13.072272 14.155416
-1 1418368297.200567 3.0 1.0 4.0 3.577283
-1 1418368297.467037 7.112899 5.471055 5.686336 4.806336
-1 1418368297.678886 1.8816 1.0 6.766336 4.0
-1 1418368297.921685 1.0 1.0 1.0 1.0
-1 1418368298.159570 8.532672 4.766336 5.695683 6.382441
-1 1418368298.393057 11.503183 6.8816 7.7232 9.444341
-1 1418368298.627402 4.561141 2.732483 3.8416 5.766336
-1 1418368298.865483 3.47672 2.96 3.8816 1.8816
-1 1418368299.112520 5.420419 4.766336 16.030926 3.766336
-1 1418368299.328427 3.0 4.0 7.726336 3.0
-1 1418368299.581922 1.0 2.0 1.0 3.8816
-1 1418368299.836107 2.0 1.0 3.0 2.929871
-1 1418368300.100467 4.0 2.0 9.14711 1.8816
-1 1418368300.322513 5.732483 3.370613 3.351775 3.96
-1 1418368300.575863 4.42305 1.0 4.471055 0.0
-1 1418368300.808291 2.766336 4.0 2.96 5.727936
-1 1418368301.075683 2.96 1.695683 9.742891 1.67192
-1 1418368301.308487 6.0 2.0 0.0 0.0
-1 1418368301.535970 5.476876 4.8816 5.255909 8.285544
-1 1418368301.790742 5.146998 3.654083 5.125071 3.404908
-1 1418368302.031015 3.408124 6.655683 4.667855 4.612672
-1 1418368302.294951 2.96 2.0 5.8816 7.88
-1 1418368302.580240 2.0 1.0 9.662435 2.766336
-1 1418368302.838228 3.549455 3.275789 0.8816 2.8816
-1 1418368303.117219 0.0 1.0 2.410613 0.0
-1 1418368303.404927 5.8416 1.8816 10.576933 5.654083
-1 1418368303.663314 3.96 4.0 9.687936 4.96
-1 1418368303.935716 10.565098 6.766336 2.482741 6.96
-1 1418368304.233382 4.16426 2.0 5.7232 9.391055
-1 1418368304.530934 5.577283 4.0 2.332213 5.8416
-1 1418368304.767361 0.0 2.0 5.186819 5.384041
-1 1418368305.050564 4.96 6.655683 7.535586 3.8416
-1 1418368305.286976 3.577095 3.0 2.84904 9.557936
-1 1418368305.542010 1.772483 0.0 1.8816 3.346567
-1 1418368305.800123 4.692672 1.846336 2.96 6.686336
-1 1418368306.054831 3.0 5.92 2.8816 3.216855
-1 1418368306.320808 0.0 1.846336 3.726336 4.655683
-1 1418368306.584322 2.0 3.692672 0.0 0.0
-1 1418368306.828780 0.0 0.0 2.96 8.567936
-1 1418368307.080460 2.0 3.0 5.51352 3.8816
-1 1418368307.310043 2.356913 2.0 4.0 3.727936
-1 1418368307.571660 2.601141 5.548377 7.431055 3.8816
-1 1418368307.846065 1.917291 1.0 0.0 4.667855
-1 1418368308.081457 0.0 0.0 1.0 3.7632
-1 1418368308.323071 4.0 2.0 5.8416 3.694644
-1 1418368308.586597 3.8816 3.0 4.228167 7.414272
-1 1418368308.833621 1.96 2.0 7.012017 8.607936
-1 1418368309.116884 4.96 0.0 9.045261 4.55352
-1 1418368309.355517 0.0 1.152957 1.73171 3.0
-1 1418368309.570224 3.0 0.0 10.580246 4.0
-1 1418368309.787902 2.0 2.0 4.8416 3.0
-1 1418368309.990063 1.0 3.0 1.0 3.8416
-1 1418368310.253612 3.7232 1.695683 6.728614 5.92
-1 1418368310.516510 3.8816 1.0 4.030064 7.955396
-1 1418368310.734132 9.930239 3.450613 6.367477 5.766336
-1 1418368310.962609 2.8816 1.0 2.8816 2.8416
-1 1418368311.239120 4.038989 1.7632 1.654083 4.535683
-1 1418368311.476670 2.0 0.0 2.405941 3.612672
-1 1418368311.708718 1.0 0.0 3.846336 3.502441
-1 1418368311.958445 3.623183 0.0 7.737794 5.518256
-1 1418368312.240647 2.0 1.0 5.782998 8.302019
-1 1418368312.503144 1.766336 1.8816 3.96 4.654083
-1 1418368312.735224 0.235084 0.0 5.431055 7.647936
-1 1418368312.987153 1.8816 1.8816 0.8816 1.772483
-1 1418368313.220671 5.76904 3.0 2.615683 2.0
-1 1418368313.440138 1.0 0.772483 5.8816 5.732483
-1 1418368313.676316 1.0 2.0 2.0 1.96
-1 1418368313.927656 1.0 2.0 3.0 5.391365
-1 1418368314.162173 0.8816 3.96 6.497283 4.8416
-1 1418368314.422433 1.0 1.0 5.8416 3.766336
-1 1418368314.648638 2.357935 1.511055 3.661583 3.655683
-1 1418368314.870123 5.547855 0.298485 5.529536 7.384967
-1 1418368315.146055 2.0 4.0 4.915706 7.716116
-1 1418368315.376414 1.016608 0.695683 9.499496 0.0
-1 1418368315.632364 3.732483 1.0 5.806336 2.8816
-1 1418368315.876176 4.96 3.8816 7.497283 4.143221
-1 1418368316.098959 2.8816 2.96 4.370613 5.770978
-1 1418368316.358384 4.587855 2.96 5.418883 6.654083
-1 1418368316.617782 2.96 3.8816 4.96 2.511055
-1 1418368316.863090 4.8416 3.8816 7.543183 3.8816
-1 1418368317.108868 4.8816 2.0 7.551237 1.0
-1 1418368317.396927 2.0 2.96 5.6448 10.543144
-1 1418368317.673643 1.063601 3.96 4.482741 1.0
-1 1418368317.882656 4.246379 1.0 5.92 2.0
-1 1418368318.121233 5.615683 2.732483 4.8416 5.31971
-1 1418368318.356253 3.8816 1.0 1.772483 2.201135
-1 1418368318.613099 1.8816 3.8816 4.8816 7.378735
-1 1418368318.838020 2.659444 1.96 2.0 2.766336
-1 1418368319.071012 2.766336 1.766336 1.0 5.247442
-1 1418368319.326305 1.0 0.0 2.0 1.0
-1 1418368319.583754 0.0 1.0 3.561141 3.732483
-1 1418368319.850895 4.0 2.8816 8.943224 3.0
-1 1418368320.079138 2.67192 6.92 14.069955 6.726336
-1 1418368320.343052 5.720928 2.0 7.8416 3.96
-1 1418368320.616494 3.8816 2.0 4.361456 3.96
-1 1418368320.869765 2.0 0.0 5.92 1.8816
-1 1418368321.119334 6.575683 1.0 8.722068 4.954557
-1 1418368321.386395 2.0 2.0 2.0 9.154255
-1 1418368321.637113 4.8816 1.96 9.057013 5.96
-1 1418368321.864709 1.0 1.96 3.8816 4.92
-1 1418368322.112037 3.8416 1.96 4.615683 2.8816
-1 1418368322.350886 1.0 1.8816 2.0 4.8816
-1 1418368322.611055 3.96 6.88 2.524341 2.8816
-1 1418368322.865229 3.655683 0.8816 5.661583 1.050469
-1 1418368323.138687 3.0 3.92 2.96 3.806336
-1 1418368323.410196 2.0 2.96 9.005261 1.96
-1 1418368323.725482 3.0 1.0 9.06088 7.635653
-1 1418368323.996738 1.7632 1.7632 0.0 3.766336
-1 1418368324.248816 2.0 0.772483 11.70033 1.772483
-1 1418368324.494411 5.92 8.766336 10.21424 10.47512
-1 1418368324.762025 5.370613 2.8816 2.0 5.8416
-1 1418368325.003339 3.96 3.0 4.8416 8.272369
-1 1418368325.271187 1.8816 12.18552 2.524341 8.364341
-1 1418368325.524800 5.96 0.0 4.0 4.766336
-1 1418368325.775566 5.283552 5.566935 8.989078 7.525399
-1 1418368326.029236 3.846336 0.0 12.489536 5.757996
-1 1418368326.301887 2.667855 5.256823 4.59512 7.669098
-1 1418368326.590348 1.0 0.0 8.24711 9.529536
-1 1418368326.818175 4.925634 6.87926 3.0 7.162129
-1 1418368327.058762 2.0 4.846336 2.7632 2.846336
-1 1418368327.292365 2.727936 1.96 6.8416 3.6448
-1 1418368327.545457 4.026838 3.262923 5.8416 8.738801
-1 1418368327.800517 3.293813 2.202061 0.0 14.736069
-1 1418368328.059791 0.450613 4.766336 3.8816 10.459008
-1 1418368328.330595 5.574083 1.654083 4.427588 7.468165
-1 1418368328.597302 4.8816 5.0 6.311365 10.909038
-1 1418368328.858181 3.8816 1.846336 5.849406 5.8416
-1 1418368329.118200 0.467221 0.0 9.124382 6.481813
-1 1418368329.383138 2.0 3.0 5.423367 5.561141
-1 1418368329.630122 2.0 0.0 15.592813 2.0
-1 1418368329.887855 3.772483 3.122125 8.188346 8.382019
-1 1418368330.142083 2.491315 0.0 9.607936 1.0
-1 1418368330.430525 7.577283 4.7232 10.137676 5.757368
-1 1418368330.681614 0.0 6.801527 3.123433 1.0
-1 1418368330.952998 9.431055 5.235789 6.549958 12.223619
-1 1418368331.206509 4.0 1.0 7.035578 8.237915
-1 1418368331.473408 4.766336 6.766336 3.446999 9.164951
-1 1418368331.703514 2.0 2.0 6.092909 2.8816
-1 1418368331.941374 2.96 1.0 9.231301 6.96
-1 1418368332.200221 1.96 3.0 3.0 2.0
-1 1418368332.479298 3.8416 2.7632 5.405941 4.025106
-1 1418368332.740027 3.0 2.0 9.542356 4.414515
-1 1418368332.970093 2.8816 1.0 8.290677 4.380128
-1 1418368333.226906 3.8816 2.0 5.96 3.392655
-1 1418368333.489570 0.671517 0.0 5.495748 8.332213
-1 1418368333.754948 4.726336 8.042125 1.8816 1.846336
-1 1418368334.013122 8.457283 4.549455 3.7632 7.7232
-1 1418368334.253826 5.0 1.0 5.8416 9.773669
-1 1418368334.536625 2.437212 1.0 6.831476 2.96
-1 1418368334.754129 4.0 4.0 0.0 11.700238
-1 1418368335.049088 9.308269 5.195789 5.440338 6.9622
-1 1418368335.282902 2.0 2.0 4.0 5.803867
-1 1418368335.520213 7.277391 3.727936 4.571315 5.687936
-1 1418368335.792627 6.545981 7.865201 1.654083 3.92
-1 1418368336.057157 3.0 1.96 3.346567 6.8416
-1 1418368336.311506 2.741583 4.727936 2.368776 7.988789
-1 1418368336.563807 3.0 2.0 4.0 7.871019
-1 1418368336.806063 7.046435 7.212705 8.562221 7.796523
-1 1418368337.058782 3.96 3.0 3.0 2.8816
-1 1418368337.331076 3.8816 1.0 13.822111 2.96
-1 1418368337.551223 2.8816 2.792998 5.537649 5.290802
-1 1418368337.796653 2.0 1.0 8.280338 5.806336
-1 1418368338.035398 2.0 2.0 2.766336 6.8416
-1 1418368338.294114 3.0 1.0 6.125545 4.8816
-1 1418368338.533663 4.045261 2.0 6.68665 2.667855
-1 1418368338.798812 1.0 2.0 4.016419 1.0
-1 1418368339.065938 2.0 2.0 1.846336 3.96
-1 1418368339.307634 4.382019 2.695683 7.8416 4.615683
-1 1418368339.536184 8.192903 2.846336 5.153362 8.312655
-1 1418368339.785433 2.8816 2.0 3.0 3.0
-1 1418368340.039001 3.96 1.0 5.026613 6.066296
-1 1418368340.276337 8.055413 1.8816 1.766336 7.6448
-1 1418368340.567127 1.0 1.524341 7.0 4.491315
-1 1418368340.825117 0.0 1.0 6.6048 9.745556
-1 1418368341.050029 0.0 0.0 11.713223 7.686336
-1 1418368341.332688 1.0 3.0 0.8816 10.096488
-1 1418368341.583521 2.0 3.0 7.327477 1.96
-1 1418368341.847780 5.96 1.0 2.0 7.971346
-1 1418368342.123178 1.0 0.0 4.732483 5.607936
-1 1418368342.382673 13.417283 1.8816 2.8416 0.292705
-1 1418368342.643012 1.96 2.8816 8.927471 7.497283
-1 1418368342.912957 4.51612 0.0 5.816954 8.111303
-1 1418368343.180833 1.96 1.96 5.468165 3.59512
-1 1418368343.457404 3.0 4.577095 9.88295 3.96
-1 1418368343.729729 3.0 1.0 2.360338 7.414272
-1 1418368344.033489 1.0 1.0 5.979626 4.732483
-1 1418368344.320797 2.8816 0.0 8.8416 6.259787
-1 1418368344.553873 6.8816 4.0 9.265155 8.432008
-1 1418368344.807206 2.634522 2.0 6.587855 6.537283
-1 1418368345.066280 2.988387 1.846336 5.92 5.96
-1 1418368345.335622 1.0 2.0 8.770401 5.856677
-1 1418368345.558580 2.96 0.0 3.654083 8.319059
-1 1418368345.814402 2.8816 1.0 2.0 3.0
-1 1418368346.080696 2.0 0.0 5.587691 2.0
-1 1418368346.359161 3.8816 2.0 2.96 1.577283
-1 1418368346.598202 3.7632 0.8816 12.091355 5.498819
-1 1418368346.841204 4.8416 3.96 3.67192 4.413631
-1 1418368347.124489 4.0 2.0 7.392655 0.0
-1 1418368347.410170 1.787626 0.970405 5.246616 2.96
-1 1418368347.646539 1.8816 0.0 6.365941 12.438844
-1 1418368347.902052 1.96 2.0 7.113375 3.985239
-1 1418368348.129254 5.8816 3.0 1.772483 6.535683
-1 1418368348.399347 4.846336 5.370613 7.692483 4.578501
-1 1418368348.660893 1.0 0.0 6.287602 4.661583
-1 1418368348.890219 1.0 1.0 2.0 14.374272
-1 1418368349.138597 2.8816 1.8816 8.280671 9.808397
-1 1418368349.386560 4.96 1.0 4.78703 11.031555
-1 1418368349.652989 2.0 3.0 7.523142 13.403691
-1 1418368349.893146 3.8816 2.667855 6.852946 7.091223
-1 1418368350.178708 2.0 0.0 1.239982 7.323599
-1 1418368350.434613 3.96 1.0 4.96 5.946633
-1 1418368350.675146 6.7632 4.8416 10.554775 4.8816
-1 1418368350.947933 4.8416 0.0 13.22103 3.96
-1 1418368351.188191 5.0 5.0 9.201734 8.686336
-1 1418368351.441951 3.0 1.0 1.96 7.903711
-1 1418368351.707255 4.0 3.8816 1.0 5.577095
-1 1418368351.969958 1.0 0.0 5.8416 7.404341
-1 1418368352.219253 0.8816 1.524341 1.0 4.7632
-1 1418368352.468974 4.8416 2.8816 3.655683 3.8816
-1 1418368352.713845 1.772483 1.772483 6.329077 4.327602
-1 1418368352.961736 4.76665 3.8816 6.357672 6.975993
-1 1418368353.263401 2.410613 2.96 4.772483 5.122061
-1 1418368353.518443 0.0 2.0 11.7689 5.849575
-1 1418368353.766280 10.163232 5.870166 9.292213 6.489536
-1 1418368354.016050 6.75767 2.772483 7.647936 5.8016
-1 1418368354.251082 3.312589 0.8816 3.468165 4.575683
-1 1418368354.514126 5.92 3.0 3.971471 4.8416
-1 1418368354.751681 3.180085 1.0 2.96 4.766336
-1 1418368354.990717 2.0 1.0 4.7632 4.8416
-1 1418368355.247633 3.655683 2.741583 5.96775 9.082417
-1 1418368355.504192 5.96 4.96 6.96 9.975772
-1 1418368355.789088 1.0 1.0 7.082125 1.273259
-1 1418368356.094129 4.92 3.0 9.875578 3.0
-1 1418368356.324870 3.0 2.695683 0.0 4.577283
-1 1418368356.574536 2.0 3.0 5.859328 10.535683
-1 1418368356.819631 2.0 4.695683 6.216115 5.478303
-1 1418368357.058180 1.96 3.266567 4.96 1.0
-1 1418368357.295703 9.398365 5.941207 4.100444 5.0
-1 1418368357.542112 2.0 1.0 4.8816 3.0
-1 1418368357.816385 2.772483 4.0 4.147176 5.865829
-1 1418368358.058147 1.0 0.0 9.8793 1.437212
-1 1418368358.300899 7.497283 2.0 5.343431 4.772483
-1 1418368358.540756 1.8816 3.8416 2.7632 5.92
-1 1418368358.811762 4.647936 4.766336 2.448022 12.918341
-1 1418368359.035422 4.96 4.96 8.489536 3.0
-1 1418368359.286385 2.0 3.0 2.655683 9.525488
-1 1418368359.540174 1.0 1.0 5.621583 7.328243
-1 1418368359.819889 2.96 2.0 5.727936 7.537283
-1 1418368360.063493 0.0 1.0 4.8816 1.0
-1 1418368360.322576 2.089018 1.0 4.127292 2.936968
-1 1418368360.598196 1.511055 3.082735 5.958175 4.545612
-1 1418368360.858740 5.0 4.766336 5.772483 7.329439
-1 1418368361.160570 2.0 2.96 5.806336 3.601141
-1 1418368361.452981 3.402344 4.615683 4.766336 6.726336
-1 1418368361.688271 6.8016 1.8816 7.338535 7.252213
-1 1418368361.918140 1.0 1.846336 9.874401 6.609536
-1 1418368362.166790 3.96 2.654083 5.0 15.053036
-1 1418368362.431813 2.8816 3.96 7.280338 6.511055
-1 1418368362.682204 10.432007 3.0007 8.179439 8.629515
-1 1418368362.931518 7.529536 3.577283 5.96 11.577989
-1 1418368363.203046 2.96 2.0 8.844627 5.535683
-1 1418368363.464482 6.6448 3.0 7.535683 12.74082
-1 1418368363.733979 0.0 0.0 15.865827 3.667855
-1 1418368363.971111 5.395666 3.846336 2.8416 16.367118
-1 1418368364.216948 5.497283 1.0 9.308355 3.178549
-1 1418368364.474228 6.92 4.96 10.767318 13.015711
-1 1418368364.737466 2.0 3.0 8.768727 5.447687
-1 1418368364.982459 9.838594 7.170939 9.340483 12.904575
-1 1418368365.216418 2.732483 2.96 4.8416 4.7632
-1 1418368365.475078 8.185219 4.806336 9.515698 4.975944
-1 1418368365.742110 1.0 1.0 1.0 7.107619
-1 1418368365.998853 0.0 2.0 4.846336 3.0
-1 1418368366.273286 0.0 0.0 3.96 2.8416
-1 1418368366.531113 0.0 2.0 5.55352 3.088146
-1 1418368366.813072 0.0 1.0 3.8416 6.404809
-1 1418368367.088293 0.695683 0.695683 3.0 1.0
-1 1418368367.336555 5.8416 4.8416 14.81638 10.241456
-1 1418368367.574529 5.7632 2.96 9.315666 5.8816
-1 1418368367.836231 6.380199 0.0 7.12541 3.6448
-1 1418368368.113633 7.299251 4.083661 6.614083 3.514066
-1 1418368368.353625 3.96 3.96 3.037514 16.407574
-1 1418368368.626078 5.397212 6.806336 7.8416 11.575683
-1 1418368368.885852 5.92 1.0 6.486713 5.96
-1 1418368369.117286 3.0 5.655683 5.073978 11.513426
-1 1418368369.387324 3.766336 2.766336 2.766336 9.607936
-1 1418368369.695601 1.0 2.582124 5.0 2.543782
-1 1418368369.948329 0.0 2.96 3.727936 3.8416
-1 1418368370.217344 4.0 0.8816 5.656272 3.0
-1 1418368370.501662 1.0 2.667855 4.561141 2.0
-1 1418368370.783473 2.96 3.766336 6.754938 9.515365
-1 1418368371.066783 0.0 1.0 4.132769 0.068566
-1 1418368371.334957 1.0 0.0 5.484341 2.0
-1 1418368371.599751 6.332213 2.96 5.6048 6.615683
-1 1418368371.880556 1.96 3.96 9.885261 8.29355
-1 1418368372.138159 1.8816 0.0 9.155855 5.122533
-1 1418368372.415267 0.0 2.0 4.527158 5.197745
-1 1418368372.702715 5.55352 6.647936 7.422019 3.766336
-1 1418368372.956997 5.0 5.96 7.411315 3.0
-1 1418368373.219133 3.96 3.0 10.743349 4.8416
-1 1418368373.490204 0.8816 0.0 4.140024 1.0
-1 1418368373.762556 7.7632 8.497283 6.701583 8.8416
-1 1418368374.052159 2.0 2.0 3.658054 2.96
-1 1418368374.354743 2.0 1.0 4.96 3.8816
-1 1418368374.652331 6.312655 7.312655 1.96 4.067957
-1 1418368374.926278 3.458883 1.0 3.8816 3.846336
-1 1418368375.197807 2.0 1.0 5.0 0.0
-1 1418368375.469112 3.535683 2.8816 6.543183 3.8816
-1 1418368375.703742 12.945697 10.173813 5.732483 4.0
-1 1418368375.964130 2.0 3.0 1.0 4.360274
-1 1418368376.203771 8.620967 3.535683 3.766336 7.97217
-1 1418368376.482052 1.0 0.0 11.657086 8.788139
-1 1418368376.785037 3.727936 1.8816 5.655683 2.0
-1 1418368377.045007 4.286433 2.7632 7.444341 2.917291
-1 1418368377.339749 0.0 3.565043 8.64954 4.0
-1 1418368377.618276 5.846336 3.846336 1.0 8.113334
-1 1418368377.876458 5.655683 3.0 3.8816 2.262923
-1 1418368378.224184 2.8416 1.220904 5.175413 8.647936
-1 1418368378.525224 4.726336 2.96 8.8016 8.231365
-1 1418368378.795156 4.0 4.352589 1.0 3.96
-1 1418368379.035975 1.0 1.0 5.627855 3.524341
-1 1418368379.268961 5.290677 0.0 9.615683 4.8416
-1 1418368379.509767 15.622826 8.8016 9.308165 7.591158
-1 1418368379.786113 3.577283 1.8816 4.96 7.495683
-1 1418368380.007422 4.0 5.96 5.0 8.343619
-1 1418368380.273252 3.618819 1.0 2.96 2.0
-1 1418368380.556127 7.7632 2.7632 5.174305 9.117455
-1 1418368380.846350 3.0 0.0 4.0 5.8816
-1 1418368381.093304 6.965083 8.686336 4.462019 15.039966
-1 1418368381.397189 5.444341 5.8416 1.0 5.0
-1 1418368381.653771 3.96 9.220136 8.471055 9.572672
-1 1418368381.942838 1.450613 1.450613 6.213813 5.332213
-1 1418368382.203018 3.96 1.0 0.8816 8.312655
-1 1418368382.489226 6.458883 3.8816 6.587855 4.695683
-1 1418368382.752055 2.846336 1.0 4.546994 7.216949
-1 1418368383.025731 2.391365 5.651748 2.0 3.0
-1 1418368383.303122 1.8816 1.8816 3.766336 6.532672
-1 1418368383.613886 2.0 1.0 7.205544 6.542019
-1 1418368383.965304 5.8416 2.8416 3.468463 2.8816
-1 1418368384.239774 3.727936 4.96 1.0 1.96
-1 1418368384.542998 2.772483 3.0 10.642027 7.689712
-1 1418368384.855364 1.0 2.450613 0.0 10.245544
-1 1418368385.117991 2.0 0.0 3.0 1.8816
-1 1418368385.357238 4.926861 0.0 6.580943 2.207292
-1 1418368385.664564 2.0 4.59512 2.59512 5.647936
-1 1418368385.914001 1.0 2.0 10.940788 5.96
-1 1418368386.171378 5.0 3.0 7.418695 7.8416
-1 1418368386.432886 2.96 0.695683 7.88 3.8816
-1 1418368386.713205 0.0 0.0 1.8816 3.577283
-1 1418368386.989382 4.96 0.8816 4.846336 3.0
-1 1418368387.391247 0.0 2.0 8.252213 5.349765
-1 1418368388.118595 1.0 1.0 8.471055 3.8816
-1 1418368389.418973 2.96 0.8816 5.0 3.96
-1 1418368390.435616 0.0 0.0 2.8816 0.695683
