-1 1422124144.708726 0.0 0.0 7.904953 6.274501 4.058967 5.8416
-1 1422124144.709729 1.799696 1.0 5.911019 2.003776 1.0 2.345503
-1 1422124144.710767 7.0 4.0 5.0 5.923776 2.96 3.0
-1 1422124144.711978 7.96 6.0 1.0 4.92 2.96 1.0
-1 1422124144.713858 6.96 5.0 1.0 3.8416 2.96 2.0
-1 1422124144.715256 4.0 2.0 4.538819 8.210802 1.8816 6.607936
-1 1422124144.716156 1.0 1.0 5.420419 8.052402 4.647936 7.225219
-1 1422124144.718465 2.0 1.0 3.538819 8.017138 5.577283 5.117391
-1 1422124144.720507 3.8816 3.0 7.462019 8.283538 8.507855 5.220024
-1 1422124144.720790 3.0 4.0 4.484341 8.038989 11.172277 10.364341
-1 1422124144.721868 3.0 4.0 4.484341 8.038989 11.172277 10.364341
-1 1422124144.724581 3.0 4.0 4.484341 8.038989 11.172277 10.364341
-1 1422124144.725455 1.0 7.8016 8.052769 11.476249 9.212277 9.934494
-1 1422124144.726134 3.8816 10.5648 12.972769 15.317849 13.559914 8.894494
-1 1422124144.727202 2.766336 10.5648 12.972769 15.317849 14.559914 8.894494
-1 1422124144.728341 3.766336 5.340483 11.822115 16.133222 13.486061 8.198812
-1 1422124144.729517 4.469455 6.726336 7.168925 10.321812 10.245035 2.937206
-1 1422124144.730264 3.405941 2.766336 2.440989 9.369559 5.285894 2.055606
-1 1422124144.731477 3.405941 2.766336 2.440989 9.369559 5.285894 2.055606
-1 1422124144.732614 3.405941 2.766336 2.440989 9.369559 5.285894 2.055606
-1 1422124144.733869 7.858856 3.766336 3.648983 7.359028 8.245894 2.822786
-1 1422124144.735472 3.331455 0.8816 3.96 5.494539 7.150686 3.71988
-1 1422124144.735882 4.331455 2.8816 4.96 9.414539 5.010025 4.71988
-1 1422124144.736871 4.207731 5.96 5.587919 10.647936 4.846336 6.692672
-1 1422124144.739482 2.873259 3.96 1.846336 4.96 4.692672 0.0
-1 1422124144.741571 0.0 0.8816 4.92 5.431055 3.18785 3.8416
-1 1422124144.742315 5.6832 5.6832 6.7616 7.7616 5.8016 4.8016
-1 1422124147.743812 5.6832 8.529536 3.547855 6.806336 2.96 2.96
-1 1422124150.744217 2.96 5.370613 1.0 2.96 1.0 1.0
-1 1422124150.745265 3.7232 1.0 5.730196 5.524985 4.398084 6.60825
-1 1422124150.746427 3.7232 1.0 5.730196 5.524985 4.398084 6.60825
-1 1422124150.748535 3.7232 1.0 5.730196 5.524985 4.398084 6.60825
-1 1422124150.749667 2.6448 1.0 5.730196 5.454331 4.398084 6.60825
-1 1422124150.750622 1.7632 1.0 5.730196 5.454331 4.398084 6.60825
-1 1422124150.752937 0.8816 1.0 6.673616 4.319351 6.337642 6.379184
-1 1422124150.754123 6.686336 2.772483 10.295488 19.253833 8.683635 10.456863
-1 1422124150.755470 6.529536 3.0 4.918468 12.816185 3.933123 6.511156
-1 1422124150.756447 6.462019 4.0 5.824331 11.069186 6.933123 9.250709
-1 1422124153.759198 4.807879 4.0 1.152538 6.576102 3.624766 2.006723
-1 1422124153.762374 4.469519 3.692672 4.8416 5.24102 6.8416 3.8816
-1 1422124153.763563 4.469519 3.692672 4.8416 5.24102 6.8416 3.8816
-1 1422124156.764942 7.647936 5.539008 5.92 8.766336 4.55512 3.0
-1 1422124156.766822 4.8016 4.8416 4.772483 6.766336 7.538819 3.0
-1 1422124156.767924 7.8016 7.8416 5.0 6.766336 8.538819 5.0
-1 1422124159.770648 4.7632 6.647936 1.0 4.726336 3.766336 1.0
-1 1422124159.771503 4.92 1.0 2.006785 4.360338 0.772483 0.772483
-1 1422124159.772149 3.8416 1.0 2.006785 4.360338 0.772483 0.772483
-1 1422124159.773227 3.8416 1.0 2.006785 4.360338 0.772483 0.772483
-1 1422124159.775071 2.96 1.0 3.8416 3.8416 1.8816 1.0
-1 1422124159.775759 8.6832 2.96 6.88 6.569536 2.8816 5.51512
-1 1422124159.776426 8.6832 2.96 6.88 6.569536 2.8816 5.51512
-1 1422124159.777616 6.535683 1.0 5.8416 5.806336 2.96 4.8416
-1 1422124159.778736 7.535683 3.0 4.726336 2.727936 1.8816 1.8816
-1 1422124162.780036 4.973074 3.8416 0.8816 2.661583 0.8816 1.654083
-1 1422124165.780108 5.92 3.0 1.85077 3.615683 1.0 1.0
-1 1422124165.781497 4.92 3.0 3.0 6.766336 3.0 4.0
-1 1422124165.782624 7.414272 3.6448 6.6448 10.4864 5.6448 8.6048
-1 1422124165.783487 7.414272 3.6448 6.6448 10.4864 5.6448 8.6048
-1 1422124165.784194 7.414272 3.6448 6.6448 10.4864 5.6448 8.6048
-1 1422124165.785499 4.537283 1.8816 2.766336 9.607936 2.0 4.647936
-1 1422124165.786111 4.7632 4.655683 5.92 9.720191 5.654083 3.0
-1 1422124165.786950 4.7632 4.655683 5.8416 7.562283 3.772483 4.0
-1 1422124165.789219 4.0 4.0 5.8816 6.419791 4.741583 4.0
-1 1422124165.790700 6.8016 6.88 4.547855 9.212979 7.525043 8.7232
-1 1422124165.791990 5.607936 4.8016 3.484341 10.212979 7.525043 8.7232
-1 1422124168.792725 5.607936 7.8016 4.484341 11.947062 6.382441 5.414272
-1 1422124168.793842 3.96 1.0 3.8816 4.0 3.0 2.0
-1 1422124168.794938 1.96 1.0 2.8816 2.0 4.0 1.0
-1 1422124168.796175 2.96 0.0 4.577283 2.846336 2.695683 5.846336
-1 1422124168.797229 8.457283 8.203538 11.412672 10.265155 8.607936 9.574083
-1 1422124168.798248 7.457283 8.203538 10.412672 10.265155 9.607936 9.574083
-1 1422124168.799533 4.213813 7.060024 5.295872 4.947187 7.414272 0.8816
-1 1422124168.800667 7.155855 5.965261 7.607936 6.8416 9.607936 7.8016
-1 1422124171.802151 9.607936 4.732483 5.450613 9.587855 3.667855 2.0
-1 1422124174.802482 5.7632 4.661583 0.8816 7.8416 1.0 2.0
-1 1422124174.803201 5.124197 4.553404 2.272965 3.414515 2.298485 1.391365
-1 1422124174.803883 5.124197 4.553404 2.272965 3.414515 2.298485 1.391365
-1 1422124174.805254 5.124197 4.553404 2.272965 3.414515 2.298485 1.391365
-1 1422124174.809707 3.0 3.0 4.96 4.0 3.96 1.0
-1 1422124174.810642 1.0 1.0 1.8816 2.0 1.96 1.0
-1 1422124174.812556 0.0 0.0 1.0 2.0 2.96 1.0
-1 1422124174.814106 5.311365 0.0 5.8816 6.8816 4.96 3.8816
-1 1422124174.814948 5.311365 0.0 5.8816 6.8816 4.96 3.8816
-1 1422124174.815805 5.311365 0.0 5.8816 6.8816 4.96 3.8816
-1 1422124174.816708 5.311365 0.0 5.8816 5.8816 4.0 4.8816
-1 1422124174.818570 1.0 4.8416 4.157389 9.8016 3.0 4.0
-1 1422124174.819108 1.0 4.8416 4.157389 9.8016 3.0 4.0
-1 1422124174.820058 1.0 4.8416 4.157389 9.8016 3.0 4.0
-1 1422124174.820569 2.0 2.8816 4.0 8.7616 4.0 5.92
-1 1422124174.821620 9.6448 8.6448 7.7232 8.647936 11.259008 14.371136
-1 1422124174.823544 5.087048 5.087048 7.388165 11.968338 10.529966 11.436503
-1 1422124174.823932 4.087048 2.087048 6.238866 12.886927 8.071436 7.391055
-1 1422124174.824805 4.087048 2.087048 6.238866 12.886927 8.071436 7.391055
-1 1422124174.826076 1.695683 1.391365 3.695683 9.123727 3.961668 2.667855
-1 1422124174.827191 1.0 1.0 2.601141 5.849871 3.352589 2.497095
-1 1422124174.829195 2.8816 2.0 0.0 4.72204 2.298485 1.437212
-1 1422124174.829521 4.766336 3.0 3.0 6.027957 4.298485 3.0
-1 1422124177.830858 3.0 3.0 0.0 2.949557 0.298485 0.0
-1 1422124177.830887 3.8816 4.8816 4.577283 13.703956 10.816084 7.157701
-1 1422124180.832563 3.8816 5.8016 1.8816 6.915458 3.146296 2.695683
-1 1422124180.832631 6.434066 6.144757 12.331686 12.321882 10.809975 9.217074
-1 1422124180.833627 3.661583 3.016608 6.330904 9.185923 6.245698 5.862535
-1 1422124180.835098 3.661583 3.016608 5.330904 9.185923 5.245698 5.862535
-1 1422124180.835962 2.661583 2.016608 5.330904 8.185923 4.245698 5.862535
-1 1422124180.836924 3.59512 1.0 1.290802 6.789574 3.872844 3.786839
-1 1422124180.838688 2.0 4.451315 5.0 4.0 6.040958 6.067671
-1 1422124180.839494 3.0 1.491315 1.0 3.0 6.040958 2.993817
-1 1422124180.840373 3.0 2.491315 1.0 3.0 6.040958 2.993817
-1 1422124180.841548 3.8816 4.0 9.88 6.8416 7.759411 1.96
-1 1422124180.842726 5.92 5.92 12.6048 6.8416 8.489035 2.8816
-1 1422124180.843698 5.92 5.92 12.6048 6.8416 8.489035 2.8816
-1 1422124180.844882 5.92 5.92 12.6048 6.8416 8.489035 2.8816
-1 1422124180.845718 7.6832 4.7632 17.140608 6.647936 3.463137 1.0
-1 1422124180.846761 6.308355 3.766336 10.78101 11.575683 3.0 3.0
-1 1422124180.848153 2.0 6.607936 2.0 1.926461 2.0 1.695683
-1 1422124183.849972 4.96 8.423619 1.0 1.153978 1.0 0.695683
-1 1422124183.851268 4.8416 0.8816 5.88 5.88 3.92 3.92
-1 1422124183.851956 6.615683 5.92 12.203538 9.086738 6.615683 2.667855
-1 1422124183.853520 6.615683 5.92 12.203538 9.086738 6.615683 2.667855
-1 1422124186.854192 6.537283 8.7616 4.953796 7.245941 4.471055 0.601141
-1 1422124186.856584 6.888682 3.0 2.0 8.8016 4.732483 4.647936
-1 1422124189.857709 9.187582 4.0 4.647936 11.151119 4.647936 7.514937
-1 1422124189.857767 7.96 2.8816 4.0 6.682646 5.220805 5.92
-1 1422124189.859515 7.88 1.8816 5.92 7.535341 7.091973 7.7232
-1 1422124192.861709 8.492672 2.846336 0.0 5.46785 2.811162 0.695683
-1 1422124192.862439 9.76364 4.0 5.609536 9.332213 9.823711 6.8416
-1 1422124195.864052 10.76364 3.0 1.8816 7.213813 1.8816 3.8416
-1 1422124195.864127 2.654083 4.893928 1.7632 7.457283 3.7232 1.7632
-1 1422124195.864864 2.654083 4.893928 1.7632 7.457283 3.7232 1.7632
-1 1422124195.866318 1.96 2.820074 1.7632 5.457283 3.7232 1.7632
-1 1422124195.866982 3.846336 2.005688 4.0 6.392655 2.846336 2.0
-1 1422124195.869869 1.67192 1.005688 1.8816 4.252213 1.8816 0.8816
-1 1422124195.871058 1.67192 1.005688 1.8816 4.252213 1.8816 0.8816
-1 1422124195.874142 2.8816 4.0 4.846336 6.825303 2.0 9.157701
-1 1422124195.874956 6.92 5.92 6.732483 7.751449 3.96 10.791393
