-1 1418354778.148110 2.940988 0.940988 0.0 2.0 1.940988 1.50913 1.940988 3.940988 3.980199 2.504652 0.0 1.940988 0.0
-1 1418354778.432681 1.0 5.789128 4.299928 5.706493 0.0 2.0 10.651695 0.0 3.845472 4.881976 5.351841 0.940988 5.351841
-1 1418354778.698872 3.0 6.882753 7.921187 2.0 3.0 3.0 6.980199 4.792519 6.016033 4.0 2.0 2.0 2.0
-1 1418354779.086373 2.881976 6.994313 1.922355 1.0 1.0 1.0 6.887535 1.881976 2.980199 1.829815 2.0 2.0 2.0
-1 1418354779.350296 2.980199 0.0 3.980199 1.980199 1.980199 6.745704 0.0 1.922355 0.0 2.980199 3.980199 2.980199 3.980199
-1 1418354779.673603 2.0 2.940988 1.922355 1.922355 1.845472 2.672649 2.825278 2.940988 2.980199 3.532945 3.767827 4.845472 3.767827
-1 1418354780.060454 5.921187 6.921187 7.695073 4.980199 3.0 3.980199 6.921187 4.980199 5.921187 3.715651 10.803939 3.0 10.803939
-1 1418354780.309945 3.980199 2.0 3.845472 5.733507 1.0 3.7537 4.980199 2.922355 5.922355 10.577826 6.598388 3.882753 6.598388
-1 1418354780.640153 4.960397 0.0 1.0 5.807376 2.0 0.0 2.0 3.0 1.0 2.921187 0.0 2.940988 0.0
-1 1418354780.936889 1.0 5.940988 3.792519 2.940988 3.940988 6.940988 3.0 2.980199 0.0 6.733507 3.733507 5.881976 3.733507
-1 1418354781.250822 1.0 2.450952 6.0 2.0 1.0 1.0 3.0 2.0 4.921187 2.0 4.512114 1.0 4.512114
-1 1418354781.588620 3.922355 8.066343 4.0 4.940988 3.0 1.829815 6.749533 3.0 2.980199 2.0 5.813384 3.0 5.813384
-1 1418354781.831648 6.881976 2.0 4.960397 5.0 4.960397 1.0 6.623398 7.862951 3.980199 3.0 3.940988 1.0 3.940988
-1 1418354782.192010 3.980199 4.980199 4.940988 7.785699 2.0 5.844711 5.980199 3.980199 4.940988 3.690943 5.336277 2.0 5.336277
-1 1418354782.432261 2.0 0.0 8.606008 4.665528 1.980199 0.0 1.0 1.940988 0.0 1.940988 2.62897 0.0 2.62897
-1 1418354782.849249 2.0 4.940988 4.862951 2.0 1.0 3.0 5.656639 1.0 4.902554 7.980199 1.0 1.0 1.0
-1 1418354783.178233 0.0 0.0 3.960397 2.0 2.980199 2.0 2.338709 0.0 1.0 2.0 2.184711 1.980199 2.184711
-1 1418354783.437801 0.0 3.960397 0.940988 1.881976 1.980199 1.881976 4.960397 0.0 5.0 0.0 4.39755 0.0 4.39755
-1 1418354783.797275 2.0 9.248159 1.735731 1.0 0.0 1.0 6.692767 5.750309 4.741642 3.699174 0.0 2.0 0.0
-1 1418354784.188157 3.380047 8.248107 6.843542 2.0 1.940988 1.980199 8.963356 3.456916 3.676048 2.0 1.0 1.940988 1.0
-1 1418354784.473364 2.980199 1.922355 4.940988 7.538615 1.980199 0.0 3.0 3.0 3.0 2.0 5.565208 0.0 5.565208
-1 1418354784.806985 3.940988 4.980199 7.710706 6.727448 0.0 4.940988 5.980199 5.940988 3.704346 7.882753 6.540929 0.0 6.540929
-1 1418354785.226632 4.786068 3.823741 4.960397 2.0 4.0 2.0 7.485618 6.786068 0.0 1.0 1.0 4.0 1.0
-1 1418354785.512619 0.940988 3.940988 3.940988 6.484638 1.0 3.0 1.0 0.0 0.0 3.0 4.65746 1.0 4.65746
-1 1418354785.829149 1.0 1.940988 2.459446 0.0 2.0 0.0 5.014053 1.0 2.0 0.0 1.940988 1.0 1.940988
-1 1418354786.310118 4.980199 1.0 2.0 1.0 1.0 0.940988 0.0 4.882753 2.0 0.940988 0.0 0.0 0.0
-1 1418354786.605402 1.0 0.0 1.940988 0.0 1.0 1.980199 3.0 3.0 2.0 1.0 0.0 0.0 0.0
-1 1418354786.876540 4.789135 0.0 2.0 2.0 2.750309 3.0 1.0 4.86678 4.940988 5.960397 4.656639 1.0 4.656639
-1 1418354787.308692 0.0 1.0 4.980199 0.0 3.0 1.0 2.940988 0.0 3.790997 1.0 0.0 4.922355 0.0
-1 1418354787.567130 7.84315 3.882753 2.980199 1.0 0.0 0.0 4.882753 9.36601 2.0 1.980199 1.0 0.0 1.0
-1 1418354787.881192 2.0 5.146529 3.940988 3.0 2.0 4.881976 5.960397 3.0 7.980199 4.881976 2.82873 2.0 2.82873
-1 1418354788.302038 0.88429 1.0 1.0 2.0 0.0 0.0 2.0 2.88429 1.845472 0.940988 1.940988 3.882753 1.940988
-1 1418354788.582416 1.980199 1.0 2.922355 12.856325 3.940988 15.249786 3.845472 1.0 0.0 8.648258 4.74532 2.940988 4.74532
-1 1418354788.889810 3.940988 9.28841 5.595389 2.940988 2.0 1.0 7.881584 2.940988 11.649411 5.863343 1.845472 1.0 1.845472
-1 1418354789.157233 1.940988 4.881976 4.7537 2.0 1.0 1.0 3.921187 3.773781 2.0 1.0 1.0 3.940988 1.0
-1 1418354789.430335 2.0 2.0 2.0 0.0 2.0 0.0 2.980199 3.0 1.0 0.0 0.0 0.0 0.0
-1 1418354789.772855 5.652848 4.922355 7.338538 3.545406 0.0 1.980199 3.882753 2.78646 3.643812 2.980199 5.338538 1.0 5.338538
-1 1418354790.007089 1.0 0.0 6.790997 4.980199 4.0 3.0 2.752171 1.922355 1.0 6.0 5.980199 6.0 5.980199
-1 1418354790.379854 2.0 2.88429 3.921187 4.787967 6.785699 2.940988 2.88429 2.922355 3.0 3.921187 3.921187 2.940988 3.921187
-1 1418354790.715118 5.0 5.88429 4.86678 2.0 3.0 1.940988 6.0 6.0 1.0 3.921187 2.0 3.0 2.0
-1 1418354790.948714 4.0 2.922355 3.921187 2.980199 2.980199 2.0 8.902554 5.0 2.0 2.980199 1.980199 4.551955 1.980199
-1 1418354791.392124 3.881976 3.940988 3.0 0.0 1.0 1.88429 3.980199 4.921187 5.789128 2.0 0.0 0.0 0.0
-1 1418354791.662151 0.0 1.940988 3.0 2.0 4.0 3.0 2.980199 1.0 0.0 3.0 3.0 2.0 3.0
-1 1418354791.949296 4.59685 9.168245 6.810014 4.0 3.0 3.980199 11.978681 3.318067 0.0 5.769326 4.0 3.0 4.0
-1 1418354792.386744 1.0 1.0 1.0 1.402357 1.0 1.0 3.0 1.0 1.940988 5.622948 1.980199 3.980199 1.980199
-1 1418354792.612144 2.54828 5.598388 1.0 1.940988 0.0 2.0 3.805869 4.431809 0.0 4.980199 1.0 1.0 1.0
-1 1418354792.915968 0.0 0.0 5.083175 3.0 0.940988 1.0 1.0 1.0 1.0 5.0 5.526655 0.940988 5.526655
-1 1418354793.186135 1.0 1.0 5.901385 5.902554 1.0 3.922355 1.0 3.0 0.0 1.88429 3.980199 1.0 3.980199
-1 1418354793.501615 0.88429 4.0 3.940988 2.0 4.0 4.980199 2.0 1.980199 5.766266 3.0 2.0 3.0 2.0
-1 1418354793.861849 2.980199 2.940988 2.980199 3.980199 1.0 3.88429 8.901385 2.980199 6.745704 5.960397 7.901385 1.0 7.901385
-1 1418354794.168016 1.0 5.721761 6.864489 9.960397 5.0 4.980199 4.922355 1.845472 2.0 6.960397 7.960397 6.980199 7.960397
-1 1418354794.490470 0.0 1.690943 2.922355 1.940988 3.940988 1.882753 1.690943 0.0 0.0 2.940988 2.0 3.921187 2.0
-1 1418354794.853246 4.0 6.63723 1.0 2.0 1.0 2.0 6.0 5.0 2.940988 4.748756 1.940988 3.0 1.940988
-1 1418354795.067177 1.922355 5.104544 6.074689 0.0 2.980199 0.0 8.506588 4.750309 2.980199 0.0 2.0 1.0 2.0
-1 1418354795.340859 5.0 2.0 0.0 3.750309 1.0 5.730508 1.0 4.0 3.0 5.960397 0.0 1.0 0.0
-1 1418354795.579449 4.0 4.980199 2.922355 1.0 1.922355 1.922355 6.960397 5.980199 3.0 4.882753 2.863343 1.922355 2.863343
-1 1418354795.882057 2.980199 0.0 3.750309 2.980199 2.980199 1.980199 2.940988 1.0 3.881976 1.980199 1.0 3.921187 1.0
-1 1418354796.110392 4.863343 8.882753 3.922355 2.922355 2.0 2.0 10.310374 4.863343 3.940988 4.922355 8.636453 2.0 8.636453
-1 1418354796.462089 1.0 1.0 2.825278 2.805869 0.940988 1.78646 2.750309 1.845472 3.922355 4.691297 0.88429 4.746857 0.88429
-1 1418354796.682076 3.980199 5.940988 3.617089 0.0 0.0 1.0 7.901385 3.960397 10.42289 5.750309 1.0 0.0 1.0
-1 1418354797.011917 4.940988 3.320895 4.0 1.0 1.0 4.0 5.895322 2.940988 3.0 6.0 3.921187 1.0 3.921187
-1 1418354797.365662 3.714769 4.583456 2.940988 2.882753 2.0 3.960397 2.623059 6.376588 6.623059 3.922355 1.940988 1.0 1.940988
-1 1418354797.621088 3.0 5.882753 2.7537 2.0 2.0 3.0 6.764729 1.0 2.0 3.980199 3.0 1.0 3.0
-1 1418354797.966779 2.980199 1.940988 10.925271 2.0 4.0 0.940988 4.792519 2.980199 1.980199 2.593525 2.625925 1.585009 2.625925
-1 1418354798.292950 5.0 5.0 3.661877 5.940988 4.922355 6.921187 3.0 5.0 2.882753 9.862951 2.980199 4.922355 2.980199
-1 1418354798.578551 0.0 1.0 3.0 4.980199 3.0 5.88429 0.0 0.0 0.0 2.0 2.980199 1.0 2.980199
-1 1418354798.903524 0.0 3.921187 2.738776 3.827177 0.0 4.730116 1.82873 0.940988 2.881976 5.710706 4.214043 0.0 4.214043
-1 1418354799.126914 2.980199 2.980199 9.558801 3.921187 4.803939 3.921187 5.466985 3.82567 1.980199 1.881976 3.921187 4.803939 3.921187
-1 1418354799.481869 1.0 1.0 0.0 4.0 3.980199 2.0 3.0 2.0 4.770803 3.940988 6.921187 4.980199 6.921187
-1 1418354799.734273 0.940988 2.940988 1.980199 8.704874 4.960397 12.483752 4.863343 1.882753 3.881976 12.176785 2.940988 0.0 2.940988
-1 1418354800.114099 4.940988 2.0 0.0 5.676048 8.862175 1.0 3.0 4.980199 2.980199 7.699055 3.792519 3.980199 3.792519
-1 1418354800.523034 1.0 0.940988 4.862175 4.863343 5.845472 1.0 2.881976 1.0 2.921187 0.940988 0.940988 2.845472 0.940988
-1 1418354800.761004 1.922355 3.863343 2.0 2.940988 1.0 2.0 4.78646 3.863343 1.0 3.737223 2.0 2.0 2.0
-1 1418354801.064472 3.0 0.940988 7.547602 3.291574 4.980199 1.0 4.737223 2.0 0.0 4.540324 5.291574 2.0 5.291574
-1 1418354801.333211 1.980199 3.0 1.0 1.940988 1.0 2.0 2.0 1.0 3.980199 0.0 1.922355 0.0 1.922355
-1 1418354801.617683 1.0 0.0 1.0 1.0 2.0 1.0 1.0 1.0 2.980199 2.0 3.863343 1.0 3.863343
-1 1418354801.939362 2.0 3.776826 2.0 1.0 1.0 1.0 8.603257 1.0 3.960397 1.0 3.980199 3.940988 3.980199
-1 1418354802.158993 2.0 3.280718 2.0 1.0 2.0 3.0 2.225135 0.0 0.0 3.0 1.0 1.0 1.0
-1 1418354802.480927 0.0 0.0 2.0 4.960397 2.0 2.980199 0.0 0.0 0.0 3.980199 4.0 3.0 4.0
-1 1418354802.698496 0.0 6.514021 3.921187 1.940988 6.499442 1.980199 6.661759 0.0 0.940988 4.921187 3.940988 3.881976 3.940988
-1 1418354803.019857 5.940988 9.863343 6.900517 9.975341 3.845472 6.500618 13.171322 5.940988 3.845472 3.0 7.877275 2.845472 7.877275
-1 1418354803.243523 3.0 3.0 7.710706 6.967784 4.730508 6.396273 3.0 2.0 1.0 4.790997 2.609053 5.750309 2.609053
-1 1418354803.621282 2.0 0.0 3.0 3.940988 4.960397 3.805869 1.845472 3.980199 1.0 5.688622 0.0 1.0 0.0
-1 1418354803.910832 0.0 3.0 1.922355 2.940988 1.980199 1.0 3.980199 2.0 3.0 1.0 2.0 1.980199 2.0
-1 1418354804.223527 7.99891 5.203058 3.0 1.0 4.0 2.0 10.545199 6.051299 2.940988 2.0 2.254956 4.0 2.254956
-1 1418354804.599511 0.0 0.0 3.0 2.845472 7.788417 1.0 1.0 2.0 1.0 7.343948 0.940988 5.331058 0.940988
-1 1418354804.832582 1.980199 3.940988 9.61326 4.434936 2.0 2.0 4.882753 1.980199 1.0 0.940988 5.415135 2.0 5.415135
-1 1418354805.167395 0.940988 3.845472 7.612935 2.0 2.0 2.0 7.881584 2.881976 2.0 3.0 3.0 4.0 3.0
-1 1418354805.534517 2.0 3.980199 1.0 5.980199 2.827177 0.940988 4.683023 1.0 2.473296 7.555417 2.980199 2.827177 2.980199
-1 1418354805.788417 0.0 3.0 1.845472 6.091375 2.0 6.015276 1.7537 0.940988 0.0 3.430509 1.940988 1.0 1.940988
-1 1418354806.174915 2.0 3.0 7.881976 4.940988 3.921187 5.921187 4.921187 1.741642 2.0 6.881976 5.881976 4.881976 5.881976
-1 1418354806.396031 1.980199 2.980199 2.980199 5.940988 5.88429 5.825278 2.980199 1.0 2.940988 3.940988 1.0 4.88429 1.0
-1 1418354806.693548 0.0 2.0 1.0 2.0 0.0 0.0 2.0 0.0 1.0 1.0 0.940988 0.0 0.940988
-1 1418354806.908261 1.0 3.862951 2.0 1.0 1.790997 1.0 2.0 1.0 2.0 3.585009 2.980199 2.59092 2.980199
-1 1418354807.234535 1.0 9.728563 3.773932 6.796771 3.0 4.0 8.624395 1.0 4.0 4.0 6.796771 3.0 6.796771
-1 1418354807.583601 2.921187 3.921187 12.117784 5.921187 3.921187 1.940988 3.862951 1.940988 0.0 1.881976 4.901385 1.940988 4.901385
-1 1418354807.826873 2.980199 3.940988 2.695849 0.0 3.82567 0.0 0.940988 3.623709 2.0 5.057753 1.940988 3.882753 1.940988
-1 1418354808.158771 3.88429 4.88429 8.540929 12.589246 4.980199 12.474689 5.864489 5.747634 11.269619 9.406556 9.803939 6.862951 9.803939
-1 1418354808.443099 0.0 1.0 3.980199 3.0 2.0 2.0 1.0 1.980199 4.862951 4.881976 3.980199 2.0 3.980199
-1 1418354808.745302 1.940988 1.882753 0.0 5.690943 1.0 5.690943 2.882753 1.0 1.0 5.881976 2.0 0.0 2.0
-1 1418354808.993723 5.0 3.980199 4.940988 6.628833 1.0 1.0 4.825278 2.0 2.0 2.882753 4.823741 1.0 4.823741
-1 1418354809.269112 4.0 4.88429 3.0 3.88429 2.0 3.0 8.236593 4.0 2.0 1.845472 2.0 2.0 2.0
-1 1418354809.677191 6.752916 5.901385 2.980199 0.0 0.940988 0.940988 7.484458 4.772718 3.940988 1.940988 4.559097 2.863343 4.559097
-1 1418354809.910053 4.358921 1.0 3.0 11.129623 3.845472 5.323754 7.611738 4.789128 4.980199 14.591937 3.688907 5.259386 3.688907
-1 1418354810.279658 9.273326 7.207625 12.486276 10.319129 3.0 2.0 5.882753 6.341094 7.029196 7.547511 10.319129 3.0 10.319129
-1 1418354810.698608 3.0 2.0 3.0 4.940988 4.980199 1.0 3.733507 3.0 3.0 2.0 2.940988 4.980199 2.940988
-1 1418354810.918930 1.0 1.0 3.940988 4.0 5.881976 5.881976 1.0 0.0 1.0 8.783362 4.940988 4.881976 4.940988
-1 1418354811.268378 7.811138 4.695849 2.751394 1.0 0.0 0.0 4.63723 4.007111 2.980199 6.881584 1.0 0.0 1.0
-1 1418354811.682955 2.0 1.940988 5.864489 5.805869 5.940988 3.882753 1.0 1.0 2.042684 4.881976 3.805869 1.940988 3.805869
-1 1418354811.945336 4.0 1.0 2.921187 5.690943 4.960397 4.980199 6.823741 3.0 1.0 7.940596 3.0 4.960397 3.0
-1 1418354812.326688 2.980199 2.622334 3.881976 3.960397 2.940988 2.921187 9.135976 3.864489 0.0 6.822964 4.960397 4.881976 4.960397
-1 1418354812.691400 1.0 3.940988 6.61326 6.940596 3.808929 3.980199 3.49528 1.0 3.0 5.940988 1.980199 4.960397 1.980199
-1 1418354812.917048 3.0 2.0 2.0 2.0 2.823741 2.88429 3.940988 3.940988 4.636453 2.88429 0.0 3.765505 0.0
-1 1418354813.230688 4.88429 3.980199 3.0 3.813384 2.980199 0.0 3.980199 2.940988 2.980199 1.0 6.75398 2.980199 6.75398
-1 1418354813.509133 1.0 3.921187 4.88429 4.474441 4.864489 5.0 6.356671 1.980199 3.902554 6.940988 2.74018 2.0 2.74018
-1 1418354813.813129 4.940988 1.0 3.0 3.0 3.0 0.0 1.0 3.921187 1.0 0.0 0.0 4.845472 0.0
-1 1418354814.072812 1.0 2.940988 2.88429 2.922355 2.0 1.845472 2.88429 2.0 1.0 3.497373 4.844711 1.0 4.844711
-1 1418354814.368861 2.980199 6.637117 5.786068 3.921187 2.980199 4.980199 7.643993 2.980199 3.980199 6.921187 8.862175 3.921187 8.862175
-1 1418354814.715259 3.940988 5.575638 2.940988 7.61326 2.0 2.980199 8.496825 2.0 2.0 4.863343 1.0 1.0 1.0
-1 1418354814.942613 1.881976 0.88429 1.980199 1.0 1.0 2.82873 0.0 2.881976 4.713706 7.907535 0.940988 0.0 0.940988
-1 1418354815.273831 1.980199 5.864489 4.3492 3.78646 1.465671 3.217065 9.691682 3.960397 1.940988 4.231953 5.044194 3.3492 5.044194
-1 1418354815.582574 2.0 2.940988 1.940988 2.881976 9.862175 1.0 2.0 3.0 4.710706 3.922355 4.863343 8.921187 4.863343
-1 1418354815.869388 2.980199 4.980199 8.767827 15.752771 6.882753 4.0 4.980199 3.940988 2.0 8.268164 5.862951 4.0 5.862951
-1 1418354816.162816 1.0 0.0 1.980199 0.0 1.88429 1.882753 1.679646 1.0 0.0 1.882753 0.0 0.0 0.0
-1 1418354816.415562 2.940988 2.0 4.940988 1.0 2.0 3.864489 4.563183 3.825278 1.0 4.882753 5.0 4.0 5.0
-1 1418354816.888124 0.0 0.940988 2.715651 3.940988 4.940988 2.0 1.940988 0.0 2.940988 2.0 5.960397 3.980199 5.960397
-1 1418354817.158807 1.0 2.538094 1.0 8.578255 1.0 8.578255 2.538094 2.0 2.828159 3.940988 3.980199 4.960397 3.980199
-1 1418354817.488461 5.0 4.922355 5.0 5.119439 4.0 3.0 11.347713 5.0 4.0 4.940988 8.771195 4.0 8.771195
-1 1418354817.888018 1.0 0.0 8.017277 3.82567 7.656247 2.715651 1.0 2.0 2.0 1.0 1.0 9.481156 1.0
-1 1418354818.160387 0.0 1.0 2.940988 2.940988 4.980199 1.581994 1.0 1.0 0.0 0.0 1.940988 4.921187 1.940988
-1 1418354818.479962 1.0 5.0 10.572748 2.623059 2.0 4.88429 6.769326 4.980199 3.0 3.88429 2.623059 2.88429 2.623059
-1 1418354818.809841 3.921187 1.980199 4.960397 4.960397 2.980199 4.960397 7.786068 4.882753 6.921187 6.84315 5.305678 2.980199 5.305678
-1 1418354819.010015 0.0 0.845472 4.921187 7.862175 3.862175 1.980199 0.845472 0.0 0.0 3.671142 2.921187 4.822964 2.921187
-1 1418354819.308490 0.0 5.862951 1.922355 1.0 0.0 0.0 5.882753 2.940988 1.0 2.709568 1.0 3.750309 1.0
-1 1418354819.526059 9.764729 3.754372 4.589367 3.807768 2.0 3.86678 10.14046 9.823741 5.822964 2.86678 2.940988 3.0 2.940988
-1 1418354819.895092 2.921187 2.940988 0.0 4.921187 2.0 1.980199 3.882753 5.881976 1.922355 1.882753 1.0 2.845472 1.0
-1 1418354820.097553 0.0 1.980199 2.980199 7.069208 1.0 1.0 0.845472 1.88429 3.0 11.064307 0.0 3.0 0.0
-1 1418354820.472778 4.0 5.0 8.772341 1.0 0.0 1.940988 5.980199 5.0 3.845472 4.921187 3.0 4.940988 3.0
-1 1418354820.862691 3.0 2.0 3.845472 6.573928 3.0 1.0 3.940988 2.980199 1.0 3.690399 3.688371 3.0 3.688371
-1 1418354821.119173 0.0 3.922355 3.0 2.980199 3.0 1.0 3.980199 0.0 1.0 4.0 2.0 3.980199 2.0
-1 1418354821.439751 1.0 3.78646 4.595781 2.845472 2.940988 2.0 0.0 2.0 1.940988 2.0 2.767827 2.0 2.767827
-1 1418354821.873214 4.772718 6.713706 1.940988 1.0 0.88429 1.0 11.986756 3.772718 2.980199 1.0 0.59092 0.0 0.59092
-1 1418354822.124973 3.86678 1.86678 5.960397 2.0 2.980199 4.980199 6.531177 2.86678 3.7537 6.980199 2.0 2.980199 2.0
-1 1418354822.525714 3.980199 8.862951 1.0 2.107247 3.922355 5.807376 8.767043 3.980199 2.980199 1.0 1.980199 3.922355 1.980199
-1 1418354822.936465 0.0 4.730116 8.99817 12.763675 14.904656 3.940988 7.671104 0.0 1.0 5.521985 6.057182 6.482774 6.057182
-1 1418354823.210854 4.980199 5.0 6.960397 8.278413 5.844687 5.960397 3.922355 2.0 2.0 10.886237 5.960397 9.72744 5.960397
-1 1418354823.588364 6.980199 5.980199 8.687845 5.823741 1.940988 3.882753 8.746096 5.980199 5.0 4.805108 2.940988 1.940988 2.940988
-1 1418354823.913444 9.377643 6.710706 1.0 1.0 3.960397 0.940988 10.175896 7.011768 9.688622 0.940988 1.0 3.960397 1.0
-1 1418354824.164519 4.728224 2.921187 4.940988 1.0 1.0 0.940988 3.960397 3.882753 2.980199 4.737223 1.0 0.0 1.0
-1 1418354824.472758 2.980199 1.0 5.750309 5.750309 2.0 0.940988 5.0 4.0 2.0 2.882753 8.652863 1.0 8.652863
-1 1418354824.714029 1.0 4.255347 2.790997 5.980199 4.844711 0.0 9.926566 2.980199 1.0 0.0 3.810014 0.0 3.810014
-1 1418354825.068118 1.0 1.0 2.88429 1.0 1.0 0.0 3.882753 2.980199 2.0 3.97833 1.845472 2.805869 1.845472
-1 1418354825.297936 3.656993 2.940988 3.940988 4.0 3.0 1.0 3.0 1.940988 1.980199 2.0 3.980199 4.960397 3.980199
-1 1418354825.578087 2.980199 4.882753 2.922355 6.980748 0.0 5.823741 5.940988 2.0 2.0 4.823741 5.727808 0.0 5.727808
-1 1418354825.969388 2.0 11.822964 4.0 4.980199 2.0 5.769326 12.711792 0.940988 1.0 8.690905 4.0 2.0 4.0
-1 1418354826.199954 1.0 3.845472 2.823741 10.961275 0.940988 0.940988 2.0 2.0 1.0 6.921539 3.862175 2.881976 3.862175
-1 1418354826.513618 0.0 2.0 3.845472 3.0 0.0 1.0 5.322232 0.0 5.769718 0.0 1.0 0.0 1.0
-1 1418354826.858608 3.0 4.0 3.0 2.940988 2.0 6.82567 3.827177 4.922355 2.0 1.0 0.940988 2.0 0.940988
-1 1418354827.156496 0.0 2.827177 3.0 7.444957 3.844711 5.331055 3.0 1.0 1.0 10.852175 3.0 1.980199 3.0
-1 1418354827.498120 3.0 3.0 7.206462 9.319483 3.58115 2.517901 1.0 2.0 0.0 11.925202 11.206403 3.485633 11.206403
-1 1418354827.808746 2.845472 3.0 0.940988 1.0 1.980199 1.0 5.746857 4.396797 5.728224 0.0 1.0 1.0 1.0
-1 1418354828.182266 2.0 0.0 0.940988 1.0 2.881976 1.940988 0.0 2.0 2.980199 4.960397 0.0 2.881976 0.0
-1 1418354828.536614 1.0 1.88429 7.508841 5.902554 5.902554 4.980199 1.980199 0.0 1.0 7.921187 7.645726 3.980199 7.645726
-1 1418354828.774673 5.727448 5.495001 3.882753 2.0 7.922355 1.0 9.48641 4.78646 2.0 5.0 0.0 5.922355 0.0
-1 1418354829.155603 0.0 3.29978 1.0 2.0 0.0 2.980199 0.88429 0.0 1.0 4.960397 4.862951 3.765505 4.862951
-1 1418354829.424842 1.980199 0.845472 9.628833 4.980199 2.0 7.881976 0.0 1.882753 2.921187 2.0 3.980199 3.0 3.980199
-1 1418354829.773961 2.980199 5.545406 3.581646 3.735731 1.0 2.735731 4.901385 3.921187 6.581542 4.735731 3.0 2.0 3.0
-1 1418354830.184800 1.0 3.0 2.0 3.881976 3.715651 1.715651 3.585009 0.0 2.0 3.715651 1.0 2.715651 1.0
-1 1418354830.439862 1.789128 0.940988 6.940596 2.540271 2.940988 1.540271 3.825278 0.88429 1.0 2.996778 2.0 1.0 2.0
-1 1418354830.755118 3.0 3.921187 3.980199 3.960397 5.960397 3.960397 6.504778 4.544381 2.922355 4.960397 5.940596 4.960397 5.940596
-1 1418354831.188025 2.0 0.075819 4.312834 2.429305 2.438129 0.0 2.0 1.0 1.940988 2.459446 3.429305 4.623059 3.429305
-1 1418354831.519582 3.0 4.960397 8.164231 2.0 1.0 2.922355 5.960397 4.980199 2.0 3.0 3.0 1.0 3.0
-1 1418354831.812880 1.0 0.0 3.0 3.0 10.611738 2.980199 0.582984 1.0 1.0 7.754952 0.62897 13.887032 0.62897
-1 1418354832.161972 6.805108 1.0 5.055984 1.0 1.0 1.980199 1.0 4.882753 1.922355 4.882753 2.845472 2.0 2.845472
-1 1418354832.436363 0.0 4.980199 3.597627 1.0 0.940988 1.0 4.921187 0.0 0.940988 5.710314 1.940988 0.940988 1.940988
-1 1418354832.868873 4.882753 8.466985 6.959045 5.829815 6.65746 4.687474 9.036748 4.940988 7.264731 7.0 3.0 2.0 3.0
-1 1418354833.313603 5.881976 1.0 1.829815 2.980199 1.0 1.0 3.750309 4.921187 4.88429 1.0 2.940988 1.0 2.940988
-1 1418354833.644152 1.0 4.583064 4.0 6.690943 7.960397 3.0 4.769326 1.0 0.0 3.0 4.0 4.0 4.0
-1 1418354833.883874 5.688371 4.0 4.862951 5.921187 3.980199 5.881976 3.59092 3.980199 3.582984 6.634553 1.940988 2.980199 1.940988
-1 1418354834.209195 0.0 1.88429 4.750309 3.0 2.980199 3.940988 1.0 4.710706 0.0 5.279926 3.940988 2.0 3.940988
-1 1418354834.507955 1.980199 1.0 2.0 3.0 2.980199 0.0 3.647871 3.921187 1.0 0.0 1.0 2.0 1.0
-1 1418354834.881095 1.88429 3.980199 6.688622 4.805108 3.806645 5.548288 9.632654 6.727056 1.940988 4.747634 2.0 4.690936 2.0
-1 1418354835.268339 4.82567 11.06314 3.980199 1.980199 8.746857 2.88429 8.309208 4.82567 6.70996 6.766658 2.980199 6.825278 2.980199
-1 1418354835.523585 4.0 7.651695 4.998996 7.981428 13.961775 10.417396 5.823741 4.0 2.0 14.54723 12.364744 12.603602 12.364744
-1 1418354835.815210 5.940988 4.70993 0.0 0.0 0.0 1.0 5.70993 3.921187 1.940988 1.0 0.0 2.0 0.0
-1 1418354836.206920 1.0 0.0 6.687084 3.940988 8.881976 8.862175 1.0 1.0 4.921187 4.862175 1.0 4.881976 1.0
-1 1418354836.459626 3.921187 2.0 1.940988 11.323221 2.0 2.690943 3.882753 1.0 3.922355 7.825539 6.594235 0.0 6.594235
-1 1418354836.857418 4.86678 4.86678 4.772718 4.980199 2.0 2.980199 12.410633 5.75107 5.82873 4.338938 9.84315 2.0 9.84315
-1 1418354837.090854 2.0 3.0 3.0 6.710314 1.0 2.695849 3.980199 2.715651 2.0 4.676048 2.980199 2.980199 2.980199
-1 1418354837.349345 0.0 0.0 1.0 3.940988 2.0 2.0 0.0 0.0 1.0 3.0 1.0 1.0 1.0
-1 1418354837.602814 1.0 1.0 2.735731 1.88429 1.0 0.0 2.823741 2.0 2.0 3.70996 0.88429 0.0 0.88429
-1 1418354837.921702 1.0 2.881976 1.0 4.0 1.0 1.0 4.709154 2.882753 3.980199 1.0 1.731985 1.0 1.731985
-1 1418354838.293706 0.0 1.0 3.0 2.881976 4.0 2.0 2.997853 0.0 2.980199 3.980199 0.0 3.0 0.0
-1 1418354838.570848 1.0 2.59092 4.422369 3.958487 1.882753 3.75398 9.378141 2.0 3.0 6.823741 1.980199 4.164075 1.980199
-1 1418354838.859674 3.940988 4.0 3.940988 7.690905 2.82567 6.84315 7.553735 2.0 6.960397 11.84315 3.862951 2.82567 3.862951
-1 1418354839.241889 3.0 2.0 2.845472 2.980199 1.0 1.0 4.715651 2.0 3.0 1.0 1.980199 1.0 1.980199
-1 1418354839.537577 0.0 0.940988 1.980199 11.338437 0.0 4.0 0.940988 2.882753 0.0 3.0 11.749677 2.0 11.749677
-1 1418354839.859958 2.980199 0.940988 9.035904 8.493462 3.921187 2.980199 3.882753 2.980199 2.922355 3.980199 9.600574 4.960397 9.600574
-1 1418354840.242051 3.561284 8.331267 2.980199 5.921187 1.0 1.0 9.098477 3.561284 3.0 3.0 2.940988 0.0 2.940988
-1 1418354840.454907 6.980199 3.0 5.810014 1.980199 2.0 3.0 1.0 6.960397 8.765505 5.960397 4.434936 3.0 4.434936
-1 1418354840.820880 3.733507 4.0 1.0 3.765505 1.0 1.0 4.940988 1.0 1.0 1.0 0.0 1.0 0.0
-1 1418354841.262154 2.792519 1.980199 5.746465 3.882753 5.728224 1.0 2.82567 4.507735 2.72719 1.0 4.0 2.78646 4.0
-1 1418354841.520476 2.940988 1.0 1.86678 0.0 3.0 1.881976 3.922355 3.827177 1.845472 1.881976 1.0 3.940988 1.0
-1 1418354841.834323 3.0 5.921187 3.940988 4.940988 4.922355 5.0 6.960397 3.532497 1.0 5.980199 4.940988 3.0 4.940988
-1 1418354842.098108 0.940988 5.656639 5.789128 3.980199 5.0 1.0 4.940988 0.940988 0.0 3.498582 2.0 5.0 2.0
-1 1418354842.429313 1.0 2.940988 6.064134 0.0 0.0 1.980199 1.940988 2.0 1.845472 6.921187 1.940988 1.980199 1.940988
-1 1418354842.751296 4.901385 5.902554 6.730508 14.004967 4.0 4.0 7.84315 3.960397 4.88429 5.980199 4.595781 5.0 4.595781
-1 1418354843.003091 0.0 7.505322 3.0 0.0 3.960397 3.844711 8.663566 0.0 1.0 2.0 0.0 2.980199 0.0
-1 1418354843.438286 1.0 2.0 3.922355 7.805108 3.922355 7.767043 3.882753 2.0 2.0 5.940988 8.803939 4.0 8.803939
-1 1418354843.788174 0.0 4.921187 1.0 12.711775 1.0 1.980199 5.921187 0.0 1.0 3.533822 2.3595 1.0 2.3595
-1 1418354844.169331 4.804332 10.137243 3.980199 3.563183 1.0 1.0 3.792519 3.714874 4.922355 5.88429 2.0 3.0 2.0
-1 1418354844.552485 1.0 0.0 1.0 5.881976 3.940988 1.940988 0.0 1.0 1.0 0.0 0.0 3.0 0.0
-1 1418354844.873949 0.0 2.88429 1.845472 1.845472 1.0 1.0 2.882753 1.0 2.980199 0.0 3.596866 1.0 3.596866
-1 1418354845.123374 2.0 4.922355 6.767827 6.613961 7.881976 1.940988 9.862951 3.0 2.88429 2.863343 7.397513 4.765505 7.397513
-1 1418354845.507553 0.0 1.789128 1.0 4.980199 3.881976 4.0 3.664951 0.0 2.0 3.78646 2.0 2.881976 2.0
-1 1418354845.780750 1.225202 3.808929 2.980199 2.750309 4.980199 2.980199 2.980199 0.940988 2.922355 1.980199 4.827177 2.980199 4.827177
-1 1418354846.049652 2.940988 6.940988 2.466707 1.0 0.0 3.980199 7.272447 2.0 4.715651 3.980199 0.940988 0.0 0.940988
-1 1418354846.425764 1.940988 8.183529 2.0 2.0 2.0 2.0 6.676048 1.940988 3.0 5.805869 1.0 2.0 1.0
-1 1418354846.679089 2.0 1.940988 3.921187 15.643784 0.0 5.326443 1.940988 1.940988 0.940988 4.690182 1.0 0.0 1.0
-1 1418354847.027112 2.0 2.922355 4.616515 4.829815 5.0 5.0 3.980199 1.0 1.0 5.940988 3.980199 4.0 3.980199
-1 1418354847.397469 0.0 4.980199 0.940988 0.0 4.764729 1.940988 5.921187 2.0 1.940988 1.0 1.0 1.940988 1.0
-1 1418354847.648872 2.980199 1.940988 0.845472 1.0 2.922355 1.881976 2.881976 5.787967 4.901385 3.575233 0.0 0.0 0.0
-1 1418354847.994049 2.940988 3.0 1.980199 4.526159 3.766658 2.0 7.805477 2.940988 3.0 4.980199 6.697621 2.82567 6.697621
-1 1418354848.402896 3.940988 0.88429 6.805869 4.765505 4.382712 2.0 1.845472 0.0 1.940988 3.82567 1.0 2.86678 1.0
-1 1418354848.637593 0.0 2.980199 1.549818 0.0 1.0 0.0 1.940988 1.0 2.0 0.0 0.0 0.0 0.0
-1 1418354849.039621 1.0 3.882753 7.635677 9.211858 6.921187 7.901385 8.65731 1.0 2.0 7.807376 9.071276 6.921187 9.071276
-1 1418354849.439034 4.0 5.902554 4.921187 4.0 4.960397 2.0 7.960397 3.0 5.940988 3.980199 2.0 2.0 2.0
-1 1418354849.695930 1.0 2.0 1.0 2.477316 1.0 1.0 2.940988 0.0 2.882753 3.195944 1.0 1.0 1.0
-1 1418354850.078827 1.882753 4.980199 5.882753 8.65731 3.980199 0.0 11.255374 3.882753 4.528087 2.882753 4.882753 3.980199 4.882753
-1 1418354850.254766 0.0 0.0 10.849634 5.980199 7.980199 9.921187 1.980199 0.0 1.0 5.980199 4.0 6.0 4.0
-1 1418354850.537159 1.0 0.940988 1.0 1.0 1.0 2.0 0.0 1.0 2.0 2.0 1.0 1.0 1.0
-1 1418354850.794758 6.882753 3.0 7.069068 6.239069 4.545688 2.0 4.845472 3.0 4.980199 5.938886 1.433784 3.545688 1.433784
-1 1418354851.094009 0.0 3.980199 4.825278 2.922355 4.766266 2.0 4.902554 2.0 0.0 2.845472 1.0 4.881976 1.0
-1 1418354851.373577 8.68823 8.499789 9.823349 1.0 1.0 2.0 8.499789 8.651302 8.371558 1.0 0.0 1.0 0.0
-1 1418354851.688424 0.940988 0.940988 1.0 5.0 3.980199 1.881976 2.940988 0.940988 0.0 1.881976 3.0 3.921187 3.0
-1 1418354852.035264 1.0 1.882753 6.141767 7.319144 1.940988 2.827177 3.590293 0.0 1.0 4.623619 4.980199 1.940988 4.980199
-1 1418354852.308451 1.0 1.940988 5.51683 9.682956 7.058674 1.422765 2.980199 1.0 2.0 2.922355 8.159698 7.888489 8.159698
-1 1418354852.660909 2.0 0.940988 4.746857 4.0 6.690943 0.0 0.940988 2.82873 2.0 0.0 1.0 2.845472 1.0
-1 1418354852.954603 2.922355 2.980199 2.0 1.0 0.0 2.0 4.980199 2.922355 2.980199 3.0 0.0 1.0 0.0
-1 1418354853.225709 4.882753 1.0 0.0 0.0 0.0 0.0 3.0 4.940988 1.940988 3.0 4.862951 1.0 4.862951
-1 1418354853.592173 4.0 9.786068 0.7537 2.0 3.0 0.0 9.690905 4.789128 2.922355 0.940988 1.0 2.0 1.0
-1 1418354853.859463 2.0 0.940988 3.636916 8.437408 4.728224 5.82567 6.592329 1.940988 4.805869 3.845472 5.97028 5.728224 5.97028
-1 1418354854.172801 6.275801 4.980199 7.330346 3.825278 0.0 0.792519 3.980199 4.0 2.980199 3.532154 4.463958 0.0 4.463958
-1 1418354854.528214 2.940988 0.940988 2.0 3.0 1.0 1.0 6.546996 1.940988 1.0 1.0 2.0 1.0 2.0
-1 1418354854.785836 1.0 2.0 1.0 6.402723 2.940988 3.0 1.0 1.0 3.922355 3.0 3.940988 3.825278 3.940988
-1 1418354855.151977 3.0 0.940988 7.864489 3.533822 2.980199 3.0 6.881976 1.0 0.0 3.940988 2.533822 1.0 2.533822
-1 1418354855.429164 7.921187 5.940988 3.0 1.940988 2.922355 3.882753 7.380818 5.661877 8.746857 3.0 3.0 2.0 3.0
-1 1418354855.705306 4.0 1.0 5.349291 3.881976 1.0 1.0 2.0 2.0 4.0 2.0 3.0 1.0 3.0
-1 1418354856.026888 0.940988 2.0 3.845472 4.002664 2.845472 4.82567 3.0 1.940988 1.0 4.671142 2.845472 2.980199 2.845472
-1 1418354856.249286 0.940988 1.0 4.439216 2.980199 3.0 2.0 6.422189 2.823741 0.940988 2.88429 1.0 2.82873 1.0
-1 1418354856.715069 2.922355 1.0 2.980199 3.922355 2.690943 3.922355 4.260517 2.0 1.0 3.584506 1.0 1.0 1.0
-1 1418354857.037680 1.0 3.980199 1.940988 2.0 3.0 2.980199 5.940988 1.0 1.0 2.980199 2.980199 3.0 2.980199
-1 1418354857.367222 3.0 12.6957 2.822964 2.881976 0.940988 1.940988 7.206679 2.490105 6.921187 2.940988 4.822964 2.822964 4.822964
-1 1418354857.700506 3.881976 2.921187 5.706493 4.751394 7.822964 3.940988 2.881976 6.822964 1.882753 7.862951 8.731593 6.764729 8.731593
-1 1418354857.958528 2.0 3.0 2.0 11.591937 0.0 4.765505 3.0 2.0 4.0 8.27087 3.0 1.0 3.0
-1 1418354858.282405 0.0 2.0 3.0 1.0 3.980199 2.789128 2.0 1.0 1.0 6.311482 1.0 3.922355 1.0
-1 1418354858.643846 2.0 2.0 3.486403 5.527031 1.506204 1.506204 7.216596 2.0 2.980199 2.506204 2.0 4.431477 2.0
-1 1418354858.884143 4.940988 2.0 2.0 11.538223 2.0 7.765505 2.980199 4.882753 3.0 4.0 2.792519 3.0 2.792519
-1 1418354859.290805 1.737223 2.940988 4.503337 2.715651 1.0 5.502788 8.218379 0.940988 4.65058 4.862175 3.715651 1.0 3.715651
-1 1418354859.680748 1.980199 5.584891 4.940988 2.940988 3.940988 4.881976 9.555199 2.0 2.0 2.940988 2.940988 2.940988 2.940988
-1 1418354859.916684 1.0 2.0 2.623059 8.013175 1.0 3.246117 2.661877 2.0 0.0 3.881976 0.0 2.0 0.0
-1 1418354860.292502 1.0 7.276773 3.584891 2.0 4.691297 3.750309 12.009519 1.0 1.0 7.808511 5.768165 3.750309 5.768165
-1 1418354860.697627 2.980199 4.804332 4.0 4.0 4.581994 2.0 5.78646 3.940988 1.0 3.0 3.0 2.0 3.0
-1 1418354860.908369 0.940988 1.0 4.586714 3.0 1.940988 3.980199 0.0 1.0 0.940988 5.827177 2.980199 5.823741 2.980199
-1 1418354861.241370 2.0 4.940988 3.637901 6.490045 3.960397 2.863343 6.881976 3.960397 2.980199 7.578218 6.799112 2.940988 6.799112
-1 1418354861.566219 7.882753 6.843542 2.0 3.0 0.0 2.980199 13.503455 8.843542 3.922355 7.805869 3.0 3.960397 3.0
-1 1418354861.880825 3.88429 4.88429 3.940988 5.0 1.980199 4.88429 5.789128 5.637991 4.825278 8.613291 4.0 1.980199 4.0
-1 1418354862.218875 3.960397 3.921187 0.940988 1.0 0.0 1.0 7.862951 1.980199 1.980199 1.0 2.82567 1.0 2.82567
-1 1418354862.511095 0.0 0.940988 4.640554 7.297585 3.980199 2.789128 4.803939 0.940988 2.980199 6.930275 3.451352 4.980199 3.451352
-1 1418354862.887945 0.0 1.0 4.921187 3.0 3.881976 2.0 2.0 0.0 5.863343 4.0 3.0 3.881976 3.0
-1 1418354863.236416 1.7537 0.940988 2.63723 0.0 2.0 1.86678 4.731593 2.792519 3.0 1.86678 0.0 1.0 0.0
-1 1418354863.486536 3.960397 4.0 2.0 1.599941 1.0 2.0 4.714874 2.0 1.940988 1.0 2.589367 0.0 2.589367
-1 1418354863.846373 0.0 0.0 14.552334 7.881976 3.881976 8.474447 5.12814 1.0 0.940988 1.0 3.0 2.881976 3.0
-1 1418354864.080305 0.0 0.50913 1.0 7.84315 2.0 5.940596 0.940988 1.940988 1.690943 5.960397 5.960397 1.0 5.960397
-1 1418354864.448669 1.88429 2.299354 2.88429 5.789128 3.88429 4.88429 6.190268 2.0 0.0 4.88429 3.789128 2.88429 3.789128
-1 1418354864.867442 0.0 0.0 6.940596 2.639616 3.88429 4.413457 0.940988 0.940988 0.940988 8.033305 2.0 5.710706 2.0
-1 1418354865.090918 0.0 7.823741 7.198136 11.438465 2.0 4.765505 6.465625 2.0 1.0 2.690943 5.31423 1.0 5.31423
-1 1418354865.454266 3.980199 1.0 4.166338 4.922355 5.316556 3.396118 7.185517 2.616515 2.0 8.675824 2.0 1.0 2.0
-1 1418354865.814470 2.0 2.825278 4.0 3.980199 4.0 2.0 4.825278 3.0 2.0 6.921187 3.921187 4.805869 3.921187
-1 1418354866.047390 0.0 6.864489 2.940988 0.940988 0.0 0.0 6.882753 2.0 2.0 0.0 0.940988 1.0 0.940988
-1 1418354866.502161 1.980199 13.426636 8.033472 6.593651 3.940988 3.940988 10.575135 1.980199 4.862951 8.140213 3.958291 1.940988 3.958291
-1 1418354866.932345 0.0 0.0 4.750309 2.773781 14.440393 7.181231 1.0 0.0 1.0 4.533063 0.940988 11.460194 0.940988
-1 1418354867.228232 1.0 1.0 2.980199 5.867659 0.0 0.0 5.960397 1.0 3.0 3.492381 0.0 1.980199 0.0
-1 1418354867.508769 7.727448 4.397669 5.754372 3.70148 3.0 3.0 11.749332 9.727448 5.804332 4.0 4.980199 4.86678 4.980199
-1 1418354867.948442 1.980199 2.980199 3.712252 3.0 1.980199 5.583456 3.980199 1.980199 3.921187 5.714098 3.7537 2.980199 3.7537
-1 1418354868.197174 2.940988 3.921187 3.805477 3.33101 2.825278 0.940988 5.803939 1.940988 2.940988 5.825278 1.940988 2.825278 1.940988
-1 1418354868.494092 2.864489 2.980199 6.882753 3.921187 3.922355 0.0 7.862951 2.864489 2.805869 1.0 4.881976 1.0 4.881976
-1 1418354868.895713 1.0 0.0 2.882753 4.78646 4.940988 4.727448 0.940988 1.0 0.0 5.651695 2.0 9.842374 2.0
-1 1418354869.126635 0.0 1.0 3.940988 2.864489 0.0 0.0 0.0 2.0 0.0 0.0 3.864489 0.940988 3.864489
-1 1418354869.435027 7.789327 8.356671 2.0 2.0 2.0 4.845472 6.846314 9.195203 9.776264 3.0 2.0 1.0 2.0
-1 1418354869.669527 0.0 0.0 2.0 5.63723 3.544254 7.501031 1.597915 1.0 5.737223 10.154399 2.790997 2.0 2.790997
-1 1418354869.998854 1.940988 1.940988 7.767773 6.980199 7.611738 2.0 0.940988 1.940988 0.0 2.845472 1.940988 3.881976 1.940988
-1 1418354870.288970 3.980199 1.980199 0.0 3.0 4.0 0.0 1.980199 3.980199 1.0 0.0 0.0 0.0 0.0
-1 1418354870.560030 2.980199 2.0 10.907996 1.0 3.0 1.845472 6.507828 2.980199 0.0 3.980199 0.940988 3.0 0.940988
-1 1418354870.928772 0.0 0.0 2.78646 3.0 3.0 3.0 0.0 4.0 2.881976 1.433784 2.0 2.0 2.0
-1 1418354871.150747 5.0 2.0 1.792519 0.0 1.980199 1.940988 2.980199 2.0 2.0 2.0 0.0 1.0 0.0
-1 1418354871.606963 0.0 5.276953 4.804332 1.940988 1.940988 0.940988 9.746857 0.0 4.940988 2.940988 1.940988 3.822964 1.940988
-1 1418354872.063874 4.0 2.940988 2.881976 0.940988 1.940988 2.921187 4.731985 4.0 3.940988 3.921187 2.863343 1.940988 2.863343
-1 1418354872.374715 1.0 5.901385 1.513837 0.0 0.0 3.0 2.940988 1.0 1.0 4.846979 0.0 1.922355 0.0
-1 1418354872.669475 4.0 4.0 2.940988 4.845472 2.0 2.0 4.0 5.980199 4.882753 3.0 5.731593 2.980199 5.731593
-1 1418354873.083030 0.0 1.0 3.980199 1.0 3.0 2.0 1.940988 1.0 0.0 1.980199 2.0 1.0 2.0
-1 1418354873.445250 3.0 2.980199 1.0 9.119722 1.0 6.198928 3.980199 3.980199 1.0 12.656801 2.881976 2.0 2.881976
-1 1418354873.811750 3.0 3.940988 3.940988 4.881976 3.0 2.0 4.921187 2.0 4.940988 2.0 8.262304 4.0 8.262304
-1 1418354874.124903 2.980199 2.980199 5.862175 5.0 10.441606 5.260909 2.980199 3.980199 3.980199 5.769851 3.0 2.940988 3.0
-1 1418354874.479919 3.980199 7.980199 5.0 8.962826 6.960397 9.516222 10.578602 6.901385 2.0 11.706493 8.767066 5.922355 8.767066
-1 1418354874.773091 5.116705 10.385136 2.980199 2.0 3.0 3.940988 9.629002 4.19435 3.922355 4.881976 4.326491 3.0 4.326491
-1 1418354875.081558 2.940988 2.0 1.845472 3.0 4.0 1.940988 2.0 1.0 1.813384 2.940988 1.0 4.0 1.0
-1 1418354875.365125 0.0 0.0 3.0 3.960397 2.0 0.0 0.845472 0.0 0.0 0.0 1.0 2.0 1.0
-1 1418354875.671886 2.922355 3.881976 2.881976 2.940988 2.0 1.0 9.831564 3.940988 4.940988 3.715651 1.715651 1.0 1.715651
-1 1418354876.053834 1.980199 2.980199 0.0 3.0 4.940988 7.940988 1.980199 1.980199 3.940988 5.922355 1.0 5.940988 1.0
-1 1418354876.309733 2.0 3.0 4.88429 3.0 2.980199 2.0 2.715651 1.0 1.0 3.940988 2.0 3.0 2.0
-1 1418354876.659626 6.862951 8.822964 1.338938 0.940988 0.0 0.0 10.576665 7.692382 2.980199 0.940988 0.940988 0.0 0.940988
-1 1418354877.029760 0.0 1.980199 5.823741 0.0 10.764729 1.882753 4.921187 1.0 1.922355 2.882753 0.0 10.764729 0.0
-1 1418354877.308749 0.0 2.0 3.86678 8.333686 3.0 3.690943 4.882753 0.0 0.0 4.690943 6.681097 3.0 6.681097
-1 1418354877.658207 3.921187 4.960397 7.882753 4.940988 4.980199 2.0 6.208655 3.921187 5.940988 4.980199 4.980199 5.748779 4.980199
-1 1418354878.039944 0.0 1.0 3.717422 4.921187 9.838624 7.786068 7.549833 2.0 1.0 7.786068 2.980199 4.902554 2.980199
-1 1418354878.329596 0.0 0.0 3.0 5.502788 0.0 2.881976 1.0 0.0 1.940988 8.166912 1.881976 0.0 1.881976
-1 1418354878.642078 2.67075 3.575233 7.786068 2.0 1.940988 4.0 4.556178 0.845472 0.0 5.0 1.715651 0.0 1.715651
-1 1418354878.899032 0.0 2.82567 4.980199 4.0 3.0 2.0 4.581404 0.0 0.0 3.0 3.980199 4.0 3.980199
-1 1418354879.237597 1.0 1.0 5.901385 5.844711 3.980199 1.0 3.940988 1.0 2.940988 1.0 6.751002 2.980199 6.751002
-1 1418354879.574878 5.0 4.0 4.940988 1.980199 1.980199 2.980199 4.864489 4.0 2.940988 4.980199 1.980199 2.980199 1.980199
-1 1418354879.812139 1.0 7.559569 3.980199 1.980199 3.0 2.0 6.559569 2.882753 1.0 2.0 1.980199 4.0 1.980199
-1 1418354880.190993 2.0 2.0 1.940988 1.0 2.0 1.0 4.0 4.0 2.0 1.0 3.0 2.0 3.0
-1 1418354880.445277 1.0 0.0 5.940596 8.421413 0.0 1.980199 1.980199 0.0 2.0 0.0 0.0 0.0 0.0
-1 1418354880.766761 3.980199 4.980199 3.940988 3.980199 3.0 2.845472 8.747241 4.980199 5.980199 3.845472 2.88429 4.0 2.88429
-1 1418354881.146038 2.0 2.0 1.0 0.0 2.0 1.0 3.980199 0.0 1.0 1.940988 1.940988 2.0 1.940988
-1 1418354881.448290 2.980199 0.940988 5.792519 10.028125 4.0 2.980199 2.806645 2.0 0.0 12.50796 2.980199 2.0 2.980199
-1 1418354881.768876 1.0 1.0 0.940988 4.271427 0.0 5.950405 5.346411 1.0 2.940988 2.0 4.497586 1.0 4.497586
-1 1418354882.150112 0.790997 3.808929 2.0 3.0 2.752171 0.0 5.808929 2.731985 1.940988 1.0 2.86678 1.829815 2.86678
-1 1418354882.411009 0.0 3.980199 1.0 1.922355 0.0 1.0 5.843542 1.0 2.922355 1.0 0.0 0.0 0.0
-1 1418354882.742117 0.940988 1.940988 5.393744 1.741642 0.0 0.0 1.940988 0.940988 2.940988 0.0 1.0 1.0 1.0
-1 1418354883.120299 2.0 1.0 5.0 0.0 3.0 0.0 4.862175 1.0 1.0 2.0 2.0 3.980199 2.0
-1 1418354883.373447 1.0 2.587883 6.889772 2.88429 3.88429 2.0 1.88429 1.0 5.767043 1.0 2.88429 3.88429 2.88429
-1 1418354883.832218 1.882753 1.0 2.882753 1.0 0.0 1.0 1.980199 0.0 2.0 1.0 1.0 1.0 1.0
-1 1418354884.286191 0.0 0.0 1.0 4.980199 4.980199 1.980199 0.0 0.940988 1.0 9.487547 5.455401 1.980199 5.455401
-1 1418354884.614118 0.0 3.980199 4.940988 6.502788 4.940988 9.706493 2.980199 0.0 1.0 6.822964 3.822964 4.940988 3.822964
-1 1418354884.968901 3.823741 6.842374 7.804332 6.882753 3.0 3.980199 3.881976 5.862951 5.766658 4.881976 5.940988 3.0 5.940988
-1 1418354885.280715 0.0 1.308723 0.0 1.881976 9.648243 2.0 1.332765 0.0 1.0 2.0 3.0 1.0 3.0
-1 1418354885.568298 1.0 0.0 2.882753 1.882753 0.0 0.0 1.82873 1.0 2.0 2.0 1.882753 1.0 1.882753
-1 1418354885.866443 1.940988 6.50817 3.690943 3.805869 8.628833 8.746857 5.787967 4.940988 3.882753 9.631147 4.78646 8.746857 4.78646
-1 1418354886.243875 5.940988 7.180667 3.453768 1.0 1.512114 3.0 3.980199 6.940988 2.0 4.468908 3.0 0.0 3.0
-1 1418354886.477407 1.940988 0.940988 5.862175 4.171094 0.0 0.0 2.444325 0.940988 1.940988 7.822964 3.536108 1.980199 3.536108
-1 1418354886.812731 1.825278 3.750309 6.710706 3.0 5.730508 3.980199 1.940988 2.922355 1.0 6.751394 4.750309 5.730508 4.750309
-1 1418354887.123684 2.0 4.0 1.0 3.737223 1.790997 1.790997 12.753781 3.0 2.0 1.0 2.0 1.790997 2.0
-1 1418354887.442911 2.980199 1.0 4.0 6.578255 3.922355 2.940988 2.0 3.88429 2.940988 6.882753 1.0 3.922355 1.0
-1 1418354887.790207 4.960397 3.980199 1.0 1.336344 0.0 2.0 6.749525 2.980199 2.0 3.0 1.940988 2.0 1.940988
-1 1418354888.083498 3.940988 4.980199 4.940988 2.980199 3.0 2.0 5.940988 3.940988 5.902554 3.940988 2.980199 3.0 2.980199
-1 1418354888.399242 0.0 0.0 4.940988 4.0 7.203463 3.0 0.0 0.0 1.0 0.0 3.764729 3.882753 3.764729
-1 1418354888.686206 0.0 2.82567 7.647482 9.298002 2.921187 3.960397 4.823741 1.0 1.980199 5.862175 3.882753 3.921187 3.882753
-1 1418354888.974120 2.0 5.864489 3.980199 1.0 1.980199 3.729762 8.701049 2.0 1.0 3.696913 2.0 1.980199 2.0
-1 1418354889.421612 4.0 4.0 3.0 1.922355 1.0 3.960397 4.0 6.0 3.0 3.960397 1.922355 1.0 1.922355
-1 1418354889.749287 0.0 1.0 2.74018 4.0 3.0 4.0 3.0 0.0 0.0 6.0 4.882753 3.845472 4.882753
-1 1418354890.036433 3.980199 4.921187 5.204542 5.523306 4.50318 2.921187 10.515437 5.805477 4.960397 5.862951 8.444493 4.901385 8.444493
-1 1418354890.449417 1.0 2.980199 5.803163 6.82567 5.980199 4.82567 4.901385 2.0 4.960397 3.980199 3.980199 2.980199 3.980199
-1 1418354890.697148 2.0 1.0 1.845472 1.0 3.940988 1.0 2.766266 1.940988 0.0 1.0 4.0 3.980199 4.0
-1 1418354891.162023 3.980199 3.0 2.0 2.881976 2.980199 2.881976 4.0 4.980199 2.0 1.881976 6.748364 2.0 6.748364
-1 1418354891.497983 1.0 0.0 2.882753 1.922355 4.578255 3.0 1.0 1.0 3.0 4.902554 2.715651 1.0 2.715651
-1 1418354891.793494 5.940988 6.358732 4.980199 3.215202 1.0 1.235003 3.790997 4.940988 2.940988 3.0 4.882753 1.0 4.882753
-1 1418354892.075054 0.0 1.0 1.0 3.0 3.0 1.0 2.0 0.0 2.0 1.845472 0.0 3.845472 0.0
-1 1418354892.478780 0.0 0.0 0.0 0.0 2.0 3.829815 0.940988 1.940988 2.940988 3.829815 3.0 2.980199 3.0
-1 1418354892.744987 3.940988 3.0 3.741642 3.923504 0.0 3.074196 6.392777 3.940988 2.940988 0.0 0.0 0.0 0.0
-1 1418354893.085072 4.568074 12.524694 2.881976 2.940988 1.940988 4.0 13.902444 8.952029 6.75398 4.88429 3.86678 1.940988 3.86678
-1 1418354893.518455 2.940988 1.0 3.921187 1.0 0.0 3.0 4.0 2.0 2.980199 3.0 1.0 1.0 1.0
-1 1418354893.856334 0.0 1.0 3.0 10.53372 5.940988 4.0 1.940988 1.940988 4.960397 6.32071 3.0 3.0 3.0
-1 1418354894.169314 1.0 2.940988 4.980199 5.695849 3.980199 3.0 8.134586 1.0 2.0 5.0 1.980199 2.980199 1.980199
-1 1418354894.599964 3.0 2.980199 3.0 10.717463 4.0 3.0 3.960397 1.0 3.921187 11.690905 1.940988 3.0 1.940988
-1 1418354895.051309 4.549057 2.0 0.940988 1.940988 1.940988 2.940988 6.881976 4.538094 1.0 1.940988 2.940988 1.940988 2.940988
-1 1418354895.481528 3.338938 3.319529 4.750309 2.0 2.0 3.0 4.28224 2.0 2.940988 2.980199 2.0 2.0 2.0
-1 1418354895.770636 1.0 0.0 2.0 3.0 0.0 3.0 2.82567 0.0 3.0 1.0 0.0 0.0 0.0
-1 1418354896.093248 1.0 2.0 7.828655 5.751394 1.940988 1.940988 5.960397 2.0 3.0 4.525997 3.940988 2.881976 3.940988
-1 1418354896.383057 1.0 7.231736 9.687845 10.685916 11.609439 5.940988 12.053078 2.616646 1.0 6.822964 6.862951 12.667675 6.862951
-1 1418354896.627715 3.980199 2.980199 2.0 0.0 2.940988 1.0 4.901385 2.0 3.0 1.0 1.0 2.0 1.0
-1 1418354896.945930 3.845472 3.922355 5.43447 2.0 3.0 3.0 4.845472 2.845472 2.845472 3.922355 3.0 5.960397 3.0
-1 1418354897.224441 3.0 4.980199 4.231318 0.0 1.0 1.0 7.825278 2.0 2.0 1.0 3.311874 2.41776 3.311874
-1 1418354897.585936 4.845472 0.0 1.88429 2.594599 10.845431 2.881976 1.980199 3.922355 2.922355 3.88484 0.0 2.650177 0.0
-1 1418354897.861124 6.844687 2.980199 2.0 1.0 1.0 1.0 3.960397 4.864489 1.980199 3.0 0.0 1.0 0.0
-1 1418354898.143671 6.823741 1.0 3.444592 2.980199 0.0 3.980199 2.0 2.940988 3.980199 3.980199 5.730116 0.0 5.730116
-1 1418354898.575404 2.0 2.0 3.980199 5.960397 3.0 2.980199 1.922355 0.0 5.669212 2.0 4.980199 1.0 4.980199
-1 1418354898.830806 2.922355 2.922355 2.980199 1.690943 2.0 1.690943 1.922355 4.902554 4.805108 6.881976 0.0 0.0 0.0
-1 1418354899.137298 2.940988 6.960397 4.338709 2.0 3.0 3.0 2.921187 1.980199 1.940988 4.0 2.0 3.750309 2.0
-1 1418354899.569212 0.0 1.789128 3.882753 4.940988 5.0 2.88429 6.290221 1.845472 0.845472 3.88429 2.0 3.0 2.0
-1 1418354899.823184 1.0 4.0 6.0 12.970069 6.940988 11.398111 6.415578 0.792519 2.7537 7.881584 5.960397 5.863343 5.960397
-1 1418354900.131515 3.940988 6.862951 10.038111 9.399095 4.922355 5.0 13.704906 3.940988 3.0 8.901385 11.117118 5.882753 11.117118
-1 1418354900.560256 1.0 0.0 7.882753 5.902554 7.690943 5.0 0.0 0.0 3.720379 6.862951 5.863343 2.0 5.863343
-1 1418354900.820603 3.0 3.0 1.980199 11.239663 1.735731 6.472605 3.922355 3.0 3.922355 2.0 2.0 1.735731 2.0
-1 1418354901.293943 4.0 3.0 2.685921 3.50913 1.0 1.940988 7.940988 5.0 3.0 4.792956 3.940988 1.0 3.940988
-1 1418354901.535733 4.921187 8.297421 0.0 1.0 0.0 0.0 5.276192 2.940988 4.940988 2.0 0.0 2.0 0.0
-1 1418354901.775608 1.0 3.0 3.0 5.960397 4.922355 7.940596 2.0 1.0 0.0 4.980199 3.0 5.882753 3.0
-1 1418354902.055016 0.0 0.0 4.882753 0.653942 2.0 2.980199 0.0 1.0 1.0 2.922355 1.456461 3.0 1.456461
-1 1418354902.311363 2.0 5.980199 9.725518 4.980199 4.921187 6.550157 12.372858 3.0 1.0 6.921187 6.862175 4.921187 6.862175
-1 1418354902.652687 0.0 0.0 1.0 3.0 3.0 1.940988 2.0 0.0 2.769718 2.940988 2.0 1.0 2.0
-1 1418354902.908196 0.0 0.0 1.82873 3.881976 1.940988 3.822964 5.538615 2.0 3.980199 1.940988 4.882753 4.823741 4.882753
-1 1418354903.203170 1.0 2.82567 7.429704 2.882753 1.980199 4.767043 2.82567 2.980199 4.0 3.767043 5.823741 3.960397 5.823741
-1 1418354903.534487 0.0 8.466985 2.940988 3.960397 4.0 5.960397 10.248453 0.0 1.940988 3.845472 1.0 3.0 1.0
-1 1418354903.895774 1.881976 5.805869 1.940988 2.088065 0.0 0.0 2.922355 1.0 1.0 1.0 5.635285 0.940988 5.635285
-1 1418354904.260609 1.845472 5.881976 4.88429 3.0 3.0 4.0 6.956127 1.845472 2.0 5.789128 3.0 3.70148 3.0
-1 1418354904.629434 1.0 0.0 6.789128 3.980199 5.940596 4.74018 2.0 1.0 2.921187 5.545406 1.980199 1.980199 1.980199
-1 1418354904.937010 2.0 2.0 0.0 1.980199 0.790997 0.0 3.864489 0.0 0.845472 0.0 1.0 1.790997 1.0
-1 1418354905.279230 2.921187 6.747241 2.980199 2.980199 1.0 3.0 7.652079 4.864489 1.980199 5.563271 3.980199 1.0 3.980199
-1 1418354905.678550 4.675287 0.0 8.756373 3.0 4.960397 2.0 2.690943 3.223132 3.420847 2.715651 3.0 4.0 3.0
-1 1418354905.917280 2.0 3.980199 0.0 7.428196 4.0 1.881976 4.902554 1.0 2.980199 3.844711 1.0 1.0 1.0
-1 1418354906.358479 3.0 5.0 8.557263 8.727056 2.805869 2.882753 11.45834 3.0 4.882753 6.786068 2.805869 2.805869 2.805869
-1 1418354906.781802 3.0 1.0 0.0 1.0 1.0 1.0 1.940988 1.0 2.0 1.940988 2.0 1.0 2.0
-1 1418354907.044413 2.88429 6.78646 3.940988 4.980199 3.980199 8.693957 5.922355 2.0 4.402335 5.960397 3.960397 4.862951 3.960397
-1 1418354907.415267 4.863343 4.676056 5.67075 1.0 1.0 2.0 9.500573 4.922355 3.0 3.940988 0.0 1.0 0.0
-1 1418354907.775462 2.0 6.990342 0.845472 0.0 1.0 0.0 4.369092 4.468908 1.940988 0.0 0.0 1.0 0.0
-1 1418354908.055779 1.0 0.0 1.0 2.0 0.940988 4.0 1.940988 2.0 3.0 4.0 3.0 1.0 3.0
-1 1418354908.364478 2.0 5.786068 5.88429 11.708423 4.0 3.0 5.78646 2.0 2.0 6.843542 5.902554 2.922355 5.902554
-1 1418354908.706744 2.980199 1.0 0.0 2.0 4.960397 0.0 2.864489 1.980199 2.0 1.0 1.980199 3.0 1.980199
-1 1418354908.900112 2.0 1.0 0.940988 5.326443 0.940988 5.706493 1.940988 1.0 2.0 4.822964 2.881976 1.940988 2.881976
-1 1418354909.209758 1.0 2.0 0.0 0.0 0.0 0.0 1.0 2.980199 1.845472 0.0 5.252622 1.0 5.252622
-1 1418354909.550415 1.0 3.980199 5.0 4.980199 3.0 2.0 6.257484 1.980199 0.0 3.0 2.980199 4.0 2.980199
-1 1418354909.839215 0.0 0.88429 1.0 2.980199 3.0 0.0 1.0 0.0 1.940988 0.0 3.0 2.0 3.0
-1 1418354910.211125 2.0 2.980199 5.583081 3.980199 1.0 3.88429 3.0 3.940988 3.7537 2.88429 4.0 1.0 4.0
-1 1418354910.461189 5.921187 3.0 3.0 2.881976 5.676048 1.0 5.514021 4.561284 3.0 4.789128 1.0 7.881976 1.0
-1 1418354910.819026 5.0 4.0 4.88429 4.073264 2.88429 1.0 4.0 4.0 4.0 3.331055 2.0 2.0 2.0
-1 1418354911.105257 1.0 2.0 7.597627 2.940988 4.805869 4.805869 9.583456 1.0 1.776826 4.597627 4.634147 9.832347 4.634147
-1 1418354911.376329 0.0 0.940988 8.63723 6.7537 3.0 2.0 1.980199 2.0 1.980199 2.0 5.7537 3.0 5.7537
-1 1418354911.820130 1.0 1.0 4.980199 9.578255 2.922355 10.558454 1.0 2.0 1.0 9.827982 3.0 2.0 3.0
-1 1418354912.070529 2.0 1.0 2.63723 0.0 1.750309 2.845472 1.82873 0.0 2.0 3.750309 1.940988 5.168406 1.940988
-1 1418354912.593119 1.980199 2.0 3.187394 1.940988 2.0 1.0 7.583859 1.980199 2.921187 1.614962 2.882753 0.0 2.882753
-1 1418354912.940912 1.0 2.0 0.940988 1.0 0.0 1.0 4.940988 1.0 2.0 1.0 1.0 1.0 1.0
-1 1418354913.233379 1.0 1.980199 0.0 1.0 0.0 0.0 2.0 3.0 2.0 0.0 0.0 1.0 0.0
-1 1418354913.475139 0.0 0.0 4.827177 0.0 1.980199 3.980199 0.0 1.980199 1.0 1.980199 2.772718 1.980199 2.772718
-1 1418354913.898170 5.0 2.542762 2.78646 2.649304 2.729762 0.0 2.0 3.615053 10.448332 1.881976 1.0 1.0 1.0
-1 1418354914.182386 0.0 3.902554 2.0 8.578255 1.0 5.882753 5.980199 1.882753 1.0 1.0 1.88429 1.0 1.88429
-1 1418354914.455488 2.0 2.0 4.922355 4.940988 5.0 7.960397 5.710314 3.0 6.845472 9.960397 6.940988 5.0 6.940988
-1 1418354914.817144 0.0 0.0 5.0 3.940988 3.0 2.0 1.0 0.0 2.940988 3.0 2.980199 3.0 2.980199
-1 1418354915.042932 0.0 0.940988 3.980199 8.745704 6.960397 4.980199 0.940988 0.0 0.0 6.748779 7.940596 6.960397 7.940596
-1 1418354915.441974 2.922355 2.0 5.980199 5.980199 4.0 4.0 5.902554 7.805869 6.765505 3.0 6.960397 3.0 6.960397
-1 1418354915.889299 0.715651 4.750309 3.822964 6.881976 2.940988 2.0 4.191745 2.715651 0.0 3.882753 1.940988 1.940988 1.940988
-1 1418354916.149768 1.0 3.0 4.461195 6.765897 3.940988 4.785699 4.68156 2.701362 1.845472 7.441606 1.940988 0.940988 1.940988
-1 1418354916.477445 2.882753 2.0 2.0 1.0 1.0 2.0 3.922355 3.244124 3.030168 5.789128 3.0 3.980199 3.0
-1 1418354916.852173 2.0 5.731284 3.862951 2.980199 1.940988 3.0 7.526655 1.0 1.0 4.960397 3.940988 2.980199 3.940988
-1 1418354917.147140 1.0 1.0 6.862951 8.72744 2.882753 2.767043 7.56882 1.0 0.0 4.882753 6.649795 4.765505 6.649795
-1 1418354917.522732 3.0 4.0 6.767043 6.766266 3.806645 5.462508 5.790997 2.0 1.0 8.154655 5.708031 5.708031 5.708031
-1 1418354917.792723 1.881976 1.0 4.805869 2.881976 0.0 3.805869 10.837998 1.881976 2.881976 5.822964 3.940988 3.0 3.940988
-1 1418354918.083847 3.0 1.0 4.571119 6.32448 4.435631 3.59092 1.0 3.0 3.980199 4.571119 0.59092 2.175929 0.59092
-1 1418354918.402074 0.0 0.0 4.364966 6.518445 0.845472 2.727448 1.0 0.0 1.980199 2.727448 4.975861 1.845472 4.975861
-1 1418354918.731764 1.0 1.980199 2.881976 3.766266 3.822964 0.940988 6.960397 1.0 0.0 6.460941 3.805477 0.940988 3.805477
-1 1418354919.098673 1.0 2.0 0.940988 1.881976 4.862175 1.0 0.940988 1.0 1.0 2.980199 2.980199 4.862175 2.980199
-1 1418354919.532406 5.492305 5.513905 1.940988 3.372289 1.0 2.431301 8.264214 7.708423 5.730508 2.576913 4.574737 5.786068 4.574737
-1 1418354919.965138 3.881976 2.0 3.0 1.0 4.940988 5.805869 1.0 2.0 2.980199 5.805869 5.378872 2.0 5.378872
-1 1418354920.204645 2.980199 4.980199 8.594997 17.739839 7.688622 11.157965 3.980199 2.980199 5.980199 6.687845 12.33954 8.611738 12.33954
-1 1418354920.559492 2.0 0.0 8.692382 6.921187 2.940988 5.921187 10.431309 1.0 2.0 4.921187 3.940988 4.940988 3.940988
-1 1418354920.929175 3.88429 2.940988 2.78646 3.0 5.0 3.0 2.825278 3.0 1.0 2.0 2.88429 4.0 2.88429
-1 1418354921.251872 0.0 0.0 2.845472 6.76858 4.960397 6.709568 4.862951 0.940988 1.922355 11.591937 1.76858 4.960397 1.76858
-1 1418354921.604269 0.940988 8.29669 5.789128 0.0 4.718975 2.980199 1.741642 2.881976 1.980199 4.792519 5.789128 4.902554 5.789128
-1 1418354921.982927 5.842374 7.592741 5.980199 3.980199 3.0 0.0 5.940596 3.960397 1.0 2.82567 5.960397 0.0 5.960397
-1 1418354922.263609 2.0 2.0 3.727448 3.0 0.0 0.0 2.0 3.980199 3.88429 1.0 2.0 1.0 2.0
-1 1418354922.588681 1.0 0.940988 2.0 2.882753 1.0 4.882753 9.691297 1.0 3.0 3.571144 1.0 3.0 1.0
-1 1418354922.908597 3.790997 3.0 4.678211 3.881976 1.882753 0.0 12.486221 8.731846 1.0 3.940988 2.717814 2.940988 2.717814
-1 1418354923.224626 1.940988 1.940988 2.88429 0.940988 5.822964 0.0 1.940988 3.940988 0.940988 1.980199 2.980199 3.881976 2.980199
-1 1418354923.491009 0.0 2.881976 2.980199 9.883261 1.0 1.0 1.0 1.789128 0.0 0.643041 5.921187 1.980199 5.921187
-1 1418354923.802777 6.921187 12.503404 2.731985 6.34826 2.766266 4.765505 11.35484 6.881976 4.921187 5.687861 2.823741 2.766266 2.823741
-1 1418354924.194818 0.0 2.0 5.960397 4.901385 3.960397 5.940596 3.960397 1.0 3.960397 2.980199 0.0 5.940596 0.0
-1 1418354924.472368 2.0 5.921187 2.0 11.93397 2.0 4.765505 8.688622 4.0 3.940988 4.0 1.702824 1.0 1.702824
-1 1418354924.740859 0.0 3.750309 2.845472 2.0 1.0 1.0 9.416188 0.940988 4.960397 3.921187 1.0 2.0 1.0
-1 1418354925.136943 0.0 3.940988 2.715651 1.0 0.0 3.0 2.940988 3.321789 1.737223 2.940988 0.0 1.0 0.0
-1 1418354925.431925 2.0 2.0 1.980199 3.0 0.0 0.0 2.0 0.0 1.0 1.0 0.940988 0.0 0.940988
-1 1418354925.789803 6.636837 4.902554 4.188303 5.921187 6.545406 7.65731 10.84315 5.656639 3.0 6.080462 5.698013 4.735731 5.698013
-1 1418354926.245329 2.980199 3.980199 1.922355 0.0 2.0 1.0 4.881976 4.940988 1.0 1.0 0.0 1.0 0.0
-1 1418354926.531715 3.681168 3.602747 1.792519 2.792519 1.0 1.76858 7.376588 6.506462 3.940988 5.359354 5.621249 1.0 5.621249
-1 1418354926.867908 2.940988 4.940988 5.613025 3.498582 1.0 2.715651 8.862951 4.718465 5.980199 6.228149 4.420937 1.0 4.420937
-1 1418354927.278639 3.922355 0.0 2.980199 1.0 1.0 3.864489 5.614798 3.922355 5.806645 5.864489 1.940988 1.0 1.940988
-1 1418354927.553186 2.0 0.0 1.0 5.960397 1.0 2.0 2.0 1.0 2.0 4.314054 1.0 0.0 1.0
-1 1418354927.868848 3.881976 0.940988 2.0 5.648066 2.0 2.0 0.845472 2.0 4.0 6.813579 5.930749 2.0 5.930749
-1 1418354928.271373 3.0 2.980199 2.752171 1.0 3.0 2.921187 3.980199 2.0 3.0 4.901385 1.0 4.0 1.0
-1 1418354928.496132 0.0 4.661131 1.940988 3.921187 3.881976 3.881976 4.699174 1.0 0.0 3.881976 4.748364 2.881976 4.748364
-1 1418354928.856244 1.825278 4.862175 3.512499 3.349291 5.714098 0.0 3.768418 2.940988 2.88429 1.0 2.0 4.7537 2.0
-1 1418354929.193645 1.940988 1.0 1.0 2.0 1.0 5.980199 5.352059 2.0 5.559569 6.0 1.0 1.0 1.0
