-1 1418361489.039232 0.0 0.0 1.577283 1.8816 1.766336 1.8816 0.0 0.0 1.754923 0.8816 0.8816 0.0 0.8816
-1 1418361489.473813 0.0 0.8816 1.0 0.0 0.0 0.0 0.8816 0.0 1.0 1.0 0.0 0.0 0.0
-1 1418361489.792952 1.0 2.8816 1.0 0.0 0.0 1.0 1.0 1.0 1.0 3.0 0.0 0.0 0.0
-1 1418361490.021747 6.173813 1.8816 0.0 0.0 0.0 0.0 3.361456 5.391055 1.96 0.0 0.0 0.0 0.0
-1 1418361490.419234 1.0 1.96 1.0 1.0 1.0 0.0 1.96 0.8816 0.0 0.0 1.0 0.0 1.0
-1 1418361490.848949 0.0 0.0 0.8816 2.0 1.8816 1.0 0.0 0.0 1.0 1.0 1.0 1.0 1.0
-1 1418361491.094267 0.0 0.0 1.0 1.0 1.0 1.0 1.0 3.766336 2.8816 1.0 1.0 1.0 1.0
-1 1418361491.605943 2.0 2.667855 2.0 1.0 0.0 0.0 1.0 2.0 2.96 1.0 1.0 0.0 1.0
-1 1418361492.034396 0.0 2.96 0.8816 1.308747 0.8816 0.0 3.0 0.0 0.0 0.0 0.0 0.8816 0.0
-1 1418361492.273431 1.96 0.0 0.0 0.0 0.0 0.0 0.695683 1.0 1.8816 0.0 0.0 0.0 0.0
-1 1418361492.536585 2.0 1.96 2.0 2.0 2.0 1.0 3.766336 2.96 1.0 2.0 2.0 2.0 2.0
-1 1418361492.880358 1.0 1.0 2.0 2.0 1.0 1.0 1.0 1.0 3.96 2.0 1.0 1.0 1.0
-1 1418361493.147117 2.0 1.0 1.0 1.8816 1.0 1.0 3.0 2.0 3.846336 1.0 1.0 1.0 1.0
-1 1418361493.564409 0.0 0.0 2.8416 1.695683 0.8816 2.8816 0.0 0.0 1.488124 2.577283 2.462019 2.766336 2.462019
-1 1418361493.915246 1.0 0.0 1.8816 2.8816 2.8816 2.8816 0.0 0.0 1.0 2.8416 1.8816 1.8816 1.8816
-1 1418361494.212041 1.0 1.0 1.96 1.0 2.0 2.8816 1.0 1.0 1.0 1.0 1.8816 1.8816 1.8816
-1 1418361494.623142 1.0 1.0 0.0 1.0 0.0 0.0 1.0 2.96 1.741583 0.0 1.96 1.0 1.96
-1 1418361494.976889 0.0 0.0 1.96 0.0 1.0 0.0 0.0 1.0 2.96 1.0 0.0 1.0 0.0
-1 1418361495.389337 0.0 3.661583 3.0 1.0 3.732483 2.96 3.661583 0.0 0.0 2.96 1.0 1.772483 1.0
-1 1418361495.818629 1.0 1.0 0.0 1.0 0.0 1.0 2.0 1.0 2.0 0.0 0.0 0.0 0.0
-1 1418361496.076721 1.0 1.0 2.96 0.0 0.0 1.0 1.0 1.0 1.0 2.7632 1.96 1.0 1.96
-1 1418361496.432435 1.0 1.0 0.0 0.0 0.0 0.0 1.0 1.0 2.96 1.0 0.0 0.0 0.0
-1 1418361496.909317 0.0 0.0 1.0 0.0 0.0 0.0 0.0 0.0 1.0 0.0 1.0 0.0 1.0
-1 1418361497.190190 1.0 1.0 1.96 1.96 1.96 1.96 1.0 1.0 2.0 1.96 1.0 1.96 1.0
-1 1418361497.635641 1.96 0.0 1.96 0.0 0.0 0.0 0.0 0.0 1.96 0.0 0.0 0.0 0.0
-1 1418361497.938800 0.0 0.0 1.0 1.0 0.0 1.667855 0.0 0.0 1.0 0.0 0.0 0.0 0.0
-1 1418361498.230135 1.8816 1.766336 1.0 2.0 2.0 2.0 1.96 1.8816 1.8816 1.0 1.0 1.0 1.0
-1 1418361498.756412 1.96 1.96 3.0 1.0 0.0 1.0 2.8816 1.0 2.0 3.695683 1.0 0.0 1.0
-1 1418361499.014396 0.0 0.59512 1.0 0.772483 2.96 1.0 0.59512 0.0 1.0 1.0 0.0 1.0 0.0
-1 1418361499.341307 0.0 0.0 1.985239 0.0 1.391365 0.0 0.0 0.0 1.96 0.0 0.0 0.0 0.0
-1 1418361499.795710 0.0 1.0 0.0 1.0 0.0 1.0 1.0 0.0 1.0 2.571315 1.0 1.0 1.0
-1 1418361500.049892 2.667855 2.0 2.661583 0.0 0.0 1.0 2.8816 1.0 1.0 1.0 1.0 0.0 1.0
-1 1418361500.391675 2.96 1.0 1.0 0.0 0.0 1.0 1.0 2.0 2.0 1.0 0.0 0.0 0.0
-1 1418361500.935642 1.96 1.0 0.0 0.0 0.0 0.0 6.647936 2.96 4.8416 1.772483 0.0 0.0 0.0
-1 1418361501.192602 0.0 0.0 2.0 2.0 4.59512 2.0 1.96 0.0 2.8416 2.0 2.0 2.0 2.0
-1 1418361501.687258 0.0 1.0 0.0 0.0 0.0 0.0 0.0 0.0 0.8816 0.0 2.0 0.0 2.0
-1 1418361502.235470 2.0 3.8416 1.0 1.0 2.0 1.0 3.96 2.0 1.0 1.0 0.0 1.0 0.0
-1 1418361502.507539 1.0 1.0 1.0 1.0 1.0 1.0 1.0 0.0 0.8816 1.0 1.0 1.0 1.0
-1 1418361502.839094 0.0 0.0 0.0 0.8816 0.0 0.0 1.0 0.0 0.0 0.8816 1.8816 0.0 1.8816
-1 1418361503.117686 2.0 3.0 3.73039 2.0 2.846336 2.0 2.0 2.96 2.8816 2.0 2.0 2.846336 2.0
-1 1418361503.490831 0.0 0.0 2.96 1.96 2.0 1.0 2.8416 0.0 3.92 1.96 1.96 1.0 1.96
-1 1418361503.953180 0.153978 0.0 4.7632 0.0 2.0 1.0 0.0 0.0 2.450613 1.0 0.0 2.0 0.0
-1 1418361504.204146 1.0 0.0 1.96 0.0 2.965606 0.0 1.0 0.0 1.0 1.96 0.0 1.96 0.0
-1 1418361504.585409 0.0 1.0 2.0 1.0 1.0 1.0 0.0 0.0 0.0 1.0 1.0 1.0 1.0
-1 1418361505.034619 0.0 1.0 0.0 0.0 1.96 0.0 2.0 1.0 1.96 1.7898 0.0 1.96 0.0
-1 1418361505.414705 0.0 0.0 0.0 0.0 1.0 2.0 0.0 0.0 0.0 2.0 0.0 1.0 0.0
-1 1418361505.927191 2.0 1.0 1.0 1.772483 1.0 1.772483 2.0 1.0 3.0 1.0 2.0 1.0 2.0
-1 1418361506.159864 1.96 1.96 1.0 0.0 2.0 3.0 2.96 3.8816 1.96 1.0 0.8816 2.0 0.8816
-1 1418361506.489584 1.8816 0.0 0.0 0.0 0.0 0.0 0.0 1.8816 0.0 0.0 0.0 0.8816 0.0
-1 1418361507.019165 0.8816 1.766336 2.0 2.0 1.431663 1.0 1.766336 0.0 1.766336 1.0 1.0 1.0 1.0
-1 1418361507.275137 0.0 0.0 1.8816 2.298485 0.8816 1.0 0.0 0.0 0.0 2.645043 2.0 0.0 2.0
-1 1418361507.687971 1.0 0.0 1.846336 2.0 1.0 2.0 0.0 1.0 0.0 2.0 2.0 2.0 2.0
-1 1418361508.058245 2.0 0.0 0.0 0.0 0.0 1.0 1.0 2.0 2.0 1.0 0.0 0.0 0.0
-1 1418361508.367741 0.0 1.0 0.0 0.0 1.0 0.0 2.414515 0.695683 0.0 0.0 0.0 1.96 0.0
-1 1418361508.751388 2.0 0.0 0.0 0.0 0.0 0.0 0.0 2.0 1.0 1.0 0.0 0.0 0.0
-1 1418361509.110996 1.96 1.96 1.298485 0.0 0.0 0.0 2.96 1.96 1.96 2.8816 0.0 0.0 0.0
-1 1418361509.519156 0.0 0.0 0.0 2.8816 1.0 2.8816 0.0 0.0 0.0 3.92 2.96 0.0 2.96
-1 1418361509.980776 0.8816 3.7632 2.8816 0.0 0.0 1.0 3.7632 0.8816 0.8816 2.0 0.0 1.0 0.0
-1 1418361510.275055 0.0 0.0 1.0 0.0 0.0 1.0 0.0 0.0 0.772483 0.0 0.0 0.0 0.0
-1 1418361510.674987 1.0 1.96 0.0 0.0 1.0 1.96 4.8416 2.8816 2.8816 1.96 1.96 2.96 1.96
-1 1418361511.089975 1.0 1.0 3.8816 1.0 0.0 0.0 1.0 1.0 2.0 2.0 1.0 0.0 1.0
-1 1418361511.452461 0.0 1.0 0.0 0.0 1.0 1.0 0.0 0.0 0.0 1.503367 0.0 1.0 0.0
-1 1418361511.865810 1.0 2.0 0.0 0.0 0.0 0.0 1.0 1.0 1.96 0.0 0.0 0.0 0.0
-1 1418361512.138162 1.96 2.96 0.0 0.0 0.0 1.0 0.0 1.96 3.92 1.0 0.0 0.0 0.0
-1 1418361512.550155 1.0 0.0 2.8816 0.0 2.96 1.741583 0.0 1.0 0.0 3.081306 0.0 2.96 0.0
-1 1418361513.035120 0.0 0.0 2.434252 1.0 0.0 0.524341 0.0 0.0 2.7632 0.524341 0.0 0.8816 0.0
-1 1418361513.255738 1.0 0.0 0.8816 1.0 0.0 2.444341 0.0 0.0 0.0 2.444341 1.0 0.0 1.0
-1 1418361513.516296 3.0 2.0 1.0 0.0 0.8816 0.0 2.96 2.96 2.96 0.0 0.8816 0.8816 0.8816
-1 1418361513.799435 1.0 0.0 2.96 2.96 1.0 0.0 2.96 2.0 2.0 1.0 1.0 1.0 1.0
-1 1418361514.080443 1.0 1.0 2.96 2.8816 1.96 2.8416 1.0 1.0 1.0 0.0 1.846336 1.96 1.846336
-1 1418361514.373657 1.0 2.8816 0.0 0.0 0.0 2.8416 1.8816 1.0 0.0 0.8816 1.0 0.8816 1.0
-1 1418361514.737520 0.0 1.0 1.0 2.0 1.0 2.0 1.0 0.8816 0.0 2.0 2.0 2.0 2.0
-1 1418361515.156460 1.0 1.020214 2.601141 2.0 1.0 1.0 2.863414 1.903243 3.0 2.0 2.0 1.0 2.0
-1 1418361515.537828 0.0 0.0 2.0 2.0 2.0 1.0 0.0 0.0 0.0 1.0 2.0 1.0 2.0
-1 1418361516.020615 1.0 1.0 1.0 0.0 0.0 0.0 0.0 2.96 0.0 0.0 0.0 0.0 0.0
-1 1418361516.271670 0.0 1.0 0.0 0.0 0.0 1.0 1.96 0.0 0.0 1.0 0.0 0.0 0.0
-1 1418361516.626731 1.766336 1.0 1.96 0.0 1.0 0.0 1.8816 1.766336 0.8816 3.414515 2.372915 0.0 2.372915
-1 1418361516.947027 3.8816 1.0 1.0 0.0 1.0 0.0 2.0 2.0 2.0 0.0 0.0 0.0 0.0
-1 1418361517.217187 0.8816 2.0 0.0 0.0 0.0 0.0 2.0 0.0 0.0 1.0 0.0 0.0 0.0
-1 1418361517.663431 0.0 0.0 0.0 1.0 1.0 0.0 0.0 1.0 0.0 0.0 1.0 2.96 1.0
-1 1418361518.116370 0.0 0.0 1.0 1.0 1.0 2.695683 1.275789 0.0 4.661583 3.695683 1.0 1.846336 1.0
-1 1418361518.412874 1.0 1.0 0.0 0.0 0.0 1.0 4.290677 1.0 1.0 1.0 0.0 0.0 0.0
-1 1418361518.807576 1.0 2.0 1.0 2.96 2.0 1.0 2.0 1.0 1.0 1.0 2.96 1.0 2.96
-1 1418361519.197016 2.96 1.0 0.0 0.0 1.0 0.0 2.96 2.96 2.96 0.0 0.0 0.0 0.0
-1 1418361519.588136 0.0 0.0 1.741583 2.0 0.0 0.0 0.0 0.0 1.0 0.0 1.0 0.0 1.0
-1 1418361520.008704 1.0 2.0 2.0 1.8816 2.0 1.0 2.0 1.0 2.0 2.67192 1.0 2.0 1.0
-1 1418361520.239124 1.0 1.0 1.0 1.0 1.0 2.0 1.0 1.0 1.96 1.0 1.0 1.0 1.0
-1 1418361520.655344 0.0 1.0 0.0 1.0 1.96 1.0 0.0 0.0 0.0 1.766336 0.0 1.96 0.0
-1 1418361521.114898 0.772483 1.654083 2.474012 2.8416 1.96 0.8816 1.654083 0.772483 3.92 2.8416 1.96 0.0 1.96
-1 1418361521.430994 2.96 1.0 1.59512 1.0 1.0 1.0 2.0 3.96 2.96 1.0 1.0 1.0 1.0
-1 1418361521.743011 0.0 0.0 1.0 0.0 0.0 1.0 0.0 0.0 1.0 0.0 0.0 0.0 0.0
-1 1418361522.054319 2.96 2.601141 1.0 1.0 1.0 1.0 4.444341 1.0 0.0 1.0 1.0 1.0 1.0
-1 1418361522.319511 0.8816 2.846336 1.0 0.0 1.0 1.0 2.8816 1.7632 0.8816 1.0 0.0 1.0 0.0
-1 1418361522.664020 0.0 1.0 1.0 1.0 1.0 1.0 1.0 0.0 0.0 1.0 2.0 1.8816 2.0
-1 1418361523.123408 3.0 3.0 2.0 1.0 2.0 1.0 4.0 3.0 3.0 2.0 1.0 2.0 1.0
-1 1418361523.364635 0.0 0.0 0.0 1.0 0.0 0.0 0.0 0.0 0.0 0.0 0.0 0.0 0.0
-1 1418361523.861788 2.615683 2.766336 2.0 0.0 0.0 0.0 1.96 0.0 0.0 0.0 0.0 0.0 0.0
-1 1418361524.218615 2.766336 1.8816 1.0 2.96 0.0 1.0 1.8816 1.8816 2.0 2.0 2.0 1.0 2.0
-1 1418361524.585040 0.0 1.0 1.0 1.0 1.0 1.0 2.0 1.0 0.0 1.0 1.0 1.0 1.0
-1 1418361525.060924 0.0 0.0 0.0 0.0 1.0 0.0 0.8816 0.0 1.8816 1.0 0.0 0.0 0.0
-1 1418361525.279000 1.061289 0.0 0.0 0.0 0.0 1.0 0.0 1.0 4.543183 1.0 0.0 0.0 0.0
-1 1418361525.668949 0.0 0.0 1.0 2.0 2.0 1.0 0.0 0.0 1.0 0.0 1.0 2.0 1.0
-1 1418361526.086524 1.0 1.0 0.0 0.8816 0.0 0.0 1.0 1.0 2.0 0.0 0.0 0.0 0.0
-1 1418361526.381757 0.0 0.0 1.0 1.0 1.0 0.0 0.695683 0.0 0.845532 1.0 1.0 0.0 1.0
-1 1418361526.683930 0.8816 2.647936 1.96 0.0 1.0 1.0 5.374221 0.8816 0.0 2.8416 0.0 1.0 0.0
-1 1418361527.078214 0.0 0.0 2.0 1.0 2.0 1.0 0.0 0.0 0.0 0.0 1.0 1.96 1.0
-1 1418361527.343627 1.0 0.0 1.0 1.0 0.8816 0.0 1.0 1.0 2.772483 2.0 1.0 1.766336 1.0
-1 1418361527.847336 0.0 1.0 1.0 1.0 1.0 1.0 1.0 0.0 0.0 1.846336 1.0 1.0 1.0
-1 1418361528.210200 0.8816 0.8816 5.8016 1.96 1.0 0.0 0.8816 0.8816 1.766336 0.0 0.0 1.0 0.0
-1 1418361528.536266 3.96 2.0 3.0 1.0 1.0 1.0 3.96 3.0 2.0 2.0 1.0 1.0 1.0
-1 1418361529.101225 0.8816 2.8816 2.96 1.0 1.0 1.0 3.7232 1.577283 0.8816 1.0 1.0 1.0 1.0
-1 1418361529.340367 0.0 0.0 0.0 0.0 0.0 1.0 0.0 1.0 1.0 1.0 0.0 0.0 0.0
-1 1418361529.783423 0.0 0.0 2.0 2.766336 0.0 3.766336 0.0 0.0 0.0 2.766336 1.0 0.0 1.0
-1 1418361530.157751 2.0 1.0 1.0 1.0 2.96 1.0 1.0 2.0 1.0 1.846336 1.0 2.0 1.0
-1 1418361530.455638 0.0 1.96 1.0 1.0 1.0 0.0 2.655683 0.0 1.7632 0.0 1.0 0.0 1.0
-1 1418361530.724880 1.0 3.96 1.0 1.0 1.8816 1.0 3.63192 1.96 2.450613 1.0 1.8816 1.8816 1.8816
-1 1418361531.094105 2.0 1.0 1.0 1.0 1.0 1.8816 1.0 1.0 2.846336 0.8816 0.0 1.0 0.0
-1 1418361531.385896 1.0 0.0 0.0 1.766336 2.8416 0.0 0.0 0.0 2.0 0.0 0.0 1.0 0.0
-1 1418361531.787835 0.450613 0.0 1.96 1.0 1.96 2.96 0.0 0.0 0.0 0.0 0.0 1.96 0.0
-1 1418361532.169288 1.0 1.96 1.0 0.0 0.0 0.0 2.96 1.0 1.0 2.283538 0.0 0.0 0.0
-1 1418361532.369255 3.450613 3.0 2.511055 1.741583 0.0 1.0 2.0 3.293813 2.0 0.524341 0.0 1.0 0.0
-1 1418361532.692449 0.8816 2.0 0.0 0.0 0.0 0.0 3.96 0.0 0.0 0.0 0.0 0.0 0.0
-1 1418361533.184731 1.0 1.0 1.0 1.0 1.432589 1.0 1.0 1.0 1.0 2.0 1.0 1.0 1.0
-1 1418361533.439981 0.0 1.0 2.661583 1.0 1.0 1.0 2.0 0.0 1.59512 2.661583 1.8816 1.0 1.8816
-1 1418361533.925368 1.0 0.0 0.0 0.0 1.0 0.0 0.0 0.0 0.0 1.0 0.0 0.0 0.0
-1 1418361534.290176 0.0 0.0 0.973382 0.0 0.0 0.0 0.0 0.0 1.0 0.0 0.0 0.0 0.0
-1 1418361534.596159 3.8816 3.280274 0.0 0.0 0.0 0.0 6.609712 3.8816 2.8816 0.0 0.0 0.0 0.0
-1 1418361534.981187 0.0 0.0 1.0 2.0 1.0 1.0 0.0 0.0 1.0 2.96 1.96 0.0 1.96
-1 1418361535.349780 0.0 0.0 2.0 3.96 1.0 3.0 0.0 0.0 0.0 1.0 2.0 0.0 2.0
-1 1418361535.777493 1.0 1.0 2.96 1.0 1.0 1.0 2.405941 2.0 3.0 2.96 1.0 1.0 1.0
-1 1418361536.286711 1.0 1.8816 2.96 4.8816 1.8816 4.497095 1.8816 1.8816 3.619554 3.8816 3.0 1.0 3.0
-1 1418361536.597684 1.0 1.8816 1.0 1.0 1.0 1.0 3.661583 2.0 1.0 1.0 1.0 1.0 1.0
-1 1418361536.986622 1.0 1.0 1.0 1.0 1.0 1.0 0.0 1.0 0.0 0.0 0.0 1.0 0.0
-1 1418361537.340587 0.0 0.0 4.766336 1.766336 1.766336 1.766336 0.0 0.0 0.0 1.766336 2.615683 0.772483 2.615683
-1 1418361537.761811 0.0 0.0 1.0 1.0 1.0 0.0 0.0 0.0 2.0 0.0 1.0 0.0 1.0
-1 1418361538.244700 4.0 4.0 1.0 1.695683 1.0 1.695683 4.0 4.0 3.96 1.846336 1.0 1.0 1.0
-1 1418361538.533784 1.0 1.0 1.0 1.8816 1.0 2.8816 4.30489 0.0 1.0 1.8816 1.0 1.0 1.0
-1 1418361538.928805 2.0 0.0 0.0 0.0 0.0 1.0 0.0 0.0 2.0 0.0 1.96 1.0 1.96
-1 1418361539.365057 2.96 2.96 2.0 0.0 0.0 1.0 2.96 2.96 1.0 0.0 0.0 0.0 0.0
-1 1418361539.760012 0.0 1.0 1.0 0.0 1.0 1.0 1.0 0.0 0.0 1.0 1.0 1.0 1.0
-1 1418361540.129284 0.0 0.0 1.0 1.0 1.0 1.0 0.0 0.0 1.96 1.846336 0.0 2.0 0.0
-1 1418361540.395646 0.0 0.0 0.0 1.0 0.0 2.0 1.0 1.0 3.766336 1.0 0.0 0.0 0.0
-1 1418361540.742646 2.0 2.0 2.766336 1.0 2.0 1.508463 1.8816 2.0 2.8816 1.96 1.0 1.0 1.0
-1 1418361541.300559 2.0 1.0 0.0 0.0 0.0 0.0 1.0 2.96 2.96 0.0 0.0 0.0 0.0
-1 1418361541.574893 2.741583 3.0 0.0 0.0 0.0 0.0 2.0 3.524341 3.96 0.0 0.0 0.0 0.0
-1 1418361542.074493 0.0 0.0 1.0 0.0 1.0 0.0 0.0 1.0 2.0 1.0 0.0 1.0 0.0
-1 1418361542.418881 1.0 0.0 2.0 0.0 0.0 1.0 0.0 0.0 1.96 1.0 0.0 0.0 0.0
-1 1418361542.806630 0.0 1.0 1.0 1.0 1.0 1.0 2.8816 0.0 0.0 1.96 1.0 1.0 1.0
-1 1418361543.251017 1.96 0.0 2.96 1.0 2.0 3.0 1.0 0.0 0.8816 3.0 0.8816 2.0 0.8816
-1 1418361543.529419 3.8816 2.0 0.0 1.0 0.0 0.0 5.165148 2.0 2.0 2.0 1.0 1.96 1.0
-1 1418361543.968332 1.0 1.0 1.96 1.667855 1.0 0.0 2.0 0.0 2.0 0.8816 1.0 0.0 1.0
-1 1418361544.333892 0.0 0.0 0.0 2.0 1.0 2.0 0.0 0.0 0.0 2.96 1.0 2.0 1.0
-1 1418361544.628454 3.7632 1.0 1.0 1.0 0.0 0.0 1.0 2.0 2.0 1.0 0.0 0.0 0.0
-1 1418361544.982026 1.8816 0.8816 0.0 2.615683 0.0 0.0 1.8816 3.8416 4.8816 0.0 0.695683 0.0 0.695683
-1 1418361545.320168 2.0 1.0 1.0 0.0 0.0 2.8816 1.0 2.0 3.357935 2.8816 0.0 1.0 0.0
-1 1418361545.581185 1.0 1.8816 1.0 0.8816 0.0 0.0 1.0 1.96 0.0 0.0 0.0 0.0 0.0
-1 1418361546.093321 0.0 0.0 1.0 0.0 1.0 0.0 0.0 0.0 1.8816 0.0 0.0 1.0 0.0
-1 1418361546.428793 1.96 1.96 2.0 1.0 1.0 1.0 0.0 1.96 1.96 1.0 0.0 1.0 0.0
-1 1418361546.775613 0.8816 3.766336 1.0 0.0 2.0 1.0 1.0 1.0 0.0 2.96 0.0 2.96 0.0
-1 1418361547.252665 0.0 0.0 1.654083 0.8816 1.96 0.0 0.8816 0.0 1.0 1.96 1.96 1.96 1.96
-1 1418361547.495611 1.0 1.0 1.96 1.0 1.0 1.0 1.0 2.96 3.96 3.0 0.0 1.0 0.0
-1 1418361547.976723 1.0 0.0 1.96 0.0 0.772483 0.0 0.0 1.0 1.0 0.0 0.0 0.772483 0.0
-1 1418361548.372589 2.0 2.511055 0.0 0.0 0.0 0.0 4.392655 1.0 3.0 0.0 0.0 0.0 0.0
-1 1418361548.675404 0.0 2.0 1.96 1.0 0.0 0.0 1.0 0.0 1.0 1.0 0.0 0.0 0.0
-1 1418361549.243001 1.0 1.8816 0.0 0.0 1.0 0.0 1.8816 1.0 2.0 0.8816 0.0 0.0 0.0
-1 1418361549.591648 3.370613 0.67192 3.655683 0.0 0.0 0.0 1.423367 3.370613 0.0 0.0 0.0 0.0 0.0
-1 1418361549.840664 1.0 1.0 0.0 0.0 0.0 0.0 1.0 1.0 0.0 0.8816 1.0 0.0 1.0
-1 1418361550.158036 0.0 1.0 1.8816 0.0 0.0 0.0 1.0 0.0 1.0 0.0 0.0 0.0 0.0
-1 1418361550.465038 0.0 0.0 0.0 1.0 1.0 1.0 0.0 1.0 0.0 1.772483 0.0 1.0 0.0
-1 1418361550.762325 0.0 0.0 0.0 0.0 0.0 1.0 3.444341 0.0 1.96 1.0 0.0 0.0 0.0
-1 1418361551.151110 2.883603 0.0 1.0 0.0 1.0 0.0 1.0 0.0 0.0 0.0 0.0 0.0 0.0
-1 1418361551.464866 2.0 2.0 2.846336 2.96 2.8816 3.92 3.0 2.0 4.766336 3.96 2.0 2.0 2.0
-1 1418361551.863068 0.0 0.0 0.0 0.8816 0.0 0.0 0.0 0.0 2.0 0.0 0.0 0.0 0.0
-1 1418361552.292958 1.0 1.0 1.0 3.0 1.0 4.772483 1.0 1.0 3.8416 4.806336 3.96 1.0 3.96
-1 1418361552.549458 1.96 2.0 1.0 1.0 2.0 1.0 2.0 0.0 0.8816 1.0 1.0 2.0 1.0
-1 1418361552.928996 0.0 0.0 1.493451 1.0 0.0 2.0 0.0 0.0 0.0 1.0 2.189134 0.0 2.189134
-1 1418361553.380048 0.8816 1.0 1.0 2.0 1.0 1.0 3.8816 1.0 1.8816 2.0 2.0 1.0 2.0
-1 1418361553.646124 2.766336 1.0 1.0 1.0 2.0 3.96 1.0 1.0 1.0 3.0 1.96 3.0 1.96
-1 1418361554.198461 0.0 1.0 1.8816 1.0 2.0 0.0 1.0 0.0 0.0 0.8816 0.0 1.0 0.0
-1 1418361554.496823 0.0 0.0 1.0 1.0 2.96 0.8816 0.0 0.0 1.0 2.8816 2.865823 2.96 2.865823
-1 1418361554.845879 0.0 0.0 1.8816 0.8816 1.0 0.0 0.0 0.0 0.0 0.0 0.0 1.0 0.0
-1 1418361555.331403 0.0 0.0 1.96 0.0 0.0 0.0 0.224757 0.0 1.0 0.0 0.0 0.0 0.0
-1 1418361555.594741 0.0 0.0 0.0 0.0 0.0 1.654083 0.0 0.0 1.0 0.0 0.0 0.0 0.0
-1 1418361556.097599 1.96 1.0 2.0 0.0 0.0 0.0 1.96 1.96 2.8816 0.0 0.0 0.0 0.0
-1 1418361556.448330 2.96 2.0 0.0 0.0 0.0 0.0 1.96 2.96 2.0 0.0 0.0 0.0 0.0
-1 1418361556.695217 1.0 1.8816 3.437212 2.0 2.0 0.0 1.695683 1.0 0.0 0.0 3.129746 0.0 3.129746
-1 1418361557.069471 0.8816 0.0 0.0 0.0 0.0 0.0 1.846336 2.727936 0.0 0.0 0.0 0.0 0.0
-1 1418361557.511174 2.0 1.0 2.0 1.0 0.0 0.0 2.96 2.0 3.695683 1.0 1.0 0.0 1.0
-1 1418361557.950433 2.0 0.0 1.96 0.0 1.0 0.0 0.0 2.0 3.0 0.0 0.0 0.0 0.0
-1 1418361558.296869 1.0 1.0 0.772483 0.0 0.0 0.0 1.0 1.0 1.0 1.0 0.0 0.0 0.0
-1 1418361558.663769 0.0 0.0 0.0 1.601141 0.0 1.8816 0.0 0.0 0.0 1.0 0.0 1.96 0.0
-1 1418361558.981648 1.0 1.0 0.0 0.0 0.0 0.0 1.0 1.0 2.0 0.0 0.0 0.0 0.0
-1 1418361559.303454 1.0 1.0 1.766336 0.0 0.0 0.0 1.0 1.0 0.0 0.0 0.0 0.0 0.0
-1 1418361559.588975 0.0 0.0 2.0 2.0 0.0 2.0 1.0 0.0 0.0 1.0 2.524341 1.0 2.524341
-1 1418361559.912537 0.0 0.0 2.0 1.0 1.0 1.0 0.0 0.0 1.0 1.0 1.0 1.0 1.0
-1 1418361560.334264 0.0 0.0 1.0 0.8816 2.414515 1.0 0.0 0.0 4.8416 1.8816 0.8816 2.414515 0.8816
-1 1418361560.580760 0.0 0.0 2.511055 0.0 0.695683 0.695683 0.0 0.0 2.96 1.511055 0.0 0.0 0.0
-1 1418361560.930430 1.96 1.0 0.0 0.695683 1.0 1.0 0.0 1.96 1.0 0.0 0.695683 1.0 0.695683
-1 1418361561.378040 1.0 0.0 1.0 2.0 1.0 2.0 1.0 0.0 0.0 3.0 2.0 1.8816 2.0
-1 1418361561.626601 1.0 0.0 0.0 0.0 1.0 1.846336 2.772483 1.0 0.0 1.96 1.0 2.0 1.0
-1 1418361562.013879 1.0 1.8816 0.0 0.0 1.0 0.0 1.8816 0.0 0.0 0.0 0.0 0.0 0.0
-1 1418361562.436379 2.8816 1.96 0.695683 1.846336 2.695683 1.502441 1.96 1.96 1.0 0.502441 1.766336 0.0 1.766336
-1 1418361562.675901 1.772483 0.0 1.0 1.0 1.0 1.0 1.0 0.0 0.0 1.8816 2.0 1.0 2.0
-1 1418361562.977960 0.0 0.0 0.0 0.0 1.0 1.0 0.0 0.0 0.0 1.96 1.0 0.0 1.0
-1 1418361563.330549 3.293813 0.0 0.0 1.0 0.0 0.0 1.0 0.0 0.0 1.0 1.0 0.0 1.0
-1 1418361563.605066 0.0 0.0 1.772483 0.0 0.695683 0.0 0.0 0.0 1.0 2.0 0.0 0.0 0.0
-1 1418361564.041780 3.96 0.0 1.921487 1.67192 1.96 0.0 0.0 2.96 1.0 0.0 0.0 0.0 0.0
-1 1418361564.446329 0.0 0.0 1.0 1.96 1.96 0.0 0.0 1.0 1.0 1.0 1.0 1.96 1.0
-1 1418361564.667175 0.0 0.0 3.8816 0.8816 3.7632 0.8816 0.8816 0.0 0.8816 0.8816 0.8816 3.7632 0.8816
-1 1418361565.033112 1.8816 1.0 2.96 1.0 2.0 1.741583 3.065935 1.0 1.0 2.741583 2.0 2.741583 2.0
-1 1418361565.483838 1.96 2.0 2.0 0.0 0.0 0.0 0.0 1.96 2.0 0.59512 0.8816 0.0 0.8816
-1 1418361565.720124 0.0 0.0 0.0 0.0 0.0 0.0 0.0 0.0 1.0 0.0 0.0 0.0 0.0
-1 1418361566.176099 0.8816 0.0 0.0 0.0 0.0 0.0 0.0 0.0 2.8816 0.0 0.0 0.0 0.0
-1 1418361566.562283 0.0 0.0 0.0 0.0 0.0 0.0 0.0 0.0 0.0 0.0 0.0 0.0 0.0
-1 1418361566.848594 0.0 0.8816 1.0 2.846336 1.0 1.0 3.7632 0.0 2.0 1.0 1.0 1.0 1.0
-1 1418361567.233727 1.0 1.0 1.0 1.0 1.0 1.0 1.0 2.0 1.0 1.0 1.0 1.0 1.0
-1 1418361567.610303 1.0 0.0 0.0 0.0 0.0 0.0 0.0 0.0 1.0 0.0 0.0 1.0 0.0
-1 1418361567.943581 2.96 3.0 1.0 1.96 1.0 1.0 3.0 2.96 3.0 1.0 1.0 1.0 1.0
-1 1418361568.357276 1.8816 2.8816 2.962321 0.0 0.0 0.0 3.8816 2.8816 1.0 0.0 0.0 0.0 0.0
-1 1418361568.622497 1.0 2.450613 1.0 0.0 0.0 0.0 2.0 1.0 0.0 1.0 0.0 0.0 0.0
-1 1418361568.940996 2.96 4.587855 0.772483 1.0 0.0 0.8816 5.587855 2.96 2.96 0.0 0.0 0.0 0.0
-1 1418361569.456460 0.0 0.0 0.0 0.0 0.0 0.0 1.96 0.0 0.0 0.0 1.0 0.0 1.0
-1 1418361569.747704 1.0 1.0 0.0 0.0 0.0 0.0 2.257596 1.0 2.8816 1.0 0.0 0.0 0.0
-1 1418361570.007406 0.0 0.0 1.0 0.0 2.0 0.0 1.0 0.0 0.0 2.0 0.0 1.0 0.0
-1 1418361570.310939 1.0 1.0 0.0 1.0 0.0 1.772483 1.0 1.0 0.0 0.0 0.0 0.0 0.0
-1 1418361570.636912 1.0 1.0 0.772483 0.0 0.0 1.0 2.0 1.0 1.0 1.0 0.0 0.0 0.0
-1 1418361570.986559 1.0 1.0 1.0 0.0 1.0 0.0 1.0 1.0 1.846336 0.0 0.0 2.0 0.0
-1 1418361571.423778 0.0 0.0 1.0 0.695683 0.0 2.695683 1.0 0.0 0.0 3.655683 0.0 1.0 0.0
-1 1418361571.702699 1.0 1.0 0.0 0.0 0.0 0.0 1.0 0.0 0.59512 0.8816 0.0 0.0 0.0
-1 1418361572.180336 0.0 1.8816 0.0 0.0 0.0 0.0 0.0 0.0 2.766336 0.0 0.0 0.0 0.0
-1 1418361572.564981 1.0 1.96 1.0 2.0 0.0 1.0 1.96 1.0 1.0 1.772483 2.846336 1.0 2.846336
-1 1418361572.788509 2.0 1.96 1.0 1.0 1.846336 1.0 1.96 1.0 0.0 1.0 1.0 1.0 1.0
-1 1418361573.128546 2.0 2.0 1.0 2.0 2.96 2.96 3.0 2.0 3.8816 2.846336 2.0 2.96 2.0
-1 1418361573.556547 1.766336 1.766336 1.571315 0.0 0.0 0.0 1.766336 3.726336 1.8816 1.96 1.0 0.0 1.0
-1 1418361573.807388 0.0 0.0 1.0 2.0 1.0 0.0 0.0 0.0 0.0 0.0 1.0 0.0 1.0
-1 1418361574.365928 1.0 0.772483 1.0 2.0 3.292705 0.0 0.772483 1.0 0.8816 1.0 1.0 2.292705 1.0
-1 1418361574.642533 0.0 1.0 2.96 0.0 2.0 0.0 2.144757 0.0 0.0 0.0 0.0 1.0 0.0
-1 1418361574.910752 0.0 1.0 0.0 0.0 0.0 0.0 1.0 1.346567 0.0 0.0 1.0 0.0 1.0
-1 1418361575.406650 1.0 2.846336 1.96 1.96 1.0 1.0 2.0 1.0 1.0 1.8816 2.96 1.0 2.96
-1 1418361575.709177 1.96 0.0 3.0 2.96 1.0 1.96 1.0 1.0 1.0 2.0 1.0 1.0 1.0
-1 1418361576.283149 1.661583 1.741583 3.320852 0.0 0.0 0.0 1.741583 3.661583 4.275789 0.0 0.0 0.0 0.0
-1 1418361576.651650 2.766336 0.0 1.0 0.772483 0.0 0.772483 0.0 2.766336 1.0 0.772483 0.0 0.0 0.0
-1 1418361576.973182 0.0 0.0 0.0 1.0 1.96 2.0 2.0 0.0 1.139344 3.7632 0.0 2.8416 0.0
-1 1418361577.438691 1.0 0.0 0.0 0.0 1.0 0.0 1.0 1.0 1.202061 0.0 0.0 1.0 0.0
-1 1418361577.751057 1.846336 1.0 0.0 1.0 0.0 1.0 1.0 1.0 1.0 1.0 1.0 0.0 1.0
-1 1418361578.036925 1.0 1.0 0.8816 0.8816 1.8816 0.8816 1.0 0.0 0.0 0.8816 2.378695 0.0 2.378695
-1 1418361578.347954 1.0 0.0 1.0 0.0 0.0 0.0 2.0 2.0 0.0 0.0 0.0 0.0 0.0
-1 1418361578.688295 1.0 1.0 0.8816 0.0 0.0 0.0 1.0 1.0 2.0 0.0 0.0 0.0 0.0
-1 1418361578.963637 1.0 1.0 1.0 0.0 0.0 0.0 1.0 1.0 1.0 0.0 1.0 0.0 1.0
-1 1418361579.341873 0.8816 1.0 1.96 0.0 1.0 1.0 1.0 0.0 1.0 1.0 0.0 0.0 0.0
-1 1418361579.717446 0.0 0.0 0.0 0.695683 0.0 0.0 0.0 0.0 0.0 0.0 0.695683 0.0 0.695683
-1 1418361580.059738 0.0 0.0 0.0 2.0 1.0 2.0 0.0 0.8816 0.0 0.0 0.0 0.0 0.0
-1 1418361580.542682 1.0 2.0 1.0 0.0 1.0 0.0 2.96 1.0 2.8816 1.0 0.0 1.0 0.0
-1 1418361580.806425 0.0 1.0 1.0 1.67192 1.0 1.0 1.0 0.0 1.0 1.0 1.0 1.0 1.0
-1 1418361581.188565 0.0 0.0 2.0 1.0 2.0 2.0 0.0 0.0 0.0 2.0 1.0 2.0 1.0
-1 1418361581.648257 1.0 2.766336 0.0 0.0 1.0 1.0 3.726336 1.0 2.0 0.0 0.8816 0.0 0.8816
-1 1418361581.972920 2.0 2.0 2.732483 0.0 0.0 0.0 2.96 1.0 2.0 0.0 0.0 0.0 0.0
-1 1418361582.583443 0.0 1.0 1.0 1.0 1.0 1.0 1.96 0.0 1.0 1.0 1.0 1.96 1.0
-1 1418361582.843074 0.0 0.0 0.67192 0.0 0.0 1.0 0.0 0.0 1.695683 1.0 0.0 0.0 0.0
-1 1418361583.212946 1.0 1.0 2.96 1.0 1.96 0.8816 2.96 1.0 3.92 0.8816 1.0 0.0 1.0
-1 1418361583.666109 0.0 0.0 1.96 1.0 0.0 1.0 0.0 0.0 1.96 1.0 1.0 0.0 1.0
-1 1418361583.970887 0.0 2.0 3.92 1.695683 2.96 1.96 2.0 0.0 1.0 1.96 1.766336 2.96 1.766336
-1 1418361584.489871 0.0 1.0 1.0 0.0 1.0 0.0 0.0 0.0 0.0 0.8816 0.0 1.0 0.0
-1 1418361584.759343 1.96 2.0 2.766336 1.0 1.0 1.0 3.655683 1.0 2.0 1.0 1.0 1.0 1.0
-1 1418361585.090511 0.0 0.0 1.0 2.0 3.0 2.846336 0.0 0.0 0.0 1.0 1.0 2.0 1.0
-1 1418361585.633648 0.0 0.0 5.537283 0.695683 1.846336 2.727936 0.0 0.0 1.0 0.8816 0.0 4.647936 0.0
-1 1418361585.929848 1.96 1.96 2.606689 4.354724 2.96 2.96 1.96 2.8416 4.8416 3.8816 2.96 2.96 2.96
-1 1418361586.235473 0.0 1.0 0.0 0.0 0.0 1.8816 1.0 0.0 1.0 1.0 0.0 0.0 0.0
-1 1418361586.620419 1.0 2.0 4.511055 1.0 0.0 0.0 1.695683 1.0 1.0 6.575683 0.772483 0.0 0.772483
-1 1418361586.917691 0.0 0.0 0.0 1.766336 0.0 4.766336 1.772483 0.0 0.0 2.766336 0.8816 1.0 0.8816
-1 1418361587.292868 1.0 0.0 5.194975 2.425503 1.96 0.0 1.0 1.0 1.96 1.0 2.0 1.96 2.0
-1 1418361587.713631 1.0 2.0 0.0 0.0 0.0 0.0 2.772483 1.0 1.524341 0.0 0.0 0.0 0.0
-1 1418361588.031364 0.0 3.489889 1.577283 1.8816 0.8816 0.8816 4.102599 0.0 0.0 1.661583 1.0 0.8816 1.0
-1 1418361588.498106 1.0 1.0 0.0 1.0 1.0 1.0 1.741583 2.0 3.766336 1.0 1.0 1.0 1.0
-1 1418361588.804673 1.0 2.0 2.96 2.96 1.0 2.8816 4.524341 1.0 1.0 2.0 2.0 1.0 2.0
-1 1418361589.118048 2.8416 1.0 1.0 0.0 0.0 4.287602 1.8816 2.8816 1.96 2.615683 0.0 0.8816 0.0
-1 1418361589.664845 1.0 1.0 2.96 1.0 2.0 1.0 3.96 1.0 1.96 2.0 1.0 2.0 1.0
-1 1418361589.965443 0.8816 0.8816 1.0 0.0 1.0 0.0 0.8816 0.0 0.0 0.0 0.0 0.0 0.0
-1 1418361590.440645 1.0 1.0 2.96 2.0 2.0 2.0 1.0 1.0 2.0 2.0 2.0 3.0 2.0
-1 1418361590.798792 1.0 2.8816 0.0 0.433713 0.0 0.0 1.0 1.0 0.0 1.0 0.433713 0.0 0.433713
-1 1418361591.091112 1.766336 1.766336 0.0 0.0 0.0 0.0 3.615683 0.0 1.846336 0.0 0.0 1.96 0.0
-1 1418361591.415292 2.695683 3.846336 2.0 0.0 0.0 0.0 3.846336 2.695683 3.511055 0.695683 0.0 0.0 0.0
-1 1418361591.775636 2.96 0.0 0.0 0.0 0.0 0.0 0.0 0.0 1.96 0.0 1.0 1.0 1.0
-1 1418361592.085128 0.0 0.0 0.0 1.0 2.846336 0.0 0.8816 0.0 0.0 0.0 0.0 2.0 0.0
-1 1418361592.721466 0.0 0.0 1.0 2.96 2.96 1.0 1.0 0.0 1.0 1.96 1.96 2.96 1.96
-1 1418361593.026794 1.0 1.0 0.0 0.0 0.0 0.0 1.0 1.0 1.0 0.772483 0.0 0.0 0.0
-1 1418361593.416246 0.0 0.0 0.8816 1.0 1.0 1.0 0.8816 0.0 1.0 1.272522 2.0 1.0 2.0
-1 1418361593.810889 0.0 0.0 0.0 0.0 1.766336 1.0 0.0 1.0 0.0 2.0 0.0 0.0 0.0
-1 1418361594.147320 0.0 0.0 2.96 1.0 2.0 0.0 0.0 0.0 1.0 0.8816 0.0 2.0 0.0
-1 1418361594.608164 1.0 1.0 1.0 0.0 0.0 0.0 1.0 1.0 1.0 0.0 0.0 0.0 0.0
-1 1418361594.868606 0.0 0.0 0.8816 1.8816 0.8816 1.8816 0.0 1.0 2.045733 2.549455 1.8816 0.0 1.8816
-1 1418361595.269900 1.0 1.0 0.0 0.0 0.0 0.0 1.0 0.0 0.0 0.0 0.0 0.0 0.0
-1 1418361595.734775 2.96 0.0 0.0 1.587855 0.8816 1.0 0.0 1.96 1.96 2.587855 0.0 1.0 0.0
-1 1418361596.014053 0.0 0.0 0.0 0.0 0.0 0.0 0.0 0.0 0.0 0.0 0.8816 0.0 0.8816
-1 1418361596.327041 0.0 1.0 1.0 1.0 0.0 1.0 0.0 0.0 0.0 0.0 1.0 0.0 1.0
-1 1418361596.687921 1.8816 0.0 3.695683 1.0 1.96 1.0 1.0 2.0 1.0 1.0 1.0 1.96 1.0
-1 1418361596.968373 0.0 2.0 1.766336 0.8816 0.8816 0.0 2.96 1.0 1.0 2.469455 0.8816 0.8816 0.8816
-1 1418361597.351287 0.0 2.0 2.695683 0.695683 0.695683 0.695683 4.806336 1.0 0.0 0.695683 0.695683 0.695683 0.695683
-1 1418361597.796489 1.8816 1.8816 0.0 0.0 0.0 1.0 1.8816 1.8816 1.8816 1.0 0.0 0.0 0.0
-1 1418361598.117823 1.0 1.0 1.0 2.0 3.0 1.0 1.0 1.0 2.0 1.0 1.0 2.0 1.0
-1 1418361598.638724 0.0 0.0 1.0 0.0 1.0 0.0 0.0 0.0 1.0 0.0 1.0 0.0 1.0
-1 1418361598.889905 1.0 2.0 1.0 1.0 1.0 2.0 1.695683 1.0 1.224757 1.0 1.0 1.0 1.0
-1 1418361599.208831 1.0 1.450613 3.444341 0.8816 0.8816 1.8816 4.296115 1.0 1.0 0.8816 0.8816 0.8816 0.8816
-1 1418361599.734175 1.766336 0.0 3.806336 0.0 4.96 1.846336 3.766336 1.766336 1.766336 1.846336 0.0 3.96 0.0
-1 1418361600.006668 0.0 0.0 2.0 3.0 2.8816 2.0 0.0 0.0 1.0 3.0 3.0 2.8816 3.0
-1 1418361600.459946 0.0 0.0 1.846336 0.0 0.0 0.0 0.0 0.0 1.0 1.766336 0.0 0.0 0.0
-1 1418361600.887080 1.96 1.491315 1.0 1.96 2.0 2.539241 1.414515 0.0 1.0 1.96 1.96 2.96 1.96
-1 1418361601.149002 0.0 1.565043 1.0 1.0 1.0 0.0 1.565043 0.0 0.0 0.0 1.0 1.0 1.0
-1 1418361601.471300 0.695683 0.0 2.8816 0.0 1.8816 0.0 0.8816 0.0 1.0 0.8816 0.0 1.0 0.0
-1 1418361601.844148 1.0 1.0 1.0 0.0 0.0 0.8816 2.0 1.0 2.0 2.8416 1.96 1.96 1.96
-1 1418361602.220465 0.0 0.0 2.0 0.0 1.0 0.0 0.0 0.0 1.0 0.0 0.0 0.0 0.0
-1 1418361602.713300 1.8816 0.8816 1.96 0.0 3.8816 0.8816 1.565043 2.766336 1.0 0.8816 0.0 1.8816 0.0
-1 1418361602.970320 1.96 2.96 0.0 1.0 1.96 4.615683 0.0 1.0 0.0 5.575683 1.0 2.561141 1.0
-1 1418361603.272627 0.0 1.0 1.0 1.0 1.0 0.0 0.790505 0.0 0.0 0.0 1.0 1.0 1.0
-1 1418361603.759032 0.0 0.0 1.0 1.0 1.0 1.846336 0.0 0.0 1.0 1.0 1.0 1.0 1.0
-1 1418361604.025722 0.0 1.0 1.0 1.0 2.8816 1.0 0.0 0.0 0.0 1.0 1.0 1.0 1.0
-1 1418361604.432140 5.726336 1.96 1.0 1.695683 1.8816 1.695683 1.67192 5.726336 1.0 1.695683 1.695683 1.0 1.695683
-1 1418361604.870537 2.0 2.0 3.96 1.0 2.695683 2.96 2.96 2.0 2.0 2.0 1.0 1.0 1.0
-1 1418361605.136883 0.0 0.0 1.0 2.846336 1.0 2.0 1.0 0.0 1.0 2.0 2.96 1.0 2.96
-1 1418361605.553227 1.0 0.0 1.0 1.0 3.8816 2.0 0.0 1.0 0.0 1.0 1.0 1.0 1.0
-1 1418361605.968221 1.0 0.0 0.8816 0.0 2.555989 0.0 0.0 0.0 0.601141 0.0 0.0 0.0 0.0
-1 1418361606.202868 2.0 1.0 1.0 2.0 1.0 1.0 1.0 2.0 2.0 1.846336 1.0 1.0 1.0
-1 1418361606.501441 0.0 0.0 0.0 0.0 1.0 1.96 0.0 0.0 1.0 0.0 0.0 1.0 0.0
-1 1418361606.847744 0.0 0.0 0.0 0.0 0.0 0.0 0.8816 0.0 1.766336 0.0 0.0 0.0 0.0
-1 1418361607.105910 0.0 1.0 1.0 1.0 1.0 1.0 2.0 0.0 2.579241 1.0 1.0 1.0 1.0
-1 1418361607.491024 4.0 3.0 3.96 0.0 0.0 1.0 4.0 4.0 3.0 3.0 0.0 1.0 0.0
-1 1418361607.924006 1.8816 0.8816 1.0 0.0 1.0 0.0 1.8816 1.8816 1.8816 0.0 0.0 0.0 0.0
-1 1418361608.251190 2.577283 1.8816 3.0 2.0 1.0 1.0 1.8816 1.8816 1.8816 2.0 1.0 1.0 1.0
-1 1418361608.799128 1.96 0.0 2.8416 0.0 1.0 0.0 1.96 1.96 0.8816 0.8816 0.0 1.0 0.0
-1 1418361609.054085 2.7632 3.8416 1.96 0.0 0.0 0.0 1.96 1.8816 0.0 0.0 0.0 0.0 0.0
-1 1418361609.443834 1.8816 2.647936 1.0 1.0 1.0 0.0 1.766336 0.8816 0.8816 0.0 2.0 1.0 2.0
-1 1418361609.877774 2.96 1.0 0.0 0.0 0.0 0.0 2.0 3.96 2.0 1.0 1.0 0.0 1.0
-1 1418361610.153618 1.0 1.0 0.0 0.0 0.0 0.0 1.96 2.0 1.0 0.0 1.0 0.0 1.0
-1 1418361610.643601 0.0 0.0 1.0 0.0 0.0 0.8816 0.0 0.0 3.766336 0.0 0.0 0.0 0.0
-1 1418361611.042007 1.0 1.0 2.0 2.0 0.0 2.0 1.0 1.8816 8.391055 3.0 3.0 0.0 3.0
-1 1418361611.462782 1.0 2.0 0.0 0.0 0.0 0.0 5.237935 2.0 2.0 0.0 0.0 0.0 0.0
-1 1418361611.934871 0.0 0.0 0.0 1.0 0.0 0.0 2.0 1.0 0.0 0.0 0.0 1.0 0.0
-1 1418361612.217698 0.0 0.0 0.0 1.0 2.0 1.0 0.0 0.0 1.0 2.0 0.0 1.0 0.0
-1 1418361612.803002 0.0 0.0 1.0 0.0 1.0 0.0 0.0 0.0 4.615683 2.96 0.0 1.0 0.0
-1 1418361613.120097 1.0 2.96 1.0 0.0 0.0 0.0 2.96 1.0 3.405941 0.0 0.0 2.8816 0.0
-1 1418361613.509959 1.0 2.0 1.0 1.0 1.0 1.0 1.0 2.96 4.6448 1.0 1.0 1.0 1.0
-1 1418361613.984389 0.0 1.0 0.0 0.0 1.0 0.0 1.667855 0.0 0.0 0.0 0.0 0.0 0.0
-1 1418361614.308439 0.0 0.0 0.0 1.0 1.0 0.0 0.0 0.0 0.8816 0.0 0.0 0.0 0.0
-1 1418361614.806673 2.8416 1.96 4.8416 1.0 0.0 0.0 1.96 2.8416 2.55512 0.0 1.0 0.0 1.0
-1 1418361615.054523 1.0 0.0 0.0 0.0 0.0 0.0 1.766336 1.0 1.96 0.0 0.0 0.0 0.0
-1 1418361615.416837 0.0 1.0 1.96 2.0 1.0 1.0 0.0 0.0 1.0 1.0 1.0 1.0 1.0
-1 1418361615.939117 0.772483 2.292705 2.96 1.96 1.8816 1.0 1.951378 0.0 0.0 0.0 1.96 0.0 1.96
-1 1418361616.290837 0.0 0.0 3.766336 1.0 3.766336 1.766336 0.0 0.0 0.0 1.766336 2.8816 1.766336 2.8816
-1 1418361616.599866 2.0 2.0 3.587855 1.0 0.0 1.0 2.0 3.8816 2.0 1.0 1.0 0.0 1.0
-1 1418361616.951908 1.96 1.0 0.0 0.0 0.0 0.0 0.0 1.96 2.8816 1.0 0.0 0.0 0.0
-1 1418361617.205903 0.0 3.766336 4.392589 3.0 3.96 3.0 4.766336 3.766336 0.0 3.0 3.0 3.0 3.0
-1 1418361617.543405 1.0 2.96 0.8816 5.462019 0.8816 1.766336 2.96 1.0 0.0 2.216949 2.766336 0.8816 2.766336
-1 1418361617.981880 6.312655 1.8816 2.0 0.0 0.0 1.0 2.7632 2.8416 2.8816 1.0 0.0 1.0 0.0
-1 1418361618.182320 3.0 3.0 1.0 1.0 0.0 0.0 2.0 3.0 4.0 1.0 0.0 0.0 0.0
-1 1418361618.677649 1.96 1.0 2.96 1.0 2.0 2.0 1.0 1.0 1.0 1.0 1.0 2.0 1.0
-1 1418361619.056663 0.0 0.0 1.0 0.0 0.0 0.0 0.0 0.0 1.0 0.0 0.0 0.0 0.0
-1 1418361619.303714 1.0 2.0 2.846336 0.0 1.0 1.0 1.433713 1.0 1.0 1.0 1.0 1.0 1.0
-1 1418361619.638876 1.0 1.8816 0.0 0.0 0.0 0.0 1.8816 1.0 0.0 0.0 0.0 1.0 0.0
-1 1418361620.043387 1.0 0.0 0.0 1.0 2.0 0.0 1.0 0.0 0.150346 0.0 1.0 2.0 1.0
-1 1418361620.298126 0.0 0.0 1.695683 1.0 0.0 0.0 0.0 0.0 1.0 0.0 0.0 0.0 0.0
-1 1418361620.937210 0.0 1.0 1.0 1.0 1.0 2.0 1.0 0.0 1.0 1.661583 0.8816 1.8816 0.8816
-1 1418361621.202098 0.0 0.0 1.8816 2.96 0.0 1.96 0.0 0.0 0.0 1.0 2.0 0.0 2.0
-1 1418361621.570033 0.8816 0.0 0.0 0.0 0.0 0.0 0.0 0.0 0.0 1.0 0.0 1.0 0.0
-1 1418361622.067091 1.846336 2.846336 2.96 2.0 2.96 3.96 1.846336 1.846336 1.0 2.0 2.0 3.96 2.0
-1 1418361622.343097 0.0 0.0 2.655683 0.0 0.0 0.695683 0.0 0.0 1.0 1.695683 1.695683 0.0 1.695683
-1 1418361622.808728 0.8816 2.8416 0.0 0.0 0.0 0.0 1.96 0.0 1.846336 0.0 0.0 0.0 0.0
-1 1418361623.123160 0.0 0.0 2.0 1.0 1.0 2.0 0.772483 0.0 1.0 1.96 0.0 1.0 0.0
-1 1418361623.435454 1.0 1.0 1.0 0.8816 0.0 1.0 2.0 0.0 0.0 1.772483 1.0 0.0 1.0
-1 1418361623.943079 0.0 0.0 0.0 0.0 0.0 1.0 0.0 0.0 1.0 1.0 0.0 1.0 0.0
-1 1418361624.199138 0.0 0.8816 0.0 0.0 0.0 0.0 0.8816 2.8816 0.8816 0.0 0.0 0.0 0.0
-1 1418361624.608870 0.0 1.0 1.0 0.0 0.0 0.0 1.0 0.0 1.0 0.8816 0.0 0.0 0.0
-1 1418361624.980945 0.0 0.0 2.0 3.8816 1.0 0.0 0.0 0.0 1.8816 0.695683 1.0 1.0 1.0
-1 1418361625.264135 1.8816 1.8816 0.0 0.8816 0.0 1.0 2.766336 3.8416 2.55352 0.8816 0.0 0.0 0.0
-1 1418361625.685756 0.0 1.0 1.766336 0.8816 1.0 1.0 1.0 1.0 1.0 1.060628 0.0 1.0 0.0
-1 1418361626.048612 0.8816 0.0 2.145217 1.96 0.0 1.96 1.8816 0.0 0.0 1.96 2.8416 0.0 2.8416
-1 1418361626.297580 1.0 1.0 2.0 2.96 2.0 2.0 2.292705 1.0 2.8816 2.8816 2.0 1.0 2.0
-1 1418361626.621859 1.0 0.0 1.0 1.0 1.0 1.0 0.0 0.0 1.503367 2.0 1.0 2.0 1.0
-1 1418361626.983351 0.0 1.0 0.0 1.0 0.0 1.8816 0.0 0.0 0.0 1.0 1.0 0.0 1.0
-1 1418361627.276906 0.8816 1.8816 1.0 1.0 1.0 1.0 1.8816 0.8816 6.8416 1.0 1.0 1.0 1.0
-1 1418361627.641234 2.695683 1.0 2.0 2.96 2.96 2.96 3.524341 1.0 5.511055 3.605043 2.96 2.96 2.96
-1 1418361628.079690 0.8816 0.0 1.0 1.0 1.0 2.0 0.0 1.7632 0.8816 4.0 1.0 1.0 1.0
-1 1418361628.427905 0.0 1.667855 1.96 1.0 0.0 1.96 1.0 0.0 1.0 0.0 0.0 0.0 0.0
-1 1418361628.982719 2.0 2.0 1.0 0.0 0.0 0.0 2.0 1.0 0.0 0.0 0.0 0.0 0.0
-1 1418361629.231999 1.0 1.0 0.0 2.0 0.0 1.0 0.0 1.0 1.0 1.0 1.0 1.0 1.0
-1 1418361629.560577 0.0 0.0 1.0 1.0 2.661583 1.0 2.0 0.0 0.0 1.0 1.0 1.0 1.0
-1 1418361629.911393 1.0 1.0 3.0 2.0 2.0 2.8816 1.0 1.0 2.96 2.0 3.0 2.0 3.0
-1 1418361630.185115 1.96 1.0 0.0 1.0 1.0 0.0 1.96 1.96 3.96 0.0 0.8816 1.0 0.8816
-1 1418361630.496526 0.0 0.0 1.0 0.0 1.0 0.0 0.0 0.0 0.0 2.772483 0.0 0.0 0.0
-1 1418361631.057918 2.0 1.772483 1.96 0.0 0.0 1.846336 1.772483 2.0 1.0 1.0 0.0 0.0 0.0
-1 1418361631.282873 0.0 1.0 1.0 0.0 0.0 1.0 1.0 0.0 0.0 1.0 1.0 0.0 1.0
-1 1418361631.724918 0.0 0.0 0.8816 0.0 0.0 1.0 0.0 0.0 2.0 2.96 0.8816 0.0 0.8816
-1 1418361632.194200 0.0 1.96 1.8816 0.0 1.0 1.0 1.96 0.0 1.0 0.0 0.0 1.0 0.0
-1 1418361632.664971 0.0 0.0 1.0 0.0 1.8816 0.0 0.0 0.0 0.0 0.0 1.0 1.8816 1.0
-1 1418361633.104023 1.0 1.0 2.96 0.0 1.0 0.0 2.96 1.0 1.995151 2.695683 0.0 1.0 0.0
-1 1418361633.341481 1.96 2.8416 1.8816 1.0 0.0 0.0 2.96 1.96 0.0 0.0 0.0 0.0 0.0
-1 1418361633.832064 0.0 0.0 1.0 1.772483 0.772483 1.0 0.0 0.0 1.0 1.0 1.0 1.0 1.0
-1 1418361634.209170 0.0 0.0 0.8816 0.8816 1.332213 0.8816 0.0 0.0 0.8816 1.7632 0.0 0.8816 0.0
-1 1418361634.607473 0.0 0.0 0.695683 3.766336 3.8816 1.766336 0.0 0.0 0.0 3.431055 0.8816 2.8816 0.8816
-1 1418361635.050011 1.0 0.0 2.0 1.0 2.0 1.0 3.615683 1.0 2.0 0.0 0.0 2.0 0.0
-1 1418361635.304011 1.0 1.96 2.0 2.96 1.0 1.96 2.96 2.96 1.0 1.0 1.0 1.0 1.0
-1 1418361635.679771 2.8816 4.92 0.0 0.0 0.0 0.0 8.7616 2.8816 0.8816 0.0 0.0 0.0 0.0
-1 1418361636.156239 3.8816 2.0 1.96 0.0 0.0 0.0 2.0 2.0 2.0 0.0 0.0 0.0 0.0
-1 1418361636.464558 0.502441 0.0 2.96 3.92 2.96 1.96 1.0 0.0 0.0 1.96 3.92 1.96 3.92
-1 1418361636.776108 1.0 1.0 1.96 0.0 1.96 1.96 0.0 2.96 0.0 1.96 0.0 1.96 0.0
-1 1418361637.151774 0.0 0.8816 4.8816 2.0 2.8816 2.0 0.8816 0.8816 0.0 2.0 2.0 2.8816 2.0
-1 1418361637.456060 0.0 0.0 2.8816 1.96 0.8816 0.0 0.0 0.0 2.96 1.508463 3.312589 0.8816 3.312589
-1 1418361637.836691 1.0 0.0 0.0 0.0 0.0 0.0 1.0 1.772483 0.0 0.8816 0.0 1.96 0.0
-1 1418361638.207258 5.8416 5.8416 0.67192 0.695683 0.0 0.0 5.8416 4.96 3.0 0.0 1.0 0.0 1.0
-1 1418361638.561393 0.8816 0.0 1.0 0.0 0.0 1.96 0.0 0.0 0.0 0.0 1.511055 0.0 1.511055
-1 1418361639.058572 1.0 1.0 3.235789 1.0 1.0 0.0 1.96 1.0 4.088835 0.0 0.0 0.0 0.0
-1 1418361639.329633 1.0 3.8816 3.766336 2.8816 0.8816 0.8816 3.8816 1.0 1.0 2.8816 2.8816 0.8816 2.8816
-1 1418361639.684058 2.0 1.0 1.96 1.0 2.0 1.846336 1.0 1.0 1.0 1.0 1.0 1.0 1.0
-1 1418361640.134688 0.8816 0.8816 1.0 1.0 1.0 2.0 1.0 0.8816 2.8816 2.96 1.0 0.0 1.0
-1 1418361640.454065 1.0 1.0 0.0 1.0 1.0 0.0 1.0 1.0 1.0 0.0 1.0 0.0 1.0
-1 1418361640.872148 0.0 1.0 1.96 2.96 1.0 1.0 1.0 0.0 1.0 2.542019 1.0 1.0 1.0
-1 1418361641.185028 1.0 1.0 2.0 2.0 3.0 2.0 1.0 1.0 3.413451 2.0 2.0 3.0 2.0
-1 1418361641.503808 1.8816 1.0 0.0 1.0 0.0 1.0 1.8816 1.8816 0.0 1.0 1.0 1.0 1.0
-1 1418361641.869129 2.96 1.0 1.7632 1.7632 1.7632 1.7632 3.806336 2.96 2.0 0.8816 0.8816 1.7632 0.8816
-1 1418361642.263803 1.0 3.0 1.0 1.0 0.0 0.0 3.0 1.0 1.8816 1.0 1.0 0.0 1.0
-1 1418361642.573883 1.0 1.0 1.0 3.92 0.0 0.0 1.0 1.0 0.0 3.92 3.92 1.0 3.92
-1 1418361642.990585 1.0 1.0 1.96 1.96 1.96 4.615683 0.0 1.0 0.8816 5.732483 1.772483 1.0 1.772483
-1 1418361643.288653 2.149063 0.8816 0.0 1.0 0.0 1.0 0.0 2.149063 3.8816 1.0 1.0 1.0 1.0
-1 1418361643.607448 1.0 0.0 2.0 0.0 1.0 1.0 1.96 0.0 0.0 1.0 0.0 1.0 0.0
-1 1418361644.137884 0.0 0.0 0.0 2.0 1.0 2.96 0.0 0.0 0.0 1.96 2.96 1.0 2.96
-1 1418361644.371348 3.92 1.96 0.772483 0.0 0.0 0.0 1.96 1.96 4.8016 2.871976 0.0 1.0 0.0
-1 1418361644.725884 1.0 2.96 0.0 0.0 1.96 0.0 2.96 1.0 2.068566 0.8816 0.0 0.0 0.0
-1 1418361645.102023 0.0 0.0 0.8816 2.0 1.0 1.0 0.0 0.0 0.8816 0.0 0.0 0.0 0.0
-1 1418361645.419555 1.96 2.0 3.96 2.0 4.766336 1.0 1.96 1.96 1.96 3.766336 2.96 2.766336 2.96
-1 1418361645.616393 1.96 1.96 2.96 2.0 1.0 1.0 3.96 1.96 0.0 4.615683 2.0 1.0 2.0
-1 1418361645.899941 1.8816 0.0 2.0 1.0 1.0 1.0 1.0 1.8816 1.0 1.0 1.0 1.0 1.0
-1 1418361646.253148 0.0 0.0 2.0 0.0 1.0 1.96 0.0 0.0 0.0 1.96 0.0 1.0 0.0
-1 1418361646.511990 2.8816 1.0 1.0 0.0 2.514012 1.846336 1.0 1.0 3.7632 1.0 1.0 1.0 1.0
-1 1418361646.777574 0.0 1.0 2.0 2.0 1.0 2.0 1.0 0.0 0.0 1.0 1.0 1.0 1.0
-1 1418361647.068817 0.0 0.0 0.8816 0.8816 2.8816 0.8816 0.0 0.0 1.587855 0.8816 0.8816 0.8816 0.8816
-1 1418361647.359912 0.0 0.0 2.0 2.0 2.0 1.0 0.0 0.0 0.0 0.0 1.0 1.0 1.0
-1 1418361647.654969 1.695683 0.0 1.59512 0.0 1.0 0.59512 0.0 1.0 0.0 0.0 1.0 1.0 1.0
-1 1418361647.953317 0.0 0.0 0.0 0.0 1.0 0.0 0.0 0.0 1.0 0.0 0.0 1.0 0.0
-1 1418361648.254022 3.565043 0.772483 5.88 3.92 5.88 3.92 4.654083 1.565043 0.8816 3.92 0.8816 6.8016 0.8816
-1 1418361648.592146 0.0 0.0 2.0 3.96 2.0 3.0 2.0 0.0 1.0 2.96 2.0 2.0 2.0
-1 1418361649.069119 0.0 0.0 1.766336 0.8816 2.8416 0.8816 0.0 0.0 0.0 0.8816 0.8816 1.0 0.8816
-1 1418361649.338190 1.0 0.0 1.0 0.0 0.0 0.0 0.0 0.0 0.0 2.96 0.0 0.0 0.0
-1 1418361649.578589 0.0 2.8816 0.0 0.0 0.0 3.8816 3.92 1.0 0.0 3.0 0.0 1.0 0.0
-1 1418361650.005050 0.0 0.0 1.0 1.0 1.0 2.0 1.0 0.0 0.0 3.0 0.0 2.0 0.0
-1 1418361650.358200 0.0 1.0 0.0 0.0 1.587855 0.0 0.0 0.0 1.766336 1.0 0.0 1.96 0.0
-1 1418361650.846407 0.0 2.0 0.0 1.0 1.0 1.0 2.0 1.0 1.0 1.0 1.0 1.0 1.0
-1 1418361651.281704 1.0 2.96 2.0 1.0 1.0 1.0 3.655683 1.0 1.0 0.0 0.0 1.0 0.0
-1 1418361651.544547 0.0 0.0 1.0 1.0 1.96 0.0 0.0 0.0 1.0 0.0 1.0 0.0 1.0
-1 1418361651.790041 2.8416 1.96 1.96 0.0 1.0 1.0 4.765375 3.305503 1.96 3.423367 2.96 1.0 2.96
-1 1418361652.067262 0.0 0.0 1.0 1.0 1.0 1.0 0.0 0.0 1.0 1.67192 0.0 1.0 0.0
-1 1418361652.363297 0.0 0.0 1.0 0.0 1.0 0.0 0.0 0.0 0.0 3.92 0.0 0.0 0.0
-1 1418361652.721478 0.0 0.0 1.280997 1.0 0.0 2.0 0.0 0.0 0.0 2.96 1.96 2.0 1.96
-1 1418361653.203764 0.0 1.0 0.0 0.0 0.0 0.0 1.0 0.0 0.0 0.0 0.0 0.0 0.0
-1 1418361653.415384 3.0 0.0 0.0 0.0 0.0 0.772483 0.695683 2.0 1.0 1.96 0.0 0.0 0.0
-1 1418361653.840304 1.0 3.766336 0.0 0.0 0.0 0.0 3.766336 1.0 1.0 0.0 0.0 0.0 0.0
-1 1418361654.357193 0.8816 0.8816 2.0 1.0 1.0 1.0 4.311365 0.0 0.0 1.0 1.0 1.0 1.0
-1 1418361654.612887 0.0 0.0 1.0 0.0 1.0 0.0 0.0 0.0 0.0 0.0 0.0 0.0 0.0
-1 1418361655.044237 0.0 1.96 2.0 1.0 1.0 1.0 2.96 0.8816 0.0 1.0 1.0 1.0 1.0
-1 1418361655.382878 0.0 1.0 0.0 0.0 0.0 0.0 0.0 0.0 0.0 0.0 0.0 0.0 0.0
-1 1418361655.648337 1.0 2.0 3.766336 1.0 0.0 1.0 2.96 1.0 0.0 1.0 2.0 1.0 2.0
-1 1418361656.049035 0.0 0.0 0.8816 1.0 0.0 0.0 1.0 0.0 0.0 0.0 0.0 0.8816 0.0
-1 1418361656.400533 2.8816 1.0 2.0 2.275789 2.667855 4.157389 3.8816 2.8816 2.8816 2.8816 1.0 2.8816 1.0
-1 1418361656.765336 0.0 1.766336 0.0 0.0 2.8816 0.0 0.0 0.0 1.8816 1.8816 0.0 0.0 0.0
-1 1418361657.255696 1.0 1.0 5.8816 2.0 4.726336 1.8816 1.0 1.0 1.0 2.0 5.378695 2.766336 5.378695
-1 1418361657.482534 0.0 1.577283 1.96 0.0 0.0 0.0 0.0 1.0 1.0 0.0 0.0 0.0 0.0
-1 1418361657.796189 0.0 1.0 2.0 1.0 1.0 0.0 1.96 0.0 0.0 0.0 0.0 1.0 0.0
-1 1418361658.188438 0.0 0.0 0.0 1.0 0.0 2.0 0.0 0.0 1.96 1.0 1.0 0.0 1.0
-1 1418361658.445276 1.0 1.0 2.0 3.96 2.96 2.96 1.0 1.0 1.96 3.0 2.0 3.0 2.0
-1 1418361658.930334 1.0 1.0 3.033452 2.695683 0.0 0.0 1.0 1.0 1.0 1.0 0.695683 0.0 0.695683
-1 1418361659.367254 2.0 2.96 0.0 0.0 0.0 0.0 2.0 2.0 3.8816 0.0 0.0 0.0 0.0
-1 1418361659.614292 0.0 0.8816 5.476072 2.8816 2.8816 1.0 1.47672 1.587855 0.695683 2.8816 2.8816 1.8816 2.8816
-1 1418361659.940798 0.0 0.0 0.0 1.0 0.0 1.0 1.0 0.0 0.0 1.0 1.0 0.0 1.0
-1 1418361660.385614 1.96 0.0 1.0 1.524341 1.0 1.0 0.772483 1.96 1.0 1.0 1.0 1.0 1.0
-1 1418361660.626715 1.0 0.0 0.0 0.8816 1.0 0.0 2.96 1.0 1.0 1.0 0.0 0.0 0.0
-1 1418361660.890359 0.0 0.695683 3.0 1.0 1.0 1.0 0.0 0.0 0.0 2.0 0.0 0.0 0.0
-1 1418361661.212161 1.0 1.0 0.0 1.96 0.0 0.0 1.0 1.0 0.0 0.0 0.0 0.0 0.0
-1 1418361661.478463 0.0 0.0 3.615683 1.0 2.0 1.0 0.124846 0.0 1.772483 4.92 0.0 2.0 0.0
-1 1418361661.735361 0.695683 0.0 0.0 1.0 0.0 1.0 1.0 0.0 0.0 0.0 0.0 1.0 0.0
-1 1418361662.157417 1.0 1.0 1.0 2.0 1.695683 2.0 1.741583 1.0 1.8816 3.0 2.0 1.0 2.0
-1 1418361662.489951 0.0 0.59512 0.0 0.8816 0.0 0.0 0.0 0.0 2.0 0.8816 0.0 0.0 0.0
-1 1418361662.850134 0.0 0.8816 0.0 2.96 1.0 1.0 0.8816 0.0 1.0 1.0 0.0 0.0 0.0
-1 1418361663.186960 0.0 0.0 1.96 2.96 0.0 1.0 1.0 0.0 2.8416 0.0 1.0 0.0 1.0
-1 1418361663.472205 0.0 0.0 4.246433 2.96 1.96 2.96 0.0 1.0 0.0 2.96 1.96 1.0 1.96
-1 1418361663.812488 2.96 2.96 2.0 2.0 2.0 2.0 2.96 2.96 2.0 1.0 1.0 2.0 1.0
-1 1418361664.318270 2.0 0.0 1.0 0.0 0.0 0.0 0.0 1.0 0.0 0.8816 0.0 0.0 0.0
-1 1418361664.588683 0.0 0.0 1.0 2.0 1.0 2.0 0.0 0.0 0.0 2.0 3.766336 2.0 3.766336
-1 1418361665.050630 0.0 2.0 0.0 0.0 0.8816 0.0 1.0 1.0 0.0 0.0 0.0 0.0 0.0
-1 1418361665.446583 0.0 1.0 1.8816 2.0 0.0 1.96 1.0 0.0 0.0 0.0 1.0 0.0 1.0
-1 1418361665.793508 0.0 1.0 1.772483 0.0 0.772483 1.772483 0.8816 0.0 0.0 0.772483 0.0 1.772483 0.0
-1 1418361666.152132 1.0 1.96 1.0 1.0 1.0 1.0 1.96 1.0 1.0 1.0 0.0 1.8816 0.0
-1 1418361666.501282 3.468165 1.0 0.8816 0.0 0.0 0.0 2.0 3.695683 4.314501 0.0 0.0 0.0 0.0
-1 1418361666.910510 0.0 1.0 2.0 2.101639 0.0 2.797322 0.0 0.0 0.0 1.0 0.0 0.0 0.0
-1 1418361667.309540 1.431663 1.0 1.0 1.0 0.0 0.0 1.0 2.431663 1.601141 2.8816 1.0 0.0 1.0
-1 1418361667.573488 0.8816 1.0 2.150346 1.0 1.96 1.0 1.8816 1.0 2.0 0.0 1.0 0.0 1.0
-1 1418361667.903216 1.0 2.0 2.8816 1.0 1.0 1.0 1.8816 1.0 1.0 2.0 2.0 1.0 2.0
-1 1418361668.337661 1.0 1.0 1.7632 0.0 0.8816 1.0 1.0 1.0 1.0 0.0 0.0 0.0 0.0
-1 1418361668.652038 2.0 2.0 2.0 0.0 1.0 1.0 2.0 1.0 1.0 1.0 0.0 2.0 0.0
-1 1418361668.923867 2.772483 2.772483 1.0 0.0 0.0 0.0 2.772483 2.772483 2.655683 1.0 0.0 0.0 0.0
-1 1418361669.265801 1.0 1.0 1.741583 0.8816 0.0 0.0 1.0 2.96 0.0 0.0 0.0 0.0 0.0
-1 1418361669.558604 1.0 1.0 1.695683 0.0 0.0 0.0 1.772483 1.0 1.96 0.0 0.0 0.0 0.0
-1 1418361669.900081 0.0 1.0 1.0 0.0 0.0 1.0 1.0 0.0 1.0 1.0 0.0 0.695683 0.0
-1 1418361670.364764 0.0 0.0 0.0 0.0 0.0 0.0 0.0 1.0 1.577283 1.96 0.0 0.0 0.0
-1 1418361670.606117 2.96 0.0 1.0 1.0 1.0 1.0 1.96 1.96 3.8816 1.0 1.0 1.0 1.0
-1 1418361671.036149 1.0 1.0 1.772483 1.772483 1.0 1.772483 1.0 1.0 1.0 3.0 1.0 1.0 1.0
-1 1418361671.408995 0.8816 0.0 2.96 0.0 0.0 1.0 0.0 0.8816 2.577283 1.96 0.0 2.0 0.0
-1 1418361671.649909 0.0 0.0 1.0 0.0 0.0 2.96 0.0 1.0 0.0 0.0 0.0 0.0 0.0
-1 1418361672.032081 3.92 3.334396 0.0 0.0 0.0 1.0 4.437935 2.0 0.0 0.0 0.0 0.0 0.0
-1 1418361672.531817 0.0 0.0 0.0 0.0 1.96 0.0 0.8816 1.96 1.0 1.0 0.0 1.0 0.0
-1 1418361672.878755 0.0 0.0 3.8816 1.0 2.96 1.0 0.0 0.0 0.0 1.0 0.0 1.0 0.0
-1 1418361673.294289 0.0 1.0 0.0 1.0 0.0 1.0 1.0 0.0 0.0 1.0 0.0 0.0 0.0
-1 1418361673.581273 1.766336 0.0 0.0 0.0 1.846336 1.0 0.229757 0.0 0.0 1.0 1.0 1.846336 1.0
-1 1418361673.884576 2.0 1.0 1.96 1.96 1.0 0.0 3.766336 1.0 1.0 0.0 1.96 0.0 1.96
-1 1418361674.415036 4.575683 4.615683 3.8816 3.8816 1.8816 4.766336 3.7632 4.575683 0.8816 2.766336 3.8816 2.577283 3.8816
-1 1418361674.661082 0.0 0.0 1.0 1.0 0.0 1.0 0.0 0.0 1.0 2.766336 2.0 0.0 2.0
-1 1418361675.056224 0.0 1.0 2.667855 1.0 1.0 1.0 1.0 0.0 0.0 1.0 1.0 1.0 1.0
-1 1418361675.500510 1.0 2.0 0.0 0.0 0.0 0.0 2.0 1.0 2.0 0.0 0.0 0.0 0.0
-1 1418361675.816668 0.0 0.0 1.0 1.0 1.0 1.0 0.0 0.0 0.0 1.0 1.0 1.0 1.0
-1 1418361676.230663 0.695683 0.0 2.0 3.8816 2.0 1.695683 0.0 0.695683 0.8816 2.695683 1.8816 1.0 1.8816
-1 1418361676.556527 2.0 2.0 2.8816 0.8816 0.8816 1.8816 2.8816 2.0 1.0 0.8816 2.8816 0.8816 2.8816
-1 1418361676.946584 1.0 0.0 1.96 1.0 1.0 1.96 2.511055 1.0 1.0 1.96 0.0 1.0 0.0
-1 1418361677.356569 1.846336 1.846336 1.846336 1.0 1.0 1.0 1.846336 1.846336 3.846336 2.565318 1.0 1.96 1.0
-1 1418361677.661141 0.0 1.766336 1.0 0.0 0.0 0.0 1.398671 0.0 0.0 0.0 1.0 0.0 1.0
-1 1418361678.034390 1.0 0.0 2.695683 0.0 2.96 0.0 1.0 1.0 1.0 1.766336 1.0 1.0 1.0
-1 1418361678.567368 1.8816 1.0 1.0 1.0 0.0 0.0 5.429455 1.8816 2.695683 0.0 1.0 0.0 1.0
-1 1418361678.860248 0.0 0.0 1.0 1.0 1.0 1.0 1.0 0.0 2.0 1.0 1.0 1.0 1.0
-1 1418361679.381801 0.0 0.0 3.8816 0.0 4.727936 0.8816 0.0 0.0 0.0 0.8816 0.0 2.8816 0.0
-1 1418361679.657252 1.0 1.8816 3.0 1.0 3.0 1.96 1.286546 1.0 1.0 2.96 1.0 3.96 1.0
-1 1418361680.008125 0.0 0.0 1.0 1.8816 0.0 1.0 2.8816 0.0 0.0 0.8816 2.8816 0.0 2.8816
-1 1418361680.289414 2.0 1.0 1.0 1.0 1.0 1.0 1.0 2.0 2.0 1.0 3.96 1.0 3.96
-1 1418361680.622499 0.0 1.0 2.0 2.0 2.0 1.0 1.0 0.0 0.0 1.0 2.0 1.0 2.0
-1 1418361680.905118 1.0 1.0 2.0 1.0 2.0 1.0 1.0 1.0 2.96 1.0 1.0 1.0 1.0
-1 1418361681.410491 1.0 1.0 1.772483 1.0 0.0 0.0 2.0 1.0 2.0 1.0 0.0 0.0 0.0
-1 1418361681.657103 0.0 1.0 1.0 2.0 1.0 2.96 2.96 0.0 0.0 1.96 1.8816 1.0 1.8816
-1 1418361682.031745 0.0 0.0 1.0 1.0 1.0 0.0 0.0 0.0 0.0 0.0 3.96 1.0 3.96
-1 1418361682.574600 0.0 0.0 0.0 1.96 0.0 1.0 0.0 0.0 1.96 0.8816 1.0 0.0 1.0
-1 1418361682.845329 0.0 0.0 1.0 0.0 0.0 0.0 0.0 0.0 1.0 0.0 0.0 0.0 0.0
-1 1418361683.232650 1.0 1.0 2.0 4.92 2.0 2.0 1.0 1.0 1.0 3.701583 5.661583 2.96 5.661583
-1 1418361683.647265 0.0 0.0 1.96 0.0 0.0 0.0 0.0 0.0 2.0 0.0 0.0 0.0 0.0
-1 1418361683.930919 2.0 5.861008 5.621583 3.96 2.96 3.0 7.609536 2.0 2.0 4.96 3.96 2.96 3.96
-1 1418361684.479203 1.96 3.306567 1.96 1.0 1.96 1.450613 2.655683 1.96 1.96 0.0 0.0 1.96 0.0
-1 1418361684.723110 0.0 0.0 1.96 4.8416 1.0 2.96 0.0 0.0 0.0 2.96 3.92 2.0 3.92
-1 1418361685.126897 0.0 0.0 0.0 1.0 0.0 0.0 0.0 0.0 1.96 0.0 0.0 0.0 0.0
-1 1418361685.634191 2.0 2.0 2.96 3.8816 3.92 2.96 2.0 2.0 2.0 2.96 2.0 3.92 2.0
-1 1418361685.975685 1.0 1.0 3.0 1.0 1.96 2.96 1.0 1.0 0.0 1.96 1.0 1.96 1.0
-1 1418361686.322258 2.96 3.8816 2.0 1.0 1.0 1.0 4.727936 3.647936 1.0 1.0 1.0 1.0 1.0
-1 1418361686.632778 1.0 1.0 1.0 1.0 1.0 0.0 1.0 1.0 1.278278 0.0 0.0 1.0 0.0
-1 1418361687.085546 0.0 0.0 3.846336 1.8816 1.0 0.8816 0.0 0.0 0.8816 1.8816 1.8816 1.0 1.8816
-1 1418361687.578992 1.0 0.0 1.59512 2.0 1.0 2.0 0.0 1.0 0.0 0.0 0.0 1.0 0.0
-1 1418361687.979071 1.0 1.0 1.0 0.0 1.8816 1.0 2.96 1.0 1.0 2.96 0.0 1.8816 0.0
-1 1418361688.269006 1.96 0.0 1.0 2.0 1.0 1.0 0.0 1.0 1.0 1.0 1.96 1.0 1.96
-1 1418361688.658766 2.0 2.0 2.0 2.0 0.0 0.0 2.8816 3.96 2.0 2.96 0.0 0.0 0.0
-1 1418361688.919933 1.0 1.0 1.579241 1.0 2.0 1.0 1.0 1.0 1.0 2.0 1.0 1.0 1.0
-1 1418361689.322685 0.0 0.0 0.0 0.0 0.0 0.0 0.0 0.0 0.0 0.0 1.0 0.0 1.0
-1 1418361689.666579 3.0 3.96 2.96 1.0 0.0 0.0 4.0 4.0 4.0 2.0 1.0 0.0 1.0
-1 1418361689.961582 0.0 0.8816 2.0 1.0 2.0 1.0 0.0 0.0 1.0 2.0 1.0 1.8816 1.0
-1 1418361690.374745 1.0 1.0 2.497095 1.0 0.0 1.96 1.0 2.0 1.0 4.627855 1.0 0.0 1.0
-1 1418361690.727489 1.0 2.0 1.96 0.0 0.0 0.0 3.627855 2.667855 5.890533 0.0 0.0 1.587855 0.0
-1 1418361691.118828 1.0 0.0 1.0 3.846336 2.0 1.0 0.0 1.0 0.0 1.846336 1.0 2.0 1.0
-1 1418361691.531710 2.0 2.0 0.524341 0.0 0.0 0.0 1.0 1.0 1.96 1.0 0.524341 0.0 0.524341
-1 1418361691.792524 1.0 1.0 1.0 1.0 1.0 1.0 3.8816 2.96 1.0 1.0 1.0 1.0 1.0
-1 1418361692.215877 1.96 0.0 2.96 1.0 2.0 2.0 1.772483 1.96 0.0 2.0 1.0 2.0 1.0
-1 1418361692.672336 2.0 1.96 1.0 0.0 0.0 0.0 4.428599 1.0 0.0 0.0 0.0 0.0 0.0
-1 1418361693.058071 1.0 0.0 1.96 1.96 2.96 1.96 0.695683 1.0 0.0 2.0 1.0 2.8816 1.0
-1 1418361693.592553 0.0 0.0 1.0 1.0 1.0 0.0 1.0 0.0 1.766336 0.0 0.0 1.0 0.0
-1 1418361693.849076 0.0 1.0 0.0 0.0 0.0 0.695683 1.0 1.0 2.0 0.695683 0.0 0.0 0.0
-1 1418361694.217621 1.0 1.0 3.695683 2.0 2.0 3.695683 1.0 0.0 0.0 2.0 2.0 2.0 2.0
-1 1418361694.689484 4.615683 3.248033 1.0 2.0 0.0 1.0 2.96 4.615683 2.96 1.0 2.0 0.0 2.0
-1 1418361694.941852 1.0 1.0 1.0 0.0 1.0 0.0 1.0 1.0 2.8816 0.0 0.0 0.0 0.0
-1 1418361695.452194 0.0 0.0 1.0 0.0 1.0 0.0 0.0 0.0 0.0 2.96 1.0 0.0 1.0
-1 1418361695.777738 2.0 2.96 0.0 0.8816 0.0 0.0 2.0 2.0 1.0 0.0 0.8816 0.0 0.8816
-1 1418361696.089371 2.0 1.0 0.0 0.0 0.0 0.0 1.0 0.0 0.0 0.0 0.0 0.0 0.0
-1 1418361696.406104 0.0 0.0 3.8816 2.0 2.0 2.846336 1.0 0.0 0.0 3.8816 2.0 2.0 2.0
-1 1418361696.770483 2.0 1.0 0.903812 0.0 0.0 0.0 1.0 2.0 1.0 1.96 0.0 1.0 0.0
-1 1418361697.092260 0.0 0.0 1.0 1.8816 1.0 2.8816 2.0 0.0 0.0 3.7632 1.0 1.0 1.0
-1 1418361697.681526 1.0 0.0 0.0 0.0 0.0 0.0 0.0 1.0 0.8816 2.96 0.0 0.0 0.0
-1 1418361697.996673 2.561141 3.8416 1.0 0.0 0.0 0.0 3.621583 1.96 2.695683 0.0 0.0 0.0 0.0
-1 1418361698.320448 4.055905 1.772483 3.303617 2.96 2.601141 0.601141 4.079557 4.055905 4.654083 3.234189 2.96 2.601141 2.96
-1 1418361698.643932 0.0 0.0 1.0 1.0 2.0 2.0 0.0 0.0 2.0 2.0 1.0 2.0 1.0
-1 1418361698.893466 2.0 4.275789 1.0 0.0 0.0 0.0 6.045261 2.645043 2.0 2.0 0.0 0.0 0.0
-1 1418361699.273846 0.0 0.0 1.0 1.0 1.0 1.0 1.0 0.0 0.0 1.0 1.0 1.0 1.0
-1 1418361699.682749 0.0 0.0 1.0 1.96 1.96 0.0 0.0 0.0 1.0 0.0 0.0 1.96 0.0
-1 1418361699.949072 3.0 5.615683 3.0 1.0 2.0 1.0 6.431055 4.8416 4.982115 2.0 1.0 1.0 1.0
-1 1418361700.404461 0.0 0.0 0.0 1.0 0.0 1.0 0.0 1.0 0.0 1.0 0.0 0.0 0.0
-1 1418361700.824178 0.0 1.0 0.0 1.0 0.0 0.0 2.321811 0.772483 0.0 0.0 0.0 0.0 0.0
-1 1418361701.200296 0.0 0.695683 0.0 0.0 0.0 1.0 1.695683 0.0 1.0 1.0 0.0 0.0 0.0
-1 1418361701.644395 0.0 0.0 1.0 1.0 2.766336 1.0 1.0 0.0 1.0 1.0 2.0 2.0 2.0
-1 1418361701.918656 0.0 0.8816 1.8816 1.0 1.8816 1.8816 0.0 0.0 1.0 1.8816 1.0 1.8816 1.0
-1 1418361702.344657 0.0 0.0 1.402344 0.8816 0.0 1.0 2.766336 1.0 0.0 0.772483 0.8816 0.0 0.8816
-1 1418361702.742648 0.0 1.0 0.0 0.0 0.0 0.0 1.0 1.0 1.0 0.0 0.0 1.0 0.0
-1 1418361703.036854 0.0 1.0 1.0 1.0 1.0 1.0 1.0 0.0 2.8816 2.8816 1.0 1.0 1.0
-1 1418361703.683247 0.0 0.8816 1.0 1.0 0.0 1.0 1.654083 0.0 1.0 0.0 0.0 0.0 0.0
-1 1418361703.915029 1.0 2.8816 1.0 1.0 0.0 0.0 2.8816 2.0 2.0 1.0 0.0 0.0 0.0
-1 1418361704.281398 1.334396 0.0 0.0 0.0 0.0 1.0 1.661583 0.0 1.0 2.0 0.0 1.0 0.0
-1 1418361704.738803 0.0 0.0 1.0 2.0 1.0 2.0 1.846336 2.51512 0.0 2.0 2.0 1.0 2.0
-1 1418361704.990430 0.0 1.96 1.0 0.0 1.0 0.0 1.96 0.0 0.0 1.0 0.0 0.0 0.0
-1 1418361705.434476 0.0 0.0 2.8816 1.0 0.0 0.0 0.0 0.0 1.0 2.96 1.96 0.0 1.96
-1 1418361705.803350 1.0 2.0 2.0 2.0 2.0 1.0 3.0 1.0 2.511055 1.8816 2.8816 1.0 2.8816
-1 1418361706.068835 0.0 1.0 2.017367 0.0 0.0 2.8816 1.96 0.0 0.0 1.0 0.0 0.0 0.0
-1 1418361706.365531 2.741583 0.8816 0.0 1.0 0.0 0.8816 1.661583 2.661583 1.0 0.0 1.0 0.0 1.0
-1 1418361706.709368 1.96 0.8816 0.0 0.443233 0.0 0.0 4.078284 2.8816 1.8816 0.0 0.0 0.0 0.0
-1 1418361706.962438 0.0 1.96 0.0 1.0 0.0 2.0 1.96 0.0 0.0 2.846336 1.0 0.0 1.0
-1 1418361707.389088 1.0 1.0 2.0 0.0 1.0 1.8816 2.0 1.0 1.0 2.0 0.0 2.0 0.0
-1 1418361707.790307 1.0 0.0 0.772483 0.0 0.0 0.0 3.96 0.0 0.375285 0.0 0.0 1.96 0.0
-1 1418361708.100666 1.96 2.96 0.0 1.0 0.0 1.0 1.0 2.96 0.0 0.0 0.0 0.0 0.0
-1 1418361708.521375 0.0 0.0 0.0 0.8816 0.0 1.0 2.0 1.0 0.0 1.8816 0.8816 0.0 0.8816
-1 1418361708.889820 0.0 0.0 1.695683 0.0 1.0 0.0 1.0 0.8816 0.0 0.0 0.0 1.0 0.0
-1 1418361709.404475 0.8816 0.8816 0.8816 2.7632 0.0 0.0 0.8816 0.8816 2.8816 0.8816 1.8816 0.0 1.8816
-1 1418361709.829411 0.0 0.0 0.0 1.0 1.0 1.0 0.0 0.0 0.0 1.0 1.0 1.0 1.0
-1 1418361710.182878 4.96 2.96 0.0 0.0 0.0 0.0 4.615683 4.772483 0.0 0.0 0.0 0.0 0.0
-1 1418361710.765810 1.0 0.8816 1.0 2.0 1.0 2.96 2.8816 1.0 1.085506 2.846336 2.0 1.0 2.0
-1 1418361711.004173 1.0 1.0 5.370613 2.450613 1.0 1.0 1.0 1.0 1.094076 2.450613 2.667855 1.0 2.667855
-1 1418361711.469811 0.0 0.0 1.0 1.0 0.0 1.0 0.0 0.0 0.0 1.0 1.0 1.0 1.0
-1 1418361711.868744 0.0 1.0 3.118858 0.0 0.0 0.0 0.0 0.0 0.0 0.0 0.0 0.0 0.0
-1 1418361712.160418 1.0 2.0 0.0 0.0 0.0 0.0 2.0 0.0 0.0 0.0 0.0 0.0 0.0
-1 1418361712.594626 1.0 1.0 1.0 0.0 1.0 1.0 1.0 1.0 1.0 1.0 0.0 1.0 0.0
-1 1418361713.132201 1.0 1.0 1.96 1.96 1.0 1.766336 1.0 1.0 0.0 1.8816 1.96 0.0 1.96
-1 1418361713.436637 3.766336 1.0 1.0 0.0 0.0 0.0 1.0 2.8816 1.766336 0.8816 0.0 2.772483 0.0
-1 1418361713.772600 0.0 1.0 0.0 0.0 0.0 0.0 1.0 0.0 0.0 0.8816 0.0 0.0 0.0
-1 1418361714.029231 0.0 2.0 0.0 2.96 0.0 2.96 1.0 0.0 0.0 3.96 1.96 0.0 1.96
-1 1418361714.373334 0.0 0.0 0.0 1.0 1.0 0.0 0.601141 0.0 0.0 0.0 0.0 1.0 0.0
-1 1418361714.698353 3.0 2.0 0.0 0.0 0.0 0.0 3.846336 2.0 3.0 0.0 1.0 0.0 1.0
-1 1418361715.023767 0.8816 3.8416 1.0 0.0 1.96 1.0 2.96 1.0 0.0 1.0 0.0 0.0 0.0
-1 1418361715.478023 1.0 1.0 2.8816 1.0 0.0 0.0 1.0 1.0 2.96 1.0 1.0 0.0 1.0
-1 1418361715.924600 0.0 0.0 2.0 1.0 2.0 1.0 0.695683 0.0 0.0 1.0 1.0 1.0 1.0
-1 1418361716.253170 0.0 0.0 2.96 4.8416 1.96 1.96 0.0 0.0 1.587855 1.96 1.0 1.96 1.0
-1 1418361716.785181 0.0 0.0 1.0 1.0 1.0 2.0 0.0 0.0 0.0 1.96 2.0 0.0 2.0
-1 1418361717.080543 0.0 1.0 1.0 1.96 1.0 1.0 1.0 0.0 0.0 2.0 2.96 1.0 2.96
-1 1418361717.689481 1.0 0.0 0.8816 0.0 1.0 0.0 0.0 1.0 0.0 0.772483 0.0 0.0 0.0
-1 1418361717.995203 2.846336 2.96 2.8816 1.0 1.0 1.0 2.96 2.846336 3.8816 1.96 2.0 1.0 2.0
-1 1418361718.395144 5.8416 4.484341 3.96 1.0 0.0 0.0 7.365941 4.92 4.92 2.0 2.0 0.0 2.0
-1 1418361718.891364 1.0 0.0 0.0 0.0 0.0 0.0 0.0 1.0 1.0 2.655683 1.0 0.0 1.0
-1 1418361719.202559 3.0 2.0 1.96 1.0 1.0 1.0 2.0 4.0 2.0 1.0 1.0 1.0 1.0
-1 1418361719.769174 1.0 0.0 2.655683 0.0 0.0 0.0 0.0 1.0 0.0 0.0 0.0 0.0 0.0
-1 1418361720.029534 2.732483 1.96 1.0 1.0 0.0 2.0 3.726336 1.96 2.661583 2.0 0.0 0.0 0.0
-1 1418361720.487042 2.370613 0.0 0.0 0.0 0.0 2.414515 1.124197 0.0 1.667855 2.066763 0.0 0.8816 0.0
-1 1418361720.941322 0.0 0.0 1.0 0.0 0.0 1.0 4.664502 0.0 1.0 2.766336 1.0 0.0 1.0
-1 1418361721.242575 0.8816 1.989821 2.0 1.0 2.8816 1.0 5.05231 0.0 4.357266 2.0 1.0 2.8816 1.0
-1 1418361721.781078 0.0 0.0 3.96 1.96 2.8816 1.96 0.0 0.0 0.0 1.0 1.0 1.0 1.0
-1 1418361722.024479 0.0 0.0 0.0 0.0 0.0 0.0 0.0 0.0 1.8816 0.0 1.0 0.0 1.0
-1 1418361722.335035 2.0 1.0 2.0 1.0 1.8816 1.0 1.0 1.0 1.0 1.0 1.0 1.8816 1.0
-1 1418361722.781218 2.0 2.8816 1.0 0.0 0.67192 0.0 2.8816 2.0 4.766336 2.647936 0.0 0.67192 0.0
-1 1418361723.041279 1.0 1.0 1.0 1.0 0.0 0.0 3.96 1.0 1.0 0.0 1.0 0.0 1.0
-1 1418361723.488828 0.0 0.0 0.8816 1.0 1.0 0.0 1.0 0.0 1.96 1.0 1.0 1.0 1.0
-1 1418361724.169105 1.0 1.601141 1.0 3.8416 1.0 3.8416 1.601141 1.0 2.8816 4.687936 3.8416 1.8816 3.8416
-1 1418361724.407915 0.0 1.0 3.045261 0.695683 0.0 3.8416 1.0 1.0 0.772483 3.0 0.0 0.0 0.0
-1 1418361724.675046 2.0 1.0 2.96 1.96 0.0 1.0 1.0 1.0 2.96 2.0 1.0 1.0 1.0
-1 1418361725.051351 1.0 1.0 1.194975 1.0 0.0 2.0 1.0 1.0 1.0 2.0 1.0 0.0 1.0
-1 1418361725.373761 1.0 1.0 0.0 0.0 1.0 0.0 1.0 1.0 2.0 0.0 0.0 1.0 0.0
-1 1418361725.772514 0.0 0.0 0.0 0.0 0.0 0.0 0.0 0.0 6.395027 0.8816 1.0 1.0 1.0
-1 1418361726.058762 1.0 1.96 1.96 0.0 0.0 0.0 1.96 1.0 1.0 0.0 0.0 0.0 0.0
-1 1418361726.391555 2.0 1.0 1.8816 0.0 0.0 2.0 1.0 1.0 1.0 3.0 0.8816 1.0 0.8816
-1 1418361726.906943 0.0 2.150944 2.8816 0.0 0.0 0.0 0.0 0.0 0.695683 0.0 0.0 1.0 0.0
-1 1418361727.179707 1.202061 1.0 0.0 0.0 0.0 0.0 1.741583 0.0 0.0 2.0 1.0 2.0 1.0
-1 1418361727.588905 0.0 0.0 1.0 1.524341 1.0 1.0 1.0 0.0 0.0 2.661583 1.8816 1.0 1.8816
-1 1418361727.970691 0.0 0.0 0.0 0.0 0.0 1.0 1.96 0.0 0.0 1.0 0.0 0.0 0.0
-1 1418361728.259086 0.0 1.0 1.695683 0.0 1.0 2.0 2.766336 0.0 1.7632 2.0 1.0 1.0 1.0
-1 1418361728.818083 0.0 0.0 0.8816 0.0 0.0 0.0 3.252213 0.772483 3.312589 0.8816 0.0 0.0 0.0
-1 1418361729.076592 1.0 2.0 0.772483 0.0 0.0 0.772483 2.0 1.0 0.0 1.766336 0.0 0.8816 0.0
-1 1418361729.469532 1.96 0.0 4.92 1.96 1.96 1.96 1.96 1.0 0.0 1.96 1.96 1.96 1.96
-1 1418361729.909874 1.766336 2.51512 1.0 0.8816 1.0 0.0 2.51512 2.766336 0.8816 0.772483 0.0 0.0 0.0
-1 1418361730.167429 2.0 2.0 2.96 2.0 1.96 2.96 2.0 2.0 2.0 3.96 1.0 1.96 1.0
-1 1418361730.562799 0.0 1.96 1.772483 4.615683 0.0 0.695683 1.0 0.0 0.0 0.0 4.615683 0.0 4.615683
-1 1418361731.035418 2.0 0.0 1.0 1.0 1.0 1.0 0.443233 1.96 1.0 1.0 1.0 0.0 1.0
-1 1418361731.295320 1.0 0.0 0.0 1.846336 1.846336 0.0 0.0 1.0 0.0 0.0 1.8816 1.0 1.8816
-1 1418361731.822316 1.0 1.0 1.0 1.8816 1.0 0.0 1.0 0.0 0.8816 0.0 0.0 0.0 0.0
-1 1418361732.145950 1.0 0.0 1.0 1.846336 1.0 1.846336 0.8816 0.0 0.0 3.766336 1.846336 1.846336 1.846336
-1 1418361732.498532 0.0 0.8816 4.59512 1.0 1.0 1.0 1.654083 0.0 0.772483 3.766336 0.0 2.0 0.0
-1 1418361733.033046 3.96 1.0 0.0 0.0 1.0 1.0 2.96 3.96 1.0 1.0 0.0 1.0 0.0
-1 1418361733.440146 2.772483 0.0 0.0 0.0 1.0 0.0 1.96 1.96 1.96 0.0 0.0 1.0 0.0
-1 1418361733.750925 0.0 0.0 1.0 0.0 1.0 0.0 0.0 0.0 0.0 0.0 0.0 0.0 0.0
-1 1418361734.101526 1.96 1.96 1.0 1.772483 1.0 2.0 2.8416 1.96 4.8416 1.0 1.772483 1.0 1.772483
-1 1418361734.424197 0.0 1.0 1.0 1.0 1.8816 2.8816 2.0 1.0 0.0 2.846336 2.846336 1.8816 2.846336
-1 1418361734.839184 1.0 1.0 0.0 0.0 0.0 0.8816 1.0 1.0 1.8816 0.0 0.0 0.0 0.0
-1 1418361735.125267 0.0 0.0 0.695683 1.0 1.0 1.0 1.0 0.0 0.0 0.0 0.0 0.0 0.0
-1 1418361735.547622 0.0 0.0 1.0 0.0 1.432589 0.0 1.0 0.0 0.0 0.0 0.0 1.0 0.0
-1 1418361736.004818 0.0 0.0 0.0 0.0 1.96 0.0 0.8816 0.0 5.8416 0.0 0.8816 0.0 0.8816
-1 1418361736.237394 1.96 0.0 2.8416 1.0 1.96 1.96 0.0 0.0 0.695683 1.96 1.0 1.96 1.0
-1 1418361736.595587 1.96 2.96 0.0 0.0 0.0 0.0 2.96 1.96 0.0 0.0 0.0 0.0 0.0
-1 1418361737.057470 0.0 0.0 1.0 1.0 0.0 1.0 0.0 0.524341 1.0 3.0 1.0 1.0 1.0
-1 1418361737.392150 0.0 0.0 0.0 0.0 0.0 0.8816 1.0 0.0 2.0 0.8816 0.0 0.0 0.0
-1 1418361737.978251 1.0 1.846336 1.0 0.8816 0.0 0.8816 1.0 2.0 2.96 0.8816 1.0 0.0 1.0
-1 1418361738.230537 1.0 2.0 2.0 1.0 1.0 1.0 2.0 1.0 2.491315 1.0 1.0 1.0 1.0
-1 1418361738.785306 1.0 2.0 2.766336 2.766336 1.8816 4.8816 2.96 1.0 1.0 4.8816 2.766336 2.8816 2.766336
-1 1418361739.165180 0.0 0.0 1.0 2.0 1.0 2.772483 0.0 0.0 0.0 5.766336 1.0 1.0 1.0
-1 1418361739.604730 1.0 0.0 1.0 0.0 0.0 0.0 0.0 1.0 1.0 0.0 0.0 0.0 0.0
-1 1418361740.022617 1.0 1.0 1.0 3.0 1.0 2.0 1.8816 1.0 2.0 2.0 2.0 1.0 2.0
-1 1418361740.257095 0.0 0.0 0.0 1.0 1.0 0.0 0.0 0.0 0.0 1.0 1.0 1.0 1.0
-1 1418361740.625740 0.0 2.0 0.0 0.0 0.0 0.0 1.0 0.0 0.0 0.601141 0.0 0.0 0.0
-1 1418361741.128355 5.8416 4.92 3.8816 2.96 1.0 0.8816 4.96 4.92 5.726336 5.8416 1.0 1.0 1.0
-1 1418361741.531108 0.0 0.0 1.96 0.8816 0.0 2.8816 0.0 0.0 0.0 1.0 0.8816 0.0 0.8816
-1 1418361742.037213 0.0 0.0 0.0 0.0 1.0 0.772483 0.0 0.0 0.0 1.0 0.0 0.0 0.0
-1 1418361742.268597 0.0 0.0 1.0 1.0 1.0 1.0 1.741583 0.0 0.8816 1.0 1.0 1.0 1.0
-1 1418361742.513997 4.766336 2.766336 0.0 0.0 0.0 0.0 4.778412 3.726336 0.0 0.0 0.0 0.0 0.0
-1 1418361742.787249 2.0 1.0 1.0 0.0 0.0 1.0 1.0 1.0 1.0 2.0 0.0 0.0 0.0
-1 1418361743.071093 0.0 0.0 1.0 1.0 1.0 2.0 0.0 0.0 0.0 2.0 2.0 1.0 2.0
-1 1418361743.304473 0.450613 0.0 1.7632 0.0 0.8816 0.0 0.8816 0.0 0.0 0.8816 0.0 0.0 0.0
-1 1418361743.668925 2.96 2.96 0.0 0.0 0.0 0.0 3.67192 2.96 4.8816 1.96 0.0 0.0 0.0
-1 1418361744.146928 0.0 0.0 3.8816 2.96 3.96 2.0 1.7632 0.0 0.0 4.8416 2.96 3.96 2.96
-1 1418361744.435130 0.0 0.0 1.0 0.0 1.0 1.0 1.0 0.0 2.0 0.0 0.0 1.0 0.0
-1 1418361744.862270 0.0 0.0 1.0 0.0 1.0 0.0 1.0 0.0 1.0 0.0 0.0 1.96 0.0
-1 1418361745.230464 1.0 1.0 2.349578 1.96 1.96 1.0 2.695683 1.0 1.601141 1.0 1.0 1.96 1.0
-1 1418361745.597311 1.0 1.0 2.0 0.0 1.96 2.0 1.0 2.0 1.0 1.0 0.0 0.0 0.0
-1 1418361746.063669 1.0 1.0 1.0 0.0 0.0 1.0 1.0 1.0 2.0 0.0 0.8816 0.0 0.8816
-1 1418361746.296565 2.0 2.96 1.0 1.0 1.0 1.0 3.92 2.0 1.0 1.0 1.0 1.0 1.0
-1 1418361746.689055 0.8816 1.96 0.0 0.0 0.0 0.0 3.8816 0.0 1.846336 0.0 0.0 0.0 0.0
-1 1418361747.131816 0.0 1.0 0.0 0.0 0.0 0.0 1.0 0.0 0.0 0.0 1.0 1.0 1.0
-1 1418361747.416990 0.0 0.991019 1.257596 0.0 1.0 0.0 1.991019 0.0 1.8816 0.0 0.0 1.0 0.0
-1 1418361747.763555 1.0 1.0 1.772483 0.0 0.0 0.0 0.0 0.0 0.0 0.0 0.0 0.0 0.0
-1 1418361748.141185 0.0 0.0 0.0 0.0 0.0 0.0 0.0 0.0 1.0 0.0 0.0 0.0 0.0
-1 1418361748.401002 0.0 1.0 0.0 0.0 0.0 0.0 1.0 0.0 0.0 1.0 0.8816 0.0 0.8816
-1 1418361748.770438 0.0 0.0 0.524341 0.0 0.0 0.0 0.0 0.0 0.0 0.0 0.0 0.0 0.0
-1 1418361749.206377 2.8816 1.96 0.0 0.0 0.0 1.0 2.326433 2.96 1.96 1.0 0.0 1.0 0.0
-1 1418361749.490988 2.0 2.991019 3.0 2.0 2.96 2.0 2.0 3.153978 3.96 2.0 2.0 2.0 2.0
-1 1418361750.091714 1.0 0.524341 1.0 1.0 1.0 1.0 2.8416 1.0 0.0 1.0 1.0 1.0 1.0
-1 1418361750.320509 0.0 0.772483 2.695683 1.661583 0.0 1.661583 0.0 1.0 0.0 0.0 0.0 0.0 0.0
-1 1418361750.728748 1.954012 1.0 1.491315 0.0 0.0 1.0 2.96 0.0 1.0 1.0 0.0 0.0 0.0
-1 1418361751.163506 0.0 0.0 1.96 1.0 1.0 0.0 1.96 0.0 0.0 0.0 1.0 0.0 1.0
-1 1418361751.462232 2.0 1.846336 0.0 0.0 1.0 1.0 0.772483 2.0 2.0 1.0 2.0 1.0 2.0
-1 1418361752.042247 0.0 0.0 2.846336 0.0 3.0 0.0 0.0 0.0 0.8816 0.0 0.0 0.0 0.0
-1 1418361752.437134 0.0 0.8816 1.0 1.0 1.96 2.8816 1.8816 0.0 1.0 2.96 1.0 1.96 1.0
-1 1418361752.754899 2.766336 4.92 1.0 1.0 1.0 0.0 5.92 1.96 1.0 2.0 1.0 1.0 1.0
-1 1418361753.098836 0.0 0.0 0.0 2.0 2.0 1.0 2.96 0.0 0.0 0.0 1.0 1.0 1.0
-1 1418361753.346307 0.0 0.0 0.0 0.0 1.0 0.0 0.0 0.0 0.0 0.0 0.0 0.0 0.0
-1 1418361753.767079 0.0 0.0 1.0 4.695683 1.695683 3.695683 1.0 0.0 0.0 6.471055 2.846336 1.695683 2.846336
-1 1418361754.164095 0.0 0.0 0.0 0.0 0.0 0.0 0.0 0.0 1.129746 0.0 0.0 0.0 0.0
-1 1418361754.416028 1.0 1.0 2.0 1.0 1.0 1.0 1.0 1.0 2.846336 1.0 2.0 1.0 2.0
-1 1418361754.820250 1.0 0.8816 0.695683 0.0 0.0 1.0 0.0 0.0 0.0 1.0 0.0 0.0 0.0
-1 1418361755.259321 0.0 0.0 0.0 1.0 0.0 0.0 0.0 0.0 4.615683 0.0 1.0 0.0 1.0
-1 1418361755.556406 1.0 1.0 0.0 1.846336 0.0 1.846336 0.0 0.0 2.0 2.59512 1.0 0.0 1.0
-1 1418361756.036806 1.0 1.0 3.0 1.0 1.0 1.0 1.0 1.0 2.0 1.8816 1.0 1.0 1.0
-1 1418361756.328619 0.0 0.0 2.772483 0.0 0.0 0.0 0.0 0.0 1.0 0.0 0.0 0.0 0.0
-1 1418361756.662519 1.0 0.0 1.0 2.846336 0.0 0.0 0.0 0.0 0.8816 1.0 1.0 0.0 1.0
-1 1418361757.165875 1.0 0.0 0.0 0.0 1.0 0.0 1.0 1.0 0.0 0.0 1.0 0.0 1.0
-1 1418361757.410852 1.0 0.0 2.0 2.587855 2.8816 1.0 0.0 0.0 0.0 1.0 1.772483 1.96 1.772483
-1 1418361757.823731 0.0 0.0 1.96 0.0 1.0 0.8816 0.0 0.0 0.0 0.8816 0.0 1.0 0.0
-1 1418361758.183995 1.0 2.96 0.0 1.0 0.0 1.0 3.655683 0.0 0.0 0.0 0.0 0.0 0.0
-1 1418361758.463850 0.0 1.0 2.96 1.695683 1.96 1.0 1.0 0.0 0.0 1.96 1.0 2.8416 1.0
-1 1418361758.860691 3.256885 1.0 1.0 1.0 1.0 2.0 1.96 3.8416 2.96 2.0 1.0 1.0 1.0
-1 1418361759.257138 1.8816 0.8816 2.511055 1.0 0.0 1.0 0.8816 1.8816 1.654083 0.0 1.0 0.0 1.0
-1 1418361759.555646 2.432589 1.0 1.0 0.0 0.0 0.0 1.0 1.0 2.0 0.0 1.0 0.0 1.0
-1 1418361760.192269 1.0 1.0 0.0 0.0 0.0 0.0 1.96 0.0 1.0 1.96 0.0 0.0 0.0
-1 1418361760.440817 0.0 0.0 1.0 1.0 2.0 1.0 0.0 0.0 0.0 1.0 2.0 1.0 2.0
-1 1418361760.809729 1.7632 3.7632 1.0 0.0 1.0 1.0 1.7632 1.7632 0.8816 1.0 1.0 1.0 1.0
-1 1418361761.312070 5.343619 1.766336 0.8816 0.0 0.0 1.0 1.766336 5.343619 3.726336 0.8816 1.0 0.0 1.0
-1 1418361761.561886 0.0 0.0 0.8816 1.0 1.0 0.0 0.0 0.0 1.0 0.0 0.0 0.0 0.0
-1 1418361761.781333 1.0 1.8816 0.0 1.0 0.0 1.0 0.0 0.0 1.96 1.601141 0.0 0.0 0.0
-1 1418361762.101797 1.8816 1.8816 1.0 0.0 0.0 2.0 1.8816 1.8816 1.0 2.772483 0.0 0.0 0.0
-1 1418361762.382426 0.0 1.0 0.0 1.0 0.0 2.695683 0.0 0.0 0.0 1.846336 1.766336 0.0 1.766336
-1 1418361762.680406 2.846336 3.526643 2.0 1.0 1.0 1.0 2.645043 2.0 2.96 2.0 2.0 1.0 2.0
-1 1418361763.016839 1.0 2.0 2.0 0.0 0.0 0.0 3.587855 2.96 2.96 0.0 0.0 0.0 0.0
-1 1418361763.374599 0.0 0.0 0.0 0.0 0.0 1.0 0.090336 0.0 2.194975 1.8816 1.0 0.0 1.0
-1 1418361763.671009 1.0 0.0 2.275789 1.0 0.0 1.0 1.0 1.0 1.0 0.016608 1.0 0.0 1.0
-1 1418361764.141639 1.0 1.0 0.0 1.0 0.0 0.0 1.0 1.8816 0.8816 1.0 1.0 0.0 1.0
-1 1418361764.394869 0.0 0.59512 1.0 1.0 0.0 0.8816 0.0 0.0 1.0 2.313263 0.0 0.0 0.0
-1 1418361764.687380 0.0 0.0 1.0 0.0 1.0 0.772483 0.0 1.0 0.0 0.0 0.0 1.0 0.0
-1 1418361765.235295 1.0 1.0 1.8816 0.0 1.695683 1.96 1.0 1.96 1.0 2.96 0.0 1.0 0.0
-1 1418361765.447559 0.0 0.0 0.0 0.0 0.0 0.0 0.0 0.0 0.0 1.0 0.0 0.0 0.0
-1 1418361765.983024 0.0 0.0 0.772483 0.0 1.0 0.0 0.0 0.0 1.0 0.0 0.0 1.0 0.0
-1 1418361766.359037 0.8816 2.8416 1.0 0.0 1.0 0.0 2.8416 0.8816 0.8816 0.0 0.0 1.0 0.0
-1 1418361766.744314 0.0 0.0 0.0 0.0 0.0 1.96 2.444341 0.8816 0.0 1.0 0.0 0.0 0.0
-1 1418361767.333354 1.0 4.35354 0.8816 1.0 0.0 0.0 4.367781 1.667855 3.655683 1.0 1.0 0.0 1.0
-1 1418361767.634797 0.8816 0.0 0.0 0.0 1.0 0.0 1.0 0.0 1.96 1.766336 0.0 0.0 0.0
-1 1418361768.106033 2.0 1.59512 1.0 1.0 1.0 1.772483 3.511055 1.0 2.846336 3.615683 1.0 2.0 1.0
-1 1418361768.417695 1.0 2.96 0.0 0.0 0.0 1.0 1.0 1.0 2.0 0.0 0.0 0.0 0.0
-1 1418361768.705756 1.942399 0.695683 0.0 0.0 0.0 2.0 0.695683 0.0 1.0 1.0 0.0 0.0 0.0
-1 1418361769.240127 0.772483 0.0 2.0 0.0 2.0 2.0 1.0 1.511055 0.0 2.0 0.0 3.0 0.0
-1 1418361769.496239 0.0 0.0 1.0 0.0 0.0 1.0 0.0 0.0 0.0 1.96 0.0 0.0 0.0
-1 1418361769.985130 0.0 0.0 1.661583 1.587855 0.0 0.0 1.0 0.0 1.96 0.0 1.587855 0.0 1.587855
-1 1418361770.393630 0.0 0.0 0.0 0.0 0.0 0.0 1.511055 0.0 1.0 0.0 2.0 0.0 2.0
-1 1418361770.632632 3.0 1.0 1.0 2.0 1.0 1.0 2.0 3.0 2.96 1.0 2.0 2.96 2.0
-1 1418361770.902182 2.846336 2.846336 1.8816 0.8816 0.8816 0.8816 3.846336 3.846336 3.695683 0.8816 0.0 0.8816 0.0
-1 1418361771.259113 1.0 2.96 3.726336 0.695683 0.0 1.577283 2.96 1.0 1.0 1.577283 1.577283 1.391365 1.577283
-1 1418361771.515303 0.0 0.0 2.0 0.0 0.0 1.0 1.0 0.0 1.0 2.0 0.0 1.0 0.0
-1 1418361771.886798 1.0 1.0 1.0 1.0 1.0 0.0 1.0 1.0 0.0 1.0 1.0 0.0 1.0
-1 1418361772.305453 0.0 0.0 1.0 0.0 1.0 0.0 0.0 0.0 1.766336 0.0 1.0 0.0 1.0
-1 1418361772.532294 4.92 2.96 1.0 1.0 1.0 1.0 4.96 3.96 2.96 1.0 1.0 1.0 1.0
-1 1418361772.931283 3.0 0.0 1.0 0.0 0.0 0.0 1.0 1.96 3.846336 1.96 0.0 0.0 0.0
-1 1418361773.391689 0.0 1.0 3.0 0.0 0.0 0.0 1.96 0.0 0.0 0.0 0.0 0.0 0.0
-1 1418361773.675482 0.0 0.0 1.0 0.0 0.0 0.0 0.0 0.0 1.0 0.0 0.0 0.0 0.0
-1 1418361774.304295 3.511055 1.0 2.0 1.0 0.0 0.0 3.0 1.667855 1.667855 1.0 1.0 0.0 1.0
-1 1418361774.568745 1.0 3.0 1.846336 0.0 0.0 0.0 4.8816 1.0 1.0 2.846336 0.0 0.8816 0.0
-1 1418361774.942393 2.96 1.493451 2.96 3.0 2.0 2.0 1.493451 1.0 1.741583 6.655683 4.0 2.0 4.0
-1 1418361775.403271 0.0 0.8816 2.0 1.0 2.0 2.0 1.8816 0.0 0.0 1.0 1.0 2.0 1.0
-1 1418361775.709266 0.0 0.0 1.0 1.0 1.0 2.0 0.0 1.0 1.0 1.0 1.0 1.0 1.0
-1 1418361776.342790 0.0 0.0 1.0 0.0 0.0 0.0 1.0 0.0 3.96 2.0 0.0 0.0 0.0
-1 1418361776.578477 0.0 0.0 0.0 0.0 0.0 0.0 1.0 0.0 0.0 1.0 0.0 0.0 0.0
-1 1418361777.081165 0.0 0.8816 0.0 0.0 0.0 1.96 0.8816 0.0 0.0 1.0 0.0 1.0 0.0
-1 1418361777.485887 1.0 2.846336 2.0 1.0 0.0 0.0 1.846336 2.0 2.0 1.0 0.0 0.0 0.0
-1 1418361777.911791 0.0 1.0 0.0 1.0 1.0 0.0 1.0 0.0 1.0 0.0 0.0 1.0 0.0
-1 1418361778.354789 1.96 0.0 0.0 1.0 0.0 2.0 0.0 1.96 1.96 2.0 1.0 1.0 1.0
-1 1418361778.591694 2.0 4.0 0.0 0.0 0.375285 0.0 4.0 2.0 2.0 0.0 0.0 0.0 0.0
-1 1418361778.933089 2.59512 1.0 0.0 0.0 0.0 0.0 2.0 2.0 2.0 0.0 0.0 1.0 0.0
-1 1418361779.389582 1.766336 0.0 1.0 1.0 1.0 1.0 0.0 1.766336 0.0 1.0 1.0 2.0 1.0
-1 1418361779.624215 0.0 0.0 1.0 0.8816 0.0 1.766336 0.0 0.0 0.0 1.846336 0.0 0.0 0.0
-1 1418361780.067644 0.0 1.0 1.846336 1.0 0.0 1.846336 1.0 0.0 0.0 0.0 1.0 0.0 1.0
-1 1418361780.476964 1.0 1.0 0.0 1.0 0.0 0.0 1.0 1.0 1.0 0.0 0.0 1.0 0.0
-1 1418361780.725934 0.0 0.0 2.549455 0.0 0.8816 0.8816 1.0 0.0 0.0 0.8816 1.96 1.96 1.96
-1 1418361781.008731 1.96 0.0 2.766336 1.8816 3.8816 3.8816 0.0 0.0 2.96 2.846336 1.0 3.8816 1.0
-1 1418361781.307878 1.0 0.0 1.0 0.0 0.0 0.8816 2.0 0.0 2.0 2.8816 0.0 0.0 0.0
-1 1418361781.628746 2.0 1.0 3.0 3.96 3.8416 2.0 1.0 1.0 1.0 2.0 2.0 2.0 2.0
-1 1418361782.029638 0.0 0.0 4.766336 2.8816 4.8416 3.766336 0.544979 0.0 0.508463 5.497283 3.766336 3.8816 3.766336
-1 1418361782.463965 0.0 1.0 1.0 2.0 1.0 1.0 1.0 0.0 4.813669 1.0 1.0 1.0 1.0
-1 1418361782.762966 2.96 0.0 0.0 0.0 0.0 0.0 1.0 1.96 2.96 0.0 0.0 0.0 0.0
-1 1418361783.128550 0.0 0.0 2.0 1.0 0.8816 0.0 0.0 0.0 0.0 1.0 1.846336 1.8816 1.846336
-1 1418361783.585232 0.0 0.8816 0.0 0.298485 0.8816 0.298485 0.8816 2.0 0.0 0.0 0.0 1.8816 0.0
-1 1418361783.979206 1.0 1.0 2.0 1.0 2.0 1.0 2.0 1.0 1.0 2.0 1.0 2.0 1.0
-1 1418361784.480052 1.0 1.0 1.0 1.96 0.0 1.96 1.0 1.0 3.0 1.0 1.0 0.0 1.0
-1 1418361784.729889 1.0 2.0 0.153993 0.0 0.0 1.772483 0.0 1.0 0.0 1.772483 0.0 0.0 0.0
-1 1418361785.125873 1.766336 3.431055 1.0 1.96 0.0 0.0 3.431055 1.0 2.766336 0.0 1.0 0.0 1.0
-1 1418361785.558141 0.0 0.0 1.0 1.0 0.0 0.0 0.0 1.0 1.0 1.0 1.0 1.0 1.0
-1 1418361785.865748 0.0 0.0 1.96 1.0 2.0 1.0 1.0 0.0 0.0 1.96 1.0 2.0 1.0
-1 1418361786.264793 0.0 0.0 0.0 0.0 1.0 0.0 0.0 0.0 0.0 1.661583 0.0 0.0 0.0
-1 1418361786.567597 1.96 1.96 0.0 2.0 0.0 1.96 2.96 0.0 0.0 1.96 2.0 1.96 2.0
-1 1418361786.881811 0.0 0.0 1.7632 0.0 1.0 1.0 0.0 0.0 0.0 1.0 1.0 1.8816 1.0
-1 1418361787.434283 1.667855 1.0 1.0 1.8816 1.0 1.8816 2.0 0.0 2.96 1.8816 1.0 1.0 1.0
-1 1418361787.693763 1.7632 0.8816 1.524341 1.96 1.0 1.0 0.8816 0.8816 1.8816 1.96 1.96 2.0 1.96
-1 1418361788.236608 0.0 0.0 1.772483 2.0 2.0 2.96 0.0 0.0 0.0 1.96 2.0 0.0 2.0
-1 1418361788.618824 1.0 1.0 2.587855 2.7632 2.0 1.0 2.0 1.0 0.0 2.8816 2.0 2.0 2.0
-1 1418361788.943856 0.0 0.8816 1.8816 0.0 0.0 0.0 0.8816 0.0 0.0 1.0 0.0 1.0 0.0
-1 1418361789.471075 0.0 1.0 1.96 1.8816 1.96 1.0 1.0 0.0 0.0 2.0 1.0 0.0 1.0
-1 1418361789.700895 1.8816 4.8416 2.766336 0.0 0.0 2.0 3.8416 1.8816 1.8816 3.661583 0.0 0.0 0.0
-1 1418361790.241366 1.0 2.0 2.0 1.0 3.0 2.0 1.0 1.0 1.0 2.0 1.0 1.0 1.0
-1 1418361790.596466 1.0 2.0 3.8816 2.8816 3.8816 2.8816 2.0 2.0 2.96 2.8816 2.8816 2.8816 2.8816
-1 1418361790.820762 0.0 0.0 1.200997 0.0 0.0 0.0 0.0 0.0 2.0 1.8816 0.0 0.0 0.0
-1 1418361791.075812 2.0 1.0 2.0 2.0 2.0 1.0 2.0 2.0 1.0 1.0 1.0 2.0 1.0
-1 1418361791.331340 0.0 0.0 0.0 1.0 0.0 1.0 0.0 0.0 0.0 2.0 1.0 1.0 1.0
-1 1418361791.654558 1.0 0.0 1.67192 2.0 2.8816 1.0 1.96 1.96 0.0 1.0 1.0 1.96 1.0
-1 1418361792.014295 0.0 0.0 0.0 1.0 0.0 0.0 0.0 0.0 0.0 2.96 1.0 0.0 1.0
-1 1418361792.504840 0.0 0.0 2.0 2.0 4.0 1.0 0.0 0.0 0.0 1.0 1.0 4.0 1.0
-1 1418361792.739418 1.0 2.0 0.0 1.0 0.0 1.0 3.695683 1.0 1.0 1.0 0.0 0.8816 0.0
-1 1418361793.103990 1.0 1.0 0.695683 0.0 0.0 0.0 1.0 1.0 1.0 0.0 0.0 0.0 0.0
-1 1418361793.626541 0.0 0.0 0.0 1.0 1.0 1.0 0.0 0.0 2.0 0.0 0.0 1.0 0.0
-1 1418361793.900311 1.0 1.0 0.0 0.8816 0.0 0.0 1.0 1.0 2.0 0.0 0.0 0.0 0.0
-1 1418361794.411718 0.695683 1.0 0.0 0.0 0.0 0.0 1.0 0.0 0.695683 0.0 1.0 0.0 1.0
-1 1418361794.702218 1.0 0.0 0.8816 0.0 0.0 0.0 2.0 1.0 1.0 0.0 0.0 0.0 0.0
-1 1418361795.099266 2.0 2.8816 0.8816 0.0 0.0 0.0 6.7232 2.0 2.96 0.0 1.0 1.0 1.0
-1 1418361795.542776 0.0 0.0 0.8816 2.96 0.0 0.0 1.0 0.0 1.0 0.224757 0.8816 0.0 0.8816
-1 1418361795.771991 0.0 0.0 0.59512 2.336703 2.846336 1.0 0.0 0.0 1.0 2.524341 1.0 2.0 1.0
-1 1418361796.179478 2.8816 1.0 1.0 0.0 2.96 1.96 0.0 0.0 0.0 1.96 0.0 1.0 0.0
-1 1418361796.588875 1.96 2.96 0.0 0.0 0.0 0.0 1.96 1.96 2.96 0.0 0.0 0.0 0.0
-1 1418361796.905635 0.772483 2.772483 2.732483 1.587855 1.96 1.96 4.615683 0.772483 0.8816 2.732483 0.772483 0.0 0.772483
-1 1418361797.267423 2.96 1.96 0.8816 0.0 0.0 0.8816 5.195084 1.0 1.96 1.96 0.0 0.0 0.0
-1 1418361797.622759 1.0 1.96 1.0 1.0 0.0 0.0 1.96 2.0 3.0 3.772483 1.0 0.0 1.0
-1 1418361797.892957 0.0 0.772483 0.0 2.0 1.0 2.0 2.615683 0.0 0.0 2.0 1.0 1.0 1.0
-1 1418361798.479042 1.0 1.0 0.0 0.0 2.8816 2.96 2.0 1.0 0.0 2.96 1.0 1.96 1.0
-1 1418361798.721549 1.0 2.0 0.0 0.0 0.0 0.0 1.0 1.0 1.0 0.0 1.0 0.0 1.0
-1 1418361799.048744 2.0 3.96 0.0 0.0 0.8816 0.0 2.0 2.0 1.0 0.0 0.0 0.0 0.0
-1 1418361799.517714 1.846336 2.0 0.0 0.0 0.0 1.0 2.0 1.846336 2.0 0.0 0.0 0.0 0.0
-1 1418361799.764612 3.654083 0.0 3.806336 1.96 3.806336 1.96 1.0 1.772483 0.0 4.727936 1.96 3.806336 1.96
-1 1418361800.001523 0.0 1.0 0.0 1.0 2.96 1.0 1.0 0.0 0.0 1.0 1.0 2.96 1.0
-1 1418361800.254825 1.0 1.0 0.0 0.0 0.0 0.0 0.0 1.846336 1.0 0.0 0.695683 0.0 0.695683
-1 1418361800.544803 1.0 1.0 3.96 2.0 2.96 1.0 1.0 1.0 1.0 3.96 2.0 2.0 2.0
-1 1418361800.814642 0.0 4.071303 1.0 1.0 1.0 1.0 3.481122 0.0 0.167136 1.0 1.0 1.0 1.0
-1 1418361801.088147 3.846336 2.846336 3.695683 0.8816 0.695683 0.0 5.441456 3.846336 2.846336 1.846336 1.0 0.0 1.0
-1 1418361801.412725 0.0 0.0 0.0 0.0 0.772483 0.0 0.0 0.0 2.375051 0.0 1.0 1.0 1.0
-1 1418361801.734272 0.0 1.8816 2.846336 1.0 1.846336 1.0 1.0 0.0 0.0 1.96 1.0 2.846336 1.0
-1 1418361802.087014 1.0 0.0 2.0 0.0 0.0 0.0 0.0 0.0 0.0 0.0 0.0 0.0 0.0
-1 1418361802.570486 1.0 1.0 1.0 0.0 1.0 0.0 2.846336 1.0 2.766336 0.0 0.0 0.0 0.0
-1 1418361802.808052 2.0 0.0 1.661583 0.695683 0.695683 0.0 0.0 0.0 0.0 0.0 0.0 0.695683 0.0
-1 1418361803.131838 1.0 0.0 1.587855 0.0 0.0 0.0 0.0 0.0 0.0 1.96 2.96 2.0 2.96
-1 1418361803.603354 0.0 0.0 1.0 1.0 1.0 1.0 0.0 0.0 1.8816 1.0 1.0 1.0 1.0
-1 1418361803.845907 0.0 0.0 0.0 2.766336 0.0 1.0 0.0 0.0 0.0 0.0 0.0 0.0 0.0
-1 1418361804.354889 0.0 0.0 2.741583 1.0 2.524341 1.0 0.0 0.0 0.0 0.0 0.0 1.0 0.0
-1 1418361804.738160 2.0 2.772483 1.0 1.0 1.0 1.0 3.0 2.96 1.0 1.846336 1.0 1.0 1.0
-1 1418361805.075425 4.433713 2.0 2.0 1.0 0.0 0.0 3.96 3.96 3.806336 1.0 1.0 0.0 1.0
-1 1418361805.655367 1.0 0.0 1.0 0.0 0.8816 0.0 0.0 1.695683 0.0 0.0 0.0 0.0 0.0
-1 1418361805.930519 1.0 0.0 0.8816 0.695683 0.0 0.772483 1.0 1.0 4.246433 0.0 0.8816 0.0 0.8816
-1 1418361806.336502 0.0 1.0 0.0 1.0 0.0 1.0 0.0 0.0 0.0 1.0 1.0 1.0 1.0
-1 1418361806.761724 1.0 0.0 1.766336 0.0 0.0 1.846336 1.0 2.0 2.0 1.846336 1.0 0.0 1.0
-1 1418361807.073182 1.96 4.766336 1.0 1.0 0.0 0.8816 6.382019 1.846336 0.0 1.0 1.0 0.0 1.0
-1 1418361807.493217 0.524341 0.0 0.0 0.0 2.0 1.0 0.8816 0.0 0.0 1.0 0.0 2.0 0.0
-1 1418361807.793208 1.0 1.0 2.8816 2.8816 2.0 1.0 1.0 1.0 1.0 2.0 0.8816 1.0 0.8816
-1 1418361808.228668 1.0 1.846336 1.482741 0.0 0.0 0.0 0.0 0.0 1.0 0.0 0.0 0.0 0.0
-1 1418361808.751291 2.766336 2.846336 1.766336 0.0 0.0 0.0 3.766336 2.766336 2.0 0.0 0.0 0.0 0.0
-1 1418361809.073408 1.96 1.0 0.0 0.0 0.0 0.0 1.0 1.96 0.0 0.0 0.0 0.0 0.0
-1 1418361809.520285 0.0 0.0 2.0 3.96 2.96 3.96 1.601141 0.0 1.0 3.8816 4.806336 2.96 4.806336
-1 1418361809.829108 0.0 0.0 0.0 0.0 0.0 0.0 0.0 0.0 0.0 0.8816 0.0 0.0 0.0
-1 1418361810.107524 1.0 1.0 0.0 0.0 0.0 0.0 1.0 1.0 1.0 1.0 0.0 0.0 0.0
-1 1418361810.455934 0.0 0.0 0.8816 1.0 1.96 3.96 0.0 0.0 2.469455 2.96 3.8816 2.96 3.8816
-1 1418361810.778995 1.0 0.0 1.0 0.695683 0.8816 0.695683 1.34625 1.0 2.772483 1.735926 0.0 0.8816 0.0
-1 1418361811.074398 0.0 1.0 0.0 0.0 1.8816 0.0 2.941928 0.772483 0.0 0.524341 1.0 1.8816 1.0
-1 1418361811.478955 0.0 0.0 1.0 0.8816 0.0 0.0 0.0 0.0 1.96 1.0 0.8816 0.0 0.8816
-1 1418361811.858138 1.0 0.0 2.96 1.0 1.0 1.0 1.8816 1.0 2.0 2.0 1.0 2.0 1.0
-1 1418361812.279224 1.7632 0.8816 1.0 1.96 0.0 1.0 0.8816 0.8816 0.0 1.96 1.96 0.0 1.96
-1 1418361812.757044 1.0 1.0 0.0 0.0 0.0 0.0 1.0 2.450613 3.391365 5.0956 0.0 0.0 0.0
-1 1418361813.018985 1.0 0.0 1.0 1.8816 1.0 1.8816 1.0 0.0 1.0 1.8816 2.0 1.0 2.0
-1 1418361813.433802 1.0 1.0 2.0 1.0 0.0 2.7632 1.772483 1.0 1.0 0.0 2.96 0.0 2.96
-1 1418361813.842115 0.0 0.0 1.0 1.96 1.0 0.8816 0.0 0.0 1.0 0.0 0.0 0.0 0.0
-1 1418361814.170179 0.0 3.414515 0.0 0.0 0.0 0.0 1.846336 0.0 1.0 0.0 0.0 0.0 0.0
-1 1418361814.626847 0.0 0.0 0.4756 1.0 1.0 0.0 0.0 0.0 2.8816 0.0 1.0 0.0 1.0
-1 1418361814.878603 0.0 0.0 1.772483 2.0 1.0 3.0 2.0 0.0 0.8816 3.0 3.0 2.0 3.0
-1 1418361815.292894 2.0 0.0 0.0 0.0 0.0 1.96 1.846336 1.0 1.8816 0.0 0.0 0.0 0.0
-1 1418361815.812319 2.846336 2.0 1.0 1.0 1.0 1.0 2.8816 2.846336 3.806336 1.0 1.0 1.0 1.0
-1 1418361816.197835 2.147819 1.0 3.0 0.0 1.59512 0.0 2.0 1.0 1.0 1.0 0.0 0.0 0.0
-1 1418361816.724005 1.0 0.0 2.766336 0.772483 0.0 1.695683 0.0 1.0 1.0 1.772483 0.0 2.346567 0.0
-1 1418361816.954194 0.0 1.96 2.8416 1.96 0.8816 0.8816 1.96 0.0 0.0 0.8816 1.0 0.8816 1.0
-1 1418361817.348603 1.0 2.0 4.92 4.92 3.96 4.92 3.0 1.0 1.0 3.96 3.96 3.96 3.96
-1 1418361817.780105 1.202061 0.0 0.0 0.0 2.8816 0.0 0.0 0.0 0.0 0.0 0.0 3.8816 0.0
-1 1418361818.073763 1.96 1.0 1.0 1.0 0.0 0.0 1.96 1.0 3.0 0.0 1.96 0.0 1.96
-1 1418361818.357018 0.0 0.0 0.0 1.0 0.0 0.0 0.0 0.0 0.0 2.96 0.0 1.0 0.0
-1 1418361818.734201 0.0 0.0 2.0 3.8816 1.0 1.8816 1.0 0.0 2.0 1.8816 3.8816 1.8816 3.8816
-1 1418361818.980862 0.8816 2.0 3.0 0.0 0.0 0.0 1.0 0.8816 1.766336 0.0 0.0 0.0 0.0
-1 1418361819.330560 1.0 1.0 1.0 0.0 1.0 0.0 1.0 1.0 3.0 0.0 0.0 0.0 0.0
-1 1418361819.715071 2.8816 2.8816 1.0 1.0 0.0 0.0 2.8816 2.8816 0.8816 1.0 1.0 0.0 1.0
-1 1418361819.964200 1.0 1.7632 0.0 0.0 0.0 0.0 1.7632 1.0 1.153978 1.0 0.0 0.0 0.0
-1 1418361820.431164 0.0 0.0 4.601141 1.0 2.772483 1.8816 0.0 0.0 1.0 1.0 1.0 2.772483 1.0
-1 1418361820.879249 2.96 1.0 0.8816 2.218485 1.090336 1.521733 1.0 2.96 1.0 4.029934 1.0 1.0 1.0
-1 1418361821.150098 2.8816 1.8816 1.332213 1.482741 0.8816 1.8816 2.8416 0.8816 0.8816 3.289724 0.8816 0.8816 0.8816
-1 1418361821.564302 1.0 1.8816 1.0 1.0 1.0 1.0 1.8816 1.0 2.96 1.0 1.0 1.0 1.0
-1 1418361821.958868 2.0 1.0 1.0 1.0 1.0 1.0 1.0 1.0 2.0 1.695683 1.0 1.0 1.0
-1 1418361822.450439 0.0 0.0 0.0 0.0 1.0 0.0 0.0 0.0 0.0 0.0 0.0 0.0 0.0
-1 1418361822.806507 0.0 0.0 1.0 1.0 2.0 1.0 1.0 0.0 1.772483 1.0 0.0 1.0 0.0
-1 1418361823.109844 1.0 2.0 3.0 1.0 2.0 1.0 4.32676 1.0 2.0 3.0 1.0 2.0 1.0
-1 1418361823.528718 1.96 3.92 6.8016 4.92 3.8416 3.8816 6.88 1.96 5.8416 5.8416 4.92 2.96 4.92
-1 1418361823.904620 1.96 3.695683 0.8816 0.8816 0.8816 0.8816 4.577283 6.615683 3.772483 0.8816 0.8816 0.8816 0.8816
-1 1418361824.249056 0.0 0.0 1.96 2.96 2.0 2.0 0.0 0.8816 1.8816 2.96 1.96 2.0 1.96
-1 1418361824.608251 0.0 0.0 1.8816 0.0 0.0 0.0 0.0 1.766336 2.96 0.0 0.0 0.0 0.0
-1 1418361824.875470 0.0 0.0 2.695683 1.0 1.0 0.0 0.8816 0.8816 1.96 1.0 1.0 1.0 1.0
-1 1418361825.207743 1.0 1.0 1.0 1.96 1.766336 2.96 1.0 2.96 1.0 2.96 1.766336 0.0 1.766336
-1 1418361825.656163 0.0 0.0 1.0 0.0 1.0 1.0 0.0 0.0 0.772483 1.0 1.0 1.0 1.0
-1 1418361825.990812 1.0 1.0 1.0 1.0 1.0 1.0 1.8816 1.0 1.0 1.0 1.0 1.0 1.0
-1 1418361826.260465 0.0 0.0 0.0 1.0 0.8816 0.0 0.0 0.0 1.0 0.67192 1.0 0.0 1.0
-1 1418361826.578121 0.0 0.0 1.766336 1.741583 0.0 1.0 1.0 0.0 1.0 1.0 1.0 1.0 1.0
-1 1418361826.916623 0.0 1.0 3.0 2.96 2.0 1.0 1.0 0.0 2.0 1.0 2.96 2.0 2.96
-1 1418361827.177735 0.0 1.0 1.587855 0.0 2.0 1.0 0.0 0.0 0.0 1.0 0.0 1.67192 0.0
-1 1418361827.513538 0.0 1.0 0.695683 0.0 0.0 0.0 1.0 0.0 2.828922 0.0 0.0 0.0 0.0
-1 1418361827.951288 0.601141 2.482741 1.772483 1.772483 1.772483 1.772483 2.196261 0.601141 1.0 2.96 2.8816 1.772483 2.8816
-1 1418361828.327576 0.0 0.0 0.772483 0.0 0.772483 0.0 0.0 0.0 2.0 0.0 0.0 0.0 0.0
-1 1418361828.810640 2.0 1.0 0.0 0.0 0.0 0.0 1.0 1.0 2.96 0.0 0.0 0.0 0.0
-1 1418361829.082192 0.0 2.8816 0.0 0.0 0.0 0.0 1.96 0.0 1.0 1.8816 0.0 0.0 0.0
-1 1418361829.396864 0.8816 0.695683 1.0 1.0 1.0 1.0 0.0 0.8816 1.0 2.0 1.0 2.0 1.0
-1 1418361829.741416 0.772483 0.0 1.0 1.28102 0.8816 2.0 2.0 0.0 2.766336 1.35782 0.0 0.0 0.0
-1 1418361830.014388 0.0 0.0 0.0 0.0 0.0 0.0 1.96 1.96 1.8816 0.0 0.0 0.0 0.0
-1 1418361830.491918 0.0 0.0 0.8816 4.718546 0.772483 0.0 0.0 0.0 0.0 3.0 1.8816 0.0 1.8816
-1 1418361830.932230 0.0 0.0 2.186998 0.0 1.491315 1.202061 0.0 0.0 1.0 0.0 0.0 1.491315 0.0
-1 1418361831.284457 0.0 0.357935 1.0 0.0 0.0 0.0 0.0 0.0 1.0 0.0 0.0 0.0 0.0
-1 1418361831.842791 1.450613 3.838038 0.0 0.0 0.0 1.0 1.202061 1.0 2.8816 0.0 0.0 0.0 0.0
-1 1418361832.090667 1.8816 2.0 2.0 1.0 1.0 1.0 4.83926 3.565043 3.0 1.0 1.0 1.0 1.0
-1 1418361832.524050 0.0 0.0 3.96 0.0 2.0 0.0 0.0 0.8816 0.0 0.0 0.0 1.0 0.0
-1 1418361832.994788 0.0 0.0 1.0 1.0 2.0 1.0 0.0 0.0 1.0 1.0 0.0 2.0 0.0
-1 1418361833.365708 0.0 4.134753 0.0 0.8816 0.0 0.0 2.96 0.0 0.0 1.0 0.8816 0.0 0.8816
-1 1418361833.845012 3.96 2.772483 2.766336 2.96 0.0 1.96 1.772483 2.0 1.0 2.96 2.96 1.96 2.96
-1 1418361834.102445 0.0 0.0 3.431055 0.8816 0.524341 0.8816 0.772483 0.0 1.0 3.926861 0.0 0.0 0.0
-1 1418361834.499976 0.0 0.0 1.0 0.0 0.0 0.0 0.0 1.0 1.0 0.601141 0.0 1.0 0.0
-1 1418361834.942343 0.0 0.0 0.0 2.0 0.0 0.0 0.0 0.0 0.0 0.0 2.0 0.0 2.0
-1 1418361835.214985 2.0 2.0 3.92 2.96 1.96 1.96 1.0 2.0 3.0 2.96 2.96 1.96 2.96
-1 1418361835.442850 0.0 2.0 1.0 1.0 1.0 2.766336 3.0 1.0 0.0 2.766336 1.0 1.0 1.0
-1 1418361835.715524 0.0 0.0 1.8816 0.0 0.0 0.0 0.0 0.0 0.0 0.0 0.0 0.0 0.0
-1 1418361836.017445 0.0 0.0 2.511055 0.8816 1.0 0.0 0.0 0.0 0.0 0.0 0.0 1.0 0.0
-1 1418361836.296226 7.873054 1.450613 1.0 0.0 0.0 1.0 1.0 3.0 3.370613 1.0 0.0 0.0 0.0
-1 1418361836.665265 0.0 1.0 2.0 0.8816 2.0 1.7632 1.0 0.0 0.0 0.8816 0.0 1.0 0.0
-1 1418361837.016074 0.0 0.0 1.0 1.0 0.0 0.0 0.0 0.0 1.0 0.0 1.0 0.0 1.0
-1 1418361837.293179 0.8816 1.8816 1.96 1.96 1.96 1.96 1.587855 0.0 1.766336 1.96 3.92 2.96 3.92
-1 1418361837.672790 0.0 0.0 1.8816 1.96 1.96 1.0 1.0 0.0 0.0 1.0 3.392655 1.96 3.392655
-1 1418361838.083830 1.96 1.766336 0.0 0.0 0.0 0.0 1.766336 1.96 0.0 0.0 0.0 0.0 0.0
-1 1418361838.518854 0.0 0.0 0.0 0.0 0.0 0.8816 0.0 0.0 1.0 0.601141 0.0 0.0 0.0
-1 1418361839.006591 2.8816 1.0 1.0 1.0 1.96 1.0 6.431055 2.8816 5.263507 2.741583 1.0 1.0 1.0
-1 1418361839.273043 1.0 5.88 0.8816 1.96 2.8816 3.92 5.614083 1.8816 1.0 3.92 1.96 1.96 1.96
-1 1418361839.606237 0.0 1.0 1.0 0.0 1.0 1.0 0.0 1.0 1.0 1.0 0.0 1.0 0.0
-1 1418361839.984661 0.0 0.0 2.0 1.846336 1.0 0.0 0.0 0.0 1.96 0.0 0.0 1.0 0.0
-1 1418361840.294288 2.0 2.0 3.0 2.0 1.0 1.0 2.0 4.766336 2.0 2.0 2.0 1.0 2.0
-1 1418361840.900578 1.0 0.0 1.0 0.0 1.0 1.0 0.0 1.0 0.0 1.0 1.0 1.0 1.0
-1 1418361841.163781 1.0 0.0 1.0 1.0 1.0 2.0 0.0 1.0 1.0 2.695683 1.0 1.0 1.0
-1 1418361841.541664 0.0 0.0 0.772483 0.0 1.0 1.96 0.0 0.0 0.0 2.96 1.96 1.846336 1.96
-1 1418361842.089961 1.96 1.96 2.0 1.0 1.0 2.0 1.96 1.96 1.96 2.0 2.0 2.0 2.0
-1 1418361842.414264 0.0 0.0 1.352589 2.655683 0.0 0.0 0.0 0.0 0.0 1.766336 0.0 0.0 0.0
-1 1418361842.870739 0.0 0.8816 1.96 0.0 0.0 0.0 0.8816 0.0 0.0 0.0 0.0 0.0 0.0
-1 1418361843.123684 0.0 0.0 0.601141 0.0 0.0 1.0 0.0 0.0 0.0 1.0 0.0 0.0 0.0
-1 1418361843.496040 2.8816 1.0 3.0 3.96 0.0 1.0 2.428853 0.0 1.0 3.0 4.0 0.0 4.0
-1 1418361844.038051 1.8816 1.0 0.0 0.0 0.0 0.0 3.8816 1.8816 0.0 1.0 1.587855 0.0 1.587855
-1 1418361844.321259 1.96 0.0 0.0 1.0 0.0 0.0 0.0 0.0 1.0 0.0 0.0 0.0 0.0
-1 1418361844.747399 0.0 1.0 1.0 0.0 0.0 0.0 2.0 0.0 1.0 0.0 0.0 0.0 0.0
-1 1418361845.087854 1.0 2.96 2.0 1.0 0.0 0.0 2.96 3.96 2.96 1.695683 0.0 0.0 0.0
-1 1418361845.350235 0.0 0.0 0.0 1.0 0.0 1.0 0.8816 0.0 0.0 1.0 0.0 0.0 0.0
-1 1418361845.635362 0.8816 2.695683 2.96 1.0 1.0 1.0 2.695683 0.0 0.0 1.0 1.0 0.0 1.0
-1 1418361845.989393 1.846336 2.0 0.0 1.0 0.0 2.0 2.0 1.0 2.96 1.0 1.0 1.0 1.0
-1 1418361846.300971 0.0 0.0 1.0 0.8816 1.8816 0.0 0.8816 0.0 2.565043 0.0 0.0 0.0 0.0
-1 1418361846.803972 0.0 1.0 1.8816 1.0 1.0 2.0 0.0 0.0 0.0 2.0 1.0 1.0 1.0
-1 1418361847.114496 1.0 1.0 1.0 1.0 1.0 1.0 1.0 1.0 2.96 1.0 1.0 1.0 1.0
-1 1418361847.499235 0.0 1.0 0.0 0.0 0.0 0.0 2.0 0.695683 1.0 0.0 0.0 0.0 0.0
-1 1418361848.019121 2.0 2.0 0.0 0.0 0.0 0.0 4.727936 2.0 1.0 0.0 0.0 0.772483 0.0
-1 1418361848.256764 3.0 1.0 2.766336 1.0 1.8816 1.8816 2.0 3.8816 3.0 1.8816 1.0 1.8816 1.0
-1 1418361848.675949 0.0 0.0 2.96 2.0 1.0 2.0 0.0 0.0 0.0 1.0 0.0 1.0 0.0
-1 1418361849.071075 2.96 1.96 2.8816 1.8816 0.8816 2.0 2.8816 2.96 1.96 3.8816 2.0 0.8816 2.0
-1 1418361849.379184 1.96 0.0 4.766336 3.766336 3.8816 2.8816 0.0 0.0 1.846336 2.8816 3.766336 3.8816 3.766336
-1 1418361849.837482 0.0 0.0 1.0 0.0 0.0 0.0 0.0 0.0 1.0 1.0 0.0 0.0 0.0
-1 1418361850.201431 0.0 0.0 0.0 0.0 0.0 1.0 1.0 1.0 0.8816 1.0 0.0 0.0 0.0
-1 1418361850.796330 1.0 0.0 0.0 1.0 0.0 0.0 0.0 0.0 0.0 0.0 0.0 0.0 0.0
-1 1418361851.161716 0.0 1.0 2.0 0.0 2.0 1.0 3.8816 0.0 1.0 2.96 0.0 2.0 0.0
-1 1418361851.480202 0.0 3.766336 1.0 2.343617 0.0 1.0 3.8816 0.0 0.0 2.877291 2.343617 1.8816 2.343617
-1 1418361851.946105 5.464419 4.390691 1.96 1.96 1.96 1.96 5.645689 6.424419 6.417561 3.92 3.92 2.96 3.92
-1 1418361852.205088 2.96 2.96 3.92 0.0 0.0 1.0 3.96 2.96 2.96 2.96 0.8816 0.0 0.8816
-1 1418361852.624911 1.96 1.0 1.96 0.0 1.0 0.0 1.0 1.96 1.8816 0.0 0.0 0.0 0.0
-1 1418361853.086430 0.0 0.8816 1.0 2.0 1.0 2.0 2.8816 0.8816 0.772483 1.0 1.0 1.0 1.0
-1 1418361853.329752 1.96 1.96 1.96 0.0 0.0 0.0 1.96 1.96 1.0 0.0 0.0 0.0 0.0
-1 1418361853.773712 1.0 1.0 0.8816 0.8816 0.8816 0.8816 2.661583 0.0 1.766336 0.8816 1.8816 0.8816 1.8816
-1 1418361854.186412 1.96 1.96 3.726336 4.8016 2.8416 3.8416 2.96 2.96 2.96 2.8416 3.7232 2.8416 3.7232
-1 1418361854.500826 0.0 0.0 1.0 2.0 0.0 0.0 0.0 0.0 1.0 0.0 0.0 0.0 0.0
-1 1418361854.802901 0.0 0.0 0.0 0.0 0.0 0.0 0.0 0.0 1.0 0.0 0.0 0.0 0.0
-1 1418361855.160490 0.0 0.0 1.0 1.695683 1.0 0.0 0.0 0.0 0.8816 0.0 0.0 0.0 0.0
-1 1418361855.443208 2.0 3.0 2.96 0.0 0.0 0.0 2.0 1.0 1.0 1.0 0.0 0.0 0.0
-1 1418361855.785751 0.0 0.0 0.0 1.695683 0.0 0.0 1.8816 0.0 0.0 0.0 1.511055 0.0 1.511055
-1 1418361856.216350 1.511055 0.0 0.0 1.0 1.0 0.0 0.695683 0.695683 2.615683 1.0 0.0 1.0 0.0
-1 1418361856.495248 0.601141 0.0 0.8816 1.661583 1.96 0.8816 0.0 1.601141 2.587855 1.96 0.0 0.0 0.0
-1 1418361857.033447 0.0 0.0 3.811672 1.96 1.0 1.96 1.96 0.0 0.0 1.96 1.96 0.0 1.96
-1 1418361857.281920 1.0 1.96 1.0 1.524341 1.0 1.0 1.96 1.0 2.0 2.0 1.0 1.0 1.0
-1 1418361857.653105 1.0 2.0 1.0 1.0 1.8816 1.0 3.8816 1.0 0.0 1.8816 0.0 1.0 0.0
-1 1418361857.987551 1.0 2.0 2.8816 1.96 1.846336 1.0 1.0 1.0 2.0 2.0 2.0 2.695683 2.0
-1 1418361858.288347 1.0 1.0 1.0 1.0 0.0 0.0 2.0 1.0 0.0 0.0 1.0 0.0 1.0
-1 1418361858.758781 0.0 0.0 0.0 0.0 1.0 0.0 0.0 0.0 1.0 0.0 0.0 1.0 0.0
-1 1418361859.188996 0.0 0.0 0.0 1.0 0.0 1.0 0.0 0.0 0.0 1.0 1.0 1.0 1.0
-1 1418361859.470176 0.0 2.0 1.8816 0.8816 2.766336 1.0 1.96 1.0 0.0 1.8816 1.8816 1.8816 1.8816
-1 1418361859.915429 1.0 0.0 4.766336 3.766336 2.0 2.0 2.8816 1.493451 1.0 2.0 1.846336 2.0 1.846336
-1 1418361860.273060 0.0 1.846336 0.0 0.8816 0.8816 0.8816 1.846336 1.846336 0.0 0.8816 2.248033 0.8816 2.248033
-1 1418361860.758751 2.0 2.0 5.491315 2.432589 2.0 1.0 2.0 2.0 2.96 2.524341 1.432589 2.0 1.432589
-1 1418361861.202685 0.0 0.0 0.0 0.0 0.0 1.0 0.0 0.0 2.0 1.0 0.0 0.0 0.0
-1 1418361861.495374 0.0 1.0 0.0 0.0 0.0 1.0 1.0 0.0 0.0 0.0 0.0 0.0 0.0
-1 1418361861.840173 4.766336 1.0 2.0 1.96 1.0 1.0 1.0 2.766336 5.766336 1.0 1.96 1.0 1.96
-1 1418361862.270620 3.7232 1.96 3.0 2.0 2.0 2.0 3.8416 2.8416 2.8416 2.0 2.0 2.0 2.0
-1 1418361862.507385 0.0 0.0 2.96 0.0 1.0 1.0 0.0 0.0 0.0 1.0 0.0 1.0 0.0
-1 1418361862.825481 2.667855 1.0 3.0 1.0 1.96 1.0 1.0 2.667855 2.0 1.0 1.0 1.96 1.0
-1 1418361863.178861 0.272522 3.272522 0.0 0.0 1.96 1.96 2.450613 0.272522 2.587855 2.8816 0.0 1.96 0.0
-1 1418361863.410160 1.0 3.0 0.695683 1.0 0.0 0.0 2.690901 1.0 1.0 1.96 2.766336 1.766336 2.766336
-1 1418361863.823918 0.0 0.0 1.0 1.0 0.0 1.846336 0.0 0.0 0.0 0.0 1.0 0.0 1.0
-1 1418361864.249878 3.0 2.0 2.0 1.0 0.0 0.0 2.0 2.96 3.8816 2.96 0.0 0.0 0.0
-1 1418361864.491489 0.0 0.0 0.0 0.0 0.0 0.0 0.0 0.0 0.0 1.766336 0.0 0.0 0.0
-1 1418361864.954425 0.0 1.0 2.0 1.96 1.0 1.0 1.0 1.766336 1.8816 1.0 1.96 1.0 1.96
-1 1418361865.305503 2.0 1.0 0.0 0.0 0.0 0.0 1.0 2.96 2.846336 0.0 0.0 0.0 0.0
-1 1418361865.589176 2.0 2.0 1.695683 1.0 1.0 1.0 3.695683 2.0 2.0 3.340726 1.96 1.0 1.96
-1 1418361866.011754 0.0 1.0 2.96 1.0 3.96 2.0 1.0 0.0 0.8816 3.846336 1.0 3.96 1.0
-1 1418361866.335437 1.0 0.0 1.0 1.0 1.0 1.0 1.0 0.0 0.0 2.0 1.0 1.0 1.0
-1 1418361866.749126 0.0 0.0 1.0 3.8416 3.612672 1.96 0.0 0.0 1.0 2.67192 1.96 1.0 1.96
-1 1418361867.290739 0.0 1.8816 1.0 1.96 1.846336 2.96 2.96 0.0 0.0 2.96 1.96 2.96 1.96
-1 1418361867.587048 0.0 0.8816 1.0 0.0 1.0 0.0 0.8816 0.0 0.0 0.0 0.0 1.0 0.0
-1 1418361867.861064 6.7632 4.766336 1.0 1.0 1.0 1.0 6.647936 5.8416 3.8416 1.0 1.0 1.0 1.0
-1 1418361868.284163 2.8416 0.0 3.96 0.0 0.0 0.0 0.0 1.8816 2.96 0.0 0.0 0.0 0.0
-1 1418361868.548561 1.0 1.0 2.812652 1.0 1.213072 1.0 1.0 1.0 2.96 2.0 1.0 1.0 1.0
-1 1418361869.067242 2.846336 2.0 3.0 1.0 2.0 2.695683 1.0 2.846336 1.0 3.357391 1.0 2.0 1.0
-1 1418361869.464316 0.0 0.0 4.96 1.0 2.0 1.0 0.0 0.0 1.96 2.96 1.0 3.0 1.0
-1 1418361869.740498 0.0 2.727936 0.0 0.0 0.0 0.0 5.388165 2.8816 0.772483 1.0 1.0 0.0 1.0
-1 1418361870.079599 1.0 2.0 3.292213 1.0 0.0 1.0 2.0 2.0 2.96 1.8816 2.96 1.0 2.96
-1 1418361870.384874 1.0 1.96 2.695683 1.0 3.468165 1.846336 0.0 0.448292 0.0 2.618819 1.0 1.772483 1.0
-1 1418361870.763548 0.0 0.0 2.0 0.0 1.0 2.0 0.0 0.0 0.0 2.96 0.0 1.0 0.0
-1 1418361871.206927 0.0 1.0 0.8816 1.0 1.0 1.0 1.8816 0.0 0.0 0.0 0.0 0.0 0.0
-1 1418361871.450466 0.0 0.0 3.8816 0.0 1.0 1.0 0.0 0.0 0.0 1.0 1.0 1.0 1.0
-1 1418361871.922874 0.0 0.0 0.100965 0.0 0.0 0.0 0.772483 0.0 0.0 0.0 0.0 0.0 0.0
-1 1418361872.365431 0.0 0.0 3.502441 0.0 2.846336 0.695683 0.0 0.0 0.0 0.0 0.0 0.0 0.0
-1 1418361872.796995 0.0 0.0 0.0 0.0 0.0 1.0 0.0 0.0 0.0 1.8816 0.0 1.846336 0.0
-1 1418361873.211764 1.0 0.0 1.0 0.0 0.0 0.524341 0.0 0.0 1.0 0.0 0.0 0.0 0.0
-1 1418361873.476340 2.96 1.0 2.8816 0.8816 2.8816 0.8816 4.92 2.96 1.0 2.8816 0.8816 3.92 0.8816
-1 1418361873.843907 1.0 1.0 0.8816 0.0 0.0 0.0 1.0 1.0 1.0 0.0 0.0 0.0 0.0
-1 1418361874.285877 1.375285 1.0 1.0 2.0 1.0 3.0 1.28102 1.0 1.0 3.0 1.0 2.0 1.0
-1 1418361874.593937 1.0 0.0 3.450613 1.0 2.618819 1.8816 1.0 0.0 0.0 1.0 1.695683 1.772483 1.695683
-1 1418361875.251992 1.0 2.0 2.0 1.0 1.0 2.0 2.0 2.96 1.0 2.0 1.0 1.0 1.0
-1 1418361875.483976 0.0 0.0 0.0 1.766336 0.0 0.0 0.0 0.0 2.0 1.766336 0.0 0.0 0.0
-1 1418361875.914173 1.0 0.0 0.0 1.96 0.0 1.0 0.153978 2.0 0.0 0.0 1.96 0.0 1.96
-1 1418361876.330490 0.0 2.145217 5.275789 5.275789 2.0 2.0 3.497584 2.073978 0.8816 2.275789 4.275789 3.275789 4.275789
-1 1418361876.598997 4.213813 0.0 1.8816 1.0 1.772483 1.772483 1.766336 1.0 1.96 1.772483 1.772483 1.772483 1.772483
-1 1418361876.998309 0.8816 1.96 0.0 1.0 1.0 1.0 2.514012 0.0 0.8816 0.0 0.0 0.0 0.0
-1 1418361877.383213 0.0 0.0 1.8816 1.0 2.8816 0.0 0.8816 0.0 0.0 0.8816 1.0 0.8816 1.0
-1 1418361877.689878 0.8816 0.0 1.0 1.0 1.0 0.0 0.0 0.8816 4.442741 0.0 0.0 0.0 0.0
-1 1418361878.141488 0.0 0.0 2.772483 3.0 1.0 2.0 1.0 0.0 0.0 2.0 3.0 2.0 3.0
-1 1418361878.446121 2.96 1.0 1.0 0.0 0.0 0.0 1.846336 3.806336 2.96 0.0 1.0 1.0 1.0
-1 1418361878.928680 0.0 0.0 0.0 0.0 0.0 0.0 0.0 0.0 1.96 0.34625 0.0 0.0 0.0
-1 1418361879.446021 0.0 1.96 3.343431 0.0 1.497095 0.8816 1.96 0.0 0.0 1.8816 0.0 0.8816 0.0
-1 1418361879.621857 2.96 1.96 1.96 1.766336 1.766336 1.0 1.96 2.96 1.96 1.8816 0.0 1.8816 0.0
-1 1418361879.865477 0.0 0.0 1.846336 3.692672 1.0 2.846336 0.0 0.0 1.96 1.846336 1.667855 2.846336 1.667855
-1 1418361880.167229 0.0 0.0 1.0 0.0 1.0 0.0 1.0 1.0 1.0 1.8816 0.0 1.0 0.0
-1 1418361880.479956 1.0 1.0 1.846336 1.0 1.846336 0.0 1.0 1.0 1.8816 2.8816 1.96 1.846336 1.96
-1 1418361880.811448 1.0 1.0 0.0 0.0 0.0 0.0 1.0 1.0 1.0 0.0 0.0 0.0 0.0
-1 1418361881.196112 0.0 0.0 0.0 3.766336 1.0 2.0 0.0 0.0 0.0 2.0 2.766336 1.0 2.766336
-1 1418361881.470667 0.0 1.577283 2.8816 1.0 2.0 4.766336 0.8816 0.0 1.0 6.766336 1.0 1.0 1.0
-1 1418361881.795695 0.0 0.0 1.0 1.0 0.0 0.0 0.0 0.0 0.0 1.8816 1.0 0.0 1.0
-1 1418361882.337004 3.667855 2.0 0.0 0.0 0.0 0.0 2.0 5.511055 4.96 1.0 0.0 0.8816 0.0
-1 1418361882.643876 0.0 1.0 3.565043 0.0 1.8816 0.0 0.0 0.0 1.0 0.0 0.0 0.0 0.0
-1 1418361883.157032 0.0 0.0 1.0 0.0 1.0 0.0 0.0 0.0 2.846336 0.0 1.0 1.0 1.0
-1 1418361883.475809 0.0 2.0 1.96 0.0 1.0 1.0 1.0 0.0 0.0 1.0 0.772483 1.0 0.772483
-1 1418361883.809660 3.0 1.8816 2.846336 2.0 1.0 1.0 3.0 3.0 2.0 2.846336 2.0 1.0 2.0
-1 1418361884.316759 6.497283 1.0 1.96 1.0 0.0 0.0 1.0 4.7632 2.8816 1.0 1.0 0.0 1.0
-1 1418361884.643064 0.0 0.0 1.96 0.0 1.0 4.0 0.0 0.0 1.96 5.8816 0.0 1.0 0.0
-1 1418361885.347469 0.0 0.0 3.726336 1.0 2.8416 1.0 0.0 0.0 1.0 1.0 1.0 1.0 1.0
-1 1418361885.600676 1.0 0.0 0.8816 0.8816 0.0 0.0 3.76904 1.0 3.0 0.0 0.8816 0.0 0.8816
-1 1418361886.010902 1.0 0.0 0.0 0.0 1.0 0.0 1.0 1.0 2.0 1.0 0.0 0.0 0.0
-1 1418361886.372009 3.647936 2.0 0.0 0.0 0.0 1.0 3.8416 2.766336 4.647936 0.0 0.0 0.0 0.0
-1 1418361886.661746 0.0 0.0 0.0 0.0 1.0 0.0 0.0 0.0 0.0 0.0 0.0 0.0 0.0
-1 1418361887.372742 1.766336 0.8816 3.8816 0.0 1.0 2.0 0.8816 1.766336 0.8816 3.0 0.0 2.0 0.0
-1 1418361887.635390 1.0 1.0 0.0 0.0 0.0 1.0 1.59512 1.0 1.0 1.0 1.96 0.0 1.96
-1 1418361888.033901 0.0 0.0 1.503367 2.96 1.0 1.437212 0.8816 0.0 1.0 2.0 2.0 1.0 2.0
-1 1418361888.444628 2.8816 4.766336 1.0 1.8816 0.0 2.8816 6.987957 7.987957 4.8416 2.8816 1.8816 0.0 1.8816
-1 1418361888.817634 2.0 1.0 1.96 1.0 0.0 1.0 1.0 2.0 2.114033 1.0 1.0 0.0 1.0
-1 1418361889.260306 1.0 0.8816 2.8816 1.0 0.0 1.0 1.482741 1.0 1.468165 2.0 1.0 0.0 1.0
-1 1418361889.730864 1.0 1.0 2.615683 0.0 0.0 0.0 0.0 0.0 0.0 1.0 0.0 0.0 0.0
-1 1418361889.960983 0.0 1.0 0.0 1.0 0.0 0.0 0.0 0.0 0.0 0.0 0.0 0.0 0.0
-1 1418361890.259282 2.0 2.0 1.0 1.0 2.96 1.0 2.0 2.8816 3.0 1.0 2.0 2.96 2.0
-1 1418361890.625730 1.0 1.0 0.0 0.0 0.0 2.96 0.0 1.0 1.0 2.96 0.0 0.0 0.0
-1 1418361890.978702 0.8816 0.0 1.0 1.8816 0.0 0.8816 0.0 0.8816 0.0 1.0 0.0 0.0 0.0
-1 1418361891.381280 2.0 1.0 2.667855 3.96 2.0 2.0 2.0 2.0 4.59512 3.96 2.96 2.0 2.96
-1 1418361891.656592 2.661583 5.621583 0.0 1.8816 3.647936 0.8816 3.8416 3.507919 2.727936 2.647936 1.766336 2.647936 1.766336
-1 1418361892.041429 3.547855 3.92 0.0 0.0 0.0 0.0 4.315017 1.96 2.96 0.0 0.0 0.0 0.0
-1 1418361892.531762 0.772483 0.8816 1.0 1.0 1.0 1.0 0.8816 0.772483 0.0 1.0 1.0 1.0 1.0
-1 1418361892.864283 0.0 0.0 1.0 1.0 1.0 3.806336 0.0 0.0 1.0 3.806336 1.0 3.806336 1.0
-1 1418361893.399523 0.0 1.0 0.772483 1.0 1.0 2.0 1.0 0.0 0.0 2.0 0.0 1.0 0.0
-1 1418361893.623304 0.0 2.26625 3.0 2.0 1.0 1.0 0.0 0.0 1.0 0.8816 1.0 1.0 1.0
-1 1418361893.973630 2.8816 0.0 2.0 0.0 4.0 2.96 0.8816 2.8816 0.8816 1.96 1.0 4.0 1.0
-1 1418361894.426713 1.8816 1.0 1.0 0.0 0.0 0.0 1.0 1.96 0.0 1.0 1.0 0.0 1.0
-1 1418361894.662658 1.96 1.0 1.0 0.0 0.0 1.96 1.0 1.96 2.96 1.96 0.0 0.0 0.0
-1 1418361894.946246 2.0 2.0 2.8816 3.7632 1.0 1.0 3.0 2.0 2.8816 3.8416 1.8816 1.0 1.8816
-1 1418361895.237883 0.0 1.0 0.0 0.0 0.0 0.0 1.766336 0.0 1.8816 1.0 0.0 0.0 0.0
-1 1418361895.547032 0.0 0.0 3.502441 1.0 2.0 2.0 4.92 0.0 1.0 2.0 1.0 2.0 1.0
-1 1418361895.855032 0.0 0.0 0.0 0.0 0.0 1.667855 3.484267 0.0 2.615683 3.434191 0.772483 0.0 0.772483
-1 1418361896.125844 1.8816 1.0 1.695683 1.0 1.96 3.0 2.0 2.8816 0.8816 1.695683 1.0 1.0 1.0
-1 1418361896.382015 0.0 0.0 0.0 1.0 0.0 1.0 1.0 2.695683 2.0 1.153978 1.0 0.0 1.0
-1 1418361896.645661 0.0 0.0 1.766336 1.0 1.0 0.0 0.0 0.0 0.0 2.366433 0.0 1.0 0.0
-1 1418361896.953995 1.0 1.0 1.0 0.0 0.0 1.0 2.96 1.0 2.846336 1.0 0.0 0.0 0.0
-1 1418361897.372632 1.0 0.0 0.0 0.0 0.0 0.0 0.0 0.0 2.0 0.0 0.0 0.0 0.0
-1 1418361897.690440 0.0 0.0 3.0 2.0 1.0 1.0 0.0 0.0 0.0 0.0 0.0 1.0 0.0
-1 1418361898.099912 0.772483 1.96 0.0 0.0 0.0 0.0 2.772483 2.369682 4.575683 0.0 0.0 0.0 0.0
-1 1418361898.547084 1.0 1.0 0.0 0.0 0.0 1.0 2.96 2.766336 1.96 2.571315 0.8816 0.8816 0.8816
-1 1418361898.805352 1.0 0.0 1.96 1.0 0.0 0.0 1.0 0.0 0.0 0.0 0.0 0.0 0.0
-1 1418361899.077629 0.0 1.0 0.0 1.0 0.0 1.766336 1.0 0.0 0.0 0.0 0.0 0.0 0.0
-1 1418361899.385130 1.0 1.0 1.0 1.0 0.0 0.8816 1.0 1.0 3.96 0.0 0.0 0.0 0.0
-1 1418361899.650231 0.0 1.0 1.0 1.0 1.96 1.0 0.0 0.0 0.0 0.0 1.0 0.0 1.0
-1 1418361899.979664 1.0 1.96 3.96 2.0 2.0 2.0 1.96 1.0 1.0 3.0 2.0 2.0 2.0
-1 1418361900.453446 0.59512 0.695683 2.0 1.0 1.0 0.0 0.695683 0.59512 1.0 0.0 1.0 0.0 1.0
-1 1418361900.705414 0.59512 0.0 0.0 1.96 0.8816 0.0 0.0 0.0 0.0 3.280817 1.0 0.8816 1.0
-1 1418361901.096476 2.511055 0.0 0.0 3.8816 0.0 0.0 2.511055 1.511055 0.0 1.0 2.0 0.0 2.0
-1 1418361901.513527 2.96 3.0 0.8816 0.0 0.0 0.0 3.0 2.96 2.0 0.0 0.0 0.0 0.0
-1 1418361901.776499 2.524341 2.524341 1.0 0.695683 0.0 0.0 1.0 2.524341 2.769661 0.0 0.450613 0.0 0.450613
-1 1418361902.156265 1.8816 1.0 2.0 0.0 1.0 1.0 1.0 1.0 3.8416 1.0 0.0 0.0 0.0
-1 1418361902.628266 3.0 2.0 1.0 0.0 0.0 0.0 2.0 2.0 3.0 0.0 1.96 1.96 1.96
-1 1418361903.009845 0.0 2.96 0.0 0.0 0.0 0.0 2.96 0.0 0.0 1.8816 0.508463 0.0 0.508463
-1 1418361903.500179 0.0 0.0 2.35832 2.8416 1.7632 3.8416 0.0 0.0 1.695683 3.543183 0.8816 1.7632 0.8816
-1 1418361903.745997 1.0 1.0 1.96 0.0 0.8816 0.0 1.0 1.0 0.0 0.8816 0.0 0.8816 0.0
-1 1418361904.171112 0.0 0.0 0.0 0.0 0.0 1.846336 0.0 0.0 1.0 1.0 0.0 0.0 0.0
-1 1418361904.638044 0.0 0.0 0.8816 2.96 0.0 1.8816 0.0 0.0 0.0 1.8816 3.8816 0.0 3.8816
-1 1418361904.929214 0.0 0.0 1.0 0.59512 1.0 0.0 1.0 0.0 0.0 0.0 0.0 0.0 0.0
-1 1418361905.408566 3.8816 3.8816 0.0 0.0 0.0 0.0 1.8816 2.96 3.806336 0.0 0.0 0.0 0.0
-1 1418361905.736977 2.96 2.96 3.766336 0.0 0.0 1.96 2.601141 2.96 1.96 1.96 1.766336 0.0 1.766336
-1 1418361906.063977 1.0 2.96 1.0 0.0 0.0 1.0 2.0 2.0 1.0 1.8816 1.0 0.772483 1.0
