-1 1418362620.630373 0.75 0.5 0.25 0.0 0.0 0.0 0.99 1.24 0.99 0.5 0.0 0.25 0.0
-1 1418362621.422260 0.0 0.0 0.5 0.74 0.75 0.25 0.25 0.0 0.5 0.25 0.25 0.25 0.25
-1 1418362621.730502 0.0 0.2204 0.7204 0.5 0.9704 0.25 0.112653 0.0 0.4704 0.25 1.0 0.5 1.0
-1 1418362622.531706 1.341444 0.25 1.24 1.211584 1.0 1.0 0.967097 0.25 0.5 1.441584 0.75 1.0 0.75
-1 1418362623.184959 0.25 0.25 0.25 0.75 0.25 0.75 0.75 0.25 0.0 0.75 0.25 0.5 0.25
-1 1418362623.930822 0.0 0.0 0.0 0.0 0.0 0.0 0.0 0.0 0.0 0.0 0.0 0.0 0.0
-1 1418362624.875935 0.0 0.0 0.0 0.25 0.0 0.0 0.0 0.0 0.0 0.0 0.0 0.0 0.0
-1 1418362625.365668 0.0 0.0 0.25 0.0 0.0 0.0 0.0 0.0 0.0 0.0 0.25 0.0 0.25
-1 1418362625.528038 0.0 0.0 0.0 0.0 0.0 0.0 0.0 0.0 0.0 0.0 0.0 0.0 0.0
-1 1418362625.736058 0.0 0.0 0.0 0.25 0.461584 0.0 0.0 0.0 0.25 0.0 0.2204 0.0 0.2204
-1 1418362625.952800 1.24 1.24 1.49 1.24 1.97 1.73 1.5 1.24 1.7204 2.4504 1.49 2.22 1.49
-1 1418362626.179308 0.0 0.49 0.25 0.75 0.961584 1.0 0.5 0.0 0.0 0.74 0.0 0.5 0.0
-1 1418362626.365009 0.9704 0.4704 0.25 0.25 0.4704 0.25 0.4704 0.4704 0.7204 0.25 0.25 0.0 0.25
-1 1418362626.534486 0.5 0.673921 0.843629 1.763976 1.153921 0.74 0.886964 0.25 0.0 0.9604 0.821386 0.663921 0.821386
-1 1418362626.701890 0.461584 0.961584 1.4408 0.5 0.913521 0.75 2.32703 0.461584 0.25 0.74 0.74 1.383168 0.74
-1 1418362626.952398 0.652051 0.377764 1.411984 1.191584 0.0 0.5 0.653921 0.75 0.25 0.4704 0.691584 0.0 0.691584
-1 1418362627.158540 0.2204 0.193121 1.673921 0.74 1.461584 0.941584 0.443121 0.413521 0.0 1.921584 0.941584 1.211584 0.941584
-1 1418362627.327051 1.14481 0.89481 1.984127 0.75 0.9704 0.25 1.59561 2.187987 2.620736 1.977389 0.99 1.4408 0.99
-1 1418362627.510204 2.386536 2.636536 0.5 0.5 0.5 0.75 2.133168 2.136536 1.727315 0.9704 0.25 0.5 0.25
-1 1418362627.709043 2.241315 2.165236 0.99 1.117364 0.75 1.163521 2.210807 2.549858 3.588356 2.087041 1.193121 2.010531 1.193121
-1 1418362627.921071 0.711584 1.4704 0.5 0.5 1.2104 0.74 1.191584 0.961584 0.914899 0.74 0.5 0.9604 0.5
-1 1418362628.148041 1.823453 0.916964 1.24 0.99 1.24 0.5 1.627764 1.573453 1.323453 0.75 0.74 1.0 0.74
-1 1418362628.357334 0.9704 1.394321 1.458655 0.25 0.75 0.25 1.144321 1.394321 1.4704 0.504152 0.891261 0.5 0.891261
-1 1418362628.578121 0.2204 0.441584 0.0 0.396964 0.0 0.5 1.201584 0.25 0.75 0.74 0.0 0.0 0.0
-1 1418362628.811090 0.75 1.153921 0.98 1.355505 0.74 0.49 0.891261 1.877826 0.862653 0.74 0.7104 0.74 0.7104
-1 1418362629.021763 0.4408 0.7204 0.25 0.74 0.16798 0.618503 1.633921 0.2204 0.74 1.368503 0.0 0.16798 0.0
-1 1418362629.228709 0.711584 0.0 1.191584 1.4408 0.7204 0.0 0.5 0.5 0.941584 0.25 1.2204 0.0 1.2204
-1 1418362629.442750 0.665836 1.0 1.423921 0.7204 0.75 1.2204 1.0 0.319569 0.609303 0.75 0.961584 1.49 0.961584
-1 1418362629.654650 0.0 0.378988 0.4704 1.234953 0.25 0.534905 0.0 0.0 0.75 1.177399 0.5 0.0 0.5
-1 1418362629.887256 1.451584 0.711584 0.878516 0.798521 1.010827 0.5 1.211584 1.451584 1.893921 0.25 0.0 0.0 0.0
-1 1418362630.101703 0.0 0.4704 0.5 0.25 0.25 0.7204 0.4704 0.0 0.25 0.25 0.5 0.25 0.5
-1 1418362630.324022 0.900285 0.5 0.981715 0.2204 0.598164 0.0 0.5 0.74 1.120685 0.85698 0.4408 0.598164 0.4408
-1 1418362630.549230 0.0 0.0 0.49 1.24 0.7204 0.5 0.0 0.25 0.4704 1.25 0.74 0.4704 0.74
-1 1418362630.786677 1.431584 0.25 1.431584 0.5 0.75 0.49 0.941584 0.941584 1.392384 0.711584 0.25 0.25 0.25
-1 1418362630.997229 0.0 0.98 0.75 1.652384 1.0 0.74 0.98 0.0 0.25 0.74 1.144321 0.5 1.144321
-1 1418362631.189705 0.75 0.5 0.25 0.7204 0.25 0.49 1.24 0.75 1.25 0.74 0.25 0.0 0.25
-1 1418362631.402473 0.0 0.0 0.0 0.75 0.4704 0.99 0.0 0.5 0.75 0.5 0.99 0.49 0.99
-1 1418362631.617074 0.62878 0.5 0.4704 1.339316 1.691584 0.461584 0.943121 0.903921 1.521284 0.75 1.165396 0.0 1.165396
-1 1418362631.847686 0.0 0.75 0.673921 0.173921 0.9604 0.14878 0.4704 0.25 0.5 0.25 0.25 0.443121 0.25
-1 1418362632.065498 0.193121 0.655796 0.74 1.406964 1.5 0.805774 0.867364 0.0 1.2104 0.5 0.5 0.5 0.5
-1 1418362632.287291 0.0 0.0 0.49 0.5 1.48 0.99 0.0 0.0 0.5 0.7104 0.75 0.74 0.75
-1 1418362632.547293 0.691584 0.0 1.431584 0.7204 0.25 0.4704 0.25 0.691584 0.5 0.0 0.0 0.0 0.0
-1 1418362632.773382 0.40958 0.25 1.394321 0.6908 1.24 1.114721 0.9704 0.25 0.610808 1.13838 0.9408 1.24 0.9408
-1 1418362633.029074 1.605105 0.933121 0.25 1.2204 0.0 0.25 1.48 0.74 1.7104 0.723461 0.378503 0.0 0.378503
-1 1418362633.263324 0.0 0.75 2.597041 1.25 1.25 1.0 0.5 0.0 0.193121 1.0 1.5 1.0 1.5
-1 1418362633.452672 0.793942 0.74 1.135796 0.894321 0.5 0.685396 0.74 0.74 1.991078 0.99 0.25 0.0 0.25
-1 1418362633.686628 1.48 0.99 0.99 1.358548 0.25 1.608548 1.48 1.73 1.97 1.0 0.75 0.74 0.75
-1 1418362633.923096 0.99 0.25 0.75 1.681584 1.2204 0.931584 0.5 1.393712 1.756653 0.443121 0.49 0.25 0.49
-1 1418362634.124752 0.9704 0.877764 2.143921 0.74 0.75 0.25 0.306189 0.25 0.74 0.5 0.443121 0.193121 0.443121
-1 1418362634.337465 0.931584 0.74 0.98 0.861085 0.49 0.49 0.62561 0.25 0.75 0.74 0.25 0.98 0.25
-1 1418362634.583967 0.0 0.2204 1.49 1.809001 1.7204 0.9704 0.4704 0.0 0.25 0.9604 0.99 1.74 0.99
-1 1418362634.802289 1.7104 1.803176 1.028947 0.441584 0.4704 0.2204 2.053176 1.74 0.5 0.75 0.249015 0.4704 0.249015
-1 1418362635.049301 0.0 0.0 0.25 1.357764 0.74 0.25 0.25 0.74 0.25 0.548962 0.911984 0.49 0.911984
-1 1418362635.282629 0.5 1.441584 1.0 1.507742 1.98 0.5 0.693121 0.5 0.5 0.855842 1.213818 1.4604 1.213818
-1 1418362635.542040 0.0 0.9704 2.004441 1.2204 0.75 0.75 0.9704 0.055837 0.5 0.99 0.9704 0.74 0.9704
-1 1418362635.745419 0.306189 0.2204 0.718044 0.75 0.75 0.75 1.520168 0.792995 0.5 0.75 0.915396 0.5 0.915396
-1 1418362635.994772 0.74 0.646964 0.9604 0.7204 0.74 1.117764 0.25 0.685396 0.25 2.4504 1.2204 0.25 1.2204
-1 1418362636.227112 0.99631 0.876374 0.5 0.877764 0.0 0.423921 0.64878 1.17023 0.75 1.173921 0.5 1.286674 0.5
-1 1418362636.462221 0.25 0.25 1.98 2.338164 0.5 1.323453 0.7204 0.25 0.5 0.961584 0.5 0.25 0.5
-1 1418362636.715313 1.377764 2.089348 1.4408 0.423921 0.0 0.423921 2.089348 2.910232 1.127764 0.75 0.49 0.0 0.49
-1 1418362637.111480 0.2204 0.25 0.5 0.5 0.75 0.25 0.74 0.0 0.379262 0.99 0.4704 0.5 0.4704
-1 1418362637.337955 1.529884 1.331901 1.0 0.591608 0.5 0.74 1.70011 1.458264 1.78053 0.5 0.25 0.25 0.25
-1 1418362637.568779 0.49 0.0 1.48 2.410079 1.4408 1.941584 1.403921 0.693121 0.693121 1.903168 0.6908 1.633921 0.6908
-1 1418362637.786894 0.25 0.25 1.536481 2.921217 3.38317 0.631085 0.5 0.5 0.5 0.415396 0.415396 2.384397 0.415396
-1 1418362638.010421 0.74 1.701584 2.078948 2.357764 1.25 1.93094 1.49 1.24 0.75 2.894838 1.860084 1.24 1.860084
-1 1418362638.241907 1.981084 1.6908 0.717389 0.75 0.4704 0.5 2.721084 1.856925 0.74 1.24 0.5 0.5 0.5
-1 1418362638.468709 1.403921 0.693121 1.24 0.711584 0.99 0.99 1.663521 1.193121 1.903921 1.701584 0.99 0.74 0.99
-1 1418362638.706383 1.272075 1.29657 0.637364 0.4704 0.0 0.941584 1.0 0.849497 1.893921 0.4704 0.0 0.4704 0.0
-1 1418362638.975860 1.568102 0.923844 2.058557 0.4704 0.5 0.25 2.143844 1.529686 2.45226 0.25 1.004989 0.25 1.004989
-1 1418362639.181441 0.25 0.0 1.181584 1.5 1.0 0.5 0.25 0.644321 0.25 0.25 0.99 0.75 0.99
-1 1418362639.412217 0.74 0.25 0.9704 0.99 0.25 1.0 0.25 0.7204 0.75 1.2204 0.25 0.0 0.25
-1 1418362639.599475 1.121085 1.2104 3.036483 0.25 0.75 1.150285 1.770531 1.121085 0.881085 1.592653 0.5 0.25 0.5
-1 1418362639.808085 0.49 1.497105 0.634705 0.9704 0.7204 0.4704 1.2204 0.443121 0.0 0.9408 0.7204 0.5 0.7204
-1 1418362640.027059 2.505517 1.673121 1.7104 0.99 1.4704 1.653168 1.48 2.632144 1.9504 2.132384 1.675396 0.9704 1.675396
-1 1418362640.244027 0.75 0.75 0.550515 0.173921 0.25 0.588147 0.961584 0.75 0.5 0.691584 0.0 0.25 0.0
-1 1418362640.465226 0.691584 0.7204 0.951584 0.25 0.9704 0.25 0.99 0.98 0.88878 0.9704 0.25 0.5 0.25
-1 1418362640.756999 1.323453 0.4704 0.9604 0.25 1.111085 0.39481 0.4704 1.241315 1.2204 0.56279 0.75 0.5 0.75
-1 1418362640.990736 0.25 0.5 1.306189 1.627764 0.75 1.127764 0.842653 0.74 0.2204 0.75 1.0 0.5 1.0
-1 1418362641.218882 0.7204 0.9604 1.4604 0.49 0.25 0.0 1.6904 0.9704 0.4704 0.591869 0.683121 0.150285 0.683121
-1 1418362641.447067 0.193121 1.790884 1.522084 1.959664 2.365045 0.5 1.762468 1.392908 1.601869 2.361219 1.348164 0.941584 1.348164
-1 1418362641.690889 0.884031 0.377764 0.923921 0.0 0.25 0.5 0.867764 0.848164 1.026544 1.068947 0.0 0.25 0.0
-1 1418362641.911004 0.7204 0.9704 1.1908 0.25 1.431984 0.75 0.6908 1.176984 1.6908 0.75 1.524237 0.5 1.524237
-1 1418362642.140508 1.2104 0.627764 0.74 0.49 0.5 0.49 0.867364 1.2104 0.14481 0.75 0.49 1.0 0.49
-1 1418362642.389059 1.7204 0.25 1.623921 0.49 0.931584 1.4308 0.75 0.62561 0.75 1.7004 0.7204 0.99 0.7204
-1 1418362642.606324 0.0 0.683121 1.4704 1.951584 1.7204 0.99 1.346995 0.0 0.0 1.7104 1.24 1.7204 1.24
-1 1418362642.810278 0.5 0.5 1.301823 1.49 1.4604 2.413121 1.828948 0.461584 0.443121 1.903521 2.2004 1.441584 2.2004
-1 1418362643.056432 1.094931 0.25 0.7204 1.2204 0.99 0.25 1.644705 1.201584 1.570884 1.0 2.318164 1.24 2.318164
-1 1418362643.256421 1.617764 2.2004 0.75 0.9604 0.25 0.851485 2.903521 2.117764 1.348428 1.2104 1.421984 0.25 1.421984
-1 1418362643.537817 0.570884 0.872516 0.25 1.2204 0.769144 0.519931 0.339484 0.743404 0.646964 0.0 0.961584 1.019144 0.961584
-1 1418362643.777067 0.881085 1.313453 0.5 0.0 0.75 0.74 1.336642 1.131085 0.5 0.877764 0.665396 0.75 0.665396
-1 1418362643.962089 0.338147 0.74 0.4704 0.81813 1.23 0.75 1.431984 0.338147 0.2204 0.5 0.5 0.49 0.5
-1 1418362644.203479 0.25 0.5 1.9504 1.2104 0.99 1.7104 0.75 0.25 1.941584 1.896964 1.2204 0.75 1.2204
-1 1418362644.419249 0.9704 0.5 0.933121 1.423168 0.25 0.5 0.25 0.5 0.7204 0.923921 0.75 0.25 0.75
-1 1418362644.638185 0.25 0.5 0.400285 0.5 0.74 0.75 0.806189 0.0 0.5 1.661984 0.74 0.75 0.74
-1 1418362644.894597 1.86878 1.49 1.607764 0.25 0.25 0.2204 1.400285 1.544399 0.98 0.75 1.605505 0.5 1.605505
-1 1418362645.096406 0.0 0.441584 1.48 0.74 1.4604 0.99 0.931584 0.0 0.0 1.73 1.4504 1.7104 1.4504
-1 1418362645.329132 1.117764 1.24 0.75 0.7204 0.75 1.0 1.0 0.99 1.165996 0.75 0.4704 1.0 0.4704
-1 1418362645.578924 0.0 0.25 1.413921 0.99 1.443121 1.173921 0.0 0.0 0.5 0.75 0.75 0.943121 0.75
-1 1418362645.816687 1.450292 0.089484 0.25 1.675396 0.5 0.5 0.0 1.058207 1.431584 0.25 1.0 0.646964 1.0
-1 1418362646.039539 0.7204 0.7204 1.191584 0.0 0.5 0.423921 1.191584 0.2204 0.894321 0.691584 0.5 0.5 0.5
-1 1418362646.277586 2.23396 0.9704 0.75 0.75 0.5 0.7204 1.382384 2.038964 1.2104 0.923921 0.9704 0.75 0.9704
-1 1418362646.473564 0.603363 0.941584 1.359316 2.201584 0.423921 1.711584 1.633168 0.4704 1.443121 2.516131 1.74 1.365505 1.74
-1 1418362646.704156 0.416964 0.627764 1.4408 0.9704 0.4704 0.9308 0.5 0.416964 1.73 2.334796 0.5 1.651984 0.5
-1 1418362646.928932 0.25 0.5 2.445911 1.0 0.9704 0.5 0.5 0.25 0.933121 0.7204 1.25 0.9704 1.25
-1 1418362647.174718 1.36878 0.39878 0.0 1.49 0.943121 1.451584 0.572701 1.35918 0.87878 1.534637 1.082653 0.624274 1.082653
-1 1418362647.405899 1.568164 0.6908 0.74 1.24 1.23 1.49 0.663521 0.441584 1.1808 2.153921 1.24 0.98 1.24
-1 1418362647.649153 0.98 1.4408 1.406964 0.75 0.74 0.7204 1.6908 0.9604 0.5 1.931584 0.862653 0.74 0.862653
-1 1418362647.922156 1.49 0.5 0.75 0.75 1.193121 0.25 1.0 0.99 1.49 1.166964 0.99 0.5 0.99
-1 1418362648.076491 0.653921 0.423921 2.075074 0.4704 0.9408 1.065074 0.423921 0.653921 0.173921 1.6808 1.13878 0.874274 1.13878
-1 1418362648.357257 0.4704 0.49 1.895396 1.24 0.5 0.5 0.890285 0.2204 0.2204 1.991449 1.49 0.25 1.49
-1 1418362648.558510 0.25 0.5 0.74 1.2104 0.25 1.421984 0.943121 0.25 1.24 0.711584 1.4408 0.25 1.4408
-1 1418362648.779822 0.75 0.6908 0.691584 0.4704 0.5 1.0 1.1612 0.75 0.25 1.788049 0.4704 0.5 0.4704
-1 1418362649.019896 1.9504 2.411584 1.2204 0.913921 0.9604 1.337441 0.98 1.4604 1.72 0.952415 1.310884 0.74 1.310884
-1 1418362649.222230 0.74 0.25 0.0 0.2204 0.25 0.0 0.49 0.49 0.2204 0.25 0.2204 0.25 0.2204
-1 1418362649.433450 0.0 0.7204 1.681584 0.5 0.75 0.5 0.0 0.25 0.0 0.5 0.25 0.512617 0.25
-1 1418362649.717478 0.9704 0.5 1.607364 0.2204 0.896964 0.0 1.0 0.5 0.75 0.49 0.2204 0.99 0.2204
-1 1418362649.936987 0.25 0.933121 0.25 0.923921 0.25 1.140285 0.74 0.0 0.0 0.99 0.691584 0.4704 0.691584
-1 1418362650.166233 0.0 0.435396 0.5 0.0 0.0 0.7204 1.035226 0.0 1.651984 1.2104 0.693121 0.25 0.693121
-1 1418362650.422195 1.931584 0.74 0.99 0.7104 0.49 0.74 1.783268 0.5 0.75 1.23 0.74 0.49 0.74
-1 1418362650.668446 0.0 0.25 0.25 1.2204 0.99 0.25 0.5 0.0 0.5 0.5 1.173921 0.25 1.173921
-1 1418362650.899270 1.4308 0.9308 0.9704 0.25 1.4604 0.25 1.132384 1.1808 1.9504 0.4704 0.74 0.5 0.74
-1 1418362651.156392 0.25 0.25 0.99 0.25 0.74 0.685396 1.431584 0.691584 1.681584 1.425396 0.4704 0.99 0.4704
-1 1418362651.441806 1.655396 0.9704 0.5 0.0 0.0 0.5 1.098903 1.671984 0.516714 0.5 0.25 0.25 0.25
-1 1418362651.694687 1.165396 0.74 1.0 0.25 0.0 0.0 0.5 0.5 0.7204 0.0 0.5 0.0 0.5
-1 1418362651.912030 0.0 0.25 0.9704 0.75 0.75 0.25 1.332653 0.49 0.2204 1.24 0.25 0.75 0.25
-1 1418362652.131789 0.49 0.75 0.74 1.328547 1.681584 2.401984 0.99 0.74 0.74 1.49 1.24 1.883168 1.24
-1 1418362652.382375 0.0 0.0 1.193121 0.0 0.74 0.25 0.711584 0.0 0.5 0.666964 0.25 0.49 0.25
-1 1418362652.615855 0.25 1.4704 1.24 0.809703 0.25 0.693121 1.540515 0.25 0.25 1.365505 0.829703 0.25 0.829703
-1 1418362652.863231 1.24 1.49 1.4704 0.5 0.5 0.5 0.99 1.23 0.74 0.25 0.691584 0.25 0.691584
-1 1418362653.066076 0.25 0.5 1.675396 0.74 1.181984 0.5 0.25 0.4704 0.0 0.25 0.5 0.75 0.5
-1 1418362653.428016 0.415396 0.415396 0.75 1.5 0.75 1.24 1.385796 0.635796 0.572669 1.0 1.646964 0.25 1.646964
-1 1418362653.629351 0.5 1.2204 0.75 0.25 0.25 0.75 0.75 0.75 0.5 0.75 0.75 0.25 0.75
-1 1418362653.883756 1.554621 0.9704 1.661984 1.105105 0.5 0.872829 0.5 1.0 0.75 0.5 0.691584 0.5 0.691584
-1 1418362654.085209 1.9504 1.671984 1.9308 0.75 1.4704 0.25 1.671984 1.6808 1.857764 1.103629 1.25 0.75 1.25
-1 1418362654.418383 0.691584 0.441584 1.922193 3.23411 0.87878 2.113393 1.653168 0.691584 1.423921 1.443993 1.411984 0.941584 1.411984
-1 1418362654.641844 0.423921 0.74 1.0 0.99 1.73 1.921584 1.2104 0.173921 0.25 1.683121 0.99 1.4704 0.99
-1 1418362654.879520 0.25 0.99 0.923921 1.2204 0.693121 0.711584 1.0 0.25 0.0 0.681984 0.7204 0.5 0.7204
-1 1418362655.159748 0.74 0.7204 0.627764 0.923921 0.25 0.75 1.4704 0.74 0.806189 1.0 0.75 0.25 0.75
-1 1418362655.373620 0.25 0.5 1.2204 0.5 1.4704 1.0 0.5 0.5 0.25 1.0 0.5 0.75 0.5
-1 1418362655.652284 0.75 0.5 1.4504 1.73 0.5 0.673921 0.5 0.25 0.5 1.654705 1.608516 0.5 1.608516
-1 1418362655.877471 0.75 0.75 1.550515 1.282068 0.25 1.649832 1.301636 0.5 0.74631 0.916964 1.403996 1.124321 1.403996
-1 1418362656.155072 0.75 0.75 0.935396 0.423921 0.25 0.423921 1.2104 0.5 1.2204 0.6908 0.99 0.75 0.99
-1 1418362656.406757 0.5 0.25 0.4704 0.25 0.75 0.99 0.74 0.0 0.5 1.74 0.75 0.75 0.75
-1 1418362656.660099 0.5 0.75 0.7204 0.75 0.75 1.24 0.7204 0.961584 0.5 0.75 0.5 0.5 0.5
-1 1418362656.894997 0.25 0.64878 0.961584 1.161984 0.5 0.923168 1.0 0.25 0.75 0.7204 1.201584 0.5 1.201584
-1 1418362657.107799 0.25 0.0 1.325905 0.25 0.4704 0.74 0.443121 0.0 0.88878 1.341485 0.443121 0.0 0.443121
-1 1418362657.350473 0.74 0.5 1.48 0.7204 0.7204 0.74 0.5 0.25 0.99 0.99 0.7104 0.9704 0.7104
-1 1418362657.560817 1.9604 0.9704 1.0 0.25 0.5 0.0 1.4704 1.9408 3.317596 1.24 0.4704 0.25 0.4704
-1 1418362657.800074 1.886964 1.933121 1.7104 1.864721 2.2004 1.2104 1.683121 1.957213 1.23 1.403521 1.7004 1.4604 1.7004
-1 1418362658.070602 0.7204 0.49 0.443121 0.7204 0.2204 0.7204 0.038495 0.288495 0.5 0.9408 0.4704 0.0 0.4704
-1 1418362658.437532 0.25 0.75 0.9704 0.75 0.961584 1.0 0.75 0.25 0.0 0.99 0.25 0.961584 0.25
-1 1418362658.627018 0.25 0.5 1.38698 0.49 1.4604 0.673921 0.25 0.25 0.99 0.923921 0.49 0.5 0.49
-1 1418362658.943955 0.38838 1.49 0.612653 1.173921 0.9704 0.5 2.279065 1.13838 1.62838 1.173921 0.923921 0.5 0.923921
-1 1418362659.170446 0.75 0.75 0.5 0.25 0.74 0.75 0.25 0.7204 0.75 1.201584 0.25 0.673921 0.25
-1 1418362659.400379 0.0 0.0 0.5 0.25 0.0 0.0 0.25 0.5 0.25 0.25 0.25 0.0 0.25
-1 1418362659.600079 0.25 0.4704 0.685396 0.9704 1.2204 0.5 0.826242 0.25 0.5 1.509747 0.5 0.74 0.5
-1 1418362659.815575 0.25 0.4704 1.23 0.0 0.9604 0.0 1.2204 1.1908 1.25 0.74 0.0 0.25 0.0
-1 1418362660.042297 0.9704 1.661984 2.181584 0.691584 1.161984 1.191584 0.9704 1.2204 2.109564 1.873568 0.25 1.161984 0.25
-1 1418362660.251409 0.5 0.5 1.469295 1.48 1.0 0.74 0.5 0.5 0.5 1.4504 0.74 1.24 0.74
-1 1418362660.438594 1.872384 1.9504 0.75 0.66798 0.75 0.7204 1.7004 1.374321 0.9704 0.7204 0.400285 0.25 0.400285
-1 1418362660.664563 0.25 0.2204 1.09918 0.381085 1.446029 0.173921 0.941584 0.5 1.0 0.822701 1.476582 0.823453 1.476582
-1 1418362660.912187 0.5 1.646964 0.9704 0.25 0.5 0.25 2.082653 0.5 0.75 0.5 0.25 0.25 0.25
-1 1418362661.149826 0.7204 0.75 0.923921 0.581608 1.584297 0.341608 1.2204 0.7204 1.0 0.75 0.0 1.681663 0.0
-1 1418362661.372648 1.0 1.312701 0.0 1.351085 1.31789 0.25 1.163921 0.5 1.0 0.2204 0.25 0.0 0.25
-1 1418362661.607352 1.2104 1.035805 2.19197 1.347841 1.413921 0.75 0.75 1.201584 2.109564 1.0 1.597841 0.5 1.597841
-1 1418362661.837977 0.49 0.25 1.663168 1.521557 1.435396 0.711584 1.193121 0.25 1.2204 1.38698 1.691584 1.163921 1.691584
-1 1418362662.045884 0.0 0.0 2.168251 1.1908 2.087764 1.451584 0.0 0.173921 0.2204 0.75 0.564621 0.461584 0.564621
-1 1418362662.258368 0.49 0.5 0.99 0.25 0.5 0.75 0.74 0.74 0.25 1.74 0.25 0.75 0.25
-1 1418362662.503805 0.0 1.005528 1.24 0.75 1.0 1.24 1.301684 0.0 0.49 0.75 0.75 1.0 0.75
-1 1418362662.733947 0.5 0.5 1.528057 1.47556 1.393168 1.615505 0.589455 0.75 0.5 1.827841 0.2204 0.903168 0.2204
-1 1418362662.963218 0.25 0.0 2.841016 2.776689 2.373921 0.4704 0.4704 0.25 0.9604 1.71091 1.46011 1.317394 1.46011
-1 1418362663.233750 1.4604 1.0 2.937289 2.494622 4.614372 2.013005 1.24 1.49 1.2104 2.889646 3.329054 2.975269 3.329054
-1 1418362663.527266 1.4604 0.640285 1.73 2.63707 3.555905 1.2104 1.768049 0.98 1.23 1.941584 1.681584 1.653921 1.681584
-1 1418362663.807885 0.0 0.4704 0.673921 1.411984 0.5 0.0 0.4704 0.25 0.0 0.0 0.25 0.25 0.25
-1 1418362664.040924 0.99 1.25 3.143521 3.125105 2.24 2.875105 2.191584 1.24 1.11561 1.5 2.161261 1.5 2.161261
-1 1418362664.309997 0.25 1.4408 1.681584 0.862653 1.456475 0.7204 0.691584 0.0 0.2204 1.681584 0.5 1.352653 0.5
-1 1418362664.526180 0.99 1.655396 2.02297 3.849094 2.734376 2.70556 2.587764 1.423121 0.75 3.599094 3.288922 3.078923 3.288922
-1 1418362664.728321 1.683121 0.5 0.7204 2.171984 2.363568 0.911984 0.7204 1.48 0.9704 0.9704 0.7204 1.373568 0.7204
-1 1418362664.954898 0.49 0.0 1.423121 1.033976 0.99 0.5 0.75 0.0 0.99 0.75 0.742112 0.25 0.742112
-1 1418362665.170268 0.0 0.25 0.468606 0.0 0.0 0.0 0.25 0.0 0.0 0.25 0.0 0.5 0.0
-1 1418362665.433335 0.5 0.4704 0.25 1.183121 0.25 1.404705 0.5 0.25 0.25 0.75 0.25 0.25 0.25
-1 1418362665.690971 0.25 0.25 0.2204 1.23 0.7204 0.25 0.0 0.0 0.150285 0.99 0.25 0.4704 0.25
-1 1418362665.914221 0.25 0.25 0.0 0.25 0.461584 0.25 0.25 0.5 0.0 0.2204 0.25 0.0 0.25
-1 1418362666.152969 0.173921 0.0 1.563453 1.406964 0.691584 1.173921 0.0 0.0 0.0 1.323453 0.915396 0.7104 0.915396
-1 1418362666.458515 0.25 0.5 0.5 2.393921 0.5 1.643921 0.711584 0.423921 0.25 1.624321 1.403921 0.75 1.403921
-1 1418362666.725660 0.673921 0.5 1.9408 0.7204 0.7104 0.5 0.916964 0.5 1.24 0.9704 0.4704 0.2204 0.4704
-1 1418362666.952998 0.25 0.9704 1.4504 1.875147 2.340008 1.671984 0.5 0.25 0.25 2.006574 0.9604 1.543453 0.9604
-1 1418362667.198815 0.5 0.75 0.951584 1.604721 0.99 2.344721 1.0 0.5 0.75 1.8009 1.4604 0.5 1.4604
-1 1418362667.401078 0.5 0.5 1.617041 1.183121 1.646964 0.99 1.091901 0.5 1.643921 1.683121 0.933121 1.634321 0.933121
-1 1418362667.645456 0.0 0.2204 1.943121 0.9604 1.2204 0.49 0.4704 0.173921 0.0 0.49 0.0 0.25 0.0
-1 1418362667.934222 0.0 0.25 1.1908 0.663521 0.5 0.5 0.0 0.2204 0.0 0.4704 0.443121 0.5 0.443121
-1 1418362668.231024 0.9704 0.9704 0.5 1.0 0.75 0.5 1.2204 1.4604 1.630629 1.366289 0.75 1.173921 0.75
-1 1418362668.496881 0.691584 0.691584 0.673921 1.0 0.75 0.5 0.25 0.691584 0.461584 0.5 0.5 1.372829 0.5
-1 1418362668.871676 1.0 0.25 0.570068 1.364321 0.25 0.25 1.282436 1.211584 1.492584 0.320068 0.4704 0.0 0.4704
-1 1418362669.169471 0.691584 0.25 0.9704 1.9604 0.5 1.2204 0.25 0.25 0.49 1.644321 1.24 0.25 1.24
-1 1418362669.395964 0.4704 1.4408 0.75 0.7204 0.25 0.693121 1.6808 1.2204 0.691584 0.25 0.75 0.0 0.75
-1 1418362669.610653 0.5 2.308147 0.5 0.75 0.25 0.5 2.46 1.0 0.25 0.75 0.5 0.25 0.5
-1 1418362669.974248 0.0 0.2204 0.4704 1.403921 0.608157 0.25 0.0 0.7204 0.99 0.0 0.4704 0.940573 0.4704
-1 1418362670.292000 0.882829 0.25 0.606641 0.882384 0.2204 0.9604 0.5 0.0 0.0 0.5 0.2204 0.2204 0.2204
-1 1418362670.569786 0.25 0.7204 1.161984 0.461584 0.25 0.0 0.4704 0.74 0.685396 0.0 0.25 0.25 0.25
-1 1418362670.833555 0.661984 0.691584 1.342653 0.608147 0.25 1.0 0.941584 0.2204 0.755144 1.2204 0.0 0.4704 0.0
-1 1418362671.065744 0.5 0.25 0.25 0.25 0.9408 0.25 0.25 0.25 0.5 1.0 0.5 0.25 0.5
-1 1418362671.297955 0.894321 1.231715 0.5 0.49 0.0 0.49 0.39878 1.371661 0.711584 0.25 0.5 0.4704 0.5
-1 1418362671.556506 0.7204 1.191584 0.25 1.303453 0.2204 0.4704 0.913921 0.99 0.99 0.49 0.25 0.2204 0.25
-1 1418362671.811213 0.4704 0.7204 0.75 0.75 1.0 1.0 1.7104 0.25 1.342653 1.0 1.0 1.24 1.0
-1 1418362672.044480 0.423921 0.0 0.25 1.24 0.5 1.181584 0.0 0.0 0.711584 0.74 0.74 0.74 0.74
-1 1418362672.303749 0.9704 1.0 0.75 1.4604 0.75 0.0 3.334721 1.2204 1.394321 1.191584 0.5 0.75 0.5
-1 1418362672.538991 0.0 0.0 1.24 0.626532 0.5 0.0 0.25 0.25 0.0 0.25 0.711584 1.24 0.711584
-1 1418362672.797751 0.74 1.73 0.933121 2.569348 0.49 1.24 0.75 0.74 0.75 1.24 0.9604 0.25 0.9604
-1 1418362673.021073 0.0 0.292834 1.663921 1.392829 1.663921 1.5 1.625052 0.25 1.112653 1.0 1.0 1.663921 1.0
-1 1418362673.257789 1.383921 1.0 1.693121 2.2104 1.0 1.0 1.24 0.943121 2.222099 1.49 1.852653 1.0 1.852653
-1 1418362673.516720 0.25 0.883921 1.362653 2.372384 1.113229 1.2104 0.9408 0.25 1.3916 2.42197 0.9308 1.323053 0.9308
-1 1418362673.723977 0.5 0.7204 1.39878 1.784285 1.972233 1.14878 1.981306 0.25 1.173921 1.812301 1.35918 1.36918 1.35918
-1 1418362673.962045 1.146964 0.5 0.0 0.5 0.49 0.74 0.25 0.943121 1.23 0.5 0.0 0.74 0.0
-1 1418362674.236947 0.715094 0.98 0.14878 0.324621 0.25 0.0 0.75 0.5 0.25 0.0 0.0 0.0 0.0
-1 1418362674.519701 1.191584 0.99 2.413521 2.208158 2.191584 1.083821 0.75 0.25 1.127764 2.01359 0.7204 1.0 0.7204
-1 1418362674.765612 0.7104 0.2204 0.4704 0.7204 0.9408 0.2204 0.4408 1.614321 0.415396 0.2204 0.9408 0.2204 0.9408
-1 1418362674.988170 1.441584 0.381085 0.49 0.49 0.0 0.74 0.0 1.0 0.74 1.13878 0.25 0.49 0.25
-1 1418362675.220823 0.49 1.611085 0.75 0.25 0.732112 0.5 2.280679 0.49 1.870104 0.7204 0.2204 0.5 0.2204
-1 1418362675.521503 0.673921 0.461584 0.9604 0.5 0.865505 0.5 0.4704 0.847841 0.711584 0.25 0.74 0.2204 0.74
-1 1418362675.818363 0.7204 0.25 1.605505 1.2104 1.201584 1.48 1.2204 0.4704 0.601485 0.99 0.7104 0.74 0.7104
-1 1418362675.996980 0.25 0.74 1.49 0.5 1.13838 1.24 0.74 0.5 1.050515 1.48 0.915396 0.4704 0.915396
-1 1418362676.223673 0.2204 0.7204 1.25 1.4604 0.25 1.2204 1.1908 0.2204 0.0 0.9704 1.2204 0.75 1.2204
-1 1418362676.467035 1.386964 0.852653 0.75 0.75 1.0 1.185396 0.612653 1.386964 0.5 1.0 0.75 1.0 0.75
-1 1418362676.707396 0.0 0.25 0.322921 0.9604 0.25 1.2104 0.7104 0.74 0.5 0.941584 0.4704 0.25 0.4704
-1 1418362676.949610 1.727327 2.073053 0.609564 0.25 0.4704 1.386964 1.7104 1.967327 1.403921 1.7204 0.941584 0.75 0.941584
-1 1418362677.153189 0.75 1.211584 0.75 1.2104 0.639018 0.639018 1.0 0.5 1.153921 1.514742 0.820068 0.389018 0.820068
-1 1418362677.410494 0.25 0.25 0.75 1.173921 0.99 0.685396 0.913521 0.0 0.7204 0.91798 1.701584 0.5 1.701584
-1 1418362677.662581 0.691584 1.661984 1.144321 1.4408 0.5 0.9704 2.123568 1.403168 0.0 1.4408 0.9112 0.5 0.9112
-1 1418362677.969821 1.403921 0.923921 0.74 1.0 1.0 0.75 1.820884 1.069484 1.847764 0.9704 0.7204 1.25 0.7204
-1 1418362678.201006 2.248223 1.073453 0.25 0.7104 0.2204 0.25 0.681984 1.578164 1.404569 0.7204 0.25 0.0 0.25
-1 1418362678.406313 1.0 1.0 0.74 1.25 1.0 1.0 0.75 0.5 1.2204 1.0 1.0 0.75 1.0
-1 1418362678.779321 1.355105 1.161984 0.75 1.163521 0.9604 0.5 0.941584 0.941584 0.75 1.343821 0.663921 0.74 0.663921
-1 1418362679.078478 1.431217 0.377764 0.9704 1.24 0.75 1.24 0.841869 1.246574 0.362653 2.4208 0.75 0.943121 0.75
-1 1418362679.321916 0.5 0.5 0.74 1.459632 1.2204 0.961584 0.25 0.5 0.833629 1.421984 0.5 1.328147 0.5
-1 1418362679.564399 0.2204 0.328316 0.7204 1.691584 0.25 0.25 0.909304 0.2204 0.2204 2.391984 1.24 0.5 1.24
-1 1418362679.841985 0.0 0.0 0.0 0.7204 0.74 0.5143 0.0 0.0 0.4704 0.2204 0.25 0.25 0.25
-1 1418362679.984531 0.74 0.7204 1.143461 0.5 0.5 1.385796 1.1808 0.74 0.49 0.5 0.423921 0.25 0.423921
-1 1418362680.234374 2.707405 2.595505 1.665396 1.153921 1.24 0.9604 2.36698 2.961009 1.819348 1.373568 0.7204 0.25 0.7204
-1 1418362680.438980 3.602801 2.818164 1.1808 1.2104 0.2204 0.75 3.437774 2.955437 2.587084 1.462562 1.2104 0.2204 1.2104
-1 1418362680.690641 0.913521 1.087441 0.4704 0.7204 1.2104 1.0 1.798625 0.913521 0.943121 0.75 0.941584 0.75 0.941584
-1 1418362680.955716 0.0 0.0 1.5 1.0 0.75 1.24 0.5 0.666964 0.0 1.0 0.25 1.0 0.25
-1 1418362681.198831 0.381085 0.25 0.881085 1.443121 1.544237 0.5 0.691584 0.4704 0.5 0.881085 1.173921 1.073453 1.173921
-1 1418362681.471274 2.548241 1.691584 1.097516 1.806607 1.73 1.24 1.9504 2.095505 2.143921 1.24 0.627116 1.24 0.627116
-1 1418362681.672173 0.25 0.923921 1.0 1.809884 0.75 1.7204 1.089348 0.25 0.5 1.461584 1.5 0.5 1.5
-1 1418362681.916576 1.394706 0.590084 1.046189 1.2004 0.25 0.663921 0.914706 1.913169 1.146964 1.024729 0.99 0.9604 0.99
-1 1418362682.136237 0.071791 0.5 1.372829 0.49 0.25 0.98 0.25 0.0 0.5 1.393252 0.25 0.441584 0.25
-1 1418362682.356248 1.0 0.5 0.75 1.0 0.74 0.5 0.75 0.25 0.443121 0.9704 0.75 0.933121 0.75
-1 1418362682.631687 0.4704 0.9604 1.4308 0.9604 0.4704 0.9604 1.323053 0.4704 0.903212 1.4408 1.4504 0.7204 1.4504
-1 1418362682.839596 1.637364 0.2204 0.25 0.4704 0.951584 0.99 1.624321 0.416964 0.25 0.75 0.75 0.5 0.75
-1 1418362683.111128 1.24 0.74 0.63878 1.83698 0.595762 1.634321 0.49 0.99 0.74 2.094721 0.74 0.913921 0.74
-1 1418362683.360316 0.5 0.25 0.25 1.376964 0.99 0.74 0.0 0.25 0.7204 0.74 0.5 0.5 0.5
-1 1418362683.578196 0.873023 0.4704 1.25 1.49 1.74 1.49 1.431584 0.872329 1.515675 1.355842 0.75 1.43095 0.75
-1 1418362683.793427 0.25 0.25 0.847841 0.913921 0.5 0.0 0.25 0.25 1.691584 0.75 0.663921 0.25 0.663921
-1 1418362683.990129 0.0 0.0 0.75 1.4704 1.23 1.2104 0.0 0.0 0.25 1.24 1.4704 1.6808 1.4704
-1 1418362684.267231 1.022953 0.5 0.75 0.75 0.5 1.573999 1.646964 0.772953 0.9604 1.25 0.75 0.5 0.75
-1 1418362684.505506 0.5 0.25 0.75 2.094721 0.5 0.49 0.5 0.5 0.25 1.4408 1.141801 0.25 1.141801
-1 1418362684.752340 1.379541 0.25 1.211584 0.75 0.0 0.99 1.12878 1.470417 1.24 1.23 0.75 0.0 0.75
-1 1418362684.981421 0.0 0.310494 1.142829 0.25 0.75 0.5 0.906761 0.4704 0.913521 0.5 0.9704 0.5 0.9704
-1 1418362685.206051 0.036284 0.0 1.1908 1.124321 0.6908 0.99 0.25 0.0 0.49 1.7104 0.6908 0.25 0.6908
-1 1418362685.448969 1.769762 0.99 0.2204 0.25 0.25 0.9704 0.9604 1.163921 0.663921 0.9704 0.5 0.49 0.5
-1 1418362685.789947 1.266604 1.23 0.925396 1.62698 0.25 1.510531 1.571885 0.7204 0.935396 1.088147 1.4604 0.362653 1.4604
-1 1418362685.994268 1.400337 0.943121 0.933121 0.9704 0.5 0.4704 0.923921 0.929937 0.25 0.4704 0.9704 0.0 0.9704
-1 1418362686.231104 1.518272 0.75 1.153921 1.24 0.99 1.0 1.4704 1.675396 0.685396 1.23 1.623884 0.99 1.623884
-1 1418362686.520525 0.5 0.5 0.99 1.883168 0.4704 0.7104 0.5 0.514742 0.7104 0.862653 1.441584 0.25 1.441584
-1 1418362686.721261 0.5 1.941584 0.99 0.5 0.7204 0.0 0.98 0.25 0.75 0.9604 1.0 0.6908 1.0
-1 1418362686.989411 2.168168 0.5 1.441584 1.266574 0.5 0.5 0.877764 1.848164 0.377764 0.25 1.357764 0.5 1.357764
-1 1418362687.227021 0.693121 0.943121 2.615105 0.711584 0.7204 0.443121 1.841901 0.693121 0.193121 1.4604 1.911984 1.24 1.911984
-1 1418362687.488189 0.74 0.99 1.256696 1.331485 0.75 1.0 1.24 0.74 0.5 1.881085 1.378369 1.24 1.378369
-1 1418362687.740518 0.25 0.423921 2.143168 1.183121 0.961584 1.24 0.973885 0.0 0.0 0.99 1.49 1.0 1.49
-1 1418362688.039226 1.0 0.5 1.1808 1.681984 0.25 0.654705 0.75 1.0 0.75 0.5 0.9704 0.25 0.9704
-1 1418362688.275270 2.031534 1.2104 1.1612 0.691584 2.122384 0.2204 1.014654 1.782318 0.5 0.5 0.89481 0.7104 0.89481
-1 1418362688.559838 0.0 0.0 2.054989 1.163521 0.74 0.7204 0.0 0.0 0.25 0.0 0.423921 0.74 0.423921
-1 1418362688.880205 0.961584 0.5 1.23 1.895796 0.74 1.24 0.5 0.961584 0.25 0.99 1.24 0.25 1.24
-1 1418362689.141366 0.2204 0.9704 1.24 1.24 0.2204 0.693121 0.75 0.0 0.5 1.903921 1.4604 0.7204 1.4604
-1 1418362689.377941 0.0 0.75 1.309855 0.9704 0.74 0.0 0.75 0.0 1.4704 1.2204 1.4704 0.5 1.4704
-1 1418362689.640815 2.4504 2.23 1.7104 0.25 0.99 0.5 2.681584 1.9604 2.818147 1.2104 0.5 1.48 0.5
-1 1418362689.868176 0.605842 0.5 0.7204 0.5 0.25 0.5 0.74 0.25 0.25 0.845536 0.74 0.25 0.74
-1 1418362690.145199 0.5 0.25 0.99 0.693121 0.49 0.0 0.99 0.5 0.5 0.99 0.0 0.74 0.0
-1 1418362690.366471 0.75 0.7204 0.5 0.5 0.25 0.75 0.75 0.75 0.25 0.5 0.5 0.25 0.5
-1 1418362690.654112 0.74 0.74 0.5 0.25 0.0 0.9604 0.711584 1.24 0.25 1.24 0.25 0.0 0.25
-1 1418362690.929582 0.74 0.74 1.4604 1.4704 1.403168 1.2204 0.74 0.99 0.99 1.681984 0.961584 0.711584 0.961584
-1 1418362691.251178 0.5 0.99 1.0 0.75 0.75 0.25 1.24 0.5 0.25 0.7204 1.49 0.75 1.49
-1 1418362691.546141 0.99 0.75 0.789571 2.010526 1.679856 1.409119 0.75 0.75 1.4308 0.789571 0.634527 0.539571 0.634527
-1 1418362691.789687 0.0 0.931984 2.057841 1.893921 0.99 0.49 1.48 0.0 0.820255 0.49 1.893921 0.74 1.893921
-1 1418362692.091990 0.74 2.145396 0.99 0.437399 1.141672 0.733986 1.421984 0.49 0.74 0.5 0.0 0.411672 0.0
-1 1418362692.428329 0.5 0.0 2.092031 2.398967 2.211715 1.74 0.0 0.0 0.75 1.423921 1.23 0.75 1.23
-1 1418362692.707731 1.62878 1.2104 0.41798 0.5 0.796189 0.75 2.221033 1.24 1.24 0.99 1.24 0.796189 1.24
-1 1418362693.049738 0.5 0.74 1.61533 1.049452 0.4704 0.0 0.74 0.9604 1.0 0.0 1.303453 0.0 1.303453
-1 1418362693.304753 0.5 0.99 1.587441 1.624705 1.024606 0.193121 1.4504 0.99 0.5 0.884705 1.692782 2.236968 1.692782
-1 1418362693.516746 0.5 1.24 0.867764 2.135884 0.25 2.328164 0.75 0.5 0.0 1.818564 1.155436 0.7204 1.155436
-1 1418362693.755257 0.74 1.0 0.75 0.74 1.386964 0.25 1.4704 0.5 0.0 0.631085 0.7204 0.886964 0.7204
-1 1418362694.002318 0.193121 0.443121 1.522584 1.338236 2.078636 0.74 0.443121 0.193121 0.49 1.24 0.99 1.117836 0.99
-1 1418362694.266160 1.4604 1.617764 0.64481 0.691584 0.5 1.24 1.181584 0.75 0.5 1.48 0.7204 0.25 0.7204
-1 1418362694.529638 0.0 1.2204 0.7204 0.9604 0.2204 1.4504 0.7204 0.49 1.2004 1.4604 0.2204 0.4408 0.2204
-1 1418362694.765318 0.5 0.2204 0.25 0.931584 0.98 0.49 0.4704 0.5 0.99 1.7004 1.115505 1.421584 1.115505
-1 1418362695.025963 0.49 1.6908 2.457728 1.901984 1.09918 1.382384 2.4308 0.98 0.5 1.835905 1.790764 1.161984 1.790764
-1 1418362695.267030 0.0 0.0 1.372829 1.2204 0.5 0.5 0.74 0.0 0.443121 0.99 1.098164 1.0 1.098164
-1 1418362695.548466 0.0 0.99933 0.5 0.5 0.25 0.673921 1.488546 0.107916 0.568947 0.673921 0.423921 0.25 0.423921
-1 1418362695.806088 0.5 1.0 0.25 0.25 0.49 0.5 0.75 0.5 0.5 0.7204 0.74 0.49 0.74
-1 1418362696.084233 1.4604 1.24 1.901984 0.0 1.1908 0.2204 1.66662 0.99 0.75 0.99 0.0 0.9408 0.0
-1 1418362696.471351 1.4604 0.905796 0.5 0.25 0.25 0.0 0.25 0.75 0.25 1.24 0.49 0.0 0.49
-1 1418362696.848371 0.5 0.25 0.0 0.5 0.25 0.25 0.25 0.4704 0.0 0.5 0.0 0.25 0.0
-1 1418362697.519675 0.461584 0.441584 0.75 0.75 0.25 0.25 0.75 0.423921 0.0 0.25 0.5 0.4704 0.5
-1 1418362698.458854 0.5 0.5 0.4704 0.25 0.49 0.0 0.5 0.25 0.74 0.75 0.0 0.0 0.0
-1 1418362698.770462 0.25 1.2204 0.5 0.5 0.2204 0.25 2.011413 0.5 0.25 0.25 0.5 0.0 0.5
-1 1418362700.527748 0.627764 0.931584 1.0 0.5 0.25 0.7204 0.74 0.877764 0.892451 0.5 0.691584 1.441584 0.691584
-1 1418362702.653949 0.25 0.0 0.99 1.25 0.5 0.25 0.5 0.730863 0.25 0.9704 0.75 0.5 0.75
