-1 1418366595.016480 0.0 0.0 0.0 0.0
-1 1418366595.270505 3.0 0.0 2.0 1.0
-1 1418366595.571525 2.0 1.0 2.0 3.0
-1 1418366596.041379 0.0 2.0 1.0 3.0
-1 1418366596.803318 1.0 2.96 0.0 0.0
-1 1418366597.020657 0.0 0.0 0.0 0.0
-1 1418366597.446025 0.0 0.0 0.0 0.0
-1 1418366597.646150 0.0 0.0 0.0 0.0
-1 1418366597.776562 0.0 0.0 0.0 0.0
-1 1418366597.912133 3.96 6.766336 4.0 4.0
-1 1418366598.040502 4.92 1.0 3.0 4.0
-1 1418366598.161641 1.0 2.8816 2.8816 2.96
-1 1418366598.308193 1.96 0.0 1.0 0.0
-1 1418366598.425009 0.0 1.772483 0.695683 1.0
-1 1418366598.538005 0.0 0.0 1.0 1.0
-1 1418366598.676902 3.160997 0.0 0.8816 2.511055
-1 1418366598.795168 0.0 1.0 0.0 2.96
-1 1418366598.926606 1.8816 1.0 2.846336 4.766336
-1 1418366599.061026 3.667855 2.0 4.695683 4.647936
-1 1418366599.248262 1.0 5.0 5.0 3.8816
-1 1418366599.362208 6.382019 4.8816 2.577283 3.542019
-1 1418366599.490366 1.8816 3.311365 5.883855 6.953334
-1 1418366599.623621 2.0 2.0 4.96 5.701583
-1 1418366599.748458 5.210802 5.367477 7.980444 5.587855
-1 1418366599.871140 2.0 1.0 3.544965 2.0
-1 1418366599.994710 0.0 0.0 4.647936 5.7232
-1 1418366600.035129 1.0 2.741583 1.8816 2.8816
-1 1418366600.162778 2.0 1.0 6.8816 2.375285
-1 1418366600.286421 1.0 4.806336 7.647936 5.92
-1 1418366600.411014 3.8816 4.766336 3.0 10.768107
-1 1418366600.555399 0.0 2.0 1.0 1.0
-1 1418366600.700504 0.8816 3.609536 1.846336 2.0
-1 1418366600.823661 1.0 5.766336 6.623183 2.296824
-1 1418366600.954671 0.8816 2.0 2.8816 5.0
-1 1418366601.042023 2.0 1.0 6.537283 4.96
-1 1418366601.174496 1.450613 2.0 1.0 2.0
-1 1418366601.303888 4.458883 4.615683 0.0 0.0
-1 1418366601.415107 2.0 5.8016 3.0 2.96
-1 1418366601.567455 1.0 7.7232 5.92 5.92
-1 1418366601.701843 2.8816 3.84345 1.726402 2.450613
-1 1418366601.834358 6.497283 6.235791 4.911022 4.917178
-1 1418366601.971334 2.8816 4.96 8.518881 7.615683
-1 1418366602.053786 3.8816 2.0 3.8816 6.652672
-1 1418366602.184247 3.0 0.0 5.8416 1.0
-1 1418366602.318628 3.846336 0.0 1.8816 4.549455
-1 1418366602.456438 1.772483 5.7632 2.766336 2.8816
-1 1418366602.622805 0.8816 1.0 2.772483 0.0
-1 1418366602.764865 2.19585 10.3336 0.0 2.565253
-1 1418366602.900708 2.0 2.0 1.0 10.472645
-1 1418366603.033161 5.8016 1.0 3.0 2.766336
-1 1418366603.184644 0.0 2.0 2.96 6.661583
-1 1418366603.361842 0.0 5.458883 2.96 1.0
-1 1418366603.507193 2.8816 4.766336 3.0 6.286134
-1 1418366603.658399 5.511055 1.0 2.741583 1.772483
-1 1418366603.787164 0.0 2.0 2.8816 1.0
-1 1418366603.924546 2.0 4.524341 4.0 5.846512
-1 1418366604.059729 4.500733 2.667855 1.0 2.7632
-1 1418366604.196693 2.0 0.0 3.7632 3.7632
-1 1418366604.330352 1.0 0.0 1.96 4.92
-1 1418366604.462077 4.469455 3.0 2.8816 4.8416
-1 1418366604.605998 3.0 0.357935 4.8816 4.0
-1 1418366604.736742 0.0 2.766336 4.539241 2.508463
-1 1418366604.857200 6.368124 6.391055 5.431055 4.766336
-1 1418366604.993141 1.0 10.044271 6.989132 2.0
-1 1418366605.027621 3.0 5.59512 3.96 3.0
-1 1418366605.146071 1.7632 2.8816 3.727936 4.497283
-1 1418366605.305170 0.0 2.0 1.0 2.0
-1 1418366605.429437 3.726336 1.96 3.726336 1.854589
-1 1418366605.572582 2.0 3.462019 3.63645 1.772483
-1 1418366605.708012 0.0 2.766336 4.547855 6.567043
-1 1418366605.845542 3.96 3.655683 4.087048 4.766336
-1 1418366605.976830 3.96 3.0 3.8816 4.96
-1 1418366606.024608 1.8816 5.7632 4.7632 1.8816
-1 1418366606.196900 2.647936 2.96 10.043602 6.607936
-1 1418366606.349493 1.846336 7.575683 3.8816 2.0
-1 1418366606.487483 1.96 4.726336 2.601141 5.410862
-1 1418366606.617530 1.0 0.8816 2.766336 3.766336
-1 1418366606.761692 1.0 3.0 4.0 4.846336
-1 1418366606.906358 1.0 9.859439 5.806336 3.96
-1 1418366607.032176 1.0 5.212705 3.96 7.934543
-1 1418366607.185833 2.0 4.8816 8.349765 7.8416
-1 1418366607.335132 0.0 5.647936 3.8816 1.0
-1 1418366607.477503 6.88 7.34221 10.408844 6.140149
-1 1418366607.641175 1.0 6.253813 3.695683 2.0
-1 1418366607.819812 2.96 2.8816 1.96 4.087136
-1 1418366607.952157 0.0 2.0 4.8816 2.0
-1 1418366608.033447 0.0 11.529536 6.51512 6.7632
-1 1418366608.180383 2.846336 1.0 4.587855 2.8816
-1 1418366608.317948 13.197266 1.8816 5.294387 6.944777
-1 1418366608.467339 0.0 11.60665 2.8816 2.0
-1 1418366608.640573 4.8416 5.732483 3.732483 7.227323
-1 1418366608.766171 2.0 2.96 2.96 4.772483
-1 1418366608.900576 2.0 0.8816 0.0 2.991093
-1 1418366609.040401 5.542019 3.766336 8.414272 9.689427
-1 1418366609.191448 1.0 4.92 2.766336 5.96
-1 1418366609.342756 2.695683 3.92 3.7632 2.96
-1 1418366609.468471 3.96 1.96 2.0 2.0
-1 1418366609.619775 3.0 1.846336 1.0 1.0
-1 1418366609.769377 0.0 3.0 2.772483 6.770646
-1 1418366609.901454 5.0 3.96 7.491315 9.76945
-1 1418366610.041570 1.96 7.354191 7.382019 4.287541
-1 1418366610.199501 2.96 2.8816 1.0 1.0
-1 1418366610.354916 3.497283 10.396947 7.636855 10.896534
-1 1418366610.499996 3.846336 2.0 2.8816 6.655683
-1 1418366610.630154 7.210677 1.0 4.8816 2.0
-1 1418366610.806228 3.0 2.0 6.607936 3.654083
-1 1418366610.965145 5.766336 1.96 4.417029 1.695683
-1 1418366611.034374 0.0 4.7632 2.0 1.0
-1 1418366611.194240 0.0 8.88557 3.511055 2.667855
-1 1418366611.341968 2.0 2.8816 5.92 5.980368
-1 1418366611.486775 1.101906 2.8816 3.067819 8.940149
-1 1418366611.635756 3.8816 3.0 3.96 3.695683
-1 1418366611.788633 4.609195 8.469455 4.291039 2.667855
-1 1418366611.953551 1.0 2.539241 4.104757 3.460841
-1 1418366612.045935 2.0 2.846336 1.846336 1.8816
-1 1418366612.177564 2.0 6.8416 6.7632 6.727936
-1 1418366612.296631 0.0 15.163056 3.0 2.846336
-1 1418366612.419210 2.0 0.0 2.766336 3.8416
-1 1418366612.567435 2.0 1.695683 2.0 2.524341
-1 1418366612.717238 1.96 1.0 1.0 3.8816
-1 1418366612.853067 3.615683 6.216949 6.090577 5.965261
-1 1418366612.977019 2.0 0.0 1.0 6.51034
-1 1418366613.028571 1.0 9.457711 5.184107 2.264107
-1 1418366613.155956 1.8816 0.0 1.654083 3.766336
-1 1418366613.296771 5.0 2.0 4.727936 3.8816
-1 1418366613.404203 2.0 3.0 2.0 2.0
-1 1418366613.555890 1.0 2.8816 5.287541 1.8816
-1 1418366613.704017 1.0 5.766336 5.92 4.92
-1 1418366613.836564 1.8816 4.661583 4.8816 8.195058
-1 1418366613.979925 2.96 3.92 3.8416 1.846336
-1 1418366614.027485 4.96 4.431055 8.380612 4.655683
-1 1418366614.146313 2.0 5.732483 4.96 8.271055
-1 1418366614.310240 2.772483 4.290677 5.292213 2.0
-1 1418366614.429907 1.8816 4.0 3.0 2.524341
-1 1418366614.569683 2.8816 5.0 4.0 2.0
-1 1418366614.684325 1.0 1.0 1.0 0.0
-1 1418366614.813041 1.058967 6.92 3.96 3.468165
-1 1418366614.952645 2.7632 3.96 6.577283 4.655683
-1 1418366615.043414 4.8816 3.654083 2.8816 3.8816
-1 1418366615.169417 3.0 5.806336 4.0 5.6448
-1 1418366615.312428 4.529536 1.0 4.615683 1.8816
-1 1418366615.447633 2.96 0.0 3.392589 2.8816
-1 1418366615.573328 1.0 1.0 3.772483 4.503183
-1 1418366615.704522 1.514012 1.8816 7.615683 3.8816
-1 1418366615.843387 0.0 6.388355 4.8816 7.457283
-1 1418366615.969406 1.0 3.726336 0.0 3.0
-1 1418366616.035191 4.96 1.0 3.538819 2.0
-1 1418366616.173687 4.0 1.0 2.0 1.450613
-1 1418366616.318796 1.0 4.766336 3.0 3.0
-1 1418366616.437249 3.0 0.0 5.8416 3.431663
-1 1418366616.575953 3.8416 5.92 0.0 3.667855
-1 1418366616.733344 1.8816 1.0 1.0 5.8816
-1 1418366616.870025 3.565995 1.8816 1.8816 0.0
-1 1418366617.016753 5.806336 4.8416 4.8416 9.607936
-1 1418366617.174764 3.0 1.96 3.0 7.04746
-1 1418366617.290614 4.0 2.846336 4.0 4.0
-1 1418366617.438750 1.0 1.0 0.8816 3.766336
-1 1418366617.585543 1.96 0.0 4.766336 0.0
-1 1418366617.762628 2.0 2.0 2.8816 6.941687
-1 1418366617.916279 2.0 3.0 3.579241 4.8816
-1 1418366618.031649 1.0 1.846336 1.0 1.0
-1 1418366618.180665 1.0 0.0 5.292213 0.0
-1 1418366618.308477 3.0 0.0 2.96 3.766336
-1 1418366618.438058 2.8816 4.8816 6.7632 4.7632
-1 1418366618.579372 1.96 3.96 3.92 3.8816
-1 1418366618.732300 0.8816 3.0 1.8816 4.96
-1 1418366618.856185 1.0 2.324833 7.351663 6.379172
-1 1418366618.992932 0.0 1.0 2.0 0.0
-1 1418366619.013708 4.442344 2.96 4.766336 3.428599
-1 1418366619.153045 4.8416 2.0 3.96 1.0
-1 1418366619.313383 2.0 5.615683 4.695683 7.97922
-1 1418366619.472976 3.766336 1.96 1.0 2.8816
-1 1418366619.626190 2.0 1.654847 2.96 2.892726
-1 1418366619.766703 1.0 4.796551 3.462019 5.003661
-1 1418366619.907758 0.0 1.0 0.0 0.0
-1 1418366620.046864 1.8816 2.0 5.160525 2.0
-1 1418366620.195072 2.0 2.0 1.0 6.850218
-1 1418366620.341169 3.587855 3.96 2.0 2.587855
-1 1418366620.483968 2.423367 3.8816 3.8816 6.766336
-1 1418366620.615723 2.0 3.0 1.7632 1.0
-1 1418366620.758292 1.0 1.0 1.8816 2.772483
-1 1418366620.912655 2.976679 0.8816 1.96 0.0
-1 1418366621.022932 1.0 1.577283 3.96 4.0
-1 1418366621.152581 4.59512 2.0 2.0 2.8416
-1 1418366621.309103 2.0 4.8416 0.0 2.889149
-1 1418366621.446324 2.877136 0.0 1.0 0.0
-1 1418366621.572906 2.0 1.0 2.8816 5.8416
-1 1418366621.733112 3.96 0.8816 1.053771 5.8016
-1 1418366621.877564 2.0 3.0 3.0 3.0
-1 1418366622.010359 2.96 9.312655 5.647936 10.829557
-1 1418366622.122602 1.0 3.0 2.8816 3.0
-1 1418366622.266552 2.0 3.612672 2.846336 4.230377
-1 1418366622.405524 4.96 4.424783 4.173283 3.7632
-1 1418366622.533956 4.0 2.846336 3.96 3.8816
-1 1418366622.685304 0.8816 1.0 2.0 0.0
-1 1418366622.815556 5.463367 3.92 3.184757 5.92
-1 1418366622.997644 3.96 5.766336 3.8816 4.220024
-1 1418366623.050820 5.8416 3.0 1.0 3.96
-1 1418366623.196706 0.772483 2.0 0.0 2.7632
-1 1418366623.326427 5.621583 0.0 4.0 4.96
-1 1418366623.436131 4.647936 7.290613 6.484341 1.0
-1 1418366623.572082 0.0 0.0 2.96 4.587855
-1 1418366623.727824 2.202061 2.695683 0.437212 5.360338
-1 1418366623.882087 1.0 7.432229 3.0 4.8816
-1 1418366624.013252 3.8416 2.0 2.8816 3.587855
-1 1418366624.145333 0.917291 7.563391 2.0 1.375285
-1 1418366624.284508 3.0 3.96 4.0 3.96
-1 1418366624.456306 1.772483 1.8816 2.96 3.7632
-1 1418366624.611817 0.8816 3.920411 4.6448 1.8816
-1 1418366624.749599 4.0 1.766336 4.92 5.626789
-1 1418366624.903453 3.8816 2.0 1.0 2.0
-1 1418366625.026875 1.0 2.8816 6.180085 1.7632
-1 1418366625.172610 6.542019 1.0 2.96 5.8416
-1 1418366625.343991 1.695683 2.846336 2.0 3.96
-1 1418366625.478802 2.0 2.0 4.654083 2.96
-1 1418366625.626374 3.96 1.0 6.067957 4.626805
-1 1418366625.773774 0.0 3.92 2.96 5.422019
-1 1418366625.900710 4.957178 0.695683 3.8816 6.468165
-1 1418366626.046070 2.8816 3.766336 5.96 4.8416
-1 1418366626.175935 4.0 7.203591 6.816918 2.0
-1 1418366626.299031 1.0 4.846336 7.687936 4.537283
-1 1418366626.414590 2.0 3.0 1.0 1.431663
-1 1418366626.556050 3.224757 0.0 2.0 2.0
-1 1418366626.683478 2.766336 1.0 3.772483 2.0
-1 1418366626.818731 1.0 0.0 1.0 3.732483
-1 1418366626.944184 2.0 4.0 3.0 6.7632
-1 1418366627.044102 4.647936 8.175413 4.432589 4.87443
-1 1418366627.198686 3.0 1.0 2.8816 1.0
-1 1418366627.343861 3.370613 1.0 4.0 4.535683
-1 1418366627.466929 0.8816 9.755888 8.103498 3.772483
-1 1418366627.604994 3.0 1.0 4.8016 2.0
-1 1418366627.736598 0.0 0.0 2.8816 0.0
-1 1418366627.873877 3.55352 2.0 3.96 3.772483
-1 1418366628.002104 1.695683 1.0 1.154602 0.67192
-1 1418366628.124852 2.96 2.7632 2.0 4.026742
-1 1418366628.260151 3.772483 3.96 4.0 3.0
-1 1418366628.391313 7.494272 2.8816 3.0 0.443233
-1 1418366628.519068 2.0 1.96 1.8816 2.26267
-1 1418366628.692759 3.0 2.21768 4.7632 3.296949
-1 1418366628.841613 5.7632 15.787538 7.543183 6.8416
-1 1418366629.006209 0.0 8.963727 4.538819 2.766336
-1 1418366629.125697 1.8816 2.0 0.0 0.0
-1 1418366629.284723 2.0 3.96 3.0 3.846336
-1 1418366629.439634 0.59512 3.991019 3.872619 5.418695
-1 1418366629.582230 2.96 1.0 3.450613 3.92
-1 1418366629.718335 0.0 2.0 2.0 4.766336
-1 1418366629.856563 4.806336 2.0 2.96 3.732483
-1 1418366629.991201 1.0 2.0 3.0 2.846336
-1 1418366630.035567 1.96 6.59512 4.0 5.727936
-1 1418366630.188182 1.0 0.0 5.424783 0.8816
-1 1418366630.316053 0.0 4.766336 4.357212 6.414515
-1 1418366630.459303 0.0 2.0 2.96 5.607936
-1 1418366630.567630 2.772483 6.155855 5.607936 2.0
-1 1418366630.691614 3.96 1.0 2.0 3.0
-1 1418366630.845008 3.587855 4.695683 6.8816 2.96
-1 1418366630.963999 3.0 3.491315 8.212705 3.96
-1 1418366631.033563 1.96 1.0 0.0 3.0
-1 1418366631.150808 3.96 1.0 4.0 5.96
-1 1418366631.281861 1.450613 8.587855 7.587855 8.434191
-1 1418366631.438410 4.8816 3.0 2.450613 7.575683
-1 1418366631.585606 2.96 2.0 8.672711 12.675487
-1 1418366631.743373 3.695683 7.450459 7.325941 2.051754
-1 1418366631.881955 2.0 2.0 5.96 3.8816
-1 1418366632.017579 3.8416 3.806336 3.766336 9.532672
-1 1418366632.168229 2.0 0.0 1.0 1.0
-1 1418366632.303163 3.0 0.0 1.0 5.6448
-1 1418366632.454687 1.0 5.334515 4.96 3.766336
-1 1418366632.573069 3.686351 2.03264 5.7232 3.96
-1 1418366632.712956 0.8816 1.96 7.6832 2.766336
-1 1418366632.866072 0.0 1.0 4.890784 2.772483
-1 1418366632.991058 2.0 2.405941 6.519256 2.8416
-1 1418366633.016700 1.0 3.0 4.8816 3.0
-1 1418366633.169986 3.8416 3.96 3.92 2.96
-1 1418366633.303165 2.8816 0.0 0.8816 6.607936
-1 1418366633.459972 3.96 1.0 2.443233 12.42444
-1 1418366633.590157 3.92 0.0 3.0 2.8816
-1 1418366633.716395 2.96 4.732483 6.8416 3.96
-1 1418366633.862510 2.0 7.337965 5.604591 5.035578
-1 1418366633.976688 1.0 7.832632 2.772483 1.0
-1 1418366634.030967 1.8816 1.0 2.363538 1.0
-1 1418366634.164597 2.0 3.0 1.0 1.0
-1 1418366634.307063 1.0 3.0 2.0 6.015775
-1 1418366634.470261 2.0 1.0 2.0 6.514938
-1 1418366634.607444 1.96 1.766336 1.766336 0.8816
-1 1418366634.734851 3.493839 2.96 2.96 2.96
-1 1418366634.875778 4.0 4.0 4.0 5.468165
-1 1418366635.016083 0.8816 1.0 3.615683 0.0
-1 1418366635.146227 2.0 2.8816 1.0 1.0
-1 1418366635.278794 5.96 4.8816 9.738208 2.450613
-1 1418366635.404254 3.96 0.0 0.0 2.955578
-1 1418366635.511393 1.846336 2.766336 3.647936 0.0
-1 1418366635.667245 3.7632 1.0 2.524341 6.066296
-1 1418366635.804932 3.96 2.0 3.0 9.905147
-1 1418366635.928504 3.96 1.616846 4.766906 4.5503
-1 1418366636.045805 2.695683 2.615683 3.8416 7.170802
-1 1418366636.186114 0.8816 0.0 2.7632 3.397212
-1 1418366636.316901 0.0 1.0 1.96 2.0
-1 1418366636.463756 4.0 10.428479 7.272761 7.726336
-1 1418366636.637638 2.8816 10.457283 6.8816 4.8816
-1 1418366636.797267 3.96 5.8816 2.0 4.8816
-1 1418366636.922905 7.7632 2.0 3.0 2.0
-1 1418366637.024049 3.96 0.0 2.0 2.8816
-1 1418366637.147958 1.0 4.766336 6.692257 6.647936
-1 1418366637.289511 0.0 1.0 3.542019 2.766336
-1 1418366637.410800 0.0 1.346567 0.706101 2.8816
-1 1418366637.554689 5.0 6.103679 10.344858 6.787806
-1 1418366637.687697 2.0 3.615683 2.0 0.0
-1 1418366637.858389 1.8816 0.0 2.0 6.238991
-1 1418366637.989959 1.0 2.96 3.0 3.577283
-1 1418366638.043053 3.0 2.0 4.0 2.0
-1 1418366638.206634 1.0 4.0 2.0 4.913446
-1 1418366638.339948 3.7632 2.727936 3.618819 4.806336
-1 1418366638.466917 0.0 3.655683 2.96 4.806336
-1 1418366638.585261 2.96 2.8816 3.647936 3.8816
-1 1418366638.730026 4.8416 4.732483 4.732483 4.92
-1 1418366638.883479 0.0 1.0 2.59512 5.0
-1 1418366639.011447 1.0 0.0 0.0 3.0
-1 1418366639.180032 3.96 7.492672 2.538819 5.150377
-1 1418366639.325595 1.0 9.191544 2.7632 3.8816
-1 1418366639.503185 3.0 7.581583 8.7232 3.96
-1 1418366639.645045 2.0 0.0 2.0 3.654083
-1 1418366639.770639 2.0 3.0 6.727936 7.686336
-1 1418366639.913233 2.8416 0.0 2.96 3.92
-1 1418366640.055826 5.96 4.806336 7.8016 4.8416
-1 1418366640.186217 1.0 1.0 2.0 4.491315
-1 1418366640.339357 2.435908 1.96 0.8816 3.96
-1 1418366640.481774 1.0 1.8816 1.275789 1.0
-1 1418366640.620992 3.8416 1.0 4.96 7.061436
-1 1418366640.762711 1.8816 2.59512 7.306567 4.0
-1 1418366640.895278 2.0 5.0 4.96 5.695683
-1 1418366641.030936 1.0 5.587855 4.587855 6.370613
-1 1418366641.160300 3.8816 1.0 3.0 6.0
-1 1418366641.313406 2.7632 2.8816 2.63192 2.8816
-1 1418366641.442838 6.655683 0.695683 2.741583 3.59512
-1 1418366641.604130 1.0 3.059004 5.721168 3.497095
-1 1418366641.752597 1.0 0.0 3.96 4.518232
-1 1418366641.912186 1.0 12.707338 11.112254 4.96
-1 1418366642.047748 3.0 1.0 1.0 5.641545
-1 1418366642.244118 3.0 1.695683 2.96 3.0
-1 1418366642.377554 1.0 1.0 1.0 4.96
-1 1418366642.537156 5.92 2.8416 6.8416 4.96
-1 1418366642.661224 6.726336 4.766336 4.471055 2.96
-1 1418366642.803520 6.414272 3.0 3.0 2.0
-1 1418366642.948166 3.0 0.695683 2.0 8.953757
-1 1418366643.043389 2.0 10.108087 4.493014 4.92
-1 1418366643.158151 1.96 2.8816 2.8816 1.96
-1 1418366643.315952 3.0 1.0 3.8416 7.559206
-1 1418366643.476058 0.8816 0.0 1.0 1.0
-1 1418366643.606013 5.92 3.0 1.0 3.8416
-1 1418366643.748215 3.511055 0.0 2.59512 5.228167
-1 1418366643.888499 2.8816 10.040168 10.765707 5.236026
-1 1418366644.050392 2.654083 2.0 6.766336 2.0
-1 1418366644.178096 2.765902 5.197391 4.312655 4.330927
-1 1418366644.297552 5.8416 2.0 3.0 3.524341
-1 1418366644.469650 2.0 1.128982 5.0 4.514012
-1 1418366644.598424 3.846336 2.8816 1.8816 4.96
-1 1418366644.722862 0.0 9.284592 6.438256 7.422019
-1 1418366644.859862 1.0 5.254816 8.987554 7.364341
-1 1418366645.033026 1.0 2.0 2.0 4.243548
-1 1418366645.178198 1.0 3.0 2.8816 2.0
-1 1418366645.309475 1.846336 6.92 5.92 7.686336
-1 1418366645.462097 2.0 0.8816 1.0 3.0
-1 1418366645.591732 3.772483 1.0 2.96 1.772483
-1 1418366645.749416 3.432589 4.8416 4.55352 8.7632
-1 1418366645.890759 7.320338 1.661583 3.212705 5.675359
-1 1418366646.023036 2.846336 4.0 5.727936 9.756389
-1 1418366646.133546 5.614083 1.96 5.647936 0.0
-1 1418366646.283538 0.0 1.0 1.0 1.0
-1 1418366646.431701 0.0 2.9238 3.059028 5.420412
-1 1418366646.580354 0.8816 2.0 3.0 7.192206
-1 1418366646.741855 2.59512 2.67192 4.67192 7.330613
-1 1418366646.901720 4.0 2.0 3.766336 5.293813
-1 1418366647.046004 0.0 4.0 4.8816 3.8816
-1 1418366647.193937 4.0 4.96 2.0 3.8416
-1 1418366647.338761 1.0 4.8816 9.683404 6.806336
-1 1418366647.496803 3.92 5.043661 12.428879 5.404341
-1 1418366647.633686 1.96 3.8816 2.0 2.6419
-1 1418366647.783962 2.0 2.96 3.96 3.96
-1 1418366647.924857 3.391365 2.766336 2.0 3.96
-1 1418366648.027205 2.0 5.111041 4.725689 3.577283
-1 1418366648.186536 4.96 0.8816 5.7632 4.8816
-1 1418366648.327096 4.615683 2.0 4.687936 4.423619
-1 1418366648.443075 0.0 3.7632 3.8816 3.8816
-1 1418366648.613530 8.495483 3.0 3.391365 3.667855
-1 1418366648.739771 5.92 2.432589 5.8016 1.0
-1 1418366648.875529 3.846336 2.96 7.160402 5.050469
-1 1418366649.029195 0.0 6.0 2.0 6.15917
-1 1418366649.180018 4.0 5.299723 1.0 2.0
-1 1418366649.312577 2.0 2.0 9.026357 6.726336
-1 1418366649.483301 6.545505 7.304967 4.545428 3.654083
-1 1418366649.616859 1.0 5.8416 6.542019 3.8816
-1 1418366649.765901 2.370613 4.8816 1.8816 6.7632
-1 1418366649.902389 1.0 3.689377 5.8816 3.0
-1 1418366650.059560 3.96 5.293813 8.100149 4.8416
-1 1418366650.220200 3.741583 1.0 0.0 2.96
-1 1418366650.337939 5.766336 2.96 1.0 6.8416
-1 1418366650.460064 2.0 0.450613 0.0 4.618819
-1 1418366650.655128 2.0 5.138424 3.92 1.8816
-1 1418366650.763450 0.0 1.0 6.96 2.8816
-1 1418366650.924030 3.47672 1.0 2.846336 3.96
-1 1418366651.046354 0.0 4.148334 4.8816 3.8816
-1 1418366651.203347 2.0 2.96 5.391365 3.96
-1 1418366651.342678 3.0 1.8816 0.0 3.0
-1 1418366651.481775 5.350063 1.8816 4.345577 0.8816
-1 1418366651.634389 5.96 2.0 7.8416 8.297064
-1 1418366651.768115 1.0 2.695683 2.0 2.0
-1 1418366651.934409 1.0 4.432589 5.195789 5.275789
-1 1418366652.051295 1.8816 3.8816 3.293813 2.0
-1 1418366652.194901 2.0 1.96 5.766336 1.0
-1 1418366652.373767 7.612672 6.8416 2.727936 13.884578
-1 1418366652.517537 2.0 3.293813 3.661583 1.0
-1 1418366652.628695 2.0 5.8816 3.55512 2.772483
-1 1418366652.764020 3.96 1.0 6.678495 0.437212
-1 1418366652.921626 4.695683 3.803202 3.232994 3.661583
-1 1418366653.031344 1.0 4.92 5.806336 2.96
-1 1418366653.180029 5.766336 2.766336 6.686336 2.96
-1 1418366653.328216 3.0 1.7632 1.0 2.0
-1 1418366653.478831 0.0 0.0 2.0 2.732483
-1 1418366653.625501 2.741583 3.96 3.8816 5.846336
-1 1418366653.763515 1.695683 1.8816 3.59512 1.0
-1 1418366653.895364 1.0 5.203538 4.434191 7.203538
-1 1418366654.017339 1.0 5.72013 1.0 9.630081
-1 1418366654.159239 1.0 0.0 1.0 0.0
-1 1418366654.303745 1.766336 0.0 1.0 2.8416
-1 1418366654.460430 2.0 0.0 2.0 3.806336
-1 1418366654.571673 1.0 1.8816 6.008945 5.375872
-1 1418366654.710999 7.7232 3.96 4.647936 4.962125
-1 1418366654.857981 2.0 4.849661 3.277935 4.695683
-1 1418366655.016305 2.0 2.8816 1.0 2.8816
-1 1418366655.153211 8.145217 1.8816 4.846336 7.372915
-1 1418366655.313771 1.8816 2.732483 3.772483 2.846336
-1 1418366655.472901 5.806336 4.701583 8.160466 6.609536
-1 1418366655.636061 1.96 12.421067 6.911662 8.541596
-1 1418366655.780349 3.0 2.96 4.654083 5.92
-1 1418366655.919721 7.065436 9.004315 6.638075 2.772483
-1 1418366656.052009 3.0 1.0 2.0 3.8816
-1 1418366656.196384 0.0 9.647936 9.392655 8.392655
-1 1418366656.321128 1.7632 6.507855 3.997178 3.0
-1 1418366656.475289 0.0 4.0 3.8816 7.104696
-1 1418366656.626142 1.8816 3.0 3.96 3.976983
-1 1418366656.763927 1.766336 9.382019 5.462019 12.801601
-1 1418366656.924581 3.0 3.0 5.92 7.686336
-1 1418366657.057175 3.8816 3.0 3.661583 5.96
-1 1418366657.181113 2.0 2.766336 1.368483 3.8816
-1 1418366657.317535 1.0 0.0 4.8816 4.879212
-1 1418366657.478894 2.96 1.96 1.0 5.6832
-1 1418366657.626568 3.96 5.710995 4.04314 3.0
-1 1418366657.769019 2.0 2.96 2.846336 5.202061
-1 1418366657.919626 2.846336 1.8816 0.8816 12.14841
-1 1418366658.033611 0.0 10.846861 10.846861 10.75398
-1 1418366658.181155 3.0 10.965643 3.7632 6.848956
-1 1418366658.331114 0.0 3.0 4.667855 5.154975
-1 1418366658.460366 0.8816 1.0 3.8416 4.04585
-1 1418366658.608935 2.8416 3.0 5.846336 5.469455
-1 1418366658.741346 1.0 4.7632 5.614252 6.8416
-1 1418366658.881760 2.846336 2.0 2.0 1.8816
-1 1418366658.993255 3.0 1.0 1.695683 4.846336
-1 1418366659.055850 0.524341 7.646336 2.8816 6.8416
-1 1418366659.209165 3.0 6.8416 4.96 4.601141
-1 1418366659.352127 1.0 2.0 5.96 5.8416
-1 1418366659.490024 3.695683 6.827391 7.266567 3.96
-1 1418366659.637287 5.535683 1.0 2.0 5.92
-1 1418366659.782601 4.0 1.0 6.652672 1.0
-1 1418366659.913035 1.0 6.099568 4.1854 2.8816
-1 1418366660.059352 1.0 2.0 3.96 3.96
-1 1418366660.202671 2.766336 6.469455 3.772483 7.203538
-1 1418366660.333764 3.0 5.981773 2.96 5.727936
-1 1418366660.466275 0.0 5.8416 7.206211 2.0
-1 1418366660.620276 2.0 2.0 3.96 2.96
-1 1418366660.787889 3.0 13.608467 11.672756 7.894548
-1 1418366660.918144 2.8816 2.0 5.766336 3.96
-1 1418366661.049809 1.0 3.0 4.577283 2.0
-1 1418366661.177175 0.0 7.03905 8.580639 7.748502
-1 1418366661.311714 4.726336 2.7632 1.766336 1.0
-1 1418366661.429873 4.308777 7.736099 6.92 6.866706
-1 1418366661.581655 2.0 13.140674 11.106631 18.343672
-1 1418366661.742543 2.8816 9.666443 3.0 1.0
-1 1418366661.868990 2.0 5.928744 3.766336 4.429526
-1 1418366662.011756 3.0 2.8416 4.726336 4.314189
-1 1418366662.138708 0.0 0.8816 2.0 7.615683
-1 1418366662.281018 3.0 7.554108 2.196261 5.521141
-1 1418366662.430424 1.0 2.0 3.0 7.687936
-1 1418366662.566670 2.0 4.96 2.0 2.0
-1 1418366662.698321 0.0 4.766336 3.846336 2.0
-1 1418366662.824053 0.8816 1.8816 2.8816 2.8816
-1 1418366663.013823 0.0 6.8816 3.086723 8.093377
-1 1418366663.133979 2.0 7.164722 6.206452 5.96
-1 1418366663.267478 3.772483 0.8816 0.0 1.0
-1 1418366663.425086 1.0 6.726336 8.537351 9.192965
-1 1418366663.542810 3.587855 5.469455 6.110134 6.7222
-1 1418366663.670161 3.96 2.766336 5.726336 2.766336
-1 1418366663.799582 1.053049 7.621583 7.621583 8.647936
-1 1418366663.944958 1.0 1.0 6.806336 3.615683
-1 1418366664.039436 2.0 6.361456 7.732483 7.489536
-1 1418366664.161332 5.7632 2.0 3.715606 0.0
-1 1418366664.303441 1.0 2.8816 3.0 5.654083
-1 1418366664.453606 3.367602 0.67192 2.0 6.178911
-1 1418366664.578913 4.8816 4.0 1.0 4.8416
-1 1418366664.746140 0.0 4.806336 4.549455 10.341817
-1 1418366664.893875 3.0 6.654083 8.654083 10.595301
-1 1418366665.041284 4.96 2.0 2.0 2.0
-1 1418366665.199645 4.92 4.8816 4.96 5.92
-1 1418366665.328086 4.614083 3.8416 5.8416 7.7232
-1 1418366665.475953 2.96 3.92 1.96 5.507855
-1 1418366665.598488 6.8416 1.0 3.8816 2.0
-1 1418366665.758439 1.0 3.8816 4.973617 6.647936
-1 1418366665.896589 2.96 2.846336 2.96 2.0
-1 1418366666.051237 1.0 4.0 3.8416 2.0
-1 1418366666.201613 0.0 1.0 2.51512 10.581872
-1 1418366666.333311 3.732483 6.766336 3.806336 6.806336
-1 1418366666.474624 2.0 1.96 2.0 3.8816
-1 1418366666.602928 2.0 0.0 2.667855 5.474191
-1 1418366666.763428 7.647936 1.0 7.428322 6.216885
-1 1418366666.920906 1.8816 4.866839 3.0 4.96
-1 1418366667.052217 0.0 2.846336 1.846336 1.0
-1 1418366667.211198 1.0 3.8416 2.8816 2.727936
-1 1418366667.361311 2.0 1.96 5.509455 1.8816
-1 1418366667.487921 1.0 3.0 3.96 10.561238
-1 1418366667.624502 1.0 2.695683 3.0 8.144757
-1 1418366667.761484 0.0 4.542019 3.391365 3.695683
-1 1418366667.900396 1.8816 0.0 5.213813 2.0
-1 1418366668.020007 2.766336 1.432589 2.0 4.772483
-1 1418366668.137779 2.0 8.135905 5.8016 9.878303
-1 1418366668.318011 1.0 1.0 0.0 1.96
-1 1418366668.444275 0.0 6.692483 3.0 9.615683
-1 1418366668.572477 2.0 3.772483 4.692672 3.846336
-1 1418366668.731363 5.92 0.0 4.538819 2.773724
-1 1418366668.856883 1.0 2.114033 3.367557 1.7632
-1 1418366668.971803 0.0 2.96 4.92 9.37203
-1 1418366669.012958 3.96 4.96 2.0 6.8816
-1 1418366669.174650 1.0 2.0 1.0 5.161135
-1 1418366669.301117 1.286134 1.0 3.654083 2.0
-1 1418366669.467447 3.0 0.0 3.431055 0.0
-1 1418366669.623830 4.0 8.495997 4.846336 6.8816
-1 1418366669.746731 3.0 0.0 1.0 3.766336
-1 1418366669.883531 1.0 7.168327 4.167852 7.532672
-1 1418366670.022880 1.96 0.8816 3.424783 0.8816
-1 1418366670.163240 2.0 2.8816 4.0 3.333503
-1 1418366670.300627 1.0 3.852465 0.8816 0.8816
-1 1418366670.446285 2.0 0.0 0.0 1.0
-1 1418366670.582537 1.8816 8.728825 4.8816 3.0
-1 1418366670.716998 3.96 3.587855 2.772483 2.0
-1 1418366670.861515 2.0 0.8816 1.0 2.96
-1 1418366670.988433 1.0 3.772483 1.8816 1.0
-1 1418366671.012297 0.0 0.0 1.0 1.0
-1 1418366671.160028 1.0 0.0 2.96 2.8816
-1 1418366671.285695 0.0 5.502422 2.8416 3.772483
-1 1418366671.422021 3.96 5.6832 6.458883 5.8016
-1 1418366671.561604 1.695683 5.8016 2.96 6.655683
-1 1418366671.684317 6.429227 4.34625 4.112196 10.173813
-1 1418366671.832024 2.0 0.0 2.96 1.0
-1 1418366671.968392 2.7632 3.0 3.0 2.96
-1 1418366672.041423 7.88 2.0 3.0 5.92
-1 1418366672.138537 2.0 3.0 5.772483 9.180732
-1 1418366672.270945 2.0 3.96 2.766336 4.577283
-1 1418366672.411938 1.0 5.0 5.766336 3.846336
-1 1418366672.558076 4.96 6.995324 2.0 1.0
-1 1418366672.691661 4.655683 2.766336 4.999179 2.0
-1 1418366672.874589 3.0 5.377502 7.51512 5.051877
-1 1418366673.010187 1.0 3.146296 2.577283 1.8816
-1 1418366673.153355 1.0 1.0 4.96 2.0
-1 1418366673.322866 2.846336 2.766336 3.766336 5.538819
-1 1418366673.520255 3.0 8.505496 5.878466 6.806336
-1 1418366673.739755 2.8816 1.695683 3.0 2.0
-1 1418366673.945918 1.0 11.992962 5.227322 9.543183
-1 1418366674.022804 2.96 5.96 8.766336 5.439345
-1 1418366674.195547 0.0 4.0 3.0 5.587855
-1 1418366674.371036 3.92 9.371202 3.96 3.445912
-1 1418366674.533837 0.0 3.96 7.086738 1.96
-1 1418366674.754577 2.96 3.0 2.0 1.0
-1 1418366674.948595 0.0 7.552842 1.402344 3.0
-1 1418366675.012423 4.0 14.496408 10.850253 9.763515
-1 1418366675.213621 1.0 4.8016 5.8416 5.766336
-1 1418366675.444225 4.8816 9.223619 7.607936 7.529536
-1 1418366675.624342 2.0 11.122814 5.92821 7.647936
-1 1418366675.782836 0.0 2.8816 2.8816 6.575312
-1 1418366675.921048 2.654083 3.218485 5.7933 2.728575
-1 1418366676.099851 2.0 0.0 1.511055 2.511055
-1 1418366676.223271 3.8816 3.766336 1.8816 4.8816
-1 1418366676.363176 8.88 3.667855 1.0 9.6048
-1 1418366676.532313 1.96 1.138403 2.474655 3.0
-1 1418366676.704375 2.8416 1.0 3.0 6.202282
-1 1418366676.869415 2.96 2.764516 2.0 1.0
-1 1418366677.019621 2.8816 5.143285 7.287792 4.760775
-1 1418366677.183736 2.0 4.772483 2.96 6.263798
-1 1418366677.369630 0.0 2.96 1.0 0.8816
-1 1418366677.554309 1.8816 5.309578 2.349578 8.463765
-1 1418366677.717687 1.0 7.214091 4.306642 6.283538
-1 1418366677.896624 1.0 2.615683 2.623346 2.63192
-1 1418366678.047367 4.7232 2.476072 6.436072 7.205544
-1 1418366678.237636 4.695683 12.077701 10.523415 13.627212
-1 1418366678.347794 4.437266 5.320457 6.556736 4.998352
-1 1418366678.491172 1.96 2.0 2.96 0.0
-1 1418366678.612294 3.0 1.0 3.0 2.8816
-1 1418366678.752403 1.0 0.0 1.96 5.726336
-1 1418366678.887899 2.0 2.0 2.8816 5.317935
-1 1418366679.028207 0.0 2.0 5.0 3.96
-1 1418366679.175695 2.0 1.96 3.96 3.0
-1 1418366679.324127 5.0 2.772483 5.726336 3.772483
-1 1418366679.450999 3.0 2.846336 4.962051 4.452915
-1 1418366679.611840 1.0 1.96 2.0 2.0
-1 1418366679.764168 3.0 0.0 2.0 2.0
-1 1418366679.931837 0.0 5.114975 2.96 2.164301
-1 1418366680.055608 1.0 1.96 3.0 1.0
-1 1418366680.205377 2.0 0.0 6.8416 3.96
-1 1418366680.384964 2.434066 1.766336 1.8816 1.0
-1 1418366680.573518 1.0 2.8816 3.0 3.96
-1 1418366680.721920 2.0 3.870908 6.383367 3.699156
-1 1418366680.881628 1.96 0.8816 1.0 1.0
-1 1418366680.996049 1.0 4.727936 4.615683 1.8816
-1 1418366681.027203 1.0 3.0 2.0 1.511055
-1 1418366681.163628 0.0 1.846336 1.0 0.0
-1 1418366681.310955 3.96 0.0 0.0 4.352589
-1 1418366681.447723 6.529536 1.0 3.543183 5.726336
-1 1418366681.596926 1.0 5.615683 7.511055 7.502019
-1 1418366681.748168 0.0 7.727936 6.766336 3.0
-1 1418366681.885980 1.0 1.0 4.96 2.0
-1 1418366682.034845 1.0 5.471055 0.0 1.0
-1 1418366682.176851 2.0 3.772483 4.577283 2.667855
-1 1418366682.312394 1.0 6.795821 5.0 4.0
-1 1418366682.477598 1.846336 1.0 1.0 5.572672
-1 1418366682.621000 1.96 5.497283 4.7632 4.201135
-1 1418366682.760906 5.8816 1.0 1.0 5.009018
-1 1418366682.914638 2.0 0.0 2.0 4.0
-1 1418366683.051704 1.661583 3.96 3.92 3.0
-1 1418366683.187972 3.547855 1.0 2.524341 3.0
-1 1418366683.347771 3.258485 4.8816 4.47672 4.258629
-1 1418366683.498851 3.846336 3.0 2.0 5.96
-1 1418366683.633175 3.772483 1.772483 8.535683 2.772483
-1 1418366683.791550 0.0 2.8816 3.0 3.0
-1 1418366683.960452 1.0 3.96 2.96 4.766336
-1 1418366684.053720 3.0 3.732483 3.8816 4.8416
-1 1418366684.211027 6.8416 5.7632 5.727936 4.332213
-1 1418366684.347407 0.0 3.0 1.0 3.8816
-1 1418366684.512857 0.0 2.0 3.0 3.8816
-1 1418366684.654203 6.732483 1.0 5.766336 4.414515
-1 1418366684.802828 0.0 10.352655 5.471055 6.96
-1 1418366684.942002 0.0 6.457283 1.96 2.8816
-1 1418366685.045374 2.96 3.969751 3.7632 4.695683
-1 1418366685.213853 0.0 5.96 5.92 3.0
-1 1418366685.356963 2.161874 4.049746 4.161874 2.577283
-1 1418366685.524506 1.0 12.251571 12.306465 6.207351
-1 1418366685.678340 3.8816 10.402859 10.530175 4.7632
-1 1418366685.806014 1.96 4.92 6.96 5.726336
-1 1418366685.934398 1.0 10.447553 7.492672 8.267808
-1 1418366686.047179 1.0 3.8816 3.0 3.083661
-1 1418366686.192240 4.59512 7.816764 5.738124 12.948172
-1 1418366686.355587 2.0 2.0 8.389455 4.702832
-1 1418366686.478102 0.0 1.0 4.92 2.645043
-1 1418366686.634396 0.0 8.467855 3.8416 6.200817
-1 1418366686.781009 0.0 5.96 5.96 7.88
-1 1418366686.933167 0.0 5.458883 8.263431 7.269578
-1 1418366687.051861 1.0 3.362934 0.0 3.293813
-1 1418366687.191294 16.797165 1.0 4.122125 2.0
-1 1418366687.335551 2.96 3.8416 1.8816 4.045261
-1 1418366687.471569 13.056343 4.96 3.96 4.661583
-1 1418366687.618855 1.8816 9.221402 6.540328 4.869023
-1 1418366687.763687 5.0 1.695683 7.575683 4.0
-1 1418366687.907957 0.0 2.96 2.96 5.283538
-1 1418366688.043399 1.0 5.384603 6.877096 9.764251
-1 1418366688.202946 2.96 6.92 5.410613 5.392589
-1 1418366688.357839 1.0 4.380174 0.772483 6.197391
-1 1418366688.503119 0.0 2.8816 2.96 4.0
-1 1418366688.656078 4.0 14.738324 9.849871 8.6832
-1 1418366688.790300 0.59512 3.360338 3.182975 8.872511
-1 1418366688.921210 10.922731 4.96 5.0 3.0
-1 1418366689.072657 0.0 2.8816 3.766336 7.903426
-1 1418366689.226582 5.7632 0.0 1.766336 3.0
-1 1418366689.353978 0.0 2.667855 5.627855 2.766336
-1 1418366689.497568 3.846336 5.095384 2.0 5.367477
-1 1418366689.636685 4.462019 1.0 2.0 4.511055
-1 1418366689.802554 1.0 2.8816 2.8416 1.0
-1 1418366689.992359 5.609536 0.0 1.96 1.0
-1 1418366690.117204 1.0 3.259399 0.0 1.0
-1 1418366690.256298 4.0 4.96 3.96 5.0
-1 1418366690.415119 2.0 2.0 2.96 2.0
-1 1418366690.562218 4.8016 1.0 1.835295 1.695683
-1 1418366690.707893 4.0 0.0 3.96 2.0
-1 1418366690.846403 8.537824 0.0 2.96 3.0
-1 1418366690.991985 2.0 2.96 3.92 6.237391
-1 1418366691.029284 1.0 0.0 1.695683 1.8816
-1 1418366691.153686 1.8816 2.0 2.0 3.96
-1 1418366691.315777 0.0 3.0 1.450613 2.846336
-1 1418366691.459664 3.0 1.0 0.0 3.96
-1 1418366691.610815 0.0 2.96 1.0 2.7632
-1 1418366691.756656 2.0 8.494272 2.96 8.878642
-1 1418366691.891295 3.0 3.8816 5.96 4.0
-1 1418366692.022892 4.854982 1.0 2.0 6.351055
-1 1418366692.129803 0.0 2.0 3.8816 6.8416
-1 1418366692.261176 2.272965 2.0 0.0 3.772483
-1 1418366692.411656 1.402344 6.162061 3.202061 10.365172
-1 1418366692.571020 5.92 1.0 3.772483 4.732483
-1 1418366692.716463 3.615683 1.8816 6.614083 3.0
-1 1418366692.864053 3.8816 1.96 2.667855 4.772483
-1 1418366693.018519 4.167292 0.0 1.8816 5.8016
-1 1418366693.161539 0.0 1.0 3.0 2.437212
-1 1418366693.324803 3.0 0.0 1.0 1.8816
-1 1418366693.494729 3.0 2.0 2.0 4.8816
-1 1418366693.635587 6.370613 1.0 1.772483 5.511055
-1 1418366693.770037 8.312655 0.0 1.96 1.205796
-1 1418366693.927607 2.96 3.96 2.0 5.0
-1 1418366694.058444 0.0 2.0 4.577283 2.0
-1 1418366694.198791 2.212705 3.293813 5.206738 4.319477
-1 1418366694.334672 3.96 1.96 2.053917 4.92
-1 1418366694.504986 3.8816 7.087292 7.930469 4.127356
-1 1418366694.679494 0.0 0.8816 2.8816 4.7232
-1 1418366694.816375 1.0 1.0 2.0 1.0
-1 1418366694.979453 0.0 0.0 0.0 1.0
-1 1418366695.058129 2.0 5.349765 2.96 3.732483
-1 1418366695.202352 3.772483 2.0 2.0 4.0
-1 1418366695.333362 0.0 1.511055 1.846336 8.317266
-1 1418366695.472745 3.514066 0.0 1.0 3.0
-1 1418366695.615652 1.0 2.96 4.0 7.294515
-1 1418366695.752065 2.0 12.034945 9.015905 10.782241
-1 1418366695.899268 0.0 4.766336 2.96 4.96
-1 1418366696.028144 6.681336 1.0 3.577283 4.547855
-1 1418366696.179520 2.96 5.0 5.0 3.96
-1 1418366696.325893 2.661583 2.695683 8.53485 3.8416
-1 1418366696.446023 6.482741 2.8816 3.726336 6.469455
-1 1418366696.592313 4.382019 3.8416 4.96 3.0
-1 1418366696.750634 2.577283 1.0 3.615683 2.351663
-1 1418366696.891983 3.0 0.0 1.0 1.0
-1 1418366697.037705 2.0 1.96 1.0 8.575683
-1 1418366697.155626 1.0 4.846336 7.766336 5.667855
-1 1418366697.301953 2.0 2.96 5.732483 3.96
-1 1418366697.451332 1.8816 3.0 3.846336 3.0
-1 1418366697.584598 4.92 2.0 1.8816 2.8816
-1 1418366697.731244 2.0 2.96 3.919076 9.535683
-1 1418366697.865904 2.8816 15.09551 7.529536 7.529536
-1 1418366698.019978 1.0 2.797679 5.083661 4.148167
-1 1418366698.145881 2.0 4.732483 3.772483 2.0
-1 1418366698.292061 0.0 10.45927 2.476072 6.205071
-1 1418366698.463930 1.0 5.647936 2.8816 1.0
-1 1418366698.593164 1.0 2.0 2.601141 4.0
-1 1418366698.757791 0.0 2.0 1.0 5.92
-1 1418366698.891023 1.0 0.0 2.535683 1.8816
-1 1418366699.030089 5.96 0.0 1.0 1.524341
-1 1418366699.179230 0.0 1.0 1.8816 3.96
-1 1418366699.325193 1.766336 9.6448 6.8816 5.8416
-1 1418366699.458544 2.0 5.63192 3.8416 7.428165
-1 1418366699.597349 0.0 2.0 3.0 2.0
-1 1418366699.742714 0.0 3.667855 3.0 3.0
-1 1418366699.853291 4.529536 1.0 4.0 1.772483
-1 1418366700.012276 0.8816 4.325941 5.7632 7.095413
-1 1418366700.134685 3.766336 3.96 1.0 6.654083
-1 1418366700.273249 3.846336 4.615683 3.385332 3.048271
-1 1418366700.412279 3.766336 6.7232 3.482741 4.0
-1 1418366700.561944 8.8416 2.8816 2.732483 11.151365
-1 1418366700.742647 3.316948 1.846336 2.0 10.281456
-1 1418366700.917012 3.8416 4.0 3.667855 10.726336
-1 1418366701.027390 2.96 5.382019 5.318812 4.8416
-1 1418366701.218716 2.0 1.0 5.92 8.726336
-1 1418366701.420623 5.943224 1.0 3.96 5.8816
-1 1418366701.637608 14.17045 0.0 3.8816 2.96
-1 1418366701.845852 3.96 0.0 4.0 6.172769
-1 1418366702.033148 4.572961 8.274545 6.8416 8.579248
-1 1418366702.209360 2.96 5.726336 4.8816 8.532672
-1 1418366702.369796 5.532672 0.0 2.0 4.8016
-1 1418366702.530435 4.0 1.0 3.661583 7.234501
-1 1418366702.699517 2.846336 4.202061 2.0 5.701583
-1 1418366702.857479 3.96 1.96 4.96 2.0
-1 1418366703.026674 1.0 1.8816 6.437266 1.0
-1 1418366703.153287 3.727936 1.96 0.0 3.806336
-1 1418366703.312001 0.0 4.256885 1.0 1.0
-1 1418366703.470585 1.0 5.442344 5.655683 15.686289
-1 1418366703.620520 9.532672 7.618173 5.612672 11.342019
-1 1418366703.782108 4.574847 2.96 2.317935 6.687936
-1 1418366703.933446 1.292705 3.0 6.92 3.601141
-1 1418366704.042440 0.8816 5.8016 3.8416 4.538819
-1 1418366704.183307 3.0 2.0 5.8016 4.0
-1 1418366704.316294 1.0 2.0 11.237391 3.695683
-1 1418366704.477775 3.0 3.0 4.0 5.766336
-1 1418366704.626123 6.469455 2.0 3.524341 2.96
-1 1418366704.789486 3.405941 3.0 5.0 4.292705
-1 1418366704.947620 2.0 2.469455 4.601141 16.601857
-1 1418366705.033417 2.846336 1.0 8.726336 5.952693
-1 1418366705.169347 3.0 3.8816 3.96 3.0
-1 1418366705.304679 2.524341 6.478256 4.618819 3.7632
-1 1418366705.443522 1.0 2.695683 3.695683 6.272965
-1 1418366705.591659 3.96 1.0 2.0 2.8816
-1 1418366705.743985 4.695683 1.8816 3.0 2.846336
-1 1418366705.873158 2.0 6.627855 5.627855 4.561141
-1 1418366706.012636 6.8416 2.450613 7.740944 3.450613
-1 1418366706.143313 3.538819 2.8816 4.59512 3.8816
-1 1418366706.273978 4.423619 6.945239 3.945239 5.985239
-1 1418366706.408001 2.451787 2.0 2.96 4.96
-1 1418366706.559889 2.8816 1.695683 3.577283 4.92
-1 1418366706.695755 0.0 2.96 6.661583 5.88
-1 1418366706.846783 17.956101 4.0 5.795977 11.511503
-1 1418366706.980645 1.0 8.607915 5.40019 3.96
-1 1418366707.054443 7.8016 4.8416 7.928736 4.346468
-1 1418366707.202839 5.577283 4.0 3.846336 10.39903
-1 1418366707.363864 1.0 1.8816 7.869557 4.0
-1 1418366707.537899 11.43512 1.0 6.806336 7.726336
-1 1418366707.696563 2.0 9.212646 2.77322 4.967023
-1 1418366707.860399 1.695683 6.561141 3.0 12.041874
-1 1418366708.019544 1.0 2.96 1.0 0.0
-1 1418366708.157973 5.96 12.776801 9.698045 13.679491
-1 1418366708.305518 0.0 7.431055 3.0 1.0
-1 1418366708.448407 2.0 10.217761 9.652246 13.377046
-1 1418366708.605569 1.0 4.497095 4.0 2.8816
-1 1418366708.747735 1.0 2.0 1.0 3.0
-1 1418366708.870634 2.96 4.729113 0.0 7.862404
-1 1418366709.028946 10.7616 1.0 4.317935 4.96
-1 1418366709.154047 5.727936 4.59512 10.749689 7.133813
-1 1418366709.321389 2.258931 2.8816 3.846336 3.846336
-1 1418366709.439283 1.0 6.46127 2.766336 4.336459
-1 1418366709.591940 6.7632 5.687936 4.8416 9.877178
-1 1418366709.699154 0.0 5.96 7.92 6.0
-1 1418366709.874569 2.0 9.103872 5.640956 3.0
-1 1418366710.016848 3.8416 1.0 3.846336 12.863402
-1 1418366710.147092 0.0 1.0 2.846336 6.658166
-1 1418366710.293420 0.0 6.369439 7.614083 9.404999
-1 1418366710.486696 2.96 7.8816 10.87114 5.8416
-1 1418366710.640199 3.0 3.22785 2.846336 2.0
-1 1418366710.792904 1.0 3.497283 11.907694 9.615683
-1 1418366710.930921 1.235102 8.225565 6.542356 1.96
-1 1418366711.056263 1.96 8.880068 6.370613 8.330613
-1 1418366711.195714 6.370613 2.846336 4.274924 6.88
-1 1418366711.367970 4.96 4.647936 6.647936 8.152965
-1 1418366711.505280 4.450613 9.846861 9.925261 7.468628
-1 1418366711.652282 0.0 9.374272 10.686336 6.607936
-1 1418366711.814376 0.8816 4.55352 0.8816 7.856753
-1 1418366711.930639 2.846336 3.7232 2.623183 2.0
-1 1418366712.055545 1.0 6.593523 8.596193 6.253813
-1 1418366712.204372 0.0 0.0 4.8816 0.0
-1 1418366712.382214 4.0 5.332213 1.0 3.92
-1 1418366712.547028 1.0 10.787742 7.357391 5.846336
-1 1418366712.702096 3.437212 7.801668 5.543183 8.731404
-1 1418366712.813505 1.0 7.609536 3.7632 9.088338
-1 1418366712.959576 7.88 5.654083 4.6448 2.8816
-1 1418366713.057352 1.772483 1.903243 6.823243 1.0
-1 1418366713.188208 13.375872 2.0 8.404341 5.905711
-1 1418366713.316155 3.450613 5.8816 1.8816 4.577283
-1 1418366713.468006 5.732483 1.0 2.0 8.922735
-1 1418366713.611245 0.0 1.0 3.661583 2.0
-1 1418366713.753045 0.0 1.8816 2.8816 2.0
-1 1418366713.967289 1.7632 3.96 4.766336 6.343431
-1 1418366714.028329 2.0 0.0 2.8816 6.96
-1 1418366714.180321 1.223096 3.0 3.767413 1.0
-1 1418366714.335473 9.7616 1.0 2.0 6.411136
-1 1418366714.472138 1.0 7.649772 5.92 2.0
-1 1418366714.653864 2.0 1.8816 1.0 5.7632
-1 1418366714.773642 2.8816 12.913988 3.0 5.383619
-1 1418366714.914852 2.0 0.854075 1.96 2.96
-1 1418366715.030227 2.0 9.886861 8.043661 6.162061
-1 1418366715.178819 4.0 6.469455 8.88 6.538819
-1 1418366715.324843 2.0 9.405838 7.475015 5.426536
-1 1418366715.455364 4.772483 9.085094 6.502441 8.320809
-1 1418366715.587156 3.772483 4.405941 9.240402 9.498819
-1 1418366715.750944 4.0 7.92 6.0 11.271119
-1 1418366715.875189 2.0 0.8816 2.727936 4.727936
-1 1418366716.014059 0.8816 2.0 3.8416 2.96
-1 1418366716.168285 6.497283 4.0 2.0 1.0
-1 1418366716.331900 0.0 2.0 4.807888 2.0
-1 1418366716.505286 3.618819 16.704569 9.936394 13.060794
-1 1418366716.648852 1.0 1.96 5.92 5.96
-1 1418366716.782632 0.0 6.370613 2.0 2.561141
-1 1418366716.943429 2.47672 2.0 8.431055 8.266567
-1 1418366717.052102 2.0 2.0 3.96 3.96
-1 1418366717.262962 4.0 2.96 5.8416 3.96
-1 1418366717.439604 3.96 2.8816 3.766336 9.018911
-1 1418366717.769552 3.96 3.0 3.0 4.8816
-1 1418366718.039293 0.8816 3.0 4.7632 3.8816
-1 1418366718.696056 1.0 4.8816 4.8816 2.8816
-1 1418366718.898768 1.0 1.0 1.0 3.96
-1 1418366719.031760 2.0 1.0 1.0 2.695683
-1 1418366720.044218 3.0 4.0 5.8416 4.220024
-1 1418366721.019101 1.7632 1.0 3.8816 3.0
-1 1418366722.024588 2.0 2.0 1.0 1.0
