-1 1418352581.573180 5.560338 4.792519 2.940988 2.980199 3.980199 3.0 6.733507 3.789128 4.792519 2.0 1.0 3.980199 1.0
-1 1418352581.906021 4.881976 2.921187 2.921187 1.0 1.0 1.0 0.940988 2.881976 2.940988 1.940988 0.0 1.0 0.0
-1 1418352582.134757 0.829815 0.940988 6.785699 3.922355 2.940988 3.0 3.325299 4.751394 1.0 1.0 4.922355 1.940988 4.922355
-1 1418352582.422003 3.0 3.0 2.980199 1.0 1.940988 0.0 2.0 6.846979 3.0 0.0 2.940988 1.0 2.940988
-1 1418352582.717350 1.57144 2.556848 2.789128 2.82873 2.751394 1.0 2.829815 5.381115 3.440268 2.940988 2.789128 2.980199 2.789128
-1 1418352582.939304 0.0 3.297813 2.845472 2.0 1.845472 3.845472 7.714011 1.0 0.0 4.0 0.0 1.845472 0.0
-1 1418352583.201180 3.0 3.0 6.457687 1.0 0.0 0.0 5.940988 3.0 3.0 1.0 0.0 1.0 0.0
-1 1418352583.460787 1.882753 0.0 2.0 2.940988 3.0 3.921187 1.0 1.940988 0.0 3.921187 1.0 0.845472 1.0
-1 1418352583.763696 3.960397 4.960397 4.980199 2.0 2.0 2.0 8.765505 3.960397 4.960397 1.0 1.0 2.0 1.0
-1 1418352583.992557 3.88429 3.0 2.882753 0.0 1.882753 3.823741 5.710706 1.88429 0.88429 2.882753 0.0 1.0 0.0
-1 1418352584.252190 6.921187 7.589496 1.0 3.980199 0.0 2.980199 6.59331 7.357977 8.598388 2.921187 3.980199 0.940988 3.980199
-1 1418352584.764389 0.0 2.980199 6.75398 2.940988 3.921187 3.980199 5.921187 0.0 1.0 2.921187 2.940988 3.921187 2.940988
-1 1418352584.963036 3.980199 3.940988 6.0 7.940988 3.0 4.940988 13.783362 7.902554 3.980199 5.82873 7.750309 3.0 7.750309
-1 1418352585.253619 2.882753 2.0 3.881976 3.0 2.0 2.0 1.980199 6.803939 5.0 5.0 2.0 2.0 2.0
-1 1418352585.678828 5.538645 1.0 2.823741 2.940988 1.940988 3.921187 2.0 0.88429 3.889451 3.921187 1.940988 2.940988 1.940988
-1 1418352585.883314 1.0 0.0 1.940988 2.642468 1.940988 3.881976 1.0 3.882753 4.980199 2.940988 0.0 2.881976 0.0
-1 1418352586.081347 2.980199 4.393487 6.067057 3.980199 3.980199 3.980199 6.881976 2.980199 1.980199 5.862175 5.735731 3.980199 5.735731
-1 1418352586.316097 2.940988 6.4356 3.863343 1.0 0.0 0.0 9.450327 2.940988 2.980199 3.822964 2.0 0.0 2.0
-1 1418352586.613661 5.65731 5.545406 0.0 5.0 0.0 1.0 9.268783 4.773781 4.665528 1.980199 3.0 0.0 3.0
-1 1418352586.888166 1.736936 1.0 8.766266 7.108246 4.921187 9.940596 4.735731 2.587875 2.0 8.371105 11.628457 7.901385 11.628457
-1 1418352587.148125 3.690943 2.0 2.980199 3.921187 1.0 2.980199 5.0 4.690943 3.0 1.0 2.0 2.0 2.0
-1 1418352587.406124 2.0 1.0 4.711483 2.980199 3.980199 2.0 2.940988 4.881976 3.940988 2.0 2.0 4.0 2.0
-1 1418352587.684400 3.88429 2.0 2.88429 1.0 1.0 3.0 3.922355 3.0 1.88429 3.980199 2.0 2.921187 2.0
-1 1418352588.024906 1.940988 7.786068 1.0 0.0 2.0 0.0 7.862951 1.940988 3.627633 2.0 0.0 3.0 0.0
-1 1418352588.289832 5.862951 7.711792 6.766658 4.881976 2.881976 2.940988 6.646318 4.348808 5.803939 2.881976 4.940988 2.881976 4.940988
-1 1418352588.619382 9.510554 6.372289 3.0 1.0 1.0 2.0 10.973633 10.184415 11.61213 2.0 1.0 0.0 1.0
-1 1418352588.979728 7.940596 5.707647 6.675272 2.0 2.0 1.0 9.076204 6.614457 5.0 2.922355 1.0 3.0 1.0
-1 1418352589.245145 8.245962 6.805869 5.940988 6.881976 6.901385 3.940988 7.597627 6.862951 4.537051 4.940988 5.881976 6.901385 5.881976
-1 1418352589.501465 0.0 5.751394 7.901385 6.980199 2.940988 4.0 4.960397 1.0 0.0 3.0 5.980199 3.0 5.980199
-1 1418352589.846041 0.0 0.923945 3.78646 3.750309 3.805869 0.940988 0.0 0.0 4.0 2.922355 4.691297 0.0 4.691297
-1 1418352590.067693 2.980199 4.980199 7.726295 1.882753 1.0 0.0 10.673357 6.651341 1.922355 3.805869 2.823741 1.0 2.823741
-1 1418352590.328298 5.980199 5.960397 4.960397 5.960397 8.786068 5.960397 9.141137 3.0 3.0 6.901385 4.960397 7.786068 4.960397
-1 1418352590.793897 1.0 8.1389 2.940988 2.940988 3.940988 5.921187 2.659631 0.845472 1.0 3.940988 2.940988 2.940988 2.940988
-1 1418352590.998302 7.46963 3.0 5.497225 2.0 1.0 1.0 4.940988 3.0 7.562125 2.0 0.0 0.0 0.0
-1 1418352591.248765 6.124308 3.980199 0.940988 1.0 1.980199 1.88429 2.0 4.126322 4.42002 2.789128 1.0 1.980199 1.0
-1 1418352591.524441 3.0 3.980199 1.0 2.0 1.0 2.0 3.0 3.0 4.922355 2.0 2.0 1.0 2.0
-1 1418352591.853821 7.823741 5.882753 3.940988 3.807768 1.940988 2.940988 5.882753 7.823741 8.862951 2.940988 7.280443 1.940988 7.280443
-1 1418352592.045153 1.0 1.78646 4.6181 1.0 2.940988 0.940988 4.746857 1.0 2.980199 0.940988 1.980199 3.921187 1.980199
-1 1418352592.276679 6.458979 2.0 3.922355 2.940988 3.980199 5.980199 7.629503 4.570883 6.480604 7.960397 3.980199 5.921187 3.980199
-1 1418352592.565679 0.7537 1.940988 3.980199 0.0 0.0 2.980199 3.674887 2.7537 0.7537 1.0 1.940988 2.0 1.940988
-1 1418352592.857300 1.0 3.0 2.882753 0.940988 2.980199 1.0 1.0 2.0 4.980199 1.0 1.0 1.0 1.0
-1 1418352593.063923 3.921187 1.940988 7.921187 4.921187 0.0 2.0 1.940988 1.940988 3.921187 3.0 5.862951 0.0 5.862951
-1 1418352593.313977 2.0 0.940988 3.980199 1.0 2.0 2.0 0.0 1.0 1.0 2.980199 2.980199 2.0 2.980199
-1 1418352593.611705 4.922355 6.882753 3.0 3.980199 4.882753 5.88429 7.882753 6.636453 7.750309 4.882753 3.0 7.728224 3.0
-1 1418352593.908751 6.980199 4.715651 5.960397 3.940988 3.980199 4.940988 5.715651 6.0 4.0 4.940988 4.940988 3.82567 4.940988
-1 1418352594.129853 2.0 5.691297 8.901385 4.0 7.980199 6.980199 4.722479 2.940988 4.922355 7.0 5.0 7.980199 5.0
-1 1418352594.426284 11.521542 6.769326 4.980199 7.864489 5.0 5.980199 12.651537 10.382449 6.842374 6.733899 5.960397 4.0 5.960397
-1 1418352594.816756 1.50449 1.980199 4.980199 2.980199 1.0 1.0 5.980199 1.619631 2.0 2.921187 11.711792 1.940988 11.711792
-1 1418352595.022508 1.0 4.314321 2.980199 1.0 1.0 1.0 9.696005 4.995143 0.940988 1.940988 1.0 1.0 1.0
-1 1418352595.291150 3.0 2.0 5.638006 4.715651 2.0 4.0 3.940988 4.0 3.0 3.0 5.940988 2.0 5.940988
-1 1418352595.631849 1.940988 4.0 5.0 2.980199 1.0 1.0 3.940988 4.881976 2.0 1.0 3.0 3.0 3.0
-1 1418352595.903118 0.940988 1.0 9.546064 4.980199 3.882753 1.980199 1.0 0.0 1.940988 1.0 8.804332 5.823741 8.804332
-1 1418352596.094072 2.0 3.0 7.864489 5.940988 5.881976 2.921187 4.167743 2.0 2.825278 3.881976 6.940988 4.921187 6.940988
-1 1418352596.339339 1.0 4.124778 9.727448 6.822964 5.940988 6.863343 6.78238 2.0 2.0 4.863343 5.881976 5.940988 5.881976
-1 1418352596.760805 1.0 6.766266 1.0 2.0 1.0 3.0 3.882753 2.0 3.0 3.0 1.0 1.0 1.0
-1 1418352596.975142 0.0 1.0 4.940988 5.921187 5.881976 2.0 7.621529 0.0 1.0 3.0 4.921187 3.0 4.921187
-1 1418352597.207069 2.0 0.0 2.0 5.881976 2.980199 3.0 0.0 0.940988 3.881976 6.765505 3.980199 4.980199 3.980199
-1 1418352597.484942 0.940988 1.7537 3.0 3.0 1.0 2.980199 2.0 3.0 7.446023 2.980199 3.0 1.0 3.0
-1 1418352597.762672 1.922355 0.940988 0.940988 1.0 0.845472 1.0 1.0 2.922355 3.980199 3.921187 1.940988 0.0 1.940988
-1 1418352598.025182 1.0 1.0 4.790997 2.940988 3.0 3.921187 4.296927 2.0 0.0 4.980199 4.940988 3.0 4.940988
-1 1418352598.246332 2.940988 4.731985 3.0 2.0 1.0 4.0 11.495115 2.940988 5.862175 4.0 4.750309 2.845472 4.750309
-1 1418352598.515743 1.48589 0.940988 7.901385 12.47006 4.960397 4.960397 2.352299 3.714062 2.940988 6.842374 9.76858 5.960397 9.76858
-1 1418352598.946732 2.0 5.862175 3.940988 1.88429 1.980199 2.0 3.881976 2.0 4.710706 1.0 3.0 0.0 3.0
-1 1418352599.117247 5.0 3.0 3.980199 2.0 2.0 2.0 3.71279 5.0 4.980199 2.940988 3.0 2.0 3.0
-1 1418352599.388156 2.0 10.785676 5.940988 1.0 3.0 1.715651 7.844687 2.0 3.881976 3.922355 3.921187 0.0 3.921187
-1 1418352599.796689 1.0 2.921187 7.565775 2.922355 2.0 0.0 3.4356 3.0 3.940988 0.845472 3.882753 1.0 3.882753
-1 1418352600.069834 2.881976 1.881976 2.0 3.0 2.0 3.0 6.333483 2.727448 2.940988 4.921187 3.980199 2.0 3.980199
-1 1418352600.331315 3.326386 3.0 2.940988 1.0 5.862175 1.0 4.0 1.365989 3.921187 5.960397 2.0 5.921187 2.0
-1 1418352600.627642 7.1665 4.960397 6.940988 2.940988 3.940988 3.940988 6.960397 7.337024 5.0 3.940988 2.940988 2.940988 2.940988
-1 1418352600.957069 1.0 1.0 4.881976 1.0 4.0 1.980199 3.960397 3.200069 0.0 2.980199 3.940988 2.0 3.940988
-1 1418352601.169640 2.875321 7.535082 2.0 1.0 1.0 1.940988 4.341512 3.634599 8.577503 1.940988 1.940988 1.0 1.940988
-1 1418352601.453872 3.940988 2.0 3.0 4.82567 2.0 1.741642 3.609168 1.940988 2.0 5.663221 3.980199 0.0 3.980199
-1 1418352601.913398 1.0 1.922355 2.980199 2.0 1.0 2.940988 1.940988 0.0 0.0 4.881976 2.0 0.0 2.0
-1 1418352602.177615 1.0 5.751394 5.940988 2.0 4.0 3.0 7.505095 2.790997 4.0 2.0 2.0 4.0 2.0
-1 1418352602.411101 4.862951 3.960397 5.295715 0.0 0.88429 4.461731 7.881584 3.882753 2.0 2.88429 5.634599 3.88429 5.634599
-1 1418352602.729426 2.980199 3.980199 4.86678 3.922355 5.846979 4.902554 7.822964 5.902554 3.980199 4.730508 2.0 6.730508 2.0
-1 1418352602.998639 3.792519 7.823741 7.656247 6.921187 5.299143 3.940988 7.823741 3.0 3.0 5.773781 7.480604 2.0 7.480604
-1 1418352603.233789 1.0 0.0 4.88429 2.0 3.0 1.0 2.0 2.940988 1.0 1.0 3.0 4.940988 3.0
-1 1418352603.514937 3.0 3.0 1.0 3.882753 0.88429 0.0 3.0 5.960397 2.0 0.0 1.0 0.0 1.0
-1 1418352603.908535 3.0 1.792519 4.825278 1.0 5.0 2.0 1.792519 3.76858 4.0 2.0 2.0 3.0 2.0
-1 1418352604.115414 0.0 1.0 0.0 1.0 1.0 3.88429 0.0 0.0 3.746857 3.0 2.0 1.0 2.0
-1 1418352604.356017 1.0 2.980199 4.823741 0.0 2.0 3.0 2.980199 2.649304 2.980199 3.980199 2.881976 4.980199 2.881976
-1 1418352604.777980 2.0 3.0 6.881976 3.0 3.881976 2.0 2.0 2.0 5.0 3.0 4.980199 4.980199 4.980199
-1 1418352605.036162 1.940988 2.940988 5.922355 10.940596 5.0 3.0 5.921187 2.940988 2.940988 4.980199 4.980199 5.940988 4.980199
-1 1418352605.284069 2.0 4.980199 7.82873 3.921187 5.864489 4.980199 4.980199 5.82567 8.769326 6.823741 5.733507 2.0 5.733507
-1 1418352605.647514 1.0 1.0 4.882753 0.940988 3.690943 2.276953 2.0 1.0 0.0 1.495797 3.940988 2.0 3.940988
-1 1418352605.965189 3.0 3.940988 5.0 3.88429 2.0 1.0 1.940988 3.980199 1.0 1.0 4.0 2.0 4.0
-1 1418352606.189468 1.0 3.863343 0.0 4.862951 1.0 5.960397 4.902554 2.0 1.940988 4.960397 1.0 2.0 1.0
-1 1418352606.475565 3.0 3.0 5.805869 4.0 8.766266 7.940596 2.0 2.0 4.0 14.267277 6.88429 8.786068 6.88429
-1 1418352606.882223 6.108826 5.921187 0.0 3.711792 1.940988 3.980199 7.809605 5.980199 2.0 4.843542 2.711792 2.733507 2.711792
-1 1418352607.098865 4.980199 7.696913 2.980199 1.0 2.0 1.0 12.930923 4.0 4.0 1.0 1.0 1.980199 1.0
-1 1418352607.354189 2.940988 3.78646 5.960397 1.940988 1.0 1.0 2.940988 2.940988 3.940988 1.0 2.0 1.0 2.0
-1 1418352607.635950 4.0 2.0 3.980199 6.810014 2.980199 5.0 2.0 3.0 3.980199 9.679372 4.980199 2.980199 4.980199
-1 1418352607.974836 4.0 6.0 5.0 6.922355 5.0 5.0 10.765505 3.0 7.881976 8.940988 5.0 5.0 5.0
-1 1418352608.175069 3.78646 4.921187 6.823741 3.0 2.940988 2.0 21.096266 5.497943 2.727448 3.0 2.940988 2.940988 2.940988
-1 1418352608.431010 4.980199 6.960397 1.940988 0.0 0.0 3.921187 1.940988 5.980199 4.0 3.881976 1.0 0.0 1.0
-1 1418352608.822444 3.822964 2.0 3.503058 4.0 3.0 2.0 2.0 5.822964 2.549945 6.960397 2.0 3.0 2.0
-1 1418352609.150965 5.803163 13.411532 2.881976 2.0 2.940988 3.845472 9.842374 7.453959 9.725903 6.707647 2.0 2.845472 2.0
-1 1418352609.440139 11.30739 10.160369 8.384327 7.787021 3.0 0.0 12.59923 10.171494 3.702824 5.384327 3.688907 2.0 3.688907
-1 1418352609.844952 2.980199 2.882753 2.0 3.881976 1.0 3.862175 1.0 2.0 5.922355 3.805869 4.882753 1.0 4.882753
-1 1418352610.141542 1.940988 2.940988 2.82873 2.0 3.0 2.980199 3.940988 2.940988 4.770803 3.239256 2.0 2.0 2.0
-1 1418352610.386098 1.845472 4.0 2.0 2.88429 3.0 3.0 3.845472 2.845472 1.845472 4.0 4.980199 2.0 4.980199
-1 1418352610.667417 3.715651 3.0 3.0 2.0 2.0 3.0 12.558416 4.533706 3.922355 3.940988 4.0 4.0 4.0
-1 1418352611.004010 5.094826 3.0 4.940988 2.0 0.0 0.0 2.0 2.980199 2.980199 1.0 2.0 4.565208 2.0
-1 1418352611.231863 3.0 2.0 2.0 1.0 2.0 1.0 2.0 2.0 2.0 2.0 0.0 2.0 0.0
-1 1418352611.509862 2.0 4.656639 6.980199 1.0 0.0 1.0 3.769718 0.0 1.0 3.922355 4.862951 2.0 4.862951
-1 1418352611.830022 1.0 1.0 4.679764 5.390487 3.0 4.864489 3.0 1.0 6.0 2.0 2.845472 3.980199 2.845472
-1 1418352612.143262 2.940988 2.940988 7.477228 3.863343 3.713706 0.0 2.940988 1.940988 4.940988 1.0 6.748364 2.980199 6.748364
-1 1418352612.447147 1.0 4.806645 4.845472 2.0 0.0 1.0 6.767043 1.0 1.0 1.940988 1.0 0.0 1.0
-1 1418352612.900803 1.82873 6.215284 6.807376 7.448389 8.901385 5.902554 7.215284 1.0 1.82873 6.882753 14.175844 9.842374 14.175844
-1 1418352613.163682 1.980199 4.980199 5.862951 3.0 1.0 1.0 3.0 2.0 1.0 1.0 3.0 3.0 3.0
-1 1418352613.448211 0.0 3.519671 2.940988 3.980199 7.823741 1.0 4.449116 1.0 0.0 2.980199 1.940988 1.940988 1.940988
-1 1418352613.783382 2.281358 2.0 4.547602 2.0 0.0 1.0 1.0 2.0 3.0 4.789128 1.980199 0.0 1.980199
-1 1418352614.069866 2.0 2.0 8.808929 6.0 6.940988 5.0 2.0 4.0 3.0 5.0 6.733899 5.0 6.733899
-1 1418352614.324647 0.0 0.741642 3.882753 3.980199 1.0 2.0 8.692077 1.303377 2.584891 2.980199 2.940988 2.0 2.940988
-1 1418352614.581139 2.775334 3.696913 1.980199 2.940988 4.960397 2.980199 5.506588 2.940988 1.650796 5.771195 1.980199 3.940988 1.980199
-1 1418352614.914526 3.315763 3.39795 3.940988 3.822964 0.940988 7.647482 3.944728 3.059653 1.0 3.881976 2.980199 0.940988 2.980199
-1 1418352615.150831 5.436535 5.550157 8.655086 5.881976 4.901385 2.881976 8.472896 2.980199 4.921187 8.82567 8.825278 6.881584 8.825278
-1 1418352615.455792 4.922355 4.0 7.766266 6.82873 3.0 4.0 4.354236 5.882753 3.0 5.792519 4.0 3.0 4.0
-1 1418352615.778111 1.0 2.0 5.0 4.0 0.940988 2.0 3.0 2.980199 1.0 2.0 2.980199 2.922355 2.980199
-1 1418352616.103745 4.882753 3.980199 9.920795 3.0 2.0 1.940988 3.940988 5.882753 5.822964 2.0 3.980199 3.0 3.980199
-1 1418352616.328077 8.862951 4.882753 1.980199 0.0 0.0 1.0 8.823741 7.862951 9.766266 2.0 0.0 2.921187 0.0
-1 1418352616.587400 2.980199 2.0 3.0 6.0 1.0 2.0 5.696913 1.0 2.0 3.775334 3.0 4.716322 3.0
-1 1418352616.849133 4.702824 4.0 2.940988 1.0 2.980199 2.881976 4.0 5.980199 4.0 2.881976 0.940988 1.940988 0.940988
-1 1418352617.129815 5.653556 3.823741 10.610201 6.153862 5.980199 5.0 9.045647 8.589246 6.708031 6.803163 4.921187 3.0 4.921187
-1 1418352617.365237 4.980199 4.0 6.845472 1.0 1.0 3.0 7.550668 6.921187 7.0 3.922355 0.0 2.980199 0.0
-1 1418352617.758173 4.881976 9.768165 5.556041 1.940988 4.672649 2.694689 7.901385 7.744928 5.881976 3.635677 4.921187 3.825278 4.921187
-1 1418352618.092456 3.940988 5.805869 4.730508 1.940988 1.0 2.0 3.88429 2.0 5.921187 2.940988 2.0 1.0 2.0
-1 1418352618.344457 3.0 3.334051 4.715651 3.0 5.771195 3.940988 11.748788 4.361392 2.82873 3.940988 4.980199 3.0 4.980199
-1 1418352618.611624 3.0 3.0 6.862951 6.921187 2.0 2.0 6.88429 6.940988 4.980199 5.980199 2.940988 2.0 2.940988
-1 1418352619.032584 3.960397 6.940596 5.940988 5.960397 3.0 3.0 10.558454 3.960397 3.980199 4.980199 4.980199 4.0 4.980199
-1 1418352619.230988 0.0 0.0 1.82873 2.0 1.0 1.980199 2.699174 0.940988 2.0 6.651695 1.0 1.0 1.0
-1 1418352619.495314 4.921187 3.940988 3.0 3.940988 2.0 4.940988 7.578994 2.0 5.773781 2.0 1.0 2.0 1.0
-1 1418352619.912203 1.0 4.526015 9.882753 3.0 1.0 3.980199 3.0 2.735731 8.803939 4.980199 3.0 1.0 3.0
-1 1418352620.187532 3.940988 3.980199 4.980199 4.0 2.0 3.0 3.980199 2.980199 5.862175 5.0 5.0 3.0 5.0
-1 1418352620.435382 4.0 7.321789 5.88429 2.0 2.980199 1.0 8.243368 5.980199 4.0 4.765505 4.0 2.980199 4.0
-1 1418352620.761122 2.980199 2.0 4.980199 3.0 1.0 1.0 3.0 2.922355 1.0 3.714874 4.940988 1.792519 4.940988
-1 1418352621.087942 2.845472 1.0 3.0 6.0 2.0 4.0 3.980199 1.845472 0.0 2.0 3.0 2.0 3.0
-1 1418352621.239644 10.807376 7.940988 10.691297 8.940988 6.0 6.980199 9.921187 12.787575 7.881976 7.980199 9.980199 7.980199 9.980199
-1 1418352621.490529 4.921187 5.706493 2.0 5.960397 1.0 2.980199 2.881976 4.921187 3.940988 3.82873 1.0 1.0 1.0
-1 1418352621.806664 1.980199 1.0 1.0 0.0 4.0 5.940988 2.0 2.921187 3.980199 6.88429 0.0 2.0 0.0
-1 1418352622.056383 2.0 2.845472 4.139115 1.0 1.0 2.0 7.67075 4.0 8.881976 3.980199 1.0 1.940988 1.0
-1 1418352622.262412 2.0 1.940988 1.0 3.0 4.0 2.980199 2.0 2.0 3.980199 1.0 2.0 2.0 2.0
-1 1418352622.538878 2.980199 3.88429 2.0 4.0 4.980199 4.980199 6.844687 1.980199 4.980199 5.960397 4.0 4.980199 4.0
-1 1418352622.988158 1.88429 0.0 2.0 3.88429 0.0 0.0 1.882753 1.940988 5.864489 3.0 3.0 1.980199 3.0
-1 1418352623.216851 2.882753 3.0 3.0 1.0 0.0 0.0 1.0 4.562399 3.922355 2.0 1.0 1.0 1.0
-1 1418352623.522003 3.0 2.0 2.980199 4.980199 1.940988 0.0 5.376679 4.82567 2.0 3.980199 5.980199 0.940988 5.980199
-1 1418352623.885350 3.0 2.863343 7.599141 4.789128 3.960397 2.0 2.922355 1.0 4.921187 3.980199 5.864489 0.0 5.864489
-1 1418352624.142082 3.0 2.882753 2.0 2.0 1.0 1.0 1.88429 3.980199 1.0 2.0 2.78646 1.0 2.78646
-1 1418352624.380703 3.940988 4.026254 1.0 0.0 1.0 0.0 2.369606 1.940988 1.940988 0.0 0.940988 0.0 0.940988
-1 1418352624.679869 0.0 2.0 6.707647 6.516614 3.82567 3.82567 4.0 0.0 2.0 5.730508 4.960397 3.82567 4.960397
-1 1418352625.148534 3.867036 7.448234 1.845472 0.845472 0.0 0.0 9.835738 5.252294 5.12978 8.042096 1.980199 2.980199 1.980199
-1 1418352625.335788 4.827177 2.792519 3.0 1.0 1.0 1.0 4.249783 3.0 2.0 2.0 1.922355 1.0 1.922355
-1 1418352625.628044 12.612876 5.921187 9.901385 5.960397 6.960397 6.960397 6.737223 13.165261 6.807376 4.960397 4.960397 5.960397 4.960397
-1 1418352625.971778 1.0 3.940988 4.671496 1.940988 1.0 2.0 6.805108 0.0 2.0 2.0 5.863343 2.0 5.863343
-1 1418352626.233247 1.0 1.0 2.0 1.0 2.789128 1.940988 2.627478 1.0 1.940988 0.0 1.0 1.0 1.0
-1 1418352626.448465 2.0 1.0 5.822964 0.0 4.881976 1.940988 2.62447 2.980199 0.0 6.921187 0.0 4.940988 0.0
-1 1418352626.705491 2.750309 4.769326 4.882753 2.0 1.0 2.0 10.545406 2.0 2.0 1.0 7.559162 1.0 7.559162
-1 1418352626.993991 7.746857 7.823741 5.862175 1.940988 1.0 1.0 7.882753 7.746857 4.823741 1.940988 2.940988 2.0 2.940988
-1 1418352627.270442 1.0 2.0 2.940988 4.500618 0.0 3.980199 2.715651 1.0 5.298205 8.656247 1.0 2.0 1.0
-1 1418352627.599639 1.0 1.0 5.584499 2.0 2.0 2.0 2.0 2.882753 2.0 2.0 1.980199 1.0 1.980199
-1 1418352628.025604 0.0 5.750309 3.881976 0.0 2.940988 0.0 4.711483 0.0 0.790997 2.0 1.0 0.940988 1.0
-1 1418352628.243672 0.0 0.0 2.980199 3.0 1.0 2.0 3.0 1.0 1.980199 4.980199 3.0 2.0 3.0
-1 1418352628.518925 1.0 3.0 6.789128 1.0 5.632285 0.0 6.02293 2.545688 4.882753 1.0 2.7537 1.0 2.7537
-1 1418352628.823638 6.789128 4.960397 1.881976 2.922355 0.940988 0.940988 9.480817 3.980199 1.980199 2.940988 1.881976 2.940988 1.881976
-1 1418352629.133717 8.603257 15.436024 5.882753 2.940988 1.940988 2.82567 6.421413 10.377756 2.0 5.0 3.0 3.881976 3.0
-1 1418352629.356720 2.0 1.0 2.0 4.882753 3.0 3.0 1.0 3.0 2.0 1.0 0.0 0.0 0.0
-1 1418352629.664688 4.960397 1.0 7.901385 0.88429 0.940988 0.0 5.807376 3.960397 5.960397 4.881976 0.0 0.0 0.0
-1 1418352630.092759 2.0 3.88429 2.0 3.0 2.0 1.0 6.639823 2.0 5.881976 2.940988 3.0 1.0 3.0
-1 1418352630.308122 3.0 0.0 3.0 0.0 3.0 1.0 0.0 3.616515 3.980199 0.715651 2.881976 1.0 2.881976
-1 1418352630.595876 2.750309 2.750309 2.0 1.0 2.980199 4.0 5.500618 1.750309 0.0 5.845472 4.921187 3.980199 4.921187
-1 1418352631.036210 1.0 1.980199 2.0 2.0 1.0 2.0 2.980199 3.82567 1.0 2.0 1.0 0.0 1.0
-1 1418352631.270844 1.0 5.11232 2.921187 2.0 1.940988 2.940988 4.159094 4.346608 4.731985 2.940988 1.0 0.940988 1.0
-1 1418352631.527126 3.921187 2.845472 3.0 3.0 0.940988 0.940988 1.980199 1.980199 4.960397 5.790213 1.0 0.0 1.0
-1 1418352631.845416 1.0 1.82873 2.921187 0.0 1.980199 0.0 6.749525 1.980199 1.980199 1.0 0.0 3.902554 0.0
-1 1418352632.230298 1.750309 1.0 1.0 2.980199 3.0 0.0 2.750309 1.750309 0.0 2.0 2.0 3.0 2.0
-1 1418352632.507268 5.882753 10.016637 2.940988 2.980199 1.0 4.0 8.338546 5.882753 3.922355 4.0 4.0 2.0 4.0
-1 1418352632.885941 3.772718 4.810014 3.823741 2.980199 0.0 0.940988 8.596458 2.980199 4.882753 0.940988 3.921187 1.940988 3.921187
-1 1418352633.189941 2.0 1.0 3.921187 1.940988 3.921187 2.940988 2.980199 1.0 2.0 2.940988 4.75398 1.940988 4.75398
-1 1418352633.438443 3.940988 2.940988 4.0 3.845472 2.980199 1.0 2.940988 3.940988 4.0 3.845472 0.940988 2.0 0.940988
-1 1418352633.769539 2.980199 2.882753 5.862175 3.0 2.980199 2.0 5.803939 2.980199 3.921187 2.980199 2.0 4.960397 2.0
-1 1418352634.123945 1.0 2.845472 6.881976 5.0 6.0 3.0 1.940988 2.0 1.940988 6.786844 4.0 5.0 4.0
-1 1418352634.310499 1.82873 0.0 1.88429 0.940988 2.0 0.0 1.829815 1.0 4.980199 1.0 3.921187 1.940988 3.921187
-1 1418352634.562035 3.0 7.770803 4.881976 1.940988 1.940988 1.0 5.940988 7.885527 4.029319 3.634599 3.730116 2.88429 3.730116
-1 1418352634.942352 2.124819 3.0 3.980199 0.940988 2.882753 1.940988 3.655362 1.605745 0.0 1.0 3.0 1.0 3.0
-1 1418352635.283097 4.603257 2.0 3.845472 3.921187 2.940988 1.940988 2.62759 6.623059 3.980199 3.519671 2.845472 3.980199 2.845472
-1 1418352635.563683 6.960397 7.862951 5.960397 2.88429 0.0 0.0 6.82567 6.960397 2.0 2.0 4.88429 0.0 4.88429
-1 1418352635.869981 7.921187 2.0 4.0 3.0 1.0 2.0 3.980199 6.921187 4.980199 1.0 1.940988 1.0 1.940988
-1 1418352636.119381 5.980199 6.864489 7.730116 7.881584 1.0 5.960397 6.864489 10.499399 7.730508 8.940596 7.881584 3.980199 7.881584
-1 1418352636.353333 3.0 2.0 3.980199 1.0 2.980199 3.960397 3.980199 4.0 3.980199 3.217964 2.980199 2.921187 2.980199
-1 1418352636.588511 4.0 3.980199 0.940988 1.940988 0.940988 0.940988 4.82567 3.0 3.0 4.921187 1.940988 2.940988 1.940988
-1 1418352636.857124 7.186278 4.980199 3.980199 2.0 3.0 1.0 5.960397 8.443172 3.980199 1.0 1.0 2.0 1.0
-1 1418352637.182786 3.709568 1.845472 2.0 3.0 2.0 2.0 1.845472 4.709568 6.805869 2.0 2.0 1.0 2.0
-1 1418352637.385059 2.0 2.0 1.0 1.882753 1.881976 2.940988 2.0 4.0 4.488936 2.0 2.823741 0.940988 2.823741
-1 1418352637.646114 3.980199 1.0 3.0 9.766266 2.980199 6.940988 3.401464 3.0 1.88429 7.825278 4.0 9.748779 4.0
-1 1418352638.000093 2.0 3.0 4.0 2.0 3.0 2.0 4.0 2.0 2.0 3.0 3.339383 3.980199 3.339383
-1 1418352638.241690 0.0 2.0 9.45005 4.940988 2.0 0.0 1.0 1.0 1.0 4.82873 2.940988 1.0 2.940988
-1 1418352638.459471 1.980199 2.0 4.0 6.921187 3.0 5.0 9.238879 0.940988 2.789128 7.0 4.940988 3.0 4.940988
-1 1418352638.783556 6.960397 2.980199 4.980199 2.980199 5.960397 3.980199 3.980199 3.960397 5.901385 2.980199 3.940988 5.960397 3.940988
-1 1418352639.148542 3.282579 4.785699 1.940988 1.0 0.0 1.0 7.357955 3.80626 5.691297 3.881976 1.0 0.0 1.0
-1 1418352639.371008 1.0 10.553823 0.940988 1.0 1.940988 2.0 16.314291 1.0 1.0 4.980199 0.0 2.0 0.0
-1 1418352639.673205 6.672664 10.230408 4.862175 1.940988 1.940988 1.940988 5.843542 5.804332 2.0 2.940988 0.940988 1.940988 0.940988
-1 1418352640.137371 2.0 3.0 2.0 2.88429 1.0 0.0 6.0 2.0 4.0 2.845472 3.88429 1.0 3.88429
-1 1418352640.491344 2.882753 5.862951 3.940988 1.881976 2.0 2.922355 7.326099 2.882753 1.940988 9.746096 1.940988 1.0 1.940988
-1 1418352640.776275 2.0 3.0 0.0 1.88429 0.0 3.0 3.0 4.86678 1.0 2.0 3.623709 2.980199 3.623709
-1 1418352641.138179 3.940988 3.940988 6.462508 6.617036 3.960397 4.881976 7.825278 7.549129 2.940988 5.822964 3.88429 2.980199 3.88429
-1 1418352641.359000 1.922355 1.0 1.0 1.0 1.0 2.980199 3.922355 2.0 1.922355 3.980199 1.0 0.0 1.0
-1 1418352641.622366 3.714098 1.940988 1.0 2.0 1.0 3.882753 4.714098 6.505811 2.940988 1.0 1.790997 2.882753 1.790997
-1 1418352641.892778 1.980199 3.980199 3.980199 6.940596 1.0 1.0 4.980199 2.980199 2.980199 1.0 6.940596 1.0 6.940596
-1 1418352642.230877 6.960397 6.676048 6.676727 6.531908 4.940988 5.940988 5.88429 4.881976 4.754372 6.921187 4.940988 4.940988 4.940988
-1 1418352642.432929 3.0 8.647482 1.980199 7.901385 3.921187 3.960397 9.587248 2.0 4.0 3.980199 2.980199 3.980199 2.980199
-1 1418352642.719940 2.0 11.020167 5.651341 2.0 2.0 4.940988 12.68752 7.90635 2.882753 6.708815 3.0 3.0 3.0
-1 1418352643.203964 9.882998 5.458979 2.940988 0.845472 1.0 2.0 6.341732 9.542189 3.0 2.845472 1.7537 1.922355 1.7537
-1 1418352643.367044 0.0 0.0 1.0 4.882753 1.0 3.921187 1.0 2.0 3.0 2.0 4.655465 1.980199 4.655465
-1 1418352643.685624 4.940988 2.940988 3.980199 4.940988 3.980199 3.980199 6.766658 1.940988 1.0 4.921187 3.881976 2.0 3.881976
-1 1418352644.103915 3.0 4.0 4.922355 3.0 2.980199 2.0 4.980199 3.0 1.0 4.0 4.0 2.0 4.0
-1 1418352644.382597 1.0 4.805477 2.980199 1.980199 1.980199 1.980199 5.588859 1.62897 1.0 2.921187 4.921187 7.940596 4.921187
-1 1418352644.646137 0.0 2.792519 7.575233 1.0 4.940988 3.0 7.520759 0.829815 1.0 7.881976 5.940988 5.940988 5.940988
-1 1418352645.090156 2.0 0.0 2.0 2.881976 3.940988 0.0 3.094262 3.980199 3.0 1.827177 0.0 3.0 0.0
-1 1418352645.321039 6.766266 2.0 3.845472 2.0 4.0 3.0 3.0 5.364561 7.651695 2.0 3.0 5.0 3.0
-1 1418352645.556342 4.130643 4.400535 4.881976 1.0 2.0 0.940988 7.167924 6.071631 3.39342 2.881976 1.922355 0.0 1.922355
-1 1418352645.814850 0.0 7.845472 4.299736 0.0 0.0 1.0 4.0 0.0 2.940988 1.0 3.668436 0.0 3.668436
-1 1418352646.064970 1.0 1.0 2.980199 1.0 1.88429 0.0 2.881976 2.0 2.88429 0.0 4.882753 1.7537 4.882753
-1 1418352646.304589 2.940988 1.78646 1.940988 1.0 1.940988 3.940988 2.940988 4.980199 1.980199 5.685921 1.0 2.0 1.0
-1 1418352646.577758 5.960397 2.940988 4.980199 3.762081 3.0 8.577826 8.881584 2.980199 1.0 11.403496 4.7537 4.0 4.7537
-1 1418352646.836033 3.980199 6.960397 6.980199 4.0 4.980199 4.0 9.920795 3.980199 2.980199 5.882753 2.0 6.980199 2.0
-1 1418352647.177967 1.0 2.0 6.940988 2.0 4.0 2.0 2.940988 1.0 3.825278 3.0 2.0 5.0 2.0
-1 1418352647.419517 4.0 6.47521 2.0 4.940988 2.78646 2.0 6.977548 6.897321 2.940988 4.921187 0.0 1.940988 0.0
-1 1418352647.706395 0.0 1.0 14.589638 6.825278 2.881976 2.940988 4.13915 0.0 2.881976 0.940988 6.862175 2.881976 6.862175
-1 1418352648.062640 0.0 0.940988 4.881976 2.922355 2.845472 3.922355 0.940988 0.940988 3.940988 2.0 4.717422 2.940988 4.717422
-1 1418352648.393739 4.0 2.0 3.506588 3.0 4.960397 0.940988 3.0 5.0 3.0 0.940988 1.980199 5.921187 1.980199
-1 1418352648.612242 3.0 4.980199 6.0 2.0 2.0 4.0 3.353767 3.940988 5.940988 3.0 4.0 3.0 4.0
-1 1418352649.034653 1.86678 3.0 5.922355 3.844711 2.922355 1.0 5.86678 2.86678 0.940988 3.829815 2.845472 2.845472 2.845472
-1 1418352649.280956 7.746857 9.485024 3.718465 3.0 3.845472 1.777476 9.101563 7.914132 2.922355 4.603908 1.0 3.777476 1.0
-1 1418352649.532116 1.940988 1.940988 6.827177 1.940988 1.0 4.0 3.940988 1.940988 3.0 2.0 1.0 1.0 1.0
-1 1418352649.855829 2.0 6.668436 5.375842 2.980199 0.0 0.0 3.845472 2.0 2.63723 0.0 1.0 1.0 1.0
-1 1418352650.223922 2.0 3.0 1.980199 1.940988 2.0 1.0 3.0 5.980199 3.940988 5.863343 0.0 4.921187 0.0
-1 1418352650.432338 1.0 0.940988 3.711483 1.845472 2.0 3.882753 4.863343 1.0 3.0 4.805108 3.0 2.776826 3.0
-1 1418352650.723956 4.980199 5.862175 3.940988 3.0 2.829815 2.0 5.862175 2.0 5.0 2.940988 4.0 2.0 4.0
-1 1418352651.189917 3.864489 3.808929 7.844711 2.0 1.0 1.0 6.805869 7.844687 2.980199 1.940988 1.940988 1.940988 1.940988
-1 1418352651.442967 2.0 3.846979 2.88429 6.611738 1.0 6.611738 5.827177 2.0 4.940988 5.960397 1.980199 1.0 1.980199
-1 1418352651.679023 3.0 1.0 2.0 3.980199 3.0 2.0 4.882753 3.0 6.78646 3.0 1.0 2.0 1.0
-1 1418352651.970445 1.940988 4.0 3.0 5.980199 4.980199 2.0 5.980199 5.921187 4.656639 3.980199 5.960397 4.0 5.960397
-1 1418352652.265799 4.792519 1.0 1.980199 2.980199 1.980199 3.980199 2.0 6.655086 7.862951 1.980199 2.980199 1.980199 2.980199
-1 1418352652.525871 1.980199 5.960397 4.980199 4.980199 2.0 4.940988 11.858167 2.980199 3.0 4.921187 4.980199 1.0 4.980199
-1 1418352652.820569 4.845472 2.7537 1.940988 1.0 4.882753 3.980199 4.767827 2.845472 5.0 5.640554 3.940988 4.882753 3.940988
-1 1418352653.236656 5.319612 4.841116 12.496405 8.636453 6.770803 3.940988 7.921187 5.701362 7.767827 5.882753 6.844711 8.764729 6.844711
-1 1418352653.454369 1.0 4.0 5.810014 2.0 2.980199 2.0 6.550984 1.0 3.881976 2.0 3.585009 2.0 3.585009
-1 1418352653.699588 1.0 4.0 8.921187 3.980199 2.980199 2.921187 4.980199 2.0 1.980199 5.901385 3.980199 5.960397 3.980199
-1 1418352654.082739 0.0 0.0 4.922355 3.0 5.0 1.0 0.0 1.0 0.0 2.56471 4.0 4.0 4.0
-1 1418352654.349733 1.0 7.514433 5.78453 3.0 3.0 2.0 7.021882 1.0 1.0 2.921187 2.0 2.0 2.0
-1 1418352654.584331 3.0 2.980199 5.88429 0.0 2.790997 2.0 5.730116 3.342205 5.583464 1.0 2.0 0.0 2.0
-1 1418352654.980416 0.0 3.980199 3.425194 4.0 2.0 2.980199 1.041339 0.845472 0.0 5.980199 5.0 4.0 5.0
-1 1418352655.386096 1.0 5.823741 0.0 1.643812 1.0 1.940988 8.200033 2.0 1.0 1.0 2.0 0.0 2.0
-1 1418352655.759910 0.0 1.0 2.0 3.980199 1.0 1.0 1.829815 0.0 0.0 2.922355 1.0 1.0 1.0
-1 1418352656.032282 5.960397 6.960397 6.694689 6.733899 2.0 4.940988 5.980199 3.980199 1.0 7.640162 6.674887 2.0 6.674887
-1 1418352656.323110 1.0 2.0 0.0 0.0 0.940988 1.0 3.829815 1.0 2.0 3.980199 0.0 0.0 0.0
-1 1418352656.570426 0.0 2.268605 2.0 1.940988 2.0 4.0 3.462842 0.88429 2.74018 5.921187 1.0 4.0 1.0
-1 1418352656.873640 5.675272 7.745704 2.845472 2.0 1.980199 3.0 11.119099 5.751394 4.642076 2.0 2.722479 1.980199 2.722479
-1 1418352657.363752 3.0 7.0 4.0 3.0 2.940988 2.0 9.863343 5.0 9.003258 3.0 2.0 2.0 2.0
-1 1418352657.518942 1.980199 3.980199 1.0 3.765505 0.0 4.649795 3.0 6.960397 3.940988 1.881976 2.881976 0.0 2.881976
-1 1418352657.805241 2.0 3.980199 1.0 0.0 1.0 0.0 4.960397 3.980199 3.940988 2.82873 0.0 1.940988 0.0
-1 1418352658.098460 2.0 2.0 6.82567 2.0 2.980199 0.0 2.0 3.0 2.940988 1.0 5.881976 0.940988 5.881976
-1 1418352658.439635 1.940988 3.980199 5.940988 3.0 2.882753 3.0 2.0 1.0 1.0 3.0 3.0 2.980199 3.0
-1 1418352658.738895 3.825278 3.0 7.901385 2.0 5.0 4.0 9.207617 5.346353 5.566921 4.0 4.0 5.0 4.0
-1 1418352659.085454 1.980199 5.750309 2.0 1.0 0.0 0.0 10.372073 3.980199 1.980199 0.940988 2.0 0.0 2.0
-1 1418352659.370081 0.0 1.0 3.940988 6.980199 2.0 5.0 3.862951 3.767043 1.911915 2.0 4.940988 2.0 4.940988
-1 1418352659.638646 2.0 5.0 5.960397 7.940596 5.901385 4.960397 4.960397 3.0 1.0 4.960397 4.960397 3.960397 4.960397
-1 1418352660.010694 0.0 0.0 2.0 3.0 3.980199 2.0 0.88429 0.0 0.0 3.940988 2.0 2.0 2.0
-1 1418352660.378017 1.0 1.0 1.0 1.0 3.0 1.940988 2.881976 1.0 2.0 1.940988 2.789128 4.0 2.789128
-1 1418352660.673707 4.940988 8.862951 7.728224 3.980199 3.0 5.960397 13.479226 6.770803 8.862951 5.730508 6.862951 3.980199 6.862951
-1 1418352661.175028 1.980199 2.0 2.661759 1.88429 3.940988 1.940988 2.567594 5.358339 3.980199 3.45777 1.0 3.940988 1.0
-1 1418352661.423536 3.825278 3.921187 3.676048 0.0 2.88429 0.0 4.921187 2.940988 5.807768 5.881976 1.690943 1.0 1.690943
-1 1418352661.645546 3.536415 1.0 1.0 3.863343 0.940988 2.0 6.201943 3.536415 1.690943 1.0 1.0 1.790997 1.0
-1 1418352662.040409 4.0 4.922355 0.0 3.922355 2.980199 4.0 8.902554 3.980199 7.691297 2.0 0.0 0.0 0.0
-1 1418352662.381372 2.980199 2.0 2.0 1.0 1.0 2.0 4.882753 2.980199 4.542828 0.0 1.0 1.0 1.0
-1 1418352662.577667 5.901385 1.940988 3.940988 4.0 5.0 2.0 5.881976 5.901385 5.862951 3.0 3.882753 4.922355 3.882753
-1 1418352662.878354 1.0 4.921187 3.902554 4.864489 1.0 3.0 6.305018 3.78646 0.0 4.0 4.862951 1.0 4.862951
-1 1418352663.305000 6.524444 2.980199 3.775334 5.0 4.0 2.0 5.533822 5.455009 2.940988 5.0 4.0 3.0 4.0
-1 1418352663.505151 1.0 1.0 4.715651 3.0 2.922355 4.881976 2.0 2.0 1.940988 3.922355 2.940988 2.0 2.940988
-1 1418352663.785919 2.940988 1.881976 6.480425 6.396086 2.790997 5.597627 4.862175 5.881976 4.940988 9.767715 4.526351 4.751394 4.526351
-1 1418352664.206289 3.0 2.940988 2.980199 4.881976 1.0 4.0 2.0 4.0 8.533549 5.940988 1.940988 1.0 1.940988
-1 1418352664.515485 4.940988 1.0 0.0 1.694689 0.0 1.0 1.0 3.980199 2.940988 0.940988 0.0 0.0 0.0
-1 1418352664.839221 2.0 3.769326 1.506204 2.0 2.0 2.980199 2.0 0.0 2.0 1.980199 2.980199 3.361392 2.980199
-1 1418352665.186111 3.940988 6.585009 3.980199 2.980199 5.557111 3.940988 14.023983 2.940988 5.803939 4.862951 6.735731 2.980199 6.735731
-1 1418352665.480755 3.0 5.921187 8.330602 4.882753 6.940988 9.686692 6.62036 5.863343 5.0 3.862175 6.497225 6.940988 6.497225
-1 1418352665.760923 3.0 2.940988 6.940596 7.901385 3.960397 9.920795 3.960397 4.0 4.845472 8.920795 6.960397 3.960397 6.960397
-1 1418352666.227745 2.940988 5.980199 4.0 3.0 3.922355 2.922355 5.980199 3.980199 4.882753 4.789135 5.922355 4.922355 5.922355
-1 1418352666.474038 7.862175 3.980199 5.65731 10.578497 1.738658 1.980199 5.881976 6.881976 4.881976 6.633062 7.862175 1.0 7.862175
-1 1418352666.741662 4.829815 4.358155 3.63536 2.0 2.0 1.0 8.443198 4.829815 4.0 1.0 0.940988 2.0 0.940988
-1 1418352667.178079 1.0 1.0 9.882753 3.0 4.881976 3.922355 2.980199 1.0 5.637046 5.940988 4.0 4.0 4.0
-1 1418352667.475276 6.632556 6.700577 0.940988 3.980199 2.78646 4.980199 4.691297 8.545288 0.0 4.980199 0.845472 0.845472 0.845472
-1 1418352667.734267 1.0 2.980199 1.0 3.735731 2.0 2.0 3.980199 1.0 1.0 3.0 2.0 2.0 2.0
-1 1418352668.128118 1.0 1.738776 5.940988 3.0 6.862175 4.0 2.738776 0.0 3.0 3.0 5.735731 5.940988 5.735731
-1 1418352668.480929 3.980199 4.772718 5.940596 2.0 11.745704 0.0 4.590773 6.772718 7.751002 2.921187 3.960397 3.862175 3.960397
-1 1418352668.796393 4.960397 3.921187 8.862175 5.980199 5.980199 6.862951 3.980199 5.921187 6.921187 9.862951 7.921187 7.862175 7.921187
-1 1418352669.264637 7.623059 2.0 9.308927 2.0 1.0 1.940988 3.526245 4.0 1.0 2.0 4.0 0.0 4.0
-1 1418352669.557534 5.354885 3.448626 3.921187 2.980199 1.980199 0.0 8.255403 4.921187 2.940988 5.960397 2.980199 1.980199 2.980199
-1 1418352669.844363 3.86678 0.0 4.789135 3.980199 2.0 2.980199 2.0 3.7537 1.0 3.921187 1.0 1.980199 1.0
-1 1418352670.145049 3.980199 2.882753 5.517901 3.960397 2.0 1.0 2.980199 2.980199 3.980199 1.980199 0.0 3.845472 0.0
-1 1418352670.509164 4.0 4.0 2.845472 2.0 1.940988 2.0 5.881976 5.845472 4.0 2.0 2.0 2.882753 2.0
-1 1418352670.793282 1.0 4.922355 3.0 4.980199 3.0 1.0 6.094303 1.0 3.0 3.88429 3.960397 6.766266 3.960397
-1 1418352671.299083 1.0 2.980199 3.0 1.0 1.0 0.0 6.940596 1.882753 0.777476 1.0 1.0 0.0 1.0
-1 1418352671.517099 1.0 3.447824 9.593851 13.31205 2.0 3.980199 5.378157 2.0 2.623059 7.710706 5.940988 3.980199 5.940988
-1 1418352671.831512 0.0 2.0 4.863343 5.78646 7.805108 3.845472 2.0 0.0 2.0 3.0 3.940988 7.882753 3.940988
-1 1418352672.172523 0.0 0.0 9.881976 6.0 5.0 3.940988 2.0 1.661877 2.882753 2.0 3.940988 4.940988 3.940988
-1 1418352672.471814 3.980199 5.921187 2.980199 1.980199 1.980199 4.960397 2.980199 3.980199 2.980199 2.980199 2.980199 1.980199 2.980199
-1 1418352672.702951 1.0 0.0 3.207625 1.980199 0.0 3.921187 0.0 1.980199 2.0 4.940988 0.0 1.0 0.0
-1 1418352672.989792 1.0 1.0 4.82567 2.980199 0.0 1.0 5.677112 3.0 3.0 1.0 1.980199 0.940988 1.980199
-1 1418352673.352806 7.769326 13.181512 4.940988 2.980199 2.980199 2.980199 16.197847 8.448972 4.960397 3.980199 2.0 2.0 2.0
-1 1418352673.597639 3.980199 4.980199 8.960397 3.88429 2.0 3.0 3.980199 5.921187 3.980199 4.980199 4.980199 2.980199 4.980199
-1 1418352673.912175 1.940988 0.0 2.980199 5.940988 1.0 3.940988 0.0 0.940988 1.980199 2.940988 2.0 0.0 2.0
-1 1418352674.302955 2.771195 0.0 2.922355 3.78646 6.921187 2.940988 0.845472 0.0 1.0 5.940988 1.922355 5.940988 1.922355
-1 1418352674.533390 1.0 3.0 2.771195 1.0 1.980199 0.0 2.980199 2.0 2.0 0.0 5.844711 1.0 5.844711
-1 1418352674.832414 2.0 1.0 1.88429 2.750309 1.0 5.789128 1.940988 1.0 3.921187 4.730116 1.940988 1.0 1.940988
-1 1418352675.094682 2.0 2.0 5.921187 6.921187 2.980199 3.980199 10.237746 1.492412 0.0 5.921187 4.0 4.980199 4.0
-1 1418352675.378762 2.526015 2.0 2.0 2.0 2.980199 4.0 5.28414 2.921187 2.0 2.0 1.0 2.980199 1.0
-1 1418352675.632594 5.595781 3.845472 4.537164 4.709568 1.0 1.76858 3.845472 6.482701 4.845472 2.882753 1.0 1.0 1.0
-1 1418352676.049926 4.921187 2.980199 3.980199 2.0 1.0 2.980199 4.695849 8.881584 6.786844 1.980199 3.0 1.980199 3.0
-1 1418352676.456151 1.0 1.0 4.0 3.0 3.0 1.0 2.656639 2.980199 1.0 1.0 2.0 2.0 2.0
-1 1418352676.664559 2.0 6.940988 2.0 5.636732 4.823741 2.881976 7.656639 1.0 4.0 2.656639 2.980199 2.940988 2.980199
-1 1418352676.937219 3.940988 2.845472 3.940988 1.0 1.0 1.0 5.805869 3.940988 0.0 3.0 2.0 1.0 2.0
-1 1418352677.291791 3.940988 5.506588 6.960397 0.0 0.0 0.0 4.525997 3.940988 6.805869 1.0 1.980199 1.0 1.980199
-1 1418352677.617685 1.0 3.805869 1.0 1.0 1.0 0.0 4.696913 1.980199 2.845472 0.940988 2.0 1.0 2.0
-1 1418352677.905699 1.0 4.617428 9.445766 3.715651 1.940988 3.980199 6.05941 1.0 1.0 8.449158 5.602865 2.980199 5.602865
-1 1418352678.303031 0.88429 2.805869 7.0 2.0 2.0 3.940988 2.805869 0.88429 4.0 3.940988 3.0 3.86678 3.0
-1 1418352678.530236 1.0 1.0 0.715651 3.980199 0.0 2.980199 5.505811 2.70148 2.654565 4.65841 6.921187 0.0 6.921187
-1 1418352678.776644 0.0 0.0 2.845472 4.845472 2.881976 0.0 1.980199 3.940988 3.661877 1.0 4.845472 1.940988 4.845472
-1 1418352679.156995 4.980199 3.813384 7.775334 8.785699 4.0 1.0 11.920455 9.320965 4.0 3.441445 5.940988 3.0 5.940988
-1 1418352679.590604 3.805869 10.1742 4.980199 1.0 2.881976 2.0 6.442947 1.845472 5.690159 3.980199 1.0 4.862175 1.0
-1 1418352679.973263 3.448902 0.0 4.862175 4.980199 3.0 1.980199 1.0 1.0 8.765505 1.0 2.980199 2.0 2.980199
-1 1418352680.331407 3.0 2.0 1.0 2.940988 0.940988 0.0 3.0 4.82873 3.940988 1.0 3.0 2.0 3.0
-1 1418352680.581467 0.940988 0.0 6.980199 4.980199 4.980199 4.960397 3.940988 0.940988 0.0 5.960397 6.960397 4.980199 6.960397
-1 1418352680.875740 5.882753 8.881976 5.845472 2.0 2.0 2.0 9.803163 7.862951 2.0 2.0 5.805869 1.0 5.805869
-1 1418352681.333667 5.472949 2.980199 6.0 1.0 1.0 1.0 5.85722 5.471412 5.882753 2.0 2.922355 2.980199 2.922355
-1 1418352681.616013 1.980199 1.0 6.565954 3.789128 2.789128 2.789128 7.097791 1.940988 2.0 3.789128 2.789128 4.730116 2.789128
-1 1418352681.888605 7.4356 4.773781 7.709568 7.862951 6.921187 2.980199 6.708031 5.625925 7.539286 7.803939 5.980199 4.921187 5.980199
-1 1418352682.175479 2.0 7.823741 5.881976 1.0 2.0 1.0 7.823741 2.0 2.0 2.882753 0.0 1.0 0.0
-1 1418352682.515570 3.442316 2.980199 4.0 3.0 2.0 1.0 3.980199 5.402714 2.980199 1.0 5.922355 2.0 5.922355
-1 1418352682.711864 1.0 3.78646 1.450137 1.980199 0.0 1.0 5.632285 1.0 5.0 1.0 1.940988 0.0 1.940988
-1 1418352683.024202 2.881976 2.144897 4.845472 5.980199 4.0 4.980199 1.940988 2.881976 0.940988 6.769326 6.82567 5.0 6.82567
-1 1418352683.545135 1.715651 3.980199 5.940988 4.940988 3.960397 3.862175 10.48112 4.52152 0.0 8.668436 4.822964 1.980199 4.822964
-1 1418352683.895413 3.845472 6.494612 8.861783 8.727056 8.767773 7.862951 3.553624 2.845472 3.0 8.184356 7.592683 5.940596 7.592683
-1 1418352684.259152 2.0 0.940988 3.845472 6.921187 1.0 1.980199 0.940988 1.940988 1.940988 1.0 3.882753 0.940988 3.882753
-1 1418352684.719762 2.0 1.0 1.0 4.980199 2.0 0.0 1.940988 0.0 1.0 1.980199 1.0 0.940988 1.0
-1 1418352685.014889 3.0 2.0 1.0 0.0 1.0 2.0 3.693383 1.0 1.940988 3.0 3.0 2.0 3.0
-1 1418352685.354733 6.823741 6.822964 6.881976 2.0 2.0 1.0 7.451934 5.746857 3.862175 1.940988 1.980199 2.0 1.980199
-1 1418352685.590001 2.823741 2.921187 5.843542 4.863343 2.0 2.0 3.921187 5.963464 1.940988 2.0 3.863343 0.0 3.863343
-1 1418352685.914146 1.980199 1.980199 1.0 3.960397 4.901385 6.940596 1.980199 2.940988 1.0 4.0 2.940988 3.960397 2.940988
-1 1418352686.357752 2.0 2.980199 2.0 2.0 1.0 1.940988 8.337024 3.827177 5.0 1.0 4.0 4.0 4.0
-1 1418352686.720214 2.864489 3.980199 4.712184 1.750309 1.0 0.0 2.980199 2.980199 4.844687 0.0 0.940988 0.0 0.940988
-1 1418352687.002048 5.960397 4.922355 5.940988 4.0 3.0 5.0 6.4803 3.0 5.0 4.0 4.0 4.0 4.0
-1 1418352687.252619 0.940988 1.940988 1.881976 1.980199 0.0 4.960397 2.881976 2.921187 3.822964 4.862175 3.980199 0.0 3.980199
-1 1418352687.614919 5.901385 10.901385 3.921187 1.0 0.0 0.0 6.921187 4.881976 3.921187 3.0 0.940988 1.0 0.940988
-1 1418352687.893148 8.822964 4.881976 7.765897 4.484231 2.922355 9.573688 12.744928 9.822964 7.901385 11.480809 2.0 1.922355 2.0
-1 1418352688.263424 2.0 0.88429 4.0 0.0 0.940988 0.0 0.88429 2.0 1.0 1.0 1.980199 0.0 1.980199
-1 1418352688.572463 2.0 5.940988 5.921187 9.240404 4.940988 4.881976 6.940988 2.0 3.0 4.881976 9.066489 3.940988 9.066489
-1 1418352688.871336 0.0 1.0 8.746465 4.960397 3.960397 4.980199 2.0 1.0 1.940988 4.980199 2.980199 1.0 2.980199
-1 1418352689.356220 3.882753 2.940988 3.243605 1.0 2.980199 0.0 4.940988 5.862951 6.882753 2.0 1.0 1.980199 1.0
-1 1418352689.617236 4.7537 3.0 7.786068 3.980199 2.0 1.0 4.0 4.0 2.0 3.0 4.980199 3.0 4.980199
-1 1418352689.938964 2.845472 3.845472 8.921187 5.881976 1.0 9.654355 4.804332 2.845472 6.674202 9.654355 3.960397 0.0 3.960397
-1 1418352690.215582 1.0 0.0 3.940988 3.940988 1.0 1.0 1.0 2.0 2.750309 1.0 4.0 1.0 4.0
-1 1418352690.522931 3.0 0.0 5.768165 2.0 2.715651 4.0 1.0 3.0 1.0 5.88429 1.0 4.980199 1.0
-1 1418352690.719375 0.0 0.0 1.940988 2.940988 0.940988 2.0 6.714098 1.0 1.0 2.0 3.940988 1.0 3.940988
-1 1418352691.009989 4.0 1.0 4.0 2.0 3.0 4.0 4.0 5.980199 2.940988 4.0 3.0 3.0 3.0
-1 1418352691.446251 6.695849 2.980199 5.0 4.0 2.0 1.940988 3.980199 10.805477 2.980199 2.940988 6.980199 2.940988 6.980199
-1 1418352691.676492 6.863343 6.882753 2.0 2.980199 1.0 2.0 4.922355 12.61326 6.940988 2.0 1.0 1.0 1.0
-1 1418352691.908147 6.967798 3.980199 6.882753 6.940988 3.0 6.881976 2.0 5.730116 3.0 2.940988 4.940988 3.0 4.940988
-1 1418352692.198744 4.940988 2.940988 6.881976 3.0 3.0 3.0 3.980199 3.0 3.980199 3.0 5.980199 4.0 5.980199
-1 1418352692.559630 2.0 2.0 4.980199 0.940988 1.940988 2.940988 1.0 5.980199 1.0 2.940988 0.940988 0.0 0.940988
-1 1418352692.797367 0.0 1.0 4.271043 1.0 2.0 2.0 0.940988 1.0 0.0 4.940988 4.0 2.0 4.0
-1 1418352693.084981 2.0 3.0 1.980199 1.0 0.0 2.0 4.940988 3.0 4.0 4.0 3.0 3.980199 3.0
-1 1418352693.476616 3.882753 3.980199 9.921187 4.960397 1.0 1.0 6.70996 4.940988 2.940988 3.0 5.960397 3.0 5.960397
-1 1418352693.670982 7.764729 5.764729 7.789128 1.940988 2.940988 1.940988 9.333354 11.050222 4.940988 2.88429 2.0 1.0 2.0
-1 1418352693.935671 2.980199 4.980199 2.0 3.0 0.0 0.0 6.980199 2.980199 4.862951 1.0 5.0 0.0 5.0
-1 1418352694.324481 0.940988 0.940988 4.881976 2.921187 5.803939 1.0 1.881976 4.766266 3.430317 1.845472 1.940988 5.882753 1.940988
-1 1418352694.664131 3.980199 4.980199 7.921187 3.0 3.78646 2.921187 4.960397 8.862175 5.881976 5.863343 6.652117 4.730116 6.652117
-1 1418352694.913777 1.88429 5.449861 5.667788 3.0 2.0 3.0 13.421878 7.543499 5.602511 6.921187 2.0 1.0 2.0
-1 1418352695.197740 11.413492 5.893355 12.072895 7.717422 2.0 3.0 4.545816 9.407581 9.63977 6.481789 8.862951 2.0 8.862951
-1 1418352695.576193 5.256763 2.921187 3.980199 3.980199 4.0 2.0 14.710721 4.417368 5.932941 3.980199 3.0 3.0 3.0
-1 1418352695.810008 1.0 2.0 3.0 1.0 0.0 1.0 4.980199 1.940988 1.0 6.960397 1.940988 0.0 1.940988
-1 1418352696.139118 5.807376 4.980199 5.921187 4.980199 4.0 3.0 9.603908 8.427937 5.862175 4.980199 8.901385 4.0 8.901385
-1 1418352696.454175 1.980199 0.0 3.960397 0.0 0.62897 0.0 0.74018 3.940988 3.960397 0.0 0.0 1.0 0.0
-1 1418352696.672923 1.0 1.0 4.960397 4.960397 0.0 0.0 1.0 1.0 4.980199 0.940988 4.0 0.0 4.0
-1 1418352696.929174 3.0 4.0 12.842374 3.940988 3.980199 3.0 5.564705 3.0 3.0 4.980199 3.0 4.921187 3.0
-1 1418352697.332087 0.0 2.690943 6.634599 2.805869 3.88429 2.88429 3.882753 1.0 1.0 2.88429 2.88429 4.675287 2.88429
-1 1418352697.582429 1.88429 8.787575 1.0 0.0 4.921187 2.882753 1.0 3.805869 1.0 4.921187 4.940988 2.940988 4.940988
-1 1418352697.843359 1.0 2.0 2.0 2.0 1.940988 1.0 3.715651 2.0 1.940988 0.0 2.0 1.0 2.0
-1 1418352698.198516 2.980199 1.0 3.980199 4.901385 3.980199 4.960397 4.047045 4.960397 3.921187 4.960397 2.0 3.980199 2.0
-1 1418352698.694864 3.0 3.236302 6.980199 3.921187 4.980199 1.980199 6.0 3.0 6.73356 3.980199 2.980199 2.980199 2.980199
-1 1418352698.927634 0.0 4.093978 1.0 1.940988 0.940988 0.940988 4.721841 3.699174 1.0 1.940988 1.940988 3.881976 1.940988
-1 1418352699.169037 6.773781 4.922355 5.921187 7.803939 1.940988 2.940988 13.173849 6.940988 4.0 4.921187 5.773781 3.921187 5.773781
-1 1418352699.477768 2.0 2.980199 6.846979 8.611738 7.940596 3.881976 4.862951 1.980199 4.827177 2.882753 5.921187 4.921187 5.921187
-1 1418352699.700775 3.0 4.469181 6.921187 2.940988 3.940988 3.0 4.469181 5.921187 2.845472 3.0 6.921187 3.940988 6.921187
-1 1418352700.018714 0.940988 0.940988 2.980199 4.980199 1.0 2.0 0.940988 0.0 1.881976 1.940988 1.0 0.940988 1.0
-1 1418352700.295612 1.0 1.572549 4.940988 5.940988 3.0 5.823741 1.0 1.0 2.980199 5.940988 3.921187 1.0 3.921187
-1 1418352700.682343 3.0 2.980199 5.0 4.0 9.572935 4.0 2.845472 3.0 4.940988 7.636453 5.0 7.674202 5.0
-1 1418352700.956881 2.0 3.0 3.0 2.0 1.7537 2.0 5.921187 2.0 1.37184 1.0 3.980199 2.0 3.980199
-1 1418352701.255498 3.980199 2.940988 9.921187 5.862175 6.960397 2.940988 12.374281 5.882753 4.862175 3.921187 6.881976 5.980199 6.881976
-1 1418352701.651837 0.0 3.0 5.825278 1.0 2.0 1.0 3.88429 3.503058 0.0 1.0 1.0 2.0 1.0
-1 1418352701.899432 3.0 4.980199 4.0 0.0 2.0 1.0 4.980199 3.0 3.0 1.0 1.615053 2.0 1.615053
-1 1418352702.220930 1.0 2.0 6.82567 3.882753 8.707647 3.82567 3.0 2.0 3.980199 5.805869 2.845472 3.82567 2.845472
-1 1418352702.583610 0.940988 2.825278 9.556471 8.881976 6.921187 2.0 5.481917 3.921187 2.881976 2.940988 10.803163 5.940988 10.803163
-1 1418352702.815870 2.0 3.242761 2.0 0.0 0.0 2.980199 2.881976 0.940988 2.0 1.0 2.921187 1.0 2.921187
-1 1418352703.106337 1.0 3.0 5.531908 2.0 1.0 1.940988 3.980199 1.0 2.823741 2.0 6.960397 3.0 6.960397
-1 1418352703.526599 2.825278 1.940988 7.940988 4.0 3.0 3.0 9.04942 8.862175 1.0 3.0 4.0 3.0 4.0
-1 1418352703.787504 2.617252 3.273474 2.940988 1.980199 1.0 0.0 5.041143 2.182006 2.435246 3.921187 1.980199 0.0 1.980199
-1 1418352704.055788 1.940988 1.0 5.940988 2.0 3.0 2.0 9.462116 7.259637 9.486394 1.0 2.0 2.0 2.0
-1 1418352704.357660 9.803163 6.862175 6.671142 4.980199 5.980199 3.940988 6.88429 7.422905 4.822964 5.862175 5.980199 5.980199 5.980199
-1 1418352704.650998 2.881976 7.803939 6.921187 3.0 2.980199 3.921187 6.882753 5.766658 3.845472 6.728978 5.980199 2.980199 5.980199
-1 1418352704.906640 1.980199 3.980199 3.921187 3.980199 1.0 3.0 4.980199 1.980199 3.921187 4.980199 2.980199 1.0 2.980199
-1 1418352705.174750 2.0 1.980199 1.940988 2.0 2.585009 3.0 1.0 2.614962 2.0 4.0 1.940988 2.0 1.940988
-1 1418352705.527120 2.0 5.960397 8.656247 4.0 2.921187 4.0 5.960397 2.0 3.825278 6.980199 4.980199 2.0 4.980199
-1 1418352705.772847 1.0 1.980199 1.0 2.0 2.0 1.0 2.980199 2.42619 2.980199 2.0 1.0 2.940988 1.0
-1 1418352706.058971 0.845472 1.0 0.0 3.440037 4.631931 0.940988 7.598403 1.845472 1.0 0.940988 0.0 1.0 0.0
-1 1418352706.342443 2.7537 0.0 4.804332 4.862951 3.980199 1.980199 0.940988 1.0 3.980199 3.862951 2.882753 1.940988 2.882753
-1 1418352706.737831 1.0 2.0 4.512499 1.0 1.0 1.0 2.0 1.0 3.690943 3.922355 1.0 1.0 1.0
-1 1418352706.993225 3.0 3.0 4.0 2.0 0.0 1.0 5.980199 4.0 3.0 5.921187 4.881976 3.960397 4.881976
-1 1418352707.311550 4.922355 3.0 6.921187 2.845472 1.940988 1.940988 2.0 4.922355 4.388894 5.564047 4.0 2.940988 4.0
-1 1418352707.627669 2.0 1.940988 2.921187 3.921187 1.940988 3.921187 0.0 0.0 0.0 4.921187 1.0 1.940988 1.0
-1 1418352707.873826 2.737223 1.0 7.342916 5.844687 4.862951 5.960397 4.845472 0.940988 3.980199 5.805869 1.88429 4.88429 1.88429
-1 1418352708.208657 4.467762 1.926471 1.78646 2.676056 1.0 0.0 3.6043 3.467762 4.714098 1.0 6.844687 0.0 6.844687
-1 1418352708.640538 2.980199 3.980199 3.507638 2.88429 5.750309 1.0 1.0 2.980199 11.763952 2.0 2.0 3.0 2.0
-1 1418352708.825270 0.0 2.63723 1.980199 2.980199 1.0 3.0 4.327629 1.0 4.447576 3.0 1.0 4.0 1.0
-1 1418352709.128039 2.822964 6.940988 4.882753 3.862175 0.940988 3.921187 10.518082 0.940988 1.940988 1.940988 2.881976 1.881976 2.881976
-1 1418352709.588890 6.687845 10.477319 6.748364 8.921187 6.940988 8.921187 13.460231 4.881976 2.940988 8.765897 9.901385 7.940988 9.901385
-1 1418352709.884919 4.282333 3.940988 2.881976 2.0 3.0 2.980199 4.921187 7.917366 7.805108 3.921187 1.0 2.0 1.0
-1 1418352710.138996 7.78646 4.881976 1.980199 4.82567 0.0 1.0 6.881976 4.940988 3.940988 3.0 5.902554 1.0 5.902554
-1 1418352710.439505 3.882753 2.882753 1.0 0.940988 0.940988 1.980199 0.0 4.823741 4.862951 1.0 3.59092 0.0 3.59092
-1 1418352710.750707 1.0 1.0 2.0 2.0 3.767827 3.940988 3.0 1.922355 2.0 4.827177 2.922355 2.845472 2.922355
-1 1418352710.954202 1.980199 0.0 4.0 3.0 4.0 4.922355 1.0 1.980199 1.0 5.922355 2.980199 3.0 2.980199
-1 1418352711.266530 2.64351 2.701362 6.541939 7.747265 3.0 1.0 5.873192 2.64351 1.0 2.823741 1.426076 1.0 1.426076
-1 1418352711.646844 2.980199 2.0 3.0 2.494612 5.0 3.980199 5.636837 1.0 6.487547 3.980199 2.0 5.0 2.0
-1 1418352711.881307 2.940988 3.0 8.82567 4.845472 2.0 4.74018 2.0 6.574737 2.0 5.681168 4.0 1.0 4.0
-1 1418352712.189813 4.786068 3.921187 4.921187 1.0 3.0 4.0 3.921187 4.803939 4.825278 3.0 6.902554 6.0 6.902554
-1 1418352712.616373 2.411525 1.0 4.863343 3.769718 2.82873 2.0 2.0 2.825278 0.0 1.940988 5.717814 1.940988 5.717814
-1 1418352712.856083 1.0 2.0 3.940988 3.0 3.0 4.0 4.426284 1.0 6.377749 5.922355 5.0 4.940988 5.0
-1 1418352713.190496 7.881976 3.980199 8.786068 3.960397 5.960397 4.960397 8.921187 8.881976 5.940988 10.395997 8.805085 6.901385 8.805085
-1 1418352713.626168 3.960397 6.451034 2.980199 2.0 1.0 2.0 9.382149 4.960397 6.901385 2.0 1.0 2.0 1.0
-1 1418352713.847203 4.882753 7.690905 2.980199 1.980199 2.522465 0.0 8.634599 3.790997 6.862951 1.0 1.980199 0.0 1.980199
-1 1418352714.111401 1.0 2.921187 2.980199 1.0 1.0 0.0 1.980199 0.0 1.0 1.940988 0.0 2.728224 0.0
-1 1418352714.397826 0.0 0.0 4.960397 1.980199 1.0 0.0 1.980199 1.825278 0.0 2.0 5.84315 2.0 5.84315
-1 1418352714.796251 1.0 1.980199 4.902554 3.0 2.0 1.0 3.954211 1.0 1.882753 2.882753 2.0 2.0 2.0
-1 1418352715.000026 3.0 4.922355 3.0 1.0 2.82873 5.0 3.940988 2.0 2.845472 6.940988 3.0 2.0 3.0
-1 1418352715.282282 3.0 2.0 3.738776 3.0 2.0 1.881976 4.0 3.0 2.0 0.0 1.0 2.0 1.0
-1 1418352715.600142 2.0 3.0 7.710314 2.980199 1.0 0.0 4.980199 4.675453 3.980199 2.980199 3.0 1.0 3.0
-1 1418352715.840640 2.0 2.0 4.921187 3.940988 4.0 3.0 12.480817 2.0 8.461015 3.0 6.881976 4.0 6.881976
-1 1418352716.128449 0.0 2.82873 3.980199 1.678875 1.0 3.0 8.525487 0.0 0.0 3.940988 1.715651 1.0 1.715651
-1 1418352716.462089 3.0 4.0 11.547556 5.980199 2.0 0.0 7.940596 4.0 4.0 1.0 4.921187 1.0 4.921187
-1 1418352716.775234 7.0 6.0 5.677112 4.70996 1.940988 1.0 9.921187 8.0 8.74018 2.0 4.82567 1.0 4.82567
-1 1418352717.056792 1.0 2.940988 5.902554 1.0 2.0 0.940988 0.940988 0.0 2.790997 2.940988 4.0 2.0 4.0
-1 1418352717.419725 1.940988 1.940988 3.0 3.665528 1.0 1.0 3.940988 2.940988 0.940988 3.921187 4.0 3.0 4.0
-1 1418352717.752486 0.940988 0.0 3.940988 4.823741 5.763952 2.940988 0.354605 1.438278 5.844711 2.940988 2.940988 4.763952 2.940988
-1 1418352717.986354 2.0 2.0 2.0 1.0 2.940988 2.0 3.0 3.827177 3.980199 1.0 1.0 1.0 1.0
-1 1418352718.366683 2.940988 1.882753 7.921187 3.0 6.822964 3.881976 3.980199 1.0 2.940988 2.881976 7.733507 2.0 7.733507
-1 1418352718.780902 1.980199 1.980199 6.634599 1.0 0.0 1.0 2.921187 1.980199 3.980199 1.0 4.0 0.0 4.0
-1 1418352718.973720 0.0 3.106762 1.776826 1.0 1.0 2.940988 5.82233 1.0 0.0 2.0 1.0 2.0 1.0
-1 1418352719.287686 1.0 2.0 3.882753 3.0 1.0 2.0 8.578218 3.882753 3.764729 3.0 3.0 2.0 3.0
-1 1418352719.883083 7.727056 8.252863 2.0 3.940988 2.980199 0.0 6.731593 4.862951 2.940988 1.0 2.0 1.0 2.0
-1 1418352720.154765 3.980199 4.980199 3.623059 1.0 0.0 1.980199 4.862951 4.980199 3.0 1.0 1.0 0.845472 1.0
-1 1418352720.445217 4.0 2.0 2.980199 3.0 0.0 0.940988 3.0 4.0 1.0 1.881976 4.88429 0.0 4.88429
-1 1418352720.792563 3.921187 4.902554 8.84315 2.0 3.823741 2.980199 7.600951 4.862951 6.84315 2.881976 3.0 3.823741 3.0
-1 1418352721.037212 3.980199 6.771195 3.980199 2.940988 1.0 3.940988 9.047278 3.980199 2.980199 5.960397 2.0 2.542762 2.0
-1 1418352721.309858 5.608776 2.0 2.825278 1.0 1.922355 1.0 5.690521 4.608776 0.0 1.0 6.862951 2.0 6.862951
-1 1418352721.724313 6.669212 6.825278 4.0 2.980199 1.750309 3.845472 6.843542 5.690182 2.0 4.506588 5.980199 1.750309 5.980199
-1 1418352721.935262 3.921187 1.0 5.695849 0.0 1.980199 1.980199 3.665528 3.980199 3.0 1.980199 2.980199 3.960397 2.980199
-1 1418352722.235294 2.980199 4.769326 9.82567 3.0 3.0 3.0 1.845472 2.0 1.940988 2.0 2.0 3.980199 2.0
-1 1418352722.642164 3.882753 1.0 2.88429 3.88429 1.0 1.0 1.980199 4.882753 1.940988 1.88429 4.88429 2.88429 4.88429
-1 1418352722.891254 4.827177 1.790997 7.594997 3.881976 2.940988 1.882753 2.790997 2.940988 1.0 4.823741 5.862951 0.940988 5.862951
-1 1418352723.171429 1.940988 0.0 3.675287 2.0 4.980199 2.921187 2.722479 3.66502 0.940988 4.731985 3.921187 5.980199 3.921187
-1 1418352723.489245 1.0 0.940988 2.980199 1.980199 2.921187 2.980199 5.517901 2.0 1.0 4.980199 3.980199 3.980199 3.980199
-1 1418352723.752316 10.04886 8.208189 3.0 4.980199 3.940988 3.940988 10.291795 11.990241 5.22512 4.0 3.0 2.0 3.0
-1 1418352724.042978 1.980199 1.0 2.921187 2.0 1.0 3.0 1.0 1.0 3.980199 3.0 2.0 2.0 2.0
-1 1418352724.432675 4.0 3.0 4.960397 4.940988 1.940988 4.715651 2.0 4.0 6.940988 3.715651 3.882753 1.845472 3.882753
-1 1418352724.774420 2.0 3.735731 7.0 5.980199 1.0 3.881976 3.940988 2.0 6.746857 5.980199 6.0 3.603058 6.0
-1 1418352724.998011 3.0 5.845472 2.0 1.0 0.0 0.940988 5.980199 3.0 1.0 1.881976 2.940988 1.0 2.940988
-1 1418352725.237968 0.940988 3.805477 3.0 2.0 1.0 3.585038 4.717422 1.940988 0.940988 2.585038 1.0 2.659631 1.0
-1 1418352725.567253 3.940988 7.745704 11.57292 3.960397 4.980199 5.921187 7.706493 4.882753 3.0 3.980199 7.824909 3.980199 7.824909
-1 1418352725.899648 5.764729 1.0 0.829815 0.0 0.0 0.0 1.0 6.823741 3.0 1.0 0.0 2.0 0.0
-1 1418352726.177162 1.0 2.0 3.980199 7.902554 2.0 3.922355 3.980199 2.0 1.980199 6.922355 5.922355 3.0 5.922355
-1 1418352726.537766 2.0 2.0 5.921187 4.980199 5.0 2.0 5.0 3.0 5.768165 2.0 2.0 4.0 2.0
-1 1418352726.855059 1.0 5.711467 4.881976 0.940988 0.0 0.0 1.88429 2.88429 2.0 0.0 1.940988 0.0 1.940988
-1 1418352727.042966 4.0 3.940988 3.0 1.0 2.940988 2.922355 4.940988 1.0 4.0 5.922355 2.845472 3.0 2.845472
-1 1418352727.333003 4.506588 10.388948 3.0 3.0 4.980199 1.922355 9.236325 4.506588 1.585009 1.922355 1.0 6.902554 1.0
-1 1418352727.703992 4.881976 0.0 4.0 4.0 3.0 2.0 1.980199 3.980199 1.0 2.845472 1.0 2.0 1.0
-1 1418352727.913954 2.881976 2.881976 1.881976 3.960397 4.940988 2.0 4.927184 2.730116 3.881976 1.0 2.0 4.0 2.0
-1 1418352728.217648 0.0 3.0 3.864489 2.0 3.980199 1.940988 1.0 1.0 4.922355 1.940988 1.0 2.0 1.0
-1 1418352728.689591 1.0 1.0 3.922355 3.0 4.0 2.0 5.940988 0.0 2.980199 3.980199 2.0 2.0 2.0
-1 1418352728.935142 0.0 1.0 6.960397 4.980199 1.0 1.0 3.82567 0.845472 3.0 2.0 4.980199 1.0 4.980199
-1 1418352729.251170 4.881976 8.426405 12.251846 4.731985 2.0 2.0 7.382653 3.940988 3.940988 9.28628 4.660355 1.0 4.660355
-1 1418352729.713770 3.862951 2.845472 1.882753 6.902554 2.0 5.921187 2.0 0.0 4.472896 5.862951 4.718857 1.0 4.718857
-1 1418352729.933758 3.980199 7.463453 13.366539 11.842374 5.921187 3.881976 9.405994 4.980199 4.980199 5.862175 9.920795 2.940988 9.920795
-1 1418352730.197977 5.881976 5.0 5.882753 0.0 1.0 2.0 5.980199 5.0 6.88429 8.22605 3.0 2.940988 3.0
-1 1418352730.484306 2.0 1.0 2.0 2.0 3.0 4.0 1.0 1.940988 3.940988 3.0 3.0 4.980199 3.0
-1 1418352730.803844 4.71593 2.980199 6.229925 3.0 1.0 1.0 1.7537 0.88429 1.980199 1.0 2.0 1.0 2.0
-1 1418352731.025527 1.0 1.0 0.0 2.0 2.980199 0.0 1.980199 1.0 2.792519 2.714105 2.0 1.0 2.0
-1 1418352731.337921 0.0 1.980199 4.980199 4.805477 4.960397 3.940988 1.940988 0.0 3.882753 7.727832 9.138948 5.901385 9.138948
-1 1418352731.695800 1.940988 1.980199 4.88429 3.0 1.0 1.0 1.980199 2.940988 6.621411 3.0 4.88429 5.0 4.88429
-1 1418352731.922713 3.862175 6.620752 7.2628 1.0 2.940988 1.0 8.486394 2.940988 0.940988 6.468774 1.0 2.940988 1.0
-1 1418352732.248552 4.921187 1.980199 7.921187 2.980199 1.0 3.0 1.980199 4.921187 1.980199 2.571756 2.0 2.940988 2.0
-1 1418352732.617727 6.921187 1.542762 2.921187 1.0 3.0 2.0 2.78646 7.901385 3.0 2.980199 0.0 3.0 0.0
-1 1418352732.927203 3.960397 1.0 5.724032 2.0 2.0 2.0 2.0 5.960397 3.882753 2.980199 2.0 2.0 2.0
-1 1418352733.181118 0.0 1.980199 5.57545 2.980199 5.960397 3.769326 1.980199 0.0 2.980199 2.980199 9.708761 2.980199 9.708761
-1 1418352733.426703 3.940988 7.971708 2.881976 0.0 1.980199 0.0 3.423258 3.940988 3.0 1.0 0.0 2.940988 0.0
-1 1418352733.688372 7.547112 5.710706 1.940988 0.0 4.0 2.0 4.882753 8.504643 6.823741 5.711792 2.0 3.921187 2.0
-1 1418352733.975662 2.672649 4.807376 0.391902 1.0 4.0 0.0 4.835537 1.827177 0.940988 3.0 3.0 1.0 3.0
-1 1418352734.298046 2.980199 7.749917 5.980199 4.0 0.0 1.0 9.575587 4.921187 4.927555 1.0 2.0 0.0 2.0
-1 1418352734.709491 2.0 4.980199 1.0 1.0 2.0 3.0 2.0 2.940988 3.0 3.940988 0.940988 0.0 0.940988
-1 1418352734.938987 2.0 3.0 4.0 8.555417 3.940988 1.0 5.940988 4.882753 3.0 2.922355 6.863343 3.940988 6.863343
-1 1418352735.131675 3.0 7.587875 1.0 3.807376 0.940988 4.721841 6.568074 4.704346 8.290671 3.771195 0.940988 4.882753 0.940988
-1 1418352735.416657 4.864489 7.481156 4.940988 2.980199 3.940988 2.940988 4.714105 4.864489 2.980199 3.940988 3.940988 3.940988 3.940988
-1 1418352735.782636 7.660614 12.057216 2.0 3.0 2.0 3.0 11.589246 9.072826 9.684989 4.922355 1.0 2.0 1.0
-1 1418352736.053953 5.882753 4.960397 6.84315 1.940988 5.523972 1.940988 10.822572 4.980199 3.738776 2.881976 0.940988 4.940988 0.940988
-1 1418352736.358906 0.0 2.0 3.882753 0.940988 1.690943 1.0 4.497029 1.0 0.940988 1.0 1.940988 2.845472 1.940988
-1 1418352736.837113 1.0 3.776826 2.0 3.0 1.940988 2.0 3.0 1.0 1.0 2.0 2.980199 1.0 2.980199
-1 1418352737.060195 1.0 4.660355 6.728224 2.0 6.82567 3.0 6.1665 1.0 4.750309 5.0 3.752171 5.980199 3.752171
-1 1418352737.309097 0.704346 1.627478 1.0 3.0 0.940988 3.940988 2.82873 2.587875 3.827177 3.940988 3.0 2.940988 3.0
-1 1418352737.574576 5.823741 8.744928 6.729762 2.980199 1.980199 3.980199 8.764729 7.59685 3.88429 6.789128 2.980199 1.980199 2.980199
-1 1418352737.861863 10.168457 14.253481 6.315591 3.980199 1.0 2.980199 11.055696 6.53077 9.620752 3.431301 3.845472 1.940988 3.845472
-1 1418352738.090337 2.980199 2.0 2.0 5.82567 1.0 2.0 5.940988 4.960397 1.0 2.561122 0.845472 1.0 0.845472
-1 1418352738.384936 2.882753 5.491365 2.0 2.940988 0.0 1.0 5.663221 6.576913 3.0 0.0 1.0 0.0 1.0
-1 1418352738.728386 2.0 5.0 6.921187 1.0 1.940988 3.960397 7.679254 3.0 1.0 2.881976 2.940988 1.0 2.940988
-1 1418352738.957227 0.940988 3.960397 7.862951 3.0 1.881976 3.845472 5.921187 0.0 0.940988 1.940988 2.0 2.940988 2.0
-1 1418352739.228246 7.281479 5.82567 1.0 2.881976 2.0 1.0 9.154195 7.429217 3.0 1.0 4.882753 4.694689 4.882753
-1 1418352739.539935 2.0 6.980199 7.398347 3.940988 4.0 3.921187 7.662118 2.0 4.0 2.940988 3.881976 4.0 3.881976
-1 1418352739.901153 2.882753 4.263616 5.459524 3.0 4.0 4.0 6.406948 3.598403 0.0 4.0 4.0 5.980199 4.0
-1 1418352740.166809 2.88429 2.0 3.960397 2.980199 1.0 2.0 4.960397 7.225703 1.940988 1.980199 1.980199 1.0 1.980199
-1 1418352740.530130 2.980199 2.0 8.733899 1.0 4.0 4.0 2.0 2.0 4.57545 5.960397 3.0 4.0 3.0
-1 1418352740.974590 1.0 3.0 2.882753 2.980199 0.0 0.0 3.813384 5.500618 1.0 0.0 1.882753 0.0 1.882753
-1 1418352741.161208 2.921187 0.59092 2.980199 2.0 4.921187 4.980199 0.0 3.764729 3.980199 5.82567 4.704346 2.980199 4.704346
-1 1418352741.439729 0.0 3.829815 1.0 3.940988 1.940988 2.0 2.980199 2.980199 1.882753 5.922355 4.0 1.0 4.0
-1 1418352741.933041 4.921187 4.273992 4.863343 0.940988 2.980199 1.940988 4.67303 5.15549 4.862175 3.940988 2.881976 6.745704 2.881976
-1 1418352742.183597 1.0 3.980199 4.864489 0.940988 1.0 0.0 2.940988 2.980199 1.0 1.78646 0.940988 0.0 0.940988
-1 1418352742.520338 0.940988 2.0 3.0 5.940988 2.0 2.0 2.0 0.0 1.0 1.0 3.980199 2.0 3.980199
-1 1418352742.845048 3.980199 2.0 3.881976 4.940988 2.940988 2.0 1.0 3.980199 3.980199 1.980199 2.0 2.0 2.0
-1 1418352743.046236 1.940988 1.0 1.0 3.0 3.960397 1.0 2.827177 2.940988 1.0 3.0 5.805869 1.0 5.805869
-1 1418352743.269537 0.0 1.940988 3.0 3.980199 4.980199 1.980199 1.827177 0.0 0.940988 1.0 3.0 1.0 3.0
-1 1418352743.496313 2.0 4.202928 6.862175 4.960397 6.921187 4.921187 6.37438 4.940988 1.0 4.921187 3.960397 5.921187 3.960397
-1 1418352743.774134 4.0 4.940988 3.921187 1.980199 3.980199 0.0 5.921187 4.0 3.980199 1.0 2.0 3.980199 2.0
-1 1418352744.001220 0.0 1.0 2.980199 2.0 0.0 1.0 0.0 1.0 0.0 1.0 1.0 0.0 1.0
-1 1418352744.250787 1.0 3.980199 2.845472 0.0 0.0 1.0 3.82873 2.0 0.0 3.921187 4.86678 2.980199 4.86678
-1 1418352744.546852 2.921187 1.0 5.769718 3.0 0.940988 0.940988 2.0 3.881976 2.0 0.940988 9.805869 0.940988 9.805869
-1 1418352744.920720 4.881976 4.940988 4.922355 4.0 4.0 4.0 4.0 5.881976 4.0 5.0 7.823741 4.0 7.823741
-1 1418352745.122987 2.0 3.0 2.0 1.0 2.0 2.0 4.287465 2.0 4.940988 5.980199 1.0 2.940988 1.0
-1 1418352745.401722 4.881976 2.940988 0.0 1.0 0.0 1.940988 7.003106 3.940988 2.0 3.822964 5.0 0.0 5.0
-1 1418352745.815448 4.82567 4.960397 6.980199 1.940988 3.0 3.940988 1.940988 3.980199 1.940988 3.0 2.0 2.0 2.0
-1 1418352746.035393 2.940988 1.940988 9.744928 6.980199 11.648243 9.921187 3.807768 2.940988 3.881976 12.84315 7.980199 8.744151 7.980199
-1 1418352746.349047 1.922355 2.0 5.980199 2.980199 2.940988 4.0 2.0 1.0 1.0 5.0 2.980199 2.0 2.980199
-1 1418352746.816570 2.980199 3.960397 2.980199 4.78646 0.0 2.845472 6.921187 2.864489 4.862175 6.669212 1.940988 0.0 1.940988
-1 1418352747.033146 5.805869 2.805869 3.921187 2.980199 1.940988 4.845472 6.164216 4.805869 4.845472 4.845472 5.161809 2.845472 5.161809
-1 1418352747.290474 5.805869 5.0 7.960397 3.0 4.0 6.0 9.960397 3.980199 2.0 6.940596 2.0 4.0 2.0
-1 1418352747.613693 10.65731 15.28857 5.882753 1.940988 3.0 3.980199 18.01757 12.094463 9.766266 2.0 2.940988 1.0 2.940988
-1 1418352747.920799 6.882753 3.980199 5.803939 3.627478 2.0 1.0 3.980199 6.882753 9.88429 5.123874 1.940988 3.0 1.940988
-1 1418352748.151403 2.980199 2.980199 7.920795 9.920795 8.881584 11.900993 5.807376 2.980199 4.980199 3.980199 6.940596 7.940596 6.940596
-1 1418352748.419169 2.940988 3.881976 3.0 4.980199 1.0 1.0 6.862175 2.940988 3.922355 3.980199 3.0 0.0 3.0
-1 1418352748.793716 0.0 0.940988 3.663221 4.404864 3.921187 0.0 1.940988 2.0 4.980199 1.882753 3.585577 3.807376 3.585577
-1 1418352749.022905 1.980199 3.980199 3.343728 2.980199 2.0 2.980199 4.621666 3.82567 1.0 3.0 2.0 2.0 2.0
-1 1418352749.311504 0.0 2.0 3.0 3.738776 2.0 1.882753 7.694296 1.940988 0.0 2.882753 2.940988 5.862951 2.940988
-1 1418352749.681424 1.0 2.981857 3.882753 0.0 3.0 0.0 3.823771 2.0 2.0 2.921187 2.922355 4.940988 2.922355
-1 1418352750.014402 3.766266 0.940988 4.846979 1.0 4.0 2.0 4.823741 4.568466 2.940988 2.790997 1.0 3.0 1.0
-1 1418352750.235482 0.940988 5.766266 2.922355 1.0 1.0 0.0 7.825278 5.78646 4.803939 3.882753 0.0 0.0 0.0
-1 1418352750.610035 0.0 0.88429 3.940988 2.940988 1.0 2.0 0.940988 1.882753 0.940988 2.88429 3.0 1.0 3.0
-1 1418352750.942764 5.921187 1.845472 2.882753 2.0 1.980199 3.0 3.805869 3.980199 3.0 3.0 2.0 6.0 2.0
-1 1418352751.149532 4.940988 9.462016 4.82873 2.0 4.0 3.940988 9.359493 3.0 3.0 7.921187 4.0 4.0 4.0
-1 1418352751.438946 1.0 0.940988 5.960397 4.0 0.0 2.0 6.519221 2.255962 4.881976 3.0 4.980199 0.0 4.980199
-1 1418352751.893312 0.845472 5.727448 1.0 2.0 1.0 2.0 8.518814 3.78646 3.940988 3.980199 1.0 1.0 1.0
-1 1418352752.110474 2.0 2.70148 3.448389 3.862175 0.0 2.881976 4.584232 3.70148 5.553624 2.881976 1.980199 0.0 1.980199
-1 1418352752.419953 1.0 0.940988 3.0 3.0 1.0 2.0 2.822964 1.0 1.0 2.0 1.980199 2.0 1.980199
-1 1418352752.721330 3.940988 0.0 2.980199 1.0 1.0 3.0 6.52358 4.921187 1.940988 2.0 1.0 1.0 1.0
-1 1418352753.131922 2.0 2.0 1.0 1.882753 1.0 2.88429 3.980199 2.0 1.0 1.0 2.921187 3.0 2.921187
-1 1418352753.388681 2.0 3.0 3.881976 3.940988 3.980199 1.940988 2.0 4.0 5.960397 5.901385 4.921187 3.980199 4.921187
-1 1418352753.645638 7.921187 11.822572 4.940988 1.940988 0.940988 2.940988 9.569577 8.787575 7.960397 2.940988 2.940988 0.940988 2.940988
-1 1418352753.991509 2.88429 3.921187 8.881976 5.921187 6.921187 4.960397 4.921187 6.864489 4.882753 6.921187 8.921187 5.921187 8.921187
-1 1418352754.224164 4.980199 2.0 2.0 3.0 3.0 3.0 1.0 10.862951 1.940988 3.0 2.0 2.0 2.0
-1 1418352754.487822 3.499418 3.940988 3.0 6.960397 4.980199 4.980199 2.0 4.0 4.940988 2.0 2.0 4.980199 2.0
-1 1418352754.787185 2.940988 4.980199 6.921187 5.901385 2.0 3.0 5.921187 2.940988 5.881976 5.922355 3.980199 5.765505 3.980199
-1 1418352755.025140 4.0 8.561741 1.980199 1.0 0.0 2.0 6.717422 3.0 2.82873 3.902554 1.0 0.0 1.0
-1 1418352755.257647 3.0 1.0 5.634599 3.764729 2.0 2.940988 3.754372 4.681678 5.0 3.0 1.0 2.845472 1.0
-1 1418352755.549871 3.436518 0.940988 5.0 1.0 4.940988 3.0 2.0 2.385361 0.0 9.356442 4.940988 5.921187 4.940988
-1 1418352756.022586 2.813384 3.0 6.235751 4.674202 2.845472 1.845472 7.27458 4.991023 4.653779 4.0 7.808929 2.845472 7.808929
-1 1418352756.252911 9.503225 9.636445 4.82873 14.406985 1.0 10.920795 9.462087 8.456916 7.504778 11.769326 8.789128 1.0 8.789128
-1 1418352756.593399 3.0 2.980199 9.862175 3.980199 2.0 3.0 4.940988 3.940988 3.980199 3.0 4.980199 2.0 4.980199
-1 1418352756.959872 3.88429 4.980199 4.750309 4.881976 3.805869 3.0 7.940596 6.864489 5.921187 3.0 6.844687 1.845472 6.844687
-1 1418352757.190440 4.0 6.026735 11.458732 7.789128 3.88429 3.882753 12.925141 4.0 4.980199 2.0 7.769326 3.0 7.769326
-1 1418352757.544010 7.901385 7.862175 8.862175 5.544645 5.901385 5.82567 6.538688 7.901385 8.901385 3.980199 7.940988 4.940988 7.940988
-1 1418352757.965147 6.380047 4.750309 4.689767 1.0 3.922355 1.940988 10.545288 6.491952 6.366319 1.940988 0.940988 3.0 0.940988
-1 1418352758.194482 0.940988 0.0 5.747634 4.805869 3.825278 3.88429 1.0 3.940988 2.311866 2.0 2.0 2.825278 2.0
-1 1418352758.470172 0.0 1.0 9.823349 5.766658 4.980199 1.980199 4.980199 2.0 2.0 2.0 5.940596 3.0 5.940596
-1 1418352758.828661 0.0 0.0 3.922355 2.0 2.0 0.0 1.882753 2.0 1.701362 1.0 4.980199 2.0 4.980199
-1 1418352759.193964 0.0 3.882753 4.659579 2.0 2.0 1.0 2.0 1.0 1.0 3.0 7.803939 5.940988 7.803939
-1 1418352759.459132 1.0 3.0 4.980199 4.980199 2.980199 0.0 4.652349 0.0 1.0 2.0 4.0 2.980199 4.0
-1 1418352759.747284 10.593459 4.845472 6.765505 1.0 2.0 3.0 8.540213 8.652471 4.0 4.0 2.0 3.0 2.0
-1 1418352760.100200 3.902554 4.922355 2.0 1.0 1.0 1.0 7.863343 4.902554 2.0 1.0 2.0 1.0 2.0
-1 1418352760.376649 6.409021 9.184466 4.0 1.0 1.940988 3.881976 8.547772 5.940988 3.940988 2.0 1.940988 2.656639 1.940988
-1 1418352760.733459 3.770803 3.659631 3.278294 3.0 2.0 3.0 5.829815 4.770803 3.823741 3.0 4.940988 3.0 4.940988
-1 1418352761.019018 2.0 4.747634 5.88429 3.0 5.0 4.845472 3.922355 2.125466 2.88429 4.845472 2.0 4.0 2.0
-1 1418352761.249065 2.699174 2.780172 1.940988 2.940988 3.940988 1.7537 2.694689 2.501031 1.980199 8.596074 0.940988 1.940988 0.940988
-1 1418352761.556462 1.980199 3.790997 2.980199 0.0 0.0 2.0 8.598373 1.980199 2.0 2.0 1.0 2.0 1.0
-1 1418352761.976885 1.829815 5.597627 3.0 3.0 3.0 3.0 12.365729 8.480379 2.0 4.940988 3.0 6.708423 3.0
-1 1418352762.196633 3.398971 2.714098 7.940988 2.980199 2.0 3.0 3.714098 9.133602 2.733507 4.0 4.27143 4.0 4.27143
-1 1418352762.475706 4.980199 6.901385 2.0 0.0 4.0 0.0 11.425468 4.921187 6.862951 1.980199 0.0 1.980199 0.0
-1 1418352762.729019 1.0 4.882753 7.528479 3.882753 4.823741 3.0 1.0 2.0 1.76858 4.980199 7.844687 4.882753 7.844687
-1 1418352763.035988 0.0 1.940988 3.921187 0.940988 0.0 2.0 1.940988 0.0 1.0 6.192133 1.881976 3.0 1.881976
-1 1418352763.237085 4.0 5.845472 1.0 1.0 0.0 3.702824 8.710706 5.845472 3.0 2.980199 1.0 0.0 1.0
-1 1418352763.495787 1.980199 4.862951 8.881976 6.881976 4.862175 1.0 5.980199 3.772718 3.980199 2.88429 3.88429 7.842374 3.88429
-1 1418352763.775830 6.783362 2.881976 5.37691 0.0 4.901385 0.0 5.921187 6.783362 3.914401 4.960397 2.0 5.960397 2.0
-1 1418352764.121250 1.980199 3.0 2.882753 0.0 2.980199 2.0 0.940988 1.980199 3.0 1.0 1.940988 3.980199 1.940988
-1 1418352764.364908 4.641958 2.0 5.823741 3.940988 1.940988 4.960397 2.940988 1.940988 5.868312 4.595758 4.822964 1.827177 4.822964
-1 1418352764.690708 0.0 1.0 1.881976 3.0 2.0 1.0 1.0 2.0 0.940988 1.0 2.0 1.0 2.0
-1 1418352765.063344 0.940988 2.0 6.863343 2.845472 1.0 2.882753 2.0 0.940988 1.0 1.940988 3.940988 1.0 3.940988
-1 1418352765.260808 1.0 1.940988 1.0 4.0 3.0 2.0 2.67075 1.0 2.940988 3.750309 2.0 5.789128 2.0
-1 1418352765.503799 2.0 3.825278 5.940988 4.88429 2.0 3.0 4.825278 2.980199 2.78646 6.0 6.0 4.0 6.0
-1 1418352765.816992 3.940988 2.980199 1.0 1.0 1.0 1.0 3.940988 4.643812 2.980199 3.640162 2.940988 2.0 2.940988
-1 1418352766.115160 3.0 3.0 3.0 3.0 2.0 3.0 2.789128 2.0 3.940988 4.0 2.62897 2.0 2.62897
-1 1418352766.399190 1.0 0.0 4.765505 3.0 1.940988 3.0 0.940988 1.0 2.829815 2.825278 0.940988 0.940988 0.940988
-1 1418352766.737367 0.940988 2.0 4.940988 4.980199 5.0 5.980199 6.864489 0.0 1.0 8.902554 5.980199 5.0 5.980199
-1 1418352767.100537 2.0 2.0 2.665528 1.0 6.730508 2.0 2.0 2.0 2.0 3.0 1.940988 0.940988 1.940988
-1 1418352767.309193 1.940988 3.940988 0.0 0.0 0.940988 1.0 3.940988 2.940988 4.921187 1.0 0.0 0.940988 0.0
-1 1418352767.637208 3.0 7.960397 13.314562 8.881584 1.0 0.0 7.436891 2.0 8.113615 2.0 8.901385 1.0 8.901385
