-1 1418368169.179194 2.0 2.0 3.96 4.0
-1 1418368169.426036 3.96 5.532672 5.732483 2.96
-1 1418368169.943719 1.0 3.0 3.0 8.391301
-1 1418368170.627537 2.846336 0.0 8.766336 1.8816
-1 1418368172.170252 1.0 2.96 3.0 3.343619
-1 1418368172.371873 4.0 2.0 3.0 2.0
-1 1418368172.571274 1.0 1.0 2.0 1.0
-1 1418368172.798097 0.0 0.0 1.0 1.0
-1 1418368172.985703 1.0 0.0 1.577283 2.0
-1 1418368173.219955 1.0 5.7632 1.0 3.0
-1 1418368173.450892 1.0 0.0 3.8816 4.529536
-1 1418368173.654261 7.489536 8.012402 18.784229 9.448553
-1 1418368173.896291 15.013425 4.821226 6.283944 8.896915
-1 1418368174.138468 2.8816 2.450613 1.0 3.96
-1 1418368174.368976 5.7232 0.8816 3.335285 2.7632
-1 1418368174.599564 2.0 1.96 5.92 7.033888
-1 1418368174.834320 0.0 1.766336 5.236218 4.511055
-1 1418368175.074062 1.7632 1.96 8.231671 5.672757
-1 1418368175.323181 3.846336 2.727936 3.507919 7.741092
-1 1418368175.588810 2.8816 9.930426 4.8816 13.896083
-1 1418368175.877653 0.357935 1.0 13.464082 7.348719
-1 1418368176.123665 4.482741 1.0 5.202895 7.92
-1 1418368176.383267 2.695683 4.615683 4.410613 12.227941
-1 1418368176.668768 3.7232 5.7632 1.8816 5.96
-1 1418368176.922348 5.227797 1.0 1.96 5.8816
-1 1418368177.180633 3.96 3.0 9.851778 3.96
-1 1418368177.450688 3.958606 5.612672 5.283548 9.209569
-1 1418368177.699235 2.8816 4.8416 14.734193 5.661583
-1 1418368177.956903 9.995204 6.883217 1.741583 4.311365
-1 1418368178.227467 3.0 1.0 1.881948 9.681789
-1 1418368178.488793 4.8816 3.0 19.347191 8.080791
-1 1418368178.741772 4.8816 0.8816 16.40297 7.029927
-1 1418368178.998574 7.64941 5.8816 1.0 3.0
-1 1418368179.245609 1.772483 4.59512 3.661583 3.0
-1 1418368179.481318 7.526985 5.8816 5.019849 8.355612
-1 1418368179.724926 2.8816 4.7232 6.862557 13.550766
-1 1418368179.971104 8.362584 3.483592 5.766336 6.018531
-1 1418368180.228299 2.96 3.766336 2.256703 3.846336
-1 1418368180.483700 2.695683 1.695683 11.112781 5.578828
-1 1418368180.740744 1.0 5.8816 9.589719 6.587855
-1 1418368180.989556 5.332213 8.292213 5.7232 8.8416
-1 1418368181.253429 1.0 0.0 5.921406 3.96
-1 1418368181.503365 3.893669 2.423367 17.313052 5.413965
-1 1418368181.761703 2.0 2.727936 11.073091 8.624978
-1 1418368182.025489 2.0 2.0 7.679944 5.96
-1 1418368182.306656 2.0 1.8816 7.347601 4.7632
-1 1418368182.572108 4.310755 6.608575 2.670889 4.655683
-1 1418368182.834054 6.693846 7.639638 12.715397 8.200817
-1 1418368183.088124 3.125148 5.655683 15.95024 5.26704
-1 1418368183.345436 5.7232 2.8816 22.645161 2.96
-1 1418368183.608946 0.0 2.615683 5.609536 7.457283
-1 1418368183.867509 4.607936 1.766336 2.8816 1.843063
-1 1418368184.099889 2.8816 4.423619 8.647936 5.806336
-1 1418368184.391120 6.7616 1.96 16.4492 5.027819
-1 1418368184.622697 4.959076 2.0 7.436974 7.179575
-1 1418368184.870984 3.667855 2.450613 2.8816 3.615683
-1 1418368185.124103 2.96 3.0 5.025637 3.0
-1 1418368185.361840 4.125285 1.846336 19.653007 2.752428
-1 1418368185.630494 0.8816 1.612287 22.28713 2.444341
-1 1418368185.866522 1.0 2.8816 6.575683 5.116368
-1 1418368186.114239 6.063824 1.460285 4.642558 1.0
-1 1418368186.359389 5.92 5.96 6.059041 8.509455
-1 1418368186.639080 1.8816 0.8816 11.237391 7.497283
-1 1418368186.897625 8.306383 3.726336 2.661583 7.9577
-1 1418368187.138499 3.772483 5.0 2.652248 6.316727
-1 1418368187.417644 0.0 1.0 5.216292 3.712095
-1 1418368187.653746 3.96 3.8416 10.54671 3.8816
-1 1418368187.953159 2.766336 2.0 3.647936 8.471055
-1 1418368188.187232 3.655683 4.92 7.988598 7.283538
-1 1418368188.442818 9.612866 5.286128 1.0 5.791283
-1 1418368188.697732 0.0 1.8816 9.449459 7.442741
-1 1418368189.003046 2.0 2.0 16.518974 4.855389
-1 1418368189.268363 4.7632 6.647936 15.371209 11.8509
-1 1418368189.533132 3.0 2.8816 16.810168 5.223096
-1 1418368189.820253 2.144757 1.0 1.96 7.704886
-1 1418368190.041873 4.8416 1.772483 12.903656 5.867302
-1 1418368190.274090 3.0 2.0 9.528824 3.7632
-1 1418368190.547359 2.0 3.0 6.030897 9.235789
-1 1418368190.790958 5.102923 3.96 4.292489 7.953208
-1 1418368191.008482 2.392655 3.8816 12.328641 4.414272
-1 1418368191.291130 3.577095 1.695683 2.0 6.59512
-1 1418368191.545220 3.0 2.0 5.647936 1.67192
-1 1418368191.801226 0.985239 0.0 8.8416 6.13608
-1 1418368192.058543 6.367477 3.0 9.324358 12.936995
-1 1418368192.300851 4.165138 4.129874 1.0 7.165138
-1 1418368192.580092 2.772483 1.654083 5.0 6.186059
-1 1418368192.852997 8.768536 2.96 12.259954 10.300188
-1 1418368193.107973 9.113267 1.405941 8.914288 3.8816
-1 1418368193.376164 4.96 2.0 12.219984 4.886566
-1 1418368193.651217 1.766336 1.0 3.936846 3.96
-1 1418368193.924710 2.705435 3.549455 2.766336 3.0
-1 1418368194.191695 6.455401 3.806336 4.8816 4.055905
-1 1418368194.448647 9.958468 8.203538 5.546026 1.0
-1 1418368194.718534 5.8416 9.6448 3.060628 4.766336
-1 1418368194.980000 5.431055 1.8816 2.646689 9.431055
-1 1418368195.246536 2.8816 2.511055 10.273458 3.206738
-1 1418368195.566798 5.022619 4.661583 4.387966 6.609536
-1 1418368195.814364 3.370613 0.0 5.392655 4.615683
-1 1418368196.049589 2.8816 2.846336 8.952623 2.96
-1 1418368196.293903 3.96 2.96 7.92 3.8816
-1 1418368196.552567 1.96 0.0 7.501641 5.655683
-1 1418368196.853570 3.8416 3.8416 9.604977 11.027524
-1 1418368197.111833 3.8816 1.450613 3.647936 4.029854
-1 1418368197.414886 1.96 1.0 5.766336 2.727936
-1 1418368197.659878 4.8816 2.96 11.354066 3.96
-1 1418368197.930150 5.208973 2.695683 8.546518 4.891471
-1 1418368198.163890 2.0 2.0 0.0 6.51352
-1 1418368198.407551 1.766336 2.0 13.073914 6.8416
-1 1418368198.659108 4.0 5.8816 6.392655 8.852898
-1 1418368198.921780 2.667855 2.0 3.96 6.602202
-1 1418368199.200882 8.627252 2.0 5.732266 7.017163
-1 1418368199.419078 3.8416 1.0 9.138485 3.975106
-1 1418368199.647971 1.0 2.8816 2.8816 5.202061
-1 1418368199.933023 8.547001 2.96 10.642131 4.92
-1 1418368200.144180 2.96 1.0 5.405238 2.0
-1 1418368200.408651 3.0 3.0 5.0 10.337955
-1 1418368200.634513 1.96 2.96 3.431055 7.239139
-1 1418368200.881938 3.0 0.8816 12.588606 3.695683
-1 1418368201.140593 2.8416 2.655683 8.986175 7.914312
-1 1418368201.425010 2.0 6.003661 2.201135 8.604896
-1 1418368201.693157 0.0 0.0 9.152605 5.612838
-1 1418368201.926944 1.8816 3.175767 10.155237 4.156388
-1 1418368202.170777 2.96 1.0 6.293055 2.217534
-1 1418368202.440754 2.6448 3.7632 13.103472 7.043661
-1 1418368202.689629 0.0 1.0 7.184729 4.414515
-1 1418368202.994489 11.345038 4.577283 4.953512 4.064301
-1 1418368203.237375 5.087087 1.96 4.555235 4.0
-1 1418368203.502124 2.846336 0.0 13.032101 10.932017
-1 1418368203.754874 9.166738 6.391365 17.352741 7.395067
-1 1418368204.016384 1.0 1.0 3.20102 4.112711
-1 1418368204.244757 0.8816 8.665428 6.060149 5.96
-1 1418368204.490113 4.0 8.003661 3.0 6.431055
-1 1418368204.724852 1.0 1.0 10.556547 5.102975
-1 1418368205.006177 4.0 4.0 11.1806 6.406376
-1 1418368205.235523 5.497283 1.772483 3.0 9.31059
-1 1418368205.474061 2.0 1.8816 9.50886 5.96
-1 1418368205.726122 4.0 2.0 10.965665 4.0
-1 1418368206.004709 1.0 2.0 9.352442 2.8816
-1 1418368206.279830 3.92 5.615683 8.619522 8.811471
-1 1418368206.536787 4.0 3.0 7.673669 2.772483
-1 1418368206.761800 5.0 1.0 10.931687 4.8816
-1 1418368207.006581 3.587855 3.846336 6.197391 4.817374
-1 1418368207.243659 1.766336 2.7632 5.661583 7.032903
-1 1418368207.520040 5.806336 3.0 5.7814 6.687936
-1 1418368207.770535 3.806336 2.0 6.7232 8.557856
-1 1418368208.040097 3.8416 1.96 10.700289 8.489536
-1 1418368208.306755 2.0 3.502441 14.758512 2.0
-1 1418368208.587294 7.302857 4.493451 6.498819 7.772483
-1 1418368208.823112 3.96 0.8816 6.735077 5.457283
-1 1418368209.055523 6.76505 2.121135 0.8816 5.434191
-1 1418368209.284091 3.732483 1.0 5.726336 2.727936
-1 1418368209.538386 4.635301 1.0 13.959642 7.105879
-1 1418368209.790921 0.0 0.0 19.809137 1.8816
-1 1418368210.061718 4.293813 2.96 3.0 4.8416
-1 1418368210.285512 2.0 0.0 9.389455 11.949767
-1 1418368210.551745 6.389519 4.0 4.0 7.269005
-1 1418368210.778762 4.96 2.0 0.172356 4.0
-1 1418368211.009598 0.0 2.0 5.869916 4.527311
-1 1418368211.263105 7.6048 3.0 8.734699 4.7632
-1 1418368211.510086 0.366433 3.96 5.72665 6.7498
-1 1418368211.767091 1.8816 5.232929 3.500729 3.8416
-1 1418368212.019549 2.846336 0.0 7.621753 2.297704
-1 1418368212.273213 8.380272 2.80376 11.640908 13.354505
-1 1418368212.508011 7.682256 7.497351 4.801666 6.194831
-1 1418368212.751810 3.8816 2.0 5.082597 5.618819
-1 1418368213.011408 3.7632 0.695683 7.457283 5.497283
-1 1418368213.268552 8.052464 1.645043 8.985139 2.727936
-1 1418368213.527098 13.604868 5.330613 17.666201 7.212213
-1 1418368213.770811 1.8816 1.0 7.787996 5.8816
-1 1418368214.017598 3.482741 3.0 5.8416 3.96
-1 1418368214.309519 4.120899 6.745744 13.646191 5.8016
-1 1418368214.579020 9.312655 5.647936 10.312655 5.661583
-1 1418368214.847456 3.96 4.92 6.647936 2.96
-1 1418368215.105650 8.575683 5.8816 2.96 7.583008
-1 1418368215.365790 6.057311 5.587855 2.0 8.743776
-1 1418368215.638019 1.96 1.96 9.969365 5.8016
-1 1418368215.895041 3.961933 4.422019 5.475791 5.8416
-1 1418368216.142573 2.0 0.0 3.511055 2.0
-1 1418368216.375391 5.296824 2.96 3.766336 6.814787
-1 1418368216.629752 0.0 1.0 13.331114 6.089822
-1 1418368216.891530 1.96 1.96 6.451379 4.547855
-1 1418368217.170683 4.96 1.594955 1.96 4.727936
-1 1418368217.438734 7.191839 3.8816 2.8816 8.32535
-1 1418368217.691472 2.766336 1.0 10.187136 4.093283
-1 1418368217.941222 0.0 1.96 5.726336 3.92
-1 1418368218.186430 1.352589 1.8816 6.965261 3.375323
-1 1418368218.417331 13.188355 3.8416 11.243233 7.977138
-1 1418368218.672923 3.0 1.0 17.919049 5.806336
-1 1418368218.916793 2.96 7.370613 10.551813 1.695683
-1 1418368219.198586 1.96 3.0 3.475136 5.287541
-1 1418368219.474986 5.7232 4.7632 16.445832 6.807165
-1 1418368219.732509 0.8816 1.96 1.96 5.726336
-1 1418368220.023395 6.96 4.96 8.401456 6.8816
-1 1418368220.297846 3.354033 3.772483 4.337902 10.728782
-1 1418368220.551623 4.8816 2.8816 11.529536 9.8016
-1 1418368220.815668 4.49928 1.0 9.479614 3.157389
-1 1418368221.116697 0.0 1.0 2.0 3.654083
-1 1418368221.368666 11.203538 3.0 7.97276 13.457033
-1 1418368221.620718 4.96 2.0 13.908119 7.437504
-1 1418368221.864281 4.96 4.96 14.6096 5.8816
-1 1418368222.121407 1.8816 2.0 1.0 17.475526
-1 1418368222.393809 3.332213 2.0 6.909432 5.257651
-1 1418368222.644400 1.7632 0.524341 4.035396 4.615683
-1 1418368222.906114 1.0 1.8816 7.33302 6.556585
-1 1418368223.157705 6.334515 2.772483 3.7632 7.277391
-1 1418368223.400008 5.388169 4.567716 9.698417 15.013813
-1 1418368223.688681 2.772483 1.0 11.962165 9.611949
-1 1418368223.961945 5.09704 3.766336 4.05247 3.766336
-1 1418368224.226841 2.8816 1.0 8.03024 7.249202
-1 1418368224.519781 2.0 2.0 11.349893 2.0
-1 1418368224.772508 1.0 2.96 4.0 4.96
-1 1418368225.042299 3.225299 2.96 1.0 1.0
-1 1418368225.241281 5.354191 2.0 16.503173 8.059196
-1 1418368225.502501 2.96 2.96 4.790263 3.910166
-1 1418368225.751846 6.869496 6.766336 7.103292 13.774261
-1 1418368226.041964 3.615683 1.8816 9.221621 1.0
-1 1418368226.290212 5.96 4.96 14.79559 5.96
-1 1418368226.546706 5.8416 3.0 9.986149 9.788104
-1 1418368226.795209 6.045261 3.0 3.661583 9.977013
-1 1418368227.042453 2.0 3.96 18.264089 5.334396
-1 1418368227.285383 8.429998 2.8816 3.805005 7.8016
-1 1418368227.553605 1.8816 4.325941 6.987957 5.76665
-1 1418368227.800639 3.772483 1.0 2.0 3.77233
-1 1418368228.045799 1.8816 5.68665 6.370613 1.8816
-1 1418368228.300127 2.8816 4.654083 21.083304 2.7632
-1 1418368228.565541 6.8416 1.0 2.766336 3.565043
-1 1418368228.851721 3.8816 3.0 2.8816 12.674362
-1 1418368229.080433 1.96 1.0 8.041916 10.232655
-1 1418368229.333256 6.8416 5.96 7.46943 7.6448
-1 1418368229.582130 2.587855 7.103807 8.420419 0.357935
-1 1418368229.859271 5.0 4.0 8.802429 5.96
-1 1418368230.143256 1.0 1.0 15.520817 5.47672
-1 1418368230.388129 0.0 2.0 10.587731 5.491122
-1 1418368230.645059 4.766336 2.930766 4.149063 5.605697
-1 1418368230.891500 4.370613 2.772483 10.417847 5.619133
-1 1418368231.135528 8.115789 3.8416 5.202808 11.515623
-1 1418368231.417696 4.257704 1.96 4.654083 6.8416
-1 1418368231.706928 6.367477 2.96 14.827982 6.297526
-1 1418368231.993213 4.0 1.8816 2.96 5.92
-1 1418368232.224725 1.0 2.0 7.151391 2.695683
-1 1418368232.485972 0.8816 1.846336 6.675893 8.117215
-1 1418368232.771176 3.96 0.0 5.967035 7.327602
-1 1418368233.033632 0.8816 2.766336 8.396023 3.915815
-1 1418368233.305729 2.59512 2.8416 7.250234 9.92
-1 1418368233.566968 3.0 1.431663 10.710675 3.0
-1 1418368233.831603 2.410613 4.92 3.695683 5.064696
-1 1418368234.115735 4.7632 3.8816 12.953621 10.987524
-1 1418368234.347763 1.846336 3.695683 6.52788 3.067819
-1 1418368234.630793 0.0 2.0 3.615683 4.446643
-1 1418368234.935980 4.471055 1.0 12.195022 7.373963
-1 1418368235.293140 8.425777 3.0 9.357526 1.772483
-1 1418368235.675795 3.428165 3.846336 9.497741 0.0
-1 1418368236.035287 11.885261 5.458695 10.848571 11.058549
-1 1418368236.382072 2.80161 2.0 10.692835 6.354706
-1 1418368236.845088 0.0 2.99606 6.452648 5.293813
-1 1418368237.312278 2.96 1.8816 5.691851 1.8816
-1 1418368237.633880 7.121135 2.0 9.295872 9.918278
-1 1418368237.905585 5.8816 3.0 9.677849 10.857146
-1 1418368238.215836 1.0 1.8816 9.00225 6.252213
-1 1418368238.450789 3.422488 0.0 3.866839 4.678495
-1 1418368238.724646 2.0 1.0 11.539269 0.8816
-1 1418368238.979697 4.8816 4.96 4.8016 7.082061
-1 1418368239.248765 1.0 1.0 3.741583 7.046551
-1 1418368239.517940 10.6832 9.7616 17.10214 14.5248
-1 1418368239.813367 3.0 0.0 2.96 2.8816
-1 1418368240.156614 5.0 7.283538 2.766336 16.639271
-1 1418368240.464546 5.692483 5.92 4.96 6.92
-1 1418368240.727033 1.0 1.0 6.275708 18.419557
-1 1418368240.968639 3.96 2.96 2.96 4.0
-1 1418368241.224634 5.136949 1.8816 2.7632 5.7632
-1 1418368241.496685 2.0 3.618819 1.8816 3.762416
-1 1418368241.755732 5.51103 6.103285 4.8416 3.514191
-1 1418368242.022371 7.983107 7.7632 4.837583 5.766336
-1 1418368242.305522 4.6448 3.96 4.96 8.7232
-1 1418368242.586742 0.0 1.8816 3.0 7.8016
-1 1418368242.868471 7.315666 3.0 7.254515 6.96
-1 1418368243.149635 2.0 3.0 9.569379 8.79926
-1 1418368243.402388 1.96 5.0 3.420841 14.600749
-1 1418368243.685464 13.951383 4.79693 11.760322 4.178424
-1 1418368243.949776 2.0 2.772483 3.661583 5.73316
-1 1418368244.211808 1.8816 3.8816 3.913402 17.808886
-1 1418368244.514371 4.891936 2.96 23.339839 2.96
-1 1418368244.798364 1.0 1.0 16.320693 2.0
-1 1418368245.099565 2.8816 3.8816 6.148585 5.8416
-1 1418368245.376077 9.084229 12.255004 5.443459 5.188197
-1 1418368245.627607 3.205321 0.450613 11.709703 4.544965
-1 1418368245.880689 2.772483 3.351775 5.92 6.866089
-1 1418368246.205517 2.0 5.249439 3.8416 4.8416
-1 1418368246.497174 3.92 1.96 8.8016 6.194189
-1 1418368246.803798 6.8416 4.0 14.733037 7.374515
-1 1418368247.102416 4.0 2.0 4.8416 4.846336
-1 1418368247.391934 2.0 0.8816 2.945766 11.258834
-1 1418368247.713084 3.727936 2.0 4.92 2.138915
-1 1418368247.995319 6.997178 1.0 12.319037 4.0
-1 1418368248.296085 2.0 0.0 6.317391 7.446643
-1 1418368248.599501 2.96 3.96 9.538587 5.88
-1 1418368248.918783 5.605043 3.8816 10.97532 5.8416
-1 1418368249.201628 5.531315 3.0 13.124339 4.96
-1 1418368249.481662 1.0 1.198278 6.506687 3.661583
-1 1418368249.761789 7.614083 5.92 10.980149 15.513724
-1 1418368250.068116 12.392655 3.248033 7.974543 9.363679
-1 1418368250.353227 3.727936 1.0 9.128021 4.290991
-1 1418368250.627472 8.169112 9.607936 14.714223 5.62874
-1 1418368250.887119 4.806336 3.92 19.88626 3.96
-1 1418368251.168379 0.0 0.0 5.340784 3.0
-1 1418368251.438243 1.0 0.153978 5.144757 6.133283
-1 1418368251.715480 8.148996 2.8816 11.338262 1.8816
-1 1418368251.975228 2.0 3.0 6.609943 6.156913
-1 1418368252.220902 2.96 1.0 8.128364 6.129422
-1 1418368252.493790 2.766336 3.8416 15.309571 0.0
-1 1418368252.771548 4.0 2.0 12.535775 6.7232
-1 1418368253.073865 0.0 1.96 9.581099 0.8816
-1 1418368253.330459 16.430735 16.893324 6.8816 11.605227
-1 1418368253.580440 1.0 2.0 11.924066 3.0
-1 1418368253.851400 4.828755 2.0 2.96 3.0
-1 1418368254.107457 2.741583 2.741583 2.0 3.252705
-1 1418368254.451055 2.511055 2.414515 9.285619 4.0
-1 1418368254.735939 3.541633 1.7632 15.263435 5.897743
-1 1418368255.001928 4.806336 2.846336 8.855714 7.726336
-1 1418368255.199678 11.892584 5.92 5.8816 5.0231
-1 1418368255.620376 1.0 1.8816 3.727936 1.8816
-1 1418368256.913763 4.0 2.0 5.7232 2.96
-1 1418368257.928363 0.0 0.0 5.8416 2.766336
