-1 1418354161.236780 3.921187 4.910735 2.88429 10.391092 1.940988 5.265874 2.921187 2.921187 5.901385 2.789128 2.827177 1.0 2.827177
-1 1418354161.575417 3.845472 5.845472 5.940988 2.940988 3.960397 4.213491 6.863343 3.845472 5.746857 5.17428 2.940988 1.980199 2.940988
-1 1418354161.773498 0.0 2.789128 5.751394 7.288492 8.766266 5.921187 4.653346 0.0 1.0 9.805477 8.008899 5.844687 8.008899
-1 1418354162.100741 1.0 1.0 8.328641 4.921187 8.687845 0.0 1.0 1.0 3.0 2.88429 2.980199 3.764729 2.980199
-1 1418354162.350509 2.940988 2.940988 2.88429 15.178042 3.980199 4.0 3.940988 5.746857 3.8986 8.636837 4.656639 1.0 4.656639
-1 1418354162.652986 1.553624 1.0 1.0 3.940988 3.0 2.0 2.980199 4.388894 1.263119 8.454528 2.940988 2.0 2.940988
-1 1418354162.874357 1.0 6.743573 3.808929 13.335847 6.823741 2.921187 6.442128 0.0 2.76858 5.766658 1.980199 6.881976 1.980199
-1 1418354163.203815 3.82873 9.710706 8.75398 10.935837 5.0 10.575638 5.808929 4.808929 3.0 5.0 4.960397 5.0 4.960397
-1 1418354163.432530 5.420523 2.0 1.980199 1.980199 0.940988 1.0 4.623059 2.0 6.90113 6.238994 2.980199 0.0 2.980199
-1 1418354163.781561 6.960397 2.393989 5.0 4.0 5.0 4.863343 2.246251 12.323518 5.980199 4.0 6.0 5.0 6.0
-1 1418354164.140653 0.0 1.0 1.940988 0.0 3.980199 0.940988 0.0 0.940988 1.980199 2.921187 2.545333 3.921187 2.545333
-1 1418354164.354323 1.882753 1.940988 5.82567 8.548082 4.0 5.0 8.686692 4.805869 8.633062 4.82567 2.922355 5.0 2.922355
-1 1418354164.688965 4.0 4.940988 7.810014 7.842374 2.0 2.940988 6.0 3.0 9.218611 7.202353 6.940988 2.0 6.940988
-1 1418354164.922683 0.0 1.0 6.863343 6.162086 3.980199 4.921187 3.823741 3.882753 3.805869 1.980199 3.960397 7.862951 3.960397
-1 1418354165.278927 9.21194 2.940988 2.0 2.940988 7.537589 4.960397 2.0 10.77904 5.881976 5.559585 3.980199 4.960397 3.980199
-1 1418354165.568671 3.0 10.296741 1.0 1.0 0.0 0.0 14.850985 4.116968 0.0 1.940988 1.845472 1.980199 1.845472
-1 1418354165.787141 1.0 4.524637 3.921187 4.803163 2.980199 4.82567 3.0 1.0 1.940988 6.596866 2.881976 1.980199 2.881976
-1 1418354166.178554 0.0 1.0 5.116553 5.107043 5.460559 4.82567 0.0 0.0 0.0 2.0 1.0 1.922355 1.0
-1 1418354166.394918 0.0 3.0 0.940988 7.632422 2.882753 1.940988 3.940988 2.845472 0.0 1.940988 4.610201 0.940988 4.610201
-1 1418354166.727742 3.88429 1.88429 10.376988 5.356825 5.960397 3.980199 6.825278 2.864489 4.611738 7.350138 6.420161 5.960397 6.420161
-1 1418354166.934350 4.960397 3.0 4.679646 4.243604 5.267744 1.0 4.960397 1.0 8.132797 2.568466 2.0 4.980199 2.0
-1 1418354167.300863 2.0 5.991833 3.980199 2.86678 3.881976 3.0 10.242087 1.0 2.0 2.0 3.691297 3.822964 3.691297
-1 1418354167.585784 5.960397 6.131099 2.921187 6.708031 2.921187 4.921187 10.898157 3.0 2.980199 7.842374 7.746465 4.921187 7.746465
-1 1418354167.836993 2.0 2.980199 5.36233 4.921187 2.0 3.0 2.0 4.500618 0.0 3.980199 2.0 2.0 2.0
-1 1418354168.263624 2.0 1.0 7.751394 5.960397 5.960397 5.960397 1.0 2.0 1.0 7.882753 4.980199 5.980199 4.980199
-1 1418354168.491071 3.845472 2.0 3.0 10.361524 2.0 3.0 7.614798 1.0 3.0 8.361844 4.940988 3.882753 4.940988
-1 1418354168.812863 2.0 3.0 3.559569 2.980199 0.0 1.940988 4.882753 2.0 2.0 4.733507 1.0 0.0 1.0
-1 1418354169.096863 0.0 2.0 4.960397 4.160866 2.940988 3.704346 2.0 1.940988 1.0 2.980199 2.0 3.960397 2.0
-1 1418354169.424680 0.0 0.0 1.0 11.42049 2.0 3.980199 1.0 1.0 1.940988 3.882753 2.0 0.0 2.0
-1 1418354169.773476 5.695849 1.715651 4.699174 3.0 3.0 3.845472 7.597627 0.715651 4.715651 3.980199 3.82567 2.0 3.82567
-1 1418354170.001236 0.0 0.0 2.0 5.940988 0.940988 2.922355 1.750309 1.0 0.940988 5.486786 3.980199 0.0 3.980199
-1 1418354170.224910 3.940988 4.88429 5.980199 2.0 1.0 1.0 4.940988 5.940988 2.980199 2.0 1.0 1.0 1.0
-1 1418354170.482293 2.0 5.960397 1.0 4.980199 0.0 2.980199 2.980199 2.0 4.0 2.0 2.0 0.0 2.0
-1 1418354170.800705 5.620028 4.862951 1.0 0.0 0.0 1.980199 6.543853 6.301706 0.940988 3.88429 1.88429 1.0 1.88429
-1 1418354171.003336 5.455401 8.786068 2.0 13.648258 5.980199 3.940988 11.324923 3.68156 4.012413 5.882753 5.882753 5.864489 5.882753
-1 1418354171.359839 1.0 1.940988 3.0 13.97313 4.237765 6.583456 0.940988 1.940988 0.0 2.881976 1.0 1.0 1.0
-1 1418354171.612216 2.980199 6.940596 9.706493 4.940988 1.0 3.0 2.0 2.84553 3.0 5.0 5.807768 3.0 5.807768
-1 1418354171.920506 1.0 2.882753 5.902554 9.803939 5.55739 6.881976 1.940988 0.0 3.921187 3.940988 3.882753 2.980199 3.882753
-1 1418354172.264426 4.763998 3.822964 7.748779 3.980199 5.980199 3.0 13.714408 5.158999 3.52152 3.940988 3.0 4.0 3.0
-1 1418354172.486377 0.0 1.0 6.823741 10.586171 1.940988 5.206447 1.940988 2.0 1.0 4.78646 5.845472 3.882753 5.845472
-1 1418354172.803368 6.229925 8.15228 2.0 2.0 3.940988 4.922355 8.229925 9.413412 8.119722 5.902554 1.940988 3.0 1.940988
-1 1418354173.039066 1.980199 2.940988 4.167743 2.233821 1.940988 0.0 0.940988 2.940988 1.0 1.980199 2.922355 0.0 2.922355
-1 1418354173.405754 1.980199 1.0 4.0 5.0 8.940596 6.921187 2.827177 1.0 2.506647 8.096785 4.0 7.960397 4.0
-1 1418354173.667228 0.940988 1.940988 5.409684 11.707007 3.940988 4.940988 1.940988 1.881976 10.203463 8.601343 4.680545 4.769718 4.680545
-1 1418354173.949141 5.27087 7.84315 4.980199 2.980199 3.980199 2.0 2.940988 0.0 8.219834 4.960397 3.980199 3.980199 3.980199
-1 1418354174.345133 3.678211 1.980199 5.980199 6.88429 7.0 6.0 0.0 0.940988 1.0 6.310677 3.0 7.0 3.0
-1 1418354174.550267 2.0 6.0 7.862951 13.26304 2.980199 5.803163 6.980199 1.0 3.730116 11.340915 10.688622 3.980199 10.688622
-1 1418354174.958887 1.980199 3.980199 2.980199 5.88429 2.0 7.594997 2.980199 2.980199 3.640554 11.461777 5.501792 2.922355 5.501792
-1 1418354175.374711 6.302773 2.980199 11.772896 8.239835 7.067995 4.933213 4.699174 3.82567 9.466216 3.980199 1.453768 4.397455 1.453768
-1 1418354175.599754 1.0 2.0 2.980199 8.785307 4.980199 4.902554 1.0 1.0 4.490607 3.921187 1.0 2.980199 1.0
-1 1418354175.958867 3.980199 8.45282 0.940988 0.0 0.0 1.0 15.578449 4.980199 15.216585 1.940988 0.0 0.0 0.0
-1 1418354176.342235 4.0 2.0 8.785307 9.979067 4.980199 4.980199 5.940988 3.426244 3.980199 6.980199 5.902554 4.980199 5.902554
-1 1418354176.542546 3.980199 2.980199 5.767043 5.823741 1.0 4.940988 5.82567 2.82873 3.980199 3.0 3.882753 1.0 3.882753
-1 1418354176.876471 1.0 1.623059 3.980199 1.0 1.980199 0.715651 0.0 2.507401 1.0 2.695849 3.0 0.0 3.0
-1 1418354177.093650 1.0 2.468908 3.922355 5.863343 5.864489 4.0 2.468908 1.0 5.573423 5.844711 4.844711 3.0 4.844711
-1 1418354177.442135 2.0 4.980199 0.0 3.0 2.0 2.0 4.642076 1.88429 6.864489 0.0 0.0 0.0 0.0
-1 1418354177.675066 1.0 2.0 3.940988 9.275625 3.940988 6.823741 2.0 1.0 3.940988 2.940988 6.921187 5.764729 6.921187
-1 1418354178.007321 0.0 3.0 3.940988 6.921187 1.940988 5.921187 5.156896 0.0 1.0 5.921187 5.921187 1.940988 5.921187
-1 1418354178.395148 0.0 1.0 3.940988 2.980199 6.921187 2.702824 1.0 0.0 2.882753 3.702824 3.980199 4.980199 3.980199
-1 1418354178.626471 0.0 2.980199 3.922355 4.790165 4.0 2.0 2.980199 0.0 1.0 4.864489 4.940988 9.84315 4.940988
-1 1418354179.025272 6.881976 2.980199 0.790997 0.790997 0.0 0.0 6.313089 4.533847 13.92748 1.827177 0.0 0.0 0.0
-1 1418354179.414155 1.0 2.980199 5.862175 7.578114 7.116157 2.940988 2.882753 0.0 0.0 1.940988 3.921187 2.980199 3.921187
-1 1418354179.660152 0.0 0.0 4.921187 1.0 4.980199 2.980199 1.0 0.0 0.0 4.980199 4.980199 3.0 4.980199
-1 1418354179.993885 0.940988 5.431485 3.0 2.0 2.0 0.0 4.827177 0.940988 2.940988 4.0 3.696913 2.0 3.696913
-1 1418354180.220601 2.922355 1.922355 6.586599 6.586599 5.980199 4.0 2.767827 2.863343 4.78646 8.179772 9.395497 3.980199 9.395497
-1 1418354180.617429 0.0 0.0 3.78646 5.483367 2.940988 5.881976 0.0 0.0 2.731985 6.375827 2.940988 2.940988 2.940988
-1 1418354181.016594 1.940988 3.824711 4.921187 6.341328 6.901385 3.152381 4.843826 1.0 3.130908 9.354519 8.771195 5.901385 8.771195
-1 1418354181.286488 3.267612 3.267612 8.921187 6.690905 1.980199 2.0 3.267612 3.267612 4.267612 3.902554 3.980199 1.0 3.980199
-1 1418354181.609174 2.940988 4.940988 3.980199 3.980199 1.980199 3.960397 4.940988 2.940988 0.940988 6.769326 1.980199 1.980199 1.980199
-1 1418354181.940555 8.350404 4.635292 2.940988 2.0 0.0 3.0 5.825278 4.921187 20.241479 3.940988 1.0 0.940988 1.0
-1 1418354182.193069 3.980199 4.921187 7.769718 5.845472 4.980199 5.960397 11.689767 7.671142 3.980199 9.940596 8.805869 4.980199 8.805869
-1 1418354182.448104 0.0 0.0 9.710314 8.617858 8.615574 6.636902 1.0 0.0 1.84694 5.654401 4.789128 9.536761 4.789128
-1 1418354182.692005 2.980199 2.0 2.980199 0.0 1.0 1.0 2.980199 2.980199 2.980199 1.980199 0.0 0.0 0.0
-1 1418354182.961474 1.882753 1.0 2.0 7.388844 1.0 4.0 2.0 2.0 0.0 3.845472 2.612747 1.0 2.612747
-1 1418354183.180743 1.881976 2.645334 5.862175 4.980199 2.940988 1.845472 1.74018 1.940988 3.940988 2.363137 2.980199 0.0 2.980199
-1 1418354183.530027 4.0 3.0 2.881976 5.096517 2.0 1.0 3.0 5.0 3.0 3.86678 4.0 2.0 4.0
-1 1418354183.779205 1.0 1.0 0.0 1.980199 1.0 2.0 1.0 2.0 3.940988 1.0 0.0 1.0 0.0
-1 1418354184.102384 0.0 3.807376 1.0 4.902554 2.980199 1.980199 1.980199 0.0 3.960397 3.921187 5.332423 2.980199 5.332423
-1 1418354184.465406 0.0 0.940988 5.921187 4.0 2.0 1.980199 0.940988 0.940988 0.0 2.980199 5.940988 2.0 5.940988
-1 1418354184.705185 0.0 0.0 2.0 10.597627 2.980199 3.940988 1.922355 0.940988 2.940988 2.829815 6.921187 1.0 6.921187
-1 1418354185.021012 4.300983 1.0 2.980199 3.0 2.0 2.0 2.882753 2.379797 11.983697 2.827177 2.980199 1.0 2.980199
-1 1418354185.230977 4.901385 4.551563 4.746857 5.881976 0.0 3.0 5.881976 0.940988 3.503337 3.940988 3.881976 1.0 3.881976
-1 1418354185.591286 2.0 6.970157 4.583456 4.881976 6.710706 1.0 5.00976 2.0 2.343613 4.882753 2.0 4.750309 2.0
-1 1418354185.816272 4.733899 4.747241 6.879244 7.445661 2.0 6.617446 6.618484 3.980199 2.0 3.524859 3.524859 0.0 3.524859
-1 1418354186.117410 3.0 1.845472 3.980199 4.571023 2.980199 3.980199 4.845472 3.0 2.980199 4.980199 4.980199 2.980199 4.980199
-1 1418354186.577900 2.980199 1.0 2.0 3.960397 5.940988 2.980199 2.0 1.0 4.171427 6.767043 1.980199 5.960397 1.980199
-1 1418354186.751629 2.813384 4.960397 6.76858 5.870365 0.0 1.0 8.824886 2.0 2.0 6.49388 2.0 1.0 2.0
-1 1418354187.120342 7.611738 12.773916 6.960397 3.980199 4.980199 4.0 16.656668 2.881976 4.603842 10.901385 3.940988 4.980199 3.940988
-1 1418354187.390938 2.940988 1.940988 3.728224 2.940988 0.0 2.0 1.940988 1.940988 4.825278 3.881976 1.0 0.0 1.0
-1 1418354187.676449 2.0 3.0 1.0 5.676751 3.0 5.0 2.0 2.0 4.845472 3.922355 1.0 2.0 1.0
-1 1418354187.968329 1.750309 2.0 2.863343 4.922355 1.0 2.0 5.633062 1.750309 5.651695 5.822964 3.0 2.0 3.0
-1 1418354188.207843 8.74532 3.0 6.960397 4.940988 0.0 2.0 4.0 7.78453 7.783362 1.0 5.921187 0.0 5.921187
-1 1418354188.593982 2.0 2.0 2.940988 3.741642 8.921187 5.517901 3.0 3.0 3.881976 6.005736 5.359909 3.741642 5.359909
-1 1418354188.820736 1.0 1.0 7.901385 3.940988 1.0 3.0 1.0 1.0 3.980199 2.0 4.940988 1.0 4.940988
-1 1418354189.165858 9.611738 5.323518 3.881976 1.881976 0.0 2.0 16.887211 9.611738 1.0 6.764729 1.881976 1.0 1.881976
-1 1418354189.415222 3.980199 2.0 5.383331 3.213969 0.0 1.0 1.827177 4.980199 2.0 3.882753 1.383331 1.0 1.383331
-1 1418354189.723148 4.710706 2.78646 1.980199 4.980199 0.0 3.980199 0.845472 1.882753 1.980199 2.980199 1.0 0.0 1.0
-1 1418354190.078891 2.940988 2.0 4.0 3.0 3.0 5.0 3.0 1.0 1.0 6.696595 3.940988 2.0 3.940988
-1 1418354190.303785 3.0 9.558454 3.881976 1.0 3.0 2.88429 11.018975 2.0 3.0 7.767043 5.0 4.0 5.0
-1 1418354190.674289 1.0 0.940988 6.940988 7.921187 8.881976 4.940988 3.827177 3.676048 0.0 7.921187 4.940988 7.881976 4.940988
-1 1418354190.950085 1.0 1.940988 1.0 3.607676 1.0 3.980199 0.790997 0.0 2.0 3.0 0.0 1.0 0.0
-1 1418354191.237905 7.960397 8.805869 2.980199 4.902554 4.940988 4.648377 8.789128 6.960397 14.649019 9.456175 3.980199 3.940988 3.980199
-1 1418354191.605050 3.292464 7.283748 5.676048 10.338538 2.0 3.0 7.679372 6.769326 2.789128 2.882753 2.0 2.0 2.0
-1 1418354191.847770 0.0 1.0 4.922355 4.960397 6.611738 5.748779 2.882753 0.0 0.940988 1.0 3.88429 4.807376 3.88429
-1 1418354192.166923 3.960397 6.62668 7.843542 11.563736 5.757025 7.921187 13.735301 3.960397 12.72208 8.084879 4.525997 6.757025 4.525997
-1 1418354192.486881 3.731985 5.940596 8.913617 10.351446 4.279998 3.279998 6.453768 4.640554 2.980199 3.279998 9.21748 4.279998 9.21748
-1 1418354192.793430 1.0 0.0 1.0 12.017414 4.980199 2.425194 1.661877 0.0 2.0 4.46661 3.82567 5.902554 3.82567
-1 1418354192.998702 4.0 5.881976 2.0 2.0 1.0 2.0 8.747634 3.0 4.980199 4.882753 4.940988 3.0 4.940988
-1 1418354193.248952 1.980199 1.980199 12.651333 14.496028 9.748779 3.88429 4.864489 0.0 3.652537 9.65287 12.45721 9.748779 12.45721
-1 1418354193.497243 4.691297 3.940988 7.863343 5.390878 3.82873 3.634599 2.940988 1.940988 6.514684 5.6181 6.394528 3.750309 6.394528
-1 1418354193.783134 2.0 0.0 3.980199 14.479211 8.765505 6.617036 1.0 2.0 2.0 1.980199 2.980199 1.881976 2.980199
-1 1418354194.040171 5.0 4.0 3.940988 4.872177 3.0 4.881976 5.882753 1.0 4.86678 8.610977 2.0 2.0 2.0
-1 1418354194.301529 7.625809 4.960397 4.500254 1.0 0.0 1.0 5.84315 2.980199 16.473327 5.384338 0.0 0.0 0.0
-1 1418354194.580796 5.0 4.0 2.0 6.273474 3.180599 4.34853 3.0 8.674495 4.0 4.82567 2.980199 1.88429 2.980199
-1 1418354194.845209 0.0 0.0 0.0 7.318149 2.0 2.0 0.0 0.0 1.0 2.980199 6.180566 2.940988 6.180566
-1 1418354195.163510 2.0 1.0 0.0 1.0 1.0 6.921187 1.980199 0.0 6.705815 6.921187 1.922355 1.0 1.922355
-1 1418354195.414201 2.88429 4.921187 5.960397 3.790997 2.980199 2.0 6.82567 1.789128 4.980199 2.0 1.0 2.0 1.0
-1 1418354195.764230 4.881976 5.823741 0.0 3.881976 1.578683 7.367065 12.744928 6.940988 5.881976 3.882753 0.0 0.0 0.0
-1 1418354196.012930 1.980199 1.980199 6.0 6.645742 3.0 2.0 1.980199 1.980199 3.921187 3.980199 3.0 3.0 3.0
-1 1418354196.334287 1.0 3.940988 3.940988 3.940988 2.0 1.940988 1.0 2.0 2.980199 2.0 4.940988 2.0 4.940988
-1 1418354196.715186 3.773781 2.0 2.940988 2.940988 3.921187 0.0 3.882753 5.65731 4.805869 0.940988 2.0 4.862175 2.0
-1 1418354196.949732 4.0 0.0 0.0 1.940988 1.0 2.0 0.940988 2.0 4.940988 3.940988 2.78646 1.0 2.78646
-1 1418354197.319937 2.0 1.0 0.0 5.960397 0.023744 5.960397 2.0 2.0 6.416191 5.714098 3.980199 0.0 3.980199
-1 1418354197.640617 0.32742 0.792519 2.980199 5.438909 4.980199 3.980199 4.208569 5.274459 3.694689 2.940988 0.0 3.980199 0.0
-1 1418354197.877842 1.0 1.0 0.0 3.715651 4.0 2.0 0.0 1.0 3.980199 1.0 1.275815 0.0 1.275815
-1 1418354198.235857 5.765505 4.748779 7.921187 5.881976 2.0 2.882753 5.709568 2.882753 12.515876 6.940988 6.46648 3.980199 6.46648
-1 1418354198.455511 3.980199 3.980199 5.960397 4.375941 5.980199 4.78646 3.980199 2.980199 5.960397 8.785699 3.0 4.980199 3.0
-1 1418354198.795147 2.940988 1.0 8.940596 4.733899 1.0 1.0 3.980199 1.940988 3.960397 5.940988 7.216694 1.0 7.216694
-1 1418354199.016660 0.0 2.0 4.980199 3.980199 2.0 4.0 3.0 0.0 1.0 6.771195 5.512499 3.0 5.512499
-1 1418354199.376607 3.980199 6.717422 5.882753 5.823741 4.823741 4.823741 6.802101 4.567258 7.494104 11.271317 6.803939 5.823741 6.803939
-1 1418354199.821057 2.326624 0.0 3.0 7.269121 4.921187 2.980199 2.674202 1.0 4.938152 1.0 2.0 3.940988 2.0
-1 1418354200.029533 0.0 0.940988 3.311254 10.402735 1.0 5.76858 0.940988 0.0 0.0 5.922355 2.0 0.0 2.0
-1 1418354200.349978 7.923806 3.922355 0.0 4.769718 0.0 1.0 2.578683 4.084888 9.190421 3.333757 1.940988 0.0 1.940988
-1 1418354200.638989 4.805869 2.845472 2.0 1.940988 3.922355 3.980199 4.980199 4.82567 14.156323 4.0 2.722479 3.0 2.722479
-1 1418354200.921162 1.70148 1.585009 2.940988 2.0 2.0 1.0 1.0 2.0 0.0 3.0 2.940988 1.922355 2.940988
-1 1418354201.246403 1.980199 0.0 2.980199 2.0 5.960397 2.0 0.0 1.0 1.0 2.940988 2.0 6.901385 2.0
-1 1418354201.483051 0.0 0.0 5.822964 3.921187 3.980199 3.0 0.0 0.845472 6.643919 2.845472 1.0 4.902554 1.0
-1 1418354201.910899 1.881976 2.921187 2.510782 8.938524 2.0 3.980199 0.940988 0.940988 1.881976 5.940988 6.054234 2.0 6.054234
-1 1418354202.139226 0.0 0.0 3.0 0.88429 3.0 2.88429 0.0 0.0 7.028415 5.529901 4.960397 3.0 4.960397
-1 1418354202.464596 3.765505 21.379707 5.546167 1.792519 0.792519 1.792519 21.4082 8.945792 1.275815 3.514021 1.676809 0.792519 1.676809
-1 1418354202.824317 0.0 0.0 2.0 6.825278 4.980199 2.88429 0.0 0.0 0.0 5.409023 6.785676 2.0 6.785676
-1 1418354203.121076 3.980199 2.882753 1.0 7.862175 4.076738 3.940988 3.805869 3.0 2.0 8.881976 5.940988 2.0 5.940988
-1 1418354203.344977 2.0 2.0 3.0 1.940988 3.0 0.0 3.0 2.0 2.652349 6.59092 3.0 2.0 3.0
-1 1418354203.578480 4.767827 4.882753 3.882753 3.862951 1.940988 0.940988 5.882753 4.767827 9.455285 2.882753 3.767043 2.940988 3.767043
-1 1418354203.966647 1.553624 4.0 2.507401 5.56945 1.940988 3.733507 10.4876 1.0 2.0 6.333866 1.980199 1.940988 1.980199
-1 1418354204.261922 5.845472 2.76858 4.423153 6.805108 1.0 8.745704 7.302137 5.0 9.750665 9.686692 1.922355 1.0 1.922355
-1 1418354204.522767 6.881976 4.312078 5.863343 1.0 3.940988 3.0 7.571374 4.881976 3.823741 6.850782 2.564047 3.0 2.564047
-1 1418354204.918345 1.0 0.0 2.0 6.882753 2.0 5.881976 1.660355 0.0 1.980199 9.284333 6.805869 3.0 6.805869
-1 1418354205.166887 0.0 0.0 3.0 6.350884 1.0 1.0 1.0 0.0 1.88429 5.578255 2.0 1.0 2.0
-1 1418354205.496624 3.690943 1.0 3.921187 4.0 1.0 0.0 3.0 4.690943 4.0 1.0 3.980199 1.0 3.980199
-1 1418354205.900729 2.980199 2.940988 4.651695 8.503225 4.405774 2.581646 5.710706 2.0 4.696913 3.710706 3.710706 1.789128 3.710706
-1 1418354206.102777 0.0 0.0 4.0 2.0 2.0 2.0 0.0 0.0 3.238135 3.940988 2.980199 2.980199 2.980199
-1 1418354206.426329 6.674202 2.980199 0.0 3.940988 0.0 2.940988 5.695073 3.0 4.787355 3.699174 2.0 0.0 2.0
-1 1418354206.756008 3.902554 1.980199 6.766266 8.805477 3.805869 6.844687 2.0 0.0 2.0 8.785676 5.864489 4.805869 5.864489
-1 1418354207.027689 1.0 0.0 3.980199 9.369723 1.980199 7.651695 0.0 3.960397 1.0 10.477365 4.805477 1.980199 4.805477
-1 1418354207.320079 2.940988 1.882753 1.0 0.940988 6.611738 0.0 2.882753 0.0 9.358356 1.940988 2.0 2.0 2.0
-1 1418354207.557595 8.671142 4.844711 4.0 5.862175 3.0 2.922355 4.844711 2.0 3.844711 3.688907 2.88429 1.0 2.88429
-1 1418354208.003325 2.0 3.0 2.0 0.0 0.0 0.0 5.0 2.0 2.0 1.940988 2.980199 1.0 2.980199
-1 1418354208.241769 3.0 2.0 4.273599 6.068895 4.864489 3.0 1.0 3.0 8.803269 3.940988 3.0 5.656247 3.0
-1 1418354208.544619 9.374017 6.671134 11.688622 6.514021 4.0 4.940988 3.922355 12.233242 8.394475 12.120103 4.960397 4.0 4.960397
-1 1418354208.937155 3.0 4.0 3.0 3.17231 0.0 2.940988 4.0 3.790997 2.0 9.676644 2.320105 0.0 2.320105
-1 1418354209.152581 2.0 2.0 2.569958 2.0 4.933596 2.940988 1.0 2.0 1.980199 7.674887 5.823741 2.921187 5.823741
-1 1418354209.479673 4.960397 3.960397 5.587875 3.0 1.0 1.0 3.960397 7.471463 4.960397 4.0 3.0 3.0 3.0
-1 1418354209.753315 1.922355 2.823741 0.940988 8.573963 3.714098 5.0 2.751394 1.922355 1.0 5.940988 2.0 3.863343 2.0
-1 1418354210.086980 3.940988 3.0 5.0 4.0 6.940596 6.0 1.7537 2.0 1.940988 4.0 4.88429 3.0 4.88429
-1 1418354210.444407 9.604594 4.829815 3.980199 6.656254 2.0 2.0 4.882753 3.625179 2.88429 2.553624 2.980199 1.0 2.980199
-1 1418354210.693873 0.0 6.882753 6.78453 1.922355 4.940988 3.921187 3.922355 7.728224 1.0 7.766266 2.845472 2.980199 2.845472
-1 1418354211.050671 1.0 4.940988 5.74532 9.647482 4.0 4.940988 3.940988 0.0 0.940988 3.881976 7.537062 3.0 7.537062
-1 1418354211.304886 2.922355 4.843542 8.279795 9.870887 0.0 6.924753 3.902554 2.922355 9.430648 9.535623 7.617428 0.0 7.617428
-1 1418354211.605429 0.0 2.881976 3.980199 2.881976 5.921187 2.940988 2.881976 0.0 8.098604 6.921187 0.940988 1.980199 0.940988
-1 1418354212.003878 6.634599 9.556954 6.823741 11.549278 6.882753 5.882753 6.789128 6.789128 5.789128 8.543913 5.882753 4.922355 5.882753
-1 1418354212.221847 1.0 1.0 1.0 6.558454 0.0 1.980199 3.070777 1.0 1.0 5.790213 2.223274 0.0 2.223274
-1 1418354212.598005 2.0 7.805869 1.0 0.0 0.0 0.0 9.710706 3.0 4.82567 0.0 0.0 0.0 0.0
-1 1418354212.962115 0.0 1.0 3.0 2.0 4.940988 2.0 3.366314 0.940988 5.293962 3.88429 2.940988 3.980199 2.940988
-1 1418354213.372745 0.0 1.0 3.0 6.270878 1.0 0.777476 2.940988 0.0 3.0 2.922355 2.0 0.940988 2.0
-1 1418354213.650772 1.0 3.823741 1.940988 0.0 4.589367 1.940988 5.679372 3.0 2.0 1.0 1.0 2.980199 1.0
-1 1418354213.925426 3.0 3.882753 8.692074 6.940988 5.922355 6.901385 6.745704 3.0 3.0 3.980199 4.902554 6.0 4.902554
-1 1418354214.150082 1.0 1.0 4.980199 5.773781 3.0 0.0 3.881976 1.0 1.0 2.78646 3.0 2.0 3.0
-1 1418354214.462639 4.0 4.750309 3.0 9.744151 7.882753 9.822964 3.940988 3.0 3.82567 10.705717 10.690521 5.940988 10.690521
-1 1418354214.720559 0.940988 6.536415 0.0 2.823741 2.0 0.0 11.518121 0.0 0.0 2.921187 3.751394 1.0 3.751394
-1 1418354215.075882 2.0 3.647871 3.823741 6.723735 1.882753 5.89556 5.588859 2.0 1.940988 5.314974 5.712184 0.0 5.712184
-1 1418354215.301310 4.823741 4.940988 6.786068 20.794013 11.216929 9.628457 4.940988 3.881976 5.823741 3.862951 7.803939 3.980199 7.803939
-1 1418354215.612354 2.750309 1.0 4.862175 1.0 10.572135 3.881976 2.940988 1.0 8.205051 7.842374 4.479617 7.689767 4.479617
-1 1418354216.024128 3.0 3.940988 4.717814 4.921187 3.776826 3.717814 7.308445 1.0 5.921187 2.776826 4.921187 3.776826 4.921187
-1 1418354216.266645 2.940988 2.825278 4.746857 8.45777 1.940988 7.45777 1.940988 2.940988 7.823741 9.924039 4.881976 1.940988 4.881976
-1 1418354216.665559 4.980199 3.980199 5.429305 2.980199 3.980199 6.901385 2.980199 2.0 3.980199 5.921187 3.980199 2.980199 3.980199
-1 1418354216.985886 3.980199 3.0 7.4876 4.940988 2.715651 3.940988 3.0 6.789128 5.980199 6.656639 1.0 2.980199 1.0
-1 1418354217.215624 1.980199 4.881976 2.980199 5.004132 3.659631 5.960397 4.862175 2.980199 3.902554 6.65547 1.980199 3.0 1.980199
-1 1418354217.490959 0.0 1.940988 2.88429 5.766266 4.767043 4.940988 4.960397 0.0 11.009533 8.202497 3.88429 4.882753 3.88429
-1 1418354217.735845 2.0 1.0 5.0 7.940596 3.845472 6.901385 2.0 2.0 4.659631 3.980199 6.0 3.82567 6.0
-1 1418354218.178738 1.940988 1.940988 5.681168 5.0 9.528863 6.922355 2.881976 2.881976 5.881976 2.0 1.0 4.940988 1.0
-1 1418354218.443661 3.0 3.862951 4.902554 0.940988 2.980199 2.82567 4.616652 2.882753 4.88429 4.960397 2.980199 3.980199 2.980199
-1 1418354218.745203 1.0 9.343458 3.845472 1.940988 3.790997 2.940988 16.483887 3.960397 1.881976 4.750309 5.437153 1.0 5.437153
-1 1418354219.108779 0.0 4.26724 7.510078 7.768051 7.671104 4.940988 6.208228 1.0 1.0 5.154244 6.203996 1.940988 6.203996
-1 1418354219.355875 6.300104 4.960397 2.0 3.701362 3.881976 4.765505 6.68156 4.417351 2.980199 2.0 1.0 1.0 1.0
-1 1418354219.701082 6.823741 12.170341 5.980199 4.980199 3.0 2.0 9.433132 4.940988 3.940988 6.467274 3.980199 2.0 3.980199
-1 1418354219.979648 2.0 1.940988 0.0 8.592329 1.0 2.881976 0.940988 2.0 2.0 3.881976 3.78646 0.0 3.78646
-1 1418354220.272236 1.0 2.88429 4.78646 0.0 0.0 0.940988 6.730116 2.0 6.601343 1.940988 0.0 1.88429 0.0
-1 1418354220.632126 9.179177 6.673749 2.882753 1.0 2.0 2.88429 7.519974 2.882753 1.940988 6.61626 2.0 3.0 2.0
-1 1418354220.857239 0.0 3.790997 4.0 3.0 3.0 3.0 2.790997 0.388352 3.0 4.940988 5.0 3.0 5.0
-1 1418354221.279878 2.0 2.0 3.940988 3.921187 7.822964 3.980199 3.0 1.0 3.940988 3.980199 2.980199 4.921187 2.980199
-1 1418354221.546056 0.0 2.0 2.0 2.882753 2.0 1.940988 2.0 2.0 5.269793 4.0 1.0 2.0 1.0
-1 1418354221.809702 2.940988 8.404105 3.980199 5.803939 4.78646 1.0 16.076797 1.940988 1.0 5.921187 3.823741 2.0 3.823741
-1 1418354222.160495 0.940988 1.940988 5.48859 8.965557 3.980199 3.599941 2.863343 4.751394 2.980199 1.0 6.786068 0.0 6.786068
-1 1418354222.394061 0.940988 1.845472 1.940988 5.384948 2.0 6.967696 5.579371 3.960397 1.980199 4.960397 1.0 2.0 1.0
-1 1418354222.739424 2.0 2.980199 3.940988 5.313077 1.0 0.0 5.766658 3.0 4.922355 4.790997 4.882753 1.0 4.882753
-1 1418354222.928928 10.689448 7.306641 5.382201 6.87487 1.0 2.0 8.444974 7.212016 7.241505 3.980199 3.296615 1.0 3.296615
-1 1418354223.333644 3.921187 2.722479 0.0 0.0 7.483358 1.76858 2.940988 1.940988 3.0 1.76858 0.0 2.0 0.0
-1 1418354223.566260 1.0 0.0 6.846979 4.771195 4.980199 3.980199 0.0 0.0 6.808048 4.980199 4.980199 3.980199 4.980199
-1 1418354223.821238 2.882753 1.0 3.0 5.0 7.0 3.980199 1.0 2.882753 2.980199 7.862175 3.0 4.980199 3.0
-1 1418354224.176401 1.0 2.940988 3.0 5.980199 1.940988 2.0 1.881976 3.329882 4.748779 2.0 3.940988 1.940988 3.940988
-1 1418354224.413952 2.0 1.0 2.881976 6.940596 1.0 6.940596 2.0 1.0 2.623059 1.88429 1.0 2.980199 1.0
-1 1418354224.730484 1.0 0.0 2.507349 2.980199 0.0 5.706493 1.0 1.0 5.99331 6.765505 1.881976 1.881976 1.881976
-1 1418354224.940012 2.980199 2.980199 4.805869 2.805869 0.0 0.0 4.562192 2.980199 9.399773 1.980199 3.805869 0.0 3.805869
-1 1418354225.307918 0.0 0.845472 4.78646 3.881976 10.708031 1.845472 3.82567 0.845472 3.0 0.940988 1.845472 8.497166 1.845472
-1 1418354225.509001 3.940988 7.606516 9.842374 7.878939 5.960397 8.134767 7.921187 3.940988 5.881976 7.940596 3.921187 6.940596 3.921187
-1 1418354225.814152 7.150216 6.546705 1.0 2.0 1.0 1.0 7.796396 9.993374 3.980199 3.0 1.940988 1.0 1.940988
-1 1418354226.209528 2.921187 1.322181 2.0 5.0 3.0 3.0 1.0 2.921187 1.0 4.980199 1.0 3.0 1.0
-1 1418354226.444523 0.0 0.940988 8.767043 11.783362 10.293809 5.921187 3.882753 0.0 3.0 3.882753 4.940988 6.602865 4.940988
-1 1418354226.844561 4.706493 6.130356 1.940988 4.12365 1.0 4.960397 13.695516 1.0 4.57692 2.980199 1.0 2.0 1.0
-1 1418354227.111961 2.0 1.86678 3.0 3.980199 5.584891 3.980199 1.0 1.0 0.7537 4.980199 2.0 2.750309 2.0
-1 1418354227.421083 1.0 2.940988 2.980199 2.0 6.480817 4.980199 1.0 1.0 3.940988 4.960397 0.0 0.0 0.0
-1 1418354227.782310 1.0 3.623059 2.0 5.227435 2.0 0.0 1.7537 1.0 0.0 4.0 3.338145 3.0 3.338145
-1 1418354228.017116 6.178734 8.178734 5.708031 2.0 4.0 2.0 12.304297 3.881976 7.071237 7.6043 3.0 3.0 3.0
-1 1418354228.407720 4.901385 4.881976 4.827177 2.940988 4.827177 2.940988 4.881976 1.940988 0.940988 3.921187 3.940988 2.827177 3.940988
-1 1418354228.715767 1.0 1.0 2.0 3.805869 1.940988 7.61434 1.0 1.0 3.538094 8.426357 2.980199 1.0 2.980199
-1 1418354228.965085 16.443945 2.882753 8.805869 2.0 5.0 4.940988 0.88429 21.524196 9.84315 3.940988 3.940988 4.0 3.940988
-1 1418354229.408464 2.0 2.0 4.634147 7.671496 5.268256 2.940988 4.88429 5.728224 2.940988 4.823741 1.0 3.882753 1.0
-1 1418354229.696839 3.980199 1.0 4.0 3.921187 6.0 2.940988 2.0 2.0 3.311649 4.940988 2.940988 4.940988 2.940988
-1 1418354229.986106 6.940596 6.940596 3.980199 2.0 0.0 2.881976 4.980199 6.940596 6.786068 3.823741 3.0 1.0 3.0
-1 1418354230.386375 1.0 3.940988 6.178949 11.575195 8.862378 3.772718 7.710314 2.0 2.980199 2.980199 11.805477 1.0 11.805477
-1 1418354230.611231 4.725524 5.0 2.980199 2.0 1.980199 1.980199 6.0 3.0 5.78646 3.5312 2.0 2.980199 2.0
-1 1418354230.976467 1.940988 1.0 4.0 3.980199 3.980199 4.507401 1.738658 1.940988 3.881976 5.507401 2.980199 1.0 2.980199
-1 1418354231.334485 0.0 3.500618 2.980199 2.0 6.690943 3.922355 4.500618 0.845472 2.0 2.0 1.980199 1.845472 1.980199
-1 1418354231.578080 5.531523 1.0 1.0 5.049576 0.0 3.0 2.0 1.0 1.0 6.921187 1.0 0.0 1.0
-1 1418354231.968790 3.0 5.768165 2.0 6.78646 2.0 0.715651 9.472609 1.0 7.243666 5.597627 4.78646 3.0 4.78646
-1 1418354232.203306 4.598448 3.65746 7.268784 4.921187 1.940988 3.980199 4.598448 4.598448 9.408653 4.313613 7.873447 1.0 7.873447
-1 1418354232.481920 3.0 2.0 7.654355 9.5356 11.494491 3.708815 2.0 3.0 4.675272 7.804332 5.921187 6.72744 5.921187
-1 1418354232.712713 3.827177 0.0 4.960397 4.980199 4.844711 4.0 1.0 1.980199 0.0 4.940988 6.610486 5.844711 6.610486
-1 1418354233.002572 3.0 3.0 1.980199 0.0 0.0 0.0 3.0 3.0 4.0 4.88429 0.940988 1.0 0.940988
-1 1418354233.352936 3.940988 3.940988 2.940988 1.980199 6.921187 3.940988 2.0 3.940988 9.614345 7.710314 6.53908 6.940988 6.53908
-1 1418354233.615174 2.980199 2.980199 4.901385 13.179855 2.980199 7.105316 3.980199 2.980199 3.960397 3.772718 3.960397 2.980199 3.960397
-1 1418354233.968491 4.823741 2.980199 7.523306 4.980199 4.960397 4.980199 1.980199 1.980199 5.691386 7.733899 4.980199 2.980199 4.980199
-1 1418354234.308082 1.980199 2.0 3.690943 5.674495 7.881976 1.980199 9.390878 3.369092 1.0 2.733507 4.921187 2.0 4.921187
-1 1418354234.575271 2.0 4.960397 5.980199 8.244718 3.940988 3.940988 1.0 1.0 1.940988 3.940988 2.980199 5.0 2.980199
-1 1418354234.924045 3.940988 5.598448 12.803163 2.0 4.881976 7.881976 14.367398 5.598448 8.557723 12.862175 4.0 4.881976 4.0
-1 1418354235.256654 3.0 1.0 3.960397 8.733899 2.671555 8.216411 3.0 2.0 4.26018 9.184002 4.189365 1.691356 4.189365
-1 1418354235.567075 1.0 0.845472 0.0 4.922355 8.84315 3.960397 0.940988 0.0 2.882753 0.940988 1.980199 4.882753 1.980199
-1 1418354235.895464 6.770803 9.881976 4.940988 0.0 2.769718 1.940988 11.602865 5.940988 10.479552 5.919277 1.980199 2.769718 1.980199
-1 1418354236.173306 1.0 2.587875 1.0 2.882753 1.825278 5.688622 0.0 1.0 2.0 2.767043 2.805869 1.882753 2.805869
-1 1418354236.542810 1.0 3.477374 5.545288 1.882753 3.863343 0.940988 3.385339 1.980199 2.882753 3.940988 3.882753 3.940988 3.882753
-1 1418354236.919437 2.827177 6.773781 1.0 3.690943 2.0 1.0 8.298336 1.940988 1.940988 3.0 3.980199 2.0 3.980199
-1 1418354237.146593 0.0 1.0 4.0 5.024124 4.940988 3.998802 1.0 0.0 0.0 5.932771 3.980199 3.940988 3.980199
-1 1418354237.543380 2.0 1.940988 9.952368 9.273452 2.845472 3.845472 4.805869 1.0 3.980199 4.3907 7.669212 2.845472 7.669212
-1 1418354237.778357 4.82567 3.0 1.940988 1.940988 5.479889 0.0 5.0 2.88429 2.0 2.0 1.0 1.0 1.0
-1 1418354238.090910 3.0 4.654355 3.940988 6.882753 3.88429 4.0 6.57671 1.0 4.0 4.922355 5.882753 3.88429 5.882753
-1 1418354238.482565 2.0 3.0 2.0 5.960397 2.0 2.980199 2.0 1.0 1.0 1.0 1.0 3.0 1.0
-1 1418354238.745848 1.0 2.0 2.0 4.259052 3.0 3.0 2.0 2.882753 1.0 4.376899 2.0 3.0 2.0
-1 1418354239.078168 1.0 6.749525 11.881976 8.378394 12.706493 5.960397 9.348703 1.0 3.940988 7.901385 7.844687 7.901385 7.844687
-1 1418354239.453301 5.960397 2.0 2.980199 5.0 3.0 3.0 4.0 4.0 5.717422 5.0 3.0 3.0 3.0
-1 1418354239.709663 1.980199 1.922355 0.0 9.331231 3.0 5.771195 1.0 2.980199 1.0 4.960397 3.980199 4.0 3.980199
-1 1418354240.058756 7.652863 9.493239 4.882753 4.0 4.901385 6.881976 8.454509 6.902554 6.748026 11.514292 3.138074 3.921187 3.138074
-1 1418354240.319384 3.0 1.0 2.921187 2.0 0.0 1.0 2.715694 2.0 6.395643 3.676048 5.960397 0.0 5.960397
-1 1418354240.651083 2.702824 1.0 5.766658 5.844166 5.940596 3.0 1.940988 1.0 3.940988 2.878993 5.017562 3.0 5.017562
-1 1418354240.977079 8.930925 5.980199 2.980199 1.0 5.260117 1.940988 7.940596 8.837878 8.451611 6.394121 1.0 1.980199 1.0
-1 1418354241.237512 1.0 3.764729 2.536415 7.597627 1.0 3.392211 3.764729 0.0 3.0 2.940988 0.88429 1.0 0.88429
-1 1418354241.718653 1.0 1.940988 4.690936 4.922355 5.863343 2.922355 2.863343 0.940988 2.0 3.902554 3.922355 5.78646 3.922355
-1 1418354241.955095 2.0 2.940988 3.921187 6.246267 3.881976 7.648258 2.940988 2.0 3.150526 4.749533 5.940988 3.881976 5.940988
-1 1418354242.224730 8.557263 9.597627 2.980199 4.431301 1.50913 5.737223 9.050545 7.559569 6.708423 5.980199 3.0 1.0 3.0
-1 1418354242.566263 3.980199 0.0 6.940596 5.980199 1.0 1.0 1.980199 3.980199 2.940988 1.0 2.0 1.0 2.0
-1 1418354242.822072 2.0 1.0 2.226074 10.830098 6.611738 5.597627 2.0 1.0 0.0 3.922355 4.408544 2.0 4.408544
-1 1418354243.197916 15.493911 6.402723 4.564047 3.603257 0.0 0.0 11.230316 15.616357 11.99445 11.560782 3.279697 1.980199 3.279697
-1 1418354243.549313 3.0 1.0 1.940988 4.0 3.0 2.0 1.0 3.0 2.0 3.980199 2.0 3.0 2.0
-1 1418354243.821270 1.940988 1.0 3.0 4.980199 1.0 3.0 0.0 0.940988 1.0 1.0 1.0 1.940988 1.0
-1 1418354244.171361 0.0 7.674363 2.0 3.0 1.0 3.0 5.512499 0.0 8.06206 2.0 3.0 3.922355 3.0
-1 1418354244.566705 2.940988 4.940988 2.0 14.116925 4.881976 6.827177 3.980199 2.0 4.980199 5.672649 1.0 4.881976 1.0
-1 1418354244.797431 7.336403 0.790997 3.0 3.238895 0.0 1.922355 1.0 4.470369 6.640605 1.922355 0.0 2.980199 0.0
-1 1418354245.154534 3.881976 4.940988 4.0 2.980199 2.0 3.0 4.940988 1.0 2.750309 4.960397 3.980199 2.0 3.980199
-1 1418354245.469641 0.0 1.789128 3.76858 9.486786 7.901385 3.980199 4.456175 1.0 1.0 2.980199 3.0 4.921187 3.0
-1 1418354245.740756 1.0 2.0 3.881976 7.354046 0.0 2.531082 2.0 1.0 0.790997 0.940988 6.207284 0.0 6.207284
-1 1418354246.110003 3.921187 1.0 8.980199 6.0 5.922355 6.921187 3.980199 2.0 1.0 7.673418 7.86678 8.882753 7.86678
-1 1418354246.363255 4.823741 2.522982 3.882753 0.0 0.0 1.0 1.0 5.823741 2.626909 1.0 1.0 0.0 1.0
-1 1418354246.714172 1.980199 2.940988 2.0 14.965373 6.656639 11.188569 2.389686 0.0 0.0 4.667788 5.589367 5.715651 5.589367
-1 1418354247.001703 3.0 2.940988 2.0 2.88429 4.0 3.0 1.0 1.0 5.117541 2.0 1.0 1.0 1.0
-1 1418354247.290866 6.921187 9.856327 3.41776 3.41776 1.0 1.0 5.694296 3.921187 6.881976 2.0 6.279926 2.940988 6.279926
-1 1418354247.686972 1.0 2.881976 1.940988 2.940988 5.921187 2.88429 4.765505 0.0 1.837587 1.0 1.0 4.921187 1.0
-1 1418354248.037602 0.0 1.980199 3.0 7.377774 0.0 5.676048 1.980199 0.0 5.710314 2.0 1.980199 2.0 1.980199
-1 1418354248.339680 4.882753 2.842569 5.882753 8.981724 2.0 7.507401 3.172927 1.0 8.674495 7.507401 4.882753 2.0 4.882753
-1 1418354248.730054 3.940988 2.807768 5.623709 5.710706 5.143072 4.960397 1.940988 1.0 3.0 2.980199 1.0 2.980199 1.0
-1 1418354248.965976 4.805869 1.0 1.980199 9.148041 1.980199 7.920795 1.940988 1.88429 4.82567 11.410633 4.940988 2.980199 4.940988
-1 1418354249.274655 0.0 2.63723 5.960397 2.612747 3.0 2.845472 1.845472 0.0 7.881976 7.746857 11.592945 4.0 11.592945
-1 1418354249.635314 1.510999 1.845472 3.940988 5.882753 5.804332 4.862951 1.922355 0.845472 2.805869 7.745704 4.960397 6.862951 4.960397
-1 1418354249.922986 2.0 3.0 1.0 3.0 1.0 1.940988 3.960397 1.0 0.0 0.940988 0.940988 1.0 0.940988
-1 1418354250.288213 2.0 9.542391 5.601343 1.940988 2.0 6.940596 11.989525 3.25794 2.980199 11.393078 6.822964 1.0 6.822964
-1 1418354250.702814 1.0 2.845472 3.0 5.772718 2.940988 2.0 5.980199 1.0 2.0 6.100609 9.601609 2.0 9.601609
-1 1418354250.960012 3.845472 1.0 2.882753 5.763952 1.0 2.0 2.0 3.0 1.7537 2.0 2.940988 1.0 2.940988
-1 1418354251.321991 1.881976 9.220049 5.980199 2.980199 1.0 3.827177 7.308943 0.940988 0.0 2.922355 3.980199 1.0 3.980199
-1 1418354251.755734 1.0 0.940988 1.0 3.940988 5.094283 6.921187 1.980199 1.0 3.980199 3.921187 1.940988 1.940988 1.940988
-1 1418354251.999839 0.0 0.940988 2.980199 4.601391 1.0 1.0 2.921187 1.0 2.0 4.3459 1.0 0.0 1.0
-1 1418354252.331564 12.592318 10.765505 4.507401 0.0 1.715651 2.0 9.964701 16.000894 5.960397 3.980199 2.0 2.0 2.0
-1 1418354252.719255 0.0 0.0 2.980199 3.0 1.0 2.980199 8.56487 1.0 1.0 2.0 2.940988 2.0 2.940988
-1 1418354252.950037 4.579371 4.0 4.940988 5.611818 0.0 2.0 5.960397 3.980199 4.980199 2.733507 2.0 0.0 2.0
-1 1418354253.310781 1.0 2.0 2.940988 3.88429 3.980199 1.922355 4.0 1.70148 2.980199 2.922355 4.0 3.940988 4.0
-1 1418354253.619496 5.88429 3.88429 3.845472 3.690943 1.0 2.845472 9.970176 7.249501 4.960397 2.595781 2.845472 1.0 2.845472
-1 1418354253.917719 1.0 2.0 5.383371 3.980199 2.0 4.789128 1.0 1.0 1.0 3.715651 1.0 0.0 1.0
-1 1418354254.145700 5.661759 2.940988 0.940988 1.881976 0.940988 3.881976 4.822964 3.940988 7.293051 2.940988 4.768165 0.940988 4.768165
-1 1418354254.427109 1.940988 0.0 3.689893 1.689893 1.980199 0.0 1.980199 0.940988 2.940988 1.980199 3.394181 1.980199 3.394181
-1 1418354254.745557 3.0 6.270685 5.0 6.827139 2.980199 5.980199 3.0 4.980199 3.940988 8.146674 4.454678 1.0 4.454678
-1 1418354254.979270 2.980199 0.0 6.803939 7.786068 3.940988 2.980199 0.0 2.980199 0.0 1.980199 2.980199 2.980199 2.980199
-1 1418354255.298400 1.0 2.0 1.980199 1.881976 3.822964 3.65278 2.0 1.0 1.980199 5.707254 0.0 1.881976 0.0
-1 1418354255.567340 2.0 5.63723 2.940988 3.960397 3.0 2.0 3.0 0.0 3.882753 6.0 4.980199 3.980199 4.980199
-1 1418354255.879832 2.88429 1.0 2.0 2.776826 2.0 1.0 0.845472 2.0 1.0 1.0 2.0 0.0 2.0
-1 1418354256.142460 2.0 1.0 8.631931 12.763952 4.0 4.0 1.940988 1.0 5.921187 4.922355 6.804332 3.0 6.804332
-1 1418354256.434654 2.7537 7.063289 5.647987 2.980199 3.0 3.647987 7.966247 2.0 3.0 7.529963 2.737223 0.667788 2.737223
-1 1418354256.800353 4.881976 3.0 3.940988 4.940988 0.0 2.792519 5.960397 3.881976 5.960397 8.55764 2.980199 2.790997 2.980199
-1 1418354257.072524 7.597627 3.882753 4.727448 3.845472 3.605366 3.0 2.0 5.805108 5.651695 6.0 2.845472 2.0 2.845472
-1 1418354257.418007 3.882753 3.940988 8.786068 9.866466 5.0 2.0 3.661759 0.0 8.765505 7.805869 2.922355 4.921187 2.922355
-1 1418354257.818922 3.0 3.980199 1.882753 2.0 7.764729 2.0 2.0 3.0 3.0 5.882753 1.0 1.881976 1.0
-1 1418354258.062081 5.494104 1.647871 6.100774 2.0 7.882753 2.940988 8.435092 5.494104 9.395881 4.346685 3.0 6.882753 3.0
-1 1418354258.442653 16.363857 12.003456 3.980199 2.0 3.0 4.769718 17.695098 22.658369 11.319612 4.789128 4.342393 2.0 4.342393
-1 1418354258.815144 13.772353 8.502788 2.940988 9.127627 10.83514 6.694296 7.502788 10.769041 12.88678 6.921187 0.940988 8.920795 0.940988
-1 1418354259.032895 0.940988 2.82567 3.386866 12.743376 6.917594 6.303625 6.390878 2.940988 2.663312 7.210607 8.005071 1.305856 8.005071
-1 1418354259.422026 3.922355 5.980199 7.690943 1.0 3.980199 3.0 17.530377 4.960397 5.845472 4.0 4.0 3.0 4.0
-1 1418354259.801641 0.0 2.0 5.542661 2.0 2.940988 3.0 3.845472 1.882753 4.0 2.0 3.542661 2.0 3.542661
-1 1418354260.049696 0.0 4.960397 1.882753 14.43284 6.84315 7.003677 6.786068 1.980199 1.78646 6.728224 6.633062 1.882753 6.633062
-1 1418354260.373428 3.236302 1.940988 3.750309 1.0 1.0 3.960397 2.825278 1.0 2.0 6.940596 3.980199 1.0 3.980199
-1 1418354260.699101 0.0 3.940988 4.940988 2.0 3.980199 1.0 3.882753 0.0 0.845472 4.691297 2.0 3.980199 2.0
-1 1418354261.008468 2.0 4.695849 5.556502 2.0 4.0 3.882753 6.823741 5.960397 6.637901 3.598403 4.598403 1.0 4.598403
-1 1418354261.349689 8.353622 1.980199 3.921187 3.921187 1.0 6.901385 2.928766 5.470869 13.342655 11.836381 2.980199 1.0 2.980199
-1 1418354261.599494 4.960397 9.202946 2.789128 0.0 1.0 2.0 5.660843 3.0 6.901385 2.909814 1.0 1.0 1.0
-1 1418354262.012485 8.766266 5.882753 2.940988 3.881976 1.940988 2.881976 10.690513 6.862951 2.940988 5.881976 1.940988 1.881976 1.940988
-1 1418354262.353205 3.0 4.0 3.922355 8.711792 3.0 7.842374 3.980199 4.980199 11.986875 10.862175 5.882753 4.0 5.882753
-1 1418354262.592190 7.257922 9.32973 1.82873 2.0 4.0 1.0 5.803163 2.940988 4.718857 5.980199 0.0 3.940988 0.0
-1 1418354263.010634 5.902554 2.882753 2.0 3.980199 3.980199 2.362545 2.882753 3.0 3.980199 6.358347 2.980199 5.980199 2.980199
-1 1418354263.304723 2.0 4.980199 1.940988 7.392504 1.0 3.0 2.980199 2.0 3.0 8.191375 3.922355 1.0 3.922355
-1 1418354263.577870 6.236386 10.87096 11.036661 3.386866 5.765505 4.706493 7.988207 9.028144 8.526411 9.093359 2.386866 4.765505 2.386866
-1 1418354264.038105 3.882753 3.0 1.980199 0.0 3.980199 0.0 1.0 2.0 0.0 0.0 0.0 3.0 0.0
-1 1418354264.281154 2.0 1.0 5.901385 8.655086 3.0 4.7537 1.0 3.0 1.0 5.580328 3.881976 3.0 3.881976
-1 1418354264.559639 4.765505 6.354215 6.960397 5.882753 2.0 3.0 15.426888 6.501237 5.765505 6.921187 3.0 0.0 3.0
-1 1418354264.834858 5.921187 5.940988 3.921187 2.0 3.922355 4.882753 6.921187 4.921187 2.640162 2.0 3.980199 3.940988 3.980199
-1 1418354265.128732 0.0 4.52152 3.0 9.304337 1.980199 2.458579 2.827177 0.0 1.792519 3.980199 3.88429 1.980199 3.88429
-1 1418354265.465770 2.663221 2.0 0.845472 4.960397 3.960397 3.980199 4.276953 0.0 7.152669 3.980199 3.82567 5.940596 3.82567
-1 1418354265.853161 3.940988 6.720861 4.921187 3.940988 1.0 2.0 7.921187 4.980199 3.921187 4.940988 3.940988 1.0 3.940988
-1 1418354266.145034 0.0 1.0 3.0 8.789128 5.88429 6.980199 2.0 0.0 0.0 11.766266 3.980199 6.980199 3.980199
-1 1418354266.501506 6.805869 5.805869 10.221703 12.436063 3.980199 1.980199 4.805869 5.805869 5.805869 4.882753 12.842374 3.980199 12.842374
-1 1418354266.915024 7.881584 6.940596 3.0 4.82567 5.845472 2.980199 9.004427 9.716694 8.881584 6.82567 5.980199 4.0 5.980199
-1 1418354267.207246 1.940988 0.0 2.980199 4.960397 5.863343 4.0 1.0 1.0 0.0 4.469728 4.0 3.0 4.0
-1 1418354267.538710 0.0 1.0 1.940988 4.921187 6.84315 7.921187 2.825278 0.0 0.0 8.539391 0.940988 3.921187 0.940988
-1 1418354267.896088 5.844711 9.463661 2.940988 1.980199 2.0 1.0 9.393826 7.439618 8.049079 3.940988 2.980199 1.0 2.980199
-1 1418354268.155999 0.0 4.980199 2.0 3.980199 4.028242 3.813384 7.825278 1.0 1.980199 4.882753 3.921187 3.0 3.921187
-1 1418354268.505256 0.0 2.864489 7.882753 5.940988 3.0 5.940988 1.940988 0.0 1.940988 4.960397 7.786844 2.0 7.786844
-1 1418354268.755417 5.980199 6.652863 4.862175 9.318753 4.960397 5.940596 6.924482 3.980199 3.595252 6.330799 9.338554 4.980199 9.338554
-1 1418354269.139075 4.583345 11.267833 1.940988 4.922355 2.0 8.752171 3.980199 3.699055 10.594997 7.673418 3.0 1.0 3.0
-1 1418354269.508285 4.845472 5.751394 0.0 3.329877 0.0 3.0 4.571119 2.0 7.046422 3.980199 1.0 0.0 1.0
-1 1418354269.741327 0.0 4.960397 3.854388 1.789128 1.47521 1.789128 4.807376 0.0 4.480071 8.350868 7.140331 1.47521 7.140331
-1 1418354270.145237 0.0 1.881976 3.980199 9.844369 2.980199 4.960397 6.502084 0.715651 1.0 4.980199 4.921187 2.980199 4.921187
-1 1418354270.437177 0.0 5.793583 2.940988 4.881976 5.940988 4.881976 3.980199 0.0 0.0 6.727448 3.940988 5.881976 3.940988
-1 1418354270.733539 1.980199 0.0 14.3426 13.631931 14.629994 9.62768 1.0 1.0 2.0 11.725903 7.480817 14.466867 7.480817
-1 1418354271.158595 1.980199 0.940988 1.980199 3.960397 3.960397 5.960397 4.940988 3.507638 4.377993 5.718975 2.64351 3.960397 2.64351
-1 1418354271.423363 1.940988 1.881976 4.772718 7.435939 3.960397 4.664743 6.844687 0.940988 9.25821 5.810014 5.934918 6.84315 5.934918
-1 1418354271.735521 11.236976 10.121266 2.0 3.126225 1.750309 1.0 12.082447 10.197373 13.888771 1.0 1.0 0.0 1.0
-1 1418354272.168655 4.921187 4.0 6.882753 9.778546 4.980199 1.0 4.960397 3.980199 6.921187 6.940596 2.980199 1.0 2.980199
-1 1418354272.434143 7.766266 8.862175 2.940988 6.863343 2.0 4.902554 4.822964 6.862951 20.495327 9.542331 4.0 2.0 4.0
-1 1418354272.754186 5.378141 5.882753 6.757675 4.960397 6.940596 2.980199 8.525605 2.0 3.882753 4.960397 8.533933 2.980199 8.533933
-1 1418354273.197083 3.940988 3.650044 1.0 10.824024 4.960397 7.333392 3.0 3.0 3.0 4.715651 3.921187 4.0 3.921187
-1 1418354273.414031 1.882753 1.0 1.0 3.881976 3.765505 2.881976 2.980199 0.0 2.0 2.940988 2.0 0.0 2.0
-1 1418354273.737650 5.940988 6.449726 0.0 1.980199 1.980199 0.0 9.390714 3.940988 4.940988 8.329552 0.88429 1.980199 0.88429
-1 1418354274.163657 0.940988 1.0 6.844711 11.364751 8.656308 10.364751 1.882753 0.940988 1.940988 5.401647 1.940988 7.825278 1.940988
-1 1418354274.402871 1.715651 2.0 1.715651 4.789128 0.845472 1.825278 9.656247 1.715651 4.27414 3.656639 2.0 0.845472 2.0
-1 1418354274.674132 1.0 0.0 3.0 5.980199 0.0 0.0 4.230291 0.0 2.0 3.980199 4.980199 0.0 4.980199
-1 1418354274.967457 3.862175 3.862175 4.862175 2.0 7.862951 4.960397 1.881976 3.862175 2.881976 6.705717 2.0 5.960397 2.0
-1 1418354275.268403 0.0 2.0 3.631931 7.162414 3.881976 8.066105 2.78646 0.0 0.0 4.823741 2.980199 1.940988 2.980199
-1 1418354275.597147 0.0 0.0 3.0 4.921187 0.940988 0.940988 1.0 0.0 5.54587 1.0 3.940988 1.0 3.940988
-1 1418354275.854027 2.0 3.0 5.864489 2.980199 5.940988 3.864489 3.940988 4.844711 1.88429 2.980199 1.980199 4.0 1.980199
-1 1418354276.247494 3.921187 3.0 1.0 2.0 2.0 0.0 2.0 2.980199 1.980199 1.0 3.980199 0.0 3.980199
-1 1418354276.524611 2.863343 2.0 1.0 2.76858 3.765505 5.611738 6.922355 1.922355 4.823741 1.789128 1.0 0.0 1.0
-1 1418354276.837172 8.606008 2.940988 6.526263 5.862951 4.980199 2.921187 6.706493 9.543921 2.429217 1.980199 3.980199 4.0 3.980199
-1 1418354277.230752 3.0 4.0 3.0 4.0 3.0 4.0 3.0 3.0 5.560619 4.0 3.0 2.0 3.0
-1 1418354277.532353 4.921187 3.862175 2.980199 4.0 4.0 2.0 5.240715 2.980199 6.598298 4.980199 6.902554 3.980199 6.902554
-1 1418354277.860033 3.940988 10.671104 2.980199 2.0 1.0 1.0 7.637583 5.842374 0.940988 1.0 2.0 1.0 2.0
-1 1418354278.257531 0.0 0.0 3.940988 7.30479 4.015588 3.0 0.0 1.0 1.881976 3.940988 8.751394 1.0 8.751394
-1 1418354278.539847 2.0 3.0 4.67188 5.478577 6.882753 8.618484 2.0 2.0 3.268341 7.767043 5.054595 7.882753 5.054595
-1 1418354278.859898 3.980199 9.010237 3.596621 1.0 1.0 2.0 11.090815 6.940596 0.940988 8.173047 3.921187 2.0 3.921187
-1 1418354279.240036 3.0 1.0 3.746857 4.777476 4.82567 5.602755 2.690943 3.0 0.845472 4.587875 4.593133 3.864489 4.593133
-1 1418354279.536663 1.0 1.980199 1.940988 8.404257 1.0 3.766658 1.980199 1.0 1.0 2.82567 5.655086 1.0 5.655086
-1 1418354279.869543 1.0 1.940988 1.940988 1.0 1.0 2.0 2.687354 0.0 3.617036 1.88429 0.0 1.0 0.0
-1 1418354280.254806 7.901385 11.535216 2.980199 5.334576 1.980199 1.980199 8.519877 3.642962 4.901385 2.940988 1.980199 1.980199 1.980199
-1 1418354280.518457 1.940988 1.76858 7.714098 4.717422 1.940988 3.980199 3.559577 1.940988 1.0 2.940988 6.717422 2.656639 6.717422
-1 1418354280.860372 4.864489 4.960397 5.980199 5.0 5.960397 3.0 9.290831 3.980199 3.980199 5.730508 4.0 2.0 4.0
-1 1418354281.250974 7.786068 2.0 5.980199 7.730508 7.862951 3.0 4.230607 6.82567 3.0 3.88429 2.0 3.0 2.0
-1 1418354281.493894 1.0 0.0 2.940988 8.387894 3.0 6.980199 4.807376 2.980199 5.578979 7.769326 4.710314 3.0 4.710314
-1 1418354281.870926 7.103863 5.960397 7.843542 6.882753 4.980199 6.863343 6.921187 2.76858 6.704941 4.863343 4.940988 5.960397 4.940988
-1 1418354282.277217 1.0 1.0 3.980199 2.940988 4.845472 5.0 2.0 2.0 3.0 6.862951 2.0 3.0 2.0
-1 1418354282.518431 1.0 1.0 6.710706 17.979979 6.710706 15.751243 1.0 0.0 1.0 10.942252 9.371061 5.805869 9.371061
-1 1418354282.911585 9.650556 1.88429 3.750309 3.691297 1.0 1.0 3.769326 3.766266 9.191741 1.0 2.750309 2.0 2.750309
-1 1418354283.313843 2.940988 2.940988 1.0 6.598298 3.0 2.940988 1.940988 1.940988 2.940988 9.560241 1.881976 4.921187 1.881976
-1 1418354283.587559 1.0 1.0 3.0 3.660355 3.980199 2.940988 3.676048 0.0 2.980199 7.711792 3.0 2.980199 3.0
-1 1418354283.898285 2.0 6.488301 5.88429 3.980199 5.864489 3.0 5.483257 1.0 6.173076 4.0 2.0 7.980199 2.0
-1 1418354284.275373 0.0 1.0 1.980199 5.940988 3.0 2.0 1.0 2.406295 2.882753 2.7537 1.0 1.0 1.0
-1 1418354284.669829 3.960397 1.980199 5.902554 11.005533 6.752328 8.540633 1.980199 2.980199 4.478192 5.652349 3.0 6.921187 3.0
-1 1418354284.924305 1.0 2.980199 3.699174 2.0 1.699174 2.699174 2.980199 1.0 2.980199 3.0 2.0 2.699174 2.0
-1 1418354285.219021 6.853781 2.0 2.0 1.0 1.0 0.0 1.980199 4.399843 1.572666 0.0 2.980199 1.0 2.980199
-1 1418354285.462646 3.0 6.0 4.714098 10.444885 1.715651 2.940988 7.86678 2.0 1.0 4.940988 6.694968 3.0 6.694968
-1 1418354285.803873 5.765505 3.882753 7.589246 9.822964 2.0 7.823741 5.640043 4.823741 10.145857 14.502995 8.764729 3.0 8.764729
-1 1418354286.085294 6.690943 6.882753 9.447417 6.735731 3.0 4.0 6.827177 3.631931 3.980199 3.0 10.351275 3.0 10.351275
-1 1418354286.386920 2.0 0.416343 6.072251 1.0 10.909067 1.0 3.981806 1.0 2.980199 1.663312 0.497203 2.59092 0.497203
-1 1418354286.606625 1.0 3.960397 0.0 6.882753 1.0 1.0 1.980199 0.0 0.0 4.901385 8.519982 1.0 8.519982
-1 1418354286.972711 2.661759 2.940988 3.82567 3.0 2.0 2.0 5.67075 3.844711 3.16455 3.845472 4.765505 2.0 4.765505
-1 1418354287.366579 3.78646 3.661877 3.980199 7.901385 6.940988 3.430867 6.207241 3.78646 1.980199 3.980199 2.980199 6.881976 2.980199
-1 1418354287.614161 0.0 2.882753 3.980199 8.922414 3.766266 3.940988 1.980199 0.0 0.0 1.940988 7.507288 1.0 7.507288
-1 1418354287.918281 7.881976 2.940988 4.88429 0.0 1.0 1.980199 3.0 8.4115 4.0 6.803939 0.0 0.0 0.0
-1 1418354288.248837 3.0 2.980199 5.922355 11.747029 6.882753 9.262881 2.980199 2.940988 1.0 8.507349 6.902554 6.882753 6.902554
-1 1418354288.519596 1.0 1.922355 3.0 4.74532 3.881976 4.862175 3.922355 2.0 3.0 8.862175 3.822964 2.881976 3.822964
-1 1418354288.892283 2.940988 1.0 2.0 3.845472 2.0 3.0 4.940988 3.940988 7.319129 7.921187 3.0 3.940988 3.0
-1 1418354289.116385 3.882753 4.109169 5.864489 8.661929 5.213487 6.098349 3.845472 3.573696 1.882753 9.114306 1.0 2.353767 1.0
-1 1418354289.502364 2.88429 4.88429 1.0 4.279218 4.542383 0.0 4.88429 1.88429 3.825278 2.940988 2.475202 3.659631 2.475202
-1 1418354289.861365 7.47212 5.765505 2.980199 2.0 1.940988 0.0 5.765505 5.510215 3.882753 2.0 1.940988 1.940988 1.940988
-1 1418354290.086913 4.575587 12.592291 4.0 2.0 8.710706 1.0 12.339555 2.407569 3.0 2.922355 4.384432 5.805869 4.384432
-1 1418354290.537841 0.0 3.882753 4.676048 14.405003 3.88429 4.980199 3.882753 0.0 2.0 3.414093 3.980199 4.0 3.980199
-1 1418354290.890479 6.300451 1.0 4.922355 0.0 4.82873 3.922355 5.528102 3.663221 5.308166 4.960397 2.0 3.82873 2.0
-1 1418354291.162422 5.659631 5.960397 1.0 2.0 2.810014 3.980199 6.659631 6.659631 6.881976 3.88429 1.0 4.921187 1.0
-1 1418354291.591530 1.980199 1.980199 1.922355 3.822964 1.0 2.980199 1.0 1.0 5.769718 2.922355 2.881976 0.0 2.881976
-1 1418354291.956085 15.768213 7.676048 4.673418 1.88429 3.88429 5.789128 9.767813 10.574073 12.35481 3.789128 4.767043 3.88429 4.767043
-1 1418354292.410581 8.564047 9.72744 3.0 7.545288 0.940988 1.0 11.882748 4.921187 4.0 1.0 2.0 0.0 2.0
-1 1418354292.625770 3.881976 1.940988 3.88429 6.901385 7.731593 6.862951 2.940988 1.940988 4.730116 3.0 2.0 5.731985 2.0
-1 1418354292.952040 3.0 2.0 0.940988 1.88429 1.0 0.0 4.770803 1.0 0.940988 3.980199 1.88429 1.940988 1.88429
-1 1418354293.267887 0.84201 1.715651 4.798622 1.88429 1.0 1.88429 6.099978 2.237296 7.38934 7.513793 4.882753 1.0 4.882753
-1 1418354293.517391 2.0 1.0 1.0 2.37971 4.805869 0.0 1.940988 1.0 2.0 3.635677 1.0 1.845472 1.0
-1 1418354293.769261 3.980199 2.980199 5.901385 5.823741 1.0 4.940988 4.921187 2.980199 4.881976 5.862951 2.882753 1.0 2.882753
-1 1418354294.070887 4.960397 3.960397 1.940988 1.882753 1.0 0.0 3.553624 1.715651 2.980199 5.805108 0.0 1.0 0.0
-1 1418354294.425514 5.767066 6.506588 7.766658 2.0 4.729762 2.0 12.087717 5.690943 8.651333 4.767827 2.0 7.555432 2.0
-1 1418354294.674560 2.0 2.0 2.980199 3.414949 4.960397 2.980199 4.921187 2.0 3.0 5.864489 3.940988 3.980199 3.940988
-1 1418354295.027828 2.940988 5.746857 3.881976 3.980199 2.0 3.863343 4.823741 2.940988 6.472896 3.922355 2.0 2.0 2.0
-1 1418354295.433980 2.881976 14.67972 3.0 3.0 2.0 2.940988 4.020855 3.940988 3.0 5.870008 4.980199 1.0 4.980199
-1 1418354295.691134 0.0 0.0 3.882753 7.823741 6.902554 7.379046 1.0 0.0 0.0 4.882753 2.702824 3.980199 2.702824
-1 1418354296.078096 7.960397 2.921187 4.578255 1.0 2.0 2.845472 3.960397 7.824909 2.980199 5.634599 2.0 1.0 2.0
-1 1418354296.541557 2.78646 5.965372 4.710706 5.980199 2.0 6.960397 2.696913 1.845472 1.792519 4.733899 2.0 2.980199 2.0
-1 1418354296.869634 7.613299 4.674202 5.824909 5.862951 0.0 9.536701 2.845472 3.845472 6.728224 5.730508 8.59349 1.980199 8.59349
-1 1418354297.174376 2.980199 1.980199 4.803163 2.980199 3.862175 5.902554 1.980199 2.980199 6.980199 3.980199 2.980199 2.980199 2.980199
-1 1418354297.650028 0.0 0.0 1.0 3.0 3.980199 5.960397 0.940988 0.0 1.980199 5.960397 3.0 5.960397 3.0
-1 1418354297.855872 3.805869 2.805869 6.982112 3.394858 2.0 3.0 3.805869 2.805869 14.570598 5.82873 1.0 2.0 1.0
-1 1418354298.249525 3.980199 1.0 2.0 2.980199 1.0 2.980199 3.922355 2.0 1.940988 3.980199 4.730508 3.0 4.730508
-1 1418354298.734619 0.704346 3.882753 6.863343 1.0 7.902554 2.0 4.041494 1.980199 4.882753 2.0 2.922355 1.0 2.922355
-1 1418354299.109957 1.0 3.82873 2.0 1.0 2.0 1.940988 3.922355 1.0 3.922355 7.519206 0.88429 3.882753 0.88429
-1 1418354299.473782 4.940988 11.2523 5.881976 3.82873 3.940988 4.980199 7.871349 5.88097 5.980199 2.940988 7.730508 3.0 7.730508
-1 1418354299.764753 4.882753 3.0 7.940988 5.940988 9.940988 10.940988 12.191599 4.882753 2.980199 8.940988 6.882753 8.940988 6.882753
-1 1418354300.077252 1.0 2.980199 4.765505 5.706493 1.980199 3.881976 2.0 2.0 2.0 0.940988 6.744928 1.881976 6.744928
-1 1418354300.336555 8.102039 3.0 2.980199 3.921187 1.0 3.0 4.844711 3.102039 2.0 3.980199 1.0 2.0 1.0
-1 1418354300.779880 1.789128 2.980199 4.921187 2.940988 6.694296 2.940988 2.922355 2.730116 1.0 2.940988 1.940988 2.0 1.940988
-1 1418354301.246549 1.882753 2.0 0.0 2.0 1.0 0.88429 1.0 0.0 0.940988 3.0 3.82873 0.0 3.82873
-1 1418354301.615001 0.940988 1.0 1.0 2.0 1.980199 0.0 1.0 0.940988 2.940988 1.0 2.980199 1.0 2.980199
-1 1418354301.910158 2.0 4.0 5.06746 8.66882 3.881976 7.086631 4.980199 2.0 3.420593 4.766658 4.786068 6.593067 4.786068
-1 1418354302.311850 4.318442 3.354276 1.940988 3.359493 0.0 1.503337 6.187129 4.187129 11.946401 6.211858 2.940988 0.0 2.940988
-1 1418354302.722349 3.0 2.980199 0.0 1.0 1.0 2.0 4.980199 3.0 2.980199 3.0 2.0 1.0 2.0
-1 1418354303.146420 2.980199 3.921187 7.921187 5.845472 3.0 4.980199 3.921187 3.921187 5.862175 3.0 4.940988 3.845472 4.940988
-1 1418354303.456638 2.940988 1.940988 10.258011 4.727448 3.82873 5.845472 1.0 2.980199 1.940988 6.82567 3.0 3.0 3.0
-1 1418354303.848011 2.88429 5.808929 8.63117 14.228842 10.938853 6.882753 9.578681 4.864489 2.0 3.78646 6.78646 8.747265 6.78646
-1 1418354304.184012 3.0 1.0 4.765505 4.0 3.0 3.0 1.0 2.0 2.0 2.0 3.0 2.0 3.0
-1 1418354304.428801 5.718857 2.922355 1.0 3.980199 1.0 4.980199 2.82567 2.980199 5.960397 7.940988 5.921187 1.0 5.921187
-1 1418354304.793382 0.0 3.862951 4.921187 4.980199 1.940988 3.0 9.011615 0.0 10.611738 7.901385 3.980199 2.940988 3.980199
-1 1418354305.093326 1.940988 0.88429 1.980199 4.374229 1.980199 2.29478 3.838985 4.462748 1.0 8.970399 5.960397 2.980199 5.960397
-1 1418354305.379727 1.0 0.0 4.78646 3.522961 3.845472 1.0 0.0 1.0 3.882753 1.0 4.787967 4.940988 4.787967
-1 1418354305.715041 2.980199 4.862175 2.0 6.0 2.0 2.980199 5.400219 2.980199 2.980199 6.980199 6.0 3.0 6.0
-1 1418354305.959427 3.724032 3.882753 8.33174 2.0 7.536769 4.533706 2.88429 2.0 5.822964 2.940988 2.0 2.845472 2.0
-1 1418354306.341871 0.845472 3.690943 2.82567 6.727448 3.960397 2.845472 2.845472 0.845472 4.618189 5.690943 3.520759 2.0 3.520759
-1 1418354306.591668 9.803163 1.980199 4.0 4.792519 3.0 3.0 5.551955 7.822964 5.825278 3.0 3.0 2.701362 3.0
-1 1418354306.912747 0.0 3.0 2.0 4.0 1.940988 3.0 1.0 0.0 1.940988 7.588859 2.0 1.940988 2.0
-1 1418354307.310026 1.0 2.725524 4.980199 4.0 2.0 3.0 3.725524 1.0 8.637583 3.0 3.0 2.0 3.0
-1 1418354307.523621 1.980199 2.980199 3.960397 6.312494 2.0 4.980199 3.960397 0.0 2.0 3.940988 0.940988 2.0 0.940988
-1 1418354307.900949 3.844711 3.992539 2.0 0.0 0.0 0.0 2.940988 4.844711 5.717422 0.0 0.0 1.980199 0.0
-1 1418354308.346411 8.591176 8.347655 2.0 0.0 2.0 3.980199 8.631147 2.980199 5.827177 4.82567 0.0 2.712049 0.0
-1 1418354308.591619 1.0 1.0 5.61326 6.61326 8.647482 2.825278 1.0 2.0 3.0 2.825278 8.554248 4.804332 8.554248
-1 1418354308.919108 0.0 0.0 1.922355 1.76858 1.0 3.88429 0.0 0.0 6.648769 9.708423 1.76858 3.921187 1.76858
-1 1418354309.345914 2.0 7.522982 6.715651 11.857673 5.813384 4.676048 9.088641 2.0 4.73356 10.234856 6.695849 4.0 6.695849
-1 1418354309.573070 2.0 5.805869 1.0 5.033304 0.0 2.940988 7.805869 0.0 4.940988 3.63723 4.710706 0.0 4.710706
-1 1418354309.951884 0.0 0.0 2.0 2.980199 2.0 1.0 1.0 0.910996 2.0 4.718465 3.612747 1.0 3.612747
-1 1418354310.410546 3.0 4.845472 4.940988 6.921187 6.940988 6.940988 6.805869 1.0 3.940988 6.65731 5.940988 4.940988 5.940988
-1 1418354310.715268 6.862951 3.922355 5.980199 9.949601 7.448389 3.940988 5.882753 4.882753 4.882753 7.921187 5.980199 5.940988 5.980199
-1 1418354311.016814 2.808818 3.530549 8.275028 6.431486 3.0 3.823741 4.530549 4.916682 6.873516 5.765505 6.288655 3.921187 6.288655
-1 1418354311.439547 1.0 0.0 2.940988 2.940988 2.882753 4.921187 3.980199 1.0 1.0 5.64351 1.790997 5.823741 1.790997
-1 1418354311.738592 3.0 0.0 1.0 3.0 0.0 0.0 1.0 4.0 4.881976 1.0 1.0 0.0 1.0
