-1 1418352898.746132 5.940988 5.980199 6.352142 3.0 0.0 2.980199 9.906392 5.845472 4.980199 2.921187 2.0 0.0 2.0
-1 1418352899.179285 1.0 2.0 6.863343 5.82567 1.0 0.0 1.0 0.792519 1.0 2.0 4.78646 1.0 4.78646
-1 1418352899.420459 2.940988 2.0 3.0 1.0 0.940988 0.0 2.0 2.0 1.0 1.0 0.0 0.940988 0.0
-1 1418352899.670864 0.845472 0.0 2.0 2.0 0.0 3.881976 3.475202 1.0 2.0 6.63723 1.0 3.940988 1.0
-1 1418352900.019910 2.940988 5.881976 3.0 1.882753 1.0 4.882753 3.882753 2.0 1.0 4.882753 1.881976 3.0 1.881976
-1 1418352900.294128 4.86678 8.827177 3.0 4.940988 4.921187 4.940988 4.86678 7.127873 3.980199 4.0 3.0 2.0 3.0
-1 1418352900.581806 4.921187 4.921187 1.980199 1.0 0.0 0.0 5.881976 5.940988 6.881976 1.0 0.0 0.0 0.0
-1 1418352900.904279 4.940988 3.882753 5.750309 2.0 1.0 1.0 8.881976 5.881976 3.882753 1.0 2.922355 1.0 2.922355
-1 1418352901.249518 2.845472 5.46853 4.62897 6.46424 2.0 3.0 5.474441 3.845472 3.82567 6.609168 9.200726 2.0 9.200726
-1 1418352901.485522 2.0 3.0 6.823741 5.881976 3.980199 7.862951 3.0 2.0 1.0 7.862951 3.940988 3.980199 3.940988
-1 1418352901.816559 0.88429 2.921187 0.0 1.980199 0.0 0.0 5.301988 4.805869 6.000602 0.0 2.921187 0.0 2.921187
-1 1418352902.174863 0.940988 1.0 7.520759 4.671142 1.940988 3.0 2.0 3.827177 0.88429 5.785699 1.690943 1.940988 1.690943
-1 1418352902.420006 0.0 1.0 6.102781 4.960397 0.0 1.0 2.378148 0.0 3.770803 4.402628 2.0 1.584506 2.0
-1 1418352902.770232 2.0 1.0 1.88429 0.0 2.805869 0.88429 3.980199 2.0 2.980199 2.805869 1.0 4.805869 1.0
-1 1418352903.165109 2.0 2.0 1.940988 3.0 1.0 2.940988 4.042287 1.0 1.0 4.980199 3.940988 1.940988 3.940988
-1 1418352903.501796 1.0 0.0 1.0 4.845472 3.0 1.0 2.827177 0.0 1.0 9.175882 4.82567 2.0 4.82567
-1 1418352903.781869 0.0 1.0 2.789128 0.88429 1.0 0.0 2.0 0.0 1.882753 0.0 2.789128 1.0 2.789128
-1 1418352904.144740 2.940988 5.822964 4.862175 4.921187 2.921187 3.921187 7.822964 4.075793 3.921187 4.901385 3.940988 2.921187 3.940988
-1 1418352904.404230 5.76858 3.960397 2.0 0.0 0.0 1.0 3.960397 9.557685 2.827177 0.0 2.921187 0.0 2.921187
-1 1418352904.674809 4.822964 6.766658 3.980199 0.0 2.0 1.0 8.746096 2.940988 7.283558 3.980199 0.0 0.0 0.0
-1 1418352905.053865 5.533822 5.533822 2.715651 1.0 2.0 2.0 9.31989 10.455009 9.530355 3.980199 2.922355 2.0 2.922355
-1 1418352905.334060 3.70148 2.980199 5.767827 2.863343 3.922355 1.78646 5.564697 4.792519 2.845472 2.78646 2.863343 1.0 2.863343
-1 1418352905.600067 2.921187 0.940988 7.246117 3.825278 3.922355 4.0 2.823741 0.940988 0.940988 6.921187 7.570491 4.922355 7.570491
-1 1418352906.024146 3.980199 4.0 4.862175 1.0 2.0 2.0 7.901385 7.901385 4.960397 3.0 3.0 3.0 3.0
-1 1418352906.319563 2.0 2.0 4.0 1.940988 1.0 0.0 5.609053 2.0 3.940988 2.0 2.980199 0.0 2.980199
-1 1418352906.619972 3.0 2.0 0.0 1.881976 0.940988 1.940988 3.902554 1.0 4.960397 2.921187 0.940988 0.0 0.940988
-1 1418352906.993158 2.845472 2.882753 2.980199 1.0 0.0 4.960397 4.152548 3.845472 2.827177 7.940596 3.0 2.0 3.0
-1 1418352907.450511 4.980199 5.921187 7.439758 6.805869 4.845472 4.82567 7.862951 5.565208 3.882753 6.82567 5.845472 5.845472 5.845472
-1 1418352907.660462 3.0 7.637659 2.980199 1.0 1.775334 3.627478 8.846645 1.0 2.0 5.462748 1.715651 2.775334 1.715651
-1 1418352907.982114 1.0 3.0 1.980199 1.0 3.845472 1.0 4.827177 1.0 1.790997 1.0 3.82567 5.805869 3.82567
-1 1418352908.340793 3.0 2.0 2.980199 4.921187 1.980199 5.921187 2.0 2.980199 4.825278 8.617428 5.980199 1.980199 5.980199
-1 1418352908.500548 2.262799 4.671104 1.0 0.0 0.0 0.940988 8.439239 3.922355 3.649304 0.940988 0.940988 0.0 0.940988
-1 1418352908.814420 1.980199 2.0 2.980199 9.558024 1.0 7.617036 1.845472 1.980199 1.88429 4.15282 4.980199 0.0 4.980199
-1 1418352909.242202 2.0 0.0 8.402735 10.842374 2.0 6.901385 1.0 2.0 1.0 2.940988 6.901385 1.0 6.901385
-1 1418352909.453636 2.980199 2.750309 7.882753 3.0 2.0 1.0 2.980199 5.766658 2.980199 2.7537 4.845472 3.0 4.845472
-1 1418352909.724633 3.0 2.88429 4.766658 0.940988 1.0 2.845472 6.655086 5.881976 4.0 2.845472 0.940988 0.0 0.940988
-1 1418352910.193235 1.88429 1.0 2.921187 1.0 1.0 2.0 3.902554 1.88429 1.0 3.0 1.0 1.0 1.0
-1 1418352910.475752 1.980199 1.922355 1.0 1.25794 1.940988 2.822964 2.551325 3.309093 4.34639 4.255772 2.0 1.980199 2.0
-1 1418352910.774144 3.921187 4.921187 3.0 3.0 1.0 2.0 2.940988 3.921187 1.940988 4.0 3.0 1.940988 3.0
-1 1418352911.173565 1.0 2.940988 4.862951 9.692767 3.862951 4.980199 6.805477 1.0 1.940988 3.980199 7.767043 2.980199 7.767043
-1 1418352911.403483 2.805869 2.0 7.751394 5.862951 4.864489 5.960397 2.864489 3.710706 1.0 1.980199 6.921187 5.960397 6.921187
-1 1418352911.670069 5.827177 4.722479 6.921187 4.921187 2.940988 3.980199 5.827177 6.827177 7.42386 9.803163 3.940988 1.940988 3.940988
-1 1418352912.086333 2.86678 4.922355 4.882753 1.0 2.0 1.0 5.922355 2.940988 5.424637 2.0 2.882753 1.0 2.882753
-1 1418352912.520705 1.702824 2.980199 7.803939 9.786068 3.940988 7.921187 2.0 1.0 4.728224 8.921187 9.690159 4.940988 9.690159
-1 1418352912.771642 3.0 3.980199 1.980199 1.0 2.0 2.0 6.980199 6.864489 4.921187 1.940988 1.0 2.0 1.0
-1 1418352913.070590 2.882753 3.882753 8.824909 7.940596 5.0 6.960397 8.37343 2.882753 1.88429 4.980199 5.0 5.0 5.0
-1 1418352913.329516 2.0 3.940988 1.0 1.76858 1.0 3.960397 3.940988 3.0 2.0 3.0 3.980199 1.0 3.980199
-1 1418352913.537336 2.980199 1.0 5.539437 11.592683 4.980199 3.0 0.0 2.0 1.0 0.88429 7.267787 1.88429 7.267787
-1 1418352913.845656 5.843542 3.902554 4.980199 4.980199 4.980199 6.980199 7.565775 4.902554 7.823741 4.980199 3.980199 4.980199 3.980199
-1 1418352914.229081 1.980199 3.980199 5.902554 5.0 1.0 1.940988 3.980199 1.980199 6.512107 6.882753 5.980199 2.980199 5.980199
-1 1418352914.529711 1.0 2.980199 4.232656 3.0 5.0 6.863343 10.635764 3.63723 3.882753 11.234059 2.0 6.980199 2.0
-1 1418352914.798114 0.0 3.980199 5.960397 5.980199 3.0 3.0 6.901385 0.0 0.0 1.0 1.940988 3.0 1.940988
-1 1418352915.228232 2.882753 2.882753 6.940988 1.922355 3.940988 2.922355 7.516575 2.882753 3.42532 3.922355 2.980199 2.0 2.980199
-1 1418352915.475336 1.0 1.0 5.921187 6.881976 2.940988 4.727448 3.940988 1.0 1.0 14.776916 10.707254 7.744151 10.707254
-1 1418352915.722110 2.789128 0.940988 3.808929 2.551317 0.0 0.0 5.710314 4.730116 2.789128 1.789128 5.531516 0.0 5.531516
-1 1418352916.223457 5.902554 3.86678 2.980199 1.0 1.0 3.940988 7.807768 4.980199 3.0 4.0 1.0 1.0 1.0
-1 1418352916.521613 5.751394 0.940988 2.690943 3.980199 4.882753 1.0 3.746857 8.620752 7.363522 3.940988 2.0 1.882753 2.0
-1 1418352916.780977 1.0 1.0 2.0 1.0 0.0 2.0 3.0 1.0 2.0 3.940988 2.0 0.0 2.0
-1 1418352917.061617 2.0 6.0 1.0 2.881976 0.0 0.0 7.940988 2.0 4.610575 3.0 0.0 0.0 0.0
-1 1418352917.371480 4.810014 0.0 7.940596 4.980199 3.980199 3.980199 0.940988 3.810014 1.0 2.921187 3.980199 1.980199 3.980199
-1 1418352917.609788 1.0 3.671142 6.882753 3.980199 3.980199 5.922355 2.845472 3.766266 11.37608 5.585038 4.902554 4.980199 4.902554
-1 1418352917.933703 1.940988 4.0 2.845472 4.63723 4.0 2.940988 5.571756 2.940988 3.0 1.0 5.691297 4.0 5.691297
-1 1418352918.317741 3.0 2.0 4.980199 4.940988 2.940988 1.0 2.0 3.0 3.0 4.0 5.980199 2.0 5.980199
-1 1418352918.558459 5.699055 2.0 2.940988 3.597627 3.0 0.940988 7.882753 8.472896 4.699055 3.881976 0.940988 3.0 0.940988
-1 1418352918.868431 2.0 1.0 4.921187 1.0 1.0 3.0 2.0 3.940988 3.940988 3.0 1.882753 1.0 1.882753
-1 1418352919.313710 2.0 3.695849 5.733507 6.349291 1.0 1.829815 4.41713 3.882753 3.0 6.543913 5.602865 2.980199 5.602865
-1 1418352919.593837 1.881976 5.807376 2.940988 3.921187 1.940988 2.940988 3.921187 3.823741 0.940988 3.921187 8.672581 2.940988 8.672581
-1 1418352919.931440 9.041263 2.845472 4.748779 1.0 1.0 2.0 9.878014 8.260925 8.327462 2.0 0.0 2.0 0.0
-1 1418352920.386874 2.940988 6.823741 6.862175 1.980199 4.980199 2.0 7.803939 3.825278 2.0 1.980199 1.0 1.0 1.0
-1 1418352920.609777 0.0 0.0 6.679646 3.0 4.960397 2.0 1.0 0.0 1.0 1.0 2.0 4.960397 2.0
-1 1418352920.875101 0.940988 1.980199 2.0 2.0 3.0 2.0 4.671496 1.940988 5.692058 1.0 2.0 2.0 2.0
-1 1418352921.213127 3.730508 4.710706 9.423297 2.940988 2.940988 3.0 5.710706 5.484208 3.88429 2.0 0.0 2.0 0.0
-1 1418352921.468274 2.980199 3.940988 3.0 3.0 2.0 2.0 4.921187 4.960397 1.0 3.0 2.0 4.0 2.0
-1 1418352921.736700 3.0 4.0 4.960397 4.960397 2.980199 3.980199 6.921187 1.0 1.940988 2.980199 6.921187 3.980199 6.921187
-1 1418352922.100934 1.0 4.845472 1.980199 1.0 0.0 1.0 8.675287 3.0 2.0 3.776826 1.940988 0.0 1.940988
-1 1418352922.468013 3.726957 6.0 3.789128 2.0 2.0 2.829815 6.0 5.726957 8.882753 4.980199 0.940988 2.0 0.940988
-1 1418352922.726265 0.0 0.0 1.0 2.0 3.0 1.0 1.940988 0.0 0.0 3.0 5.0 2.0 5.0
-1 1418352923.097000 4.765505 1.0 1.0 3.0 0.0 2.0 1.0 4.765505 5.882753 2.0 2.0 0.0 2.0
-1 1418352923.501288 1.0 1.0 5.70993 4.0 3.0 2.0 0.940988 3.551317 0.0 2.0 6.921187 1.0 6.921187
-1 1418352923.773754 3.0 1.0 4.0 2.0 4.0 4.0 2.0 1.0 1.0 4.0 3.0 3.0 3.0
-1 1418352924.180707 2.940988 2.0 3.881976 0.0 1.0 1.980199 4.790997 2.845472 2.922355 1.980199 2.0 2.0 2.0
-1 1418352924.495556 3.0 2.0 4.940988 5.881976 0.0 1.0 4.940988 4.0 2.0 2.0 2.940988 0.0 2.940988
-1 1418352924.806940 1.0 5.960397 3.823741 0.0 1.0 1.845472 5.960397 2.940988 3.0 1.0 2.940988 1.0 2.940988
-1 1418352925.217360 4.428928 5.130578 3.63723 1.0 1.0 1.0 6.274415 6.428928 3.675287 3.845472 1.0 2.0 1.0
-1 1418352925.492279 0.0 0.0 11.637901 9.696913 3.0 1.940988 1.0 1.0 0.0 2.940988 5.775334 3.0 5.775334
-1 1418352925.750532 3.0 3.0 0.0 0.0 2.805869 0.88429 3.0 5.980199 5.901385 0.0 6.862951 6.786068 6.862951
-1 1418352926.209883 0.0 0.0 0.0 1.0 0.0 2.0 5.940988 1.940988 2.845472 3.0 3.0 0.0 3.0
-1 1418352926.511011 2.775334 4.0 4.684545 3.691297 4.980199 4.691297 8.042839 2.0 2.0 5.632285 3.691297 3.940988 3.691297
-1 1418352926.793320 1.940988 4.940988 2.940988 2.980199 3.940988 0.0 6.940988 3.805869 4.921187 3.940988 2.940988 1.940988 2.940988
-1 1418352927.079708 3.0 1.0 4.980199 4.0 2.0 2.0 4.536671 4.0 4.862951 2.0 4.0 2.0 4.0
-1 1418352927.431732 3.980199 6.980199 3.771195 3.980199 4.960397 3.960397 6.590685 3.0 4.0 3.980199 3.980199 2.980199 3.980199
-1 1418352927.666869 0.0 0.0 2.0 2.0 1.0 2.921187 3.805869 2.0 4.0 0.0 2.0 1.0 2.0
-1 1418352927.956445 1.0 3.980199 0.0 0.88429 2.726957 0.0 4.902554 1.0 2.765176 3.940988 1.0 1.0 1.0
-1 1418352928.346470 3.0 3.0 2.940988 3.980199 1.0 1.0 2.0 3.0 2.0 2.980199 1.0 0.0 1.0
-1 1418352928.594927 2.922355 2.0 4.0 0.0 3.0 0.0 9.955728 5.542494 4.940988 3.741642 0.0 3.0 0.0
-1 1418352928.906526 1.0 2.0 3.863343 1.980199 5.960397 4.0 2.827177 2.715651 3.0 4.881976 2.0 4.0 2.0
-1 1418352929.331229 1.0 1.577191 7.0 5.0 5.940988 4.0 6.455407 1.940988 3.733507 4.0 4.0 5.940988 4.0
-1 1418352929.632325 3.0 2.0 5.0 6.980199 4.0 8.940596 5.845472 3.922355 2.0 8.940596 5.980199 5.0 5.980199
-1 1418352929.949481 4.881976 1.940988 2.980199 4.921187 2.940988 0.940988 2.0 2.940988 3.0 1.0 2.0 0.0 2.0
-1 1418352930.408308 2.980199 6.844687 5.980199 3.0 4.0 3.980199 5.980199 4.921187 5.921187 4.980199 2.0 4.0 2.0
-1 1418352930.646310 3.0 12.706101 10.616313 6.690943 3.980199 3.980199 9.829901 2.0 2.246251 7.536377 3.940988 4.921187 3.940988
-1 1418352930.943644 4.980199 2.0 2.0 2.0 2.0 2.829815 6.786068 3.980199 6.381316 1.0 1.0 1.0 1.0
-1 1418352931.393396 0.0 2.0 3.922355 6.922355 3.0 5.0 2.0 0.0 2.0 3.0 5.922355 3.0 5.922355
-1 1418352931.629754 2.691356 1.940988 4.0 6.940988 3.0 4.0 4.66612 2.0 1.88429 4.940988 1.0 3.0 1.0
-1 1418352931.927611 1.0 0.0 3.940988 4.940988 2.940988 1.881976 2.767827 0.0 0.0 4.881976 3.940988 2.940988 3.940988
-1 1418352932.291303 5.921187 4.271427 10.862175 5.940988 2.0 4.960397 16.550717 5.921187 2.0 6.881976 7.881976 2.0 7.881976
-1 1418352932.713373 2.940988 3.737223 4.0 1.0 2.0 1.940988 3.921187 3.940988 2.88429 2.0 0.0 2.0 0.0
-1 1418352932.958287 0.7537 0.0 1.882753 0.0 3.0 1.0 1.792519 0.7537 5.578218 1.661877 0.940988 1.0 0.940988
-1 1418352933.261160 0.0 0.0 3.804332 1.940988 1.940988 0.940988 2.0 1.0 1.0 1.881976 1.78646 1.940988 1.78646
-1 1418352933.536162 4.88429 2.0 2.0 2.980199 5.980199 2.0 4.82567 3.88429 2.922355 2.0 1.0 1.0 1.0
-1 1418352933.759984 1.62897 3.921187 5.74532 3.78646 0.940988 2.940988 4.6192 2.569958 2.980199 3.940988 2.881976 1.940988 2.881976
-1 1418352934.069073 2.0 3.980199 2.922355 1.0 2.0 0.0 4.733507 2.0 1.0 0.0 0.0 2.980199 0.0
-1 1418352934.477334 5.960397 3.980199 2.792519 1.0 2.922355 2.0 4.256242 5.960397 8.807376 2.0 1.940988 2.922355 1.940988
-1 1418352934.724029 0.0 0.0 5.0 1.0 1.0 4.980199 2.228457 0.940988 2.881976 4.921187 2.0 1.0 2.0
-1 1418352935.069073 0.665528 2.0 3.980199 1.0 0.0 2.0 2.0 0.0 0.0 2.0 1.0 1.0 1.0
-1 1418352935.456827 4.0 3.0 3.980199 5.0 3.0 4.0 3.434796 3.0 5.0 5.0 5.980199 3.0 5.980199
-1 1418352935.668173 0.0 3.0 2.0 0.0 2.0 1.0 3.0 3.0 0.0 2.980199 1.0 2.980199 1.0
-1 1418352935.945904 6.271646 7.571364 3.88429 3.0 3.88429 4.0 11.579774 4.388894 5.388894 5.178021 5.750309 5.805869 5.750309
-1 1418352936.417656 3.940988 5.827177 2.0 2.980199 0.0 1.0 5.231756 5.882753 3.973981 2.0 0.0 1.0 0.0
-1 1418352936.685462 3.863343 5.551715 1.731985 3.960397 0.88429 1.980199 7.537854 1.5496 5.251069 0.940988 2.0 0.88429 2.0
-1 1418352936.955887 0.0 1.0 3.862951 3.0 1.0 1.940988 1.940988 0.0 2.845472 4.845472 3.0 1.0 3.0
-1 1418352937.276752 4.578218 2.39388 7.895889 5.881976 0.0 2.921187 4.975686 4.578218 7.337156 4.881976 3.881976 1.940988 3.881976
-1 1418352937.576395 3.0 2.0 3.864489 4.751002 3.960397 4.921187 7.501031 4.0 3.0 4.921187 5.751002 3.921187 5.751002
-1 1418352937.812727 2.377787 1.507638 4.902554 4.980199 1.0 3.922355 5.468035 1.627478 2.0 4.863343 3.0 6.746096 3.0
-1 1418352938.173276 0.940988 3.940988 5.960397 4.980199 5.902554 5.671142 5.586714 1.614962 1.940988 2.0 2.0 5.980199 2.0
-1 1418352938.534328 0.0 0.0 4.0 2.0 1.0 1.0 1.86678 1.980199 2.0 1.0 3.0 1.0 3.0
-1 1418352938.697360 6.805869 8.730116 3.882753 0.0 1.0 2.940988 11.318006 4.940988 9.221706 4.844711 3.623709 0.0 3.623709
-1 1418352939.018555 4.0 2.0 1.980199 7.824886 3.960397 7.844687 1.0 1.0 0.0 5.960397 3.960397 0.0 3.960397
-1 1418352939.536156 1.922355 2.0 5.749917 1.0 0.0 0.0 3.922355 2.922355 1.0 0.0 2.922355 0.0 2.922355
-1 1418352939.746919 0.0 3.980199 1.940988 0.940988 1.845472 3.82567 5.940596 0.0 1.0 3.960397 7.319129 2.78646 7.319129
-1 1418352940.136826 6.730508 4.980199 5.0 3.0 3.0 3.0 4.777476 3.960397 2.980199 4.78646 3.0 3.0 3.0
-1 1418352940.513573 0.0 1.0 4.921187 2.0 1.0 2.0 1.0 1.940988 1.845472 2.940988 3.0 1.0 3.0
-1 1418352940.708051 7.604209 0.0 2.0 5.902554 2.0 4.0 4.921187 6.823741 5.901385 3.0 2.0 3.0 2.0
-1 1418352940.941809 1.0 4.882753 2.980199 5.921187 4.921187 4.980199 3.88429 2.922355 2.61434 1.0 1.0 2.980199 1.0
-1 1418352941.309630 3.0 2.0 1.0 2.0 1.0 1.0 4.411439 4.980199 2.0 2.0 0.0 0.0 0.0
-1 1418352941.642369 2.0 3.0 8.558808 3.940988 4.649795 3.940988 3.88429 3.0 3.0 7.881976 5.807376 0.0 5.807376
-1 1418352941.873198 4.0 3.0 3.882753 6.862951 7.862951 5.862951 2.863343 2.0 1.922355 3.882753 4.882753 6.882753 4.882753
-1 1418352942.173337 3.822964 2.82567 4.825278 3.88429 3.960397 1.0 0.845472 5.803163 1.980199 2.0 4.825278 4.960397 4.825278
-1 1418352942.517137 3.940988 1.0 3.940988 2.0 2.980199 1.0 1.940988 3.940988 1.940988 1.0 2.0 1.0 2.0
-1 1418352942.771621 1.0 3.881976 1.940988 6.921187 3.940988 6.921187 9.435586 3.823741 3.921187 5.940988 5.823741 3.940988 5.823741
-1 1418352943.087869 0.0 3.0 2.0 2.0 2.0 4.0 2.980199 0.0 5.029129 3.940988 2.0 1.0 2.0
-1 1418352943.523792 2.0 5.864489 1.940988 1.940988 2.921187 1.0 5.864489 2.0 3.88429 6.980199 3.921187 3.921187 3.921187
-1 1418352943.787111 1.980199 0.0 6.733899 4.676048 6.634553 2.881976 2.0 0.0 2.0 4.921187 1.88429 2.0 1.88429
-1 1418352944.119273 1.0 0.845472 4.808929 2.0 2.0 2.0 1.7537 2.0 2.940988 2.0 3.0 2.0 3.0
-1 1418352944.541894 2.483536 1.0 0.845472 0.0 1.0 1.0 2.0 2.980199 2.0 1.0 0.0 1.0 0.0
-1 1418352944.808827 3.676048 1.980199 5.862175 5.862175 2.980199 2.980199 3.960397 2.810014 4.921187 6.78453 5.862175 4.862175 5.862175
-1 1418352945.187648 6.0 4.0 3.805108 4.980199 2.0 6.921187 6.881976 4.0 3.980199 5.921187 2.980199 1.0 2.980199
-1 1418352945.597055 2.59092 3.80925 2.0 2.0 1.0 1.0 6.215023 3.790997 3.560619 3.0 2.0 1.0 2.0
-1 1418352945.845906 4.921187 7.768165 5.901385 9.901385 3.0 2.0 8.690521 5.881976 1.0 4.980199 6.901385 3.0 6.901385
-1 1418352946.264611 5.542451 2.301622 8.0 2.0 4.0 6.922355 4.008687 6.834357 3.274979 4.767827 2.0 3.0 2.0
-1 1418352946.762958 1.980199 1.0 1.0 0.0 1.0 0.0 1.922355 2.922355 1.980199 0.845472 2.0 0.0 2.0
-1 1418352947.045977 0.940988 1.0 3.0 2.0 2.0 3.0 1.0 0.0 4.921187 3.0 1.0 2.0 1.0
-1 1418352947.370425 0.0 1.0 5.844687 1.789128 2.0 2.0 5.88429 1.677666 2.980199 3.0 3.789128 4.0 3.789128
-1 1418352947.686888 2.573928 1.0 3.0 2.82873 3.902554 2.0 3.52286 1.0 8.067066 2.0 1.0 1.0 1.0
-1 1418352947.907842 1.0 5.057026 5.805869 6.82567 4.960397 1.980199 5.198971 1.0 3.862951 2.82567 6.748026 1.980199 6.748026
-1 1418352948.241284 1.940988 0.940988 6.011207 2.694689 2.940988 0.940988 3.958291 1.845472 2.63723 2.940988 5.881976 3.940988 5.881976
-1 1418352948.623335 2.940988 5.980199 6.980199 2.0 4.0 4.980199 4.980199 2.940988 1.0 5.922355 2.0 4.0 2.0
-1 1418352948.869529 1.980199 1.980199 4.949339 1.0 1.0 0.0 1.750309 1.980199 1.0 1.0 0.0 1.0 0.0
-1 1418352949.181717 3.730508 6.597627 4.960397 4.960397 1.0 1.0 10.888699 5.730508 6.480374 2.0 1.0 1.0 1.0
-1 1418352949.586662 2.0 4.789128 2.715651 4.882753 1.0 4.882753 3.88429 3.88429 4.845472 4.862951 1.940988 1.0 1.940988
-1 1418352949.827514 5.0 5.750309 2.980199 4.765505 0.0 1.0 4.663312 4.882753 4.0 1.0 1.980199 0.0 1.980199
-1 1418352950.182525 1.0 2.882753 6.0 2.0 4.0 3.0 9.557263 0.0 1.0 3.0 6.0 4.0 6.0
-1 1418352950.656026 1.940988 0.940988 5.70993 3.882753 0.0 2.940988 5.051576 0.940988 4.655086 3.940988 2.882753 0.940988 2.882753
-1 1418352950.931384 0.0 2.0 0.0 0.0 2.0 1.980199 2.980199 1.0 2.940988 3.57144 1.845472 1.0 1.845472
-1 1418352951.214916 2.0 3.66502 5.88429 0.0 0.0 0.0 6.586599 5.750309 3.940988 1.0 0.0 1.980199 0.0
-1 1418352951.571546 7.747241 7.823741 2.560619 5.940988 2.940988 2.921187 5.882753 11.460578 4.823741 3.921187 2.940988 2.940988 2.940988
-1 1418352951.851456 3.168394 5.980199 3.0 2.980199 1.0 3.980199 6.960397 7.842374 0.0 5.980199 1.0 1.0 1.0
-1 1418352952.174113 6.40036 8.449214 5.767827 2.845472 2.845472 3.78646 6.786068 7.341348 9.341348 7.631931 5.210312 2.845472 5.210312
-1 1418352952.615384 6.980199 6.862951 3.0 4.0 0.0 3.0 6.862951 7.960397 6.940596 3.0 4.0 0.0 4.0
-1 1418352952.839234 3.940988 1.940988 4.587883 1.0 3.0 0.0 1.0 4.921187 4.0 3.980199 2.980199 1.0 2.980199
-1 1418352953.192988 1.0 1.573928 3.980199 3.980199 7.960397 2.980199 1.940988 1.653942 4.671496 2.980199 3.980199 4.960397 3.980199
-1 1418352953.626694 3.940988 0.0 2.0 3.82567 0.940988 2.0 3.0 1.0 6.585009 2.921187 2.921187 0.940988 2.921187
-1 1418352953.827582 1.0 0.0 3.980199 4.639829 3.0 1.0 0.630072 0.0 1.0 1.0 3.980199 1.0 3.980199
-1 1418352954.085897 2.940988 7.421897 1.845472 2.940988 1.0 1.881976 9.382295 0.940988 3.921187 0.0 3.980199 0.0 3.980199
-1 1418352954.545533 1.0 3.980199 2.980199 3.0 1.0 3.902554 4.506647 2.0 0.0 1.0 1.0 2.0 1.0
-1 1418352954.821545 3.7067 2.533477 2.980199 0.0 1.0 3.767827 5.980199 6.248803 1.0 2.922355 0.0 1.0 0.0
-1 1418352955.091403 0.0 4.538994 2.0 3.980199 0.0 1.0 3.789128 0.0 0.0 0.0 2.0 1.0 2.0
-1 1418352955.397612 0.0 1.0 1.940988 1.0 1.940988 0.0 3.710706 0.0 1.0 1.940988 1.0 1.940988 1.0
-1 1418352955.735605 3.881976 2.980199 2.940988 2.0 0.0 3.0 1.940988 3.823741 2.827177 2.0 1.940988 1.0 1.940988
-1 1418352955.991243 5.805869 3.940988 2.881976 2.0 2.940988 2.980199 1.0 3.88429 3.0 4.845472 2.585009 2.0 2.585009
-1 1418352956.352156 4.980199 2.980199 2.940988 1.940988 5.901385 2.940988 7.449289 2.980199 6.804332 4.882753 8.822964 4.940988 8.822964
-1 1418352956.702192 2.0 2.0 2.940988 1.0 3.0 1.0 3.0 2.922355 1.0 0.0 3.76858 2.845472 3.76858
-1 1418352956.900028 1.0 0.0 0.845472 1.845472 2.82567 1.845472 1.980199 1.0 2.0 2.922355 0.940988 3.845472 0.940988
-1 1418352957.255297 5.750309 9.415053 1.940988 3.0 3.980199 1.0 16.650396 5.864131 12.715082 2.0 2.940988 1.0 2.940988
-1 1418352957.677471 2.0 3.0 3.769326 1.980199 0.940988 1.980199 3.882753 2.940988 5.951682 4.960397 1.980199 3.940988 1.980199
-1 1418352957.892936 0.0 0.0 10.222075 7.882753 5.940988 6.663221 6.564047 1.940988 0.0 10.317222 11.593459 8.498492 11.593459
-1 1418352958.260545 3.310157 7.690905 3.751675 3.87757 1.0 1.0 9.709154 5.103082 3.0 2.940988 5.618355 2.0 5.618355
-1 1418352958.682521 4.0 5.845472 2.0 0.0 0.0 2.0 5.0 5.902554 4.0 4.922355 3.0 1.0 3.0
-1 1418352958.901167 2.0 2.0 6.460231 1.0 1.0 2.88429 3.687354 3.0 4.564047 3.0 2.0 1.0 2.0
-1 1418352959.238255 0.0 2.980199 2.0 1.0 3.0 3.0 3.921187 2.0 4.731593 3.0 2.0 3.0 2.0
-1 1418352959.678160 2.0 2.0 6.514411 6.671104 4.730116 4.825278 3.882753 2.881976 3.86678 5.766266 8.730116 6.730116 8.730116
-1 1418352959.960054 4.881976 7.221008 5.241516 1.940988 2.921187 0.940988 8.417368 3.921187 1.0 6.3184 6.270124 2.921187 6.270124
-1 1418352960.315240 2.0 3.862951 7.82567 3.980199 3.980199 6.940596 6.727448 1.0 3.88429 6.960397 3.980199 6.980199 3.980199
-1 1418352960.743437 1.940988 4.86678 2.0 1.0 2.0 1.0 3.940988 4.578218 5.803939 0.0 0.0 2.0 0.0
-1 1418352961.049263 1.0 2.0 4.940988 4.0 2.940988 1.0 4.342314 1.0 0.940988 3.921187 2.0 3.0 2.0
-1 1418352961.347154 2.0 3.750309 2.940988 2.0 1.0 2.0 10.096563 2.0 2.0 2.0 0.940988 0.0 0.940988
-1 1418352961.731962 4.921187 2.0 4.748026 3.882753 1.0 2.0 2.715651 2.0 5.352437 2.922355 4.78646 0.0 4.78646
-1 1418352961.942698 3.882753 0.0 2.86678 2.86678 5.86678 2.86678 1.86678 1.980199 0.0 2.86678 3.86678 3.86678 3.86678
-1 1418352962.245973 5.0 3.922355 3.921187 2.86678 3.0 2.0 4.0 5.0 5.0 4.980199 2.0 3.0 2.0
-1 1418352962.679566 3.940988 3.0 7.585038 8.767773 2.0 3.737223 3.980199 1.0 4.881976 2.0 5.960397 2.0 5.960397
-1 1418352962.910001 6.083909 3.940988 3.0 5.960397 4.0 3.0 7.655086 4.387435 6.30565 3.980199 3.0 4.0 3.0
-1 1418352963.218768 2.0 1.0 3.940988 7.940988 2.940988 4.940988 3.0 2.980199 6.800773 4.940988 3.940988 5.921187 3.940988
-1 1418352963.625370 5.822964 4.921187 3.789128 2.0 0.940988 1.0 3.921187 6.822964 4.862951 1.940988 2.0 0.0 2.0
-1 1418352963.916890 0.0 3.429217 2.627478 2.980199 2.0 2.980199 3.429217 0.0 1.0 6.940596 6.960397 4.0 6.960397
-1 1418352964.274848 1.0 2.980199 3.882753 7.27021 0.790997 3.618108 4.940988 1.0 2.0 4.618108 10.937237 3.409105 10.937237
-1 1418352964.719137 6.715651 6.960397 2.940988 3.980199 2.0 3.0 8.920795 5.792519 6.960397 3.922355 3.940988 2.0 3.940988
-1 1418352965.093644 5.960397 4.960397 9.960397 10.960397 5.980199 3.980199 4.960397 5.960397 4.921187 3.940988 7.960397 3.980199 7.960397
-1 1418352965.375033 2.0 1.0 1.0 0.0 3.922355 0.0 1.922355 2.0 3.0 0.940988 0.0 2.0 0.0
-1 1418352965.741851 3.980199 1.0 1.940988 1.0 2.0 1.980199 4.960397 3.980199 3.864489 2.980199 0.940988 2.0 0.940988
-1 1418352966.005558 2.0 4.0 9.710314 1.980199 9.421805 2.771195 4.0 3.82873 2.0 3.960397 7.785676 4.921187 7.785676
-1 1418352966.310866 4.980199 1.0 8.374024 3.0 6.862951 5.805869 3.882753 2.0 3.0 8.786068 2.940988 4.862951 2.940988
-1 1418352966.730202 4.0 4.0 3.667945 1.0 0.0 2.0 3.0 3.0 4.0 5.0 2.980199 2.980199 2.980199
-1 1418352967.038183 0.0 5.980199 2.0 0.0 0.940988 0.0 16.793444 0.940988 2.0 0.0 0.940988 1.940988 0.940988
-1 1418352967.383682 5.750309 3.980199 7.728224 7.805869 4.0 2.0 7.921187 6.634599 9.710706 2.845472 2.0 4.0 2.0
-1 1418352967.785755 0.0 3.699174 5.921187 8.862951 2.0 4.0 11.589598 0.072814 0.0 2.0 6.960397 2.0 6.960397
-1 1418352968.081398 1.0 1.0 3.980199 2.940988 1.0 3.0 1.0 1.0 4.960397 4.0 2.980199 1.0 2.980199
-1 1418352968.379467 4.864489 1.0 1.0 1.0 2.0 2.940988 0.0 2.980199 2.980199 4.0 2.980199 3.0 2.980199
-1 1418352968.739212 3.88429 2.675287 2.980199 0.0 0.940988 0.0 2.790997 2.88429 4.822964 2.0 0.0 0.940988 0.0
-1 1418352968.953692 1.0 0.0 2.0 2.0 2.0 1.0 2.0 4.0 2.0 2.980199 1.0 2.0 1.0
-1 1418352969.266963 2.980199 6.578472 3.609053 3.0 0.0 3.0 6.399172 2.980199 6.402183 6.0 4.0 1.0 4.0
-1 1418352969.611823 0.940988 0.940988 3.980199 1.0 4.960397 1.980199 0.940988 2.863343 2.631931 1.980199 3.0 4.960397 3.0
-1 1418352969.904252 4.960397 2.980199 4.82567 2.980199 4.0 3.980199 2.980199 1.980199 3.980199 3.980199 6.70996 2.0 6.70996
-1 1418352970.178255 1.940988 2.0 5.881976 6.731593 4.940988 2.980199 4.771195 2.980199 2.980199 4.771195 9.061867 3.980199 9.061867
-1 1418352970.603912 3.0 5.578602 4.882753 7.901385 1.0 2.940988 6.558801 2.0 3.0 7.605231 4.940988 1.0 4.940988
-1 1418352970.904893 7.862951 1.940988 1.0 0.0 1.0 2.0 1.940988 6.901385 4.921187 3.0 2.980199 1.0 2.980199
-1 1418352971.218794 4.825278 3.750309 2.940988 4.864489 2.980199 7.464015 8.480425 7.311858 8.192386 6.881976 3.940988 2.0 3.940988
-1 1418352971.623073 3.483649 3.0 2.940988 3.980199 1.0 1.0 5.823741 1.940988 3.921187 4.751394 1.0 1.0 1.0
-1 1418352971.923760 3.0 2.0 2.0 2.922355 2.0 3.980199 2.0 3.0 2.0 3.980199 2.922355 2.0 2.922355
-1 1418352972.215542 2.061795 2.88429 2.88429 3.88429 0.88429 1.88429 2.869217 6.577899 2.5977 2.88429 5.88429 0.88429 5.88429
-1 1418352972.742378 1.0 2.980199 3.980199 2.733507 1.0 2.0 3.980199 1.0 1.940988 2.88429 3.0 1.0 3.0
-1 1418352973.064960 3.980199 2.980199 4.881976 1.940988 1.940988 2.940988 2.980199 5.980199 3.980199 2.940988 1.0 1.940988 1.0
-1 1418352973.357121 1.0 3.980199 2.0 1.0 2.940988 0.0 2.0 1.940988 1.656639 2.980199 1.0 2.0 1.0
-1 1418352973.715158 4.0 5.922355 7.82567 1.0 1.0 1.0 4.940988 4.980199 3.0 1.0 2.827177 2.980199 2.827177
-1 1418352974.034309 2.980199 3.0 0.0 8.533309 1.940988 3.940988 4.980199 2.980199 2.0 4.823741 2.0 1.0 2.0
-1 1418352974.342902 1.980199 1.0 3.882753 3.823741 0.0 0.0 3.789128 0.940988 1.0 1.845472 5.823741 0.0 5.823741
-1 1418352974.734598 3.921187 1.0 3.0 4.0 2.0 2.940988 3.78646 5.766266 4.921187 4.922355 4.0 3.0 4.0
-1 1418352974.990807 2.88429 2.0 6.672189 10.650142 6.881976 2.940988 3.0 2.88429 4.882753 5.901385 7.709154 5.901385 7.709154
-1 1418352975.310327 2.0 2.0 5.4006 3.0 0.0 2.0 2.0 3.0 3.0 2.922355 0.0 0.0 0.0
-1 1418352975.760064 1.0 2.980199 5.882753 2.0 3.0 2.0 2.371145 2.980199 1.0 2.0 4.882753 2.0 4.882753
-1 1418352976.006014 3.0 2.980199 7.823741 5.88429 2.940988 5.0 3.980199 2.980199 2.0 5.863343 3.0 2.0 3.0
-1 1418352976.329356 1.0 2.980199 3.980199 10.803939 2.0 3.882753 1.940988 1.0 2.0 4.882753 3.922355 5.922355 3.922355
-1 1418352976.764130 2.0 0.0 2.0 0.0 0.0 1.0 2.980199 1.0 4.0 2.940988 0.176698 1.0 0.176698
-1 1418352977.041970 0.0 1.0 2.704346 1.0 1.0 3.0 7.415166 0.0 1.825278 4.0 2.0 2.0 2.0
-1 1418352977.375186 2.0 3.0 1.980199 5.166481 0.0 2.0 3.980199 2.0 3.980199 2.0 1.0 0.0 1.0
-1 1418352977.902615 6.623059 3.813384 7.881584 8.764729 4.980199 4.960397 3.980199 6.623059 5.75398 9.861783 8.84315 3.980199 8.84315
-1 1418352978.153179 2.0 2.0 3.823741 4.78646 2.940988 2.845472 0.0 3.0 0.0 0.0 0.940988 2.0 0.940988
-1 1418352978.451272 2.0 3.882753 4.960397 2.980199 2.0 1.0 1.980199 1.0 2.0 1.980199 4.921187 2.0 4.921187
-1 1418352978.806761 2.980199 3.882753 6.0 4.882753 3.0 5.790997 3.0 1.980199 2.980199 4.0 3.0 4.0 3.0
-1 1418352979.041628 3.498582 1.980199 4.980199 4.0 2.980199 1.0 2.980199 1.0 2.388894 3.980199 6.0 3.980199 6.0
-1 1418352979.334044 1.940988 1.0 0.0 1.587114 1.980199 1.0 2.0 1.940988 4.408743 1.0 0.845472 0.0 0.845472
-1 1418352979.706811 1.940988 4.0 4.701362 6.921187 5.0 6.0 4.414658 1.940988 5.24932 6.922355 4.767827 4.0 4.767827
-1 1418352979.975901 0.0 2.696913 4.0 4.980199 1.621803 2.980199 3.711467 1.0 5.67188 2.980199 3.0 2.621803 3.0
-1 1418352980.232241 2.0 0.0 3.789128 3.730116 2.789128 2.730116 3.789128 2.845472 2.980199 4.671104 5.426357 2.789128 5.426357
-1 1418352980.603571 1.0 1.0 2.940988 3.980199 2.0 2.0 1.0 1.0 0.0 3.980199 3.0 3.0 3.0
-1 1418352980.921384 0.0 4.960397 4.0 1.0 1.0 1.0 1.0 0.0 1.0 2.0 1.0 2.0 1.0
-1 1418352981.191832 2.0 4.746857 4.980199 3.980199 1.0 5.36629 2.881976 3.0 1.940988 9.901385 4.960397 3.0 4.960397
-1 1418352981.556114 6.82567 1.940988 4.805869 4.650796 0.940988 2.940988 3.940988 2.922355 5.882753 1.0 1.845472 0.0 1.845472
-1 1418352981.970011 2.0 5.296925 5.980199 3.0 3.0 2.0 6.569958 0.0 2.940988 4.0 3.0 2.0 3.0
-1 1418352982.226623 0.0 0.0 1.0 0.0 2.0 0.790997 0.0 2.0 0.0 2.751394 0.0 0.0 0.0
-1 1418352982.668951 0.0 0.940988 2.980199 0.0 2.0 0.0 7.671104 0.0 1.940988 0.0 4.71593 1.0 4.71593
-1 1418352983.045122 4.0 4.0 6.0 2.0 2.0 2.0 4.940988 5.940988 4.902554 3.0 2.0 2.0 2.0
-1 1418352983.296102 6.526263 4.863343 3.940988 4.980199 4.0 5.82567 7.686692 8.256445 4.317222 4.0 4.0 2.0 4.0
-1 1418352983.612030 3.0 4.0 3.0 4.980199 3.0 5.0 6.710706 3.0 4.0 7.0 3.0 4.980199 3.0
-1 1418352983.979385 1.980199 4.921187 2.980199 8.636837 4.980199 2.921187 4.921187 1.980199 0.0 3.921187 6.636837 2.980199 6.636837
-1 1418352984.289934 1.0 0.940988 4.940988 0.0 3.922355 1.882753 2.882753 1.0 4.862951 1.738658 3.881976 0.0 3.881976
-1 1418352984.691818 3.805869 7.619352 3.638006 1.0 2.0 2.980199 7.828123 3.746857 2.845472 4.845472 2.940988 1.0 2.940988
-1 1418352985.047882 4.88429 3.980199 5.921187 1.940988 1.940988 2.822964 3.770803 4.789128 3.0 5.803163 0.0 1.881976 0.0
-1 1418352985.349054 5.881976 7.805869 3.0 4.94632 2.0 3.621411 7.249897 5.881976 7.637901 2.531177 3.789128 2.738658 3.789128
-1 1418352985.821555 1.715651 1.0 2.940988 3.980199 1.0 2.0 3.660355 2.715651 1.829815 3.980199 2.0 1.0 2.0
-1 1418352986.069726 2.0 2.0 4.584891 6.766658 1.0 5.0 2.0 2.0 1.0 9.823741 6.766658 2.0 6.766658
-1 1418352986.398306 1.0 2.0 6.787967 2.0 2.88429 5.960397 3.0 2.0 1.0 4.960397 3.0 2.88429 3.0
-1 1418352986.866647 0.0 1.0 2.882753 1.0 0.940988 1.0 2.922355 1.0 2.78646 1.0 2.0 2.980199 2.0
-1 1418352987.107083 1.0 1.0 3.0 2.0 0.0 3.0 1.0 1.0 4.921187 2.0 1.0 0.0 1.0
-1 1418352987.463545 1.0 1.0 5.980199 4.0 4.0 3.0 4.82567 2.0 5.980199 3.0 3.980199 4.940988 3.980199
-1 1418352987.899189 1.0 5.0 4.882753 3.940988 0.0 0.0 4.0 2.0 0.845472 0.940988 3.0 0.0 3.0
-1 1418352988.145160 3.715651 3.0 6.940988 5.922355 7.960397 9.862951 5.0 2.656639 3.0 10.862951 4.980199 5.980199 4.980199
-1 1418352988.518531 1.0 1.0 4.331055 3.0 2.0 5.0 4.940988 1.0 2.0 5.878152 2.940988 2.0 2.940988
-1 1418352989.151532 5.0 0.0 3.0 1.0 1.0 2.0 4.845472 5.0 3.0 3.882753 1.882753 1.0 1.882753
-1 1418352989.433909 2.0 1.0 2.0 1.88429 0.0 0.0 3.980199 3.0 3.980199 0.0 1.88429 0.0 1.88429
-1 1418352989.756357 2.0 0.0 1.980199 3.940988 2.0 4.960397 1.0 2.0 1.0 6.901385 2.0 1.0 2.0
-1 1418352990.058727 1.0 3.676048 4.696913 3.0 5.0 2.0 4.676048 3.940988 1.718465 2.0 4.0 4.0 4.0
-1 1418352990.317137 1.0 4.0 5.940988 6.940988 7.940988 10.827177 6.940988 1.0 1.0 7.940988 6.881976 8.881976 6.881976
-1 1418352990.755721 3.827177 1.0 0.0 0.88429 1.0 2.0 7.744928 5.863343 4.922355 1.940988 0.0 0.0 0.0
-1 1418352991.053973 1.0 1.0 1.0 0.0 1.0 1.940988 3.598403 3.0 0.0 1.0 2.940988 1.0 2.940988
-1 1418352991.303664 3.500798 2.645726 1.940988 0.940988 0.0 0.0 1.500798 2.500798 3.480997 0.0 2.921187 0.0 2.921187
-1 1418352991.684861 2.0 2.980199 8.61213 1.980199 3.0 3.0 3.980199 2.0 6.565208 3.980199 2.980199 3.0 2.980199
-1 1418352992.035843 2.882753 3.882753 2.940988 0.0 1.0 2.0 2.882753 2.882753 6.094814 0.0 3.980199 1.0 3.980199
-1 1418352992.241119 4.940988 6.674887 3.805869 1.0 0.0 2.0 6.523419 3.940988 2.0 3.0 1.940988 0.0 1.940988
-1 1418352992.640108 7.610977 2.0 9.611738 2.822964 3.827177 1.940988 9.970348 7.765505 10.600951 3.428241 0.940988 1.845472 0.940988
-1 1418352993.006428 1.0 3.0 5.921187 4.510999 2.0 1.0 4.980199 3.864489 2.0 5.922355 4.0 6.960397 4.0
-1 1418352993.219924 0.940988 1.0 3.0 0.0 3.940988 1.0 1.0 0.0 2.980199 0.0 0.0 1.0 0.0
-1 1418352993.516723 5.134834 2.805869 8.804332 1.0 1.0 1.0 2.805869 2.390944 2.643919 1.980199 1.0 1.0 1.0
-1 1418352993.829351 0.940988 3.805869 0.940988 6.901385 2.921187 4.0 5.710706 3.921187 1.940988 5.82567 1.940988 2.980199 1.940988
-1 1418352994.111012 3.0 4.0 6.862951 2.0 1.0 5.0 4.738776 2.0 2.0 5.980199 5.940988 1.0 5.940988
-1 1418352994.401856 1.922355 0.940988 4.940988 2.0 1.0 5.863343 2.940988 1.922355 0.0 6.882753 1.0 2.0 1.0
-1 1418352994.798607 0.940988 1.0 3.980199 2.940988 1.0 1.0 1.0 2.921187 1.940988 0.0 2.0 0.0 2.0
-1 1418352995.113206 0.0 5.882753 3.575233 2.82567 3.825278 1.940988 6.423371 2.940988 0.0 2.88429 4.669212 2.864489 4.669212
-1 1418352995.409313 2.0 2.0 2.88429 0.0 1.829815 0.0 1.0 1.0 2.980199 0.0 2.0 0.0 2.0
-1 1418352995.816392 4.071315 1.0 2.88429 4.940988 2.0 1.980199 1.940988 1.940988 3.940988 1.980199 4.940988 1.0 4.940988
-1 1418352996.152102 1.0 2.0 1.86678 2.0 3.0 1.0 3.980199 1.88429 1.0 2.0 2.0 2.0 2.0
-1 1418352996.424300 2.980199 6.960397 3.0 0.715651 2.0 3.0 6.960397 2.980199 1.0 2.88429 0.0 2.0 0.0
-1 1418352996.939746 6.748026 1.940988 2.0 2.0 4.0 2.0 4.805869 3.845472 2.882753 2.0 2.0 2.0 2.0
-1 1418352997.178016 2.0 5.769718 8.805869 7.0 5.980199 5.980199 6.219095 2.0 3.0 10.472173 8.882753 5.0 8.882753
-1 1418352997.445248 1.0 2.922355 8.844711 8.746096 3.922355 8.764729 3.845472 3.0 4.0 7.803939 4.980199 2.0 4.980199
-1 1418352997.897942 2.714098 6.597627 8.167538 4.804332 2.863343 2.733507 7.597627 4.714098 4.59685 4.584114 2.863343 2.863343 2.863343
-1 1418352998.165719 1.845472 0.845472 1.82873 6.881976 1.0 7.940596 7.674028 2.845472 2.82567 5.845472 1.0 1.0 1.0
-1 1418352998.399263 3.352726 4.287802 1.0 4.738776 3.980199 3.940988 10.202674 3.411738 4.581549 4.640162 3.0 2.980199 3.0
-1 1418352998.666196 1.88429 0.0 3.0 4.0 3.0 4.0 2.0 1.0 1.940988 6.0 4.0 5.980199 4.0
-1 1418352999.044336 1.0 2.88429 3.980199 5.901385 3.980199 5.980199 5.805477 5.345122 2.0 3.0 3.960397 3.980199 3.960397
-1 1418352999.281577 2.0 5.0 4.882753 1.0 4.921187 0.0 7.980199 3.0 3.88429 5.805869 2.0 3.0 2.0
-1 1418352999.565267 6.409504 4.610575 5.980199 4.960397 1.0 3.82567 8.123234 6.409504 11.354259 7.70996 1.0 1.0 1.0
-1 1418352999.975702 1.0 2.980199 4.980199 3.0 3.0 1.0 1.980199 0.0 0.0 1.0 2.0 3.0 2.0
-1 1418353000.228659 1.0 2.0 0.940988 0.0 0.0 2.940988 4.0 1.0 2.980199 3.844711 2.980199 1.0 2.980199
-1 1418353000.493016 3.0 1.940988 3.0 1.0 2.980199 2.0 2.776826 2.0 1.0 2.0 2.980199 3.0 2.980199
-1 1418353000.941576 0.940988 0.0 1.0 0.0 1.0 1.980199 1.0 3.980199 1.0 1.980199 3.0 1.0 3.0
-1 1418353001.220302 4.59092 6.333647 6.980199 3.0 2.0 3.0 8.372466 5.244921 4.636892 3.0 3.0 1.0 3.0
-1 1418353001.555873 3.0 3.0 2.980199 2.0 2.0 7.901385 6.960397 3.0 2.0 10.621764 1.0 3.0 1.0
-1 1418353001.999217 0.0 1.0 5.902554 5.980199 2.0 4.0 4.769326 1.0 1.0 5.0 2.980199 1.0 2.980199
-1 1418353002.343418 5.862175 4.862175 6.598403 5.711483 2.88429 2.88429 3.864489 6.396134 0.0 1.88429 6.595773 0.88429 6.595773
-1 1418353002.667256 1.0 5.980199 2.980199 2.0 3.0 5.960397 4.0 1.0 2.0 3.0 2.940988 2.0 2.940988
-1 1418353003.050337 1.0 0.0 2.0 1.881976 1.0 1.0 1.0 2.0 1.88429 2.0 2.882753 3.921187 2.882753
-1 1418353003.277767 3.0 0.0 2.0 4.980199 1.940988 3.0 2.95205 1.882753 5.308726 3.0 3.980199 4.980199 3.980199
-1 1418353003.576966 2.980199 6.786068 5.805869 4.0 3.0 2.0 6.786068 3.864489 1.0 4.82567 1.940988 4.0 1.940988
-1 1418353003.991593 2.0 2.569187 2.0 2.980199 1.0 4.980199 4.490766 2.0 4.0 3.980199 2.940988 1.0 2.940988
-1 1418353004.234622 2.0 3.0 4.0 2.0 2.0 2.0 2.0 3.0 2.0 2.940988 4.921187 5.921187 4.921187
-1 1418353004.489075 5.59092 1.146126 1.881976 2.980199 1.0 2.0 6.290332 6.475202 1.0 6.843542 4.980199 3.882753 4.980199
-1 1418353005.016143 9.410679 9.636837 5.786068 5.921187 0.0 1.940988 12.237095 4.980199 6.617428 3.921187 4.803939 0.0 4.803939
-1 1418353005.290361 2.7537 6.829815 2.827177 2.0 2.0 2.0 3.660355 2.0 1.940988 1.940988 3.0 2.0 3.0
-1 1418353005.591803 3.748756 3.862175 5.0 4.845472 4.960397 3.0 6.862175 8.631893 4.881976 4.980199 3.0 2.0 3.0
-1 1418353006.040151 0.0 3.65731 7.731593 5.940988 5.0 4.940988 4.459167 0.0 1.940988 5.0 5.0 4.940988 5.0
-1 1418353006.272289 3.960397 3.980199 1.980199 5.504171 3.960397 4.980199 5.980199 3.960397 3.980199 6.980199 10.405556 4.960397 10.405556
-1 1418353006.542336 5.881976 0.0 2.0 3.0 1.0 3.0 6.882753 2.940988 2.0 5.749533 2.0 0.0 2.0
-1 1418353007.028362 8.765505 7.942534 4.766658 1.940988 1.0 0.0 3.805869 2.823741 3.862951 3.0 1.940988 2.980199 1.940988
-1 1418353007.269754 1.0 3.88429 5.882753 3.0 4.0 4.940988 2.980199 2.0 3.0 4.0 5.0 4.0 5.0
-1 1418353007.551221 3.0 1.980199 5.901385 1.0 0.940988 1.0 4.095475 2.845472 5.210735 1.0 0.0 0.940988 0.0
-1 1418353007.906804 3.0 3.526015 7.787967 5.980199 1.0 1.0 3.456461 2.0 1.0 2.0 10.674887 1.0 10.674887
-1 1418353008.266411 1.0 4.391838 0.0 1.0 0.0 1.0 3.385503 5.921187 2.0 3.921187 3.525997 2.0 3.525997
-1 1418353008.552102 1.0 4.0 16.022299 5.611738 2.980199 0.88429 5.468043 2.0 5.901385 7.441401 1.76858 2.810014 1.76858
-1 1418353008.918771 2.0 2.0 5.0 9.881976 5.0 4.0 8.611738 1.0 3.980199 6.921187 4.0 6.0 4.0
-1 1418353009.276042 1.980199 0.0 3.940988 1.0 2.0 1.0 3.960397 1.980199 6.921187 0.0 0.0 2.0 0.0
-1 1418353009.581863 1.0 0.0 4.980199 4.0 4.0 3.0 4.980199 1.0 1.922355 5.980199 2.922355 3.0 2.922355
-1 1418353009.979380 2.980199 3.0 5.864489 4.82567 1.0 2.0 3.980199 4.980199 1.468908 3.88429 3.0 1.940988 3.0
-1 1418353010.298312 2.980199 0.0 2.777476 2.792519 2.0 3.0 2.980199 2.980199 2.0 0.940988 0.0 0.940988 0.0
-1 1418353010.587166 2.882753 1.0 4.0 3.940988 1.0 3.940988 5.677112 4.803939 1.0 6.578994 4.940988 1.940988 4.940988
-1 1418353011.073774 5.647752 1.0 10.767773 5.921187 6.901385 6.862175 2.792519 4.805869 2.82567 4.921187 6.901385 6.862175 6.901385
-1 1418353011.344611 3.0797 4.115497 2.980199 3.0 1.940988 3.845472 10.922563 4.602221 1.882753 2.922355 2.940988 2.0 2.940988
-1 1418353011.692090 0.940988 2.7537 2.980199 1.0 1.0 0.0 3.7537 5.714098 2.0 0.0 0.0 1.0 0.0
-1 1418353012.152408 0.865414 3.863343 2.980199 3.0 2.0 1.0 5.578113 2.823741 0.0 2.980199 3.0 1.0 3.0
-1 1418353012.422992 3.0 0.0 3.715651 2.715651 1.0 1.0 1.0 3.0 0.0 1.715651 2.715651 3.980199 2.715651
-1 1418353012.780749 3.980199 4.805108 4.535919 2.0 1.0 0.940988 2.845472 4.922355 1.0 2.0 1.0 2.0 1.0
-1 1418353013.236625 1.0 1.7537 5.960397 1.0 4.980199 2.0 2.827177 1.940988 3.980199 2.0 1.0 3.0 1.0
-1 1418353013.494583 3.0 2.0 1.701362 2.0 1.0 0.0 4.733899 4.980199 5.062111 0.0 1.0 2.980199 1.0
-1 1418353013.809302 5.882753 5.808929 8.881976 13.592683 8.881976 13.592683 11.368371 5.882753 4.0 13.592683 10.632285 8.881976 10.632285
-1 1418353014.220445 3.808929 1.565762 3.0 4.0 5.0 3.0 1.565762 2.980199 1.0 6.940988 3.940988 5.0 3.940988
-1 1418353014.518416 0.88429 0.0 2.0 2.0 4.0 2.0 1.980199 1.0 0.0 2.0 2.980199 1.0 2.980199
-1 1418353014.942220 2.0 1.980199 7.862951 3.0 2.0 2.0 1.980199 2.0 4.882753 2.0 4.0 3.0 4.0
-1 1418353015.272809 4.771195 4.980199 6.843542 5.768165 2.822964 3.804332 6.624011 3.980199 4.960397 4.881976 6.807376 2.881976 6.807376
-1 1418353015.612817 2.0 1.0 4.922355 1.0 3.0 2.0 2.940988 1.980199 2.882753 3.0 2.0 3.0 2.0
-1 1418353015.949181 0.0 1.0 1.0 2.922355 1.0 2.0 2.980199 0.715651 1.0 4.0 1.0 0.0 1.0
-1 1418353016.306025 1.704346 0.940988 2.845472 2.0 2.0 4.0 5.881976 2.940988 2.0 4.0 3.980199 2.0 3.980199
-1 1418353016.584344 1.0 0.0 6.805869 7.540063 8.688622 4.786068 2.881976 1.0 2.82873 7.688622 7.765505 6.688622 7.765505
-1 1418353016.992692 2.0 2.0 4.0 2.980199 3.0 2.0 3.980199 5.805869 2.62897 4.0 2.0 4.0 2.0
-1 1418353017.301748 2.0 0.0 1.0 1.0 0.0 2.0 2.018124 3.0 2.0 3.0 3.540929 2.980199 3.540929
-1 1418353017.623110 1.940988 1.0 4.881976 2.0 0.0 4.0 3.0 1.940988 4.514021 2.0 1.704346 0.0 1.704346
-1 1418353018.122719 5.786068 5.921187 4.980199 1.980199 2.980199 1.980199 5.823741 6.651341 4.806645 1.980199 3.0 2.980199 3.0
-1 1418353018.432777 6.881976 8.343728 5.960397 5.844687 2.940988 2.0 10.784937 6.881976 0.940988 2.980199 6.940596 4.940988 6.940596
-1 1418353018.712103 4.0 3.0 4.940988 0.0 5.940988 4.980199 2.0 3.0 2.0 4.0 5.940988 5.940988 5.940988
-1 1418353019.063287 1.940988 2.940988 3.0 0.0 0.0 0.0 5.901385 3.881976 3.988049 2.0 1.980199 0.0 1.980199
-1 1418353019.340764 5.0 7.844711 5.0 1.0 1.0 2.0 5.980199 5.0 4.0 4.940988 3.0 1.0 3.0
-1 1418353019.620806 3.0 2.940988 2.0 2.940988 0.0 2.940988 4.980199 8.372797 4.940988 2.940988 1.0 1.980199 1.0
-1 1418353019.981538 1.0 0.0 8.769334 6.882753 1.690943 6.805869 1.0 3.353767 5.058055 1.0 3.767827 1.690943 3.767827
-1 1418353020.344342 1.0 3.0 4.0 1.0 4.881976 0.0 2.0 1.0 0.0 1.940988 2.0 1.0 2.0
-1 1418353020.627273 3.0 2.0 0.940988 1.0 2.0 1.0 2.0 3.0 1.0 6.940596 2.980199 1.0 2.980199
-1 1418353021.149635 2.980199 7.086353 2.0 0.0 0.0 2.0 2.82567 2.980199 1.940988 0.0 0.0 0.0 0.0
-1 1418353021.390296 10.597627 6.691297 2.845472 1.0 0.0 0.0 11.554248 10.376234 6.509233 0.0 0.0 0.0 0.0
-1 1418353021.740146 3.827177 6.576733 6.640169 1.940988 2.940988 1.940988 11.437762 3.672649 8.307551 1.940988 1.940988 2.940988 1.940988
-1 1418353022.159319 0.940988 3.940988 5.341576 7.960397 2.980199 6.960397 3.823741 0.940988 2.733507 2.0 1.627478 1.0 1.627478
-1 1418353022.423469 4.862951 1.980199 2.823741 5.823741 2.921187 1.940988 3.676048 3.862951 3.902554 5.803939 8.764729 5.764729 8.764729
-1 1418353022.742684 0.0 0.0 7.921187 4.921187 2.980199 3.980199 2.921187 0.940988 2.980199 6.862175 3.921187 1.0 3.921187
-1 1418353023.206359 2.940988 4.769326 5.825278 2.0 0.0 0.0 9.749525 6.881976 8.472896 0.0 2.88429 0.0 2.88429
-1 1418353023.563671 10.74532 6.882753 9.727056 2.940988 1.845472 2.845472 9.694296 7.863343 4.960397 3.88429 2.0 2.845472 2.0
-1 1418353023.890258 1.0 0.0 5.980199 4.0 3.0 3.0 4.960397 1.0 1.0 3.980199 3.0 1.0 3.0
-1 1418353024.344028 1.53333 3.513528 2.0 3.0 3.0 2.0 1.940988 0.940988 0.940988 4.0 4.0 3.940988 4.0
-1 1418353024.604413 0.0 0.0 5.822964 2.881976 3.940988 2.881976 2.177805 1.0 1.789128 3.881976 2.881976 2.940988 2.881976
-1 1418353024.992659 6.0 8.822964 1.0 1.0 1.0 1.0 5.882753 3.0 4.940988 1.0 1.0 1.845472 1.0
-1 1418353025.361449 3.922355 2.0 2.980199 1.0 0.0 2.0 5.7537 3.940988 4.980199 1.940988 1.0 0.0 1.0
-1 1418353025.666489 0.0 1.0 0.0 1.0 1.0 1.0 2.980199 2.882753 1.0 0.0 1.980199 2.0 1.980199
-1 1418353026.112466 10.385481 5.619976 2.0 8.748364 1.940988 3.940988 4.424637 5.252738 1.0 2.827177 3.827177 1.0 3.827177
-1 1418353026.407086 1.940988 2.64235 2.0 2.940988 2.0 0.0 2.64235 1.940988 8.505811 0.940988 3.0 2.0 3.0
-1 1418353026.698139 4.844687 0.88429 4.0 4.0 1.0 0.940988 2.661767 3.960397 1.424923 4.78646 8.728224 2.0 8.728224
-1 1418353027.209211 5.545406 2.0 8.881976 2.0 4.0 3.0 2.940988 4.735731 2.940988 4.88429 3.0 4.0 3.0
-1 1418353027.458375 2.0 1.0 5.881976 3.881976 2.940988 1.0 1.0 2.0 3.0 2.980199 3.980199 2.0 3.980199
-1 1418353027.785137 2.980199 2.0 4.901385 0.0 3.921187 1.940988 6.864489 5.531516 2.0 2.940988 0.0 2.940988 0.0
-1 1418353028.227217 1.0 0.0 8.84315 0.0 2.0 1.0 2.864489 3.024393 2.0 1.0 4.728224 0.0 4.728224
-1 1418353028.545850 2.864489 2.419266 2.12642 2.0 3.0 1.0 3.494447 3.864489 2.980199 4.0 2.0 0.0 2.0
-1 1418353028.813710 2.0 1.940988 1.468908 5.297923 3.0 1.0 2.940988 1.0 2.0 2.0 10.991051 3.0 10.991051
-1 1418353029.172969 0.0 6.388181 1.0 0.0 0.0 0.0 7.396273 0.0 1.0 2.0 0.0 4.690943 0.0
-1 1418353029.508190 1.0 2.0 2.76858 1.0 0.0 1.0 5.921187 1.0 1.0 2.0 1.0 0.0 1.0
-1 1418353029.796758 2.0 2.940988 2.0 3.0 1.0 2.0 1.0 4.922355 1.881976 3.636453 2.0 0.0 2.0
-1 1418353030.243303 0.457989 2.88429 5.715651 5.585009 5.71302 1.0 2.88429 1.980199 1.980199 2.715651 5.585009 3.715651 5.585009
-1 1418353030.476141 1.0 0.0 0.0 2.0 2.0 1.0 0.0 2.0 1.0 1.0 2.940988 0.940988 2.940988
-1 1418353030.742705 2.0 1.940988 12.744928 1.980199 2.0 1.0 5.881976 1.940988 3.0 1.0 0.0 2.0 0.0
-1 1418353031.213168 7.272263 4.980199 2.0 3.0 2.0 2.940988 3.980199 5.694296 3.980199 1.940988 3.0 2.0 3.0
-1 1418353031.489566 3.980199 5.0 1.0 2.0 2.0 2.0 6.691682 6.772718 5.587875 2.0 1.0 2.0 1.0
-1 1418353031.789990 1.0 2.882753 7.862175 2.0 3.0 3.980199 1.0 1.0 5.0 2.0 0.940988 2.0 0.940988
-1 1418353032.260457 2.980199 2.0 4.902554 7.844687 2.0 4.940988 2.0 2.0 3.769718 4.980199 4.0 3.0 4.0
-1 1418353032.615260 4.0 0.0 0.0 0.940988 1.0 4.921187 2.0 4.0 2.980199 2.980199 3.881976 2.0 3.881976
-1 1418353032.915557 0.940988 2.790997 5.808929 6.0 3.0 3.0 4.863343 0.940988 0.0 3.0 6.0 2.0 6.0
-1 1418353033.304794 2.0 1.0 1.0 1.0 0.0 4.882753 1.0 5.940988 1.0 2.940988 1.940988 0.0 1.940988
-1 1418353033.582369 0.0 3.0 2.0 3.0 1.0 1.0 1.0 0.0 1.0 0.0 1.0 1.0 1.0
-1 1418353033.906648 1.0 0.0 3.0 4.881976 3.0 2.0 1.980199 1.0 2.940988 2.0 1.0 3.0 1.0
-1 1418353034.380394 7.769718 3.0 3.940988 7.901385 1.940988 6.746857 6.78646 7.471198 5.921187 7.688622 5.921187 2.940988 5.921187
-1 1418353034.632517 2.940988 2.408692 3.922355 2.0 1.0 1.0 1.0 2.940988 0.940988 4.980199 2.0 3.0 2.0
-1 1418353035.113023 2.0 3.0 5.921187 5.960397 2.980199 5.902554 2.980199 2.0 2.980199 4.921187 6.598388 2.980199 6.598388
-1 1418353035.469353 5.864489 5.980199 3.980199 4.921187 3.960397 1.940988 4.980199 5.862951 2.980199 1.0 3.0 2.940988 3.0
-1 1418353035.835090 1.0 2.980199 4.940988 4.980199 4.0 3.0 4.902554 1.0 2.0 3.0 2.0 4.0 2.0
-1 1418353036.272622 1.0 1.0 7.483085 6.769326 1.0 2.980199 1.980199 3.940988 1.0 4.960397 5.789128 2.0 5.789128
-1 1418353036.573965 2.0 4.940988 3.0 4.750309 3.0 3.0 6.766658 5.825278 2.0 5.921187 4.940988 2.0 4.940988
-1 1418353036.806516 0.940988 6.630002 4.0 3.940988 1.922355 2.0 4.922355 1.940988 1.0 6.823741 5.58271 1.0 5.58271
-1 1418353037.155920 1.0 3.0 6.862951 1.0 0.0 0.0 2.0 0.0 4.940988 0.0 1.980199 1.0 1.980199
-1 1418353037.444619 6.5416 6.597627 3.0 4.0 3.0 5.980199 13.52441 5.65731 7.18389 6.980199 3.0 4.0 3.0
-1 1418353037.648452 1.940988 1.845472 7.749917 5.980199 5.980199 3.922355 4.845472 1.0 2.0 4.922355 4.0 3.0 4.0
-1 1418353037.982168 3.0 2.789128 1.940988 4.980199 1.0 4.921187 3.789128 5.960397 1.304718 4.921187 3.980199 2.0 3.980199
-1 1418353038.447271 1.0 1.88429 0.940988 0.0 0.0 0.0 1.71279 0.845472 2.0 0.0 4.681168 1.0 4.681168
-1 1418353038.671473 4.649795 3.980199 5.0 5.0 5.76858 5.0 12.499773 7.477749 0.0 7.881976 7.940988 6.76858 7.940988
-1 1418353039.015751 2.980199 0.940988 2.0 3.827177 3.0 2.0 1.829815 2.0 3.825278 3.0 3.0 4.0 3.0
-1 1418353039.467362 9.388181 4.0 8.882753 3.0 0.0 1.524637 5.980199 3.940988 4.35393 3.980199 3.980199 0.0 3.980199
-1 1418353039.776573 3.940988 3.0 0.940988 1.0 0.940988 2.0 4.940988 4.0 3.940988 3.980199 2.0 3.0 2.0
-1 1418353040.172314 2.0 1.0 3.0 7.902554 2.0 4.0 2.940988 2.0 2.0 5.980199 6.845472 2.980199 6.845472
-1 1418353040.475250 1.940988 4.967658 6.940988 2.980199 2.0 2.0 5.908646 3.940988 2.882753 1.0 1.0 1.0 1.0
-1 1418353040.738355 0.0 1.0 2.790997 2.790997 1.940988 1.940988 1.0 1.0 5.805869 0.0 2.790997 0.940988 2.790997
-1 1418353041.051731 3.940988 1.0 1.0 1.0 0.790997 1.0 2.82567 2.882753 2.0 4.0 1.0 2.0 1.0
-1 1418353041.432354 4.0 1.0 5.748779 5.0 3.0 1.0 2.0 4.715651 3.713352 2.940988 2.0 2.0 2.0
-1 1418353041.659054 4.0 5.749525 5.0 2.0 2.922355 2.0 8.505804 3.940988 4.882753 2.0 3.0 3.714874 3.0
-1 1418353041.972695 3.494447 5.728224 5.0 5.980199 3.0 5.0 11.525221 4.494447 8.506588 6.0 3.980199 3.0 3.980199
-1 1418353042.386535 1.980199 2.940988 9.844711 6.660355 8.844711 3.0 2.980199 1.980199 5.656918 5.0 4.776826 5.0 4.776826
-1 1418353042.595082 2.0 3.980199 1.940988 2.0 1.0 4.0 2.980199 2.0 3.0 6.960397 2.0 1.0 2.0
-1 1418353042.921458 2.777476 5.614052 7.352096 1.980199 1.940988 7.748779 6.290004 1.882753 3.882753 9.767773 3.789128 1.0 3.789128
-1 1418353043.365244 0.0 1.940988 7.012022 2.940988 3.881976 7.901385 5.316543 0.0 4.661877 6.901385 2.0 4.881976 2.0
-1 1418353043.635130 2.0 0.0 3.0 2.0 1.0 0.0 1.980199 3.980199 2.459323 0.0 2.0 0.0 2.0
-1 1418353043.950305 1.940988 2.507255 3.980199 2.980199 1.0 1.0 6.423145 3.825278 8.02793 3.0 3.922355 2.0 3.922355
-1 1418353044.395033 2.0 2.940988 10.558024 7.598403 4.597627 4.922355 9.597235 2.715651 5.82873 6.714874 6.676048 4.714874 6.676048
-1 1418353044.668574 1.980199 2.0 1.0 2.0 3.0 2.0 3.960397 3.0 0.0 1.0 2.0 3.0 2.0
-1 1418353044.926653 1.0 1.0 2.940988 0.940988 1.881976 4.822964 6.766658 3.0 2.980199 3.881976 3.940988 1.881976 3.940988
-1 1418353045.257511 6.790997 4.940988 10.708423 5.921187 5.960397 2.940988 8.558416 6.790997 6.512499 4.78646 4.0 5.960397 4.0
-1 1418353045.538055 2.0 1.0 2.0 0.0 0.0 2.0 1.0 2.792519 3.0 8.65731 2.881976 0.0 2.881976
-1 1418353045.791421 0.0 1.0 0.0 2.980199 1.845472 0.0 2.845472 0.0 3.882753 1.0 1.0 1.845472 1.0
-1 1418353046.132041 1.980199 3.960397 2.0 2.0 0.0 1.0 4.921187 5.842374 4.921187 1.940988 3.0 0.0 3.0
-1 1418353046.488724 2.0 3.775334 4.940988 3.0 2.0 1.0 10.931339 3.0 1.0 4.980199 2.0 1.0 2.0
-1 1418353046.731394 6.0 4.0 8.766658 6.688622 3.980199 5.32391 4.940988 3.882753 4.0 7.862951 3.864489 1.980199 3.864489
-1 1418353047.067354 1.980199 1.980199 7.748779 0.0 0.0 0.940988 7.407158 1.980199 4.882753 1.0 0.0 2.0 0.0
-1 1418353047.468674 5.980199 4.0 4.0 1.0 2.922355 4.0 6.568466 4.940988 9.74532 5.0 4.0 2.0 4.0
-1 1418353047.740662 5.609168 4.921187 5.882753 3.0 2.0 1.0 6.881976 3.921187 2.0 2.0 3.980199 2.0 3.980199
-1 1418353048.107646 0.0 0.0 4.980199 2.0 1.0 2.0 5.789128 0.0 6.730116 3.980199 0.0 2.0 0.0
-1 1418353048.527140 3.863343 7.268907 6.940988 6.960397 5.0 5.0 6.64342 3.863343 1.0 5.0 7.960397 4.0 7.960397
-1 1418353048.772832 1.0 1.0 6.882753 6.882753 3.922355 3.922355 2.0 2.0 1.0 6.823741 7.862951 3.922355 7.862951
-1 1418353049.208860 1.0 4.0 6.733507 2.7537 0.0 0.0 4.0 1.0 1.922355 2.0 4.623059 1.980199 4.623059
-1 1418353049.597464 2.0 1.0 3.0 3.980199 2.0 2.980199 2.74018 2.704346 1.579219 3.980199 3.0 2.0 3.0
-1 1418353049.915604 0.0 1.980199 8.609032 2.881976 2.940988 1.0 2.085462 1.0 1.980199 2.980199 2.881976 2.940988 2.881976
-1 1418353050.289875 3.980199 2.940988 3.0 2.921187 1.0 1.980199 2.0 4.980199 5.82567 5.980199 1.940988 0.0 1.940988
-1 1418353050.575022 2.980199 2.980199 7.881976 2.0 3.0 2.922355 2.980199 3.980199 2.980199 5.538094 5.881976 1.0 5.881976
-1 1418353050.865005 1.0 0.940988 6.960397 3.0 1.0 1.0 1.940988 2.0 0.0 4.921187 3.0 2.0 3.0
-1 1418353051.163715 2.0 2.980199 3.882753 1.0 2.882753 3.0 3.980199 2.0 2.0 5.882753 3.030246 1.0 3.030246
-1 1418353051.545796 2.0 4.960397 5.634599 0.0 0.0 0.0 3.76858 3.82873 2.733507 0.0 0.0 0.0 0.0
-1 1418353051.854578 0.0 2.940988 4.980199 2.0 3.980199 3.0 4.553735 0.0 1.0 3.0 3.0 4.980199 3.0
-1 1418353052.240073 4.846979 1.0 2.940988 1.940988 1.0 1.0 1.0 1.0 7.521866 2.0 0.940988 2.0 0.940988
-1 1418353052.620622 1.0 1.980199 3.805869 7.882753 3.823741 7.844711 2.980199 1.0 2.922355 4.0 8.70993 2.0 8.70993
-1 1418353052.901912 3.0 1.980199 6.970157 0.940988 0.0 2.940988 2.0 3.0 1.0 1.940988 4.223132 5.561794 4.223132
-1 1418353053.408972 6.114035 3.0 5.762081 5.940988 2.0 3.940988 8.158578 3.960397 5.790997 4.656639 6.542436 3.940988 6.542436
-1 1418353053.665050 3.0 3.0 3.980199 4.0 4.0 2.922355 4.864489 1.0 3.862951 2.88429 3.0 3.0 3.0
-1 1418353054.037847 1.0 1.0 4.960397 0.940988 1.0 5.632285 1.940988 1.0 2.0 2.940988 0.0 2.980199 0.0
-1 1418353054.470405 3.0 4.0 3.980199 2.0 3.0 0.0 4.789128 3.0 1.587941 1.0 2.0 2.0 2.0
-1 1418353054.740121 3.922355 2.882753 1.519584 3.940988 0.0 3.940988 3.0 4.863343 3.980199 5.881976 2.0 0.0 2.0
-1 1418353055.190779 1.980199 0.0 3.0 5.583456 2.0 1.940988 2.864489 1.980199 2.0 1.940988 5.583456 1.940988 5.583456
-1 1418353055.616192 5.921187 2.980199 2.0 2.980199 0.0 2.0 1.0 2.980199 4.980199 1.0 0.0 0.0 0.0
-1 1418353055.837946 3.789128 11.301973 3.980199 1.0 2.0 2.0 14.976439 4.789128 8.769326 2.882753 1.0 1.0 1.0
-1 1418353056.137626 2.0 1.0 6.823741 0.0 2.980199 0.940988 2.0 1.0 2.0 1.980199 3.882753 2.0 3.882753
-1 1418353056.503894 3.0 4.0 2.825278 6.595682 4.881976 0.940988 7.921187 3.980199 2.0 3.921187 5.766658 0.940988 5.766658
-1 1418353056.744074 3.0 3.0 5.0 4.0 2.0 2.0 2.0 3.845472 2.0 1.0 2.0 2.0 2.0
-1 1418353057.064211 3.825278 2.0 2.921187 0.0 1.0 0.0 3.813384 4.825278 3.805477 1.0 4.960397 2.980199 4.960397
-1 1418353057.469128 8.881976 3.0 8.803163 8.940596 6.940596 8.881976 3.661877 3.0 6.940988 7.881976 8.862175 6.940596 8.862175
-1 1418353057.735460 1.0 2.0 4.921187 2.0 3.0 1.0 3.676048 1.0 2.921187 1.0 0.940988 1.0 0.940988
-1 1418353058.085552 1.0 1.0 1.980199 3.940988 1.881976 3.881976 1.0 1.0 3.0 2.0 1.0 0.0 1.0
-1 1418353058.485574 2.342195 6.333618 6.52286 7.0 8.0 4.0 14.169788 3.322002 1.845472 4.0 5.980199 8.980199 5.980199
-1 1418353058.766345 4.0 5.488718 6.940988 3.940988 4.940988 1.0 5.814446 3.980199 3.940988 4.805869 5.843542 3.0 5.843542
-1 1418353059.130560 2.0 0.0 3.881976 3.881976 1.88429 2.921187 1.0 2.0 1.0 0.0 2.940988 1.980199 2.940988
-1 1418353059.566441 7.730606 5.391465 3.960397 2.0 2.0 0.792519 4.449079 8.217533 4.545406 3.772718 2.0 2.0 2.0
-1 1418353059.822587 1.829815 0.0 1.940988 1.940988 0.0 1.0 2.921187 3.980199 5.980199 1.88429 2.335576 0.0 2.335576
-1 1418353060.127118 3.82873 2.0 4.0 0.0 0.0 0.0 3.585009 3.567139 3.0 0.0 0.0 0.0 0.0
-1 1418353060.515445 0.0 1.0 0.0 5.960397 0.940988 2.940988 1.980199 1.0 3.717422 4.882753 1.0 2.921187 1.0
-1 1418353060.828344 0.0 3.506588 1.940988 7.822964 1.940988 7.881976 8.735099 0.45924 1.827177 3.0 4.693957 2.0 4.693957
-1 1418353061.181758 5.960397 3.0 5.710314 6.807376 5.751002 6.770803 3.980199 2.0 1.0 6.770803 2.980199 3.921187 2.980199
-1 1418353061.576501 2.63723 1.776826 4.0 2.0 2.0 4.0 1.776826 0.0 1.940988 3.0 2.0 1.0 2.0
-1 1418353061.826829 1.980199 3.987096 2.7537 0.0 2.0 1.0 6.500798 2.940988 3.0 1.0 0.940988 2.0 0.940988
-1 1418353062.150099 0.0 0.0 3.0 2.0 2.0 3.0 2.0 2.0 1.0 2.940988 2.0 2.0 2.0
-1 1418353062.620103 2.980199 2.0 5.825278 6.921187 2.0 5.940988 2.0 2.0 2.0 3.940988 6.921187 2.0 6.921187
-1 1418353062.840784 3.0 4.0 3.980199 2.0 2.0 2.0 4.0 4.0 2.0 5.0 0.0 1.0 0.0
-1 1418353063.156000 2.940988 4.921187 4.980199 6.676048 1.0 3.0 7.598388 3.940988 3.940988 3.980199 6.752171 1.0 6.752171
-1 1418353063.658942 2.922355 2.0 3.980199 4.902554 2.0 4.790997 4.82873 1.0 1.0 5.583516 2.980199 3.0 2.980199
-1 1418353063.943833 1.0 1.0 0.0 1.0 1.0 3.0 8.121644 0.0 3.68156 4.88429 1.0 0.0 1.0
-1 1418353064.347364 3.0 2.0 3.0 4.980199 3.940988 3.0 6.757025 4.902554 3.980199 3.0 2.0 2.0 2.0
-1 1418353064.725030 3.0 2.881976 2.980199 2.921187 2.0 1.940988 2.0 2.0 5.0 2.980199 1.980199 4.862175 1.980199
-1 1418353065.014015 0.0 0.940988 0.0 0.0 0.0 0.0 0.0 0.0 0.0 1.0 1.980199 0.0 1.980199
-1 1418353065.347812 0.0 3.921187 0.0 2.980199 1.0 1.0 5.901385 0.940988 0.0 3.960397 2.733899 0.0 2.733899
-1 1418353065.697124 4.882753 3.922355 3.0 1.940988 3.0 1.940988 3.922355 3.922355 7.556502 5.881976 1.922355 3.940988 1.922355
-1 1418353066.017127 2.0 3.980199 3.0 4.980199 2.940988 3.980199 3.0 2.0 3.0 5.921187 4.0 4.980199 4.0
-1 1418353066.407083 5.940988 5.980199 3.0 6.803939 2.88429 1.0 4.980199 5.940988 5.940988 2.0 3.940988 0.0 3.940988
-1 1418353066.775482 1.940988 2.0 4.843542 2.940988 1.940988 3.0 2.772718 2.940988 1.665528 3.881976 0.940988 1.940988 0.940988
-1 1418353067.122133 1.0 4.0 4.0 1.0 3.881976 1.0 3.0 2.0 4.0 2.0 1.0 1.0 1.0
-1 1418353067.546275 6.960397 5.960397 2.940988 1.0 2.0 2.0 10.326415 11.013371 8.940596 3.0 1.0 0.0 1.0
-1 1418353067.808236 1.0 2.0 3.0 3.0 2.0 3.0 2.0 1.0 4.730116 3.0 6.980199 1.0 6.980199
-1 1418353068.123446 7.485343 8.262024 8.597627 3.902554 5.881976 4.82567 12.108288 9.333493 9.971478 7.124702 2.0 2.0 2.0
-1 1418353068.608751 1.0 1.0 2.805869 4.708815 0.0 2.0 2.864489 1.829815 1.0 2.0 6.65058 0.0 6.65058
-1 1418353068.923500 3.741642 1.980199 1.940988 6.901385 1.940988 4.0 5.921187 4.741642 2.980199 4.940988 3.764729 1.940988 3.764729
-1 1418353069.233826 1.980199 0.940988 1.980199 1.0 0.0 1.0 2.940988 1.0 2.0 1.0 2.0 1.0 2.0
-1 1418353069.641946 0.0 1.0 5.980199 2.921187 2.0 4.881976 2.980199 0.0 1.0 4.940988 1.0 3.922355 1.0
-1 1418353069.929034 2.676048 1.0 5.500618 0.715651 2.0 1.715651 3.0 1.729762 1.882753 3.715651 3.88429 2.980199 3.88429
-1 1418353070.247684 1.940988 1.0 3.0 4.922355 1.0 3.980199 1.922355 1.0 3.0 3.0 3.0 1.0 3.0
-1 1418353070.657583 2.750309 0.0 9.763952 5.691297 2.0 1.940988 1.750309 3.750309 1.750309 4.805869 5.632285 2.0 5.632285
-1 1418353070.904054 1.0 1.0 2.741642 1.980199 3.0 2.0 1.0 0.0 1.0 3.0 7.39755 2.0 7.39755
-1 1418353071.235317 2.0 1.940988 3.0 1.0 2.667788 1.0 2.940988 1.0 3.0 2.0 3.0 2.0 3.0
-1 1418353071.730081 1.980199 1.59092 6.940988 5.882753 2.0 2.0 2.571119 1.980199 1.0 3.882753 4.0 2.0 4.0
-1 1418353072.017374 4.980199 2.882753 6.825278 2.940988 2.0 1.0 7.359493 4.940988 6.728224 2.980199 3.940988 2.0 3.940988
-1 1418353072.414084 3.980199 2.0 2.940988 6.713352 2.0 2.0 3.940988 5.347912 2.980199 2.940988 3.0 1.0 3.0
-1 1418353072.745946 7.317322 7.336339 4.750309 8.881976 3.0 3.940988 8.336339 4.415544 4.656639 5.78646 5.750309 4.940988 5.750309
-1 1418353072.979559 0.0 0.0 6.686692 3.940988 4.593858 3.921187 0.0 0.0 0.0 4.766266 0.940988 6.785676 0.940988
-1 1418353073.481260 2.82567 5.0 9.552726 1.0 0.0 2.980199 5.845472 2.82567 1.845472 1.0 1.940988 0.0 1.940988
-1 1418353073.812767 3.863343 2.0 2.845472 4.767827 1.0 3.0 3.940988 1.940988 2.0 2.59092 2.0 2.0 2.0
