-1 1418364673.709044 1.0 1.0 0.8816 1.695683
-1 1418364673.913193 0.0 1.0 2.96 1.0
-1 1418364674.022643 2.0 0.0 2.96 1.0
-1 1418364674.405952 0.0 0.0 0.0 0.0
-1 1418364674.839412 0.0 0.0 0.0 0.0
-1 1418364675.023734 1.0 0.0 0.0 0.0
-1 1418364675.762784 0.0 0.0 0.0 0.0
-1 1418364676.019175 1.0 0.0 0.0 1.0
-1 1418364676.360379 2.0 2.0 2.0 1.0
-1 1418364676.471106 0.0 0.0 0.0 0.0
-1 1418364676.604842 0.0 0.0 0.0 0.0
-1 1418364676.706505 0.0 0.0 0.0 0.0
-1 1418364676.800382 0.0 2.8816 2.0 0.0
-1 1418364676.908947 0.0 1.0 2.96 0.8816
-1 1418364676.990022 1.514012 0.0 0.0 4.732483
-1 1418364677.019661 1.0 2.0 3.96 2.0
-1 1418364677.115041 3.695683 3.0 7.055606 3.772483
-1 1418364677.219530 1.766336 2.0 1.0 5.8816
-1 1418364677.319657 2.0 0.8816 0.0 3.96
-1 1418364677.412028 2.0 1.0 2.766336 2.0
-1 1418364677.514918 2.96 3.0 2.524341 2.0
-1 1418364677.631478 1.0 1.0 1.0 0.0
-1 1418364677.729368 0.0 2.96 2.96 1.0
-1 1418364677.820434 0.0 1.0 1.0 2.0
-1 1418364677.918542 1.0 2.96 2.96 2.96
-1 1418364678.026702 1.0 1.0 4.0 1.96
-1 1418364678.154505 0.0 0.0 1.0 0.0
-1 1418364678.269012 1.0 0.0 0.0 1.0
-1 1418364678.371239 1.0 0.0 1.0 2.0
-1 1418364678.466917 1.0 6.766336 7.507919 4.647936
-1 1418364678.550601 0.0 1.96 2.0 0.0
-1 1418364678.643564 2.0 1.0 4.417029 1.0
-1 1418364678.739282 2.96 2.96 3.96 3.0
-1 1418364678.846351 2.0 4.556316 1.357935 4.8816
-1 1418364678.947316 2.0 4.772483 2.8816 7.7232
-1 1418364679.038956 2.587855 4.514066 5.375221 8.380491
-1 1418364679.134099 1.0 2.846336 9.798626 3.609536
-1 1418364679.223048 2.0 5.8816 10.382441 7.8416
-1 1418364679.316409 2.0 2.587855 4.587855 4.547855
-1 1418364679.417811 4.766336 1.0 1.0 0.8816
-1 1418364679.522403 1.8816 0.0 2.831974 1.661583
-1 1418364679.618108 1.0 4.0 5.612672 3.741583
-1 1418364679.726415 3.8816 2.695683 4.0 0.0
-1 1418364679.821657 1.0 4.0 5.7632 3.0
-1 1418364679.917284 0.8816 3.846336 4.727936 3.806336
-1 1418364680.001723 6.92 0.0 3.96 2.8816
-1 1418364680.083768 5.8416 2.96 5.654083 0.0
-1 1418364680.182887 1.0 1.0 0.0 1.0
-1 1418364680.286411 2.212705 2.96 3.92 10.105031
-1 1418364680.388740 2.8816 1.0 2.96 6.383619
-1 1418364680.480953 0.0 1.0 2.511055 2.8816
-1 1418364680.566843 2.0 1.0 5.96 1.96
-1 1418364680.667975 1.0 3.0 2.772483 2.0
-1 1418364680.812200 1.0 2.8816 4.497095 8.223431
-1 1418364680.932471 9.581403 2.96 2.96 2.8416
-1 1418364681.014957 1.8816 2.96 5.471055 0.0
-1 1418364681.115585 1.96 1.0 3.92 3.92
-1 1418364681.194119 7.647936 1.0 2.8816 1.0
-1 1418364681.308239 2.0 6.647936 6.343619 8.532672
-1 1418364681.404836 0.0 2.0 1.0 1.0
-1 1418364681.491530 2.0 7.277391 7.206738 4.587855
-1 1418364681.596326 1.0 2.96 4.69475 3.0
-1 1418364681.681491 4.96 2.0 2.96 5.766336
-1 1418364681.788886 3.96 5.378991 1.96 1.267022
-1 1418364681.891240 2.0 0.8816 5.727936 2.96
-1 1418364681.988338 1.0 2.0 2.96 1.0
-1 1418364682.007959 0.0 3.8816 4.135767 1.8816
-1 1418364682.104843 8.8816 5.607936 11.457283 10.422019
-1 1418364682.209649 5.627855 0.8816 5.03905 8.649247
-1 1418364682.315588 4.96 3.50236 1.0 2.96
-1 1418364682.410098 1.298485 6.8016 3.96 4.92
-1 1418364682.519388 4.92 0.0 4.0 1.8816
-1 1418364682.612538 3.180732 0.0 2.0 1.450613
-1 1418364682.717474 8.176949 7.953679 6.623183 11.023825
-1 1418364682.825167 1.8816 6.51512 7.352655 2.0
-1 1418364682.925334 4.661583 1.0 1.0 0.0
-1 1418364683.032511 1.0 3.8416 6.687936 3.92
-1 1418364683.116830 3.96 5.55352 5.39672 7.178467
-1 1418364683.214376 2.0 7.005261 6.089853 2.919407
-1 1418364683.309475 0.8816 3.0 2.8816 7.005261
-1 1418364683.405774 3.0 1.0 2.96 3.0
-1 1418364683.530147 6.575683 3.846336 6.308355 2.846336
-1 1418364683.649261 6.575683 8.492672 8.277391 8.300486
-1 1418364683.719428 1.0 2.0 4.0 3.741583
-1 1418364683.861270 3.0 2.0 6.8416 5.727936
-1 1418364683.972042 2.8816 0.0 1.0 1.0
-1 1418364684.018765 1.8816 2.8816 2.0 4.92
-1 1418364684.122202 2.0 3.0 2.772483 3.0
-1 1418364684.211018 2.732483 2.0 4.727936 2.0
-1 1418364684.316742 2.0 1.0 4.766336 3.0
-1 1418364684.400153 4.96 5.453451 5.726336 16.1541
-1 1418364684.489158 7.469455 6.354191 7.03905 7.756374
-1 1418364684.581069 3.268777 4.8816 6.228996 2.0
-1 1418364684.670024 0.0 3.96 5.647936 2.0
-1 1418364684.769759 6.727936 1.00168 4.577283 7.268348
-1 1418364684.870990 1.766336 2.0 3.695683 4.96
-1 1418364684.975904 0.0 2.772483 8.35779 12.35737
-1 1418364685.018028 0.0 1.8816 2.7632 2.7632
-1 1418364685.095805 3.8816 1.0 2.8816 3.695683
-1 1418364685.188719 0.8816 0.0 0.0 1.0
-1 1418364685.271697 0.0 4.96 4.846336 4.8816
-1 1418364685.369017 0.0 2.0 3.0 3.96
-1 1418364685.485128 1.0 3.0 1.96 3.732483
-1 1418364685.578434 2.0 1.0 4.073978 2.8416
-1 1418364685.683560 1.0 4.497283 0.695683 7.457283
-1 1418364685.786857 4.96 11.782515 6.607936 7.801442
-1 1418364685.883821 3.0 8.38232 6.271775 3.0
-1 1418364685.979172 0.0 3.0 6.324121 2.0
-1 1418364686.016293 1.96 2.8816 5.7232 1.0
-1 1418364686.123457 0.0 2.0 1.0 3.96
-1 1418364686.245386 2.0 4.8816 5.577283 3.8816
-1 1418364686.359265 3.96 6.841668 6.470594 6.955396
-1 1418364686.488719 3.0 2.0 5.8816 3.730599
-1 1418364686.588981 3.0 3.0 3.96 6.157389
-1 1418364686.692593 4.484341 4.0 3.0 6.772483
-1 1418364686.791781 3.846336 2.96 4.859626 5.094172
-1 1418364686.968280 0.772483 1.654083 0.8816 2.47672
-1 1418364687.034621 2.0 2.414515 8.0183 3.96
-1 1418364687.142414 2.8816 0.0 2.0 3.0
-1 1418364687.247985 1.0 3.92 2.96 2.96
-1 1418364687.342501 1.96 1.0 3.63192 8.535683
-1 1418364687.436393 2.96 1.96 0.8816 1.96
-1 1418364687.533143 4.647936 2.8816 5.365941 3.7632
-1 1418364687.641028 8.8016 2.96 3.96 4.96
-1 1418364687.740486 0.0 6.946421 2.0 1.0
-1 1418364687.827874 6.8416 7.8416 12.152965 5.612672
-1 1418364687.937935 0.0 1.0 2.96 2.601141
-1 1418364688.033559 5.0 1.0 1.0 5.615683
-1 1418364688.137213 1.0 1.96 1.0 4.96
-1 1418364688.227813 1.0 4.283538 3.165138 6.312655
-1 1418364688.339370 4.0 3.390077 4.537283 2.766336
-1 1418364688.440809 1.96 5.726336 4.655683 5.766336
-1 1418364688.540303 1.0 0.0 1.0 10.346565
-1 1418364688.626546 2.647936 4.8816 7.7632 2.0
-1 1418364688.738321 4.431663 1.0 7.175238 2.96
-1 1418364688.837431 0.153978 0.0 1.26778 5.8416
-1 1418364688.937754 0.0 1.0 2.0 6.726336
-1 1418364689.041569 1.0 1.96 1.8816 8.422019
-1 1418364689.130340 1.0 3.0 1.450613 6.272894
-1 1418364689.229119 3.587855 3.212341 5.494574 6.063563
-1 1418364689.340188 3.8816 1.0 1.0 7.564217
-1 1418364689.458893 1.96 1.96 1.96 5.8816
-1 1418364689.546845 1.96 4.7632 7.614083 5.8416
-1 1418364689.636659 1.0 8.772982 6.452758 8.095689
-1 1418364689.736498 2.0 1.0 1.0 4.846336
-1 1418364689.831138 3.96 1.0 0.0 3.647936
-1 1418364689.938881 0.0 1.0 2.0 1.0
-1 1418364690.036430 4.726336 1.0 3.0 5.418047
-1 1418364690.138394 3.7232 1.0 5.08262 3.8816
-1 1418364690.252948 0.0 2.96 3.0 4.96
-1 1418364690.353249 4.0 1.0 4.0 2.280274
-1 1418364690.459436 4.312589 3.0 4.8816 4.96
-1 1418364690.559779 5.380419 4.8816 4.577283 8.219126
-1 1418364690.679747 1.0 4.766336 2.96 1.0
-1 1418364690.789268 2.96 4.0 7.577283 7.431055
-1 1418364690.888352 2.0 0.0 2.0 2.0
-1 1418364690.978361 2.0 6.323056 6.323056 15.920318
-1 1418364691.024018 1.0 3.0 4.726336 1.0
-1 1418364691.118714 0.8816 5.431055 5.8416 0.0
-1 1418364691.232816 2.0 1.0 6.997178 2.0
-1 1418364691.315631 0.0 1.654083 5.980149 2.615683
-1 1418364691.407073 3.0 5.538819 3.726336 11.084008
-1 1418364691.510665 0.0 8.281456 6.455872 3.8816
-1 1418364691.619687 0.8816 3.577283 6.497283 0.695683
-1 1418364691.714309 2.262923 2.0 0.0 0.0
-1 1418364691.823687 3.0 0.0 3.772483 5.846336
-1 1418364691.964061 2.0 2.96 1.0 5.208033
-1 1418364692.028774 7.92 1.96 4.96 1.0
-1 1418364692.132081 6.0 5.7232 4.8816 3.8816
-1 1418364692.243865 2.0 3.695683 8.838606 3.0
-1 1418364692.331705 2.96 4.365941 8.225219 5.272965
-1 1418364692.423037 6.647936 0.0 3.766336 4.8416
-1 1418364692.533353 3.8816 2.766336 5.391055 2.96
-1 1418364692.641682 4.282566 1.0 2.0 2.96
-1 1418364692.749075 0.0 6.7632 6.661583 7.503183
-1 1418364692.853244 1.667855 0.0 0.0 3.443233
-1 1418364692.967874 1.96 1.0 6.370613 6.620835
-1 1418364693.023873 1.0 1.0 3.0 0.8816
-1 1418364693.121539 2.8816 0.0 4.726336 1.0
-1 1418364693.237709 1.0 6.612672 8.086738 3.766336
-1 1418364693.388028 1.0 1.0 1.0 2.0
-1 1418364693.497597 4.7632 2.0 0.0 0.59512
-1 1418364693.598647 0.0 3.92 8.7616 4.92
-1 1418364693.699534 0.0 0.0 4.937206 6.726336
-1 1418364693.835762 1.0 1.0 1.96 0.0
-1 1418364693.952011 1.0 1.7632 4.8416 1.8816
-1 1418364694.027266 1.0 1.0 5.615683 5.846336
-1 1418364694.255392 1.0 2.0 0.0 1.0
-1 1418364694.362661 1.0 2.0 4.695683 2.0
-1 1418364694.495800 4.0 6.8416 6.7632 8.11585
-1 1418364694.600605 4.0 0.0 2.0 2.0
-1 1418364694.704328 1.0 1.695683 1.96 2.0
-1 1418364694.834558 3.0 1.695683 6.772483 2.0
-1 1418364694.961989 1.0 1.8816 6.607936 2.8816
-1 1418364695.050922 1.0 6.7616 1.8816 2.8816
-1 1418364695.156422 0.0 3.96 2.0 2.0
-1 1418364695.259073 0.0 0.0 0.0 0.0
-1 1418364695.369640 1.0 1.0 5.547855 1.654083
-1 1418364695.457880 1.0 5.96 6.92 7.2622
-1 1418364695.579062 0.0 3.0 1.0 4.577283
-1 1418364695.681950 6.296115 1.0 2.96 2.96
-1 1418364695.782074 1.0 0.0 0.0 2.741583
-1 1418364695.880728 2.96 4.726336 5.766336 2.0
-1 1418364695.984428 1.0 4.8816 5.96 3.0
-1 1418364696.041645 0.0 1.8816 1.0 0.0
-1 1418364696.146997 2.206738 3.0 0.0 6.012402
-1 1418364696.251900 3.0 4.661583 4.661583 6.405941
-1 1418364696.383574 1.0 4.0 3.0 3.0
-1 1418364696.486157 2.8816 2.0 5.365941 3.444341
-1 1418364696.577006 4.96 2.0 7.567936 1.96
-1 1418364696.698834 1.59512 1.0 2.846336 5.661583
-1 1418364696.816057 0.8816 1.0 2.357935 6.8416
-1 1418364696.907690 2.0 0.0 6.8416 1.0
-1 1418364697.015119 0.0 2.0 3.587855 1.0
-1 1418364697.112878 1.0 4.0 2.8816 4.96
-1 1418364697.272528 5.370613 1.96 0.772483 0.0
-1 1418364697.370005 9.169141 2.0 4.92 9.195791
-1 1418364697.484155 1.96 3.0 3.897117 4.766336
-1 1418364697.615210 0.0 6.96 1.0 2.968472
-1 1418364697.706528 8.019132 2.615683 2.615683 2.0
-1 1418364697.818802 0.0 3.846336 2.846336 5.919217
-1 1418364697.962215 1.0 2.96 4.96 5.8416
-1 1418364698.019088 4.846336 2.766336 5.806336 5.846336
-1 1418364698.143964 3.96 4.766336 7.8416 2.8416
-1 1418364698.294278 1.212406 4.0 7.55352 4.846336
-1 1418364698.426730 0.0 5.8416 6.88 4.96
-1 1418364698.589182 2.0 1.96 1.0 4.0
-1 1418364698.712361 0.0 3.0 5.695683 3.667855
-1 1418364698.821599 3.0 1.577283 2.0 1.0
-1 1418364698.926185 3.615683 0.0 1.695683 3.655683
-1 1418364699.039685 0.0 4.695683 3.611868 0.450613
-1 1418364699.148386 1.846336 2.275789 5.0 1.0
-1 1418364699.308260 0.0 0.8816 4.0 0.0
-1 1418364699.419538 1.0 2.0 0.0 1.0
-1 1418364699.532000 3.0 2.0 2.0 2.59512
-1 1418364699.609837 3.8816 2.96 6.92 5.654083
-1 1418364699.724295 2.0 1.0 2.732483 5.066296
-1 1418364699.824990 2.8816 6.8416 4.8816 4.7632
-1 1418364699.916573 0.59512 1.695683 2.615683 2.462019
-1 1418364700.045665 3.0 1.395612 3.063467 2.777629
-1 1418364700.145421 4.615683 6.726336 5.647936 5.846336
-1 1418364700.300805 3.199535 2.96 4.96 5.693407
-1 1418364700.409647 2.96 3.293813 6.537283 6.92385
-1 1418364700.531966 1.0 4.8416 4.772483 3.332213
-1 1418364700.631898 1.0 14.311889 5.8622 7.230988
-1 1418364700.784109 4.385555 1.0 3.67192 2.8416
-1 1418364700.920109 5.04775 2.0 7.462019 2.0
-1 1418364701.027436 3.0 11.690126 8.382019 11.201022
-1 1418364701.127144 8.497283 0.0 3.7632 4.175767
-1 1418364701.220611 3.96 1.0 3.766336 9.763817
-1 1418364701.323592 0.0 2.0 1.96 5.8816
-1 1418364701.438770 1.8816 5.806336 3.846336 4.0
-1 1418364701.547556 4.360338 5.96 3.0 6.457283
-1 1418364701.649642 0.0 5.275789 4.729356 3.057574
-1 1418364701.751842 0.0 16.267939 6.391489 2.7632
-1 1418364701.849481 8.532672 7.609536 7.647936 11.659449
-1 1418364701.951687 4.0 3.7632 3.8816 5.8416
-1 1418364702.040998 0.0 1.0 3.0 5.96
-1 1418364702.143270 3.0 4.8816 6.497283 2.0
-1 1418364702.262616 4.8816 6.8016 7.102141 10.158347
-1 1418364702.376182 2.96 4.8416 2.537233 2.8816
-1 1418364702.476640 0.0 5.262411 6.574272 6.304967
-1 1418364702.598752 3.766336 15.869908 2.441456 9.683732
-1 1418364702.704687 3.766336 7.0 4.533311 4.0
-1 1418364702.800814 2.96 7.074975 9.173813 2.96
-1 1418364702.914028 2.846336 4.96 3.92 1.0
-1 1418364703.007222 11.022111 2.432589 2.8816 12.865672
-1 1418364703.116458 2.766336 9.690643 13.706716 10.748754
-1 1418364703.249743 8.88 5.055905 3.96 7.726336
-1 1418364703.348271 4.0 7.709905 2.601141 3.766336
-1 1418364703.443583 7.655683 3.338762 4.655683 9.060149
-1 1418364703.550660 9.704916 1.0 3.741583 4.423367
-1 1418364703.651369 1.0 2.8816 1.8816 2.772897
-1 1418364703.751772 1.0 7.002196 5.587855 1.0
-1 1418364703.851927 1.96 9.698029 12.848419 21.589869
-1 1418364703.953067 3.8816 3.0 6.51512 3.561141
-1 1418364704.043144 0.0 8.429455 4.8816 3.277935
-1 1418364704.141504 1.0 4.423367 3.345503 4.8816
-1 1418364704.265604 13.408068 2.647936 2.766336 19.294598
-1 1418364704.384022 5.948776 5.382019 13.187548 10.791175
-1 1418364704.498378 0.0 1.8816 0.8816 2.96
-1 1418364704.598302 1.0 8.742167 5.0 3.59512
-1 1418364704.706995 5.726336 2.29767 4.577283 11.124356
-1 1418364704.816023 4.814223 3.695683 2.405941 2.8816
-1 1418364704.935945 1.8816 2.8816 5.96 5.772483
-1 1418364705.015433 1.0 8.682294 5.169863 9.833447
-1 1418364705.110669 0.0 1.0 5.793299 14.815897
-1 1418364705.202237 8.538819 1.0 2.0 8.444341
-1 1418364705.324667 0.0 0.8816 3.440879 0.0
-1 1418364705.451003 1.0 5.497283 6.342019 11.65658
-1 1418364705.573534 4.661583 1.0 7.104696 2.0
-1 1418364705.682670 3.0 7.999724 10.635221 5.575683
-1 1418364705.801311 1.0 12.516718 5.10149 10.672639
-1 1418364705.965806 1.0 3.846336 4.695683 6.589642
-1 1418364706.041018 1.0 4.96 3.846336 2.0
-1 1418364706.156649 2.96 4.0 4.59512 4.8416
-1 1418364706.304503 1.8816 2.0 6.772483 3.0
-1 1418364706.420135 1.0 4.92 1.96 2.96
-1 1418364706.538381 2.0 3.727936 6.723439 4.655683
-1 1418364706.669331 1.0 3.0 7.726935 4.8416
-1 1418364706.762249 3.0 2.96 4.8416 5.8016
-1 1418364706.878307 4.0 2.8816 5.8416 8.297515
-1 1418364706.985464 4.629275 2.0 5.373624 1.8816
-1 1418364707.027298 3.8816 2.0 5.8416 4.217596
-1 1418364707.186047 4.90102 2.0 2.0 2.0
-1 1418364707.286604 2.96 1.0 3.0 2.0
-1 1418364707.441239 1.0 0.0 0.0 3.0
-1 1418364707.556773 2.0 4.615683 1.96 6.471055
-1 1418364707.659293 2.0 5.92 3.0 2.96
-1 1418364707.760110 2.0 5.330613 7.620108 8.607936
-1 1418364707.860376 1.0 5.96 3.67192 2.8816
-1 1418364707.969970 1.0 3.846336 3.8816 2.0
-1 1418364708.039576 0.924745 1.0 2.661583 6.497283
-1 1418364708.159214 3.96 2.0 4.96 0.8816
-1 1418364708.269986 4.325941 3.153978 4.67192 3.0
-1 1418364708.369001 2.96 6.96 6.96 5.695683
-1 1418364708.471764 0.0 2.96 3.96 2.96
-1 1418364708.576460 2.0 3.8816 2.257727 2.0
-1 1418364708.696690 1.0 13.401967 5.8816 10.449208
-1 1418364708.803503 2.0 6.173813 9.192965 12.56946
-1 1418364708.911933 6.406508 4.6448 6.213813 11.414272
-1 1418364709.022584 3.343617 2.0 4.649916 2.7632
-1 1418364709.167062 0.0 2.0 3.96 6.96
-1 1418364709.271225 1.0 2.8816 3.0 1.96
-1 1418364709.387209 1.766336 2.0 6.8816 4.766336
-1 1418364709.518338 2.0 1.0 1.231393 2.96
-1 1418364709.622777 0.0 0.0 1.0 0.0
-1 1418364709.717369 2.0 1.8816 2.7632 3.8416
-1 1418364709.847229 8.522665 2.96 1.0 3.462019
-1 1418364709.948931 2.0 2.96 7.615683 7.845733
-1 1418364710.029731 0.0 6.197999 3.96 2.577095
-1 1418364710.137275 0.8816 0.8816 4.623433 0.0
-1 1418364710.253184 1.0 1.0 4.67192 1.96
-1 1418364710.336448 2.96 4.96 5.92 4.96
-1 1418364710.423220 3.0 2.96 2.0 2.577095
-1 1418364710.538381 5.8816 6.735506 8.803683 5.510338
-1 1418364710.681906 6.26567 5.450613 3.846336 7.872632
-1 1418364710.770365 2.96 1.0 5.766336 3.96
-1 1418364710.868787 2.0 3.654083 1.96 3.96
-1 1418364710.983970 2.0 3.0 2.8816 2.0
-1 1418364711.013736 3.0 5.497283 6.654083 4.615683
-1 1418364711.115814 1.0 3.0 2.846336 1.0
-1 1418364711.223213 0.0 1.0 6.655852 1.0
-1 1418364711.351928 1.0 3.96 4.8816 2.0
-1 1418364711.464935 4.239535 3.391365 7.085202 1.8816
-1 1418364711.585441 1.846336 4.92 7.537283 8.114975
-1 1418364711.693997 0.0 1.8816 2.0 10.187875
-1 1418364711.800777 3.846336 1.0 2.0 3.8816
-1 1418364711.899798 0.0 0.8816 1.766336 3.0
-1 1418364712.004172 2.0 7.965506 6.426728 5.363538
-1 1418364712.118058 0.0 7.645279 7.388165 3.8416
-1 1418364712.247704 5.0 3.766336 1.0 3.403233
-1 1418364712.364048 4.846336 2.7632 2.7632 7.271663
-1 1418364712.471438 3.8816 3.96 2.947708 5.173813
-1 1418364712.588699 0.0 2.0 4.0 1.511055
-1 1418364712.757514 1.0 1.0 4.135905 1.96
-1 1418364712.861301 3.96 4.0 1.0 2.0
-1 1418364712.998650 2.0 0.0 4.418695 1.0
-1 1418364713.028505 1.0 0.0 6.366433 3.8816
-1 1418364713.134015 2.0 2.0 1.0 2.8816
-1 1418364713.275356 3.96 3.0 4.0 8.422422
-1 1418364713.394457 0.0 3.96 0.0 7.727936
-1 1418364713.514874 1.0 6.547855 3.96 0.0
-1 1418364713.628034 1.0 2.0 4.405941 3.0
-1 1418364713.748765 0.0 0.0 2.656662 1.772483
-1 1418364713.869969 3.0 1.766336 1.0 3.0
-1 1418364714.000628 3.0 1.0 3.8816 6.988598
-1 1418364714.029791 2.0 1.0 3.0 1.96
-1 1418364714.130017 1.0 1.0 0.0 0.8816
-1 1418364714.241069 1.0 3.0 1.0 1.8816
-1 1418364714.382358 2.538819 2.0 6.8016 2.0
-1 1418364714.489632 2.0 3.0 4.0 2.772483
-1 1418364714.608794 2.647936 2.0 5.8816 1.0
-1 1418364714.724188 4.96 2.511055 5.471055 1.524341
-1 1418364714.833335 1.96 4.7632 6.7232 5.503183
-1 1418364715.017123 1.0 0.0 2.0 1.0
-1 1418364715.122988 1.772483 1.0 1.96 1.587855
-1 1418364715.217399 12.678938 1.0 4.357935 2.8816
-1 1418364715.331921 1.661583 1.0 2.511345 3.0
-1 1418364715.489950 1.0 2.0 6.176258 4.403233
-1 1418364715.606876 3.96 1.511055 4.392655 5.804868
-1 1418364715.727897 2.0 4.695683 5.514191 2.0
-1 1418364715.852925 0.0 1.0 3.96 9.045261
-1 1418364715.922063 0.0 2.96 1.0 0.0
-1 1418364716.032141 2.8816 2.0 3.067957 1.96
-1 1418364716.139356 1.0 3.0 3.96 4.96
-1 1418364716.253519 0.0 0.0 2.772483 1.0
-1 1418364716.363870 1.0 4.59512 6.726336 2.0
-1 1418364716.483067 2.8816 1.0 2.727936 1.8816
-1 1418364716.614867 1.0 3.0 2.0 1.0
-1 1418364716.731863 1.0 4.587855 2.0 4.96
-1 1418364716.822710 0.0 3.0 0.34625 2.0
-1 1418364716.940336 1.0 2.96 3.0 3.846336
-1 1418364717.045166 3.195789 4.450613 5.55352 5.651748
-1 1418364717.152155 1.0 8.157701 9.997701 5.577283
-1 1418364717.254466 1.0 1.0 1.96 0.0
-1 1418364717.361379 1.0 2.0 3.8816 1.0
-1 1418364717.468911 5.397212 3.0 11.427626 3.8416
-1 1418364717.616712 0.0 2.96 4.0 2.766336
-1 1418364717.732887 2.0 4.96 6.655683 4.710346
-1 1418364717.840536 3.0 3.96 3.0 1.0
-1 1418364717.953236 1.0 1.0 1.0 0.0
-1 1418364718.033437 1.0 1.0 5.8416 0.0
-1 1418364718.152776 6.708328 1.0 7.343619 7.642472
-1 1418364718.254462 5.491315 4.0 7.675644 6.732483
-1 1418364718.339889 7.8416 1.0 1.508463 2.0
-1 1418364718.454556 3.0 1.0 3.8816 5.971471
-1 1418364718.566577 8.801655 1.0 2.8816 2.96
-1 1418364718.671187 0.0 2.0 1.0 2.0
-1 1418364718.787170 0.0 2.0 2.96 0.0
-1 1418364718.887456 1.0 1.0 2.0 0.298485
-1 1418364719.000556 1.766336 3.96 1.0 4.71164
-1 1418364719.091203 0.8816 0.0 0.0 2.772483
-1 1418364719.205031 0.0 2.96 2.0 1.8816
-1 1418364719.319237 5.701583 0.601141 4.042533 5.741226
-1 1418364719.421004 1.0 3.0 3.96 3.0
-1 1418364719.532870 2.0 0.0 4.923533 3.766336
-1 1418364719.653636 2.8816 1.0 2.8816 2.766336
-1 1418364719.761865 0.0 2.0 1.772483 0.0
-1 1418364719.882019 4.0 4.383367 4.645494 1.96
-1 1418364719.997818 4.615683 2.0 4.146838 1.0
-1 1418364720.030025 1.0 1.0 8.482898 3.0
-1 1418364720.152474 0.0 1.0 2.96 1.96
-1 1418364720.276625 1.0 4.846336 6.357672 4.8816
-1 1418364720.427191 1.0 1.577283 2.615683 4.92
-1 1418364720.553445 1.0 1.0 4.0 1.0
-1 1418364720.703916 3.547855 2.0 5.695683 5.695683
-1 1418364720.835323 3.605043 2.0 4.0 3.766336
-1 1418364720.974532 5.8416 5.653935 5.732483 3.8816
-1 1418364721.031174 2.0 0.8816 4.046016 3.766336
-1 1418364721.152783 2.96 0.0 3.59512 1.772483
-1 1418364721.274208 4.8816 3.661583 2.615683 2.766336
-1 1418364721.380797 0.0 2.0 1.0 0.8816
-1 1418364721.476322 4.0 0.0 2.577283 2.772483
-1 1418364721.588419 2.0 4.423367 4.511055 4.741583
-1 1418364721.692081 3.8816 15.737395 11.891184 12.346633
-1 1418364721.819422 5.615683 1.0 0.0 3.764516
-1 1418364721.935905 2.0 0.0 1.0 2.8416
-1 1418364722.032470 1.0 1.0 1.96 0.0
-1 1418364722.164243 0.0 4.96 3.96 1.96
-1 1418364722.273914 6.663667 2.96 1.772483 8.422019
-1 1418364722.404329 2.902975 4.307103 2.8816 3.8816
-1 1418364722.552786 1.0 3.0 6.357935 2.0
-1 1418364722.685382 8.445995 3.0 4.766336 2.601141
-1 1418364722.845557 3.7632 4.687576 4.256824 3.484341
-1 1418364723.028589 2.7632 2.0 1.8816 0.8816
-1 1418364723.155427 1.0 0.0 0.0 2.96
-1 1418364723.300097 4.59512 3.726336 6.772483 4.820622
-1 1418364723.421806 4.370613 1.0 4.444341 6.92
-1 1418364723.539683 3.615683 2.8416 1.0 6.357212
-1 1418364723.646301 0.0 2.8416 6.7232 3.647936
-1 1418364723.753146 0.0 1.8816 5.250677 1.0
-1 1418364723.865549 1.0 1.0 3.7232 5.332213
-1 1418364723.963843 4.0 6.587855 8.329439 10.367791
-1 1418364724.030692 3.732483 2.732483 3.96 3.772483
-1 1418364724.113731 0.0 5.726336 3.8416 2.0
-1 1418364724.240690 2.0 1.8816 5.92 3.0
-1 1418364724.342754 2.0 0.0 0.8816 1.8816
-1 1418364724.442388 2.8816 7.471055 4.652912 4.766336
-1 1418364724.546991 1.8816 0.0 3.96 2.0
-1 1418364724.654117 2.0 2.0 3.352589 0.0
-1 1418364724.750482 2.0 2.96 6.463407 2.96
-1 1418364724.858110 5.633638 5.766336 2.695683 4.0
-1 1418364724.968427 8.128033 7.61114 5.696741 7.512298
-1 1418364725.024288 0.8816 2.695683 2.96 1.0
-1 1418364725.155212 1.0 2.0 2.450613 2.0
-1 1418364725.273971 4.511055 1.0 1.654083 2.8816
-1 1418364725.416233 2.96 2.0 1.846336 2.727936
-1 1418364725.538876 3.8416 5.92 5.509455 5.8016
-1 1418364725.703967 2.0 3.8416 4.655683 5.92
-1 1418364725.806507 0.0 5.8816 4.8816 3.42305
-1 1418364725.894017 1.0 2.96 1.96 2.96
-1 1418364726.029454 1.0 6.317391 3.806336 2.846336
-1 1418364726.123842 4.96 2.0 2.0 7.692652
-1 1418364726.242124 1.0 0.0 5.8416 3.0
-1 1418364726.380705 2.772483 3.695683 3.766336 3.0
-1 1418364726.556395 0.0 1.0 4.732483 1.579241
-1 1418364726.691752 4.0 0.0 5.615683 2.96
-1 1418364726.814033 1.0 5.92 8.8416 13.145045
-1 1418364726.923559 0.0 1.0 3.352589 3.0
-1 1418364727.020070 0.0 0.0 0.0 1.8816
-1 1418364727.110856 2.0 1.0 2.0 4.8416
-1 1418364727.212739 2.0 4.497283 4.96 5.756374
-1 1418364727.343024 1.0 2.846336 1.96 4.647936
-1 1418364727.450565 1.0 6.766336 9.489536 3.766336
-1 1418364727.572783 1.695683 2.661583 7.965733 4.96
-1 1418364727.672819 1.96 7.11905 12.905843 5.0
-1 1418364727.794371 3.96 3.96 4.96 9.434191
-1 1418364727.896275 1.0 1.0 3.846336 5.8816
-1 1418364727.998965 1.0 1.0 8.277266 2.0
-1 1418364728.019411 3.0 1.8816 2.0 4.0
-1 1418364728.145239 1.0 8.933306 13.63316 8.532413
-1 1418364728.233464 1.8816 5.362934 4.85165 8.431055
-1 1418364728.383645 2.846336 4.96 8.535683 6.806336
-1 1418364728.505631 0.0 0.0 4.219814 3.0
-1 1418364728.624549 3.0 2.846336 7.078715 6.048271
-1 1418364728.745121 2.215996 5.96 3.8816 4.083661
-1 1418364728.872454 2.0 5.547855 7.429455 5.304967
-1 1418364728.988132 1.8816 1.8816 4.332213 2.8816
-1 1418364729.027549 0.0 5.535683 2.0 1.8816
-1 1418364729.160781 7.219775 1.0 3.772483 2.96
-1 1418364729.253346 3.0 1.0 1.0 3.96
-1 1418364729.413074 0.0 1.8816 1.0 2.0
-1 1418364729.523614 1.0 2.96 2.8416 6.309519
-1 1418364729.640523 0.0 4.0 9.429455 4.0
-1 1418364729.737925 0.8816 4.318812 14.67777 6.200412
-1 1418364729.875856 4.92 1.0 2.96 5.7232
-1 1418364729.978908 4.766336 5.8016 5.92 5.8816
-1 1418364730.060995 0.0 1.0 9.354975 0.0
-1 1418364730.204457 2.0 2.96 3.0 6.8016
-1 1418364730.319743 4.0 2.135905 4.035593 2.96
-1 1418364730.446895 1.0 7.8816 3.96 1.0
-1 1418364730.568480 6.806336 1.0 5.293813 2.0
-1 1418364730.669792 2.0 6.471055 4.8816 3.695683
-1 1418364730.801588 1.0 1.0 1.0 6.469455
-1 1418364730.938025 2.8816 3.0 2.8816 3.732483
-1 1418364731.026649 0.8816 0.0 2.437212 0.0
-1 1418364731.185686 0.0 4.8416 3.614083 1.8816
-1 1418364731.306933 2.0 1.0 1.0 6.934423
-1 1418364731.404353 5.8416 0.8816 2.8816 9.57888
-1 1418364731.520307 2.0 3.92 3.8416 2.96
-1 1418364731.681652 3.726336 2.0 3.0 3.601141
-1 1418364731.786445 4.96 2.0 6.370613 3.806336
-1 1418364731.902381 3.8416 6.100149 2.96 3.601141
-1 1418364732.012879 1.0 1.96 2.96 6.355102
-1 1418364732.109179 0.0 2.846336 7.92 3.695683
-1 1418364732.305522 0.0 1.96 3.627855 1.96
-1 1418364732.401928 4.0 1.0 3.0 4.732483
-1 1418364732.531935 4.846336 6.462019 4.766336 4.727936
-1 1418364732.675813 1.0 7.726336 2.96 5.692483
-1 1418364732.766470 0.0 2.0 8.607936 5.726336
-1 1418364732.871986 1.96 5.868129 6.616932 4.96
-1 1418364732.983341 0.8816 8.371674 6.771523 3.795295
-1 1418364733.022489 0.0 2.0 2.96 5.92
-1 1418364733.207114 0.0 1.0 1.0 3.96
-1 1418364733.310424 0.0 1.0 2.668993 4.036246
-1 1418364733.452832 7.434191 1.96 1.96 6.100149
-1 1418364733.559361 4.544965 2.846336 2.846336 5.726336
-1 1418364733.667520 3.766336 0.0 3.7632 2.927254
-1 1418364733.774603 1.695683 2.0 3.0 5.92
-1 1418364733.909708 2.0 2.0 3.0 3.0
-1 1418364734.027682 2.96 2.0 3.0 2.96
-1 1418364734.150353 0.0 3.0 4.0 2.0
-1 1418364734.280643 1.0 2.8416 2.96 3.772483
-1 1418364734.389068 0.8816 8.043635 7.838778 5.055656
-1 1418364734.498631 0.0 1.0 4.198925 3.114471
-1 1418364734.641299 6.7632 4.0 7.210086 2.0
-1 1418364734.744998 4.846336 2.0 1.0 2.67192
-1 1418364734.875996 1.0 1.0 0.0 9.045261
-1 1418364734.988542 1.0 4.806336 5.295265 4.96
-1 1418364735.014840 1.0 5.392655 2.0 2.0
-1 1418364735.127592 4.96 0.0 0.0 1.0
-1 1418364735.249588 3.727936 1.7632 2.8816 2.654083
-1 1418364735.349642 4.0 2.0 6.96 3.8816
-1 1418364735.461890 2.0 4.8416 4.949419 0.0
-1 1418364735.555481 1.0 1.8816 1.8816 0.0
-1 1418364735.683456 4.695683 4.741583 5.8816 4.0
-1 1418364735.806897 1.0 0.0 1.0 0.0
-1 1418364735.922006 0.0 8.149703 7.894712 9.017683
-1 1418364736.024718 3.0 2.688575 4.025106 10.360272
-1 1418364736.121572 1.0 2.0 2.766336 3.0
-1 1418364736.241437 3.0 0.0 2.96 1.601141
-1 1418364736.354811 1.0 4.0 4.0 3.0
-1 1418364736.482539 1.0 5.607936 10.785728 7.039599
-1 1418364736.597844 2.772483 3.96 2.96 3.0
-1 1418364736.722518 2.0 0.0 2.0 2.0
-1 1418364736.858039 2.0 4.8416 3.727936 2.8816
-1 1418364736.966785 0.0 1.0 2.0 0.695683
-1 1418364737.056863 4.7632 3.0 4.0 2.0
-1 1418364737.152474 2.0 4.0 6.525043 1.0
-1 1418364737.263529 3.0 1.0 2.0 3.366433
-1 1418364737.383763 3.6448 2.0 3.0 4.96
-1 1418364737.499677 2.0 4.8416 4.0 1.96
-1 1418364737.614426 0.695683 1.0 3.0 1.0
-1 1418364737.741119 3.8816 3.0 4.846336 3.0
-1 1418364737.850630 0.0 4.8416 3.8416 7.726336
-1 1418364737.992697 3.0 2.0 1.0 2.0
-1 1418364738.025760 0.8816 4.8016 6.8016 10.378883
-1 1418364738.204980 1.0 2.0 5.0 3.96
-1 1418364738.327731 0.0 1.0 1.0 3.766336
-1 1418364738.458108 1.96 2.8816 4.8816 2.0
-1 1418364738.579679 0.0 3.0 4.8416 6.627855
-1 1418364738.738560 1.0 1.0 1.0 1.0
-1 1418364738.855822 2.0 2.0 4.695683 2.0
-1 1418364738.953005 2.0 2.533988 0.8816 2.110663
-1 1418364739.037403 0.0 2.0 5.8816 3.8816
-1 1418364739.184026 2.8816 2.601141 1.0 1.228815
-1 1418364739.291018 2.0 0.502441 1.8816 2.0
-1 1418364739.391389 1.0 3.96 7.816559 2.96
-1 1418364739.510971 1.0 0.0 1.0 1.0
-1 1418364739.628871 1.0 1.96 0.0 5.587855
-1 1418364739.743113 2.8416 1.0 1.96 1.0
-1 1418364739.869829 1.0 5.0 5.0 3.84904
-1 1418364740.005022 4.667855 1.0 4.392655 2.8816
-1 1418364740.115987 2.661583 3.0 2.96 1.0
-1 1418364740.233280 1.450613 1.8816 4.28017 0.8816
-1 1418364740.372754 2.8816 9.354191 9.079301 7.7632
-1 1418364740.516536 2.0 2.8816 4.0 1.8816
-1 1418364740.635031 6.295996 1.96 4.615683 2.011812
-1 1418364740.727168 3.0 1.7632 2.7632 2.0
-1 1418364740.838084 0.0 1.0 1.96 1.0
-1 1418364740.951470 0.0 5.726336 8.766336 3.772483
-1 1418364741.040572 1.511055 0.078287 0.0 0.0
-1 1418364741.121169 2.96 3.655683 8.382146 2.96
-1 1418364741.262507 0.0 3.587855 5.187236 1.96
-1 1418364741.363670 0.0 1.0 0.8816 1.0
-1 1418364741.498189 2.0 4.766336 2.766336 4.345577
-1 1418364741.598520 3.0 7.991952 1.96 8.607936
-1 1418364741.720360 1.8816 2.7632 3.7632 1.0
-1 1418364741.865902 1.8816 2.0 1.405941 1.8816
-1 1418364742.000624 2.732483 2.0 3.0 3.0
-1 1418364742.048154 0.0 3.8816 1.0 1.511055
-1 1418364742.171471 8.612672 1.695683 4.846336 5.766336
-1 1418364742.265555 0.0 1.8816 2.96 4.542019
-1 1418364742.395232 2.96 2.96 7.839006 5.124271
-1 1418364742.502424 3.311365 0.0 2.587855 1.8816
-1 1418364742.616873 2.0 0.8816 2.96 2.96
-1 1418364742.751960 7.173813 4.92 1.96 1.8816
-1 1418364742.902331 1.0 6.96 8.647936 4.645043
-1 1418364743.043635 5.741583 3.0 5.0 4.0
-1 1418364743.181211 0.8816 0.0 0.0 1.8816
-1 1418364743.271716 1.0 2.0 0.0 0.0
-1 1418364743.378178 3.0 3.96 6.8016 4.8416
-1 1418364743.493218 4.8416 9.144993 7.268355 4.766336
-1 1418364743.589800 5.998507 3.255711 6.555065 15.885202
-1 1418364743.716763 3.601141 1.0 2.96 4.8416
-1 1418364743.829482 1.0 2.0 3.654083 0.695683
-1 1418364743.941695 2.0 4.741583 4.8816 4.96
-1 1418364744.043251 0.8816 1.772483 2.0 6.426565
-1 1418364744.157882 2.772483 7.801737 4.92 6.5648
-1 1418364744.277139 0.0 5.92 3.96 7.540806
-1 1418364744.393668 1.0 1.0 1.8816 4.8416
-1 1418364744.514057 5.732483 3.695683 5.580876 3.766336
-1 1418364744.640263 6.575683 1.0 2.0 15.604578
-1 1418364744.766519 2.0 6.806336 3.0 3.0
-1 1418364744.882840 1.0 2.0 4.92 4.96
-1 1418364745.009361 2.0 6.92 5.8416 3.8816
-1 1418364745.128412 5.732652 3.0 7.647936 5.846336
-1 1418364745.244855 1.772483 4.462441 4.8416 4.92
-1 1418364745.355251 2.7632 1.8816 2.0 3.8416
-1 1418364745.473828 1.0 4.266567 5.772483 3.695683
-1 1418364745.565983 6.0 1.772483 5.450613 6.388599
-1 1418364745.684495 1.96 4.8816 4.63054 3.654083
-1 1418364745.792023 2.96 4.615683 0.0 0.8816
-1 1418364745.918786 0.0 3.96 2.96 1.96
-1 1418364746.041955 1.0 3.96 2.0 7.830908
-1 1418364746.164659 1.8816 1.0 1.8816 4.727936
-1 1418364746.289403 0.0 5.727936 7.7232 5.8016
-1 1418364746.408812 2.0 7.8416 10.311365 5.7632
-1 1418364746.515655 0.8816 4.420419 7.094579 6.331244
-1 1418364746.628296 4.130365 5.92 4.7632 3.96
-1 1418364746.742117 1.59512 1.0 2.96 4.360338
-1 1418364746.858054 2.0 2.0 4.0 2.0
-1 1418364747.005618 1.0 1.96 4.726336 3.503367
-1 1418364747.115932 2.8816 3.0 6.55512 5.587855
-1 1418364747.237827 3.92 1.0 3.8816 2.0
-1 1418364747.359823 3.0 5.0 8.618819 9.766336
-1 1418364747.466006 2.0 3.806336 1.0 2.661583
-1 1418364747.589045 6.523838 2.0 2.655683 5.577283
-1 1418364747.713711 5.8816 4.701583 3.291509 6.234189
-1 1418364747.833401 4.0 4.851123 9.85432 6.7632
-1 1418364747.941300 1.96 2.0 2.0 1.0
-1 1418364748.048268 6.612672 0.0 0.0 7.032903
-1 1418364748.168269 3.96 2.490178 10.036739 7.25965
-1 1418364748.281766 3.0 3.796254 8.052769 4.349765
-1 1418364748.403121 3.0 2.7632 4.726336 2.0
-1 1418364748.519023 4.924498 1.0 3.893669 9.266567
-1 1418364748.630694 2.0 3.0 2.861051 3.955399
-1 1418364748.749017 1.0 1.0 4.96 2.0
-1 1418364748.883864 2.0 3.0 2.0 4.0
-1 1418364748.983195 0.0 4.96 5.8816 10.431055
-1 1418364749.027648 4.372915 0.0 5.816023 3.96
-1 1418364749.144277 3.92 1.0 3.96 3.96
-1 1418364749.269223 0.8816 5.0 3.0 6.647936
-1 1418364749.369408 0.0 7.732483 3.655683 2.655683
-1 1418364749.484552 3.0 6.8416 6.8416 4.8816
-1 1418364749.651793 5.92 2.0 2.0 7.400172
-1 1418364749.763161 1.0 1.0 1.7632 0.0
-1 1418364749.869542 2.0 6.0 8.88 3.0
-1 1418364749.970489 1.0 3.468165 0.695683 6.180024
-1 1418364750.020383 0.772483 4.0 5.766336 3.0
-1 1418364750.125703 1.8816 1.0 1.0 2.0
-1 1418364750.243561 1.0 0.0 0.0 0.59512
-1 1418364750.361198 3.766336 1.0 0.8816 3.806336
-1 1418364750.480508 4.511055 4.05602 3.96 3.96
-1 1418364750.600109 0.0 4.766336 1.0 5.88
-1 1418364750.733164 1.0 10.352655 8.250677 7.277935
-1 1418364750.863185 5.192965 5.766336 6.92 5.846336
-1 1418364750.954845 5.577095 3.667855 6.569663 14.603584
-1 1418364751.041724 4.537283 4.0 4.0 8.8416
-1 1418364751.160488 0.0 4.96 7.92 7.8416
-1 1418364751.302067 11.823525 3.8816 0.8816 1.8816
-1 1418364751.442430 0.0 8.211039 4.673999 8.806147
-1 1418364751.545942 3.96 8.726336 1.0 4.8816
-1 1418364751.674916 0.0 2.96 7.097715 0.0
-1 1418364751.797599 2.0 4.8816 2.326433 1.96
-1 1418364751.906897 2.96 2.0 8.977562 4.382365
-1 1418364752.026746 2.695683 1.0 3.727936 3.8816
-1 1418364752.127315 4.0 0.0 2.0 1.0
-1 1418364752.276162 1.0 1.0 4.96 2.846336
-1 1418364752.373267 3.0 3.766336 1.772483 0.0
-1 1418364752.508616 0.695683 3.0 3.0 2.0
-1 1418364752.605841 8.212213 1.96 6.503686 11.349958
-1 1418364752.699072 6.587855 0.8816 4.009871 3.8816
-1 1418364752.806093 2.0 2.47672 3.59512 6.8816
-1 1418364752.922018 2.96 4.655683 2.695683 1.991019
-1 1418364753.025738 0.0 1.0 6.577283 1.0
-1 1418364753.141261 3.8816 0.0 3.484341 2.741583
-1 1418364753.251635 2.0 1.0 4.8816 7.495683
-1 1418364753.372923 6.7632 1.8816 4.392655 13.755832
-1 1418364753.477440 2.96 2.96 2.8816 4.8416
-1 1418364753.578155 1.0 1.0 4.92 2.0
-1 1418364753.748270 2.0 3.0 11.093813 4.540056
-1 1418364753.895287 2.0 2.440338 5.96 2.0
-1 1418364754.007118 2.0 5.0 6.266998 3.366433
-1 1418364754.091638 1.0 5.7632 3.647936 2.7632
-1 1418364754.207305 0.0 1.8816 2.431663 0.8816
-1 1418364754.332058 0.0 3.741583 6.829308 3.450613
-1 1418364754.467345 3.0 5.0 3.0 4.695683
-1 1418364754.572137 1.375285 1.0 1.375285 1.070968
-1 1418364754.711082 3.96 1.0 3.293813 5.92
-1 1418364754.835030 0.0 1.0 0.0 0.0
-1 1418364755.046611 2.0 0.0 2.0 0.0
-1 1418364755.493948 4.96 1.8816 3.0 4.8416
-1 1418364755.988851 1.0 0.0 2.8816 1.0
-1 1418364756.014267 3.0 2.0 0.8816 0.0
-1 1418364756.563121 1.0 0.0 1.0 0.0
-1 1418364756.807424 1.0 0.0 2.8816 3.0
-1 1418364757.027478 3.92 0.8816 6.287541 3.6448
-1 1418364758.022018 0.0 5.0 4.732483 4.96
-1 1418364759.041970 0.0 1.8816 0.0 3.8816
-1 1418364760.028627 0.0 0.0 0.0 0.0
-1 1418364761.022742 2.0 0.0 0.0 1.0
-1 1418364762.036386 0.0 0.0 0.0 0.0
