-1 1418346699.864479 3.0 5.0 5.994831 2.940988 1.0 3.980199 5.0 3.0 7.730508 6.0 2.980199 1.0 2.980199
-1 1418346700.209832 0.0 1.980199 2.0 1.0 2.0 3.921187 0.0 0.0 2.82567 3.980199 1.0 3.980199 1.0
-1 1418346700.383543 5.290279 0.663312 4.0 3.0 2.0 3.940988 7.319129 0.940988 4.640555 6.921187 3.0 5.921187 3.0
-1 1418346700.990220 7.153668 6.477228 4.0 2.0 2.0 3.0 10.676414 5.570883 2.940988 4.0 4.940988 2.940988 4.940988
-1 1418346701.198740 2.783786 1.663312 2.940988 2.980199 2.0 0.0 5.0 0.7537 1.940988 2.0 0.0 3.0 0.0
-1 1418346701.398692 5.921187 5.598388 5.921187 0.845472 5.823741 1.0 2.940988 3.940988 5.921187 3.0 0.0 1.0 0.0
-1 1418346701.934692 3.980199 2.0 1.940988 1.845472 1.980199 0.0 2.0 2.0 3.940988 3.807768 2.0 1.0 2.0
-1 1418346702.171554 3.0 3.940988 9.727056 2.0 2.940988 3.0 4.940988 3.0 3.0 3.827177 1.0 3.0 1.0
-1 1418346702.353536 6.809812 2.0 4.844687 0.0 0.0 5.84315 5.0 5.139271 2.88429 5.747241 0.0 0.0 0.0
-1 1418346702.939429 7.633062 4.751085 2.980199 3.0 1.0 1.0 13.517927 4.881976 8.804332 4.960397 3.940988 1.0 3.940988
-1 1418346703.196257 18.251781 9.881584 2.980199 3.921187 3.921187 1.0 14.151528 13.551573 13.746465 2.0 3.980199 5.727448 3.980199
-1 1418346703.416361 5.458979 2.0 2.0 7.748364 2.940988 9.668436 4.461972 3.57545 2.0 6.671496 6.921187 2.845472 6.921187
-1 1418346703.960387 0.0 2.882753 2.597627 7.434738 0.0 4.275309 1.882753 0.0 2.0 5.625809 4.940988 0.0 4.940988
-1 1418346704.212508 1.0 1.980199 4.960397 2.0 0.0 3.0 2.733899 0.0 2.940988 2.940988 1.88429 2.845472 1.88429
-1 1418346704.479141 4.959019 0.940988 1.0 2.0 0.0 3.0 0.0 0.940988 4.126897 8.637901 2.0 0.0 2.0
-1 1418346705.081143 4.921187 7.162564 6.980199 9.940988 4.0 3.0 5.611247 5.960397 6.374024 4.980199 5.0 3.0 5.0
-1 1418346705.291240 2.0 1.0 5.902554 6.587099 9.107268 4.882753 6.336346 2.0 6.36353 6.803939 1.980199 3.576913 1.980199
-1 1418346705.675212 5.056983 6.483674 4.0 6.509187 3.704346 4.0 7.701067 6.345281 13.420078 4.921187 2.829815 2.0 2.829815
-1 1418346706.186760 1.0 2.0 4.0 4.0 5.0 3.0 2.940988 1.0 0.0 3.940988 4.0 4.0 4.0
-1 1418346706.363066 6.960397 9.709568 4.980199 3.0 3.0 4.844711 9.689767 4.0 4.960397 3.0 3.0 2.940988 3.0
-1 1418346706.867480 5.661877 2.7537 4.980199 4.980199 3.940988 4.882753 3.650177 4.0 12.226242 3.940988 4.718975 1.0 4.718975
-1 1418346707.241551 5.583073 7.786068 4.729762 10.081821 1.729762 2.575233 7.82567 4.980199 3.940988 5.535631 5.614052 3.614052 5.614052
-1 1418346707.467107 0.0 1.0 4.845472 5.678211 3.0 2.0 0.0 0.0 3.88429 2.653942 2.0 2.0 2.0
-1 1418346708.079965 2.0 1.0 2.0 4.557634 0.940988 1.0 2.0 1.940988 3.592721 2.940988 3.940988 2.0 3.940988
-1 1418346708.283744 0.0 0.0 5.863343 4.88429 2.980199 2.922355 1.0 0.0 1.0 9.500942 4.806645 5.882753 4.806645
-1 1418346708.536281 11.392284 4.22605 1.845472 1.0 1.86678 1.0 3.73931 3.65746 3.578255 0.0 6.687845 2.86678 6.687845
-1 1418346709.162216 1.882753 0.0 2.690943 1.0 1.980199 5.651341 1.0 1.980199 2.0 4.448618 0.829815 1.690943 0.829815
-1 1418346709.331330 7.899159 6.805869 6.921187 5.882753 3.980199 4.82567 5.805869 5.035431 4.361392 6.805869 3.0 2.980199 3.0
-1 1418346709.683770 1.0 2.980199 4.392495 8.123468 2.0 2.342738 0.0 2.881976 2.0 6.767318 5.180667 2.0 5.180667
-1 1418346710.229625 2.0 3.0 6.901385 7.213411 0.0 0.940988 2.0 2.0 2.88429 2.921187 1.0 1.0 1.0
-1 1418346710.420238 8.597627 3.681678 1.0 2.940988 2.0 1.940988 5.921187 6.676048 7.755842 5.862175 3.825278 2.0 3.825278
-1 1418346710.900293 8.567333 5.78646 8.862951 8.175422 3.0 4.738658 16.590479 14.995739 17.805336 8.524726 6.863343 3.0 6.863343
-1 1418346711.238767 6.869954 12.098726 3.980199 7.901385 6.539391 3.940988 17.864551 11.096977 3.88429 2.0 2.980199 3.823741 2.980199
-1 1418346711.461587 3.0 2.0 2.940988 5.960397 4.940988 5.921187 2.175978 2.616646 1.715651 6.921187 2.135053 2.0 2.135053
-1 1418346711.842773 0.0 0.0 4.599172 5.430481 1.0 3.0 0.0 0.0 0.0 3.86678 4.767827 1.0 4.767827
-1 1418346712.263931 0.0 0.0 5.960397 2.763827 1.0 1.0 0.0 0.0 0.0 0.0 2.0 2.980199 2.0
-1 1418346712.412316 7.714098 3.940988 1.0 0.0 0.0 2.0 2.775334 6.714098 5.227765 1.0 3.863343 1.940988 3.863343
-1 1418346712.626520 9.694296 5.921187 5.881976 3.78646 2.940988 2.940988 8.66612 7.714098 3.179544 2.940988 2.88429 2.940988 2.88429
-1 1418346712.906421 9.331083 4.882753 4.823741 3.922355 2.980199 2.922355 4.862175 10.331083 7.654694 3.980199 6.980199 3.980199 6.980199
-1 1418346713.207241 5.519243 0.940988 4.769718 3.0 2.0 1.980199 2.823741 6.384124 3.0 8.862175 2.0 2.940988 2.0
-1 1418346713.392880 0.0 1.0 4.882753 11.191301 1.882753 5.751394 8.095814 0.0 2.0 11.170898 7.442337 2.751394 7.442337
-1 1418346713.720935 2.0 1.0 2.845472 8.940596 4.592329 2.0 1.0 1.940988 3.0 1.940988 6.710706 2.805869 6.710706
-1 1418346714.155109 0.0 1.0 7.916726 4.709154 1.0 0.0 1.533847 0.0 3.769326 0.0 3.882753 1.0 3.882753
-1 1418346714.331323 0.940988 0.0 0.0 1.0 1.980199 8.119272 1.940988 0.940988 1.940988 7.611738 0.0 0.0 0.0
-1 1418346714.584086 1.980199 6.960397 5.824909 3.844711 4.0 4.940988 12.61213 2.864489 2.980199 5.844711 5.824909 3.0 5.824909
-1 1418346715.216364 4.0 0.0 2.0 3.0 0.0 0.0 5.960397 6.0 4.922355 1.715651 3.0 0.0 3.0
-1 1418346715.390449 5.862951 4.730116 7.254658 3.845472 1.0 3.429756 6.412959 2.921187 1.0 4.183457 0.845472 1.0 0.845472
-1 1418346715.750710 2.790997 0.0 11.765505 8.960397 6.0 3.0 1.0 0.777476 1.472233 3.940988 3.735731 4.0 3.735731
-1 1418346716.213431 1.0 0.0 6.940988 6.63723 4.980199 1.0 2.921187 1.0 3.0 2.0 3.789135 4.980199 3.789135
-1 1418346716.402675 3.921187 2.940988 2.0 4.385503 2.0 2.88429 3.940988 4.862175 0.940988 7.66882 0.0 4.940988 0.0
-1 1418346716.693831 8.376972 4.882753 3.980199 3.729762 2.88429 2.845472 7.84315 7.58333 11.313092 4.960397 2.714098 2.0 2.714098
-1 1418346717.272917 2.980199 3.980199 3.882753 2.882753 0.0 1.0 8.552484 2.980199 6.82567 2.882753 1.0 1.0 1.0
-1 1418346717.457792 3.980199 3.980199 5.65731 9.598298 2.940988 4.940988 5.773781 2.0 5.787967 2.940988 5.746857 2.0 5.746857
-1 1418346717.856614 2.980199 1.0 2.940988 3.0 6.862175 3.980199 1.0 0.0 1.940988 2.980199 0.0 2.940988 0.0
-1 1418346718.274601 0.0 1.0 8.764729 5.754372 0.0 1.0 1.845472 1.0 0.0 3.980199 9.103181 1.0 9.103181
-1 1418346718.478458 3.0 3.0 4.882753 5.727056 3.862951 1.940988 9.308445 3.0 2.940988 3.0 1.0 4.862951 1.0
-1 1418346718.986889 1.0 2.0 5.960397 3.0 4.0 6.0 5.78646 3.0 2.980199 8.980199 3.0 3.0 3.0
-1 1418346719.327389 12.530797 10.771707 7.940988 4.882753 5.823741 2.0 13.711918 11.75994 5.290068 5.656639 1.940988 3.940988 1.940988
-1 1418346719.535904 2.0 1.0 4.894226 2.0 3.0 1.0 3.792519 1.0 1.0 5.0 2.0 2.0 2.0
-1 1418346720.031872 1.0 1.0 5.78646 3.980199 5.940988 2.0 1.0 2.0 4.940988 3.0 2.0 2.0 2.0
-1 1418346720.327223 0.0 2.699174 0.0 3.823741 2.940988 3.940988 2.699174 0.0 1.0 4.88429 2.0 3.940988 2.0
-1 1418346720.569489 6.0 5.750309 3.940988 2.0 3.0 4.881976 6.710706 5.0 5.0 3.940988 2.0 3.0 2.0
-1 1418346721.200187 8.345749 6.224323 4.940988 3.709568 3.0 3.0 7.279926 6.59544 4.960397 3.0 3.902554 3.0 3.902554
-1 1418346721.438679 11.598683 2.735731 3.645726 6.545406 4.882753 1.0 6.352133 8.638285 5.676719 1.0 2.0 2.0 2.0
-1 1418346721.747644 3.922355 5.806645 6.661877 8.525605 2.980199 2.0 3.582984 3.922355 4.863343 3.980199 3.704346 2.0 3.704346
-1 1418346722.254388 5.823741 4.823741 8.88429 3.717422 1.0 0.0 4.823741 2.980199 2.980199 1.0 1.0 0.0 1.0
-1 1418346722.438464 3.980199 5.730508 1.0 1.940988 2.0 3.0 4.750309 2.922355 2.0 1.0 0.940988 0.0 0.940988
-1 1418346722.774588 4.0 9.453487 5.980199 6.689352 3.921187 3.940988 9.375842 4.0 6.88429 3.0 2.940988 3.864489 2.940988
-1 1418346723.348459 8.594997 9.676327 3.444325 2.0 3.862175 1.940988 11.963787 3.864489 2.827177 1.940988 1.0 2.737223 1.0
-1 1418346723.595869 3.006496 4.805869 4.882753 7.577826 4.845472 9.766266 7.651341 1.940988 2.727448 7.803939 0.940988 3.980199 0.940988
-1 1418346724.095820 0.0 1.940988 2.0 2.827177 2.0 2.0 0.0 0.0 1.940988 5.862951 1.0 1.0 1.0
-1 1418346724.410932 1.0 2.0 5.960397 9.009646 6.980199 7.57536 1.0 1.0 0.940988 6.980199 4.0 6.940988 4.0
-1 1418346724.670001 5.82567 1.980199 6.940596 1.980199 5.862951 3.980199 1.980199 3.845472 1.940988 5.960397 6.752916 8.881584 6.752916
-1 1418346725.282159 5.39755 5.545406 5.922355 7.822964 6.0 8.689744 11.700742 7.466985 3.789128 10.066316 8.881976 5.0 8.881976
-1 1418346725.443107 6.940988 5.940988 6.786068 5.805869 3.825278 5.825278 12.446673 7.902554 15.190642 4.746857 4.805869 4.766266 4.805869
-1 1418346725.659565 3.789135 2.940988 4.0 2.0 2.0 0.0 4.088414 4.673425 5.9194 0.0 0.0 3.0 0.0
-1 1418346725.876808 2.752171 3.940988 1.0 1.0 2.0 2.0 5.088414 2.752171 5.073928 1.0 1.0 4.0 1.0
-1 1418346726.140016 2.0 3.0 3.0 4.0 3.0 3.980199 3.0 2.0 1.0 2.940988 1.0 3.0 1.0
-1 1418346726.368737 0.0 0.0 5.0 3.768165 1.0 1.0 2.0 0.0 1.0 1.980199 2.940988 1.0 2.940988
-1 1418346726.547768 2.980199 3.0 3.0 2.882753 0.0 1.980199 3.980199 3.0 4.696136 3.0 1.0 2.512499 1.0
-1 1418346726.828266 6.0 8.881976 6.940596 3.980199 4.960397 5.960397 7.960397 8.107247 5.86678 7.960397 3.88429 2.0 3.88429
-1 1418346727.323428 5.940988 7.685921 4.0 2.0 1.88429 4.0 9.873906 7.005018 12.973506 7.82873 3.715651 2.0 3.715651
-1 1418346727.546577 3.863343 5.863343 8.785699 6.127681 2.0 4.282971 19.420934 3.863343 3.940988 8.670381 3.844711 2.0 3.844711
-1 1418346727.872552 0.0 2.882753 6.921187 3.882753 2.0 3.0 3.24069 0.940988 5.388564 4.769326 3.805869 1.0 3.805869
-1 1418346728.315716 0.0 2.0 2.0 2.881976 3.0 2.0 2.0 0.0 0.0 2.940988 0.940988 1.0 0.940988
-1 1418346728.505036 0.0 1.0 4.960397 0.0 1.0 1.0 1.0 1.0 1.0 1.0 1.0 2.750309 1.0
-1 1418346729.052525 1.0 2.827177 4.921187 5.0 0.0 3.980199 6.484488 0.0 1.940988 2.980199 4.0 0.0 4.0
-1 1418346729.405039 4.82873 1.060568 10.727056 3.862951 5.940988 6.823741 7.969923 4.971878 3.0 5.862951 5.862951 2.940988 5.862951
-1 1418346729.617007 5.827177 3.661877 1.0 6.325261 1.940988 6.277518 11.865858 3.0 1.0 6.218506 4.538802 1.0 4.538802
-1 1418346730.258822 2.0 1.0 2.0 4.0 2.0 6.960397 2.0 2.940988 5.621427 2.0 3.0 1.0 3.0
-1 1418346730.448395 1.0 2.980199 2.0 0.940988 3.940988 3.0 1.980199 0.0 0.0 2.940988 0.940988 2.940988 0.940988
-1 1418346730.715832 7.78646 6.728224 3.672664 2.0 4.940988 6.750309 4.60367 3.922355 2.806645 9.84315 3.0 6.940988 3.0
-1 1418346731.304463 6.457851 5.659453 3.980199 2.0 3.0 2.0 9.209221 6.120711 3.766266 2.0 3.0 4.0 3.0
-1 1418346731.496809 3.5218 3.882753 7.651341 7.710706 4.823741 2.882753 10.026798 6.5218 6.578979 2.940988 5.921187 2.882753 5.921187
-1 1418346731.894072 0.0 1.0 3.940988 4.980199 1.845472 3.980199 1.0 0.0 2.0 5.902554 2.940988 1.0 2.940988
-1 1418346732.356014 1.0 1.0 5.467045 2.792519 2.0 3.940988 2.940988 3.0 3.0 4.881976 3.676048 1.0 3.676048
-1 1418346732.510605 7.268842 0.0 0.0 0.940988 0.940988 4.0 2.7537 2.463734 1.0 2.940988 0.0 2.768165 0.0
-1 1418346732.900390 3.940988 3.940988 6.980199 6.581994 3.0 2.0 9.3282 3.940988 3.909551 2.0 5.980199 2.0 5.980199
-1 1418346733.387600 6.392659 10.747241 1.0 2.0 1.0 2.0 7.695073 3.922355 13.552792 3.0 2.0 1.940988 2.0
-1 1418346733.550582 3.980199 0.830345 3.749533 4.805108 2.714874 1.922355 1.0 2.882753 5.823741 3.659579 0.0 1.922355 0.0
-1 1418346733.982884 1.882753 0.0 6.862175 6.960397 4.864489 5.980199 3.940988 0.940988 2.88429 6.881976 5.921187 4.921187 5.921187
-1 1418346734.411191 0.0 0.0 4.940988 5.940988 6.82567 3.980199 2.980199 0.0 1.0 4.940988 6.474694 4.940988 6.474694
-1 1418346734.596413 9.213027 8.301593 1.980199 5.960397 1.940988 1.0 9.664211 4.665528 1.0 2.980199 2.940988 2.882753 2.940988
-1 1418346735.073375 7.299353 6.253516 2.0 4.980199 3.980199 3.0 10.436314 8.552726 2.980199 3.0 7.810014 2.0 7.810014
-1 1418346735.453993 2.0 3.881976 2.714098 1.0 1.0 1.0 2.940988 1.0 2.0 2.940988 1.0 2.0 1.0
-1 1418346735.685008 5.520832 2.645963 3.863343 4.750309 3.0 2.980199 8.632318 6.768165 4.980199 4.0 1.0 2.0 1.0
-1 1418346736.241586 0.0 0.0 4.749917 6.862951 3.0 2.980199 1.0 0.0 3.805869 6.359909 7.980199 2.82873 7.980199
-1 1418346736.454308 2.0 3.0 1.0 6.771195 0.0 4.980199 1.0 2.0 2.0 3.980199 3.0 0.0 3.0
-1 1418346736.659711 7.843542 10.461008 7.960397 4.980199 2.0 5.0 10.044931 10.425152 2.0 5.0 6.960397 3.0 6.960397
-1 1418346737.327554 2.845472 3.940988 1.0 5.0 0.0 1.88429 9.274459 4.960397 0.0 3.0 4.845472 0.88429 4.845472
-1 1418346737.527944 3.0 1.0 4.980199 4.805869 6.805869 3.980199 2.0 4.0 4.271427 4.960397 2.0 2.980199 2.0
-1 1418346737.830954 2.980199 4.079845 0.0 2.531908 4.0 3.531908 4.960397 5.980199 2.940988 7.319905 2.531908 2.0 2.531908
-1 1418346738.360572 0.0 0.0 5.882753 4.669212 3.82567 4.78646 1.0 0.0 4.902554 5.633062 1.882753 3.980199 1.882753
-1 1418346738.563757 1.0 2.661877 0.0 3.980199 1.0 0.0 1.0 1.0 3.0 2.0 1.7537 1.922355 1.7537
-1 1418346738.921626 3.0 5.76858 4.980199 5.863343 1.0 7.733899 8.574449 5.491656 5.0 5.921187 5.785699 1.0 5.785699
-1 1418346739.416428 7.980199 6.960397 2.0 2.0 2.0 1.940988 6.960397 9.731593 5.980199 1.940988 1.88429 2.940988 1.88429
-1 1418346739.630363 9.764729 4.829815 4.676809 4.0 5.0 4.0 7.999465 13.200601 6.976324 3.980199 2.0 4.0 2.0
-1 1418346739.841790 3.765505 0.0 2.940988 6.980199 2.0 6.940988 2.411772 3.765505 4.980199 5.862951 2.0 2.0 2.0
-1 1418346740.086659 5.651341 2.980199 3.790997 9.748026 3.0 4.940988 5.960397 5.651341 4.307619 3.882753 7.805869 2.0 7.805869
-1 1418346740.386587 1.0 0.0 1.0 2.825278 1.0 3.921187 0.176698 0.0 1.980199 4.492305 4.921187 0.0 4.921187
-1 1418346740.549310 3.940988 2.921187 5.864489 3.980199 2.980199 1.845472 6.27087 3.921187 4.766658 2.980199 2.980199 1.827177 2.980199
-1 1418346740.831344 5.940596 2.0 1.0 3.0 1.0 2.0 3.307766 3.960397 2.663221 5.805869 2.0 2.0 2.0
-1 1418346741.390877 10.615464 3.9951 5.78646 6.651341 3.940988 3.823741 4.967489 11.014704 10.95714 11.514292 5.805869 3.940988 5.805869
-1 1418346741.585647 6.225701 2.881976 2.789128 9.653948 2.0 6.751394 6.325315 5.650684 7.751579 5.67188 0.940988 1.790997 0.940988
-1 1418346741.970489 3.960397 2.0 4.0 6.0 1.0 3.882753 2.0 3.980199 2.0 4.922355 2.715651 1.0 2.715651
-1 1418346742.459326 1.0 1.845472 4.881976 1.0 1.0 1.980199 2.845472 2.0 4.0 2.0 2.845472 1.0 2.845472
-1 1418346742.631804 0.0 0.0 1.940988 3.769718 3.881976 2.940988 2.0 0.0 3.282971 2.882753 1.940988 0.0 1.940988
-1 1418346743.097914 6.800177 11.394016 3.0 4.0 2.940988 2.0 13.561518 9.390569 0.940988 3.0 1.0 1.0 1.0
-1 1418346743.530010 6.842374 1.0 1.0 2.940988 1.0 2.0 1.881976 6.78453 3.377342 0.845472 1.881976 1.0 1.881976
-1 1418346743.769234 6.592083 0.0 2.0 6.578994 3.699174 3.940988 4.3249 5.940988 4.236723 3.0 2.0 0.0 2.0
-1 1418346744.304534 2.0 0.0 2.0 2.940988 1.0 6.804332 2.20591 1.0 4.276953 1.922355 1.0 1.940988 1.0
-1 1418346744.512846 1.940988 1.0 3.86678 0.0 2.0 1.0 2.0 2.0 1.980199 3.921187 2.0 4.881976 2.0
-1 1418346744.729038 11.177932 6.746857 7.842374 4.960397 3.980199 5.825278 7.687845 2.882753 2.805869 5.921187 4.960397 3.980199 4.960397
-1 1418346745.451754 3.829387 1.32151 2.0 4.806645 0.0 4.922355 2.59907 2.888398 1.0 4.0 3.0 1.0 3.0
-1 1418346745.620053 5.6043 6.374018 5.902554 3.0 3.0 2.0 17.909289 13.329426 8.490489 3.922355 0.0 1.0 0.0
-1 1418346745.963925 2.0 0.715651 3.940988 10.873808 2.0 2.579219 1.715651 0.0 2.0 7.442947 4.403736 1.0 4.403736
-1 1418346746.459299 1.88429 0.0 1.940988 4.275346 2.0 3.0 1.82873 0.88429 4.710706 5.921187 4.0 1.0 4.0
-1 1418346746.614763 9.466985 6.578889 2.88429 2.0 0.0 1.88429 8.66882 6.694296 10.278111 1.88429 2.0 1.0 2.0
-1 1418346746.990858 4.0 3.0 4.881976 2.921187 2.0 2.0 3.507638 3.0 2.940988 3.0 0.940988 1.0 0.940988
-1 1418346747.490954 6.671142 3.921187 2.0 0.0 3.980199 0.940988 5.921187 8.254658 5.966081 1.0 3.0 3.980199 3.0
-1 1418346747.689580 0.0 2.956801 3.0 9.787575 6.807768 4.960397 6.414065 0.0 2.0 1.0 2.0 4.0 2.0
-1 1418346748.041733 1.0 1.922355 1.0 7.690905 1.940988 1.940988 1.922355 3.0 1.0 3.498385 2.718857 0.0 2.718857
-1 1418346748.491121 3.980199 2.0 5.901385 0.982874 0.0 0.0 3.0 1.0 1.0 1.980199 1.0 1.0 1.0
-1 1418346748.683330 7.563655 1.980199 3.862175 5.822964 2.980199 2.0 2.980199 5.717422 4.537589 5.980199 4.822964 3.980199 4.822964
-1 1418346749.044027 4.980199 6.751394 5.845472 2.0 2.0 2.0 10.19372 5.960397 3.0 4.0 2.0 3.0 2.0
-1 1418346749.535790 1.980199 3.980199 2.88429 0.0 0.0 1.0 9.557263 2.882753 6.765505 5.980199 0.0 1.0 0.0
-1 1418346749.726148 4.730508 2.384658 4.922355 5.514021 6.980199 11.455009 3.980199 4.730508 1.0 8.514021 4.661877 6.980199 4.661877
-1 1418346750.142621 2.0 0.0 0.0 2.980199 1.0 2.0 0.0 1.0 0.0 1.0 4.678211 1.0 4.678211
-1 1418346750.563874 1.0 2.88429 3.864489 6.537589 0.0 2.0 1.88429 1.0 5.190705 7.729762 2.88429 2.792519 2.88429
-1 1418346750.810916 1.585009 1.825278 4.921187 4.864489 3.960397 3.0 1.0 1.585009 1.809539 3.980199 3.940988 2.88429 3.940988
-1 1418346751.353142 5.980199 7.688622 4.862175 11.559088 1.0 2.696913 10.134274 3.980199 3.960397 6.591176 3.677112 0.845472 3.677112
-1 1418346751.737880 2.940988 6.881976 2.922355 2.980199 3.0 2.940988 9.765505 2.0 1.940988 3.940988 1.0 2.0 1.0
-1 1418346751.906523 3.120686 4.623059 6.785307 6.690905 3.980199 2.0 2.813384 2.127582 2.980199 2.940988 1.0 3.921187 1.0
-1 1418346752.123880 0.0 2.940988 3.862951 1.494612 1.980199 1.0 0.940988 1.940988 3.980199 0.940988 0.0 2.921187 0.0
-1 1418346752.425801 4.0 0.0 3.0 1.0 1.0 1.0 2.0 4.0 1.0 1.0 1.0 2.0 1.0
-1 1418346752.650052 1.940988 2.0 1.980199 3.980199 2.0 1.0 6.362847 2.940988 2.0 2.980199 3.980199 3.0 3.980199
-1 1418346752.920290 2.342642 1.715651 5.614738 3.692382 4.882753 3.980199 1.0 0.940988 3.948524 1.980199 5.405734 5.882753 5.405734
-1 1418346753.387398 3.714098 1.940988 3.0 8.54061 1.0 4.805869 1.882753 2.940988 9.079252 4.0 7.940596 3.940988 7.940596
-1 1418346753.651067 3.0 5.940988 2.980199 1.0 1.0 1.0 7.385378 3.0 4.0 1.940988 1.0 1.0 1.0
-1 1418346753.865461 2.0 3.980199 9.647482 2.940988 1.0 4.368652 2.980199 1.0 1.0 3.545688 4.940988 2.0 4.940988
-1 1418346754.462284 1.940988 2.881976 4.882753 8.578218 2.940988 4.769718 6.764729 1.940988 6.691297 8.672272 4.940988 2.940988 4.940988
-1 1418346754.652926 1.0 3.921187 0.0 2.133401 1.0 2.0 4.980199 1.0 3.0 3.0 1.0 1.0 1.0
-1 1418346754.993385 8.446023 2.0 0.0 1.0 0.0 2.0 3.921187 3.7537 2.642468 2.940988 2.0 0.88429 2.0
-1 1418346755.577877 9.180588 1.0 0.940988 2.881976 0.0 0.0 8.862175 10.2609 8.585543 1.0 3.881976 1.0 3.881976
-1 1418346755.758114 0.88429 1.090999 5.980199 11.920795 7.766658 3.980199 4.496318 0.88429 1.0 3.82567 5.980199 4.980199 5.980199
-1 1418346756.297803 3.960397 3.960397 3.980199 2.0 2.940988 2.940988 3.960397 3.960397 6.710706 3.790997 0.0 2.940988 0.0
-1 1418346756.549314 1.0 2.980199 3.980199 6.823741 1.0 3.0 1.0 0.0 0.0 2.0 2.940988 3.882753 2.940988
-1 1418346756.747476 3.980199 1.0 1.0 3.863343 1.940988 1.940988 1.0 2.0 0.621803 3.921187 3.940988 2.940988 3.940988
-1 1418346757.356668 13.51199 4.050458 6.960397 6.960397 3.0 3.0 5.050458 6.318625 6.707092 5.960397 6.960397 2.882753 6.960397
-1 1418346757.659868 4.84496 3.882753 1.0 2.0 2.0 2.0 3.715651 8.090002 1.882753 1.0 5.654355 2.0 5.654355
-1 1418346757.905435 0.940988 1.0 2.845472 8.845472 3.78646 8.845472 1.0 0.0 0.940988 6.280718 3.845472 1.845472 3.845472
-1 1418346758.585216 2.980199 1.0 3.667788 3.845472 3.0 1.0 4.789128 2.845472 6.463609 0.0 0.0 1.0 0.0
-1 1418346758.785487 0.0 3.980199 9.611738 2.980199 0.0 0.0 1.0 0.0 1.0 1.0 3.0 0.940988 3.0
-1 1418346759.242136 6.614798 5.622334 6.764729 2.766266 2.0 1.0 3.369092 7.614798 2.0 4.803163 10.015993 2.980199 10.015993
-1 1418346759.654384 3.189368 3.0 4.940988 3.0 1.0 1.940988 3.0 5.283937 4.940988 2.0 4.0 1.0 4.0
-1 1418346759.874885 1.980199 0.0 3.960397 10.862175 3.980199 7.842374 1.0 1.940988 2.0 4.862175 2.980199 2.921187 2.980199
-1 1418346760.498001 1.0 1.88429 0.495209 2.0 0.940988 1.0 1.88429 1.0 2.750309 4.980199 1.0 0.0 1.0
-1 1418346760.696203 1.0 2.0 5.806645 2.0 3.921187 1.0 2.980199 2.0 0.940988 1.88429 1.980199 2.980199 1.980199
-1 1418346761.093137 4.993869 0.613025 7.562221 3.882753 6.862951 6.862951 2.750309 0.0 1.0 9.747241 6.862951 6.862951 6.862951
-1 1418346761.635106 2.980199 2.82873 2.0 4.0 1.0 1.0 5.415185 5.641958 6.612092 4.0 2.0 3.88429 2.0
-1 1418346761.858722 6.901385 10.555164 2.0 4.940988 4.940988 0.940988 15.524694 6.901385 4.882753 3.921187 1.0 0.0 1.0
-1 1418346762.530645 1.0 3.823741 7.637509 9.766658 2.82567 11.592329 6.293418 2.940988 9.24526 1.845472 1.0 3.82567 1.0
-1 1418346762.775450 4.862951 3.845472 2.0 1.0 2.0 1.0 3.845472 1.0 1.0 2.0 1.0 1.0 1.0
-1 1418346763.136444 1.738658 4.710706 4.881976 10.18789 1.790997 2.727448 5.337745 1.0 2.881976 6.648635 12.687861 0.0 12.687861
-1 1418346763.620390 5.598388 2.0 3.940988 3.882753 5.88429 3.0 5.028197 4.960397 5.940988 9.341422 4.882753 5.0 4.882753
-1 1418346763.831178 1.0 1.487774 1.715651 3.0 1.0 3.0 0.0 1.0 1.0 5.733899 1.940988 0.0 1.940988
-1 1418346764.209323 2.0 7.368771 6.902554 5.70148 3.0 3.0 11.131455 2.0 2.0 3.940988 4.0 3.0 4.0
-1 1418346764.638509 3.0 1.0 5.0 6.656247 4.0 4.864489 3.0 3.0 3.0 2.980199 2.980199 3.0 2.980199
-1 1418346764.857872 3.0 4.980199 3.822964 2.88429 0.940988 4.940988 3.863343 2.0 7.699055 3.862175 2.0 1.940988 2.0
-1 1418346765.277846 5.940988 8.862175 7.940988 6.0 7.0 8.940988 7.881976 9.597627 4.0 10.862175 4.940988 6.0 4.940988
-1 1418346765.686071 10.614379 12.337315 4.633069 5.677112 3.960397 2.0 17.147094 18.037581 7.440777 5.65731 4.677112 0.0 4.677112
-1 1418346765.905783 1.940988 2.394181 4.940988 3.940988 8.862175 2.940988 5.125081 0.0 1.0 2.940988 2.940988 3.940988 2.940988
-1 1418346766.138422 3.0 1.0 0.792519 1.0 1.881976 1.0 2.0 3.0 3.0 2.0 0.0 0.0 0.0
-1 1418346766.432838 1.940988 0.0 3.980199 4.0 3.0 2.0 2.980199 2.0 1.0 4.0 4.980199 2.0 4.980199
-1 1418346766.698111 1.980199 1.0 6.0 3.599941 3.0 1.0 1.0 1.0 0.0 4.862951 2.715651 0.0 2.715651
-1 1418346766.974107 3.980199 4.980199 2.922355 1.0 2.0 1.0 6.341591 3.980199 4.980199 1.738658 1.0 3.940988 1.0
-1 1418346767.469977 3.385378 1.0 5.960397 9.766266 4.960397 6.940596 4.960397 2.0 5.844711 7.940596 5.960397 7.901385 5.960397
-1 1418346767.741100 0.0 0.829815 9.901385 4.921187 1.0 1.0 0.0 5.659631 3.168836 2.0 3.921187 3.0 3.921187
-1 1418346767.961232 6.707647 3.0 5.76858 3.0 2.845472 2.0 5.474447 6.578889 4.871199 2.0 1.0 2.0 1.0
-1 1418346768.471636 1.940988 1.0 3.980199 2.922355 0.0 3.980199 1.0 3.940988 3.940988 3.980199 1.0 0.0 1.0
-1 1418346768.815724 1.0 1.0 3.0 2.940988 1.0 1.0 2.0 2.0 2.980199 1.0 1.0 1.0 1.0
-1 1418346769.282893 8.264731 3.980199 6.4115 2.0 3.980199 8.707254 3.980199 1.0 4.0 6.785676 1.0 3.0 1.0
-1 1418346769.720040 4.922355 4.980199 0.88429 2.0 1.0 1.0 5.980199 5.0 3.0 2.0 3.789128 1.0 3.789128
-1 1418346769.906614 1.827177 5.805869 4.580124 8.62961 2.940988 5.803163 5.805869 2.827177 2.940988 2.823741 2.921187 3.921187 2.921187
-1 1418346770.475892 3.769326 4.040043 1.88429 5.881976 5.729762 2.0 2.980199 4.980199 7.731593 4.921187 2.0 2.0 2.0
-1 1418346770.740245 1.0 0.0 2.940988 6.694689 0.0 2.0 0.0 2.0 2.882753 5.901385 3.940988 0.0 3.940988
-1 1418346770.963204 6.133652 2.0 3.881976 1.940988 1.0 1.940988 2.0 3.337922 2.980199 3.0 0.940988 1.0 0.940988
-1 1418346771.438098 4.714098 4.564047 1.940988 1.940988 2.0 3.0 3.882753 8.595343 2.0 4.980199 1.0 3.0 1.0
-1 1418346771.747576 5.091154 2.0 2.308723 1.0 0.0 2.881976 2.612747 4.0 1.200469 4.190699 0.0 1.980199 0.0
-1 1418346772.022771 1.39795 6.423145 1.940988 8.709568 3.940988 4.0 11.515601 1.39795 2.200469 3.882753 2.88429 1.940988 2.88429
-1 1418346772.586364 2.0 1.0 4.980199 4.844711 2.0 3.0 3.980199 2.0 1.0 2.0 1.0 1.0 1.0
-1 1418346772.778364 1.0 1.0 6.47973 2.0 2.0 3.0 6.0 1.0 5.0 3.0 1.0 2.0 1.0
-1 1418346773.093825 7.194002 1.0 1.0 0.0 1.0 0.0 0.0 4.310473 2.922355 1.0 1.980199 1.940988 1.980199
-1 1418346773.645234 3.78646 3.769718 2.0 2.980199 2.940988 2.980199 7.746857 1.940988 1.0 2.940988 0.0 1.0 0.0
-1 1418346773.875511 5.361969 0.0 5.980199 2.0 3.0 2.0 3.0 5.564047 3.561122 3.82567 3.0 3.0 3.0
-1 1418346774.310142 1.980199 9.471145 4.78646 5.710706 1.0 2.940988 12.622009 1.0 2.980199 4.940988 3.827177 0.0 3.827177
-1 1418346774.709915 3.0 0.0 1.0 5.222322 0.0 2.940988 5.805477 2.0 1.0 7.746096 4.940988 0.0 4.940988
-1 1418346774.914666 9.27087 1.0 2.882753 1.0 1.0 4.0 4.0 8.595161 1.0 9.881976 2.0 2.922355 2.0
-1 1418346775.340182 3.765505 2.0 1.0 1.792519 2.0 1.88429 3.862175 3.765505 0.938731 1.940988 2.0 2.0 2.0
-1 1418346775.746623 1.88429 2.922355 4.631387 2.921187 2.0 5.980199 7.467762 2.690943 5.774199 7.668178 5.766266 4.0 5.766266
-1 1418346775.913599 3.940988 5.519279 4.960397 9.331599 5.372858 5.792519 4.040235 2.980199 1.980199 4.792519 2.980199 1.980199 2.980199
-1 1418346776.300140 2.980199 0.0 3.980199 10.590293 3.980199 4.921187 2.88429 0.0 4.214957 7.690521 2.940988 2.538094 2.940988
-1 1418346776.729496 0.0 0.0 1.940988 2.0 2.980199 2.0 0.0 1.0 6.901385 3.0 4.0 2.0 4.0
-1 1418346776.943223 7.597627 3.0 1.0 5.940988 3.940988 1.0 8.528657 4.676048 2.699174 3.0 4.447193 2.0 4.447193
-1 1418346777.397183 5.868299 2.813384 2.0 3.980199 3.0 3.980199 6.676335 5.420686 7.710706 2.0 5.0 2.0 5.0
-1 1418346777.863981 5.940988 3.0 4.0 1.0 2.0 5.980199 3.940988 3.940988 12.484841 7.864489 1.882753 3.0 1.882753
-1 1418346778.082891 5.690159 8.92544 5.901385 6.940596 3.940988 4.0 7.350757 5.728224 8.287619 3.980199 1.0 4.0 1.0
-1 1418346778.317065 1.0 1.980199 2.940988 4.940988 5.940988 3.0 2.306441 1.0 1.0 5.597627 2.0 3.940988 2.0
-1 1418346778.586878 5.0 2.0 6.807376 2.922355 5.882753 2.922355 2.0 2.0 4.902554 4.0 5.940988 4.940988 5.940988
-1 1418346778.845454 1.980199 1.845472 10.52471 7.823741 3.980199 2.980199 1.940988 1.980199 4.921187 5.881976 4.54828 4.569958 4.54828
-1 1418346779.254999 2.980199 0.0 6.901385 3.960397 4.825278 5.921187 2.940988 3.0 1.82873 3.921187 6.940596 4.825278 6.940596
-1 1418346781.827301 13.668044 15.105387 4.921187 5.645334 3.0 7.0 21.663427 13.974103 6.482471 8.769718 2.0 2.0 2.0
-1 1418346785.538361 2.0 2.0 4.0 1.980199 1.0 3.757025 2.0 2.0 4.0 2.922355 1.0 1.0 1.0
-1 1418346789.539569 1.845472 4.67075 3.0 1.980199 3.940988 1.715651 3.575587 0.845472 4.695849 4.63723 6.823741 2.0 6.823741
-1 1418346791.996000 7.713352 4.0 1.0 1.0 2.980199 1.0 3.922355 9.107178 5.882753 3.0 0.0 2.0 0.0
-1 1418346792.482210 1.0 4.316336 2.921187 3.0 1.0 1.0 4.312482 0.0 2.903475 0.0 0.0 0.0 0.0
-1 1418346792.877943 2.882753 1.940988 6.303953 3.0 2.922355 3.0 1.940988 1.940988 1.0 4.845472 1.0 1.0 1.0
-1 1418346793.097691 3.0 3.0 3.960397 0.0 0.0 3.980199 4.406718 9.471463 5.593858 3.980199 0.0 2.0 0.0
-1 1418346793.616731 5.428928 2.940988 2.82873 1.980199 1.0 0.0 4.862951 3.769326 0.0 2.0 3.671142 1.0 3.671142
-1 1418346793.926879 9.342297 5.637125 5.636453 7.612868 4.940988 3.980199 7.268714 7.655757 4.634258 5.863343 4.714098 3.980199 4.714098
-1 1418346794.155835 0.0 2.882753 2.940988 10.513363 1.940988 5.630995 2.267724 0.0 0.0 5.0 3.940988 0.0 3.940988
-1 1418346794.861006 1.845472 1.980199 2.0 2.825278 0.0 0.0 2.0 3.825278 2.0 2.634599 2.980199 1.0 2.980199
-1 1418346795.059190 2.881976 2.940988 7.335318 0.0 4.940988 2.0 3.921187 1.881976 4.093798 3.789128 0.59092 6.789128 0.59092
-1 1418346795.459729 2.0 2.0 0.0 1.0 2.0 0.0 5.668436 1.0 1.0 2.0 1.0 2.0 1.0
-1 1418346795.949794 3.0 11.745704 4.980199 4.0 3.0 4.980199 7.881976 5.14766 3.0 3.0 3.0 3.0 3.0
-1 1418346796.154784 5.960397 2.0 2.0 1.940988 2.0 2.0 2.980199 2.0 4.960397 2.0 0.0 2.0 0.0
-1 1418346796.633519 1.0 0.0 0.940988 3.881976 1.940988 3.881976 1.0 0.0 3.940988 2.940988 1.0 2.940988 1.0
-1 1418346796.967504 1.980199 2.0 1.0 3.0 1.0 3.0 2.940988 1.0 1.940988 9.396774 2.0 1.0 2.0
-1 1418346797.168681 12.82458 4.960397 5.960397 9.241897 0.0 1.940988 10.714384 9.61326 7.882753 7.326835 6.862951 1.0 6.862951
-1 1418346797.685543 5.322522 6.23262 6.980199 2.980199 1.7537 5.0 6.000883 4.980199 3.980199 5.940988 2.0 1.0 2.0
-1 1418346798.011226 10.086275 8.209099 3.464414 5.424074 7.553503 1.845472 9.767683 5.708423 10.018455 2.561122 1.690943 3.652117 1.690943
-1 1418346798.285216 1.0 5.489322 2.460035 3.770803 5.378141 4.940988 5.999894 1.0 0.940988 2.882753 4.661877 2.0 4.661877
-1 1418346798.943073 1.845472 3.980199 3.0 3.0 2.0 5.0 3.82567 1.0 3.0 5.0 5.0 2.0 5.0
-1 1418346799.146319 3.940988 8.746857 2.940988 3.0 0.0 4.0 7.085069 7.091889 3.921187 5.960397 4.940988 1.980199 4.940988
-1 1418346799.545541 2.980199 6.314652 3.960397 1.0 1.0 1.0 9.520759 5.980199 5.921187 4.980199 1.980199 1.0 1.980199
-1 1418346799.998254 1.0 1.419266 5.034192 6.980199 3.980199 3.0 5.473965 1.0 1.0 3.0 5.0 2.0 5.0
-1 1418346800.194066 0.0 1.621803 6.983988 2.0 2.0 2.0 11.141367 2.0 1.0 4.902554 2.922355 1.980199 2.922355
-1 1418346800.628837 2.0 1.980199 5.0 5.766266 2.0 3.881976 3.487957 3.0 3.78646 3.881976 2.881976 2.881976 2.881976
-1 1418346801.048790 0.0 0.0 1.882753 1.882753 1.882753 2.699174 2.0 0.0 0.0 4.620752 3.882753 4.67188 3.882753
-1 1418346801.314930 10.312457 4.948307 0.0 1.0 1.0 0.0 5.602664 9.352059 5.0 0.845472 0.0 1.0 0.0
-1 1418346801.878459 3.940988 6.634147 3.65746 2.792519 2.0 4.65746 7.634147 4.825278 4.0 4.65746 2.0 2.0 2.0
-1 1418346802.084443 5.940988 4.940988 4.921187 3.921187 1.0 4.901385 6.960397 4.0 6.49089 1.980199 2.921187 0.0 2.921187
-1 1418346802.431925 1.0 1.0 10.881976 3.770803 3.0 1.940988 2.0 1.0 1.881976 1.0 3.750309 3.980199 3.750309
-1 1418346802.972641 0.940988 2.940988 3.980199 1.940988 0.0 0.0 2.940988 1.940988 1.0 1.980199 2.0 1.0 2.0
-1 1418346803.207138 4.940988 3.715651 1.940988 3.622933 3.940988 1.0 5.597627 2.940988 2.940988 2.940988 3.940988 3.940988 3.940988
-1 1418346803.679229 12.256317 9.003778 5.78646 2.88429 2.864489 3.980199 11.792152 8.330322 10.260345 3.940988 2.0 1.980199 2.0
-1 1418346804.211131 6.881976 3.980199 7.431246 0.0 1.0 0.0 8.058521 10.310928 4.980199 2.0 0.0 1.0 0.0
-1 1418346804.417422 8.786068 3.0 8.392035 3.980199 0.0 2.0 5.956843 6.394528 3.0 7.960397 2.0 0.0 2.0
-1 1418346804.677426 7.845472 2.0 1.0 1.0 2.0 1.0 4.0 4.0 3.0 1.980199 0.0 2.0 0.0
-1 1418346804.969898 3.0 1.940988 2.0 5.940988 2.0 3.0 1.0 2.0 0.940988 3.86678 4.0 4.0 4.0
-1 1418346805.193699 1.0 1.0 1.0 0.0 2.0 3.0 1.940988 0.0 2.0 2.0 1.0 2.0 1.0
-1 1418346805.489466 10.376815 5.882753 12.705717 8.471343 2.0 4.0 10.636445 4.82567 1.0 6.901385 5.683023 2.0 5.683023
-1 1418346805.973300 1.0 3.643919 4.498622 2.940988 1.0 3.921187 6.630796 1.0 1.0 5.581704 3.960397 1.0 3.960397
-1 1418346806.181106 4.0 13.384193 7.940596 4.805869 1.0 1.0 10.836474 4.0 5.0 4.0 2.980199 0.0 2.980199
-1 1418346806.579338 1.940988 2.352437 6.318074 3.940988 2.0 2.0 2.229244 2.980199 1.949112 0.616646 2.0 2.0 2.0
-1 1418346807.022320 1.0 1.0 7.901385 4.0 1.0 1.0 1.0 1.0 1.0 2.882753 1.0 1.0 1.0
-1 1418346807.228356 6.728224 3.805869 5.805869 5.786068 1.845472 2.78646 5.534544 8.708423 5.728224 2.805869 10.649019 1.845472 10.649019
-1 1418346807.762148 3.457983 1.0 4.940988 1.0 4.829815 5.980199 0.0 1.980199 1.0 8.637659 1.940988 4.0 1.940988
-1 1418346808.089223 8.728974 6.708348 3.882753 6.807376 0.940988 2.827177 14.975765 9.558119 8.512086 5.827177 3.86678 0.0 3.86678
-1 1418346808.313141 3.980199 3.0 6.881976 3.980199 2.0 2.980199 3.0 4.789128 6.695849 4.0 2.940988 2.0 2.940988
-1 1418346808.849679 0.0 1.0 4.0 5.902554 1.0 3.0 0.0 0.0 1.0 2.980199 1.0 1.0 1.0
-1 1418346809.099832 1.0 3.618108 1.0 2.921187 2.940988 2.940988 3.0 1.0 1.0 3.940988 0.0 2.940988 0.0
-1 1418346809.374399 2.792519 3.921187 3.86678 1.0 2.0 4.86678 4.980199 1.0 0.0 5.750309 1.0 2.88429 1.0
-1 1418346810.001871 10.306487 9.460239 1.0 1.0 2.0 3.0 8.57405 5.805108 7.108648 4.0 1.0 2.940988 1.0
-1 1418346810.221427 0.0 2.279158 2.0 3.502464 2.0 1.882753 5.073378 0.0 1.0 5.610977 2.0 1.0 2.0
-1 1418346810.616880 2.0 2.0 7.980199 7.710706 4.980199 3.0 2.0 2.0 3.960397 5.845472 5.0 3.980199 5.0
-1 1418346811.056935 3.59092 3.777476 4.654355 1.0 1.0 2.0 5.699055 1.940988 5.374772 3.980199 5.691297 2.63723 5.691297
-1 1418346811.319782 4.561402 3.925534 6.496774 5.314944 0.845472 0.845472 7.894005 4.561402 3.939181 2.729762 8.190193 0.845472 8.190193
-1 1418346811.968002 7.282987 6.980199 7.745704 2.0 4.921187 2.940988 11.92996 6.902554 2.0 4.921187 2.940988 2.940988 2.940988
-1 1418346812.189849 5.191805 0.0 1.980199 5.862951 1.0 4.882753 4.361755 2.980199 1.0 5.862951 5.862951 2.882753 5.862951
-1 1418346812.597283 2.940988 2.940988 3.88429 5.634207 3.980199 2.980199 2.980199 3.881976 2.980199 10.447546 4.598298 1.980199 4.598298
-1 1418346813.109606 1.0 1.0 9.803163 6.746096 3.738658 4.922355 4.980199 0.0 1.704346 1.0 1.882753 1.0 1.882753
-1 1418346813.330187 6.805108 6.595781 7.882753 2.940988 3.0 2.0 4.845472 4.940988 2.922355 3.0 3.0 0.0 3.0
-1 1418346813.897119 5.711467 2.7537 3.0 8.862951 2.0 1.0 10.068803 1.0 8.252284 2.0 2.940988 5.882753 2.940988
-1 1418346814.208966 6.161435 3.661877 2.0 4.805869 2.882753 2.0 5.290847 5.715018 4.512499 0.940988 1.0 0.0 1.0
-1 1418346814.575430 0.0 3.0571 5.980199 9.285101 4.882753 2.940988 2.709643 0.0 3.0 1.0 4.921187 3.0 4.921187
-1 1418346815.109610 1.0 4.980199 1.0 2.88429 0.0 1.0 1.0 1.940988 5.980199 1.0 0.0 0.0 0.0
-1 1418346815.353179 1.0 4.0 1.792519 3.576913 1.792519 5.902554 3.922355 1.0 2.881976 8.82567 2.0 0.845472 2.0
-1 1418346815.821481 3.659579 7.431161 2.0 2.845472 2.0 3.0 3.113338 6.960479 5.0 2.0 2.0 1.922355 2.0
-1 1418346816.331058 1.882753 2.789128 1.0 3.0 2.0 3.0 4.527785 1.789128 6.862951 2.0 3.0 2.0 3.0
-1 1418346816.598799 2.0 3.0 3.940988 6.882753 3.882753 3.922355 3.0 2.0 3.0 8.768165 4.0 2.0 4.0
-1 1418346816.924303 2.0 2.0 3.88429 3.882753 0.0 2.980199 2.0 4.0 6.805108 3.882753 2.0 0.0 2.0
-1 1418346817.182552 1.0 0.0 6.960397 1.940988 2.0 1.0 1.0 1.0 2.0 1.0 0.940988 1.0 0.940988
-1 1418346817.454328 5.622255 3.940988 0.0 2.750309 0.0 0.0 6.765897 1.374402 2.0 1.980199 0.0 0.88429 0.0
-1 1418346817.982794 9.396487 15.939037 1.0 1.0 3.0 1.0 12.656041 3.305478 3.82567 1.0 4.960397 1.0 4.960397
-1 1418346818.218985 1.882753 10.549974 7.0 7.0 5.0 7.0 7.845472 1.424321 0.0 7.882753 7.0 5.0 7.0
-1 1418346818.582763 5.318384 5.75839 3.0 3.0 2.0 2.0 5.555097 3.531924 1.881976 4.922355 2.0 2.0 2.0
-1 1418346819.062425 1.0 0.0 6.0 2.7537 2.0 1.0 0.0 0.940988 1.0 1.980199 1.0 2.980199 1.0
-1 1418346819.291185 2.0 2.0 2.0 4.921187 2.940988 2.0 2.0 1.0 1.0 3.0 3.940988 2.940988 3.940988
-1 1418346819.737539 3.0 4.495067 2.940988 2.0 1.940988 2.0 6.578754 2.0 2.273983 2.0 4.960397 3.980199 4.960397
-1 1418346820.189930 5.881725 5.399191 3.713706 4.599941 1.881976 1.940988 5.457426 3.622156 7.790187 4.676048 6.636837 2.881976 6.636837
-1 1418346820.410611 6.136326 3.74605 5.61213 6.707647 4.862951 3.671142 8.435616 8.211672 1.980199 1.980199 1.980199 1.980199 1.980199
-1 1418346821.042247 2.0 1.542661 6.690182 2.0 1.845472 3.980199 3.503058 2.921187 2.940988 6.960397 1.7537 1.0 1.7537
-1 1418346821.266276 0.0 1.0 3.0 1.940988 3.0 4.0 2.0 0.0 5.882753 5.714098 1.0 3.940988 1.0
-1 1418346821.618026 3.980199 10.294419 7.527032 5.88429 2.882753 1.0 11.322483 3.980199 3.980199 4.940988 1.88429 1.882753 1.88429
-1 1418346822.097981 6.524852 1.776826 1.0 1.0 1.0 2.0 2.776826 3.776826 4.0 1.0 1.0 1.0 1.0
-1 1418346822.307942 2.940988 2.884142 4.808929 4.0 4.940988 3.980199 1.0 2.940988 4.881976 2.980199 2.0 2.0 2.0
-1 1418346822.861502 1.0 2.0 6.862175 9.631539 6.940988 8.786068 3.980199 2.0 3.940988 6.805869 6.805869 4.940988 6.805869
-1 1418346823.197647 2.980199 1.0 3.88429 3.921187 6.806645 2.980199 2.0 1.0 1.0 2.0 3.0 3.88429 3.0
-1 1418346823.443060 3.0 2.0 5.769718 4.940988 3.0 3.0 5.882753 2.0 2.0 3.0 3.940988 2.0 3.940988
-1 1418346824.035371 6.823741 7.018333 6.805869 1.0 2.980199 2.980199 13.283404 6.823741 6.407928 4.980199 3.0 2.980199 3.0
-1 1418346824.244759 2.882753 0.0 5.901385 1.0 4.0 3.0 0.940988 0.0 0.845472 3.0 2.980199 2.0 2.980199
-1 1418346824.646189 5.601343 3.882753 2.0 4.863343 4.921187 5.748026 8.964019 3.940988 5.735919 3.806645 2.0 2.980199 2.0
-1 1418346825.082679 0.940988 2.751394 2.82873 2.0 0.0 3.0 2.673749 1.980199 1.940988 2.0 3.0 1.0 3.0
-1 1418346825.320777 2.0 0.0 2.0 3.0 2.0 2.0 1.940988 1.0 1.0 0.0 0.0 3.0 0.0
-1 1418346825.763715 14.980117 10.628457 1.0 2.0 3.0 2.940988 12.647089 15.627455 7.499404 8.710706 3.0 4.845472 3.0
-1 1418346826.212739 8.670381 4.050089 3.714098 1.0 3.980199 1.0 2.091229 9.682812 3.669212 1.980199 5.807376 3.980199 5.807376
-1 1418346826.474789 2.810014 2.940988 8.632278 1.980199 0.940988 0.0 4.712568 2.980199 9.310195 3.805869 0.0 0.940988 0.0
-1 1418346827.089868 0.0 1.0 1.0 5.730508 1.0 1.0 1.0 0.0 3.922355 0.940988 3.708815 0.0 3.708815
-1 1418346827.297228 2.980199 6.921187 1.0 2.0 0.0 2.0 8.862951 4.980199 8.347263 6.597627 2.0 2.0 2.0
-1 1418346827.669451 2.940988 2.0 1.980199 3.0 1.0 2.940988 3.0 3.0 2.845472 3.0 1.0 1.0 1.0
-1 1418346828.131492 1.829815 6.862175 10.862951 4.980199 3.0 4.0 9.842374 5.881976 1.0 7.684545 5.862951 3.0 5.862951
-1 1418346828.414232 4.882753 5.032993 5.881976 6.0 7.881976 6.881976 6.957556 3.846979 5.331177 6.980199 4.0 5.881976 4.0
-1 1418346828.643114 1.0 1.0 1.940988 2.88429 1.0 2.0 1.0 2.0 4.750309 3.940988 1.0 2.0 1.0
-1 1418346828.934769 4.713706 2.921187 8.940596 2.940988 1.0 2.940988 3.881976 2.940988 4.149005 4.940988 3.940988 1.0 3.940988
-1 1418346829.264843 0.0 1.0 7.553895 3.0 1.0 1.0 0.0 1.0 1.0 1.940988 2.0 1.0 2.0
-1 1418346829.529225 2.805869 3.246074 3.309712 5.347769 2.0 3.980199 6.11514 2.805869 5.805869 3.62897 4.234656 1.0 4.234656
-1 1418346830.018159 10.262024 7.996913 4.711467 5.574811 1.825278 2.921187 10.647094 10.689352 6.556178 7.689352 5.356041 1.825278 5.356041
-1 1418346830.300231 4.663221 3.0 5.766658 5.881976 2.980199 3.980199 3.980199 4.514021 3.864489 2.980199 8.629218 4.862951 8.629218
-1 1418346830.727935 6.478822 1.980199 4.864489 6.69245 2.922355 1.0 3.342756 0.435246 6.441786 3.864489 1.0 2.0 1.0
-1 1418346831.225205 1.0 1.999005 3.921187 7.274305 0.0 2.569958 0.924533 1.0 2.980199 9.077806 7.096164 0.0 7.096164
-1 1418346831.444942 12.562276 3.980199 7.881976 2.0 6.822964 2.0 4.0 9.049719 3.519447 3.940988 1.0 2.980199 1.0
-1 1418346832.043034 3.882753 6.467259 1.882753 1.0 1.882753 3.751394 16.493228 5.882753 4.829815 2.751394 1.0 3.823741 1.0
-1 1418346832.299439 3.743328 2.553624 15.201882 6.414824 4.771195 4.437153 3.882753 2.0 3.863343 4.627478 8.336403 4.607676 8.336403
-1 1418346832.585474 2.980199 5.960397 2.0 3.822964 1.0 4.881976 6.772718 4.980199 3.940988 4.822964 2.881976 1.0 2.881976
-1 1418346833.142572 1.524534 0.940988 2.0 2.88429 0.0 1.980199 7.12291 1.789128 3.38182 1.0 2.452731 0.0 2.452731
-1 1418346833.345238 1.0 3.0 4.921187 5.365512 0.0 1.940988 1.940988 1.0 1.980199 2.825278 2.940988 0.0 2.940988
-1 1418346833.708709 3.940988 1.0 2.0 2.0 0.88429 1.940988 1.0 4.0 3.0 3.827177 4.690943 1.88429 4.690943
-1 1418346834.239795 7.611738 6.611738 0.940988 1.0 0.0 1.0 7.611738 7.611738 9.611738 4.690943 1.0 0.845472 1.0
-1 1418346834.476322 2.0 7.78646 5.0 3.0 1.0 3.0 4.760381 5.713759 4.0 5.844711 0.0 1.0 0.0
-1 1418346835.208997 1.0 2.980199 4.882753 4.863343 3.0 3.0 2.980199 0.0 2.507401 4.902554 3.0 3.0 3.0
-1 1418346835.423028 1.790997 2.751394 1.0 1.0 2.0 1.0 4.731593 1.790997 2.0 1.0 1.0 1.0 1.0
-1 1418346835.883909 3.980199 1.0 2.526026 7.408394 0.0 3.654355 6.901385 2.0 0.0 1.585038 2.585038 1.0 2.585038
-1 1418346836.258744 3.768165 7.687845 5.901385 4.921187 2.940988 3.940988 5.222322 3.881976 7.881976 4.921187 6.921187 4.921187 6.921187
-1 1418346836.462269 0.0 2.921187 3.882753 7.631893 8.687084 4.882753 1.882753 0.0 0.0 4.980199 2.730116 5.746096 2.730116
-1 1418346837.007800 2.0 5.960397 4.940988 1.0 2.0 1.0 5.768165 3.0 3.980199 4.960397 2.0 1.0 2.0
-1 1418346837.305362 3.0 3.0 4.0 1.922355 0.0 0.0 2.0 3.0 3.0 2.0 1.0 0.0 1.0
-1 1418346837.531393 4.940988 7.79523 1.0 2.0 1.0 3.0 11.002573 3.0 4.0 4.0 2.940988 1.940988 2.940988
-1 1418346838.149651 1.940988 5.004123 8.76356 7.901385 4.901385 5.960397 5.827177 1.0 1.526128 9.729724 7.881584 4.901385 7.881584
-1 1418346838.341445 4.882753 9.823349 4.0 2.0 2.0 2.0 12.955728 5.862951 5.617428 3.0 2.0 2.0 2.0
-1 1418346838.596137 2.534161 1.0 3.829815 4.980199 3.0 2.0 3.37114 0.0 1.0 8.679372 2.0 2.0 2.0
-1 1418346839.311414 2.0 1.0 0.0 4.0 0.0 3.0 2.0 1.0 2.792519 3.695849 1.0 1.0 1.0
-1 1418346839.572990 1.882753 4.882753 3.882753 5.805869 4.921187 3.980199 4.882753 2.882753 2.980199 8.823741 8.765505 4.960397 8.765505
-1 1418346840.167294 5.315961 7.607553 5.810014 3.980199 3.0 4.0 7.198487 4.767827 2.0 6.0 4.0 3.0 4.0
-1 1418346840.462671 10.104339 10.753567 1.0 2.882753 0.0 3.882753 5.418977 6.695849 4.940988 4.882753 1.882753 2.882753 1.882753
-1 1418346840.900702 5.88429 8.264044 7.183461 3.39795 2.0 3.468908 7.778637 4.88429 7.593459 2.462748 1.704346 1.0 1.704346
-1 1418346841.323069 3.960397 4.347263 1.980199 3.980199 2.0 2.0 7.149782 1.980199 4.378821 5.940988 3.980199 1.0 3.980199
-1 1418346841.536292 2.980199 1.940988 1.0 2.0 1.0 5.0 1.845472 2.980199 2.980199 5.0 1.0 2.980199 1.0
-1 1418346841.769300 1.0 1.940988 2.922355 10.495693 1.0 1.940988 9.989223 4.0 1.0 4.372289 12.078006 0.940988 12.078006
-1 1418346842.035049 5.0 2.0 2.980199 3.851584 2.0 4.0 4.0 4.0 3.0 5.862951 9.37487 2.0 9.37487
-1 1418346842.317501 0.0 0.0 3.940988 3.940988 4.921187 5.862175 2.46424 0.790997 1.0 6.65841 6.490007 4.940988 6.490007
-1 1418346842.523048 1.980199 1.0 5.922355 3.940988 5.980199 2.0 3.921187 2.980199 8.807376 5.980199 3.980199 4.980199 3.980199
-1 1418346842.832292 3.940988 1.980199 4.59092 3.578683 4.980199 2.0 3.637126 2.940988 6.524444 7.921187 2.0 4.980199 2.0
-1 1418346843.233986 0.0 1.0 1.0 2.0 0.0 2.0 2.0 1.0 2.940988 3.0 2.0 2.0 2.0
-1 1418346843.446204 0.0 1.0 4.0 3.0 1.0 2.0 2.881976 0.0 0.792519 2.0 2.0 2.0 2.0
-1 1418346843.805454 8.84315 4.980199 3.0 2.0 2.0 2.0 6.421864 5.538094 4.980199 2.0 3.0 2.0 3.0
-1 1418346844.352415 6.02631 6.245545 5.980199 5.0 4.827177 5.845472 2.0 2.0 4.751085 7.0 5.980199 3.0 5.980199
-1 1418346844.609244 5.651695 6.688622 6.711792 2.0 1.0 1.0 9.379142 4.107696 5.597627 1.0 2.0 0.0 2.0
-1 1418346845.199793 2.533822 3.980199 6.960397 4.980199 1.88429 2.542661 6.656334 1.980199 3.369092 4.542661 4.980199 1.0 4.980199
-1 1418346845.438984 0.0 2.0 3.0 3.829815 2.0 2.0 3.0 0.0 6.684429 2.0 2.829815 2.0 2.829815
-1 1418346845.810587 1.0 3.980199 1.845472 5.766266 2.0 3.0 1.777476 0.0 0.0 5.980199 2.940988 4.750309 2.940988
-1 1418346846.308143 4.489284 2.0 3.922355 4.0 2.0 1.0 6.406018 5.624011 4.862951 2.0 4.0 2.0 4.0
-1 1418346846.516074 2.0 3.0 3.0 10.807376 7.882753 9.940988 7.940596 4.0 4.0 4.0 3.980199 4.980199 3.980199
-1 1418346847.190355 2.940988 1.0 1.0 5.960397 2.88429 3.980199 2.0 3.940988 2.0 2.0 3.0 0.0 3.0
-1 1418346847.429718 1.940988 1.0 2.0 2.940988 2.0 1.0 1.980199 2.0 2.0 2.0 2.0 0.0 2.0
-1 1418346847.740813 1.0 2.0 2.0 2.0 1.0 4.0 3.922355 0.0 2.0 6.881976 2.0 1.940988 2.0
-1 1418346848.315498 6.769718 4.0 2.980199 4.960397 2.980199 1.0 5.0 3.0 6.844711 2.980199 7.789128 3.980199 7.789128
-1 1418346848.506071 3.671142 2.661877 3.0 6.823741 3.823741 2.0 1.0 1.690943 5.765505 0.0 1.0 0.0 1.0
-1 1418346848.969788 3.922355 3.922355 4.940988 5.940988 1.882753 3.0 4.922355 3.922355 6.902554 4.980199 2.0 0.0 2.0
-1 1418346849.461100 0.0 2.0 6.881976 2.940988 1.0 1.0 2.0 0.0 1.0 3.0 4.399095 1.0 4.399095
-1 1418346849.692608 4.597627 2.940988 5.765505 4.980199 2.0 5.823741 3.845472 4.597627 0.0 4.882753 2.980199 4.0 2.980199
-1 1418346850.255275 9.176507 8.29216 5.980199 3.0 4.940988 4.980199 12.314732 8.70993 6.526159 4.980199 2.0 1.0 2.0
-1 1418346850.518961 5.557916 8.750309 5.940988 4.0 1.0 4.0 7.595781 4.0 5.0 6.960397 3.0 1.980199 3.0
-1 1418346850.848261 7.555984 7.550269 3.0 7.679764 5.0 3.940988 13.117358 5.412742 2.482762 4.882753 3.0 2.0 3.0
-1 1418346851.411156 1.940988 1.0 2.940988 2.0 2.980199 0.940988 1.0 1.0 1.0 1.980199 3.921187 2.980199 3.921187
-1 1418346851.632655 0.0 2.0 1.0 1.0 1.0 1.0 1.0 3.0 0.0 1.980199 2.980199 2.0 2.980199
-1 1418346852.132059 4.82873 3.940988 8.764729 3.881976 2.940988 5.823741 15.069596 3.0 1.0 4.940988 2.940988 4.863343 2.940988
-1 1418346852.521557 4.685921 3.882753 3.0 3.882753 1.0 5.921187 6.016143 5.768165 2.940988 3.980199 2.980199 4.960397 2.980199
-1 1418346852.882738 5.822964 8.723129 2.882753 5.546064 5.921187 4.980199 18.654232 4.881976 8.842374 4.882753 1.0 3.980199 1.0
-1 1418346853.376105 3.980199 2.980199 3.980199 4.88429 2.789128 2.0 2.980199 2.0 4.846979 6.423297 0.0 1.0 0.0
-1 1418346853.581398 1.0 0.0 4.706493 3.960397 1.0 3.960397 2.863343 1.922355 2.980199 3.0 0.0 0.0 0.0
-1 1418346853.938891 5.200469 2.0 2.0 1.940988 0.0 3.714098 3.0 3.0 2.0 3.0 1.0 0.0 1.0
-1 1418346854.413617 7.115972 2.225728 7.802176 3.973307 1.0 1.882753 4.792442 5.335414 0.88429 5.76785 8.998501 2.0 8.998501
-1 1418346854.635756 10.383007 2.0 1.980199 1.0 1.0 3.0 5.980199 3.0 13.45721 0.0 1.0 1.0 1.0
-1 1418346855.113984 5.960397 2.0 2.0 4.533706 1.0 1.980199 2.0 3.0 7.337884 3.0 1.0 1.0 1.0
-1 1418346855.613486 0.845472 1.0 3.980199 3.980199 1.0 0.0 1.845472 0.845472 2.0 1.980199 2.922355 1.0 2.922355
-1 1418346855.822965 7.842374 9.901385 3.0 1.0 1.0 2.0 9.862175 6.881976 5.0 6.881976 0.88429 1.940988 0.88429
-1 1418346856.076863 1.980199 6.862951 5.661759 5.960397 5.661759 2.701362 8.498622 2.980199 4.676048 8.504525 4.980199 4.68156 4.980199
-1 1418346856.458316 7.764729 11.8132 3.0 5.980199 2.0 5.980199 6.064958 8.008011 9.390101 8.960397 4.0 3.0 4.0
-1 1418346856.648872 2.0 1.980199 3.980199 3.494612 3.0 2.980199 5.09708 2.980199 2.058785 3.825278 2.494612 1.980199 2.494612
-1 1418346857.015787 0.0 0.0 8.823741 5.882753 1.845472 4.710706 2.980199 0.0 1.0 11.447842 5.864489 1.0 5.864489
-1 1418346857.500452 0.0 1.940988 6.538094 5.78646 3.882753 1.845472 0.940988 0.0 0.066549 1.0 0.940988 2.0 0.940988
-1 1418346857.716840 2.864489 2.980199 5.921187 3.0 3.940988 2.0 5.980199 2.0 2.720379 2.922355 3.0 2.940988 3.0
-1 1418346858.222207 6.620752 1.82873 7.744928 2.0 4.862951 5.882753 3.805869 6.620752 3.70148 6.823741 3.980199 4.882753 3.980199
-1 1418346858.502598 5.133604 8.941943 3.921187 0.0 0.0 0.0 7.299335 3.42619 1.0 1.0 1.0 1.0 1.0
-1 1418346858.768831 2.0 5.940988 11.842374 9.446808 4.733507 7.901385 6.924092 2.0 2.0 4.940988 3.0 2.940988 3.0
-1 1418346859.403457 1.0 0.0 6.746857 0.0 4.0 0.0 0.0 0.0 0.0 0.0 1.0 1.0 1.0
-1 1418346859.603978 1.0 20.434283 2.6043 6.597627 1.940988 3.829815 22.986631 1.0 2.553624 3.980199 2.0 3.921187 2.0
-1 1418346859.900312 4.846112 2.980199 4.0 2.0 3.0 4.940988 4.921187 2.8986 0.0 5.940988 3.0 1.0 3.0
-1 1418346860.479420 8.690943 3.980199 3.922355 1.0 1.0 2.0 3.881976 10.111006 10.671865 3.960397 0.0 1.0 0.0
-1 1418346860.690680 4.555951 3.940988 7.827177 5.940988 6.881976 7.765505 2.940988 2.940988 2.940988 4.940988 1.940988 3.881976 1.940988
-1 1418346861.135356 1.0 1.980199 4.882753 6.845472 2.921187 2.0 1.455831 0.715651 1.585009 2.940988 3.980199 2.921187 3.980199
-1 1418346861.574627 0.0 1.0 2.0 2.940988 3.0 4.940988 1.790997 0.0 0.0 3.715651 3.940988 3.0 3.940988
-1 1418346861.856755 2.922355 1.0 1.0 1.0 2.0 1.0 3.0 3.0 3.319529 1.0 8.280563 2.0 8.280563
-1 1418346862.435967 13.654131 8.921187 2.0 0.940988 2.0 0.0 10.531516 12.781191 8.864489 1.0 0.0 2.980199 0.0
-1 1418346862.696626 2.0 2.0 6.940988 4.730116 4.825278 1.88429 3.902554 2.0 2.882753 2.0 0.0 2.0 0.0
-1 1418346863.274032 1.0 0.0 1.0 6.862951 0.940988 2.0 0.0 2.882753 0.940988 5.586068 3.980199 0.0 3.980199
-1 1418346863.604396 4.980199 1.980199 4.0 2.0 0.0 1.0 4.980199 3.980199 3.733899 1.0 0.0 0.0 0.0
-1 1418346863.865440 3.4876 8.444823 1.0 2.727448 0.0 1.922355 3.331055 6.544245 3.141823 6.289938 6.507148 0.0 6.507148
-1 1418346864.438668 2.71302 0.940988 1.940988 3.980199 4.827177 2.940988 0.0 0.0 0.0 3.940988 2.845472 1.0 2.845472
-1 1418346864.661979 4.178753 2.940988 4.0 3.418475 2.88429 2.0 3.354064 4.339383 1.940988 2.0 1.940988 2.0 1.940988
-1 1418346865.152296 0.0 0.0 4.0 4.738658 0.0 1.0 0.0 0.0 2.0 0.0 1.0 0.0 1.0
-1 1418346865.514065 0.0 0.845472 4.881976 2.0 1.0 1.0 2.715651 0.940988 1.0 2.845472 2.0 0.0 2.0
-1 1418346865.710852 6.690943 2.0 5.881976 2.0 2.0 1.0 5.940988 6.690943 1.940988 2.882753 3.882753 6.751394 3.882753
-1 1418346866.092731 0.0 5.710706 9.516614 8.666891 11.457971 5.824909 4.825278 0.0 0.0 13.572135 5.745704 5.769326 5.745704
-1 1418346866.532267 6.960397 3.980199 4.940988 3.0 2.940988 2.940988 4.825278 5.960397 4.0 5.940988 4.0 4.823741 4.0
-1 1418346866.768852 1.882753 2.940988 3.500798 10.298943 4.559569 3.7537 5.303111 4.058429 3.980199 4.606516 1.845472 1.0 1.845472
-1 1418346867.312955 1.0 0.501505 0.0 2.0 0.0 1.0 0.501505 0.0 0.0 5.805869 4.805869 1.0 4.805869
-1 1418346867.697847 1.0 4.0 0.0 1.940988 0.0 1.0 4.0 1.0 2.0 6.960397 2.0 0.0 2.0
-1 1418346867.924311 5.710706 3.86678 1.0 2.0 0.0 1.0 8.581683 3.750309 0.0 0.0 0.0 1.0 0.0
-1 1418346868.189916 6.7537 7.04781 3.0 2.0 4.980199 2.0 6.04781 6.7537 3.0 1.0 1.0 3.980199 1.0
-1 1418346868.506084 2.940988 4.320243 0.940988 1.0 1.0 2.980199 6.166476 1.940988 1.0 2.980199 1.0 1.0 1.0
-1 1418346868.734331 9.45641 5.945409 4.881976 4.881976 2.940988 5.766266 12.681032 6.648258 11.310032 5.881976 3.921187 2.940988 3.921187
-1 1418346869.050069 2.0 2.980199 4.0 3.0 1.0 1.0 2.0 1.0 1.940988 4.940988 1.980199 0.0 1.980199
-1 1418346869.477335 0.0 1.0 1.0 8.862951 3.0 3.0 1.0 0.940988 1.0 5.82567 2.0 3.0 2.0
-1 1418346869.753382 3.940988 4.0 5.863343 4.862175 1.980199 4.980199 1.0 2.0 4.980199 5.902554 2.980199 2.980199 2.980199
-1 1418346870.178938 3.0 2.940988 4.0 4.0 2.0 4.960397 3.0 2.0 3.0 5.0 2.0 2.0 2.0
-1 1418346870.614290 7.142694 1.0 1.922355 2.86678 2.0 2.86678 7.76858 10.160965 9.651333 1.0 1.0 1.0 1.0
-1 1418346870.841924 3.42002 1.0 2.0 3.0 2.0 4.980199 6.912986 2.980199 3.960397 2.980199 1.0 2.0 1.0
-1 1418346871.470889 4.882753 4.882753 3.980199 4.980199 4.765505 3.960397 3.882753 4.882753 5.805869 4.776826 4.0 1.0 4.0
-1 1418346871.742734 0.0 0.411947 2.980199 1.940988 2.0 1.0 0.0 1.0 0.0 2.0 0.0 1.940988 0.0
-1 1418346872.196826 1.0 13.46564 5.0 6.0 4.0 5.0 8.994058 1.0 2.922355 6.922355 8.921187 4.0 8.921187
-1 1418346872.628595 10.707647 2.0 3.0 4.940988 3.0 5.881976 3.827177 5.845472 3.0 5.862175 6.881976 3.0 6.881976
