-1 1418364908.422760 0.8816 1.0 3.524341 1.0
-1 1418364909.026985 2.96 1.0 0.8816 0.772483
-1 1418364910.042068 2.0 2.0 2.8816 3.8816
-1 1418364911.033750 1.0 4.0 7.615683 3.0
-1 1418364912.023407 1.0 3.0 3.0 5.0
-1 1418364913.025846 2.0 0.0 0.0 1.0
-1 1418364914.039975 1.0 1.96 4.92 2.96
-1 1418364915.031207 0.0 1.0 1.0 2.0
-1 1418364916.035892 0.0 0.0 0.0 0.0
-1 1418364917.032159 1.0 3.0 2.0 1.0
-1 1418364918.022696 0.0 0.0 0.0 0.0
-1 1418364919.037165 0.0 0.0 0.0 1.0
-1 1418364920.023982 1.0 0.0 0.0 0.0
-1 1418364921.034017 0.0 0.0 0.0 0.0
-1 1418364922.032755 0.0 1.0 1.0 1.0
-1 1418364923.026644 0.0 3.96 3.96 3.96
-1 1418364923.977619 1.0 0.0 1.0 0.0
-1 1418364924.015823 0.0 0.0 0.0 0.0
-1 1418364924.890106 0.0 0.0 0.0 0.0
-1 1418364925.022329 0.0 0.0 0.0 0.0
-1 1418364926.035031 0.0 0.0 1.0 1.0
-1 1418364927.027537 0.0 0.0 0.0 0.0
-1 1418364928.037377 1.0 1.0 3.0 1.0
-1 1418364928.884674 1.0 1.0 1.0 3.0
-1 1418364929.013016 0.0 0.0 0.0 0.0
-1 1418364930.043325 0.0 0.0 0.0 0.0
-1 1418364930.847219 0.0 0.0 0.0 1.0
-1 1418364931.016730 0.0 0.0 0.0 1.96
-1 1418364931.907898 0.0 0.0 0.0 0.0
-1 1418364932.021945 4.0 1.0 1.0 2.0
-1 1418364932.125128 0.0 0.0 0.0 0.0
-1 1418364932.220749 0.0 0.0 0.0 0.0
-1 1418364932.359925 0.8816 3.0 3.96 6.7632
-1 1418364932.526725 6.297651 2.0 4.0 3.0
-1 1418364932.757300 3.0 2.0 2.601141 4.96
-1 1418364933.034927 0.0 3.8816 2.0 7.96
-1 1418364933.988656 0.0 4.0 4.0 7.88
-1 1418364934.019616 1.0 1.96 0.8816 3.6448
-1 1418364935.045151 3.0 0.0 1.0 1.0
-1 1418364936.027993 3.96 2.0 3.0 3.8816
-1 1418364937.042023 1.0 1.0 1.8816 4.96
-1 1418364938.031482 1.0 0.0 2.0 0.0
-1 1418364939.018679 0.0 2.0 1.0 2.96
-1 1418364940.026828 4.92 0.0 1.96 2.96
-1 1418364941.027877 0.0 0.0 0.0 1.0
-1 1418364942.025704 2.0 0.0 0.0 2.0
-1 1418364943.029356 0.0 2.0 1.0 2.0
-1 1418364944.027754 0.0 0.0 0.0 0.0
-1 1418364945.031433 0.0 0.0 0.0 0.0
-1 1418364946.036196 1.0 1.0 1.0 2.0
-1 1418364947.045045 0.0 0.0 1.0 1.0
-1 1418364948.023354 0.0 0.0 0.0 0.0
-1 1418364948.862510 0.0 0.0 0.0 1.0
-1 1418364949.012573 4.0 1.0 1.0 1.0
-1 1418364950.018516 0.0 0.0 0.0 0.0
-1 1418364951.032597 0.0 0.0 0.0 1.0
-1 1418364952.041803 0.0 0.0 0.0 1.0
-1 1418364952.773881 0.0 0.0 0.0 0.0
-1 1418364953.020089 0.0 0.0 0.0 0.0
-1 1418364954.044734 0.0 0.0 0.0 0.0
-1 1418364955.038235 0.0 0.0 0.0 0.0
-1 1418364956.029383 0.0 0.0 0.0 0.0
-1 1418364956.883934 2.0 1.0 0.0 2.0
-1 1418364957.014320 0.0 1.0 1.0 1.0
-1 1418364957.903567 0.0 0.0 0.0 0.0
-1 1418364958.014259 0.0 0.0 1.0 0.0
-1 1418364958.654579 0.0 1.0 1.0 1.0
-1 1418364959.024075 0.0 0.0 0.0 0.0
-1 1418364959.842628 1.0 0.0 0.0 0.0
-1 1418364960.004894 1.0 1.0 1.0 0.0
-1 1418364960.763114 0.0 0.0 1.0 0.0
-1 1418364961.013515 0.0 1.0 0.0 0.0
-1 1418364961.765145 0.0 0.0 0.0 0.0
-1 1418364962.011451 0.0 0.0 1.0 0.0
-1 1418364962.666444 0.0 1.0 2.0 1.0
-1 1418364963.016165 0.0 0.0 0.0 0.0
-1 1418364963.738959 0.0 0.0 0.0 0.0
-1 1418364964.030173 1.0 7.6832 6.8016 4.8816
-1 1418364964.813338 0.0 1.0 1.0 1.0
-1 1418364965.020023 1.0 2.0 2.0 1.0
-1 1418364965.905746 2.0 1.0 1.0 3.96
-1 1418364966.020022 3.0 1.0 3.766336 3.96
-1 1418364966.774841 0.0 0.0 0.0 1.0
-1 1418364967.013794 3.0 2.0 2.96 1.0
-1 1418364967.680955 0.0 0.0 0.0 0.0
-1 1418364968.023761 0.0 3.0 3.0 1.0
-1 1418364968.701127 0.0 0.0 0.0 0.0
-1 1418364969.020900 0.0 0.0 0.0 0.0
-1 1418364969.696996 0.0 0.0 0.0 0.0
-1 1418364970.014218 0.0 0.0 0.0 0.0
-1 1418364970.705812 0.0 0.0 0.0 0.0
-1 1418364971.020635 0.0 0.0 0.0 0.0
-1 1418364971.516456 1.0 0.0 0.0 0.0
-1 1418364972.025289 0.0 0.0 0.0 1.0
-1 1418364972.766346 2.0 0.0 0.0 2.0
-1 1418364973.010431 0.0 0.0 0.0 0.0
-1 1418364973.430121 0.0 0.0 0.0 1.0
-1 1418364973.544026 1.0 3.0 1.0 2.0
-1 1418364973.646169 0.0 0.0 0.0 0.0
-1 1418364973.776853 1.0 0.0 2.96 1.0
-1 1418364973.899268 0.0 3.0 3.67192 4.8816
-1 1418364974.029713 2.7632 2.0 1.846336 1.7632
-1 1418364974.259661 1.0 0.0 5.732483 6.7232
-1 1418364974.693532 1.0 2.0 2.0 2.0
-1 1418364975.025758 2.8416 7.647936 3.0 3.8816
-1 1418364976.036373 2.0 3.0 1.0 3.0
-1 1418364977.019110 0.0 3.0 1.96 2.8816
-1 1418364978.012257 0.0 0.0 1.0 0.0
-1 1418364979.041733 6.0 0.0 3.0 2.0
-1 1418364980.022318 1.0 4.0 3.0 4.0
-1 1418364981.012376 0.0 0.0 0.0 1.0
-1 1418364982.012359 1.0 0.0 0.0 1.0
-1 1418364983.015392 1.0 1.0 2.0 1.0
-1 1418364984.031523 0.0 0.0 2.0 2.0
-1 1418364985.018266 0.0 2.0 0.0 0.0
-1 1418364986.025627 1.0 2.0 2.0 1.0
-1 1418364987.022588 2.0 2.96 3.0 3.0
-1 1418364988.028426 0.0 0.0 0.0 0.0
-1 1418364989.028361 0.0 0.0 0.0 0.0
-1 1418364990.023265 1.0 2.0 2.0 1.0
-1 1418364991.030119 0.0 1.0 2.96 0.0
-1 1418364992.024270 0.0 0.0 0.0 0.0
-1 1418364993.024052 3.0 1.0 2.0 2.0
-1 1418364993.882793 0.0 0.0 0.0 0.0
-1 1418364994.008650 0.0 1.0 0.0 0.0
-1 1418364995.005159 0.0 0.0 0.0 0.0
-1 1418364995.792807 0.0 0.0 1.0 0.0
-1 1418364996.018228 0.0 0.0 0.0 0.0
-1 1418364997.023394 0.0 0.0 0.0 0.0
-1 1418364997.846330 0.0 0.0 1.0 1.0
-1 1418364998.012036 0.0 0.0 0.0 0.0
-1 1418364998.976603 0.0 0.0 0.0 0.0
-1 1418364999.015318 3.0 1.0 0.0 1.0
-1 1418364999.928124 0.0 0.0 0.0 0.0
-1 1418365000.013685 1.0 3.0 3.0 3.0
-1 1418365000.801070 0.0 0.0 0.0 0.0
-1 1418365001.021992 1.0 2.0 2.0 1.96
-1 1418365001.636664 0.0 0.0 0.0 1.0
-1 1418365002.020228 0.0 0.0 0.0 0.0
-1 1418365002.791164 2.0 2.0 3.0 1.0
-1 1418365003.018205 0.0 0.0 0.0 0.0
-1 1418365003.719615 0.0 0.0 0.0 0.0
-1 1418365004.010032 0.0 0.0 1.0 0.0
-1 1418365004.874372 0.0 1.0 1.0 0.0
-1 1418365005.014788 0.0 0.0 0.0 2.0
-1 1418365005.696584 0.0 0.0 0.0 0.0
-1 1418365006.016095 0.0 0.0 0.0 0.0
-1 1418365006.625592 0.0 0.0 0.0 0.0
-1 1418365007.026257 0.0 0.0 0.0 1.0
-1 1418365007.995781 0.0 1.96 1.0 0.0
-1 1418365008.025306 0.0 0.0 0.0 0.0
-1 1418365008.881686 1.0 0.0 0.0 1.0
-1 1418365009.014184 0.0 0.0 0.0 0.0
-1 1418365009.770595 0.0 1.0 2.0 0.0
-1 1418365010.013174 1.0 0.0 0.0 1.0
-1 1418365010.509038 2.0 0.0 0.0 1.0
-1 1418365010.638475 0.0 0.0 0.0 0.0
-1 1418365010.740346 3.96 0.0 1.0 1.0
-1 1418365010.855639 3.0 2.8816 2.8816 2.577283
-1 1418365010.961754 2.0 2.0 2.0 2.0
-1 1418365011.030078 4.0 3.772483 3.96 7.106296
-1 1418365011.224589 1.0 5.647936 3.8416 2.8816
-1 1418365011.514978 3.0 5.655683 6.732483 3.8816
-1 1418365012.035353 4.0 3.0 3.0 4.8416
-1 1418365013.031978 0.0 1.0 2.0 2.661583
-1 1418365014.023728 1.8816 2.0 0.0 2.8816
-1 1418365015.016231 1.0 0.0 2.0 0.0
-1 1418365016.026009 0.0 0.0 1.0 1.0
-1 1418365017.032593 2.0 1.0 0.0 2.96
-1 1418365018.019615 0.0 0.0 0.0 0.0
-1 1418365019.028630 2.0 0.0 1.0 1.0
-1 1418365020.027931 0.0 0.0 0.0 1.96
-1 1418365021.025703 2.0 1.0 0.0 1.0
-1 1418365022.028553 2.0 0.0 1.0 1.0
-1 1418365023.031094 2.0 2.0 1.0 2.0
-1 1418365024.041018 0.0 0.0 1.0 0.0
-1 1418365025.036857 1.0 1.0 2.0 1.0
-1 1418365026.036858 3.0 2.0 2.0 4.0
-1 1418365027.032345 1.0 1.0 3.96 1.0
-1 1418365028.040203 1.0 1.0 0.0 0.0
-1 1418365029.039558 1.0 1.0 3.0 1.0
-1 1418365030.037748 0.0 2.0 1.0 0.0
-1 1418365031.036692 0.0 0.0 0.0 0.0
-1 1418365032.032070 0.0 0.0 0.0 0.0
-1 1418365033.013415 0.0 1.0 0.0 1.0
-1 1418365033.844001 0.0 0.0 0.0 0.0
-1 1418365034.020129 0.0 0.0 0.0 0.0
-1 1418365034.801725 1.0 1.0 3.0 1.0
-1 1418365035.014533 0.0 0.0 0.0 0.0
-1 1418365035.833687 0.0 0.0 0.0 0.0
-1 1418365036.013711 0.0 0.0 0.0 1.0
-1 1418365037.035568 1.0 0.0 0.0 1.0
-1 1418365037.717320 0.0 1.0 0.0 1.0
-1 1418365038.026373 1.0 0.0 1.0 2.0
-1 1418365038.884356 0.0 1.0 0.0 1.0
-1 1418365039.012870 0.0 0.0 0.0 1.96
-1 1418365039.865667 0.8816 2.0 3.0 3.96
-1 1418365040.015469 0.0 0.0 0.0 0.0
-1 1418365040.775118 1.0 2.0 2.0 1.0
-1 1418365041.017860 2.0 2.0 2.0 1.0
-1 1418365041.571873 1.0 2.0 1.0 1.0
-1 1418365042.038514 0.0 0.0 0.0 0.0
-1 1418365042.929080 0.0 0.0 0.0 0.0
-1 1418365043.016665 0.0 0.0 0.0 1.0
-1 1418365043.558780 0.0 0.0 0.0 2.0
-1 1418365044.026643 0.0 2.0 2.0 1.0
-1 1418365044.856045 1.0 1.0 1.0 2.0
-1 1418365045.013857 0.0 0.0 0.0 1.0
-1 1418365045.754978 1.0 1.0 1.0 2.0
-1 1418365046.028482 0.0 0.0 0.0 0.0
-1 1418365046.706305 0.0 0.0 0.0 0.0
-1 1418365046.803396 0.0 0.0 0.0 0.0
-1 1418365046.885037 0.0 0.0 0.0 0.0
-1 1418365046.994262 3.0 2.695683 3.0 2.524341
-1 1418365047.017476 3.384967 5.8416 4.7632 5.537283
-1 1418365047.143635 0.0 3.96 3.8816 4.0
-1 1418365047.303443 1.0 3.8816 7.687936 2.0
-1 1418365047.526520 1.0 4.0 2.511055 3.8816
-1 1418365047.925097 5.8416 1.0 3.0 2.8816
-1 1418365048.015700 4.0 1.0 3.0 2.8816
-1 1418365049.047911 3.0 0.0 2.7632 1.0
-1 1418365050.023841 2.0 2.846336 5.8416 5.96
-1 1418365051.029172 0.0 1.0 0.0 2.0
-1 1418365052.027570 2.0 1.0 2.0 2.0
-1 1418365053.021412 4.0 2.0 2.0 3.0
-1 1418365054.020537 0.0 0.0 0.0 0.0
-1 1418365055.021057 0.0 1.0 0.0 0.0
-1 1418365056.025331 0.0 1.0 1.0 0.0
-1 1418365057.025205 0.0 0.0 0.0 1.0
-1 1418365058.031023 0.0 0.0 1.0 0.0
-1 1418365059.032738 0.0 2.0 1.0 1.0
-1 1418365060.038630 0.0 0.0 0.0 0.0
-1 1418365061.035185 0.0 1.0 2.0 1.0
-1 1418365062.034707 0.0 0.0 0.0 1.0
-1 1418365063.027998 2.0 0.0 2.0 1.0
-1 1418365064.036219 0.0 0.0 0.0 1.0
-1 1418365064.981454 0.0 0.0 1.0 0.0
-1 1418365065.022007 0.0 0.0 1.0 0.0
-1 1418365066.041416 0.0 1.0 1.0 1.0
-1 1418365067.043878 0.0 0.0 0.0 0.0
-1 1418365067.948085 0.0 0.0 0.0 0.0
-1 1418365068.022786 0.0 0.0 0.0 0.0
-1 1418365068.770313 0.0 0.0 0.0 0.0
-1 1418365069.016108 0.0 0.0 1.0 0.0
-1 1418365069.889768 0.0 0.0 0.0 0.0
-1 1418365070.025112 0.0 0.0 0.0 0.0
-1 1418365070.953340 1.0 0.0 1.0 0.0
-1 1418365071.016473 0.0 1.0 1.0 0.0
-1 1418365071.937074 2.0 1.0 1.0 0.0
-1 1418365072.014128 0.0 0.0 0.0 0.0
-1 1418365073.033410 0.0 0.0 0.0 0.0
-1 1418365073.701384 0.0 0.0 0.0 0.0
-1 1418365074.020269 0.0 0.0 0.0 1.0
-1 1418365074.833119 0.0 0.0 0.0 0.0
-1 1418365075.014028 0.0 0.0 0.0 0.0
-1 1418365076.013119 0.0 0.0 0.0 0.0
-1 1418365077.048123 0.0 0.0 0.0 0.0
-1 1418365077.126453 0.0 0.0 0.0 1.0
-1 1418365077.230191 0.0 0.0 0.0 2.96
-1 1418365077.332308 1.0 0.0 0.0 3.96
-1 1418365077.447959 2.0 1.0 2.0 3.0
-1 1418365077.613815 1.0 1.0 1.0 5.492672
-1 1418365077.836197 4.0 1.0 4.96 5.806336
-1 1418365078.026568 2.0 1.0 0.0 1.0
-1 1418365078.652370 1.7632 5.8816 4.8816 3.8816
-1 1418365079.019603 2.0 1.0 1.0 4.96
-1 1418365080.022532 3.8416 2.0 4.96 3.0
-1 1418365081.018516 0.0 2.0 0.0 1.0
-1 1418365082.023617 1.96 2.96 4.96 2.0
-1 1418365083.021688 0.0 0.0 1.0 0.0
-1 1418365084.017568 0.0 1.0 2.0 2.0
-1 1418365085.049550 0.0 0.0 0.0 0.0
-1 1418365086.025328 0.0 0.0 0.0 0.0
-1 1418365087.032024 0.0 0.0 0.0 0.0
-1 1418365088.035082 0.0 0.0 0.0 0.0
-1 1418365089.043614 0.0 1.96 1.96 1.96
-1 1418365090.026835 0.0 1.0 1.0 1.0
-1 1418365091.034479 0.0 0.0 0.0 1.0
-1 1418365092.029330 0.0 0.0 0.0 0.0
-1 1418365093.036966 0.0 1.0 0.0 0.0
-1 1418365094.034348 2.0 2.0 1.0 1.0
-1 1418365095.039069 0.0 0.0 0.0 0.0
-1 1418365096.032350 2.0 0.0 2.0 1.0
-1 1418365097.045746 3.0 2.0 3.0 4.0
-1 1418365098.036194 0.0 0.0 0.0 0.0
-1 1418365099.021200 2.0 2.0 2.96 3.0
-1 1418365100.037367 0.0 0.0 0.0 0.0
-1 1418365101.032274 1.0 0.0 0.0 0.0
-1 1418365101.889826 0.0 0.0 1.0 1.0
-1 1418365102.007279 0.0 0.0 0.0 0.0
-1 1418365102.915411 0.0 0.0 0.0 0.0
-1 1418365103.014820 2.0 3.0 1.0 2.0
-1 1418365103.881074 0.0 0.0 0.0 0.0
-1 1418365104.023938 2.0 3.0 3.0 5.0
-1 1418365104.949214 0.0 0.0 0.0 0.0
-1 1418365105.020930 0.0 1.0 0.0 0.0
-1 1418365105.716835 1.0 0.0 0.0 0.0
-1 1418365106.022083 1.0 0.0 1.0 2.0
-1 1418365106.880203 0.0 0.0 0.0 0.0
-1 1418365107.016655 0.0 0.0 0.0 0.0
-1 1418365107.874832 0.0 0.0 0.0 0.0
-1 1418365108.017391 0.0 0.0 0.0 0.0
-1 1418365108.662928 0.0 0.0 0.0 0.0
-1 1418365109.022868 0.0 0.0 0.0 0.0
-1 1418365109.776384 0.0 1.0 1.0 3.0
-1 1418365110.016462 0.0 1.0 1.0 0.0
-1 1418365110.790733 1.0 0.0 0.0 1.0
-1 1418365111.021971 0.0 0.0 0.0 0.0
-1 1418365111.877071 0.0 0.0 0.0 0.0
-1 1418365112.008978 4.0 1.0 1.96 2.0
-1 1418365112.841799 0.0 0.0 0.0 0.0
-1 1418365113.013601 0.0 0.0 0.0 0.0
-1 1418365113.484255 0.0 0.0 0.0 0.0
-1 1418365113.565253 0.0 0.0 1.0 0.0
-1 1418365113.688430 0.0 0.0 0.0 0.0
-1 1418365113.790822 0.0 0.0 0.0 0.0
-1 1418365113.887626 4.92 2.0 2.0 4.96
-1 1418365114.023728 3.0 3.0 7.243056 3.0
-1 1418365114.202257 2.897743 4.0 2.0 3.0
-1 1418365114.460819 3.292705 2.0 4.0 3.846336
-1 1418365115.025966 1.8816 1.0 5.92 2.0
-1 1418365116.026471 0.8816 0.0 0.8816 3.0
-1 1418365117.017571 2.96 2.0 0.0 1.0
-1 1418365118.022854 1.96 0.0 1.0 3.8816
-1 1418365119.031411 3.0 2.0 1.0 4.0
-1 1418365120.022418 0.0 3.0 2.0 2.0
-1 1418365121.023151 0.0 0.0 0.0 0.0
-1 1418365122.023516 0.0 0.0 0.0 0.0
-1 1418365123.028347 1.0 0.0 0.0 0.0
-1 1418365124.024656 1.0 1.0 0.0 0.0
-1 1418365125.012948 0.0 0.0 0.0 0.0
-1 1418365126.026684 0.0 0.0 0.0 0.0
-1 1418365127.024863 0.0 0.0 0.0 0.0
-1 1418365128.020629 2.0 1.0 1.0 2.0
-1 1418365129.031837 0.0 0.0 0.0 0.0
-1 1418365130.023543 0.0 1.0 1.96 0.0
-1 1418365131.023427 0.0 0.0 0.0 0.0
-1 1418365131.896014 0.0 1.0 0.0 1.0
-1 1418365132.021270 1.0 0.0 0.0 2.0
-1 1418365133.036806 0.0 0.0 0.0 0.0
-1 1418365134.031064 1.0 1.0 0.0 0.0
-1 1418365135.017155 0.0 1.0 1.0 0.0
-1 1418365136.028998 1.0 0.0 1.0 0.0
-1 1418365136.922640 0.0 0.0 1.0 0.0
-1 1418365137.011085 0.0 1.0 1.0 0.0
-1 1418365138.030128 0.0 0.0 0.0 0.0
-1 1418365138.883097 0.0 0.0 0.0 0.0
-1 1418365139.011387 0.0 0.0 0.0 0.0
-1 1418365139.867105 0.0 0.0 0.0 0.0
-1 1418365140.016440 0.0 0.0 0.0 0.0
-1 1418365140.764341 0.0 0.0 0.0 0.0
-1 1418365141.016988 0.0 1.0 2.0 1.0
-1 1418365141.824501 0.0 0.0 0.0 0.0
-1 1418365142.018742 0.0 0.0 1.0 0.0
-1 1418365142.725384 0.0 0.0 0.0 0.0
-1 1418365143.014689 1.0 1.0 1.0 2.0
-1 1418365143.920993 0.0 0.0 0.0 0.0
-1 1418365144.017455 0.0 1.0 1.0 0.0
-1 1418365144.869710 0.0 0.0 0.0 0.0
-1 1418365145.021929 0.0 1.0 0.0 0.0
-1 1418365145.331020 0.0 0.0 0.0 0.0
-1 1418365145.415501 0.0 0.0 0.0 0.0
-1 1418365145.493878 0.0 0.0 0.0 0.0
-1 1418365145.612869 0.0 0.0 0.0 0.0
-1 1418365145.739599 1.35782 5.96 4.111088 3.8816
-1 1418365145.909875 2.8816 0.0 2.96 6.7632
-1 1418365146.025648 1.0 1.0 1.0 4.0
-1 1418365146.382481 4.0 3.0 2.0 3.766336
-1 1418365147.050585 1.0 1.695683 1.0 2.0
-1 1418365148.023559 4.0 0.0 2.0 3.96
-1 1418365149.020667 3.0 2.0 3.0 3.846336
-1 1418365150.038084 3.0 1.0 1.0 2.0
-1 1418365151.018833 2.0 3.0 1.0 2.0
-1 1418365152.019258 2.0 2.0 1.0 2.0
-1 1418365153.027212 0.0 0.0 0.0 0.0
-1 1418365154.024218 0.0 0.0 0.0 0.0
-1 1418365155.031682 0.0 0.0 0.0 0.0
-1 1418365156.028213 1.0 0.0 0.0 1.0
-1 1418365157.025835 2.0 0.0 1.0 2.0
-1 1418365158.032581 0.0 0.0 0.0 0.0
-1 1418365159.030917 0.0 0.0 0.0 0.0
-1 1418365160.035401 1.0 2.0 1.0 1.0
-1 1418365161.039680 2.0 0.0 1.96 1.0
-1 1418365162.048040 1.0 2.0 2.0 1.0
-1 1418365163.032960 0.0 0.0 0.0 1.0
-1 1418365164.032067 3.0 2.0 3.0 2.0
-1 1418365164.999064 2.0 2.0 3.524341 2.0
-1 1418365165.018541 2.0 1.96 2.96 1.96
-1 1418365165.892629 0.0 1.0 1.0 0.0
-1 1418365166.019334 1.0 2.0 1.0 1.0
-1 1418365166.644092 1.0 0.0 0.0 0.0
-1 1418365167.027876 0.0 0.0 0.0 0.0
-1 1418365167.943602 0.0 1.0 1.0 0.0
-1 1418365168.022080 0.0 0.0 0.0 0.0
-1 1418365168.555289 0.0 0.0 0.0 0.0
-1 1418365169.030777 0.0 1.0 0.0 0.0
-1 1418365169.196272 0.0 0.0 0.0 0.0
-1 1418365169.284565 0.0 0.0 0.0 0.0
-1 1418365169.409584 0.0 1.0 0.0 0.0
-1 1418365169.512104 0.0 1.96 1.0 1.96
-1 1418365169.598568 0.0 0.0 0.0 0.0
-1 1418365169.769396 1.0 3.7632 3.7632 4.8016
-1 1418365169.877117 1.0 1.0 1.0 1.0
-1 1418365169.983368 0.8816 2.408124 1.7632 0.0
-1 1418365170.047573 0.0 1.0 0.0 0.0
-1 1418365170.139052 0.0 0.0 1.0 3.47672
-1 1418365170.249617 1.0 0.0 0.0 0.0
-1 1418365170.333636 3.96 0.0 1.8816 0.0
-1 1418365170.430316 0.0 2.8816 1.0 0.0
-1 1418365170.533451 2.8816 2.8816 1.0 1.96
-1 1418365170.660423 0.0 1.0 3.0 0.695683
-1 1418365170.767365 1.0 1.0 1.0 1.0
-1 1418365170.856405 0.695683 3.8416 3.727936 1.8816
-1 1418365170.955009 2.96 1.0 0.0 1.0
-1 1418365171.068953 0.0 1.524341 1.0 1.772483
-1 1418365171.175733 1.0 2.0 4.0 7.615683
-1 1418365171.285914 1.0 1.0 5.96 0.8816
-1 1418365171.384495 2.772483 3.766336 4.8416 4.8816
-1 1418365171.466385 2.8816 0.0 5.0 1.0
-1 1418365171.567114 1.0 4.511055 5.274255 3.695683
-1 1418365171.684325 0.0 2.0 0.8816 0.8816
-1 1418365171.793741 0.0 1.0 4.96 1.0
-1 1418365171.884750 2.96 2.96 3.8416 3.92
-1 1418365171.983894 1.0 4.96 4.654083 3.0
-1 1418365172.031833 1.7632 3.0 2.772483 2.0
-1 1418365172.168491 1.0 3.0 3.0 2.0
-1 1418365172.289110 2.0 2.0 3.0 3.8816
-1 1418365172.401605 4.0 0.0 6.8816 1.96
-1 1418365172.502792 0.0 2.0 1.0 0.8816
-1 1418365172.611591 1.8816 2.96 1.96 3.96
-1 1418365172.736799 0.0 1.645043 1.0 0.0
-1 1418365172.824244 1.0 1.8816 2.7632 0.8816
-1 1418365172.904175 7.283602 3.7632 4.577283 3.577283
-1 1418365173.040949 0.0 2.96 1.0 1.025106
-1 1418365173.177597 3.92 2.0 3.0 2.96
-1 1418365173.305716 1.0 0.524341 7.615683 4.704388
-1 1418365173.405995 2.0 3.7632 4.96 3.0
-1 1418365173.564203 1.0 3.96 2.0 3.0
-1 1418365173.639528 4.0 2.0 2.8816 3.8816
-1 1418365173.769757 1.0 2.0 2.96 2.0
-1 1418365173.849442 0.0 0.8816 3.8416 1.846336
-1 1418365173.939377 2.96 6.157986 8.647936 5.692483
-1 1418365174.084264 1.0 6.0 5.8816 4.0
-1 1418365174.207919 0.0 3.484341 2.443233 2.0
-1 1418365174.322679 0.0 2.0 2.0 2.846336
-1 1418365174.425058 2.0 2.0 3.96 2.450613
-1 1418365174.510130 1.0 3.766336 1.0 1.0
-1 1418365174.645169 3.96 2.0 5.383367 6.7632
-1 1418365174.760809 2.0 1.0 4.296824 2.0
-1 1418365174.858416 2.462019 3.8416 3.0 3.6448
-1 1418365174.982789 1.96 2.0 4.8016 2.0
-1 1418365175.032569 2.0 5.8016 2.8816 4.695683
-1 1418365175.135629 0.0 7.042125 0.8816 0.0
-1 1418365175.248287 2.0 3.8816 2.0 3.450613
-1 1418365175.351862 1.96 3.8816 6.687936 2.695683
-1 1418365175.469476 1.0 3.478839 4.432589 3.96
-1 1418365175.584027 1.96 3.92 6.8016 1.96
-1 1418365175.692592 1.0 2.8816 1.0 1.0
-1 1418365175.773062 1.0 6.122061 6.8416 3.96
-1 1418365175.861115 4.727936 0.0 4.549455 1.0
-1 1418365175.976511 2.0 2.0 4.0 4.099344
-1 1418365176.046732 5.7232 4.0 4.96 3.0
-1 1418365176.155038 3.8816 2.647936 3.647936 4.497283
-1 1418365176.268955 1.0 2.0 2.96 3.8816
-1 1418365176.372400 3.346567 0.601141 4.269703 1.0
-1 1418365176.465102 2.8816 1.96 2.772483 2.0
-1 1418365176.623287 3.0 1.96 2.766336 2.96
-1 1418365176.743890 0.8816 2.727936 6.290677 2.0
-1 1418365176.866589 2.0 4.0 6.96 5.96
-1 1418365177.020037 4.8816 1.587855 1.0 4.96
-1 1418365177.114123 0.0 2.0 2.96 2.0
-1 1418365177.255114 0.8816 5.464965 5.732483 6.652483
-1 1418365177.345632 2.0 2.96 4.0 0.0
-1 1418365177.450012 2.0 1.0 5.96 2.0
-1 1418365177.560923 1.0 1.8816 3.0 3.392655
-1 1418365177.675429 3.615683 2.0 2.484341 1.8816
-1 1418365177.788336 2.0 5.614083 5.537283 4.96
-1 1418365177.884848 0.0 0.0 3.0 5.532672
-1 1418365177.972770 1.0 4.7632 5.7632 4.05369
-1 1418365178.057271 0.0 2.0 2.741583 0.8816
-1 1418365178.144121 1.0 2.0 3.0 6.587855
-1 1418365178.286194 3.661583 1.0 4.404341 2.8816
-1 1418365178.413855 3.020337 4.0 9.077389 3.96
-1 1418365178.498019 1.0 2.497095 1.0 4.021436
-1 1418365178.593702 2.0 2.0 1.0 2.772483
-1 1418365178.712672 1.0 0.0 2.67192 2.224757
-1 1418365178.810005 1.0 2.0 2.0 2.0
-1 1418365178.937598 0.695683 2.0 3.0 3.96
-1 1418365179.078009 2.0 2.601141 6.615683 3.0
-1 1418365179.190765 0.0 3.0 2.8816 4.8416
-1 1418365179.273588 4.96 2.8816 4.7632 3.8816
-1 1418365179.384271 0.0 0.8816 3.7632 3.8816
-1 1418365179.483872 1.8816 2.366433 4.96 9.361456
-1 1418365179.645548 1.0 3.0 8.296115 5.695683
-1 1418365179.760668 3.0 3.0 4.352589 2.0
-1 1418365179.881356 4.190801 1.0 3.732483 3.92
-1 1418365180.008554 2.0 1.8816 3.96 5.726336
-1 1418365180.133531 5.92 1.0 2.0 2.8816
-1 1418365180.295411 2.0 1.8816 4.8816 1.8816
-1 1418365180.434828 4.0 1.0 6.549455 5.587855
-1 1418365180.556743 4.732483 2.0 3.0 3.8816
-1 1418365180.706561 0.0 4.647936 1.8816 2.8816
-1 1418365180.871223 1.0 1.0 4.766336 3.766336
-1 1418365180.969727 0.8816 0.0 0.0 1.0
-1 1418365181.051194 5.92 2.911019 3.0 2.0
-1 1418365181.147257 4.92 2.0 3.511055 4.8816
-1 1418365181.277488 2.367477 2.0 2.0 3.96
-1 1418365181.408976 2.0 4.8816 6.8416 7.8416
-1 1418365181.513551 3.0 4.893669 0.0 4.392655
-1 1418365181.975211 2.766336 4.0 1.0 3.96
-1 1418365182.015385 2.0 3.8816 2.8816 2.0
-1 1418365182.533379 4.8816 2.0 4.732483 6.8416
-1 1418365183.044433 4.687936 1.0 4.92 2.96
-1 1418365184.036523 7.467919 1.96 4.846336 2.96
-1 1418365184.885250 0.0 3.0 3.0 2.865829
-1 1418365185.025589 1.0 4.846336 3.0 2.0
-1 1418365185.373511 2.96 1.0 1.0 3.772483
-1 1418365186.034842 1.96 3.96 1.0 3.8416
-1 1418365187.025928 2.96 1.96 3.0 2.96
-1 1418365188.042734 1.8816 1.0 0.0 0.0
-1 1418365189.066833 0.0 1.0 0.0 1.0
-1 1418365190.043604 0.0 1.0 0.0 1.0
-1 1418365191.040101 0.0 0.0 0.0 0.0
-1 1418365192.042098 1.0 0.0 1.0 0.0
-1 1418365193.033147 0.0 1.0 1.0 0.0
-1 1418365193.126016 0.0 0.0 0.0 0.0
-1 1418365193.258057 0.0 0.0 0.0 0.0
-1 1418365193.337643 0.0 0.0 0.0 0.0
-1 1418365193.432844 0.0 0.0 1.0 0.0
-1 1418365193.536259 1.0 3.695683 1.0 3.0
-1 1418365193.636384 0.0 1.0 1.8816 0.8816
-1 1418365193.762051 1.96 2.8816 3.6448 2.647936
-1 1418365193.866646 1.8816 4.39672 12.062847 1.8816
-1 1418365193.991153 0.695683 0.0 1.0 2.19585
-1 1418365194.082532 2.8816 0.8816 2.8816 1.0
-1 1418365194.182325 0.0 0.0 0.0 1.202061
-1 1418365194.268427 1.0 0.0 2.0 5.891542
-1 1418365194.354138 4.680965 3.667855 10.546793 7.711656
-1 1418365194.463912 2.0 5.492291 8.270495 11.220764
-1 1418365194.563136 0.0 2.825898 0.8816 1.0
-1 1418365194.663455 0.0 6.0 6.846336 5.806336
-1 1418365194.756682 3.567465 4.726336 5.647936 7.266567
-1 1418365194.857608 2.8816 0.8816 7.265395 0.0
-1 1418365194.971810 1.96 3.292213 6.886861 1.8816
-1 1418365195.047043 2.96 4.700391 4.206738 3.511055
-1 1418365195.152907 0.0 0.8816 2.0 2.0
-1 1418365195.271071 2.257596 4.96 7.646336 1.0
-1 1418365195.371158 0.0 5.7632 2.8816 3.0
-1 1418365195.487226 1.0 0.0 3.8816 0.0
-1 1418365195.594729 3.0 0.0 6.271365 1.0
-1 1418365195.698296 1.0 4.7632 2.772483 2.0
-1 1418365195.815250 0.0 1.96 2.96 1.96
-1 1418365195.947188 3.667855 1.01162 3.806336 5.88
-1 1418365196.015959 0.0 0.0 1.0 1.0
-1 1418365196.121434 7.117655 2.0 8.662944 4.410613
-1 1418365196.272370 3.017082 1.601141 7.351853 4.47672
-1 1418365196.385355 3.542019 1.0 3.0 2.0
-1 1418365196.473387 2.0 3.0 3.502441 4.431055
-1 1418365196.586255 3.0 4.647936 6.577283 1.0
-1 1418365196.736735 3.8816 1.96 0.0 0.0
-1 1418365196.828025 0.0 11.026597 8.313193 5.615984
-1 1418365196.930108 0.0 1.0 0.0 0.0
-1 1418365197.019921 2.0 0.0 1.0 0.0
-1 1418365197.111400 2.96 1.0 1.0 1.357935
-1 1418365197.242152 3.7632 3.8816 8.355666 0.0
-1 1418365197.368522 2.0 5.549455 3.96 4.482741
-1 1418365197.494584 0.0 1.0 1.8816 0.0
-1 1418365197.587035 9.303619 4.538819 8.387919 6.212666
-1 1418365197.690878 1.275789 2.96 3.8816 3.806336
-1 1418365197.795427 2.772483 1.213072 1.8816 2.0
-1 1418365197.892194 5.751449 1.0 3.560133 2.0
-1 1418365197.990824 0.0 0.0 2.654083 0.0
-1 1418365198.120392 0.0 3.96 3.524341 2.96
-1 1418365198.226591 0.0 1.0 0.772483 0.0
-1 1418365198.332293 0.0 0.0 0.0 1.0
-1 1418365198.434215 14.260551 2.8416 6.7616 5.8416
-1 1418365198.528913 3.96 0.0 3.695683 5.654083
-1 1418365198.652649 3.0 12.30061 10.026597 14.051094
-1 1418365198.758007 1.0 4.59512 2.8416 3.500359
-1 1418365198.861498 9.731144 1.0 3.80415 4.772483
-1 1418365198.966664 1.0 2.96 5.727936 4.0
-1 1418365199.029566 2.0 0.0 3.772483 0.0
-1 1418365199.117721 3.577095 1.0 4.615683 4.535683
-1 1418365199.227759 3.0 2.543183 3.392655 3.766336
-1 1418365199.333525 0.0 3.0 3.0 4.8416
-1 1418365199.428911 3.96 5.392655 2.96 3.471055
-1 1418365199.564563 0.8816 0.0 1.766336 0.8816
-1 1418365199.673617 2.766336 1.96 4.96 2.96
-1 1418365199.793309 4.8016 0.0 5.8816 6.575683
-1 1418365199.889048 1.0 3.0 4.96 4.683839
-1 1418365200.009460 4.0 2.0 1.0 1.96
-1 1418365200.125972 2.0 1.0 5.7632 3.0
-1 1418365200.214988 2.0 4.0 5.0 4.0
-1 1418365200.320409 2.0 1.8816 4.444341 3.005797
-1 1418365200.421468 2.96 4.8016 2.96 2.96
-1 1418365200.522057 0.0 3.766336 7.352655 2.476072
-1 1418365200.641333 3.96 2.0 3.766336 4.547855
-1 1418365200.729747 4.227557 2.846336 9.197701 6.615683
-1 1418365200.826164 0.0 1.0 1.96 1.0
-1 1418365200.930721 3.647936 5.8416 6.76505 6.7632
-1 1418365201.026638 1.846336 3.0 4.861181 1.499496
-1 1418365201.151936 0.0 0.0 0.0 4.51512
-1 1418365201.253989 1.0 2.766336 4.766336 6.439132
-1 1418365201.347028 1.0 0.0 2.0 0.0
-1 1418365201.462626 3.92 0.0 2.0 1.0
-1 1418365201.558369 0.0 2.846336 0.8816 2.96
-1 1418365201.643648 0.8816 1.96 4.92 5.758038
-1 1418365201.762389 4.0 1.846336 3.370613 3.790505
-1 1418365201.865200 0.0 1.0 1.0 3.96
-1 1418365201.954391 8.751976 0.0 4.8416 1.8816
-1 1418365202.043635 2.0 6.88 9.726336 2.410613
-1 1418365202.156361 1.0 0.0 4.92 0.0
-1 1418365202.248282 2.0 2.0 2.0 0.0
-1 1418365202.331038 2.0 2.96 5.719638 2.0
-1 1418365202.431617 0.0 0.0 2.266998 0.0
-1 1418365202.531811 2.7632 1.0 4.96 2.186817
-1 1418365202.626789 4.766336 1.0 3.0 1.0
-1 1418365202.730836 5.478994 1.0 2.741583 4.385503
-1 1418365202.857317 2.8816 0.0 5.446643 0.8816
-1 1418365202.964339 2.587855 1.997178 3.766336 0.0
-1 1418365203.083088 1.0 3.0 4.502441 2.0
-1 1418365203.201864 3.0 1.0 2.0 2.0
-1 1418365203.306677 6.529604 3.8416 6.235791 11.029955
-1 1418365203.427949 1.0 0.0 2.8816 1.8816
-1 1418365203.539311 1.0 0.0 3.587855 1.8816
-1 1418365203.650895 2.0 3.037889 3.547855 1.0
-1 1418365203.768543 3.0 0.0 4.766336 0.0
-1 1418365203.887035 0.0 1.0 1.0 0.0
-1 1418365204.043146 0.8816 0.0 0.8816 0.8816
-1 1418365204.607799 2.8416 3.8816 4.96 3.8816
-1 1418365205.027395 0.0 2.0 1.0 0.0
-1 1418365206.035173 2.0 0.8816 2.7632 3.0
-1 1418365206.698868 2.0 2.96 3.92 2.96
-1 1418365207.035514 0.0 6.0 8.951093 5.0
-1 1418365208.036591 3.96 1.8816 2.7632 0.0
-1 1418365209.035793 2.96 2.0 4.0 3.0
-1 1418365210.039984 1.0 1.0 1.0 0.0
-1 1418365211.032790 0.0 0.0 0.0 0.0
-1 1418365211.141775 0.0 0.0 0.0 0.0
-1 1418365211.230559 0.0 0.0 0.0 0.0
-1 1418365211.347515 0.0 0.0 0.0 0.0
-1 1418365211.480330 1.0 0.0 1.0 1.0
-1 1418365211.596005 1.0 3.846336 2.96 1.96
-1 1418365211.688581 1.0 0.0 0.0 1.96
-1 1418365211.798766 0.0 3.0 3.0 3.695683
-1 1418365211.906211 0.0 1.0 1.0 1.0
-1 1418365211.999059 0.0 1.766336 0.0 2.0
-1 1418365212.065985 0.0 0.0 2.96 0.0
-1 1418365212.166513 0.0 5.206738 0.0 1.951378
-1 1418365212.263860 0.8816 0.0 3.361135 0.0
-1 1418365212.368776 1.0 0.0 2.0 1.0
-1 1418365212.507826 0.0 2.96 2.735103 1.8816
-1 1418365212.619381 3.431663 2.0 3.0 3.0
-1 1418365212.712009 0.0 2.0 1.0 1.0
-1 1418365212.807709 0.0 0.0 1.577283 0.0
-1 1418365212.907739 1.0 7.197391 2.0 2.0
-1 1418365213.029825 3.766336 5.96 4.92 1.0
-1 1418365213.111149 1.8816 0.0 2.96 1.0
-1 1418365213.235798 0.0 0.0 2.655683 0.0
-1 1418365213.328778 3.8816 0.0 1.0 0.0
-1 1418365213.435822 0.0 1.0 2.0 2.0
-1 1418365213.531235 0.0 5.7632 2.8416 1.8816
-1 1418365213.635656 1.0 0.0 4.92 1.0
-1 1418365213.741688 0.0 4.726336 2.96 0.0
-1 1418365213.853172 1.0 0.0 2.0 0.0
-1 1418365213.968295 1.0 2.0 2.0 2.0
-1 1418365214.036482 0.0 9.049996 4.460841 6.413271
-1 1418365214.139463 0.0 1.8816 0.0 2.854447
-1 1418365214.249292 0.0 0.8816 0.0 0.0
-1 1418365214.340542 1.0 0.0 0.0 1.654083
-1 1418365214.445157 0.695683 1.0 4.615683 3.293813
-1 1418365214.528548 1.0 0.0 2.654083 1.544965
-1 1418365214.636283 0.0 1.0 1.0 2.846336
-1 1418365214.727718 0.0 0.0 2.0 0.0
-1 1418365214.826942 1.96 2.0 1.0 0.0
-1 1418365214.915589 0.0 2.0 3.96 0.0
-1 1418365215.012843 1.0 1.0 4.612672 2.8816
-1 1418365215.124554 2.0 0.0 3.250979 2.96
-1 1418365215.218781 0.0 4.8816 3.8816 1.8816
-1 1418365215.327541 5.293813 0.0 3.772483 6.352655
-1 1418365215.415789 4.8816 1.0 5.654083 12.201456
-1 1418365215.537867 2.7632 2.8816 2.0 4.96
-1 1418365215.631204 1.0 2.370613 4.92 2.0
-1 1418365215.726446 4.766336 1.0 1.0 1.601141
-1 1418365215.821965 2.0 0.0 3.96 2.0
-1 1418365215.917586 2.0 2.0 2.0 3.0
-1 1418365216.022207 1.0 2.0 5.0 3.601141
-1 1418365216.118407 0.0 2.8816 1.8816 0.8816
-1 1418365216.212324 0.0 2.0 3.96 2.0
-1 1418365216.303470 2.0 2.0 4.0 1.0
-1 1418365216.461061 1.0 1.0 4.92 3.0
-1 1418365216.573028 3.0 1.0 2.0 2.96
-1 1418365216.686188 2.0 1.0 2.0 2.0
-1 1418365216.822886 4.766336 2.96 3.846336 1.0
-1 1418365216.919547 1.0 3.8416 1.0 1.0
-1 1418365217.024956 1.0 1.0 2.96 0.0
-1 1418365217.133006 3.92 3.0 4.806336 1.0
-1 1418365217.224619 1.96 1.0 4.0 2.0
-1 1418365217.321544 0.0 6.465155 4.618819 6.385155
-1 1418365217.451148 1.0 3.0 3.0 2.0
-1 1418365217.548350 0.0 3.0 3.96 1.0
-1 1418365217.663590 2.8816 0.0 1.8816 2.96
-1 1418365217.753624 1.0 1.0 2.8816 5.7632
-1 1418365217.844333 4.0 1.0 2.0 0.0
-1 1418365217.950524 2.0 2.8816 5.92 1.0
-1 1418365218.017015 8.163193 2.0 3.0 3.96
-1 1418365218.114669 2.0 0.0 1.0 4.772483
-1 1418365218.210215 1.0 2.0 1.0 6.92
-1 1418365218.342867 0.0 3.0 5.511055 2.0
-1 1418365218.491882 2.8816 6.296949 7.234189 6.514012
-1 1418365218.602022 2.846336 2.8816 2.8816 2.0
-1 1418365218.718722 0.0 3.96 2.0 1.0
-1 1418365218.858689 0.0 3.96 3.8416 5.92
-1 1418365218.982456 1.8816 1.0 5.370613 4.96
-1 1418365219.012790 3.8816 1.8816 4.6448 5.647936
-1 1418365219.144098 1.0 2.0 4.0 5.946421
-1 1418365219.295724 0.0 0.0 1.0 0.8816
-1 1418365219.408987 1.0 1.0 3.0 0.0
-1 1418365219.512127 0.695683 0.8816 6.577283 1.0
-1 1418365219.663486 5.311365 0.0 2.96 0.0
-1 1418365219.757763 2.0 4.238866 4.8816 5.955978
-1 1418365219.905356 2.0 4.8816 4.615683 4.0
-1 1418365220.052737 1.0 2.96 4.8416 5.601141
-1 1418365220.193365 1.7632 2.695683 6.701583 3.772483
-1 1418365220.307440 2.8816 0.0 2.661583 3.8416
-1 1418365220.402744 1.0 1.0 1.695683 1.0
-1 1418365220.553594 4.0 3.727936 7.47512 4.8416
-1 1418365220.656159 3.96 2.96 4.292213 2.96
-1 1418365220.767572 1.0 5.471055 2.96 4.682435
-1 1418365220.873144 0.0 1.0 4.39672 1.695683
-1 1418365220.961293 1.0 2.0 3.587855 2.0
-1 1418365221.061695 2.0 4.96 5.92 5.8816
-1 1418365221.200847 0.0 0.0 2.0 0.0
-1 1418365221.276089 0.0 4.8416 4.96 1.96
-1 1418365221.378809 3.0 1.0 2.846336 5.806336
-1 1418365221.489087 7.8016 1.0 1.96 5.444341
-1 1418365221.620185 2.0 0.0 0.0 3.0
-1 1418365221.715455 3.577283 0.0 6.8416 2.0
-1 1418365221.812789 1.0 4.0 4.96 3.0
-1 1418365221.931444 0.0 0.0 6.949557 1.0
-1 1418365222.018763 1.0 1.0 2.0 3.0
-1 1418365222.119331 3.726336 3.0 6.0 5.772483
-1 1418365222.245682 5.206738 0.8816 2.573082 4.783703
-1 1418365222.355056 2.727936 2.846336 5.96 0.695683
-1 1418365222.530703 0.0 3.0 4.0 2.96
-1 1418365222.688100 1.8816 0.0 3.0 5.8816
-1 1418365222.789117 0.0 6.309519 3.0 7.272589
-1 1418365222.922933 2.0 2.96 4.96 1.0
-1 1418365223.041177 0.0 5.96 4.511055 3.96
-1 1418365223.176965 3.766336 1.0 2.846336 6.96
-1 1418365223.412740 1.0 3.0 4.0 2.020003
-1 1418365223.640714 0.0 2.0 2.0 3.92
-1 1418365224.028515 1.0 4.96 3.992632 2.0
-1 1418365224.613754 3.0 2.0 3.7632 6.0
-1 1418365225.013514 3.92 0.0 2.8816 3.806336
-1 1418365226.025774 1.0 0.0 2.0 0.0
-1 1418365226.525472 1.772483 4.0 5.7632 3.0
-1 1418365226.862468 2.0 1.0 3.0 8.726336
-1 1418365227.027662 2.96 1.0 2.0 2.0
-1 1418365228.025860 1.8816 3.8816 4.8416 5.7632
-1 1418365229.034641 6.695683 0.0 2.0 3.0
-1 1418365230.021195 3.0 0.0 2.695683 4.577283
-1 1418365231.041470 4.7632 0.0 1.0 3.0
-1 1418365232.021341 4.0 0.0 0.0 2.0
-1 1418365233.021366 1.0 4.92 5.88 2.96
-1 1418365234.021793 0.0 1.0 2.0 3.0
-1 1418365235.024278 0.0 0.0 0.0 1.0
-1 1418365236.036771 2.0 0.0 2.0 1.0
-1 1418365236.992398 0.0 0.0 0.0 0.0
-1 1418365237.015544 0.0 0.0 1.0 0.0
-1 1418365237.944791 0.0 0.0 0.0 0.0
-1 1418365238.014842 0.0 0.0 0.0 0.0
-1 1418365239.042806 0.0 1.0 0.0 0.0
-1 1418365240.037635 0.0 0.0 0.0 0.0
-1 1418365240.741330 1.0 2.0 2.0 1.0
-1 1418365241.022040 0.0 0.0 0.0 0.0
-1 1418365242.030177 0.0 0.0 0.0 0.0
-1 1418365242.625249 0.0 0.0 0.0 0.0
-1 1418365243.024469 0.0 0.0 0.0 0.0
-1 1418365243.872383 0.0 0.0 0.0 0.0
-1 1418365244.018213 0.0 0.0 0.0 0.0
-1 1418365244.892524 0.0 0.0 0.0 0.0
-1 1418365245.011726 0.0 0.0 0.0 0.0
-1 1418365245.763501 0.0 0.0 0.0 0.0
-1 1418365246.016196 2.0 3.0 1.0 1.0
-1 1418365246.618109 0.0 1.0 0.0 0.0
-1 1418365247.021377 0.0 0.0 0.0 0.0
-1 1418365247.734245 0.0 0.0 0.0 0.0
-1 1418365248.021530 2.0 0.0 1.0 0.0
-1 1418365248.996281 0.0 0.0 0.0 0.0
-1 1418365249.016853 0.0 0.0 0.0 0.0
-1 1418365249.980704 0.0 0.0 0.0 0.0
-1 1418365250.011827 2.0 1.0 0.0 0.0
-1 1418365250.695725 0.0 0.0 0.0 0.0
-1 1418365251.020242 0.0 0.0 0.0 0.0
-1 1418365251.730246 0.0 0.0 0.0 0.0
-1 1418365252.024011 0.0 1.0 0.0 0.0
-1 1418365252.669144 0.0 0.0 1.0 0.0
-1 1418365253.025267 0.0 0.0 0.0 0.0
-1 1418365253.905971 0.0 0.0 0.0 0.0
-1 1418365254.014965 5.0 1.0 3.0 2.0
-1 1418365254.318151 0.0 0.0 0.0 0.0
-1 1418365254.442576 0.0 0.0 0.0 0.0
-1 1418365254.542835 0.0 1.0 0.0 0.0
-1 1418365254.653715 1.8816 3.0 3.96 3.8416
-1 1418365254.794768 5.654083 0.0 4.727936 3.727936
-1 1418365254.988774 1.0 2.0 3.0 2.0
-1 1418365255.021945 2.0 1.7632 5.535683 6.8416
-1 1418365255.344104 3.0 4.0 5.0 5.8416
-1 1418365255.900826 2.0 1.0 4.7632 3.772483
-1 1418365256.019090 4.511055 2.8416 5.542019 3.313263
-1 1418365257.032342 2.8816 3.0 2.0 3.0
-1 1418365258.024588 5.92 1.0 5.085649 5.695683
-1 1418365259.034550 1.8816 0.0 2.0 2.0
-1 1418365260.020731 1.0 3.0 4.0 4.0
-1 1418365261.034613 0.0 0.0 0.0 0.0
-1 1418365262.023610 0.0 1.0 0.0 0.0
-1 1418365263.029806 0.0 0.0 0.0 0.0
-1 1418365264.026585 0.0 0.0 0.0 1.0
-1 1418365265.029462 0.0 0.0 0.0 1.0
-1 1418365266.032512 0.0 0.0 0.0 0.0
-1 1418365267.031992 0.0 0.0 0.0 0.0
-1 1418365268.026824 0.0 0.0 0.0 0.0
-1 1418365269.024545 1.0 0.0 0.0 0.0
-1 1418365270.031742 0.0 0.0 0.0 0.0
-1 1418365271.035307 2.0 1.0 1.0 3.0
-1 1418365272.037572 0.0 0.0 0.0 0.0
-1 1418365272.849854 1.0 0.0 1.0 0.0
-1 1418365273.015501 0.0 1.0 0.0 0.0
-1 1418365274.029218 0.0 0.0 0.0 0.0
-1 1418365275.030535 1.0 0.0 1.0 1.0
-1 1418365275.945120 0.0 0.0 0.0 0.0
-1 1418365276.013973 0.0 0.0 0.0 1.0
-1 1418365276.919860 0.0 0.0 0.0 1.0
-1 1418365277.017498 1.0 1.0 0.0 0.0
-1 1418365278.029079 0.0 0.0 0.0 0.0
-1 1418365278.720709 2.0 0.0 2.0 2.0
-1 1418365279.026566 1.0 0.0 0.0 1.0
-1 1418365279.827742 0.0 0.0 0.0 0.0
-1 1418365280.020159 0.0 0.0 0.0 0.0
-1 1418365280.927850 0.0 0.0 0.0 0.0
-1 1418365281.015965 2.0 2.0 1.0 1.0
-1 1418365281.840909 1.0 2.0 2.0 1.0
-1 1418365282.018697 2.0 0.0 1.0 1.0
-1 1418365282.751357 0.0 0.0 0.0 0.0
-1 1418365283.027214 0.0 0.0 0.0 0.0
-1 1418365283.942707 0.0 0.0 0.0 0.0
-1 1418365284.010661 1.0 0.0 0.0 0.0
-1 1418365284.641558 0.0 0.0 0.0 0.0
-1 1418365284.955032 0.0 2.0 1.0 2.0
-1 1418365285.044879 0.0 0.0 0.0 0.0
-1 1418365285.128715 0.0 0.0 0.0 0.0
-1 1418365285.237829 0.0 1.96 0.0 0.0
-1 1418365285.350949 0.0 4.0 4.0 4.0
-1 1418365285.504455 0.0 3.8816 3.661583 1.0
-1 1418365285.716383 1.0 3.0 3.0 2.96
-1 1418365286.028963 2.96 1.0 4.0 3.726336
-1 1418365286.765353 2.0 0.8816 2.8816 4.7632
-1 1418365287.019917 3.8416 4.0 2.0 3.0
-1 1418365288.030092 1.0 1.0 4.0 3.0
-1 1418365289.036592 0.0 1.0 3.0 3.0
-1 1418365290.014741 0.0 1.0 0.0 0.0
-1 1418365291.023521 0.0 1.0 2.0 0.0
-1 1418365292.026371 1.0 2.0 1.0 1.0
-1 1418365293.021040 0.0 1.0 0.0 1.0
-1 1418365294.012119 2.0 0.0 1.0 1.0
-1 1418365295.024719 0.0 0.0 0.0 0.0
-1 1418365296.032290 0.0 0.0 1.0 0.0
-1 1418365297.018291 0.0 0.0 1.0 0.0
-1 1418365298.029903 0.0 1.96 0.0 0.0
-1 1418365299.026090 0.0 0.0 0.0 0.0
-1 1418365300.033337 0.0 1.0 1.0 0.0
-1 1418365301.028614 2.0 1.0 2.0 2.0
-1 1418365302.023002 0.0 0.0 0.0 0.0
-1 1418365303.032155 0.0 0.0 0.0 0.0
-1 1418365304.031170 0.0 3.0 2.0 2.0
-1 1418365305.036236 0.0 1.0 0.0 0.0
-1 1418365305.939345 0.0 0.0 2.0 1.0
-1 1418365306.019753 1.0 1.0 0.0 0.0
-1 1418365306.956878 0.0 0.0 0.0 0.0
-1 1418365307.022166 1.0 0.0 2.0 2.0
-1 1418365307.956821 0.0 0.0 0.0 0.0
-1 1418365308.009473 4.0 0.0 3.0 3.0
-1 1418365308.897259 0.0 0.0 0.0 0.0
-1 1418365309.009920 0.0 1.0 1.0 2.0
-1 1418365309.884998 0.0 0.0 1.0 0.0
-1 1418365310.018539 1.0 4.0 2.0 3.0
-1 1418365310.948907 0.0 1.0 0.0 0.0
-1 1418365311.018135 0.0 1.0 0.0 0.0
-1 1418365312.029443 0.0 0.0 0.0 0.0
-1 1418365312.759104 0.0 1.0 0.0 0.0
-1 1418365313.020817 1.0 0.0 0.0 1.0
-1 1418365313.742526 0.0 0.0 0.0 1.0
-1 1418365314.016077 0.0 0.0 0.0 1.0
-1 1418365314.716781 0.0 0.0 0.0 0.0
-1 1418365315.010697 0.0 0.0 0.0 0.0
-1 1418365315.809123 0.0 0.0 0.0 0.0
-1 1418365316.018992 1.0 0.0 0.0 0.0
-1 1418365316.820782 0.0 0.0 0.0 0.0
-1 1418365317.019657 0.0 0.0 0.0 0.0
-1 1418365317.733110 0.0 0.0 0.0 0.0
-1 1418365318.035803 1.0 1.0 2.0 3.0
-1 1418365318.143695 0.0 0.0 0.0 0.0
-1 1418365318.237705 0.0 0.0 0.0 0.0
-1 1418365318.326186 0.0 0.0 0.0 2.0
-1 1418365318.438130 1.0 8.0 5.96 3.524341
-1 1418365318.616159 2.0 4.772483 7.766336 3.8816
-1 1418365318.866558 6.8416 3.96 5.8416 4.8416
-1 1418365319.029252 4.532672 2.0 1.8816 2.0
-1 1418365319.640660 2.601141 1.0 2.0 4.96
-1 1418365320.020603 2.0 2.0 3.0 2.0
-1 1418365321.031666 3.96 0.0 2.96 1.8816
-1 1418365322.021550 3.0 3.0 3.0 2.0
-1 1418365323.019112 1.0 1.0 2.0 2.0
-1 1418365324.025441 0.0 0.0 0.0 2.0
-1 1418365325.029105 0.0 1.0 1.0 2.0
-1 1418365326.024600 2.0 0.0 0.0 2.0
-1 1418365327.030420 1.0 3.0 3.0 3.0
-1 1418365328.026902 1.0 0.0 0.0 0.0
-1 1418365329.032778 1.0 1.0 1.0 2.0
-1 1418365330.038722 1.0 0.0 1.0 2.0
-1 1418365331.031428 0.0 1.0 1.0 0.0
-1 1418365332.033056 1.0 0.0 2.0 1.0
-1 1418365333.040814 1.0 3.0 3.0 3.0
-1 1418365334.036628 1.0 1.0 1.0 2.96
-1 1418365335.033646 0.0 1.0 1.0 2.0
-1 1418365336.016812 0.0 1.0 0.0 0.0
-1 1418365336.968349 1.0 2.0 3.0 2.0
-1 1418365337.017300 0.0 2.0 1.0 1.0
-1 1418365338.040732 0.0 1.0 1.0 0.0
-1 1418365339.037408 0.0 1.0 1.0 0.0
-1 1418365339.973626 0.0 0.0 0.0 0.0
-1 1418365340.017022 0.0 0.0 0.0 0.0
-1 1418365341.041088 0.0 0.0 1.0 1.0
