-1 1418362730.735541 0.25 0.25 1.25 0.5 1.0 0.75 0.74 0.25 0.25 0.75 0.25 0.75 0.25
-1 1418362731.717820 0.443121 0.5 0.25 0.25 0.0 0.0 0.25 0.25 0.74 0.5 0.25 0.0 0.25
-1 1418362732.308097 0.5 0.25 0.5 0.25 0.7204 0.25 0.25 0.5 0.25 0.5 0.99 0.5 0.99
-1 1418362733.099857 0.25 0.25 0.25 0.5 0.5 0.74 0.25 0.25 0.5 0.25 0.25 0.5 0.25
-1 1418362733.372638 0.0 0.0 0.0 0.0 0.25 0.0 0.0 0.0 0.0 0.0 0.0 0.25 0.0
-1 1418362733.589447 0.0 0.0 0.0 0.25 0.0 0.25 0.0 0.0 0.0 0.25 0.0 0.0 0.0
-1 1418362733.879532 0.0 0.0 0.691584 0.25 0.5 0.5 0.0 0.0 0.25 0.0 0.0 0.5 0.0
-1 1418362734.185958 0.646964 0.896964 0.9408 0.2204 0.2204 0.2204 1.396964 1.108548 0.693121 0.4704 0.2204 0.2204 0.2204
-1 1418362734.428348 1.191584 1.386964 0.5 0.0 0.5 0.25 1.386964 1.23 1.23 0.4704 0.0 0.0 0.0
-1 1418362734.618479 1.046189 1.941584 1.2104 1.441584 1.875796 1.2104 1.211584 1.036189 1.428279 1.651984 1.411984 1.165396 1.411984
-1 1418362734.829325 0.49 0.74 0.931584 0.4704 0.931584 0.4704 0.941584 0.25 1.544237 1.191584 0.9408 1.181584 0.9408
-1 1418362734.998923 0.4704 0.4704 0.7204 1.479386 0.4704 0.2204 1.2204 0.4704 0.9408 0.663521 1.153921 0.9704 1.153921
-1 1418362735.344716 0.5 0.627764 0.711584 1.4604 1.154705 0.931984 1.319348 0.25 0.935396 1.173168 0.7204 1.191584 0.7204
-1 1418362735.584937 0.75 1.0 0.4704 0.74 0.7104 0.25 1.0 0.75 0.5 0.75 0.49 0.5 0.49
-1 1418362735.820616 0.0 0.25 0.7204 0.0 0.0 0.149387 0.7204 0.5 0.49 1.007106 0.0 0.0 0.0
-1 1418362736.145301 0.25 0.25 0.7104 1.502615 0.691584 0.74 0.0 0.0 1.153921 0.25 0.4704 0.25 0.4704
-1 1418362736.393011 0.5 1.793176 0.441584 1.374321 0.5 0.25 2.413121 0.288495 0.363829 0.75 0.25 0.25 0.25
-1 1418362736.645445 0.25 0.49 0.813176 0.0 0.323176 0.533976 0.49 0.25 0.25 1.773976 0.293576 0.573176 0.293576
-1 1418362736.877368 0.0 0.0 0.74 2.611752 0.9704 2.036541 0.435396 0.0 1.867364 1.391529 0.4704 0.5 0.4704
-1 1418362737.098146 0.0 0.0 1.4604 4.607409 2.379739 1.853404 0.0 0.0 0.0 0.720363 0.536781 0.4704 0.536781
-1 1418362737.332878 1.4604 1.23 2.805905 3.085505 2.315905 1.403921 1.367041 1.4604 1.49 2.595505 1.661984 1.403921 1.661984
-1 1418362737.555588 0.25 0.99 0.5 0.74 1.0 0.74 1.451584 0.74 0.5 1.517563 0.5 0.9704 0.5
-1 1418362737.760280 0.7204 0.0 0.0 0.913921 0.693121 0.5 0.0 0.25 0.0 0.323176 0.25 0.25 0.25
-1 1418362737.981372 0.25 0.25 1.633921 1.441584 1.837084 0.7204 0.4704 0.64878 0.9704 1.374321 1.339344 1.163521 1.339344
-1 1418362738.264298 1.9604 0.74 0.99 0.75 0.99 0.5 1.24 0.5 1.48 1.191584 0.5 0.74 0.5
-1 1418362738.429092 0.7204 0.941584 0.4704 0.848164 0.5 0.394321 1.352764 0.5 0.7104 0.2204 0.75 0.25 0.75
-1 1418362738.660955 0.9704 1.4704 1.4112 1.191584 1.74 1.0 1.6908 1.2204 1.411984 0.916964 0.941584 1.49 0.941584
-1 1418362738.873891 0.74 0.25 1.193121 0.75 1.25 0.75 0.5 0.0 0.25 0.75 1.0 0.75 1.0
-1 1418362739.097897 1.036189 0.923523 1.9504 2.490531 1.2104 0.9704 1.526131 0.5 0.0 0.9408 1.4704 0.9704 1.4704
-1 1418362739.365869 1.4604 1.23 1.185396 0.461584 0.25 0.5 1.2204 1.2104 0.74 0.75 0.25 1.0 0.25
-1 1418362739.531182 1.7104 1.1908 0.74 0.5 0.25 0.49 0.9604 1.7104 0.9604 0.49 0.951584 0.25 0.951584
-1 1418362739.775680 0.25 0.0 0.74 0.25 0.7104 0.0 0.49 0.5 0.193121 0.7204 0.75 0.25 0.75
-1 1418362740.011366 1.056989 0.683305 0.7204 1.49 0.74 1.24 1.488895 1.62958 2.858497 1.24 1.24 0.5 1.24
-1 1418362740.247709 0.25 0.25 0.75 0.25 1.792546 0.25 1.441584 0.0 0.7204 0.5 0.25 1.0 0.25
-1 1418362740.484889 1.241315 0.25 1.390715 0.49 0.6908 0.961584 0.25 0.150285 0.5 1.201584 0.74 0.4704 0.74
-1 1418362740.703757 0.4704 0.0 0.74 0.9704 0.0 0.75 0.0 0.0 0.75 0.75 0.862653 0.25 0.862653
-1 1418362740.949327 2.563497 1.15564 0.75 1.343406 0.75 0.75 2.313927 1.537396 2.007396 0.9704 0.685396 0.25 0.685396
-1 1418362741.189278 1.032396 0.193121 0.7204 0.0 0.99 0.75 0.443121 0.193121 0.443121 1.25 0.0 0.5 0.0
-1 1418362741.411295 1.24 1.476927 3.071085 1.49 1.880285 1.73 1.965022 1.15798 1.4604 1.933121 1.98 1.73 1.98
-1 1418362741.635918 0.5 0.75 1.9604 1.173921 0.75 1.086642 1.85698 0.25 0.25 1.443697 1.0 1.0 1.0
-1 1418362741.856514 0.74 0.0 0.838147 1.49 0.74 1.336385 0.2204 0.7204 1.2104 1.480118 0.74 0.99 0.74
-1 1418362742.110260 0.75 0.25 0.49 0.961584 0.25 0.75 0.49 0.5 0.99 1.0 0.25 0.25 0.25
-1 1418362742.333892 0.25 0.767141 2.241406 1.48 0.25 0.25 1.2104 0.5 1.681584 0.5 1.24 0.25 1.24
-1 1418362742.566265 0.5 0.25 0.99 1.2204 0.75 1.0 0.5 0.5 2.077841 0.5 0.5 0.5 0.5
-1 1418362742.826561 0.923921 0.5 1.0 0.0 0.25 0.0 0.75 0.99 1.701584 0.5 0.0 0.5 0.0
-1 1418362743.129940 0.99 0.98 0.931584 0.691584 0.0 0.0 0.98 0.99 0.74 0.25 0.653921 0.25 0.653921
-1 1418362743.347201 1.107764 1.532701 0.75 0.5 0.5 0.75 0.7204 1.303453 0.673921 0.75 0.5 0.75 0.5
-1 1418362743.631838 0.691584 0.0 0.5 0.0 0.5 0.0 0.87698 0.661984 0.25 0.25 0.25 0.25 0.25
-1 1418362743.897030 0.0 0.4704 0.961584 1.0 1.25 0.75 0.9704 0.0 1.4604 0.943121 0.5 0.75 0.5
-1 1418362744.096236 0.75 1.4704 1.24 0.7104 0.4704 0.5 1.2204 1.0 1.342653 1.053453 0.7104 0.25 0.7104
-1 1418362744.327364 0.75 0.99 1.0 0.915396 0.5 1.357764 0.75 0.5 0.711584 1.691584 0.9704 0.5 0.9704
-1 1418362744.617824 0.25 0.193121 0.650285 1.2204 0.75 0.9704 0.0 0.25 0.49 0.9704 0.7204 0.5 0.7204
-1 1418362744.823338 0.25 0.4704 0.75 0.25 0.25 0.25 0.7204 0.25 0.74 0.25 0.5 0.25 0.5
-1 1418362745.032478 0.0 0.74 0.9408 0.5 0.25 0.25 1.191584 0.25 0.441584 0.0 0.25 0.5 0.25
-1 1418362745.271833 0.5 0.5 0.65798 0.74 0.99 0.74 0.75 0.75 0.9704 0.392829 0.423921 0.75 0.423921
-1 1418362745.452769 0.688245 2.434784 0.9704 0.99 0.25 0.74 1.928405 0.847804 0.25 0.74 0.7204 0.5 0.7204
-1 1418362745.682721 0.25 0.25 0.25 0.5 0.5 0.75 0.5 0.5 0.691584 1.0 0.25 0.0 0.25
-1 1418362745.891889 0.4704 0.2204 1.25 0.9704 1.433121 0.7204 0.4704 0.4704 0.4704 0.9704 0.7204 0.75 0.7204
-1 1418362746.154546 0.0 0.0 1.401984 0.663921 0.49 0.7104 0.0 0.0 0.511433 0.173921 0.2204 0.25 0.2204
-1 1418362746.382247 0.75 0.711584 1.783976 0.951584 0.75 0.25 0.25 0.25 0.25 0.711584 1.62698 0.25 1.62698
-1 1418362746.608326 0.691584 0.2204 0.2204 1.48 1.191584 0.25 0.2204 0.941584 1.181584 0.0 0.0 0.4704 0.0
-1 1418362746.853751 0.0 0.0 1.894705 1.921984 2.181584 1.181984 0.49 0.0 0.5 1.824657 0.711584 1.181984 0.711584
-1 1418362747.093304 0.923921 0.5 0.5 1.4604 0.25 0.9704 1.08942 0.173921 0.382072 1.681584 1.191584 0.7204 1.191584
-1 1418362747.327809 1.2104 0.75 0.5 0.25 0.25 0.9704 1.318947 1.4012 1.49 0.7204 0.25 0.25 0.25
-1 1418362747.524347 0.9604 1.441584 1.330764 0.5 0.74 0.75 2.651984 1.2004 0.75 0.9704 0.5 1.24 0.5
-1 1418362747.764159 0.2204 0.7204 0.5 0.5 0.25 0.25 1.181984 0.4408 0.911984 0.75 0.75 0.25 0.75
-1 1418362748.029292 1.24 1.0 1.4704 1.73 1.23 1.24 0.75 1.0 1.0 1.0 0.99 0.5 0.99
-1 1418362748.275623 0.74 0.75 1.2204 1.2204 0.25 0.75 0.74 0.99 0.5 0.5 1.2204 0.25 1.2204
-1 1418362748.524966 0.943121 1.858548 0.49 0.4704 1.183121 0.74 0.75 0.25 0.682144 0.9604 0.4704 0.443121 0.4704
-1 1418362748.757784 0.99 0.25 0.814285 2.161984 0.7204 1.911984 0.870685 0.4704 0.9704 1.759528 0.711584 0.74 0.711584
-1 1418362748.992966 0.5 1.663921 1.1908 1.384321 0.25 0.711584 1.117041 0.25 0.941584 1.322392 0.663921 0.25 0.663921
-1 1418362749.227146 0.25 0.7204 2.338548 1.675464 0.75 2.124054 0.913521 0.25 0.5 2.620685 2.050884 1.4604 2.050884
-1 1418362749.477576 1.7104 0.943121 0.7204 1.374868 0.7204 2.478132 0.691584 1.7104 0.74 1.382384 1.2204 0.4704 1.2204
-1 1418362749.740593 0.612653 0.25 1.489856 1.173921 2.705393 0.961584 0.461584 0.612653 0.852653 1.408217 1.574038 1.625505 1.574038
-1 1418362750.155340 0.60561 0.85561 1.24 1.48 0.9604 0.25 1.07601 1.422673 3.425413 0.99 1.23 0.6908 1.23
-1 1418362750.401844 0.9704 1.211584 1.24 1.73 1.49 2.4504 2.59738 0.9704 1.2204 2.3912 1.73 1.9604 1.73
-1 1418362750.668937 1.754728 0.396964 0.4704 0.74 1.191584 0.7204 1.454006 2.004728 0.215705 1.577764 0.49 0.691584 0.49
-1 1418362750.895393 0.0 1.665572 0.683278 0.49 1.431584 0.821386 0.9604 0.25 0.467191 0.25 0.554306 0.0 0.554306
-1 1418362751.159115 0.5 0.74 0.7104 0.950471 0.25 0.75 0.7204 0.766989 1.083821 0.7204 1.201584 0.0 1.201584
-1 1418362751.400756 1.73 1.7104 0.5 0.75 0.25 0.75 1.4604 1.24 1.474942 0.99 0.5 0.75 0.5
-1 1418362751.658411 0.5 0.0 0.173921 0.673921 0.0 0.25 0.25 0.5 0.5 0.4704 0.75 0.0 0.75
-1 1418362751.886788 0.74 1.181584 1.23 2.96 1.49 2.923946 2.0518 0.74 2.677707 1.47 2.531243 1.24 2.531243
-1 1418362752.124549 0.923921 1.59561 0.5 0.5 0.75 1.49 1.25 1.117041 0.653921 1.25 0.5 0.75 0.5
-1 1418362752.405608 0.685036 1.818164 1.193121 0.711584 0.818947 0.0 2.393921 0.25 1.669105 0.461584 0.903996 0.992868 0.903996
-1 1418362752.607869 1.2204 1.24 1.191584 1.671584 0.557848 0.99 1.441584 1.2204 1.634321 2.441754 1.181584 0.25 1.181584
-1 1418362752.941935 0.946354 0.75 0.74 1.23 0.74 0.9604 0.75 0.74 0.923921 0.9604 1.24 0.0 1.24
-1 1418362753.229052 0.913521 1.0 0.14878 0.0 0.0 0.0 0.9704 0.5 0.894321 0.5 0.0 0.0 0.0
-1 1418362753.475391 0.75 1.304621 1.48 2.329303 1.2204 1.25 0.9704 0.9704 0.75 1.98 1.691584 0.5 1.691584
-1 1418362753.697849 0.75 0.25 0.25 1.146964 0.25 0.5 0.49 0.25 0.75 1.146964 0.25 0.25 0.25
-1 1418362753.930430 0.0 0.25 0.88838 2.053453 1.181584 2.299348 0.5 0.131085 0.0 2.133168 2.233054 1.191584 2.233054
-1 1418362754.174567 0.49 0.905396 1.347041 1.367041 0.98 0.99 0.99 0.49 1.0 1.443121 1.847041 0.99 1.847041
-1 1418362754.493443 1.2204 1.48 3.586908 2.1512 1.053806 0.5 1.230102 1.24 1.24 2.337084 1.023224 0.870685 1.023224
-1 1418362754.703479 1.435396 1.858548 1.82851 0.7204 0.5 0.5 2.107108 0.935396 0.25 0.980128 1.014125 0.5 1.014125
-1 1418362754.946214 0.4704 1.2204 3.038688 2.813599 2.40798 1.74 1.833629 0.4704 0.435396 1.7104 1.25 2.411984 1.25
-1 1418362755.166962 0.25 0.9704 1.893921 1.653921 1.201584 0.99 1.2204 0.25 0.25 1.97 1.653921 0.74 1.653921
-1 1418362755.469960 0.0 0.25 1.5495 1.413921 0.831386 0.75 0.98 0.0 0.99 0.941584 0.7204 0.75 0.7204
-1 1418362755.695696 0.2204 0.25 1.25 1.49 1.0 0.75 0.25 0.2204 0.25 0.9704 1.48 1.0 1.48
-1 1418362755.935775 0.573763 0.818564 0.92023 0.416964 0.877764 0.25 1.742084 0.0 0.4704 0.99 0.5 0.878548 0.5
-1 1418362756.174827 1.332653 0.913921 2.271762 1.635505 1.413921 1.317841 1.653921 1.607364 1.24 1.844721 1.163921 1.413921 1.163921
-1 1418362756.409089 0.4704 1.516989 0.673921 1.0 1.24 0.628503 1.351876 0.4704 0.9408 0.5 0.75 0.75 0.75
-1 1418362756.653642 1.825905 1.161984 0.2204 0.25 0.49 1.04485 2.082857 2.616108 2.157782 2.170573 0.75 1.23 0.75
-1 1418362756.862408 0.7204 0.25 1.12878 0.75 0.5 0.99 1.792921 0.4704 0.4704 0.5 0.5 0.25 0.5
-1 1418362757.098007 0.25 0.75 0.75 0.4704 0.933121 0.74 1.25 0.7204 0.5 0.4704 0.74 0.5 0.74
-1 1418362757.316942 2.448694 1.691584 2.13702 2.181984 1.49 1.5 2.588022 1.99711 0.0 1.71897 1.461584 0.75 1.461584
-1 1418362757.590978 1.375796 1.24 1.915396 1.24 0.99 0.5 1.146964 0.5 0.5 1.24 1.0 1.48 1.0
-1 1418362757.814961 0.4408 1.328548 2.247949 1.820515 0.853629 0.936194 2.441755 0.874321 0.2204 0.913921 1.163921 0.691584 1.163921
-1 1418362758.070400 0.5 0.25 1.9208 0.4704 0.693121 0.5 0.49 0.5 0.5 0.7204 1.124321 0.5 1.124321
-1 1418362758.333189 0.4704 0.49 0.415396 1.340364 0.5 1.11918 0.25 0.25 0.0 1.496383 0.711584 0.5 0.711584
-1 1418362758.582446 0.5 1.061032 1.591485 0.39878 1.313453 0.25 0.539356 0.916964 0.827423 0.25 0.743289 1.189064 0.743289
-1 1418362758.929538 1.206005 2.400239 1.99 1.24 1.24 0.75 3.041495 1.580586 1.23 1.24 0.5 1.0 0.5
-1 1418362759.168486 0.9408 1.1908 0.795731 0.874321 0.761315 0.9704 1.585905 0.6908 0.9112 2.632384 1.573629 0.25 1.573629
-1 1418362759.467967 1.403168 0.74 0.5 1.183121 0.683121 0.25 0.9704 0.5 1.2204 1.2204 0.150285 0.49 0.150285
-1 1418362759.711382 0.25 0.5 0.74 0.693121 0.99 0.5 0.75 0.75 0.7204 1.7104 1.4604 0.25 1.4604
-1 1418362760.132241 0.25 0.986175 0.99 1.366417 0.74 0.500474 1.960372 0.7204 0.25 1.575928 1.501458 0.74 1.501458
-1 1418362760.373855 0.9704 0.841485 1.516131 1.304029 1.384321 1.817841 2.078164 0.894321 1.333053 1.997549 1.304029 0.894321 1.304029
-1 1418362760.602472 2.760932 1.614543 0.9704 0.173921 0.2204 0.0 2.348148 3.010136 0.74 0.225744 0.25 0.0 0.25
-1 1418362760.857848 0.5 0.25 1.92497 1.671984 1.449489 0.7204 0.7204 0.75 0.25 1.896964 2.435786 0.5 2.435786
-1 1418362761.172827 1.884705 0.961584 1.044 1.48 1.849173 1.24 0.961584 1.441584 0.75 0.74 0.74 1.2204 0.74
-1 1418362761.355077 0.75 0.5 2.233287 1.413521 0.75 0.75 0.75 1.0 0.9704 1.0 1.413521 0.5 1.413521
-1 1418362761.585504 0.75 0.5 1.6708 1.23 1.49 1.4308 1.7104 0.5 0.74 1.4604 0.74 1.7004 0.74
-1 1418362761.797164 0.5 0.25 0.5 1.704684 0.25 1.9604 0.75 0.75 0.98 1.99 1.286704 1.2204 1.286704
-1 1418362762.044943 0.951584 0.5 0.771343 0.25 0.75 0.4704 0.5 0.461584 0.75 0.25 0.25 0.25 0.25
-1 1418362762.382850 0.2204 0.665396 2.269347 1.25 0.75 1.2204 1.449875 0.4704 1.605839 1.883168 1.24 0.7204 1.24
-1 1418362762.640759 0.9604 0.2204 1.009617 0.25 0.25 0.14878 0.42886 1.2104 1.864321 0.0 0.025241 0.25 0.025241
-1 1418362762.885940 0.5 0.25 0.4704 1.161984 0.2204 0.25 1.836689 0.5 0.0 1.018592 0.2204 0.9704 0.2204
-1 1418362763.110794 0.9704 1.4704 0.0 0.4408 0.0 1.1908 1.0 1.691584 0.9704 1.191584 0.0 0.0 0.0
-1 1418362763.389562 1.0 1.0 1.132384 1.655396 1.080792 1.614321 1.2204 1.0 0.25 1.491361 1.651984 2.32738 1.651984
-1 1418362763.623257 0.0 1.187821 0.25 0.5 0.0 0.7204 1.393921 0.25 1.607764 0.75 0.89878 0.25 0.89878
-1 1418362763.868326 0.0 0.49 1.127764 1.4704 0.5 1.7104 0.75 0.0 0.0 2.048316 2.181584 0.75 2.181584
-1 1418362764.114722 1.0 0.5 0.25 0.25 0.5 0.25 0.25 0.75 0.75 0.75 0.2204 0.75 0.2204
-1 1418362764.436356 1.0 1.5 1.565858 1.2204 1.632384 1.13838 2.411984 0.75 0.99 2.323968 0.9408 1.956621 0.9408
-1 1418362764.685935 0.951584 1.143921 0.74 1.1908 0.99 0.74 1.32337 0.49 2.049703 0.98 1.7104 1.433121 1.7104
-1 1418362764.956047 0.49 1.569316 0.796459 0.7204 0.7104 1.041684 1.441585 0.99 0.25 2.188648 0.435396 0.905396 0.435396
-1 1418362765.176187 0.5 1.49 0.5 0.5 0.400285 0.25 1.235636 0.25 0.7204 0.89878 0.99 1.140285 0.99
-1 1418362765.430559 0.5 0.588147 0.847841 1.673921 0.911984 0.885505 1.519347 0.75 0.4704 2.813768 0.589484 0.423921 0.589484
-1 1418362765.629978 0.4704 0.2204 1.49 0.9704 1.621661 1.0 1.2204 0.4704 0.5 0.7204 0.711584 1.60918 0.711584
-1 1418362765.874880 0.75 0.7204 0.9604 0.9604 0.74 0.74 1.384321 0.5 1.227299 2.114321 1.23 0.74 1.23
-1 1418362766.097714 0.25 0.0 0.99 0.987755 0.74 0.98 0.49 0.25 0.25 1.23 1.391675 1.23 1.391675
-1 1418362766.328519 1.4504 1.1808 2.4208 1.073053 1.883921 1.2004 1.4308 1.2004 1.844796 1.38878 0.9604 1.7104 0.9604
-1 1418362766.583712 0.25 0.5 1.81855 1.09972 2.51278 0.307007 0.25 0.0 0.25 0.49 2.510289 1.779635 2.510289
-1 1418362766.794565 1.151261 0.661261 1.0 0.9704 1.247989 0.5 1.151261 1.081608 1.558947 0.75 1.0 0.25 1.0
-1 1418362767.054786 0.5 0.0 2.06183 1.578164 1.343599 0.7204 0.413521 0.5 1.190907 0.589927 2.590316 0.5 2.590316
-1 1418362767.302425 2.403921 1.24 1.4604 0.9704 0.5 0.9408 1.931984 1.9604 2.426268 0.693121 0.25 0.5 0.25
-1 1418362767.541903 0.331386 0.5 1.963018 1.281284 1.593751 0.884321 0.25 0.0 0.25 1.442415 1.568164 1.019762 1.568164
-1 1418362767.754410 0.99 1.2204 0.74 0.896964 0.99 0.673921 1.832653 1.893921 3.601724 1.193121 0.5 0.99 0.5
-1 1418362768.020187 0.25 0.75 1.242162 0.681984 0.9604 0.7204 0.75 0.25 0.5 0.5 0.0 1.2104 0.0
-1 1418362768.264209 0.74 0.99 0.84087 0.25 0.25 0.639018 0.74 1.23 0.896964 0.5 0.0 0.25 0.0
-1 1418362768.509808 0.5 0.25 1.413921 1.72 0.99 1.97 1.352653 0.4704 0.5 1.47 1.24 0.99 1.24
-1 1418362768.833874 0.5 0.5 1.054685 0.98 0.74 0.49 1.358503 0.25 0.0 0.99 0.4704 0.49 0.4704
-1 1418362769.177521 1.2204 0.7204 1.118516 2.161984 0.25 0.49 0.75 2.347764 0.5 1.146523 0.75 0.475953 0.75
-1 1418362769.419889 0.9704 0.75 1.838626 3.037951 1.643921 1.615505 0.75 0.9704 0.99 2.509825 1.624783 0.693121 1.624783
-1 1418362769.640358 0.631085 0.673921 1.183956 1.581501 0.0 1.389822 1.012171 0.5 0.871085 1.975498 1.928906 0.441584 1.928906
-1 1418362769.881948 0.951584 0.591901 1.4112 1.097516 1.2204 0.25 0.0 1.201584 0.443121 0.25 0.7104 0.5 0.7104
-1 1418362770.109537 0.5 1.25 1.7104 1.49 0.99 1.5 1.144321 0.5 0.99 2.002099 1.615216 0.5 1.615216
-1 1418362770.403165 0.0 0.5 0.25 1.7104 0.75 0.25 0.75 0.0 0.74 0.711584 0.786189 0.9704 0.786189
-1 1418362770.643655 0.5 0.0 1.23 1.24 0.99 0.74 0.25 0.5 0.25 1.24 0.75 0.5 0.75
-1 1418362771.064725 0.2204 0.423921 1.181984 1.2104 0.4704 0.7204 1.2104 0.0 0.5 0.4704 0.2204 0.4704 0.2204
-1 1418362771.361502 0.711584 0.711584 1.431584 2.738288 0.0 1.411984 1.211584 0.711584 1.644081 1.798241 1.191584 0.441584 1.191584
-1 1418362771.635873 2.627658 1.477374 1.241868 0.441584 1.441584 0.865505 0.603629 1.634144 3.191715 1.115505 0.441584 0.911984 0.441584
-1 1418362771.905422 0.691584 0.0 1.0 0.5 0.75 0.0 0.0 1.191584 1.107041 1.132997 0.4704 0.25 0.4704
-1 1418362772.133200 1.768495 0.74 1.931584 1.681584 1.671584 1.441584 2.119505 1.25 3.496905 2.171584 2.171584 1.671584 2.171584
-1 1418362772.392906 1.0 1.0 0.923921 0.7104 0.74 0.49 1.0 0.9704 1.2204 0.49 0.25 1.23 0.25
-1 1418362772.638699 0.5 0.711584 1.523645 0.844674 0.9704 0.4704 1.2104 0.5 0.5 1.1316 1.354721 0.6908 1.354721
-1 1418362772.861474 0.9604 1.23 1.401984 0.25 0.2204 0.25 1.611085 1.2104 0.74 0.581208 1.191584 0.2204 1.191584
-1 1418362773.118518 0.681879 0.4408 0.25 1.673921 0.0 0.75 1.383921 0.74038 1.977483 1.521139 1.413921 0.829484 1.413921
-1 1418362773.386002 0.933121 0.5 2.153521 0.4704 0.4704 0.0 0.99 0.74 0.25 0.5 1.24 0.4704 1.24
-1 1418362773.622610 0.0 0.0 0.25 0.25 0.25 0.877404 0.0 0.25 0.7204 1.0 0.75 0.25 0.75
-1 1418362773.858965 0.4704 0.7104 0.5 1.5 1.24 0.642829 0.9604 0.9112 0.7204 0.75 1.443121 0.75 1.443121
-1 1418362774.224287 0.943121 0.0 0.7204 1.607041 0.4704 0.74 0.49 0.612653 0.941584 1.2104 1.607764 0.894321 1.607764
-1 1418362774.466944 0.0 0.0 1.413521 1.193121 1.24 0.75 0.173921 0.25 0.768495 1.654705 1.4704 2.393921 1.4704
-1 1418362774.718389 1.0 1.5 0.693121 0.943121 0.25 0.943121 1.0 0.75 0.943121 0.75 1.376241 0.5 1.376241
-1 1418362774.972253 0.25 0.7204 2.523853 1.24 1.894705 1.893921 1.193121 0.4704 0.443121 2.073629 1.653521 1.394705 1.653521
-1 1418362775.196193 0.627764 0.25 1.039884 0.615505 0.4704 1.132384 0.0 0.25 1.0 0.882384 0.423921 0.2204 0.423921
-1 1418362775.444009 0.25 0.25 2.82958 1.4604 1.2204 1.7204 1.131085 0.25 0.7204 2.163521 1.5 1.2204 1.5
-1 1418362775.795913 0.25 0.0 0.381085 0.75 0.74 0.75 0.25 0.25 0.673921 0.75 0.75 0.5 0.75
-1 1418362776.026724 0.75 0.25 0.9408 0.25 0.74 0.25 0.5 0.75 0.5 1.161984 1.315698 0.74 1.315698
-1 1418362776.243773 3.250192 0.591901 0.74 1.9504 0.74 1.4504 1.551786 3.705982 2.44835 1.2104 1.7104 0.49 1.7104
-1 1418362776.479220 0.536955 0.784836 1.901984 1.6808 0.9604 0.4704 2.200872 0.25 0.5 0.4704 0.9704 0.9604 0.9704
-1 1418362776.721403 1.73 1.681584 0.906258 1.268495 1.633921 0.99 1.431584 1.48 0.74 0.99 1.24 1.421584 1.24
-1 1418362776.932608 0.75 0.666964 0.5 0.941584 0.25 0.25 0.612653 0.75 1.41798 0.75 0.25 0.588147 0.25
-1 1418362777.157961 1.181984 0.711584 0.835905 1.614321 0.882384 1.105105 0.441584 0.931984 0.711584 1.105105 0.992099 0.661984 0.992099
-1 1418362777.507261 1.131085 0.5 1.0 1.374274 1.461584 0.7204 0.591608 1.417275 1.62878 1.385796 1.270684 1.211584 1.270684
-1 1418362777.740158 0.7204 0.75 1.255236 0.5 0.4704 1.780284 0.5 1.4704 1.0 2.652116 0.7204 0.25 0.7204
-1 1418362777.990189 1.184489 0.525477 1.713417 2.326825 2.245528 1.886964 1.504376 0.5 3.059026 2.680051 1.834931 1.867764 1.834931
-1 1418362778.240901 0.9704 1.121085 0.627764 0.323176 0.25 0.0 2.383963 0.7204 0.627764 0.0 0.5 0.0 0.5
-1 1418362778.481049 1.7204 1.6908 0.806189 1.49 0.75 1.393921 1.2204 1.4704 1.768376 2.471792 0.75 0.25 0.75
-1 1418362778.721779 2.107325 1.875796 0.75 0.931984 0.4704 1.201584 1.821485 0.693914 1.200923 0.961584 1.173921 0.25 1.173921
-1 1418362778.986817 1.12438 1.407578 1.941476 0.693121 0.5 0.25 2.056358 1.097841 0.841608 1.239892 0.510813 0.25 0.510813
-1 1418362779.220389 1.614363 1.4604 1.348164 0.4704 1.1908 0.0 1.766589 1.326731 1.996589 0.867764 0.25 0.887364 0.25
-1 1418362779.439979 2.107764 0.75 1.979242 0.75 0.74 0.5 1.0 1.896964 0.877764 0.75 0.0 0.5 0.0
-1 1418362779.677179 1.078164 0.874321 2.153921 0.7204 1.6908 1.2204 1.624321 1.440817 1.455928 1.903921 0.9704 1.874321 0.9704
-1 1418362780.007663 2.298948 1.104257 2.615564 1.673921 1.653168 0.666964 0.9704 1.929339 2.372384 2.685788 0.673921 1.469357 0.673921
-1 1418362780.228301 0.904057 0.25 0.99 2.143921 1.2204 0.99 0.5 0.25 0.441584 1.23 1.24 0.99 1.24
-1 1418362780.604269 0.74 0.25 1.0 1.423921 1.0 1.25 1.24 0.0 0.25 0.75 1.0 1.0 1.0
-1 1418362780.841181 0.5 0.7204 1.2204 1.584674 0.7204 1.2104 0.4704 0.5 1.018385 1.4408 1.738548 0.9704 1.738548
-1 1418362781.140992 0.0 0.7204 0.685396 1.193121 0.0 0.74 0.0 0.0 0.7204 0.98 0.423921 0.0 0.423921
-1 1418362781.396399 0.5 0.25 2.052269 0.99 0.933121 1.73 0.900285 0.5 0.5 1.433121 1.433121 1.433121 1.433121
-1 1418362781.647255 0.74 0.74 0.7204 0.646964 0.4704 0.74 0.74 0.74 0.99 2.155396 0.5 0.49 0.5
-1 1418362781.891632 0.25 1.461584 0.7204 0.2204 0.25 0.915396 1.652384 0.4704 1.441584 1.635796 0.4408 0.25 0.4408
-1 1418362782.139244 0.25 0.5 0.72631 0.74 0.780515 0.75 0.5 0.25 0.5 1.7104 1.2104 0.25 1.2104
-1 1418362782.409076 0.7204 0.9704 0.5 0.75 0.25 0.7204 0.2204 0.7204 0.2204 0.7204 0.7204 0.49 0.7204
-1 1418362782.675259 0.5 0.0 0.911984 0.0 0.492051 0.25 0.617041 0.860084 2.139045 0.5 0.0 0.25 0.0
-1 1418362782.974596 1.161984 1.565905 2.366196 0.9604 0.9704 0.9604 2.194421 1.411984 2.602784 1.431584 1.9208 0.7204 1.9208
-1 1418362783.264743 1.682912 1.4504 1.413921 0.423921 0.25 0.25 1.467541 1.462512 1.248449 0.7204 0.9408 0.0 0.9408
-1 1418362783.548119 0.5 0.74 0.5 0.41798 0.5 0.0 0.423921 0.25 0.25 0.0 0.25 0.812468 0.25
-1 1418362783.783918 0.49 0.827841 1.594931 1.1908 0.49 1.1908 1.227374 0.0 0.25 0.9604 0.911984 0.49 0.911984
-1 1418362784.018764 0.0 0.0 0.25 1.9308 0.49 0.5 0.2204 0.25 0.49 0.9704 1.4604 0.99 1.4604
-1 1418362784.249553 0.0 0.387163 0.74 0.829703 0.99 1.48 0.5 0.4704 0.99 1.23 0.454315 1.23 0.454315
-1 1418362784.592248 0.25 0.554237 0.74 2.143921 1.0 1.4604 0.804237 0.25 0.25 1.7104 2.171584 1.74 2.171584
-1 1418362784.838624 1.074029 1.385515 0.75 0.74631 0.0 0.25 0.693147 1.564029 0.25 0.989295 0.5 1.087673 0.5
-1 1418362785.101366 0.25 0.49 1.701584 0.903921 1.191584 1.163921 0.74 0.5 0.5 0.99 0.711584 0.5 0.711584
-1 1418362785.369747 0.586642 0.25 0.75 0.5 0.5 1.043853 0.25 0.836642 1.329303 0.25 0.5 0.25 0.5
-1 1418362785.583827 0.2204 1.1908 0.729472 0.677306 1.153921 0.423921 1.2204 0.2204 0.49 0.923921 0.75 1.153921 0.75
-1 1418362785.963225 0.441584 0.0 0.25 0.5 0.0 0.0 0.193121 0.441584 0.49 0.25 0.5 0.2204 0.5
-1 1418362786.218930 1.0 0.5 0.25 0.7104 1.4504 0.25 1.0 1.0 1.656964 0.25 0.25 0.4704 0.25
-1 1418362786.418899 1.230863 2.382525 0.0 0.685396 0.25 1.051636 1.162063 0.980863 1.54486 1.176354 0.0 0.25 0.0
-1 1418362786.652224 0.99 0.74 0.25 0.0 0.0 0.5 0.711584 1.683121 0.5 0.5 0.0 0.0 0.0
-1 1418362786.921833 1.433817 0.9604 0.25 0.25 0.5 0.49 0.849303 1.17751 0.931984 1.24 0.5 0.5 0.5
-1 1418362787.155132 0.0 0.25 1.2204 1.2104 0.5 0.99 0.5 0.25 0.5 1.24 1.181584 0.5 1.181584
-1 1418362787.398490 0.74 0.5 1.039357 0.84918 0.131085 1.293069 1.249295 0.25 0.25 1.378075 0.9408 0.381085 0.9408
-1 1418362787.659111 0.413521 0.7204 0.75 1.127764 1.050515 0.5 0.4704 0.2204 0.443121 1.724607 0.877764 1.383497 0.877764
-1 1418362787.879240 0.49 0.25 0.0 0.25 0.0 0.0 0.0 0.25 0.5 0.0 0.99 0.0 0.99
-1 1418362788.137987 1.173921 1.52628 1.493287 1.201584 0.74 1.125505 1.913521 1.643921 1.607764 2.156554 1.691584 0.74 1.691584
-1 1418362788.363221 1.49 0.0 0.25 0.25 0.5 0.25 0.75 1.24 0.5 0.25 0.25 0.99 0.25
-1 1418362788.550499 1.23 1.2104 1.661984 0.7204 0.5 0.5 1.2104 1.97 0.99 2.425065 1.578635 0.693121 1.578635
-1 1418362788.763745 1.384321 0.4704 3.694862 2.585905 2.958 1.9604 2.133247 1.4308 0.5 3.377944 2.789425 2.335719 2.789425
-1 1418362789.011361 2.370685 2.563053 1.649925 1.150285 0.900285 1.150285 2.563053 2.779065 2.906268 1.370685 1.294559 0.900285 1.294559
-1 1418362789.236274 1.161984 0.25 1.6908 1.285405 0.89481 0.25 0.99 0.5 0.0 0.7204 0.25 1.24 0.25
-1 1418362789.513659 0.112653 0.5 0.98 0.916964 0.25 0.396964 0.644321 0.423921 1.063453 0.896964 0.5 0.5 0.5
-1 1418362789.798950 0.74 0.0 0.75 0.9704 0.25 0.5 0.894321 0.9704 0.75 1.25 1.25 0.25 1.25
-1 1418362790.059419 0.25 0.74 1.4704 0.2204 1.4408 2.60568 1.0 0.25 0.5 1.702512 0.2204 0.7204 0.2204
-1 1418362790.315001 1.975806 1.1908 2.125796 2.1808 0.9704 1.4604 1.1908 1.321885 0.9704 2.6216 1.4308 0.9704 1.4308
-1 1418362790.596558 1.403921 1.083053 0.9704 0.9704 0.99 1.2204 0.9704 1.410523 1.2204 1.49 1.765021 1.24 1.765021
-1 1418362790.885436 0.941584 0.540642 1.961584 1.191584 0.75 0.5 0.554933 1.061386 1.309075 1.24 1.0 1.0 1.0
-1 1418362791.079549 2.364321 0.4704 0.99 1.386964 0.49 0.646964 1.4504 1.4308 0.0 3.001684 0.931584 0.7104 0.931584
-1 1418362791.393507 1.331608 0.581608 1.4408 1.9208 0.4408 1.4308 0.623363 1.302008 2.290581 1.067441 1.384321 0.6612 1.384321
-1 1418362791.611452 0.74 0.711584 1.092653 0.49 0.25 0.49 1.4604 1.23 0.74 0.74 0.0 0.25 0.0
-1 1418362791.855305 0.25 0.5 1.24 0.0 0.5 0.5 1.323453 0.25 0.86918 1.201584 0.931984 0.711584 0.931984
-1 1418362792.127240 0.5 0.75 2.12878 2.161984 1.911984 1.2204 1.799185 0.5 0.5 1.2204 2.999693 0.9704 2.999693
-1 1418362792.453923 0.0 0.25 0.75 1.0 0.842653 0.75 0.443121 0.25 1.1908 0.9704 0.5 0.5 0.5
-1 1418362792.768692 1.595505 1.413921 0.0 0.0 0.193121 0.0 1.423921 1.307841 1.577841 0.75 0.443121 0.193121 0.443121
-1 1418362793.007471 0.0 0.49 0.75 0.5 0.75 0.5 0.49 0.0 0.0 0.5 0.75 0.5 0.75
-1 1418362793.317297 0.49 1.24 2.391271 1.4604 1.921984 2.311885 0.4704 0.25 0.0 2.764253 1.201584 1.921984 1.201584
-1 1418362793.636022 0.394274 0.5 0.935396 0.75 0.5 0.25 1.2204 0.5 0.74 1.23 0.99 0.0 0.99
-1 1418362793.974708 1.092653 0.9704 0.5 0.25 0.25 0.0 0.874274 2.009273 0.843821 0.98 0.0 0.49 0.0
-1 1418362794.469697 0.9704 0.4704 0.99 0.49 0.0 0.0 0.74 1.2204 0.74 0.74 0.98 0.0 0.98
-1 1418362795.252494 0.5 1.0 0.99 0.7204 0.2204 0.25 1.405796 0.5 0.75 1.2204 0.75 0.2204 0.75
-1 1418362795.558891 0.7204 0.7204 0.7204 0.25 0.4704 0.0 0.7204 0.833053 1.1908 0.7204 0.2204 0.25 0.2204
-1 1418362797.330401 1.2104 1.0 0.0 0.0 0.25 0.49 1.49 1.4604 1.23 0.25 0.0 0.25 0.0
-1 1418362800.043211 0.75 0.49 0.49 0.74 0.5 0.7204 0.49 0.75 0.75 0.5 0.74 0.25 0.74
-1 1418362801.777474 0.75 0.75 0.25 0.25 0.0 0.25 0.5 0.5 0.5 0.25 0.0 0.25 0.0
