-1 1418354422.917433 1.845472 2.0 3.0 1.0 0.0 1.0 1.0 1.0 1.88429 2.882753 3.0 0.0 3.0
-1 1418354423.215277 4.0 1.980199 2.0 2.845472 6.980199 3.0 4.901385 3.0 3.0 8.461008 6.980199 6.960397 6.980199
-1 1418354423.487970 0.0 0.0 3.790997 4.576913 2.845472 2.0 1.0 1.980199 1.980199 0.0 1.827177 2.0 1.827177
-1 1418354423.836438 0.0 1.881976 4.921187 0.940988 1.0 1.0 1.881976 0.792519 3.0 1.0 3.636837 1.0 3.636837
-1 1418354424.074142 4.882753 2.0 5.679646 2.940988 1.0 0.0 8.824909 3.922355 3.0 6.690905 4.940988 1.0 4.940988
-1 1418354424.420562 1.0 2.0 4.0 2.773781 6.695849 1.980199 2.980199 0.0 3.0 2.980199 0.0 3.88429 0.0
-1 1418354424.617489 7.597627 1.7537 1.0 4.0 2.0 2.0 0.7537 7.597627 1.636468 3.88429 2.0 1.0 2.0
-1 1418354424.983331 1.0 2.980199 0.940988 3.940988 0.940988 3.940988 2.0 2.0 3.654355 4.175839 3.940988 1.881976 3.940988
-1 1418354425.235509 3.465493 0.88429 3.862951 1.0 3.980199 3.980199 0.845472 0.88429 0.88429 5.921187 1.0 3.980199 1.0
-1 1418354425.520317 0.0 1.0 3.0 3.960397 4.0 1.0 1.663312 0.0 3.0 2.0 2.0 2.0 2.0
-1 1418354425.839005 1.0 2.766266 3.980199 3.980199 3.980199 1.0 5.707254 0.88429 0.0 4.980199 1.0 3.980199 1.0
-1 1418354426.070807 0.0 0.940988 1.980199 1.663312 1.0 1.0 3.921187 0.0 0.88429 3.0 1.881976 1.0 1.881976
-1 1418354426.404334 1.0 2.0 7.803163 5.823741 4.862951 3.882753 5.980199 1.0 4.0 2.980199 2.0 2.980199 2.0
-1 1418354426.636938 3.506588 2.792519 0.0 0.0 0.0 1.940988 5.714098 0.0 2.0 1.248934 2.0 0.0 2.0
-1 1418354426.966781 1.0 1.0 4.0 4.846979 1.0 1.0 3.751394 1.78646 0.0 1.0 2.0 2.0 2.0
-1 1418354427.241737 6.901385 0.940988 8.62961 5.980199 3.0 5.805869 8.764729 1.940988 2.921187 6.766658 4.980199 5.0 4.980199
-1 1418354427.567834 4.790997 2.790997 2.709568 0.940988 1.980199 2.78646 2.790997 3.790997 10.615906 3.472788 1.0 1.0 1.0
-1 1418354427.915172 2.0 2.0 0.0 3.750309 5.863343 1.0 4.980199 2.922355 5.921187 1.0 1.0 1.940988 1.0
-1 1418354428.143608 0.0 6.769326 2.0 2.0 1.0 3.0 2.980199 0.0 2.0 3.940988 7.594997 1.0 7.594997
-1 1418354428.455004 0.0 1.0 2.750309 1.78646 3.750309 2.691297 10.182307 0.795899 6.134024 5.691297 0.845472 4.750309 0.845472
-1 1418354428.710944 3.0 2.0 5.0 1.980199 3.940988 0.0 7.634141 2.0 5.940988 1.0 1.0 1.980199 1.0
-1 1418354429.065318 0.940988 0.940988 3.960397 1.0 1.0 0.0 1.940988 0.0 1.0 1.882753 3.980199 1.0 3.980199
-1 1418354429.352207 2.980199 2.940988 2.980199 6.902554 3.960397 3.864489 7.727448 2.980199 1.980199 5.902554 7.882753 3.960397 7.882753
-1 1418354429.635231 4.0 3.940988 1.735731 2.980199 2.716322 3.960397 13.07075 5.864489 4.0 1.980199 1.980199 1.735731 1.980199
-1 1418354430.041780 2.0 1.792519 4.940988 3.881976 2.980199 2.940988 1.0 0.0 1.940988 3.509454 6.785676 1.980199 6.785676
-1 1418354430.331023 1.0 1.980199 3.0 6.846979 2.0 4.0 2.980199 1.0 2.0 4.881976 4.0 3.0 4.0
-1 1418354430.635215 1.0 1.980199 4.746857 7.631924 4.805477 7.708031 3.940988 0.0 2.882753 4.708031 2.825278 2.825278 2.825278
-1 1418354430.956900 1.940988 2.421212 4.940988 4.805869 2.845472 3.0 5.829725 2.940988 2.590293 5.766266 0.0 0.845472 0.0
-1 1418354431.210884 3.0 2.88429 0.0 0.0 0.0 3.0 2.88429 3.0 3.0 5.0 0.0 0.0 0.0
-1 1418354431.645850 3.862175 3.921187 4.980199 8.34719 3.0 3.0 5.340639 1.980199 5.862951 7.326972 3.0 3.0 3.0
-1 1418354432.009618 0.0 1.0 4.0 3.0 2.980199 3.0 1.0 0.0 3.0 3.790997 2.0 3.882753 2.0
-1 1418354432.286532 1.0 0.0 2.806645 1.88429 2.88429 3.88429 3.0 0.0 7.320702 6.614406 2.729762 2.88429 2.729762
-1 1418354432.631795 3.0 2.750309 10.45721 5.845472 3.0 2.0 10.206229 1.0 3.980199 4.0 7.82567 2.0 7.82567
-1 1418354433.010181 5.448389 3.585038 4.581994 4.347769 1.545688 1.0 11.195254 2.507401 6.218884 5.32071 1.0 1.940988 1.0
-1 1418354433.286438 0.0 1.980199 1.940988 1.0 1.0 2.0 2.0 0.0 1.0 3.940988 2.0 1.0 2.0
-1 1418354433.641312 1.0 2.0 3.0 2.0 3.0 3.0 3.0 1.0 3.0 3.0 3.980199 3.0 3.980199
-1 1418354433.896963 2.690943 1.690943 3.882753 3.940988 2.882753 3.940988 4.631931 1.0 13.421805 5.823741 4.735731 3.882753 4.735731
-1 1418354434.193131 1.0 0.0 4.922355 4.0 7.0 2.0 1.0 0.0 0.0 1.0 3.0 3.0 3.0
-1 1418354434.452268 2.0 1.0 3.980199 1.845472 1.0 3.0 2.695849 1.829815 2.0 4.980199 0.0 0.0 0.0
-1 1418354434.709994 3.960397 1.881976 0.50913 2.0 0.0 2.0 7.421413 0.0 6.842374 2.0 2.0 0.0 2.0
-1 1418354435.052507 1.980199 2.940988 2.922355 2.0 2.845472 2.0 2.940988 1.980199 1.980199 2.0 1.0 1.980199 1.0
-1 1418354435.295266 3.82567 1.980199 6.744151 4.0 4.0 6.940988 0.0 1.0 0.051918 4.940988 3.940988 6.0 3.940988
-1 1418354435.606661 4.0 8.556178 3.53716 5.519243 1.88429 4.825278 13.233121 3.750309 2.980199 4.70996 0.715651 1.0 0.715651
-1 1418354435.909963 4.862175 2.980199 2.980199 3.864489 2.0 1.88429 8.725126 4.862175 9.501333 2.825278 1.0 3.980199 1.0
-1 1418354436.271673 1.0 2.882753 0.0 2.0 4.661877 1.0 0.0 0.0 1.980199 0.0 2.940988 1.0 2.940988
-1 1418354436.712529 3.980199 3.980199 7.845472 8.960397 7.0 8.844687 7.789128 5.789128 2.980199 5.88429 6.0 8.980199 6.0
-1 1418354437.089572 0.0 0.0 2.980199 2.675287 1.0 2.940988 2.0 0.0 3.863343 5.678211 1.0 2.0 1.0
-1 1418354437.354796 1.0 3.960397 1.0 1.980199 0.0 1.940988 3.960397 0.0 2.921187 2.921187 1.980199 2.0 1.980199
-1 1418354437.750707 10.745704 8.862175 11.161994 3.980199 6.82567 11.786068 12.482987 9.745704 7.422144 13.628441 3.980199 4.0 3.980199
-1 1418354438.137458 1.0 0.0 5.594997 3.940988 2.376234 0.0 0.0 1.0 3.0 1.881976 3.0 0.0 3.0
-1 1418354438.386359 0.940988 0.0 5.073264 2.0 2.980199 2.0 1.0 0.0 3.921187 3.0 3.0 2.940988 3.0
-1 1418354438.743365 4.980199 2.0 4.63723 1.0 1.0 3.0 3.724032 2.980199 4.553624 6.309712 1.0 1.0 1.0
-1 1418354439.014738 0.940988 2.0 5.750309 1.0 2.0 1.0 4.881976 0.0 2.980199 1.0 5.660355 2.660355 5.660355
-1 1418354439.310118 1.0 1.0 0.0 0.0 2.0 0.940988 1.0 2.0 2.940988 2.0 2.750309 2.980199 2.750309
-1 1418354439.684890 3.921187 3.921187 4.960397 6.825278 4.881976 5.940988 2.921187 3.960397 2.980199 9.766266 3.766266 4.881976 3.766266
-1 1418354439.963264 0.0 2.0 0.0 1.881976 2.940988 1.0 2.0 1.0 0.0 1.980199 0.940988 2.0 0.940988
-1 1418354440.318635 1.0 0.0 3.940988 7.901385 3.0 6.70996 0.0 0.0 0.940988 8.431595 7.901385 5.940988 7.901385
-1 1418354440.775607 1.0 4.902554 1.0 2.882753 2.940988 2.0 4.683023 1.0 3.940988 5.166646 5.764729 3.88429 5.764729
-1 1418354441.156186 0.0 1.0 2.882753 4.0 1.0 2.0 4.274188 0.0 3.710706 4.960397 4.0 0.0 4.0
-1 1418354441.402100 0.0 0.0 0.0 0.0 1.0 2.881976 1.0 0.0 2.0 10.570598 1.0 1.0 1.0
-1 1418354441.800766 4.0 3.980199 3.921187 2.0 2.845472 4.583456 5.676048 5.0 4.0 6.940988 2.0 4.0 2.0
-1 1418354442.175634 1.0 1.0 4.657777 1.940988 2.0 1.0 2.37971 1.0 1.0 5.882753 1.940988 3.0 1.940988
-1 1418354442.442899 1.940988 0.0 1.829815 2.0 3.940988 3.0 0.0 0.0 0.0 2.0 3.0 4.0 3.0
-1 1418354442.769995 2.0 0.0 3.0 3.980199 1.0 2.0 1.940988 0.0 2.0 3.0 3.0 1.0 3.0
-1 1418354443.059506 2.0 2.0 6.960397 2.0 3.980199 3.980199 1.0 1.0 1.0 2.0 5.881976 3.980199 5.881976
-1 1418354443.376956 3.0 2.0 0.0 0.0 1.0 0.0 1.0 3.0 0.829815 0.0 1.0 0.0 1.0
-1 1418354443.828283 1.0 4.0 2.0 1.845472 1.0 1.0 4.82873 1.88429 1.0 4.659631 1.845472 1.0 1.845472
-1 1418354444.211963 1.0 0.0 0.0 0.940988 0.0 0.940988 3.980199 2.0 1.0 2.6043 2.0 4.578218 2.0
-1 1418354444.504187 0.0 2.0 2.980199 1.0 2.940988 1.0 0.0 0.0 2.980199 1.689893 2.0 4.822964 2.0
-1 1418354444.772143 1.0 2.0 5.823741 6.659453 9.540213 6.921187 5.863343 0.0 0.940988 8.823741 3.921187 7.540213 3.921187
-1 1418354445.087265 1.0 2.0 0.0 2.940988 0.0 2.0 3.0 0.0 0.0 4.0 1.0 0.940988 1.0
-1 1418354445.396316 0.0 1.0 1.0 3.0 2.0 1.0 2.431301 2.0 2.0 0.0 2.0 2.0 2.0
-1 1418354445.676718 2.940988 6.70993 2.980199 0.0 0.0 4.0 7.517352 2.940988 1.0 2.940988 0.0 0.0 0.0
-1 1418354445.976813 2.881976 3.881976 5.882753 2.0 2.922355 2.0 4.881976 2.881976 6.822964 6.634923 1.0 4.844711 1.0
-1 1418354446.364324 1.0 1.88429 1.0 2.0 2.0 3.0 2.0 2.980199 0.0 4.789128 3.882753 2.0 3.882753
-1 1418354446.765774 2.940988 1.980199 1.881976 0.0 3.765505 2.0 2.980199 4.980199 0.0 1.940988 2.0 0.940988 2.0
-1 1418354447.101661 7.636355 1.980199 6.940988 4.980199 0.88429 0.0 1.980199 1.980199 8.940596 3.0 3.980199 0.88429 3.980199
-1 1418354447.426880 3.370094 0.0 2.845472 4.805869 1.980199 4.881976 3.536769 0.0 1.0 7.872141 3.610486 0.0 3.610486
-1 1418354447.814428 3.765505 3.82567 2.0 2.0 0.0 5.881976 2.82567 1.980199 1.0 7.768165 3.0 2.980199 3.0
-1 1418354448.161169 1.0 1.0 3.78646 0.940988 1.0 1.0 1.940988 2.0 0.0 5.0 1.940988 1.0 1.940988
-1 1418354448.513769 1.0 0.0 2.88429 3.0 1.0 2.88429 0.0 0.0 1.940988 2.980199 6.881976 2.882753 6.881976
-1 1418354448.875707 1.940988 1.0 6.697689 3.0 2.0 1.0 3.845472 2.0 1.0 3.940988 4.78646 2.0 4.78646
-1 1418354449.162492 6.690905 3.0 3.715651 1.0 1.0 2.0 4.671142 5.789128 2.980199 4.634599 1.0 1.0 1.0
-1 1418354449.473079 0.0 0.0 1.88429 1.0 2.980199 1.0 0.0 0.0 1.0 0.0 1.0 2.0 1.0
-1 1418354449.947732 2.0 4.748779 4.0 1.0 1.0 2.0 5.748779 2.0 2.980199 2.0 2.0 1.940988 2.0
-1 1418354450.260328 1.0 2.0 3.0 2.0 0.940988 0.0 2.0 3.0 7.731593 4.881976 1.980199 0.0 1.980199
-1 1418354450.526420 0.0 1.980199 2.940988 1.0 9.862175 0.0 0.0 1.0 2.0 1.845472 4.863343 3.980199 4.863343
-1 1418354450.978737 3.0 6.0 5.710706 3.940988 0.0 2.0 3.0 1.0 2.940988 2.980199 1.980199 0.0 1.980199
-1 1418354451.285276 0.940988 1.827177 1.940988 5.921187 3.980199 3.980199 1.827177 1.0 2.750309 2.940988 2.940988 1.0 2.940988
-1 1418354451.522967 1.0 3.960397 3.0 11.687845 3.0 4.960397 5.921187 1.0 2.845472 7.803163 8.766658 3.0 8.766658
-1 1418354451.928563 0.0 3.980199 8.822964 2.881976 3.0 3.980199 4.940988 0.0 0.0 4.980199 4.881976 3.0 4.881976
-1 1418354452.193824 1.0 0.0 6.586599 6.863343 3.980199 1.500798 0.0 1.0 1.0 7.640887 2.940988 1.980199 2.940988
-1 1418354452.535733 6.960397 5.0 8.430481 6.506588 2.0 4.0 5.940988 5.960397 2.0 10.558421 8.129646 2.0 8.129646
-1 1418354452.951134 4.960397 2.980199 2.0 1.0 3.940988 4.0 2.980199 1.980199 2.980199 7.638006 4.881976 4.921187 4.881976
-1 1418354453.234536 3.0 1.980199 4.0 5.0 4.0 3.940988 2.695849 0.0 1.735731 3.0 3.0 4.0 3.0
-1 1418354453.567812 2.0 4.863343 6.785676 1.881976 0.0 3.764729 7.503173 1.0 0.0 3.882753 0.0 1.0 0.0
-1 1418354453.936825 3.881976 4.940988 3.980199 3.960397 3.960397 3.940988 5.940988 2.940988 3.940988 9.787967 3.0 3.0 3.0
-1 1418354454.218577 3.980199 2.0 2.940988 1.0 2.0 1.0 4.960397 2.980199 2.980199 2.980199 1.0 2.0 1.0
-1 1418354454.546338 7.863343 2.940988 2.881976 4.940988 1.0 4.980199 4.940988 7.940988 5.881976 2.980199 1.0 0.0 1.0
-1 1418354454.918476 1.0 1.0 2.0 3.960397 2.0 3.960397 1.0 1.0 1.845472 3.980199 1.980199 2.0 1.980199
-1 1418354455.222281 0.0 2.825278 5.960397 2.980199 3.980199 5.940988 5.921187 3.822964 0.940988 6.960397 2.0 3.980199 2.0
-1 1418354455.609191 0.0 1.0 1.980199 3.0 1.0 3.980199 2.0 1.0 0.0 4.737223 0.940988 0.0 0.940988
-1 1418354456.010182 4.0 3.0 4.0 5.0 5.0 4.0 5.0 1.0 1.980199 6.980199 2.0 5.980199 2.0
-1 1418354456.231712 0.0 2.0 0.0 2.0 2.980199 2.63723 2.0 1.0 5.0 4.63723 2.0 2.0 2.0
-1 1418354456.522230 0.0 0.0 6.862175 7.731593 7.862175 5.862951 0.0 0.0 1.0 3.862951 10.558024 5.940988 10.558024
-1 1418354456.761694 4.940988 3.470221 3.0 0.0 1.0 4.0 2.980199 1.0 4.980199 3.0 0.0 1.0 0.0
-1 1418354457.084787 2.702824 3.0 4.423279 1.0 1.0 1.0 10.024998 4.477552 5.940988 2.940988 1.0 1.940988 1.0
-1 1418354457.454190 2.0 3.0 4.061675 2.940988 0.0 3.663221 3.0 3.0 5.551317 4.881976 3.940988 0.0 3.940988
-1 1418354457.683921 1.494612 2.980199 0.0 0.0 0.0 1.0 3.0 0.0 0.940988 0.0 0.0 0.0 0.0
-1 1418354458.119131 3.0 0.0 0.0 1.0 2.0 2.0 1.0 0.0 2.0 2.980199 0.0 1.0 0.0
-1 1418354458.512788 3.0 2.0 2.940988 3.921187 1.940988 1.940988 2.0 2.0 5.0 3.505125 2.0 2.0 2.0
-1 1418354458.744611 4.0 5.882753 3.0 2.0 1.0 5.746857 4.0 3.0 4.0 7.805869 1.0 2.0 1.0
-1 1418354459.143971 1.0 2.980199 2.0 1.980199 0.0 1.882753 2.0 1.0 3.0 2.980199 0.0 0.0 0.0
-1 1418354459.524851 2.922355 1.882753 2.792519 2.0 3.0 0.0 2.882753 1.0 1.0 2.0 3.0 3.0 3.0
-1 1418354459.810238 0.0 0.940988 2.0 1.0 1.0 4.960397 1.0 0.0 0.940988 2.980199 3.7537 2.0 3.7537
-1 1418354460.158223 5.0 3.82567 3.980199 5.940988 2.980199 5.980199 2.675287 4.0 2.980199 9.901385 2.980199 1.0 2.980199
-1 1418354460.556076 4.0 4.0 3.980199 0.0 1.980199 0.0 6.940596 7.940596 5.0 0.940988 0.0 0.0 0.0
-1 1418354460.776060 2.0 0.0 1.660355 2.921187 4.902554 0.0 0.940988 2.980199 0.0 3.921187 0.940988 2.980199 0.940988
-1 1418354461.152610 4.581729 0.0 7.34609 2.0 3.862175 3.921187 1.207327 6.581729 0.0 3.921187 2.980199 4.862175 2.980199
-1 1418354461.485989 3.218067 4.748779 7.709568 3.940988 1.940988 3.0 8.959257 1.76858 1.76858 8.347182 9.76356 3.0 9.76356
-1 1418354461.742318 2.980199 4.862175 5.960397 1.0 1.0 1.0 1.0 3.619815 1.940988 5.822964 0.0 0.0 0.0
-1 1418354462.139501 4.882753 4.882753 7.561741 4.805869 3.921187 5.805477 6.882753 5.882753 2.882753 9.62961 8.668044 3.921187 8.668044
-1 1418354462.413282 2.829815 2.0 8.771195 7.86678 2.0 4.0 5.810014 2.0 2.0 7.750309 6.7537 2.0 6.7537
-1 1418354462.724661 3.0 2.0 5.194345 3.0 3.0 5.0 3.772718 2.0 2.0 6.940988 2.88429 5.0 2.88429
-1 1418354463.011642 2.0 0.0 1.0 1.881976 0.0 2.688907 2.940988 1.0 2.0 5.0 1.0 0.0 1.0
-1 1418354463.249659 1.0 1.0 2.980199 3.0 2.922355 1.0 2.88429 3.0 2.0 2.88429 1.86678 1.922355 1.86678
-1 1418354463.646239 1.0 1.0 2.0 2.922355 1.0 2.0 1.0 1.0 3.0 1.882753 1.0 0.0 1.0
-1 1418354463.899392 5.960397 1.0 1.940988 1.940988 2.0 4.0 1.521386 4.960397 4.940988 4.0 1.940988 3.882753 1.940988
-1 1418354464.267333 2.980199 3.980199 4.329882 3.0 1.0 1.940988 2.845472 2.881976 0.0 2.0 3.0 1.0 3.0
-1 1418354464.725567 3.0 2.0 6.805869 2.940988 3.940988 2.940988 2.0 1.0 3.0 4.807768 3.940988 3.827177 3.940988
-1 1418354465.001342 1.0 2.750309 0.0 1.980199 2.980199 4.805869 3.691297 1.0 3.789128 6.960397 2.82873 1.980199 2.82873
-1 1418354465.369712 3.0 4.960397 8.901385 4.0 5.0 1.0 6.940596 3.940988 3.0 4.922355 4.0 2.0 4.0
-1 1418354465.775669 0.0 0.0 4.980356 3.825278 2.882753 1.825278 1.940988 1.0 7.4356 4.825278 1.940988 2.882753 1.940988
-1 1418354466.021539 4.960397 1.940988 1.0 0.0 1.0 0.0 2.940988 1.0 4.0 3.980199 0.0 1.980199 0.0
-1 1418354466.377596 7.212016 2.881976 1.0 0.940988 1.0 1.0 9.192214 10.689448 6.611738 1.940988 2.0 3.82567 2.0
-1 1418354466.804220 0.0 0.0 1.0 2.690943 1.78646 1.845472 0.0 2.980199 3.980199 1.845472 3.805869 1.845472 3.805869
-1 1418354467.008179 1.0 1.0 5.980199 7.902554 5.0 1.922355 1.503337 1.0 2.0 6.845472 5.980199 3.0 5.980199
-1 1418354467.377742 3.0 2.980199 4.980199 2.980199 3.0 7.921187 1.0 1.0 1.0 7.960397 2.980199 3.88429 2.980199
-1 1418354467.637083 4.0 2.0 0.88429 1.825278 1.88429 5.631147 1.0 3.0 3.0 2.882753 0.940988 1.88429 0.940988
-1 1418354467.903587 2.0 2.0 2.980199 6.738776 4.0 4.980199 2.0 1.0 6.765505 9.881584 3.0 2.0 3.0
-1 1418354468.195672 4.980199 3.980199 3.827177 2.845472 2.0 5.845472 2.980199 2.980199 2.980199 3.0 4.0 2.0 4.0
-1 1418354468.433362 2.921187 4.862951 3.921187 5.634599 4.940988 4.673418 4.862951 2.921187 3.921187 8.552726 1.88429 2.0 1.88429
-1 1418354468.783279 3.0 3.0 1.0 1.980199 1.0 1.940988 2.0 2.0 3.599941 1.0 3.922355 2.0 3.922355
-1 1418354469.073173 1.0 0.0 2.0 1.0 1.0 2.0 1.0 1.0 6.0 6.0 2.940988 1.0 2.940988
-1 1418354469.420213 1.845472 1.0 2.921187 3.940988 2.940988 2.921187 1.0 1.0 2.845472 3.921187 4.902554 2.940988 4.902554
-1 1418354469.770185 5.655757 1.940988 2.940988 1.0 2.0 1.0 5.727448 5.763952 4.487207 3.78646 0.940988 1.0 0.940988
-1 1418354470.012366 2.0 4.0 2.980199 3.0 2.0 2.0 4.0 2.0 2.0 3.825278 5.980199 1.0 5.980199
-1 1418354470.337519 4.0 7.881976 1.0 3.940988 1.940988 5.862175 3.881976 4.0 0.0 7.441546 1.940988 1.940988 1.940988
-1 1418354470.637042 2.881976 2.0 5.862175 4.980199 2.980199 2.0 1.980199 1.940988 1.0 3.864489 3.980199 5.921187 3.980199
-1 1418354470.942105 1.845472 2.845472 5.765505 4.881976 8.706493 7.319129 9.518912 1.845472 2.845472 7.765505 2.940988 5.765505 2.940988
-1 1418354471.273764 1.0 1.0 1.940988 7.384908 1.88429 3.0 5.0 0.0 2.0 7.843542 2.0 3.825278 2.0
-1 1418354471.550877 1.0 2.0 6.862951 4.882753 5.882753 7.710706 6.126897 1.0 3.0 4.710706 2.882753 9.690905 2.882753
-1 1418354471.894931 1.922355 0.0 5.0 5.980199 3.0 4.960397 5.663221 1.922355 1.88429 4.960397 3.940988 3.980199 3.940988
-1 1418354472.138273 1.0 3.0 3.0 1.940988 1.0 1.940988 6.0 1.0 2.0 1.0 2.0 1.0 2.0
-1 1418354472.543939 3.0 4.0 1.0 1.0 1.940988 2.980199 2.0 3.0 5.960397 2.980199 0.0 2.940988 0.0
-1 1418354472.935027 2.0 0.0 1.0 4.766266 2.980199 2.0 5.881976 2.0 1.922355 4.862175 3.822964 2.980199 3.822964
-1 1418354473.171175 2.0 4.882753 3.715651 3.921187 0.0 0.940988 3.823741 0.790997 1.0 3.921187 3.921187 1.0 3.921187
-1 1418354473.508696 2.980199 0.940988 2.881976 1.0 1.0 1.0 3.382712 1.0 6.0 1.0 1.0 1.0 1.0
-1 1418354473.963539 1.0 1.922355 2.0 3.0 1.0 4.0 1.940988 1.0 3.0 5.0 3.0 2.0 3.0
-1 1418354474.277559 2.0 4.0 2.0 2.0 0.0 2.940988 5.960397 4.0 1.0 2.940988 2.0 1.0 2.0
-1 1418354474.580479 0.0 2.980199 2.0 4.805869 2.0 1.0 3.0 1.0 2.730116 1.0 2.0 1.0 2.0
-1 1418354474.981653 1.0 1.0 1.0 7.461195 1.980199 8.920795 0.0 1.0 2.980199 11.960397 5.960397 2.921187 5.960397
-1 1418354475.287621 2.823741 2.0 1.0 1.0 1.0 2.0 4.882753 1.882753 2.0 3.0 1.498582 1.0 1.498582
-1 1418354475.598894 1.882753 4.862951 0.0 0.0 1.0 1.0 3.980199 3.882753 3.393826 0.0 1.0 1.0 1.0
-1 1418354475.913850 0.0 1.0 1.940988 0.940988 0.0 0.940988 0.0 0.0 3.0 7.329303 3.940988 0.940988 3.940988
-1 1418354476.244814 1.0 4.960397 1.0 1.0 1.0 1.0 5.960397 0.0 7.033169 1.881976 2.0 0.0 2.0
-1 1418354476.591510 3.91435 3.0 4.0 2.980199 4.921187 2.0 4.0 1.0 3.881976 2.0 3.0 3.940988 3.0
-1 1418354476.990661 0.0 1.0 5.902554 3.0 6.862951 2.980199 1.0 0.0 1.980199 3.940988 1.0 1.980199 1.0
-1 1418354477.271685 1.0 1.940988 2.940988 4.940988 2.0 5.0 1.881976 0.0 0.0 10.881976 6.921187 3.0 6.921187
-1 1418354477.582218 0.0 3.0 2.0 2.0 2.0 2.0 2.0 0.940988 1.0 2.0 1.0 3.0 1.0
-1 1418354477.943249 0.0 0.0 8.823741 0.0 4.980199 0.0 1.503337 1.7537 0.0 0.0 0.0 1.0 0.0
-1 1418354478.318762 0.88429 2.845472 6.747241 2.882753 4.67188 5.862951 7.404937 0.88429 1.82873 3.862951 2.882753 2.882753 2.882753
-1 1418354478.661125 1.940988 2.0 4.0 2.0 2.0 2.0 4.882753 1.0 1.980199 3.0 5.0 3.0 5.0
-1 1418354478.961711 0.0 4.728224 4.0 0.940988 0.571144 2.921187 4.728224 0.0 0.0 4.940988 1.0 2.940988 1.0
-1 1418354479.203517 0.0 0.940988 5.0 6.0 5.805869 4.0 1.940988 0.0 3.0 6.0 2.980199 4.0 2.980199
-1 1418354479.548158 0.940988 6.611738 3.0 3.0 4.0 6.980199 7.611738 3.0 2.0 7.921187 2.0 4.0 2.0
-1 1418354479.877475 2.515214 1.0 2.940988 1.0 6.290279 1.0 3.980199 0.845472 1.845472 0.0 1.0 3.563322 1.0
-1 1418354480.218641 2.0 2.0 0.940988 1.940988 2.881976 1.881976 1.0 2.0 6.559585 1.881976 0.940988 1.881976 0.940988
-1 1418354480.644670 3.921187 0.0 4.882753 2.0 0.0 1.0 4.093999 2.921187 2.940988 4.0 2.0 1.940988 2.0
-1 1418354480.995738 0.940988 0.0 6.772718 3.88429 1.980199 5.940596 0.0 0.0 3.960397 5.681678 3.88429 0.0 3.88429
-1 1418354481.271389 9.611738 2.0 1.0 1.0 1.0 3.980199 3.0 5.690943 3.0 2.0 0.0 1.0 0.0
-1 1418354481.645984 0.0 0.0 2.0 2.0 2.0 1.0 3.862175 1.881976 0.0 5.0 2.0 2.921187 2.0
-1 1418354482.061889 0.0 0.940988 3.807768 1.0 2.980199 1.82873 1.940988 0.940988 2.0 1.0 2.0 2.88429 2.0
-1 1418354482.309729 1.0 3.807768 1.940988 3.881976 2.0 1.0 4.748756 0.0 1.845472 2.881976 2.940988 2.0 2.940988
-1 1418354482.649702 1.0 1.0 3.82567 2.0 1.980199 3.980199 3.921187 2.980199 1.980199 5.775623 3.0 3.0 3.0
-1 1418354483.078705 3.0 5.882753 3.0 2.0 2.0 2.0 6.882753 3.0 3.922355 4.922355 2.0 2.0 2.0
-1 1418354483.365978 4.806645 7.769326 7.803939 0.0 0.0 0.0 4.462973 3.88429 3.88429 1.940988 1.882753 1.980199 1.882753
-1 1418354483.712820 1.980199 0.88429 5.710706 2.690943 2.0 2.0 1.88429 0.0 4.845472 4.0 2.0 2.0 2.0
-1 1418354484.119885 1.0 0.0 4.901385 2.980199 2.980199 4.980199 0.0 1.0 1.0 5.980199 2.980199 2.0 2.980199
-1 1418354484.356936 1.0 2.921187 4.881976 2.940988 1.940988 1.940988 6.803939 0.0 1.0 2.882753 5.823741 4.862175 5.823741
-1 1418354484.720532 1.0 2.0 2.980199 7.335345 6.862951 4.766658 3.0 1.0 1.0 6.730508 5.374947 4.921187 5.374947
-1 1418354484.989075 3.960397 6.428588 1.86678 0.845472 0.940988 4.677112 6.167304 2.980199 5.980199 4.492477 0.0 1.0 0.0
-1 1418354485.264981 2.0 1.940988 5.805869 2.0 1.136662 1.940988 2.940988 2.0 3.0 1.940988 1.0 0.0 1.0
-1 1418354485.656917 2.0 1.940988 7.940988 5.940988 5.980199 7.862175 3.940988 4.0 3.311649 4.980199 4.0 6.0 4.0
-1 1418354485.925220 2.0 5.960397 3.0 3.882753 4.0 4.0 7.940596 1.0 1.0 3.0 4.823741 4.0 4.823741
-1 1418354486.294476 1.0 3.940988 3.980199 2.980199 1.0 1.0 3.882753 1.0 1.0 1.0 0.0 1.0 0.0
-1 1418354486.638133 4.980199 4.882753 4.960397 1.0 2.0 1.0 2.980199 5.940988 5.663312 2.0 0.0 2.0 0.0
-1 1418354486.946857 1.0 2.027288 2.980199 4.672649 1.0 0.0 1.940988 1.980199 0.940988 2.690943 3.921187 1.0 3.921187
-1 1418354487.285134 1.829815 1.0 2.0 3.0 0.0 1.0 3.0 3.0 3.0 2.0 1.0 0.0 1.0
-1 1418354487.641870 2.940988 0.940988 7.862175 3.825278 0.940988 3.881976 4.746857 1.940988 4.921187 8.499012 4.881976 2.0 4.881976
-1 1418354487.985874 2.0 7.862175 3.960397 4.786068 2.864489 2.88429 4.0 3.980199 5.846979 9.442314 5.670358 2.980199 5.670358
-1 1418354488.330361 3.0 1.0 2.940988 0.0 1.980199 2.0 5.940988 3.0 2.980199 4.882753 0.940988 1.940988 0.940988
-1 1418354488.621637 3.940988 5.921187 6.842374 4.980199 3.881976 9.842374 8.766658 4.940988 3.0 5.881976 4.980199 3.881976 4.980199
-1 1418354488.865900 4.750309 0.0 4.862951 5.980199 0.0 4.767827 2.940988 2.845472 2.0 7.748026 2.980199 0.0 2.980199
-1 1418354489.215993 4.613299 1.0 4.0 5.0 2.0 4.0 7.690943 4.690943 1.0 6.960397 3.0 3.0 3.0
-1 1418354489.451437 1.0 0.0 1.0 1.0 1.0 1.980199 2.57545 2.827177 0.940988 5.980199 1.0 2.0 1.0
-1 1418354489.832434 4.980199 3.980199 6.0 3.980199 3.88429 5.0 4.980199 3.980199 5.776826 7.862175 2.0 2.0 2.0
-1 1418354490.180178 3.823741 2.881976 1.0 3.980199 1.0 1.0 1.940988 5.768165 6.263178 3.921187 2.0 1.0 2.0
-1 1418354490.456603 1.0 1.0 0.0 0.7537 0.0 0.0 1.0 2.0 0.845472 0.0 0.0 0.0 0.0
-1 1418354490.749314 1.980199 4.881976 7.980199 3.0 5.0 5.0 5.754372 1.980199 0.0 4.0 4.0 4.0 4.0
-1 1418354491.070545 2.0 4.491805 2.940988 2.585038 3.0 1.0 5.452203 3.0 4.922355 1.690943 0.0 2.0 0.0
-1 1418354491.354103 1.0 3.902554 4.980199 1.0 1.980199 0.0 1.0 1.0 1.0 5.902554 3.0 1.0 3.0
-1 1418354491.669211 4.0 3.0 0.0 0.0 1.0 4.0 3.0 3.0 2.501679 4.921187 0.940988 0.0 0.940988
-1 1418354491.924066 3.980199 4.980199 4.864489 3.88429 1.88429 6.864489 3.980199 4.980199 4.980199 4.829815 0.0 1.940988 0.0
-1 1418354492.313467 2.0 1.88429 2.863715 1.0 5.921187 2.0 1.88429 2.0 2.0 1.0 1.0 2.0 1.0
-1 1418354492.626327 3.0 2.70148 4.78646 3.825278 0.0 1.0 5.980199 2.0 1.0 0.0 2.940988 0.940988 2.940988
-1 1418354492.925011 3.733507 1.940988 2.699174 0.0 1.88429 1.0 10.264646 6.694689 4.863343 1.88429 4.0 4.864489 4.0
-1 1418354493.309549 3.0 2.980199 2.0 1.980199 3.882753 1.980199 2.980199 3.980199 2.0 2.0 3.882753 2.882753 3.882753
-1 1418354493.619947 1.940988 3.0 2.690943 1.0 0.0 3.940988 2.0 0.0 2.922355 4.790997 1.0 3.0 1.0
-1 1418354493.958653 1.0 1.0 2.940988 3.940988 2.78646 4.78646 2.921187 1.0 0.0 4.78646 3.980199 3.940988 3.980199
-1 1418354494.361328 2.940988 2.0 5.881976 2.940988 2.823741 3.70993 1.940988 1.940988 1.0 4.651695 3.823741 1.881976 3.823741
-1 1418354494.643836 1.0 1.980199 3.576665 0.0 1.0 0.0 0.0 1.0 2.773781 0.0 0.0 1.0 0.0
-1 1418354494.933468 2.921187 3.0 3.0 4.825278 1.0 4.960397 1.940988 2.921187 3.902554 3.960397 3.0 1.0 3.0
-1 1418354495.325256 0.0 0.0 5.980199 3.0 3.882753 1.0 4.254475 0.0 1.0 4.591446 2.0 2.940988 2.0
-1 1418354495.597689 2.0 0.0 1.0 1.0 1.0 2.0 1.0 3.0 1.0 3.770803 3.0 1.0 3.0
-1 1418354495.938857 5.727448 2.845472 3.0 4.661877 3.0 4.921187 6.82567 2.78646 2.78646 6.604654 4.0 3.0 4.0
-1 1418354496.307288 2.980199 5.746465 5.980199 1.940988 0.940988 1.940988 5.766266 5.803163 5.385847 2.0 0.0 0.0 0.0
-1 1418354496.567388 5.940596 4.0 2.940988 1.0 2.0 2.0 6.980199 2.980199 1.0 2.0 1.0 2.940988 1.0
-1 1418354496.906484 6.806645 7.882753 7.494612 6.0 7.922355 12.807768 7.882753 4.902554 4.902554 9.846979 9.881976 7.922355 9.881976
-1 1418354497.290760 7.692382 2.0 0.0 1.0 0.0 2.0 7.862951 6.882753 1.0 1.0 4.587875 1.661877 4.587875
-1 1418354497.559204 0.0 0.0 4.7537 3.0 1.0 3.0 8.577899 0.0 3.0 2.940988 2.0 5.193006 2.0
-1 1418354497.933817 2.0 4.980199 3.206675 4.940988 2.0 2.0 10.817415 3.0 2.882753 2.0 3.0 1.0 3.0
-1 1418354498.336036 1.980199 1.792519 2.0 0.0 1.940988 3.940988 1.792519 1.980199 4.980199 4.921187 2.940988 2.731985 2.940988
-1 1418354498.602008 1.0 3.339866 2.62897 2.0 0.0 1.74018 5.300263 0.0 2.0 9.840918 2.7537 0.0 2.7537
-1 1418354498.966805 1.980199 2.921187 4.0 3.0 1.0 4.940988 8.96728 1.980199 3.980199 5.0 3.940988 1.0 3.940988
-1 1418354499.320727 2.0 4.940988 4.0 10.960397 7.0 5.0 6.881976 3.0 3.921187 7.940988 5.0 7.0 5.0
-1 1418354499.607236 4.960397 4.960397 4.980199 2.940988 3.0 1.940988 1.0 4.960397 1.0 1.0 1.940988 1.0 1.940988
-1 1418354499.891817 4.0 2.578683 6.526248 2.980199 2.0 1.0 7.332531 4.0 4.922355 5.960397 4.921187 1.0 4.921187
-1 1418354500.142629 5.696913 3.456062 4.921187 3.921187 1.940988 8.068077 5.474302 1.0 3.980199 9.921229 7.789128 4.656639 7.789128
-1 1418354500.461440 1.88429 1.940988 8.640554 2.0 3.82567 3.0 7.00238 2.735731 0.0 2.0 1.940988 2.82567 1.940988
-1 1418354500.754397 3.0 1.0 7.545288 3.845472 2.980199 3.0 2.0 2.0 4.863343 2.0 3.845472 2.980199 3.845472
-1 1418354501.076482 8.86678 18.861245 5.902554 2.702824 1.0 4.845472 9.7547 8.82873 5.0 6.922355 2.0 1.0 2.0
-1 1418354501.453105 2.0 1.0 3.0 2.0 0.0 2.0 1.0 2.980199 2.0 3.0 1.845472 1.940988 1.845472
-1 1418354501.707341 4.881976 1.881976 3.0 3.845472 1.0 3.845472 2.881976 2.881976 2.940988 5.301289 4.845472 2.0 4.845472
-1 1418354502.042551 0.0 5.78453 2.0 1.0 2.0 1.0 2.0 0.940988 2.82873 1.0 1.0 2.0 1.0
-1 1418354502.416253 7.862175 4.844711 3.940988 0.0 1.0 0.940988 7.63723 5.738776 8.653172 0.0 1.980199 1.0 1.980199
-1 1418354502.654523 0.0 0.0 0.0 1.882753 2.881976 1.0 1.0 0.0 1.0 1.940988 0.0 2.980199 0.0
-1 1418354503.108375 2.882753 2.882753 1.0 1.0 6.805869 7.862951 1.0 2.882753 2.0 6.864489 1.0 4.0 1.0
-1 1418354503.567977 5.881976 5.881976 2.0 5.0 4.882753 1.0 5.881976 6.881976 5.881976 5.653942 4.0 1.0 4.0
-1 1418354503.943048 1.88429 2.940988 5.751394 5.862951 8.17575 3.980199 3.882753 1.0 4.825278 7.940596 1.940988 3.0 1.940988
-1 1418354504.238297 2.0 3.0 2.0 1.940988 1.0 1.0 3.0 1.0 1.0 0.0 0.0 1.0 0.0
-1 1418354504.576554 1.0 1.940988 3.940988 1.0 1.940988 0.0 1.0 1.0 1.881976 1.0 1.0 1.940988 1.0
-1 1418354504.972806 1.940988 3.82567 1.0 2.0 1.0 2.980199 2.980199 1.940988 5.731985 2.980199 2.0 2.0 2.0
-1 1418354505.316610 1.0 2.0 5.940988 4.921187 2.980199 5.862175 2.0 0.0 1.507401 4.921187 4.881976 2.980199 4.881976
-1 1418354505.608052 3.980199 3.654059 3.0 2.940988 2.980199 3.0 7.632285 4.921187 2.940988 3.0 2.0 2.980199 2.0
-1 1418354505.961632 4.728224 4.708423 3.0 1.610575 2.0 4.902554 7.853694 5.728224 7.70993 5.862951 1.733507 1.0 1.733507
-1 1418354506.287626 2.940988 3.522982 1.0 5.940988 1.940988 3.940988 4.522982 2.940988 0.0 6.28376 0.0 2.0 0.0
-1 1418354506.630459 2.0 1.980199 2.980199 0.0 2.0 1.0 3.361835 1.0 3.960397 1.88429 6.710706 2.0 6.710706
-1 1418354507.012618 2.922355 4.845472 3.881976 1.940988 3.337106 2.845472 4.921187 4.711483 2.980199 3.82567 3.825278 3.845472 3.825278
-1 1418354507.267392 2.0 5.766266 7.882753 3.0 3.0 7.731985 7.766266 1.0 4.0 4.980199 3.980199 3.960397 3.980199
-1 1418354507.586666 2.0 2.0 2.940988 1.980199 2.0 1.0 2.0 2.940988 1.0 2.0 1.0 3.0 1.0
-1 1418354507.848176 0.940988 1.0 4.0 2.0 4.0 3.0 4.575587 0.0 2.940988 5.0 3.0 4.0 3.0
-1 1418354508.308441 1.0 2.0 3.862951 0.940988 1.940988 2.881976 7.658802 1.0 1.776826 7.822964 1.940988 4.921187 1.940988
-1 1418354508.606156 2.762081 2.647871 1.0 1.0 1.980199 3.980199 0.0 1.74018 4.0 5.0 0.0 2.0 0.0
-1 1418354508.879962 2.82567 3.695849 2.940988 2.940988 5.65746 2.940988 2.980199 1.845472 1.0 5.824909 4.960397 4.0 4.960397
-1 1418354509.146773 2.0 1.940988 2.0 1.980199 0.0 1.0 0.940988 1.0 1.0 2.0 0.940988 1.0 0.940988
-1 1418354509.428102 1.0 1.0 1.0 1.0 0.0 0.0 2.0 0.0 0.790997 0.845472 0.0 0.0 0.0
-1 1418354509.725696 1.0 1.0 2.0 0.0 2.980199 3.0 1.0 1.0 1.0 6.862951 1.980199 1.0 1.980199
-1 1418354510.083458 1.980199 2.980199 3.921187 1.882753 0.0 3.823741 3.980199 2.980199 4.980199 6.881976 1.940988 0.0 1.940988
-1 1418354510.397262 0.88429 1.0 3.0 3.0 8.0 6.0 1.0 0.0 0.940988 4.82873 2.922355 5.86678 2.922355
-1 1418354510.760883 0.0 0.940988 3.0 3.864489 2.0 0.0 1.0 0.0 1.940988 3.728224 2.0 2.845472 2.0
-1 1418354511.123697 1.0 6.678211 3.940988 4.0 3.0 4.0 10.99079 6.209729 5.827177 4.940988 5.0 5.0 5.0
-1 1418354511.445680 0.0 0.0 1.940988 3.78646 2.0 2.0 3.714098 0.0 2.881976 2.0 1.0 1.0 1.0
-1 1418354511.757516 1.0 1.0 1.0 0.940988 1.78646 1.980199 1.0 1.0 3.78646 1.0 1.940988 0.0 1.940988
-1 1418354512.138273 1.0 2.940988 2.0 3.544254 4.0 2.922355 3.980199 3.0 2.940988 4.882753 3.583073 3.0 3.583073
-1 1418354512.463316 0.0 0.0 1.0 1.0 2.0 0.940988 3.980199 1.0 2.0 1.980199 2.845472 2.0 2.845472
-1 1418354512.794949 1.0 1.792519 3.960397 0.0 5.845472 2.0 0.0 1.0 1.0 4.82873 0.0 4.0 0.0
-1 1418354513.190166 1.0 1.0 5.980199 3.0 4.581994 6.960397 1.940988 1.980199 6.025277 5.980199 5.82567 3.0 5.82567
-1 1418354513.515693 8.651695 1.825278 2.921187 5.980199 2.88429 3.0 1.940988 6.730116 5.750309 4.862175 5.960397 1.88429 5.960397
-1 1418354513.798630 2.0 2.980199 11.029451 3.980199 3.870492 2.0 2.980199 1.0 2.0 3.0 8.492698 3.0 8.492698
-1 1418354514.202322 1.0 3.0 0.0 1.0 0.940988 2.881976 6.791191 1.0 1.0 4.940988 1.0 2.980199 1.0
-1 1418354514.524357 1.882753 0.0 7.620752 3.980199 0.0 0.0 1.0 5.651341 3.863343 1.0 2.0 0.0 2.0
-1 1418354514.861438 1.940988 2.940988 1.271722 2.0 1.0 1.0 4.694296 2.882753 1.0 1.0 1.980199 1.0 1.980199
-1 1418354515.289007 3.477316 12.398111 2.0 2.0 2.980199 2.0 11.398111 7.398111 3.25794 3.881976 3.980199 2.0 3.980199
-1 1418354515.662457 2.940988 2.940988 5.0 1.0 5.0 1.0 4.714098 5.578889 7.687861 2.7537 2.882753 5.82873 2.882753
-1 1418354515.905981 4.980199 3.86678 3.608776 1.0 0.790997 0.0 3.411034 5.846979 3.0 3.980199 2.0 0.790997 2.0
-1 1418354516.263698 5.940988 7.901385 3.0 3.0 2.0 4.0 9.006305 6.901385 6.901385 4.82873 2.0 2.0 2.0
