-1 1418346998.503611 2.0 3.0 9.372289 3.659631 1.881976 2.600619 3.0 3.980199 3.0 3.0 1.0 0.940988 1.0
-1 1418346998.754728 7.727056 5.728224 3.980199 2.0 3.0 3.940988 9.591937 8.996649 2.0 5.696521 1.0 1.0 1.0
-1 1418346998.994731 2.0 4.881976 4.131343 2.881976 2.881976 1.881976 3.881976 2.0 3.960397 3.881976 2.881976 1.881976 2.881976
-1 1418346999.237219 1.980199 2.922355 5.980199 6.921187 5.0 5.940988 4.980199 3.960397 5.721841 5.980199 6.980199 5.0 6.980199
-1 1418346999.658005 2.0 2.940988 3.980199 5.960397 3.940988 2.940988 4.940988 2.0 2.0 3.980199 4.881976 2.0 4.881976
-1 1418346999.940994 2.7537 1.0 1.0 5.823741 2.0 3.882753 3.940988 3.0 3.0 2.940988 4.881976 2.0 4.881976
-1 1418347000.169257 5.674887 4.773781 4.940988 6.881976 5.0 3.881976 3.940988 2.0 2.0 3.881976 4.881976 3.0 4.881976
-1 1418347000.440022 5.863343 3.940988 5.54016 2.0 1.0 1.0 6.862951 3.827177 2.980199 1.882753 0.0 0.0 0.0
-1 1418347000.783450 1.0 5.960397 3.715651 2.881976 2.0 5.672973 7.960397 3.0 4.0 6.578218 4.711792 2.0 4.711792
-1 1418347001.052317 3.940988 4.864489 4.58271 1.0 0.0 3.790997 3.881976 1.940988 2.940988 2.845472 2.0 1.0 2.0
-1 1418347001.495946 2.940988 0.845472 7.727056 4.980199 3.980199 6.901385 2.86678 2.940988 5.545288 5.980199 3.921187 2.0 3.921187
-1 1418347001.804325 0.669362 0.078724 4.980199 5.980199 5.980199 5.980199 2.096026 0.078724 6.69794 2.0 3.645334 2.0 3.645334
-1 1418347002.117991 0.0 2.0 3.631931 3.0 1.0 1.0 3.0 0.0 2.88429 2.980199 2.0 2.0 2.0
-1 1418347002.395950 7.227085 3.414116 1.0 1.694689 1.78646 0.940988 2.980199 5.642076 4.634258 3.940988 0.0 0.940988 0.0
-1 1418347002.773436 1.0 4.881976 0.940988 0.0 1.0 2.0 5.822964 5.319053 2.737223 8.962389 1.829815 2.0 1.829815
-1 1418347003.017850 0.0 1.0 3.940988 1.0 0.845472 1.0 1.0 0.0 4.823741 2.805869 1.980199 0.0 1.980199
-1 1418347003.373592 7.80944 7.901385 7.902554 6.0 3.0 6.0 5.960397 6.980199 4.980199 8.578263 9.862175 2.0 9.862175
-1 1418347003.810708 2.642468 3.777772 5.202554 7.635285 1.980199 3.921187 5.648283 0.0 4.940988 8.446407 4.618189 1.980199 4.618189
-1 1418347004.096883 1.0 1.0 3.862175 3.881976 1.881976 2.881976 1.0 1.0 1.0 4.766266 3.881976 2.881976 3.881976
-1 1418347004.549187 1.940988 1.940988 3.751394 4.882753 0.0 2.882753 5.827177 4.863343 1.940988 4.479832 1.0 2.0 1.0
-1 1418347004.825969 0.0 6.910571 3.960397 0.940988 2.980199 2.0 7.274459 2.82873 4.545406 2.462973 1.940988 2.980199 1.940988
-1 1418347005.123553 3.882753 4.0 6.980199 1.0 3.0 2.715651 5.823741 4.882753 3.882753 2.0 4.0 3.0 4.0
-1 1418347005.550168 5.25827 3.960397 2.0 5.0 5.0 5.0 5.637126 3.656927 3.862951 7.0 4.0 3.715651 4.0
-1 1418347005.853359 5.435853 1.88429 3.805869 6.688622 3.882753 7.66882 3.805869 6.691666 5.542828 3.746857 3.882753 5.882753 3.882753
-1 1418347006.138225 0.0 4.980199 1.0 10.766266 4.921187 4.827177 2.940988 2.940988 2.271043 6.805869 2.845472 3.0 2.845472
-1 1418347006.650812 3.940988 5.392848 8.862175 4.960397 3.0 6.960397 1.0 3.940988 2.940988 8.546064 5.960397 3.0 5.960397
-1 1418347006.916343 2.789128 2.980199 3.940988 1.0 2.0 1.0 4.881976 2.789128 2.940988 3.0 0.0 2.0 0.0
-1 1418347007.209176 2.882753 1.0 4.960397 3.980199 6.980199 3.980199 5.822964 2.882753 2.0 10.940596 2.0 5.980199 2.0
-1 1418347007.476566 1.0 2.0 4.790997 2.0 1.0 1.0 3.0 0.0 1.845472 2.845472 3.0 1.0 3.0
-1 1418347007.814283 0.0 1.0 2.980199 4.980199 3.980199 5.960397 3.0 1.0 1.609053 3.980199 1.0 1.0 1.0
-1 1418347008.096610 1.925214 2.882753 1.813384 1.980199 4.960397 2.0 3.805869 1.0 2.980199 4.940988 1.940988 1.922355 1.940988
-1 1418347008.594230 4.921187 5.0 11.518814 5.922355 3.0 3.0 4.0 5.940988 5.940988 3.0 4.0 3.940988 4.0
-1 1418347008.876823 2.0 6.70148 4.864489 3.0 1.0 6.0 6.70148 2.0 1.940988 4.0 4.559097 1.0 4.559097
-1 1418347009.181655 3.980199 7.921187 4.922355 3.0 3.0 3.980199 5.980199 4.980199 3.980199 6.921187 2.940988 2.0 2.940988
-1 1418347009.681537 5.0 1.980199 3.980199 7.862175 6.940596 4.862175 5.980199 4.0 2.0 2.0 2.0 7.772718 2.0
-1 1418347009.918694 9.450442 2.882753 2.88429 3.0 2.845472 0.0 3.805869 10.683124 3.921187 1.88429 2.88429 1.0 2.88429
-1 1418347010.255959 0.0 1.0 2.980199 4.980199 0.0 0.940988 3.0 0.0 1.940988 5.790997 3.845472 1.0 3.845472
-1 1418347010.505264 2.881976 0.940988 4.980199 2.0 3.980199 2.0 0.940988 3.882753 5.823741 2.940988 1.0 3.823741 1.0
-1 1418347010.849752 0.0 1.0 7.827177 0.0 3.0 2.980199 2.0 0.0 0.940988 8.952804 1.980199 3.0 1.980199
-1 1418347011.129603 3.0 4.0 7.713759 3.0 3.0 4.0 5.980199 3.940988 4.0 7.59324 3.0 3.0 3.0
-1 1418347011.485761 5.960397 3.921187 3.940988 2.940988 2.940988 2.881976 9.822572 5.960397 8.748779 3.881976 1.940988 2.940988 1.940988
-1 1418347011.827370 7.605498 0.0 3.0 4.805108 4.792519 1.0 0.197771 1.0 0.158594 4.882753 3.864489 3.0 3.864489
-1 1418347012.060047 6.608276 4.940988 7.613589 3.960397 0.940988 2.921187 2.940988 3.922355 3.882753 7.901385 2.980199 0.0 2.980199
-1 1418347012.423763 4.980199 4.0 0.0 0.0 1.980199 0.0 4.755533 3.0 4.88429 0.0 0.0 0.0 0.0
-1 1418347012.784798 0.0 0.45789 5.0 7.844711 5.0 8.767066 2.0 0.0 1.0 4.922355 4.0 6.940988 4.0
-1 1418347013.036706 3.881976 0.409213 2.0 2.0 1.0 0.0 3.974193 13.677636 2.0 3.882753 2.0 0.0 2.0
-1 1418347013.313452 1.0 2.0 6.805869 1.940988 1.0 1.462748 5.829815 9.379666 3.0 2.627478 6.921187 1.0 6.921187
-1 1418347013.634713 7.492698 7.406389 4.940988 3.0 3.940988 2.0 0.59092 5.571119 5.492698 4.358792 2.0 4.863343 2.0
-1 1418347013.938261 4.960397 3.922355 4.827177 7.692382 2.980199 3.940988 5.407936 5.328643 3.0 5.586983 2.0 3.921187 2.0
-1 1418347014.222290 6.921187 4.0 1.0 1.940988 3.862951 3.694689 5.277457 4.980199 3.940988 3.442683 1.0 1.0 1.0
-1 1418347014.603404 0.0 1.0 3.940988 2.539616 3.980199 2.980199 0.940988 0.0 2.0 8.099906 1.0 3.0 1.0
-1 1418347014.915108 3.0 5.980199 4.940988 4.844711 0.0 2.0 5.88429 4.980199 2.0 7.785699 4.844711 1.940988 4.844711
-1 1418347015.177291 2.46424 5.174946 4.862175 4.862175 4.881976 4.862175 3.289518 0.0 1.46424 8.607162 2.881976 3.881976 2.881976
-1 1418347015.468373 0.940988 1.0 1.0 3.922355 1.0 4.902554 2.940988 0.940988 5.453095 2.0 2.0 1.0 2.0
-1 1418347015.840173 2.0 2.0 6.70993 4.0 1.0 3.0 3.0 2.0 3.667788 2.0 3.922355 2.0 3.922355
-1 1418347016.079463 3.0 5.940988 3.0 3.0 5.980276 2.0 4.980199 5.960397 2.0 2.980199 3.0 2.777476 3.0
-1 1418347016.388523 3.0 2.980199 1.940988 2.0 2.940988 1.980199 4.0 1.940988 4.940988 1.980199 2.0 1.0 2.0
-1 1418347016.904170 1.0 1.0 6.844687 5.754372 6.677112 7.564047 3.750309 0.940988 3.0 5.901385 2.0 4.0 2.0
-1 1418347017.182509 5.477552 0.0 2.0 2.980199 2.0 2.0 5.0 10.378546 4.980199 1.0 4.980199 1.0 4.980199
-1 1418347017.569026 0.845472 5.82567 7.823741 3.0 5.960397 3.0 3.863343 1.845472 2.78646 5.400165 4.980199 5.980199 4.980199
-1 1418347017.937983 1.0 2.940988 3.921187 6.805869 4.881976 7.449829 5.690159 2.940988 1.88429 7.714098 7.881976 1.0 7.881976
-1 1418347018.176698 0.940988 3.980199 6.881976 1.7537 1.0 0.0 11.1742 0.940988 3.67188 2.0 1.0 0.0 1.0
-1 1418347018.461628 0.940988 0.0 3.373492 1.704346 5.730508 0.940988 1.789128 2.940988 0.0 2.940988 2.0 2.845472 2.0
-1 1418347018.867631 0.940988 2.882753 1.656639 4.862175 2.921187 2.654565 2.882753 0.940988 2.827177 5.660355 1.0 0.0 1.0
-1 1418347019.128125 2.0 1.0 4.862951 7.651341 2.980199 8.553895 2.980199 3.627478 2.940988 4.671142 11.823349 2.980199 11.823349
-1 1418347019.495904 6.940988 1.940988 5.714098 5.862175 0.0 0.940988 4.619696 3.0 2.0 1.881976 2.940988 0.0 2.940988
-1 1418347019.858211 0.0 0.0 5.881976 3.940988 7.822964 2.940988 3.881976 1.0 1.940988 8.764729 3.0 4.822964 3.0
-1 1418347020.052836 4.980199 2.845472 4.960397 4.0 3.0 3.0 4.845472 5.0 7.862175 4.668178 4.0 4.0 4.0
-1 1418347020.433880 2.940988 2.0 2.0 2.940988 0.940988 1.881976 2.0452 1.827177 1.940988 1.0 4.733507 0.940988 4.733507
-1 1418347020.840119 4.730508 4.519584 2.0 0.0 1.0 0.0 6.381115 1.0 4.808929 0.0 0.0 0.0 0.0
-1 1418347021.050285 1.88429 1.88429 5.864489 4.805869 1.0 7.766266 3.587875 2.825278 2.789128 9.509454 5.0 5.823741 5.0
-1 1418347021.435375 8.960397 13.632278 2.940988 0.0 0.0 1.0 16.530824 6.960397 11.842374 1.0 0.0 1.0 0.0
-1 1418347021.828743 7.536695 4.940988 6.0 3.0 2.0 4.0 5.882753 7.576298 5.960397 3.0 2.0 1.0 2.0
-1 1418347022.085421 1.940988 2.609929 5.980199 7.940596 6.980199 8.940596 4.778532 1.940988 2.921187 6.960397 6.960397 6.980199 6.960397
-1 1418347022.353777 1.980199 1.980199 0.0 3.881976 4.921187 6.631147 2.921187 1.980199 6.901385 8.535985 2.921187 2.921187 2.921187
-1 1418347022.668325 2.0 9.380118 6.921187 1.0 3.980199 2.0 3.41972 2.0 2.78646 2.0 2.0 3.0 2.0
-1 1418347022.978516 1.940988 0.0 2.980199 2.980199 2.0 2.0 7.336356 7.167038 1.0 3.922355 5.901385 2.0 5.901385
-1 1418347023.260315 1.940988 2.0 0.0 2.0 0.0 1.0 5.921187 1.940988 1.0 1.0 2.0 1.0 2.0
-1 1418347023.595633 2.980199 3.88429 3.980199 3.980199 2.0 3.980199 4.0 1.0 4.0 2.82873 4.980199 2.0 4.980199
-1 1418347023.943286 2.825278 2.980199 5.980199 1.0 2.0 1.0 3.864489 2.825278 4.65731 3.864489 1.0 0.0 1.0
-1 1418347024.180560 3.0 2.0 4.361781 4.940988 2.0 0.0 1.640056 1.0 1.980199 2.0 3.0 3.82873 3.0
-1 1418347024.584437 5.940988 8.0 6.655086 4.902554 2.0 4.902554 9.980199 6.0 5.845472 6.528147 1.0 2.0 1.0
-1 1418347024.969918 2.940988 1.0 2.822964 9.457034 1.881976 7.746857 8.459832 1.940988 2.980199 8.628833 1.0 2.881976 1.0
-1 1418347025.257608 0.0 1.0 2.0 6.770803 0.0 6.050588 3.882753 0.0 0.0 8.149304 4.0 1.980199 4.0
-1 1418347025.608747 5.921187 3.940988 6.745704 4.711792 4.765505 4.881976 6.940988 5.921187 1.940988 3.881976 5.654355 4.765505 5.654355
-1 1418347025.973654 1.0 2.776826 9.149985 4.940988 3.940988 5.921187 3.717814 1.776826 7.6192 2.940988 1.940988 3.940988 1.940988
-1 1418347026.227782 1.0 1.980199 6.980199 3.921187 5.940988 1.0 5.758985 1.0 4.88429 2.0 1.0 3.0 1.0
-1 1418347026.573127 2.980199 4.980199 2.0 3.805869 2.0 0.940988 4.980199 2.980199 4.790213 2.940988 2.0 3.0 2.0
-1 1418347026.932106 1.0 2.0 4.0 5.960397 2.0 4.960397 2.940988 1.0 2.0 7.75495 4.960397 3.940988 4.960397
-1 1418347027.244063 3.0 2.940988 0.0 2.980199 1.0 0.0 2.0 3.822964 3.500798 4.767043 1.0 1.0 1.0
-1 1418347027.538442 1.940988 1.0 3.940988 3.0 3.0 4.0 1.0 1.0 0.0 6.0 2.0 3.0 2.0
-1 1418347027.907884 4.823741 3.881976 2.881976 4.881976 8.862175 2.940988 1.881976 3.881976 1.881976 5.901385 5.598448 2.921187 5.598448
-1 1418347028.179644 0.0 2.0 3.980199 3.0 5.960397 1.0 5.131421 0.0 0.0 2.0 3.0 4.0 3.0
-1 1418347028.496990 6.490306 1.0 1.940988 0.940988 0.0 0.0 4.714098 3.921187 1.940988 3.455009 0.940988 0.940988 0.940988
-1 1418347028.911204 1.0 7.33893 4.82567 4.882753 1.0 3.922355 5.805869 3.0 2.0 8.613299 3.0 0.0 3.0
-1 1418347029.224899 0.940988 6.442744 9.765505 6.980199 4.0 4.822964 2.0 1.0 0.0 16.569445 7.881976 4.0 7.881976
-1 1418347029.627965 9.597627 8.823741 2.0 3.882753 1.0 3.940988 7.882753 9.59685 5.882753 4.882753 1.882753 1.0 1.882753
-1 1418347029.971538 7.449334 8.842374 8.881584 3.940988 1.940988 0.0 8.842374 6.901385 5.940596 7.844687 2.660355 0.0 2.660355
-1 1418347030.244444 2.940988 2.921187 7.881976 6.862951 4.980199 4.845472 0.940988 2.940988 4.881976 4.882753 2.940988 3.0 2.940988
-1 1418347030.545301 1.86678 1.0 2.0 4.805869 2.940988 2.0 2.0 5.940596 1.0 4.862951 1.0 0.0 1.0
-1 1418347030.981912 1.940988 1.455645 0.0 1.0 1.0 2.0 5.208215 2.881976 4.474447 1.0 0.0 1.0 0.0
-1 1418347031.181525 3.0 5.881976 2.0 1.0 2.0 4.361401 5.980199 3.0 5.730116 2.0 3.0 0.0 3.0
-1 1418347031.542517 1.0 4.0 3.980199 2.980199 3.980199 5.921187 3.86678 2.980199 1.0 5.862951 1.980199 3.980199 1.980199
-1 1418347031.929254 1.0 0.0 4.921187 8.745704 2.0 1.0 6.676048 1.0 0.62897 1.940988 4.765505 1.0 4.765505
-1 1418347032.183920 0.0 0.0 3.0 2.0 1.495285 1.0 1.0 0.0 0.0 1.0 2.0 2.0 2.0
-1 1418347032.540680 3.0 2.0 1.0 4.0 2.0 3.0 3.790997 4.0 5.157881 3.0 3.0 2.0 3.0
-1 1418347032.897915 10.72435 9.881584 7.882753 5.940988 5.767827 3.382419 12.337762 10.572881 10.687845 6.515301 2.980199 3.762081 2.980199
-1 1418347033.103765 2.0 2.0 7.921187 8.674495 7.940988 9.61626 5.301289 2.0 2.0 11.500165 6.714098 4.0 6.714098
-1 1418347033.458869 5.343152 2.738776 0.0 1.0 0.940988 2.980199 2.738776 5.343152 1.738776 2.980199 0.0 0.0 0.0
-1 1418347033.978198 1.0 2.86678 3.940988 4.0 4.940988 4.980199 1.0 2.0 1.0 0.0 0.0 4.0 0.0
-1 1418347034.190955 1.0 1.0 3.751394 1.980199 0.0 3.980199 1.0 2.0 2.980199 3.980199 0.0 0.0 0.0
-1 1418347034.545845 7.008983 2.940988 1.940988 9.746857 2.980199 4.0 2.882753 5.304696 5.0 2.940988 1.940988 2.980199 1.940988
-1 1418347034.935534 1.0 1.980199 1.940988 5.0 2.0 4.569187 3.921187 3.776826 3.0 10.647044 5.0 2.0 5.0
-1 1418347035.177713 4.940988 4.0 3.0 1.980199 3.0 3.980199 5.0 4.940988 3.0 4.980199 1.0 3.0 1.0
-1 1418347035.511583 12.460955 6.748756 5.0 3.980199 3.0 0.0 13.371423 8.500558 5.921187 5.940988 3.0 3.0 3.0
-1 1418347035.944861 6.862951 2.980199 7.881976 0.0 2.0 2.881976 5.82567 7.862951 2.980199 1.940988 0.0 3.0 0.0
-1 1418347036.164904 1.980199 2.0 2.940988 3.0 1.940988 3.0 1.0 1.940988 1.0 3.922355 2.922355 2.940988 2.922355
-1 1418347036.525442 0.0 1.0 5.675287 13.591937 1.0 8.552726 1.0 0.0 1.0 9.706493 6.765505 0.0 6.765505
-1 1418347036.974890 3.493019 5.514021 0.940988 2.0 0.0 1.0 6.561122 8.302694 2.0 1.0 2.0 1.980199 2.0
-1 1418347037.207970 1.0 1.980199 2.921187 3.921187 1.980199 1.980199 1.980199 1.980199 1.980199 5.843542 4.862175 1.980199 4.862175
-1 1418347037.609773 3.881976 7.689744 3.922355 0.0 1.0 1.0 11.319632 2.881976 13.421413 2.940988 1.0 1.0 1.0
-1 1418347037.993062 8.002154 1.0 1.0 2.0 1.0 0.940988 1.0 4.790997 5.960397 1.940988 0.0 1.0 0.0
-1 1418347038.274111 1.980199 2.0 4.0 5.0 1.0 4.0 2.980199 2.0 2.940988 6.825278 5.0 1.0 5.0
-1 1418347038.600450 0.0 1.0 1.0 3.0 1.0 3.0 4.710706 0.0 0.0 2.0 0.0 1.0 0.0
-1 1418347039.046810 4.0 2.0 3.0 8.617428 1.0 4.0 2.980199 4.980199 2.940988 2.0 3.940988 2.0 3.940988
-1 1418347039.331794 3.88429 2.0 1.0 2.881976 0.0 1.881976 3.0 2.940988 2.0 1.940988 1.0 0.0 1.0
-1 1418347039.760457 5.770803 4.940988 2.940988 2.940988 1.0 2.0 1.940988 4.940988 5.940988 2.775334 2.0 1.0 2.0
-1 1418347040.150438 3.451279 3.688371 5.501614 4.960397 6.940596 5.960397 3.980199 4.451279 5.431477 4.0 2.0 4.901385 2.0
-1 1418347040.535093 1.432807 2.563157 2.597915 2.0 2.0 3.940988 2.940988 0.432807 2.31556 2.0 1.0 1.0 1.0
-1 1418347040.848700 2.0 0.0 4.508363 3.980199 2.882753 1.940988 0.0 0.62897 3.738658 0.0 1.0 1.0 1.0
-1 1418347041.145151 2.882753 8.706493 3.940988 2.0 1.0 1.7537 5.823741 2.882753 5.882753 4.527482 3.980199 1.0 3.980199
-1 1418347041.469387 2.82567 3.921187 3.0 1.0 1.0 3.0 4.921187 1.980199 2.980199 7.714098 4.0 2.0 4.0
-1 1418347041.944973 1.922355 5.845472 5.536769 2.0 1.0 0.0 3.845472 1.922355 2.922355 3.0 2.86678 2.0 2.86678
-1 1418347042.173994 4.980199 4.0 5.881976 2.0 1.0 2.0 11.911921 5.980199 10.614406 3.940988 1.0 1.0 1.0
-1 1418347042.469430 2.0 2.0 1.0 0.88429 0.88429 1.0 2.845472 2.0 0.940988 0.0 2.0 0.0 2.0
-1 1418347042.860660 3.940988 4.827177 3.0 4.980199 3.980199 6.766658 3.940988 3.0 3.0 7.82567 3.0 2.0 3.0
-1 1418347043.175541 1.0 2.980199 6.745704 5.765505 5.745704 6.686692 2.0 1.0 3.0 10.170228 8.095387 6.745704 8.095387
-1 1418347043.525179 2.0 5.88429 4.785699 1.980199 1.0 2.980199 4.854068 0.0 5.882753 1.0 0.59092 1.0 0.59092
-1 1418347044.005667 1.940988 1.519671 4.0 7.980199 4.0 5.980199 8.901746 7.774705 1.881976 5.980199 5.0 3.0 5.0
-1 1418347044.231330 3.637991 5.751394 3.940988 4.0 2.980199 6.0 12.339269 2.792519 2.921187 7.980199 4.940988 3.980199 4.940988
-1 1418347044.602404 8.708423 2.0 3.0 4.691297 2.940988 4.691297 2.980199 7.690905 2.940988 7.637901 2.940988 2.0 2.940988
-1 1418347045.041252 1.882753 0.940988 7.881976 5.823741 3.0 5.940988 2.882753 2.882753 2.882753 5.940988 4.980199 3.0 4.980199
-1 1418347045.295383 4.768165 3.805869 2.980199 0.0 3.980199 1.0 3.805869 3.827177 6.214587 6.824909 6.844711 1.940988 6.844711
-1 1418347045.683638 2.0 3.0 3.845472 1.980199 4.881976 3.980199 8.806645 2.0 1.0 4.980199 1.790997 3.881976 1.790997
-1 1418347046.144888 3.0 6.901385 6.844711 12.746096 8.960397 9.882753 8.84315 4.882753 7.618484 9.765897 4.0 7.980199 4.0
-1 1418347046.498300 3.0 2.0 2.0 2.82873 2.88429 1.0 3.0 3.0 3.940988 3.0 3.82873 2.88429 3.82873
-1 1418347047.095845 0.0 1.0 6.552726 4.822964 2.980199 2.940988 1.827177 0.0 6.695538 3.766266 2.881976 2.0 2.881976
-1 1418347047.310470 0.0 3.0 3.0 6.440663 3.0 5.770123 2.980199 0.0 0.0 2.0 1.0 2.0 1.0
-1 1418347047.659066 3.902554 3.922355 2.940988 3.86678 1.0 1.0 4.902554 1.922355 2.940988 3.980199 3.980199 1.980199 3.980199
-1 1418347048.103368 3.261164 1.980199 1.0 3.864489 3.0 4.862951 3.980199 3.22533 6.940817 2.0 1.0 2.0 1.0
-1 1418347048.348853 6.349291 0.792519 8.538615 4.940988 0.845472 1.882753 6.030234 0.792519 5.055587 1.733507 0.0 0.0 0.0
-1 1418347048.835820 2.0 2.940988 1.940988 2.0 0.0 0.0 2.940988 2.0 2.940988 0.0 1.0 0.0 1.0
-1 1418347049.198429 2.940988 0.0 0.792519 4.755533 1.940988 3.980199 0.0 1.0 3.0 5.661877 3.792519 3.980199 3.792519
-1 1418347049.613903 5.611738 1.881976 5.844687 3.921187 2.0 1.0 2.822964 9.611738 4.881976 1.0 3.0 2.0 3.0
-1 1418347050.109894 2.980199 2.0 5.639829 4.0 3.980199 3.0 6.555417 2.980199 2.829815 4.659631 4.940988 2.0 4.940988
-1 1418347050.389091 3.65287 4.767043 5.626701 2.0 1.0 3.0 6.767043 3.65287 4.805869 7.0 1.0 0.0 1.0
-1 1418347050.712463 3.940988 2.940988 2.82873 1.980199 4.921187 1.0 2.940988 3.940988 7.940988 6.715497 1.0 4.921187 1.0
-1 1418347051.138434 2.881976 4.881976 1.940988 1.940988 2.940988 2.940988 7.901385 2.881976 1.940988 3.881976 2.940988 2.940988 2.940988
-1 1418347051.460265 1.940988 2.0 5.960397 1.940988 0.0 2.881976 2.0 1.0 1.980199 4.823741 0.940988 0.0 0.940988
-1 1418347051.892532 6.843542 5.863343 4.400434 2.0 2.0 3.0 9.514676 10.668059 8.746857 4.0 2.0 2.940988 2.0
-1 1418347052.191236 7.614738 3.601343 4.0 1.0 5.960397 4.980199 6.601343 2.790997 2.731985 5.980199 2.0 4.0 2.0
-1 1418347052.456073 3.0 1.940988 1.450952 1.940988 1.0 2.0 3.881976 2.0 2.0 3.845472 1.0 1.0 1.0
-1 1418347052.896160 3.881976 5.455009 4.881976 1.881976 1.940988 1.770803 3.645334 1.940988 2.980199 5.500558 3.862175 3.940988 3.862175
-1 1418347053.247333 4.980199 2.0 1.0 2.88429 1.0 1.0 3.980199 1.0 8.960397 6.593459 3.806645 2.0 3.806645
-1 1418347053.604290 2.0 1.0 2.940988 0.0 0.0 2.940988 3.0 1.0 1.0 1.0 3.78646 0.702824 3.78646
-1 1418347054.046318 3.0 1.0 5.0 5.901385 0.0 2.921187 5.0 3.0 3.881976 5.805477 5.921187 0.0 5.921187
-1 1418347054.298897 10.863998 8.122295 7.921187 5.862951 3.0 1.882753 15.609309 8.862175 11.842374 9.822964 2.921187 3.88429 2.921187
-1 1418347054.559831 1.0 1.0 2.0 4.623059 1.940988 2.0 3.960397 1.0 2.0 3.0 3.0 2.0 3.0
-1 1418347054.932939 2.922355 2.0 5.921187 1.0 0.0 2.0 3.0 3.0 1.0 4.805108 1.0 0.0 1.0
-1 1418347055.210717 0.0 2.0 0.0 1.940988 0.0 2.0 4.0 1.0 0.0 1.0 0.940988 0.940988 0.940988
-1 1418347055.481624 0.0 2.0 4.0 7.651341 6.0 8.862175 1.0 0.0 0.88429 6.960397 2.0 5.0 2.0
-1 1418347055.780629 0.0 4.960397 4.825278 4.88429 2.0 4.980199 9.61173 0.0 1.825278 4.980199 2.980199 2.62897 2.980199
-1 1418347056.147970 1.0 1.0 5.0 5.0 7.922355 5.0 2.0 3.0 2.0 6.768165 4.0 5.0 4.0
-1 1418347056.395111 1.0 2.940988 3.0 4.792519 3.0 4.0 3.694689 1.0 2.0 4.0 4.0 3.0 4.0
-1 1418347056.723570 0.0 1.0 5.940596 5.882753 6.960397 3.825278 1.845472 1.0 4.863343 3.49089 1.0 4.0 1.0
-1 1418347057.114097 2.0 1.0 5.282809 5.32658 3.0 6.151147 1.0 2.0 2.882753 6.881976 3.0 3.0 3.0
-1 1418347057.376010 3.0 3.882753 4.7537 5.755533 4.980199 6.808257 5.65731 2.0 2.980199 8.658087 4.0 4.980199 4.0
-1 1418347057.677627 3.0 4.881976 6.940988 5.0 1.7537 1.0 4.0 3.0 4.0 4.358347 4.0 3.733899 4.0
-1 1418347058.118584 2.459323 2.0 4.0 2.0 4.921187 1.0 2.0 1.440685 7.208362 2.940988 4.0 0.940988 4.0
-1 1418347058.338347 4.0 5.0 11.16885 3.882753 5.786068 0.0 4.0 4.0 7.940596 0.0 1.940988 1.0 1.940988
-1 1418347058.638555 4.902554 1.652349 7.901385 4.0 10.512362 4.940988 1.652349 1.0 8.731593 5.901385 1.0 1.940988 1.0
-1 1418347059.078680 7.921187 5.980199 3.940988 5.0 5.0 4.88429 5.980199 6.921187 5.980199 9.730116 6.980199 6.881976 6.980199
-1 1418347059.362516 0.0 2.980199 6.0 3.0 5.960397 2.0 3.980199 2.980199 0.0 4.921187 5.864489 4.0 5.864489
-1 1418347059.763073 7.058799 5.485811 7.153982 4.0 4.940988 3.980199 5.563456 3.563456 9.603147 3.940988 2.0 3.750309 2.0
-1 1418347060.201092 6.960397 7.130277 3.0 3.0 1.0 1.0 9.310864 6.960397 5.507401 4.940988 2.0 1.0 2.0
-1 1418347060.464686 3.980199 2.980199 2.792519 5.882753 3.805869 4.922355 2.980199 2.980199 3.0 4.922355 2.922355 3.805869 2.922355
-1 1418347060.881430 3.862951 2.881976 6.882753 11.302914 7.0 8.401106 3.823741 4.862951 3.765505 10.655403 9.785307 6.545688 9.785307
-1 1418347061.263934 1.0 0.0 4.398347 7.352096 7.352096 8.352096 0.0 0.0 1.940988 5.314054 1.0 6.352096 1.0
-1 1418347061.583288 2.980199 1.76858 1.0 0.0 1.0 1.980199 6.76858 2.980199 2.0 4.728224 1.922355 1.0 1.922355
-1 1418347061.956416 5.504009 3.0 3.845472 5.054504 3.0 6.319037 2.940988 5.623059 7.687861 13.381449 2.940988 3.0 2.940988
-1 1418347062.275538 3.881976 3.940988 5.823741 5.803939 1.940988 3.921187 11.04945 7.328135 8.744928 4.823741 7.803939 1.940988 7.803939
-1 1418347062.569885 3.0 3.940988 3.940988 6.921187 5.0 3.980199 3.0 4.0 3.0 6.768165 1.0 5.0 1.0
-1 1418347063.035754 4.805869 1.845472 4.0 6.842374 3.0 0.0 0.0 2.882753 1.980199 3.960397 7.805869 2.0 7.805869
-1 1418347063.349623 1.0 2.940988 4.88429 2.0 1.0 2.805869 2.980199 1.0 1.0 3.980199 2.0 2.0 2.0
-1 1418347063.624949 8.543735 4.882753 1.940988 0.0 1.940988 0.0 6.649795 0.940988 2.768165 1.0 1.845472 1.0 1.845472
-1 1418347063.924262 3.0 2.0 3.86678 3.980199 1.980199 2.0 4.922355 1.0 1.0 2.0 4.0 1.980199 4.0
-1 1418347064.256664 3.0 1.980199 3.0 1.789128 2.0 0.0 5.714098 6.711483 6.676048 2.980199 1.980199 0.0 1.980199
-1 1418347064.497739 0.940988 4.882753 5.504681 2.921187 1.0 1.0 3.113544 0.0 2.0 1.940988 1.881976 1.0 1.881976
-1 1418347064.896926 2.980199 1.0 5.827177 0.940988 2.0 0.0 2.0 2.0 1.827177 0.940988 0.0 1.0 0.0
-1 1418347065.270648 0.940988 0.0 5.882753 3.881976 5.0 5.862175 0.940988 0.0 0.940988 5.901385 1.940988 4.921187 1.940988
-1 1418347065.507186 4.980199 3.980199 4.980199 2.940988 3.82567 1.78646 5.968175 5.980199 4.902554 10.356671 2.940988 2.82567 2.940988
-1 1418347065.914358 1.0 0.59092 1.882753 2.980199 2.882753 5.845472 3.469867 1.0 3.0 8.728224 2.0 3.882753 2.0
-1 1418347066.287734 1.0 2.339048 8.710314 8.921187 5.0 4.980199 5.872701 1.0 2.0 5.980199 3.940988 4.0 3.940988
-1 1418347066.518386 3.921187 1.0 3.750309 2.0 3.0 2.0 2.0 1.940988 4.0 3.0 3.0 2.0 3.0
-1 1418347066.939770 1.0 2.0 9.349382 1.0 3.940988 0.0 2.0 1.0 0.715651 0.0 2.0 3.980199 2.0
-1 1418347067.260928 4.882753 3.882753 4.922355 8.515853 4.82873 9.671142 3.882753 3.882753 4.882753 8.593497 4.922355 4.82873 4.922355
-1 1418347067.523266 3.718975 4.730116 4.940988 2.921187 3.940988 6.825278 3.78646 2.0 7.642076 13.828374 0.940988 5.805477 0.940988
-1 1418347067.941017 4.956253 2.882753 2.922355 5.249374 1.0 0.0 4.67188 3.862951 3.827729 2.0 4.863343 2.940988 4.863343
-1 1418347068.313700 1.0 1.0 0.0 1.940988 0.0 2.940988 3.922355 3.0 4.901385 1.940988 1.0 0.0 1.0
-1 1418347068.584169 5.714098 1.827177 6.789128 1.0 1.0 1.0 2.714098 3.714098 7.597627 1.0 5.845472 1.0 5.845472
-1 1418347069.009188 4.0 4.922355 4.0 5.82567 1.0 3.921187 5.805108 5.940988 5.980199 3.940988 4.940988 1.0 4.940988
-1 1418347069.330598 2.0 3.845472 3.940988 2.78646 3.881976 3.542762 3.78646 2.940988 4.0 5.455306 4.881976 4.82567 4.881976
-1 1418347069.605551 2.0 3.76858 2.940988 3.960397 3.940988 3.960397 8.920795 2.0 2.0 6.84315 2.980199 3.940988 2.980199
-1 1418347069.866536 1.980199 6.921187 1.940988 2.0 0.0 1.0 8.980199 3.902554 2.980199 3.0 1.0 0.0 1.0
-1 1418347070.194589 1.0 1.792519 2.0 3.0 0.0 2.980199 2.845472 1.0 2.845472 3.980199 3.922355 0.0 3.922355
-1 1418347070.429718 1.86678 7.940596 6.803939 4.823741 1.0 4.0 10.822572 7.960397 8.559162 4.823741 2.823741 0.940988 2.823741
-1 1418347070.718352 0.0 0.0 6.845472 2.980199 3.0 1.980199 0.0 0.627478 1.0 1.0 1.0 1.0 1.0
-1 1418347071.126712 1.882753 2.864489 11.401611 6.013109 5.654355 4.881976 5.655486 2.751394 6.590773 4.881976 2.881976 5.654355 2.881976
-1 1418347071.400370 2.940988 3.0 1.940988 1.88429 0.0 0.940988 2.0 2.980199 2.0 1.0 1.0 1.0 1.0
-1 1418347071.670890 1.980199 8.847202 3.0 3.0 4.980199 3.0 5.664627 1.980199 4.960397 3.667788 3.0 5.940988 3.0
-1 1418347071.985830 1.940988 6.862951 2.0 2.980199 1.0 2.0 6.960397 1.980199 0.0 2.940988 1.0 1.0 1.0
-1 1418347072.333509 0.0 1.0 2.0 1.0 2.0 1.980199 1.0 0.0 4.694689 2.980199 1.0 3.0 1.0
-1 1418347072.607119 3.0 1.940988 6.842374 4.921187 3.960397 4.921187 3.980199 2.0 2.0 3.940988 3.881976 3.960397 3.881976
-1 1418347073.053783 1.0 0.0 1.940988 2.940988 2.0 1.0 1.0 0.0 2.980199 2.0 1.0 2.0 1.0
-1 1418347073.388458 1.0 2.980199 11.139969 4.808929 3.921187 10.652079 2.0 1.0 2.0 7.672664 1.0 2.980199 1.0
-1 1418347073.694364 3.0 3.0 5.940596 4.980199 3.789128 7.558024 10.787575 4.881976 4.845472 9.420591 3.980199 4.789128 3.980199
-1 1418347074.200697 3.713308 0.0 0.0 5.352488 3.372289 4.4115 5.628236 2.0 2.940988 4.170018 8.067747 3.431301 8.067747
-1 1418347074.419606 1.0 2.940988 4.0 5.881976 6.960397 1.940988 5.805477 1.76858 1.940988 2.980199 3.0 4.960397 3.0
-1 1418347074.770729 1.0 4.940988 6.746047 1.940988 1.980199 1.0 1.0 1.0 2.922355 0.0 0.0 1.0 0.0
-1 1418347075.155343 5.0 3.0 2.980199 3.735731 2.0 2.88429 5.922355 7.921187 7.940596 3.980199 3.0 3.0 3.0
-1 1418347075.416633 3.0 3.0 3.980199 2.0 0.0 1.980199 2.0 3.0 2.88429 4.64351 2.980199 0.0 2.980199
-1 1418347075.748230 8.940596 10.730116 0.0 2.0 0.0 3.0 10.822572 8.940596 8.940596 3.0 1.0 0.0 1.0
-1 1418347076.220374 7.960397 5.0 1.0 0.0 0.940988 0.0 8.400826 8.921187 8.940596 0.940988 3.940988 1.0 3.940988
-1 1418347076.505433 5.0 3.0 3.940988 2.940988 1.0 4.863343 3.82567 4.960397 1.0 2.0 2.980199 1.0 2.980199
-1 1418347076.863720 5.960397 7.789128 4.980199 5.0 4.0 2.0 5.980199 4.980199 6.78453 3.863343 2.0 4.0 2.0
-1 1418347077.343815 1.980199 1.980199 1.0 4.0 3.0 4.980199 1.980199 2.0 1.980199 7.596542 5.7537 3.0 5.7537
-1 1418347077.579637 3.0 1.0 5.921187 3.921187 3.805477 2.921187 2.0 3.0 3.980199 7.534432 2.980199 1.980199 2.980199
-1 1418347077.973586 6.46424 2.940988 1.0 1.0 1.0 4.0 3.980199 8.785676 1.940988 3.0 1.980199 1.0 1.980199
-1 1418347078.356048 6.127869 3.845472 1.0 2.0 1.0 1.0 4.767827 7.881976 3.0 2.0 1.0 1.0 1.0
-1 1418347078.607206 0.0 3.765505 6.921187 4.980199 3.616667 3.980199 0.0 3.400424 2.0 5.960397 4.980199 2.980199 4.980199
-1 1418347079.086268 3.730508 2.0 3.881976 5.980199 3.0 2.0 2.88429 3.882753 2.882753 8.78646 3.0 2.922355 3.0
-1 1418347079.379346 1.940988 0.0 5.0 2.0 4.980199 3.980199 0.940988 1.0 2.0 4.980199 2.940988 2.0 2.940988
-1 1418347079.605911 1.0 6.960397 1.0 2.980199 3.59092 4.980199 6.960397 0.0 0.0 4.980199 1.789128 4.829815 1.789128
-1 1418347079.887389 2.0 1.0 2.0 3.88429 1.0 0.88429 2.0 2.0 1.0 2.980199 5.980199 2.0 5.980199
-1 1418347080.300523 3.845472 1.0 1.881976 0.0 2.940988 1.940988 1.980199 2.922355 8.728224 3.940988 0.0 0.0 0.0
-1 1418347080.577741 3.843196 1.0 3.882753 4.500618 0.792519 6.00035 3.350492 1.955365 1.980199 2.307885 1.0 1.0 1.0
-1 1418347080.948120 0.0 1.0 1.0 3.882753 1.0 1.0 2.406471 3.0 5.843542 3.0 4.82567 1.0 4.82567
-1 1418347081.375591 2.0 1.0 6.765505 8.711467 2.0 6.864489 1.0 3.881976 5.922355 5.960397 3.980199 3.960397 3.980199
-1 1418347081.631537 2.0 2.0 2.0 4.248329 2.980199 3.937389 2.0 2.0 0.0 4.441786 0.0 2.0 0.0
-1 1418347082.050890 6.751394 2.0 2.88429 2.980199 3.980199 1.0 2.980199 2.829815 13.7421 2.980199 1.980199 2.980199 1.980199
-1 1418347082.492777 7.823741 7.803939 4.805869 2.882753 2.882753 1.882753 10.571766 6.823741 5.882753 1.882753 1.882753 2.882753 1.882753
-1 1418347082.722820 7.450442 2.940988 7.842374 7.40495 4.940988 5.460231 9.824271 8.728078 8.403406 7.057727 0.940988 3.940988 0.940988
-1 1418347083.011379 4.234851 1.0 4.78646 6.844687 2.0 2.0 4.0 3.0 2.0 4.0 2.0 1.940988 2.0
-1 1418347083.365535 3.940988 4.563183 3.940988 7.827177 4.0 2.922355 6.551474 6.863343 5.940988 12.373707 2.0 4.0 2.0
-1 1418347083.680814 3.423145 4.446228 1.0 2.0 1.0 3.0 2.282705 0.0 1.0 10.331123 4.0 0.0 4.0
-1 1418347084.089405 0.940988 0.0 2.845472 3.0 1.0 4.0 2.921187 1.940988 1.940988 5.922355 2.0 2.0 2.0
-1 1418347084.388519 8.935837 1.940988 5.881976 1.881976 3.0 0.0 8.0478 8.696136 10.465432 4.863343 4.617708 3.0 4.617708
-1 1418347084.656484 1.0 2.0 5.862175 3.980199 3.980199 3.980199 6.980199 1.0 2.0 8.84315 5.960397 4.921187 5.960397
-1 1418347084.973163 2.881976 0.0 3.882753 0.0 2.980199 1.980199 0.940988 1.940988 9.708423 2.882753 1.0 0.940988 1.0
-1 1418347085.363046 0.0 1.0 7.545288 6.822964 3.940988 3.940988 2.0 2.980199 2.0 2.922355 4.881976 5.980199 4.881976
-1 1418347085.617272 1.0 1.0 0.940988 2.940988 1.940988 6.706493 2.845472 1.0 0.0 5.823741 6.980199 4.940988 6.980199
-1 1418347086.023965 1.881976 4.921187 7.0 5.0 3.0 3.0 10.783362 10.763952 1.881976 6.922355 5.0 3.0 5.0
-1 1418347086.390457 2.0 4.980199 5.862951 4.822964 1.0 0.940988 3.980199 1.0 3.0 6.131802 3.881976 0.0 3.881976
-1 1418347086.671648 0.0 0.0 6.980199 3.0 2.0 1.980199 0.0 1.738658 1.980199 1.980199 3.0 1.0 3.0
-1 1418347086.972527 3.980199 2.0 3.980199 5.395023 5.844711 2.715651 3.980199 3.0 2.980199 6.695849 0.0 4.0 0.0
-1 1418347087.427737 1.940988 0.0 1.0 2.980199 1.0 2.980199 0.0 0.0 1.0 3.882753 3.960397 0.0 3.960397
-1 1418347087.706866 1.0 1.0 5.921187 4.0 2.0 2.0 1.0 2.0 4.862175 2.980199 2.0 0.0 2.0
-1 1418347088.046817 4.980199 4.980199 2.0 2.980199 2.0 2.980199 4.960397 3.0 3.0 3.921187 3.980199 3.980199 3.980199
-1 1418347088.418239 2.654059 4.940988 5.921187 1.980199 2.980199 1.980199 7.478577 5.537589 2.0 2.980199 2.980199 2.980199 2.980199
-1 1418347088.657574 1.690399 2.0 4.940988 3.0 2.0 3.0 2.0 1.0 1.0 1.0 1.0 1.0 1.0
-1 1418347089.115278 1.0 6.750309 2.773781 4.825278 1.0 0.940988 9.341229 2.845472 5.304795 0.792519 3.0 2.0 3.0
-1 1418347089.473312 0.0 0.0 0.0 2.823741 3.881976 1.0 1.980199 2.940988 3.921187 5.030237 0.0 2.940988 0.0
-1 1418347089.757782 3.862175 5.827177 6.441786 2.0 0.0 0.0 4.714098 4.940988 3.940988 1.699174 5.319529 1.0 5.319529
-1 1418347090.351324 0.0 0.0 3.863343 0.0 3.0 1.980199 0.0 0.0 1.980199 2.980199 1.0 2.0 1.0
-1 1418347090.594526 1.0 2.0 2.980199 2.0 1.0 3.882753 4.0 2.0 2.845472 2.0 1.0 1.0 1.0
-1 1418347090.916018 0.0 0.881437 2.980199 5.0 1.7537 4.0 2.860899 1.0 0.0 2.0 5.405115 2.0 5.405115
-1 1418347091.318881 2.940988 3.960397 5.940988 2.881976 5.354236 3.881976 3.960397 2.940988 1.940988 2.940988 2.0 3.0 2.0
-1 1418347091.578592 1.0 1.980199 3.940988 4.921187 2.0 5.921187 5.603257 0.0 1.980199 5.422385 4.862175 2.0 4.862175
-1 1418347091.958260 1.0 0.0 3.0 4.0 2.0 4.0 2.0 2.0 3.922355 4.940988 4.980199 4.0 4.980199
-1 1418347092.362761 9.727448 2.940988 3.980199 3.0 2.0 2.0 9.576672 9.610977 6.764729 4.328676 2.0 2.0 2.0
-1 1418347092.608331 5.486676 3.0 7.980199 5.0 2.0 5.921187 4.0 4.545688 5.525886 9.394781 4.0 2.980199 4.0
-1 1418347092.943330 1.980199 1.0 7.902554 4.806645 1.0 0.0 0.0 0.0 5.960397 5.70993 5.845472 1.0 5.845472
-1 1418347093.397982 2.0 2.980199 2.807768 3.0 1.0 4.0 3.921187 2.0 1.940988 4.0 4.960397 2.0 4.960397
-1 1418347093.632199 2.940988 0.940988 1.0 1.845472 2.980199 1.0 0.940988 0.940988 2.823741 4.864489 1.829815 4.960397 1.829815
-1 1418347094.000817 10.438794 5.940988 1.0 0.0 0.0 0.940988 3.643812 9.438794 8.861783 0.0 1.0 1.940988 1.0
-1 1418347094.364650 1.7537 3.0 0.940988 1.940988 1.940988 1.0 5.917641 0.715651 0.88429 2.980199 3.499478 4.750309 3.499478
-1 1418347094.630803 0.0 5.264731 3.881976 4.660355 2.0 2.0 2.49089 0.0 1.0 2.940988 1.0 0.0 1.0
-1 1418347095.007879 0.777476 2.0 7.842374 7.862175 7.649304 6.882753 7.698663 0.777476 9.33485 8.764729 4.921187 3.980199 4.921187
-1 1418347095.446120 3.980199 0.0 2.0 8.322482 2.0 4.326651 0.0 2.980199 3.980199 1.775334 3.940988 3.0 3.940988
-1 1418347095.688682 2.980199 3.0 2.0 1.266794 2.980199 2.940988 2.0 0.0 6.805477 4.881976 1.0 2.0 1.0
-1 1418347096.037789 6.921187 3.0 1.0 4.822964 2.0 3.0 7.155183 3.940988 4.960397 1.980199 1.0 1.0 1.0
-1 1418347096.396690 3.0 4.88429 3.922355 2.980199 4.882753 1.0 4.88429 5.0 4.980199 0.0 1.0 0.0 1.0
-1 1418347096.756095 4.0 7.700488 2.0 0.940988 2.940988 1.0 6.402488 4.0 4.0 2.715651 0.0 0.0 0.0
-1 1418347097.035375 3.0 3.494612 3.0 1.940988 1.0 0.940988 2.0 4.0 2.0 1.0 1.922355 0.0 1.922355
-1 1418347097.319520 1.0 2.0 4.960397 5.960397 4.767043 6.960397 6.862175 2.0 1.0 3.921187 2.0 1.0 2.0
-1 1418347097.592229 1.940988 1.0 2.0 1.88429 2.665528 1.7537 2.980199 2.980199 4.921187 2.0 2.921187 1.0 2.921187
-1 1418347097.912488 6.940988 3.0 4.845472 1.0 2.690943 2.0 4.993179 2.980199 6.689398 2.0 1.940988 1.0 1.940988
-1 1418347098.384423 1.0 2.0 13.707254 6.863343 6.593105 6.822964 2.0 1.0 3.0 3.0 5.0 3.0 5.0
-1 1418347098.615224 4.76858 1.7537 8.423145 5.844711 7.882753 3.960397 4.76858 1.76858 4.690936 5.901385 5.844711 3.0 5.844711
-1 1418347098.965496 7.49422 4.940988 0.0 2.980199 4.805869 1.0 5.625925 4.704346 5.960397 1.7537 1.0 0.0 1.0
-1 1418347099.388886 2.0 4.675272 3.731985 6.805477 4.406389 4.980199 3.940988 4.980199 1.0 8.67188 1.980199 1.980199 1.980199
-1 1418347099.629289 2.0 3.940988 6.960397 1.0 2.88429 1.0 3.0 3.0 2.922355 1.0 2.88429 2.980199 2.88429
-1 1418347100.006709 1.845472 4.651341 3.980199 2.940988 1.980199 4.921187 2.78646 1.845472 0.845472 4.675272 1.0 2.980199 1.0
-1 1418347100.458166 2.980199 3.980199 6.960397 5.0 4.0 4.0 2.940988 2.980199 4.825278 5.0 6.940988 3.0 6.940988
-1 1418347100.685596 3.921187 1.980199 3.0 2.0 4.0 1.0 2.921187 3.921187 3.771195 3.672649 2.0 3.0 2.0
-1 1418347101.040871 3.882753 1.0 1.0 1.0 1.0 1.0 3.863343 1.922355 4.882753 2.348891 3.0 0.0 3.0
-1 1418347101.450082 1.0 0.0 1.0 3.0 1.0 3.0 1.940988 0.0 3.980199 2.940988 1.0 2.0 1.0
-1 1418347101.696945 1.0 0.0 3.750309 5.696913 4.0 4.0 2.980199 1.0 2.777476 4.980199 4.845472 4.0 4.845472
-1 1418347101.955992 3.0 4.39795 3.922355 2.922355 4.0 3.940988 12.631993 8.263574 3.980199 7.940988 2.922355 3.0 2.922355
-1 1418347102.252781 1.940988 2.940988 2.845472 3.0 3.980199 2.0 0.940988 1.940988 0.940988 2.86678 2.0 3.960397 2.0
-1 1418347102.582243 3.882753 1.0 4.940988 0.940988 2.940988 2.940988 6.766266 2.940988 4.881976 5.881976 1.940988 3.0 1.940988
-1 1418347102.873871 1.0 3.0 3.0 4.882753 2.980199 3.960397 5.627478 1.0 2.0 4.960397 3.980199 1.0 3.980199
-1 1418347103.366040 1.579219 10.753277 3.751394 5.882753 1.789128 2.921187 8.195974 3.579219 5.595161 2.667945 2.0 2.825278 2.0
-1 1418347103.673796 2.863343 0.0 2.980199 5.458979 4.980199 5.486276 0.0 2.940988 4.882753 6.452364 0.0 3.980199 0.0
-1 1418347104.029312 10.911353 6.766658 2.940988 2.0 2.0 2.0 2.770803 5.689767 7.862175 3.576913 1.88429 2.0 1.88429
-1 1418347104.466217 0.0 2.921187 1.0 1.0 3.0 2.0 4.803939 2.822964 4.70993 2.0 2.0 2.0 2.0
-1 1418347104.702376 5.823741 5.881976 5.805869 3.881976 6.749533 3.0 3.940988 4.823741 5.940988 2.0 2.940988 3.0 2.940988
-1 1418347105.012929 1.0 1.0 3.980199 4.922355 7.04929 3.0 4.305316 0.0 6.960397 3.0 2.0 1.0 2.0
-1 1418347105.417638 1.0 1.0 5.940988 6.863343 6.0 5.980199 4.980199 1.0 4.0 8.374229 4.940988 5.0 4.940988
-1 1418347105.676043 2.0 2.88429 3.0 4.634599 6.960397 4.634599 1.473296 2.0 3.980199 13.145798 2.0 4.940988 2.0
-1 1418347106.080694 3.0 2.0 2.940988 1.0 1.0 3.922355 2.0 4.980199 2.940988 4.922355 1.0 1.0 1.0
-1 1418347106.531491 3.0 2.0 3.0 3.0 5.980199 2.0 4.750309 2.0 3.0 3.544254 3.0 3.0 3.0
-1 1418347106.813634 9.468329 5.372466 7.823741 5.0 4.0 6.980199 6.786844 9.392983 3.922355 6.805869 3.0 2.0 3.0
-1 1418347107.169381 0.0 1.0 2.82873 2.940988 3.980199 5.768165 2.0 1.0 0.0 3.940988 3.980199 3.980199 3.980199
-1 1418347107.569685 3.940988 3.980199 3.0 3.940988 2.940988 4.0 4.980199 3.940988 2.980199 2.922355 1.827177 2.0 1.827177
-1 1418347107.817873 3.0 3.980199 2.881976 3.940988 2.881976 2.980199 5.695849 5.980199 8.728224 4.864489 5.921187 2.881976 5.921187
-1 1418347108.204426 4.960397 5.500806 9.881584 3.980199 4.709568 5.960397 7.310481 4.960397 6.901385 6.960397 4.980199 1.940988 4.980199
-1 1418347108.556770 6.829815 2.0 2.980199 3.980199 1.0 2.0 6.882753 5.0 6.844711 3.0 5.901385 3.940988 5.901385
-1 1418347108.797009 1.0 1.0 2.0 5.882753 2.0 5.0 3.773478 1.0 2.881976 4.86678 5.845472 2.0 5.845472
-1 1418347109.180678 1.0 0.0 4.882753 3.921187 1.0 4.960397 1.0 2.0 5.63723 2.0 2.0 2.0 2.0
-1 1418347109.593738 2.0 2.7537 4.0 3.7537 0.0 2.0 4.694689 5.42619 2.940988 4.82567 4.882753 1.980199 4.882753
-1 1418347109.829905 2.0 1.35956 4.882753 6.845472 7.902554 3.0 3.311649 1.0 0.0 6.010143 6.0 7.805869 6.0
-1 1418347110.120693 3.120642 2.136976 1.940988 4.881976 3.921187 3.0 4.960397 4.100841 1.0 4.980199 3.0 6.921187 3.0
-1 1418347110.435802 3.0 2.0 4.881976 4.0 1.0 2.940988 3.0 2.0 4.0 8.862951 5.844711 3.0 5.844711
-1 1418347110.692831 3.0 1.0 3.882753 2.0 2.922355 1.0 5.044193 6.70148 5.980199 1.0 1.0 0.0 1.0
-1 1418347110.998160 8.675272 2.0 3.0 8.783362 4.980199 3.980199 5.044193 7.584232 2.980199 3.980199 3.980199 2.0 3.980199
-1 1418347111.311718 7.48408 1.0 2.0 1.980199 0.0 2.0 1.0 4.746857 0.940988 1.980199 0.0 1.0 0.0
-1 1418347111.642621 2.0 3.922355 1.940988 2.980199 0.940988 2.0 4.845472 3.0 5.0 1.0 1.940988 0.940988 1.940988
-1 1418347111.916962 0.0 1.0 3.0 5.358347 1.0 5.789128 5.822964 0.0 2.0 4.882753 1.0 2.980199 1.0
-1 1418347112.267870 0.0 0.0 6.960397 5.960397 1.0 3.0 1.0 1.0 1.882753 1.0 3.960397 1.940988 3.960397
-1 1418347112.633453 4.573152 2.0 2.980199 3.0 0.940988 3.922355 2.0 3.573152 3.804332 3.0 3.0 1.0 3.0
-1 1418347112.875679 3.980199 2.980199 4.67188 6.937246 6.501407 1.0 3.0 3.864489 3.730116 4.960397 3.980199 4.940988 3.980199
-1 1418347113.239306 0.0 2.0 0.940988 3.960397 0.940988 2.882753 7.465287 0.0 3.805869 4.803939 2.980199 1.0 2.980199
-1 1418347113.563298 4.0 5.527448 4.0 11.78453 3.940988 7.803163 6.995909 5.940988 5.634141 4.921187 5.862951 4.881976 5.862951
-1 1418347113.873817 2.921187 1.980199 4.980199 1.0 2.0 3.86678 2.980199 2.980199 2.921187 10.787727 2.0 2.0 2.0
-1 1418347114.302809 9.690943 5.940988 5.765505 3.882753 1.882753 1.0 10.136428 8.690943 4.0 3.882753 1.882753 0.0 1.882753
-1 1418347114.691258 2.940988 3.940988 1.64561 2.0 3.0 1.0 6.284631 3.687354 0.940988 3.940988 0.845472 1.0 0.845472
-1 1418347114.945348 2.921187 2.980199 4.921187 3.0 1.0 2.0 4.676048 2.921187 1.0 3.0 0.0 0.0 0.0
-1 1418347115.333770 1.0 1.882753 5.881976 2.882753 4.921187 2.882753 0.0 1.0 3.0 3.921187 1.940988 2.940988 1.940988
-1 1418347115.686608 2.0 1.0 7.844687 4.0 1.0 2.980199 3.0 1.0 2.980199 3.88429 5.881976 0.0 5.881976
-1 1418347115.982937 1.980199 1.0 2.789128 3.0 3.902554 0.0 1.0 2.980199 4.921187 0.0 0.0 2.980199 0.0
-1 1418347116.405293 4.823741 4.0 1.940988 1.789128 1.980199 1.0 3.347823 3.881976 1.940988 1.285492 0.7537 2.980199 0.7537
-1 1418347116.722535 4.980199 5.124218 6.764729 2.940988 0.0 2.940988 2.0 5.0 5.960397 9.725518 3.940988 0.0 3.940988
-1 1418347117.041718 7.571983 1.0 3.862951 3.862175 0.0 4.862175 4.940988 2.591785 3.881976 3.768165 3.881976 1.0 3.881976
-1 1418347117.456609 2.0 4.0 1.940988 4.933591 0.0 2.507401 1.0 1.0 3.882753 4.4876 2.59092 0.0 2.59092
-1 1418347117.753871 3.0 2.0 3.881976 5.940988 5.940988 3.921187 2.0 3.0 2.0 5.790997 3.940988 2.0 3.940988
-1 1418347118.073806 2.980199 4.960397 4.980199 2.980199 3.0 4.0 5.960397 2.980199 3.980199 4.637901 5.960397 5.980199 5.960397
-1 1418347118.419790 1.0 0.0 1.940988 0.0 5.922355 1.980199 0.0 0.0 3.980199 1.0 0.0 3.0 0.0
-1 1418347118.736626 0.0 0.0 0.0 0.0 1.980199 1.0 2.453495 0.0 4.0 1.940988 0.940988 1.980199 0.940988
-1 1418347119.027672 8.194002 3.0 4.529901 5.694296 6.84315 2.0 4.474694 7.455285 6.550041 3.980199 0.0 1.0 0.0
-1 1418347119.579371 6.623619 1.940988 3.0 0.940988 4.805869 0.940988 2.972963 2.921187 1.0 2.750309 1.980199 2.0 1.980199
-1 1418347119.785063 3.881976 5.881976 6.862175 6.960397 1.0 2.0 6.862175 3.881976 7.454645 7.593459 4.0 1.0 4.0
-1 1418347120.143986 2.0 4.0 3.0 2.0 3.0 2.0 5.676048 2.0 1.0 4.0 2.980199 3.922355 2.980199
-1 1418347120.599845 3.882753 0.0 1.940988 8.822572 1.881976 1.980199 4.500618 5.805869 6.745704 1.0 1.940988 1.940988 1.940988
-1 1418347120.837999 4.921187 10.254584 3.547562 3.0 2.980199 2.0 11.307476 7.203681 4.902554 2.0 2.0 0.0 2.0
-1 1418347121.107204 1.0 2.0 3.694689 2.882753 1.0 0.0 3.980199 2.980199 9.12945 0.0 2.0 1.0 2.0
-1 1418347121.430437 2.0 2.0 2.0 10.268505 0.940988 3.823741 4.0 2.0 2.0 4.506588 2.0 2.940988 2.0
-1 1418347121.766738 5.882753 3.0 5.0 3.630882 3.960397 4.940988 3.88429 3.940988 3.940988 9.649019 6.823741 2.0 6.823741
-1 1418347122.100533 0.0 3.629645 3.921187 1.0 2.0 1.0 5.475116 0.0 0.0 3.0 1.0 1.0 1.0
-1 1418347122.520998 6.940988 4.0 7.862175 7.803163 5.980199 8.881584 3.0 7.598448 7.901385 10.823349 4.940988 5.0 4.940988
-1 1418347122.773843 7.786068 7.669615 4.82567 7.82567 3.0 3.627478 8.243998 4.805869 5.786068 6.529255 5.82567 3.0 5.82567
-1 1418347123.085421 2.827177 4.960397 1.940988 6.980199 3.0 5.980199 2.980199 4.733507 6.583064 2.0 1.0 3.0 1.0
-1 1418347123.524963 3.922355 4.882753 7.351572 7.631539 6.921187 2.940988 3.940988 3.922355 3.922355 8.911499 6.729762 8.803939 6.729762
-1 1418347123.793393 4.960397 4.980199 5.881976 5.65746 4.0 5.65746 4.980199 5.864489 2.980199 6.921187 4.0 4.0 4.0
-1 1418347124.030458 2.0 2.0 3.0 7.765505 3.0 7.594235 3.980199 2.940988 4.337962 11.554633 4.0 4.0 4.0
-1 1418347124.438773 7.688622 6.097905 4.921187 5.0 4.940988 4.980199 6.167458 3.940988 4.803939 6.921187 3.940988 4.0 3.940988
-1 1418347124.959158 6.886964 7.462587 2.980199 1.980199 6.901385 3.980199 7.116198 7.484096 3.805869 1.940988 1.940988 3.980199 1.940988
-1 1418347125.245185 0.940988 1.235638 1.0 3.0 0.0 2.922355 5.765505 3.474465 0.940988 3.863343 2.0 0.0 2.0
-1 1418347125.533806 2.980199 2.0 1.0 2.0 2.0 3.940988 4.0 2.0 2.0 4.921187 1.0 1.940988 1.0
-1 1418347125.784573 5.980199 5.921187 2.78646 0.0 0.0 1.0 6.901385 6.960397 7.921187 0.0 0.0 0.0 0.0
-1 1418347126.044111 0.0 1.0 4.845472 6.862175 1.829815 2.940988 3.0 1.0 0.0 1.0 2.940988 1.0 2.940988
-1 1418347126.383214 1.980199 0.0 8.807376 5.803163 2.0 2.0 3.846979 1.980199 3.980199 3.862175 4.940988 1.0 4.940988
-1 1418347126.753810 1.0 1.0 7.648769 7.881584 8.940596 6.901385 4.921187 1.0 3.881976 11.84315 8.495001 6.960397 8.495001
-1 1418347127.013956 1.940988 4.727448 5.921187 2.0 2.980199 2.980199 7.651695 4.940988 2.940988 3.0 1.980199 1.0 1.980199
-1 1418347127.413191 5.960397 6.0 4.940988 4.82567 3.823741 4.921187 5.0 3.0 2.980199 3.690943 5.65731 4.573696 5.65731
-1 1418347127.742733 1.0 0.0 2.0 2.940988 3.980199 3.940988 2.0 1.0 3.0 8.590102 3.0 2.0 3.0
-1 1418347128.030522 1.76858 0.792519 2.845472 1.845472 2.0 4.78646 7.430457 3.76858 3.940988 10.709386 5.634599 3.792519 5.634599
-1 1418347128.545177 1.0 0.0 6.901385 3.940988 7.881584 3.0 4.804332 1.0 0.0 4.960397 5.921187 9.822572 5.921187
-1 1418347128.844929 2.0 3.0 6.0 5.764729 4.980199 4.882753 5.976866 3.0 4.881976 4.0 6.862175 4.980199 6.862175
-1 1418347129.195500 0.845472 3.730116 4.940988 8.940988 4.676048 4.0 5.634599 2.82567 0.0 4.0 6.940988 4.0 6.940988
-1 1418347129.649146 5.901385 3.960397 6.825278 3.614962 1.0 2.940988 2.980199 4.960397 4.980199 5.651333 3.940988 1.0 3.940988
-1 1418347129.901739 1.88429 2.0 4.940988 1.0 2.0 2.0 3.715651 1.845472 7.844687 1.465363 1.88429 3.0 1.88429
-1 1418347130.277504 1.0 3.0 1.940988 1.0 1.0 3.940988 2.980199 7.624433 0.88429 0.940988 1.940988 0.0 1.940988
-1 1418347130.725066 8.011038 1.0 5.940988 3.0 5.940988 5.940988 4.0 3.350742 3.0 11.764729 3.0 5.940988 3.0
-1 1418347131.010667 2.0 3.0 3.599172 3.78646 3.733899 6.881976 3.0 3.0 3.0 7.921187 2.690943 2.0 2.690943
-1 1418347131.383044 5.940988 2.940988 1.0 2.534604 3.940988 2.47108 3.921187 5.980199 7.612747 0.0 2.0 3.940988 2.0
