-1 1418361023.641238 0.0 0.0 1.0 1.0 1.846336 2.846336 0.8816 0.0 0.0 2.846336 2.571315 1.846336 2.571315
-1 1418361024.129473 0.0 1.695683 3.511055 0.0 1.0 1.8816 1.695683 0.0 0.0 2.115229 0.0 1.0 0.0
-1 1418361024.276478 0.0 1.0 3.370613 0.0 1.601141 0.0 1.8816 1.0 0.0 2.370613 0.0 2.370613 0.0
-1 1418361024.494548 0.8816 0.8816 4.92 7.055905 6.525043 5.357212 0.8816 0.8816 0.8816 4.766336 4.766336 1.0 4.766336
-1 1418361024.791352 1.0 1.0 1.96 1.0 3.0 1.0 1.0 1.0 1.0 2.0 2.0 2.0 2.0
-1 1418361025.034563 0.0 0.0 4.431055 2.0 1.0 2.0 0.0 0.0 1.96 2.0 1.0 1.0 1.0
-1 1418361025.238331 0.0 0.0 3.502441 4.615683 1.502441 5.615683 3.524341 0.0 0.0 2.348777 1.0 1.502441 1.0
-1 1418361025.660616 0.0 0.0 0.0 0.0 0.0 2.8816 1.0 1.0 0.0 1.8816 0.0 0.8816 0.0
-1 1418361025.965164 2.0 1.0 1.8816 0.0 1.0 1.846336 2.0 2.0 2.0 1.8816 0.0 0.0 0.0
-1 1418361026.140819 0.0 0.0 1.0 0.0 0.0 0.0 0.0 0.0 0.0 0.0 0.0 0.0 0.0
-1 1418361026.456163 0.0 0.0 0.0 2.8816 5.575852 0.0 0.772483 1.0 0.0 0.0 0.0 0.8816 0.0
-1 1418361026.959140 0.0 0.0 2.96 0.0 0.8816 0.8816 0.0 0.0 0.0 1.369558 0.0 0.8816 0.0
-1 1418361027.130409 1.8816 0.0 0.0 1.8816 0.0 0.0 0.0 1.8816 1.0 0.0 1.0 0.0 1.0
-1 1418361027.362108 1.0 1.96 1.0 0.0 0.0 0.0 2.96 1.0 1.0 2.0 0.0 0.0 0.0
-1 1418361027.907933 0.601141 0.8816 4.806336 1.96 1.0 4.158284 1.577283 0.601141 0.0 3.96 1.0 0.0 1.0
-1 1418361028.095826 1.0 0.0 1.0 1.0 2.727936 0.0 0.0 0.0 1.0 0.0 0.0 2.727936 0.0
-1 1418361028.368280 0.0 0.0 1.846336 1.96 0.099853 1.96 0.0 0.0 1.0 1.413451 0.0 0.273083 0.0
-1 1418361028.898802 0.0 0.0 0.0 0.8816 0.0 0.8816 0.0 0.0 1.0 5.577283 0.8816 0.0 0.8816
-1 1418361029.071386 1.0 1.0 0.0 0.0 0.0 0.0 0.0 0.0 0.0 0.0 0.0 0.0 0.0
-1 1418361029.272116 1.352589 0.0 0.0 0.0 0.0 1.0 0.371997 1.352589 3.370613 1.0 0.0 0.0 0.0
-1 1418361029.771390 1.96 4.269765 1.0 0.0 0.0 1.0 0.772483 2.8416 3.293813 0.67192 0.0 0.0 0.0
-1 1418361030.070845 0.0 1.0 1.0 0.0 0.0 0.0 1.0 0.0 0.8816 1.0 1.0 0.0 1.0
-1 1418361030.275711 0.0 0.0 1.0 1.8816 5.8416 0.0 0.8816 0.0 0.0 0.0 1.0 5.8416 1.0
-1 1418361030.735663 0.0 0.0 1.0 1.0 1.0 1.0 0.0 0.0 0.0 3.81746 0.0 1.0 0.0
-1 1418361031.063106 1.8816 1.0 1.0 1.645043 0.0 1.0 1.0 2.96 1.766336 1.571315 1.0 0.0 1.0
-1 1418361031.255055 2.0 1.0 1.0 1.0 0.0 0.0 1.96 2.356913 1.96 0.695683 0.0 0.0 0.0
-1 1418361031.730165 1.0 0.0 1.8816 1.0 1.0 1.0 1.0 1.0 1.96 1.8816 1.0 1.0 1.0
-1 1418361032.080856 0.0 0.0 1.59512 0.0 1.0 1.0 0.0 0.0 0.0 0.0 1.0 1.0 1.0
-1 1418361032.304498 1.0 1.0 1.0 1.0 1.741583 0.0 1.0 1.0 2.0 0.8816 0.0 1.0 0.0
-1 1418361032.656250 0.8816 0.8816 4.67192 6.204218 3.92 4.244218 0.8816 0.8816 0.8816 1.96 1.96 1.96 1.96
-1 1418361032.923515 0.0 0.0 1.0 2.59512 0.0 2.59512 0.0 0.0 0.0 1.0 1.0 0.0 1.0
-1 1418361033.126157 0.0 0.0 1.0 1.96 0.695683 1.0 0.0 0.0 0.0 1.0 1.0 0.0 1.0
-1 1418361033.311853 1.511055 3.408332 1.0 1.96 1.0 2.766336 1.0 0.286134 0.0 3.647936 1.0 1.0 1.0
-1 1418361033.619117 0.0 0.0 0.0 1.0 1.0 1.8816 0.8816 0.0 2.0 1.0 0.0 1.0 0.0
-1 1418361034.062709 0.0 4.8816 0.0 0.0 1.0 0.0 5.7632 1.0 0.0 0.0 0.0 1.0 0.0
-1 1418361034.250259 0.0 0.0 3.766336 5.759718 8.117027 2.96 0.0 0.0 0.0 2.0 1.0 6.197027 1.0
-1 1418361034.544769 2.0 1.96 1.96 6.146317 1.96 2.96 2.8816 2.8816 1.0 4.002662 1.96 1.96 1.96
-1 1418361035.000797 0.0 0.0 4.431055 3.431055 1.661583 1.661583 3.431055 0.0 1.766336 4.485091 3.431055 1.661583 3.431055
-1 1418361035.193889 2.8816 2.0 1.96 0.0 1.96 0.0 0.0 2.8816 1.846336 0.0 0.695683 0.0 0.695683
-1 1418361035.448772 0.0 1.96 0.0 0.0 1.0 1.0 3.8416 0.0 0.0 1.8816 0.0 1.0 0.0
-1 1418361036.007996 2.0 1.0 1.0 2.0 2.0 2.0 1.0 2.0 2.766336 1.0 1.0 1.0 1.0
-1 1418361036.188021 0.0 0.0 1.0 2.0 6.370613 0.0 0.0 0.0 1.0 0.0 1.0 2.587855 1.0
-1 1418361036.520523 0.0 1.0 4.213813 2.51512 4.213813 2.51512 1.766336 0.0 1.0 2.647936 1.766336 5.095413 1.766336
-1 1418361037.001384 0.0 0.0 1.0 1.8816 2.8816 0.8816 1.0 0.8816 0.0 1.766336 0.0 0.8816 0.0
-1 1418361037.178695 0.0 0.0 0.0 1.511055 0.0 2.511055 0.0 0.0 2.96 2.695683 0.0 0.0 0.0
-1 1418361037.436398 1.855758 0.682121 0.0 0.0 0.0 1.0 0.0 5.251555 1.96 2.236963 1.96 1.0 1.96
-1 1418361038.034754 0.0 0.0 1.0 1.0 1.0 1.0 0.0 1.0 0.0 1.0 2.0 1.0 2.0
-1 1418361038.178694 0.0 0.0 1.0 1.0 1.0 0.0 1.0 0.0 0.0 1.0 2.0 2.0 2.0
-1 1418361038.487743 1.0 1.0 0.0 0.147176 1.0 1.650071 1.0 1.0 1.0 3.427959 0.147176 1.0 0.147176
-1 1418361039.008515 0.0 0.0 2.0 1.0 1.667855 1.0 0.0 0.0 0.0 1.667855 4.293813 1.0 4.293813
-1 1418361039.195961 2.0 1.0 1.0 1.0 1.0 1.0 1.0 2.0 1.846336 1.0 2.0 1.0 2.0
-1 1418361039.409078 0.0 3.92 3.614083 2.96 2.8416 4.621583 5.8016 0.0 0.0 4.726336 2.96 2.8416 2.96
-1 1418361039.984265 0.0 0.0 0.0 1.0 1.0 0.0 0.0 0.0 0.0 0.0 1.0 1.0 1.0
-1 1418361040.182057 1.0 0.0 1.0 0.0 1.0 0.0 0.0 1.0 1.0 0.0 0.0 1.0 0.0
-1 1418361040.451475 0.0 0.0 0.8816 0.695683 0.8816 0.0 0.0 0.0 0.0 0.0 1.766336 0.0 1.766336
-1 1418361041.018435 0.0 0.0 0.8816 0.0 1.766336 0.0 0.0 0.0 0.0 0.0 0.0 0.8816 0.0
-1 1418361041.202964 0.0 0.0 0.0 1.0 1.423367 2.579241 0.0 0.0 0.0 1.772483 0.0 0.8816 0.0
-1 1418361041.436000 0.0 0.0 0.0 0.0 0.0 0.0 1.846336 0.0 0.0 0.0 0.0 0.0 0.0
-1 1418361041.962112 2.96 2.0 0.0 2.8816 0.0 3.431055 5.8416 2.96 1.0 2.615683 0.8816 0.0 0.8816
-1 1418361042.187076 2.0 0.0 1.0 0.0 2.615683 0.0 0.0 1.0 0.0 0.0 0.0 1.766336 0.0
-1 1418361042.418073 2.766336 1.766336 2.51512 9.443263 1.766336 3.726336 1.766336 2.766336 1.766336 7.01188 4.438256 1.766336 4.438256
-1 1418361042.878790 0.0 0.0 1.0 3.96 8.003661 3.432589 1.0 0.0 1.0 3.0 2.0 2.0 2.0
-1 1418361043.193009 1.511055 0.524341 2.0 0.0 1.0 0.0 0.0 0.846512 0.0 0.0 0.0 0.0 0.0
-1 1418361043.416862 0.0 0.0 0.8816 0.8816 0.0 0.0 1.8816 0.0 0.0 0.8816 0.8816 0.0 0.8816
-1 1418361043.949156 2.766336 0.0 2.96 0.0 2.0 2.0 0.0 1.96 2.8816 1.0 0.0 1.0 0.0
-1 1418361044.210173 0.0 0.0 2.96 1.0 4.655683 0.0 0.0 0.0 2.8816 0.0 0.0 0.0 0.0
-1 1418361044.423587 0.0 0.0 0.8816 1.766336 1.0 1.847566 0.0 0.0 0.0 4.766336 1.766336 1.695683 1.766336
-1 1418361044.937662 0.0 0.0 0.0 2.772483 2.96 2.0 1.0 0.0 0.0 5.86259 0.0 2.96 0.0
-1 1418361045.241122 1.0 0.0 2.0 2.0 2.0 2.96 3.0 1.0 0.0 2.96 2.96 2.0 2.96
-1 1418361045.409361 2.47672 2.801254 0.0 1.0 1.0 1.0 0.59512 2.380005 5.130802 0.8816 0.0 0.0 0.0
-1 1418361045.627033 2.543183 1.8816 0.0 1.0 0.0 2.96 2.766336 2.51512 4.312655 2.96 2.0 0.0 2.0
-1 1418361045.933818 2.96 1.96 1.601141 0.524341 0.0 0.601141 2.601141 1.96 1.96 0.601141 2.444341 0.0 2.444341
-1 1418361046.197398 1.0 1.0 1.587855 1.0 1.772483 0.695683 1.0 1.0 0.0 0.695683 1.0 3.615683 1.0
-1 1418361046.417168 0.0 0.0 0.0 3.863962 3.8816 1.661583 0.0 0.0 0.0 4.736582 1.661583 1.96 1.661583
-1 1418361046.846516 0.0 0.0 1.96 0.0 3.105837 0.0 0.0 0.0 0.0 1.96 0.0 0.0 0.0
-1 1418361047.215192 0.0 0.0 1.0 0.0 0.0 0.0 0.0 0.0 1.96 0.0 0.0 0.0 0.0
-1 1418361047.437376 1.772483 0.0 0.0 1.0 1.0 0.0 0.0 1.0 0.0 2.0 2.0 1.0 2.0
-1 1418361047.943315 1.0 1.0 1.0 0.0 0.0 0.0 1.0 1.0 5.350315 0.0 0.0 0.0 0.0
-1 1418361048.266394 1.0 0.0 1.414515 0.0 0.291683 0.0 1.0 2.0 1.96 0.0 0.0 0.0 0.0
-1 1418361048.592770 2.0 1.0 0.601141 4.92986 2.367477 3.033089 1.601141 2.0 1.0 4.370613 0.601141 0.601141 0.601141
-1 1418361049.108420 1.0 1.0 0.0 0.0 0.0 0.0 1.0 1.0 2.0 0.437212 0.0 0.0 0.0
-1 1418361049.299204 2.96 3.772483 0.8816 0.0 0.0 0.0 1.0 0.0 2.0 0.0 1.0 0.0 1.0
-1 1418361049.578667 3.654083 1.96 3.96 2.0 2.0 2.0 2.772483 2.772483 2.8416 2.0 2.0 2.0 2.0
-1 1418361050.140911 0.0 0.0 0.0 0.0 1.0 1.96 0.0 0.0 0.0 0.0 0.0 0.0 0.0
-1 1418361050.324297 1.0 0.0 1.866245 3.8816 6.292979 0.0 0.0 1.0 0.0 0.0 1.766336 2.526643 1.766336
-1 1418361050.665662 1.0 0.0 3.8816 9.060391 3.353006 6.440098 0.0 1.0 0.0 3.710626 2.0 1.96 2.0
-1 1418361051.140937 1.766336 1.0 1.0 1.0 1.8816 0.0 0.0 1.766336 0.0 1.0 0.0 1.0 0.0
-1 1418361051.338864 0.0 1.511055 0.0 0.0 0.0 0.0 2.293813 0.0 1.0 2.0 0.0 0.0 0.0
-1 1418361051.716831 0.0 0.0 0.0 2.0 0.0 0.0 0.0 0.0 2.067819 0.0 3.0 0.0 3.0
-1 1418361052.192026 1.0 1.8816 0.0 0.0 1.0 1.587855 2.458695 1.0 0.67192 1.0 1.0 1.0 1.0
-1 1418361052.408403 2.0 0.0 0.0 0.8816 0.0 0.0 0.0 1.0 0.0 0.0 0.0 0.0 0.0
-1 1418361052.796468 0.0 1.0 1.0 2.96 1.0 2.0 1.0 1.96 0.0 4.118372 1.96 1.0 1.96
-1 1418361053.231813 1.0 0.0 1.0 0.0 0.0 0.0 0.0 1.0 2.0 1.766336 0.0 0.0 0.0
-1 1418361053.428069 0.0 4.736582 0.0 0.8816 1.96 2.7632 3.319633 0.0 1.0 1.8816 0.0 0.0 0.0
-1 1418361053.943523 0.0 0.0 1.0 0.0 1.0 0.0 0.0 0.0 1.0 0.0 0.0 1.0 0.0
-1 1418361054.272385 0.0 1.0 0.8816 1.0 0.0 0.0 1.0 1.0 1.8816 0.0 1.0 0.0 1.0
-1 1418361054.484722 0.0 0.0 1.96 0.772483 3.443233 0.0 0.0 0.0 0.0 0.0 2.0 1.96 2.0
-1 1418361054.956465 1.0 1.0 0.0 2.450613 1.0 1.0 1.0 2.0 1.96 2.0 0.0 0.0 0.0
-1 1418361055.299952 0.0 0.0 0.8816 1.0 0.0 1.0 0.0 0.0 1.587855 2.0 1.0 1.0 1.0
-1 1418361055.517273 1.346567 0.0 1.0 1.0 1.0 1.0 0.0 1.346567 0.437212 3.766336 1.0 1.0 1.0
-1 1418361055.748529 0.0 1.0 1.0 0.0 0.0 0.0 2.67192 0.0 0.0 0.0 1.0 0.0 1.0
-1 1418361056.006539 0.0 0.0 1.0 1.0 1.0 2.0 1.0 0.0 0.0 2.0 1.0 2.0 1.0
-1 1418361056.268881 0.0 2.0 0.695683 1.766336 0.0 0.0 1.8816 0.0 0.0 0.772483 0.0 0.0 0.0
-1 1418361056.475893 1.0 1.0 0.0 2.96 3.413451 1.0 1.0 1.0 1.0 0.0 1.0 0.0 1.0
-1 1418361056.786523 1.0 0.0 1.0 1.96 0.0 1.96 1.0 1.0 0.0 5.318125 1.96 0.0 1.96
-1 1418361057.222300 1.0 0.0 0.0 0.8816 0.0 0.8816 0.0 0.0 1.0 3.695683 2.8816 0.0 2.8816
-1 1418361057.420033 1.0 2.0 2.67192 0.0 1.96 1.96 0.0 0.0 0.0 2.96 1.96 1.96 1.96
-1 1418361057.747061 2.8816 0.0 0.0 0.8816 1.0 1.0 0.0 1.96 1.0 0.431663 0.0 0.431663 0.0
-1 1418361058.274779 0.0 1.0 0.0 1.0 0.0 0.0 0.0 0.0 0.0 1.96 0.8816 1.0 0.8816
-1 1418361058.532925 2.0 2.0 3.0 1.0 0.8816 0.0 2.0 2.0 1.0 1.0 1.0 0.0 1.0
-1 1418361059.001721 1.0 1.0 1.8816 0.0 1.0 0.0 0.0 0.0 0.0 0.0 0.0 0.0 0.0
-1 1418361059.378370 0.0 0.0 0.0 1.0 2.0 1.0 0.0 0.0 0.8816 1.046344 0.0 1.0 0.0
-1 1418361059.708718 0.0 0.0 0.0 1.0 0.0 0.0 0.695683 0.0 0.0 0.0 0.0 0.0 0.0
-1 1418361060.237016 0.0 0.0 1.0 1.0 1.0 0.0 1.0 0.0 1.96 1.0 1.0 1.0 1.0
-1 1418361060.456906 1.0 1.0 0.0 0.0 0.0 1.0 0.0 2.577095 1.0 1.0 0.0 0.0 0.0
-1 1418361060.841639 0.0 0.0 1.0 3.933057 2.96 2.772483 0.0 1.0 1.0 1.96 0.0 1.96 0.0
-1 1418361061.296993 0.0 0.0 1.0 1.0 1.0 1.0 1.0 0.0 0.0 1.0 1.0 1.0 1.0
-1 1418361061.487843 0.0 1.0 2.96 2.96 3.587855 2.766336 2.96 0.0 1.8816 2.8816 2.96 2.772483 2.96
-1 1418361061.941225 2.766336 2.0 2.0 2.96 1.0 1.0 6.7632 2.766336 1.96 1.0 1.0 1.0 1.0
-1 1418361062.330950 0.0 1.0 1.0 0.0 0.0 1.96 1.0 0.0 1.0 1.96 0.0 0.0 0.0
-1 1418361062.565977 1.0 1.96 0.0 0.0 1.96 0.8816 0.0 1.0 0.0 1.8816 0.0 1.8816 0.0
-1 1418361062.982050 1.0 1.0 3.846336 5.11905 4.727936 3.806336 1.0 1.0 1.0 4.727936 2.846336 4.727936 2.846336
-1 1418361063.348064 0.0 0.0 1.0 0.695683 0.0 0.0 0.0 0.0 1.0 2.050492 1.414515 0.0 1.414515
-1 1418361063.579206 1.0 3.720332 1.0 1.0 1.0 1.96 2.021639 1.0 1.0 2.96 2.0 1.96 2.0
-1 1418361064.071038 1.0 1.0 1.0 3.59512 2.0 3.59512 1.0 1.0 2.772483 2.0 2.0 2.96 2.0
-1 1418361064.407194 0.0 0.0 1.0 1.0 1.0 2.0 1.0 0.0 1.0 2.0 0.0 1.0 0.0
-1 1418361064.591642 1.8816 0.0 3.587855 4.119 1.96 2.96 0.0 1.0 1.0 1.96 0.0 1.96 0.0
-1 1418361064.833464 1.0 1.0 1.0 0.8816 1.96 0.8816 1.0 1.0 1.0 2.8816 0.0 0.0 0.0
-1 1418361065.140272 1.0 1.0 2.8816 2.0 3.0 2.0 1.0 1.0 1.96 2.0 2.0 3.0 2.0
-1 1418361065.391343 0.0 0.0 1.96 0.0 1.0 0.0 0.0 0.0 0.0 1.0 0.0 1.0 0.0
-1 1418361065.608844 0.0 0.0 1.766336 1.8816 1.0 0.0 4.673999 0.0 0.0 1.0 1.7632 1.0 1.7632
-1 1418361065.945417 0.0 0.0 1.772483 1.0 2.96 1.96 1.0 0.0 1.96 3.96 1.0 3.96 1.0
-1 1418361066.356236 3.8816 4.8816 1.96 1.0 1.0 1.96 3.96 2.8816 3.92 1.96 1.96 1.0 1.96
-1 1418361066.584869 0.0 0.0 0.0 0.0 1.0 0.0 0.0 0.0 2.0 1.0 0.0 0.0 0.0
-1 1418361066.959615 0.0 1.0 6.726336 8.374316 2.96 8.044651 2.0 1.0 0.0 5.615683 4.615683 3.772483 4.615683
-1 1418361067.357996 2.8816 1.0 0.0 0.0 0.8816 0.0 1.0 2.8816 2.8816 1.0 0.0 0.0 0.0
-1 1418361067.575142 0.0 0.0 0.0 0.8816 1.0 0.0 0.0 0.0 0.0 2.503367 2.0 0.0 2.0
-1 1418361068.122544 0.0 0.0 1.0 2.0 1.0 3.766336 3.615683 1.96 1.667855 1.0 1.0 1.0 1.0
-1 1418361068.407682 0.0 0.0 0.0 0.0 1.0 0.0 2.0 0.0 0.0 2.766336 1.59512 1.0 1.59512
-1 1418361068.730958 0.0 0.0 3.772483 3.0 6.726336 1.8816 1.0 0.0 0.8816 1.950166 2.0 5.8416 2.0
-1 1418361069.281120 0.0 0.0 1.96 6.607936 0.772483 1.766336 1.0 0.0 0.0 1.766336 1.96 0.0 1.96
-1 1418361069.490801 0.0 0.0 1.0 2.587855 0.0 1.0 0.0 0.0 0.772483 1.587855 1.587855 0.0 1.587855
-1 1418361069.846360 0.0 0.0 2.0 1.695683 0.0 1.0 1.0 0.0 1.8816 3.0 3.567268 1.0 3.567268
-1 1418361070.356415 0.0 0.0 0.0 0.0 0.0 0.0 0.0 0.0 1.0 0.0 0.0 0.0 0.0
-1 1418361070.550025 0.0 0.0 1.0 1.0 1.0 1.0 1.8816 0.0 0.0 3.547855 1.0 0.0 1.0
-1 1418361070.938750 1.0 0.0 1.577095 2.695683 6.431055 0.0 0.0 1.0 0.0 0.0 0.0 0.0 0.0
-1 1418361071.422642 0.0 0.0 2.0 1.96 2.413451 1.96 1.695683 0.0 1.0 3.470782 1.96 1.0 1.96
-1 1418361071.628873 0.0 0.0 1.0 0.0 0.0 0.0 0.0 0.0 1.96 3.766336 0.0 0.0 0.0
-1 1418361072.137656 2.0 2.0 1.224757 0.8816 0.0 0.0 3.0 2.0 2.0 1.0 0.0 0.0 0.0
-1 1418361072.450237 0.8816 0.0 1.0 1.0 0.0 1.96 0.0 0.8816 0.450613 1.96 1.0 0.0 1.0
-1 1418361072.646861 0.0 0.0 3.195789 1.96 6.970767 0.0 0.0 0.0 0.0 0.0 0.0 5.937485 0.0
-1 1418361073.112175 0.0 0.0 1.0 0.0 1.0 3.92 0.0 0.0 0.0 2.732483 0.0 1.96 0.0
-1 1418361073.438558 1.0 0.0 0.0 0.0 1.0 1.0 0.0 1.0 2.8816 2.0 1.0 2.0 1.0
-1 1418361073.656204 4.312655 0.8816 0.0 0.8816 0.0 0.0 2.7632 1.7632 0.074356 0.0 1.0 0.0 1.0
-1 1418361074.151337 1.0 0.0 0.0 0.0 0.0 1.0 1.0 0.0 1.0 1.0 0.0 0.0 0.0
-1 1418361074.464856 0.0 0.0 2.772483 0.0 1.96 2.0 0.0 0.695683 2.524341 2.0 0.0 2.0 0.0
-1 1418361074.755141 0.0 0.0 0.0 1.96 6.647936 0.0 0.0 0.0 0.0 0.0 1.0 1.764516 1.0
-1 1418361075.316957 0.0 0.0 1.96 4.484341 2.601141 1.96 0.0 1.0 1.0 3.159541 2.524341 1.96 2.524341
-1 1418361075.549959 0.0 0.0 0.0 1.0 0.0 2.0 0.0 0.0 2.587855 1.0 0.0 0.0 0.0
-1 1418361075.774369 1.96 0.0 1.96 1.695683 0.0 0.695683 0.0 1.0 2.8816 1.511055 0.0 0.0 0.0
-1 1418361076.040023 1.695683 2.0 1.96 1.96 1.96 1.96 2.0 1.0 1.0 1.96 1.96 1.96 1.96
-1 1418361076.350695 0.0 0.0 1.0 1.0 1.0 1.0 1.0 0.0 0.0 2.0 1.0 1.0 1.0
-1 1418361076.539974 0.0 1.8816 1.96 1.96 0.0 0.0 4.543183 0.0 0.8816 0.0 2.96 1.0 2.96
-1 1418361076.763121 0.0 0.0 0.8816 4.766336 1.766336 1.766336 0.0 0.0 2.0 1.0 0.0 0.8816 0.0
-1 1418361077.092788 0.0 0.0 1.0 1.0 0.0 0.0 0.0 0.0 1.766336 0.0 1.0 0.0 1.0
-1 1418361077.453489 0.0 0.0 1.0 0.0 1.0 0.0 0.0 0.0 0.0 4.252526 0.0 0.0 0.0
-1 1418361077.649452 1.0 1.766336 0.0 0.0 0.0 0.0 1.766336 1.0 0.0 0.0 0.0 0.772483 0.0
-1 1418361078.004296 0.0 1.96 2.96 0.0 1.0 2.846336 1.0 1.0 1.0 2.0 0.0 2.0 0.0
-1 1418361078.488815 0.0 0.8816 1.0 1.0 2.0 1.96 1.0 0.0 0.8816 1.0 2.96 1.0 2.96
-1 1418361078.711228 0.0 0.0 1.96 2.96 6.607936 3.8816 0.0 0.0 0.0 2.8816 0.0 6.6448 0.0
-1 1418361079.071765 1.0 2.0 1.0 2.8416 3.940567 2.96 2.0 1.0 1.0 4.262637 1.96 2.0 1.96
-1 1418361079.492912 0.0 0.0 2.0 0.8816 1.0 2.8816 0.0 0.0 0.0 1.8816 0.8816 1.0 0.8816
-1 1418361079.711297 1.96 2.96 0.0 0.0 0.0 0.0 2.96 1.96 1.423367 0.0 0.0 0.0 0.0
-1 1418361080.223551 1.0 0.0 1.0 0.0 0.0 0.0 0.0 0.0 0.0 0.0 0.0 0.0 0.0
-1 1418361080.522648 1.7632 1.8816 2.695683 0.0 1.0 1.0 1.8816 0.8816 1.7632 1.0 1.0 1.0 1.0
-1 1418361080.738225 1.0 0.0 1.0 0.0 5.311365 1.0 0.0 0.0 1.0 2.8816 0.0 1.577283 0.0
-1 1418361081.253386 0.0 2.0 0.67192 0.0 2.917291 0.224757 2.0 0.0 0.8816 1.0 0.0 0.0 0.0
-1 1418361081.519213 0.0 0.0 2.0 3.479189 2.0 2.0 2.0 0.0 2.96 6.2115 5.304063 2.0 5.304063
-1 1418361081.725224 1.0 0.0 1.0 1.766336 0.0 1.766336 0.0 1.0 0.0 2.766336 0.0 0.0 0.0
-1 1418361082.210023 1.0 0.0 0.0 0.0 1.0 0.0 0.0 0.0 2.615683 0.0 0.0 0.0 0.0
-1 1418361082.545982 0.0 0.0 1.0 1.0 1.0 1.0 0.0 0.0 0.0 0.0 0.0 1.0 0.0
-1 1418361082.794805 0.0 0.0 1.0 1.0 7.424783 2.0 0.0 0.0 0.0 2.8816 0.0 1.0 0.0
-1 1418361083.252574 0.0 1.0 1.96 1.96 4.370613 0.772483 2.0 1.0 1.0 2.8816 1.96 0.0 1.96
-1 1418361083.555176 0.0 0.0 2.0 1.0 0.0 1.0 0.0 0.0 2.655683 1.0 1.0 1.0 1.0
-1 1418361083.815559 0.0 2.0 0.0 0.0 0.0 0.0 1.8816 0.0 0.8816 0.0 0.0 0.0 0.0
-1 1418361084.432697 0.0 0.0 1.0 1.0 1.0 1.0 1.0 0.0 0.0 2.846336 1.0 0.0 1.0
-1 1418361084.664662 1.0 1.0 1.0 1.96 1.0 0.0 1.695683 1.695683 2.96 0.0 1.0 1.0 1.0
-1 1418361085.046846 0.0 1.0 0.0 0.0 0.0 0.0 0.0 0.0 0.0 0.0 0.0 0.0 0.0
-1 1418361085.494206 0.0 0.0 1.8816 1.0 0.0 1.0 0.0 0.0 0.0 1.0 1.0 0.0 1.0
-1 1418361085.707776 0.0 1.0 2.0 2.96 2.0 1.0 0.0 0.0 3.497283 2.0 2.0 2.0 2.0
-1 1418361085.903502 1.0 1.0 1.0 1.0 1.0 2.8816 1.0 0.0 1.0 2.8816 1.0 2.8816 1.0
-1 1418361086.176488 1.0 0.0 0.0 0.0 0.0 0.0 1.0 1.0 0.0 1.0 0.0 1.96 0.0
-1 1418361086.496671 3.92 1.0 1.0 0.0 1.0 1.8816 1.0 1.96 2.293813 1.0 1.0 1.0 1.0
-1 1418361086.729350 1.0 1.0 0.0 0.0 0.0 0.0 1.0 1.0 1.0 0.0 0.0 0.0 0.0
-1 1418361087.079727 1.0 0.0 2.8816 5.211683 0.0 3.368483 0.0 1.0 3.292705 0.0 0.0 0.0 0.0
-1 1418361087.533359 1.8816 1.0 1.846336 1.846336 1.0 0.0 1.846336 1.8816 3.612672 5.381041 4.655683 1.0 4.655683
-1 1418361087.738036 2.0 4.8416 1.0 1.0 1.0 1.0 2.8816 2.8816 3.0 1.0 1.0 1.0 1.0
-1 1418361088.136820 0.0 0.0 0.8816 1.0 0.0 1.0 1.0 0.0 2.59512 0.8816 0.0 0.0 0.0
-1 1418361088.568700 0.0 0.0 2.695683 2.0 3.0 3.0 2.0 0.0 0.0 3.0 3.0 3.0 3.0
-1 1418361088.780908 0.0 0.0 1.0 0.0 1.0 0.0 0.0 0.0 0.0 0.772483 0.0 1.0 0.0
-1 1418361089.334538 0.0 1.96 1.8816 6.214091 5.538616 3.067819 0.8816 0.0 0.0 4.615683 1.96 3.92 1.96
-1 1418361089.587548 0.0 1.0 0.0 0.0 1.0 0.0 1.0 0.0 0.0 0.0 0.0 1.0 0.0
-1 1418361089.807951 0.0 0.8816 1.0 1.0 1.0 1.0 1.846336 0.0 0.0 1.0 1.0 1.0 1.0
-1 1418361090.314216 0.0 2.0 0.450613 0.0 1.0 1.450613 2.8416 0.0 0.0 1.0 0.0 1.0 0.0
-1 1418361090.616745 1.0 1.0 3.0 2.0 3.0 1.96 1.0 1.0 1.0 3.92 2.8816 1.0 2.8816
-1 1418361090.847894 0.0 0.0 3.766336 0.0 5.7232 0.0 1.0 0.0 0.0 3.766336 0.0 4.8016 0.0
-1 1418361091.316534 0.0 0.0 1.96 6.175413 1.0 0.286134 0.0 0.0 0.8816 4.709029 1.524341 1.0 1.524341
-1 1418361091.611702 1.0 0.0 0.0 0.0 1.0 0.0 0.0 1.0 0.8816 1.0 0.0 0.0 0.0
-1 1418361091.810973 0.0 0.0 0.0 0.0 0.0 0.0 0.0 0.0 1.0 0.0 0.695683 0.0 0.695683
-1 1418361092.304121 2.0 0.450613 0.0 0.0 0.0 1.766336 2.0 2.0 1.0 0.8816 0.0 0.0 0.0
-1 1418361092.649461 0.0 0.8816 0.0 0.695683 0.772483 2.615683 0.8816 0.0 1.96 4.575683 0.0 0.0 0.0
-1 1418361092.928517 0.0 0.0 2.0 0.0 2.59512 0.0 0.0 0.0 0.0 1.0 1.0 0.0 1.0
-1 1418361093.484516 0.0 1.0 1.0 2.8816 3.0 3.722938 1.0 0.0 0.0 9.695483 1.0 1.0 1.0
-1 1418361093.713948 0.0 2.96 0.0 0.0 1.0 1.0 2.96 1.96 2.0 1.0 0.0 1.0 0.0
-1 1418361094.035369 0.0 6.349292 0.0 0.0 0.0 0.0 5.932187 0.0 0.0 0.0 0.0 0.0 0.0
-1 1418361094.565288 1.0 2.0 2.798546 1.0 0.0 0.0 2.0 2.0 1.96 0.0 1.0 0.0 1.0
-1 1418361094.799071 1.0 2.0 2.0 0.0 0.0 0.0 3.0 1.0 1.8816 0.0 0.0 0.0 0.0
-1 1418361094.995587 2.766336 1.766336 0.8816 1.0 1.846336 2.0 1.766336 3.532672 1.766336 1.0 1.0 1.0 1.0
-1 1418361095.248967 0.0 0.0 0.8816 3.7632 2.766336 1.8816 0.8816 0.0 1.766336 1.8816 0.0 1.0 0.0
-1 1418361095.557862 0.0 0.0 1.0 1.766336 1.766336 1.766336 1.96 0.0 1.766336 3.766336 1.0 0.0 1.0
-1 1418361095.748024 0.0 0.0 1.8816 1.0 1.0 2.0 1.0 0.0 1.0 2.0 0.0 1.0 0.0
-1 1418361096.038499 0.0 0.0 0.0 0.0 0.0 0.0 0.0 0.0 0.0 1.96 0.0 1.0 0.0
-1 1418361096.530407 0.0 0.0 1.0 2.0 0.0 3.0 0.0 0.0 0.8816 1.0 1.0 1.0 1.0
-1 1418361096.730098 0.0 1.846336 1.96 1.96 2.96 0.0 3.766336 0.0 0.0 0.0 1.96 1.0 1.96
-1 1418361097.043651 0.0 0.0 0.8816 6.482838 5.005871 3.431055 0.0 0.0 0.0 4.431055 5.68665 2.392655 5.68665
-1 1418361097.572454 2.0 2.0 2.0 2.0 3.113089 2.0 2.0 2.0 2.0 3.142717 2.0 2.0 2.0
-1 1418361097.766732 0.0 0.0 0.8816 1.695683 1.0 0.524341 1.96 0.0 0.0 4.724516 1.0 1.0 1.0
-1 1418361098.067788 1.0 1.846336 1.0 1.0 0.0 0.0 1.846336 1.0 1.0 1.0 1.0 0.0 1.0
-1 1418361098.599872 0.0 0.0 1.0 2.96 1.0 1.0 0.0 0.0 0.0 2.0 3.0 1.0 3.0
-1 1418361098.809902 1.0 1.0 0.0 0.0 5.544965 0.0 1.0 1.0 1.0 0.0 0.0 2.96 0.0
-1 1418361099.199671 2.0 1.0 3.772483 3.491315 3.772483 2.772483 2.0 2.0 3.050469 3.491315 2.772483 1.0 2.772483
-1 1418361099.684988 1.766336 1.766336 1.59512 1.0 1.0 1.0 1.766336 1.766336 3.614083 1.8816 1.0 1.0 1.0
-1 1418361099.876769 2.266998 2.0 0.0 0.0 0.0 0.0 2.0 1.695683 3.0 1.346567 0.0 0.0 0.0
-1 1418361100.364123 0.0 0.0 0.0 0.0 0.0 3.806336 1.96 0.0 0.0 4.7632 1.577283 1.0 1.577283
-1 1418361100.687029 1.0 1.0 1.0 1.96 1.0 1.0 2.0 1.0 2.0 1.8816 1.96 1.0 1.96
-1 1418361100.959393 2.0 2.0 1.96 2.0 1.0 1.0 2.0 2.0 2.846336 1.0 0.0 1.96 0.0
-1 1418361101.466023 1.0 1.0 2.0 4.0 1.8816 2.0 1.8816 1.0 1.96 6.577283 2.328865 1.8816 2.328865
-1 1418361101.748017 1.0 0.0 3.8816 0.0 1.0 0.0 0.0 1.0 2.772483 0.0 0.0 0.0 0.0
-1 1418361101.988517 1.0 1.846336 0.0 0.0 0.0 0.0 1.846336 1.0 2.96 1.0 0.0 0.0 0.0
-1 1418361102.584298 1.96 0.0 1.0 0.0 0.0 0.0 0.0 1.96 1.96 1.0 2.0 0.0 2.0
-1 1418361102.797667 1.0 2.0 2.766336 1.0 2.766336 1.0 2.0 1.0 2.0 1.0 1.846336 2.766336 1.846336
-1 1418361103.092644 0.0 0.0 1.0 1.766336 1.741583 0.8816 0.0 0.0 1.846336 0.8816 3.766336 1.661583 3.766336
-1 1418361103.587233 1.0 0.0 1.96 2.655683 1.96 1.96 0.0 1.0 1.96 6.758038 2.601141 1.96 2.601141
-1 1418361103.836436 0.8816 0.0 2.615683 2.96 0.695683 2.0 0.0 0.8816 0.0 1.0 0.0 0.695683 0.0
-1 1418361104.240521 1.0 0.0 0.0 0.437212 1.0 1.0 0.0 2.0 0.0 0.0 0.0 1.0 0.0
-1 1418361104.662942 0.0 1.0 3.0 1.0 3.0 2.0 2.0 0.0 0.8816 2.0 2.0 5.8816 2.0
-1 1418361104.952876 1.96 1.96 6.311365 3.547855 5.427919 2.212705 3.601141 1.0 1.96 1.92845 0.0 2.661583 0.0
-1 1418361105.223849 1.0 0.0 0.0 0.0 1.96 0.0 0.0 1.0 0.8816 0.0 0.0 0.0 0.0
-1 1418361105.532195 0.0 0.0 1.0 1.96 1.0 1.846336 1.0 0.0 0.0 3.351799 3.766336 1.0 3.766336
-1 1418361105.791708 0.0 1.0 2.96 2.96 1.8816 1.0 2.0 0.0 1.0 1.0 2.96 1.0 2.96
-1 1418361106.045610 1.0 0.0 1.0 0.0 2.0 1.8816 1.0 1.0 1.766336 1.8816 1.0 2.695683 1.0
-1 1418361106.481135 0.0 1.0 1.0 1.0 1.0 1.0 1.0 0.0 0.0 1.96 1.0 1.0 1.0
-1 1418361106.782261 1.0 2.96 0.0 0.0 1.0 1.0 3.92 1.0 1.0 1.0 0.0 1.0 0.0
-1 1418361107.080819 1.0 1.96 1.0 2.0 1.0 1.8816 1.0 1.0 2.0 1.0 2.0 1.0 2.0
-1 1418361107.618096 0.0 0.0 2.0 1.0 4.370613 1.0 0.0 0.0 0.0 2.667885 0.0 0.0 0.0
-1 1418361107.841084 0.0 0.0 0.8816 0.0 0.8816 0.0 0.0 0.0 2.96 0.0 0.0 0.0 0.0
-1 1418361108.209004 1.0 0.0 2.8816 1.0 2.0 2.0 2.0 2.346567 2.577283 2.0 1.0 2.0 1.0
-1 1418361108.701802 0.0 0.0 2.8416 1.0 0.8816 1.766336 0.0 0.0 0.0 1.766336 1.0 0.8816 1.0
-1 1418361108.915322 3.0 2.0 1.0 2.0 1.0 1.96 2.0 2.0 3.8816 1.96 1.0 1.0 1.0
-1 1418361109.438829 0.0 0.0 1.0 0.695683 2.8816 0.8816 0.0 0.0 0.0 0.0 1.0 1.96 1.0
-1 1418361109.801951 0.0 0.0 0.0 1.0 0.0 0.0 0.0 0.0 0.0 3.695683 1.0 0.0 1.0
-1 1418361110.138328 0.0 2.8816 1.0 4.766336 1.0 5.766336 3.8816 0.0 0.0 6.726336 2.8816 1.0 2.8816
-1 1418361110.741395 0.0 1.96 3.59512 1.0 2.0 3.413451 1.0 0.0 1.0 2.0 1.0 2.0 1.0
-1 1418361110.954123 1.0 1.0 2.8816 0.0 0.0 0.8816 2.8816 2.8816 1.8816 0.0 0.0 0.0 0.0
-1 1418361111.441758 0.0 0.0 1.0 4.587855 3.766336 2.96 0.0 0.0 0.0 1.96 1.96 1.96 1.96
-1 1418361111.821703 0.0 0.0 0.0 1.0 0.0 1.0 0.0 0.0 0.0 3.095665 1.96 1.0 1.96
-1 1418361112.075318 2.0 1.0 1.0 0.0 0.0 0.0 1.0 2.0 0.0 0.0 0.0 0.0 0.0
-1 1418361112.726383 0.0 0.0 2.0 2.0 2.0 2.0 0.0 0.0 0.0 2.0 2.0 2.0 2.0
-1 1418361112.950227 0.0 0.0 3.726336 0.8816 2.8816 2.96 0.0 0.0 1.0 3.92 0.8816 2.8816 0.8816
-1 1418361113.430843 1.8816 1.0 1.741583 6.902544 3.275789 3.982544 2.0 1.0 1.0 4.346567 3.0 3.275789 3.0
-1 1418361113.801972 0.0 0.0 1.0 1.0 2.0 0.0 0.0 0.0 0.0 0.0 0.0 1.0 0.0
-1 1418361114.065143 0.0 0.0 0.0 0.0 0.0 0.0 0.0 0.0 2.667855 0.8816 0.0 0.0 0.0
-1 1418361114.654812 1.0 1.0 1.8816 2.96 3.8816 4.8016 2.0 1.0 2.484341 1.8816 1.8816 3.8816 1.8816
-1 1418361114.858379 1.0 1.0 0.0 0.0 0.0 0.0 2.357935 1.0 1.0 0.0 0.0 0.0 0.0
-1 1418361115.147526 1.0 0.0 0.0 0.0 5.970185 0.0 0.0 0.0 1.0 1.0 0.0 6.280662 0.0
-1 1418361115.687596 0.0 0.0 3.8816 0.439136 4.372915 2.069882 0.8816 0.0 1.0 2.926794 0.0 0.0 0.0
-1 1418361115.892162 1.0 2.0 2.0 2.8816 2.0 3.497095 3.0 1.0 1.0 4.726336 2.8816 2.8816 2.8816
-1 1418361116.100447 0.0 1.0 1.8816 0.0 1.0 2.0 1.0 1.96 0.0 2.423367 0.0 0.0 0.0
-1 1418361116.363762 0.0 0.0 0.8816 0.0 0.0 0.0 0.0 0.0 2.0 0.0 0.0 0.0 0.0
-1 1418361116.733828 1.0 2.0 2.8816 1.0 1.0 2.0 2.0 1.0 1.0 2.0 2.0 1.0 2.0
-1 1418361116.966690 0.0 0.0 1.0 0.0 0.0 0.0 0.0 0.0 0.0 1.846336 1.766336 0.0 1.766336
-1 1418361117.273820 0.0 0.0 0.0 2.8816 2.96 2.8816 0.0 0.0 0.0 2.96 1.96 2.96 1.96
-1 1418361117.769850 0.0 0.0 1.8816 0.0 1.0 0.0 0.0 0.0 0.0 1.96 0.0 1.0 0.0
-1 1418361117.985443 0.0 1.0 2.0 0.0 1.0 1.0 1.0 0.0 0.0 2.997178 1.298485 1.0 1.298485
-1 1418361118.275519 1.0 0.0 0.67192 0.0 0.0 2.391663 0.0 1.0 5.247854 2.997178 0.0 0.0 0.0
-1 1418361118.800169 0.0 0.8816 1.96 0.0 1.96 1.96 0.8816 0.8816 2.8816 1.96 0.0 1.96 0.0
-1 1418361118.994678 0.0 0.0 1.0 1.0 3.8816 1.0 0.0 0.0 1.0 1.0 1.0 1.0 1.0
-1 1418361119.454126 0.0 0.0 1.0 5.766336 1.766336 3.766336 1.0 0.0 0.0 4.766336 3.766336 2.766336 3.766336
-1 1418361119.848302 0.0 0.0 0.0 0.0 0.0 0.0 0.0 0.0 2.0 3.090336 0.0 0.0 0.0
-1 1418361120.052337 1.0 0.0 0.0 0.0 1.0 0.0 0.0 1.0 1.0 0.0 1.0 1.0 1.0
-1 1418361120.483207 0.0 0.8816 2.8816 0.0 1.0 1.0 1.8816 0.0 1.0 2.8816 1.0 1.0 1.0
-1 1418361120.886629 1.0 1.0 0.0 1.846336 3.695683 0.0 1.0 1.0 1.0 0.0 0.0 2.695683 0.0
-1 1418361121.129474 0.0 0.0 1.96 0.0 1.8816 2.59512 0.0 0.0 0.0 4.51512 0.0 0.0 0.0
-1 1418361121.579111 0.0 0.0 1.846336 1.846336 2.0 1.0 2.695683 0.0 3.806336 4.364999 1.846336 2.0 1.846336
-1 1418361121.927221 1.96 0.3794 0.0 0.0 0.0 0.0 2.018644 1.0 0.0 0.0 0.0 0.0 0.0
-1 1418361122.182815 0.0 0.0 2.0 0.0 0.0 0.0 1.0 0.0 0.0 0.0 0.0 0.0 0.0
-1 1418361122.770904 0.8816 0.8816 0.0 0.0 0.0 0.0 0.8816 0.0 2.766336 0.0 1.0 1.0 1.0
-1 1418361122.987217 0.8816 0.0 1.0 0.0 1.96 0.0 0.8816 0.8816 0.8816 0.0 0.0 0.0 0.0
-1 1418361123.358528 0.0 0.0 1.0 0.0 1.0 0.0 0.0 0.0 0.0 0.0 1.0 0.0 1.0
-1 1418361123.840597 4.8816 1.0 3.8416 3.8416 2.0 2.96 1.8816 2.0 1.8816 3.8416 3.8416 2.0 3.8416
-1 1418361124.066722 1.96 2.8816 0.0 0.0 0.0 3.615683 2.8816 1.96 1.96 4.629333 0.0 0.0 0.0
-1 1418361124.440031 1.0 1.0 2.96 1.0 1.0 2.0 2.0 1.0 0.0 2.0 1.224757 1.0 1.224757
-1 1418361124.888302 1.0 0.0 4.135905 2.0 3.695683 0.0 1.0 1.0 1.96 0.695683 0.0 5.115722 0.0
-1 1418361125.113447 2.0 2.0 1.297704 7.152004 1.091041 5.370613 1.0 1.0 1.0 4.330613 3.370613 2.181621 3.370613
-1 1418361125.571880 1.0 1.0 2.8416 2.8816 1.96 1.96 1.96 1.0 3.8416 7.366589 2.375285 1.96 2.375285
-1 1418361126.038984 1.667855 1.0 0.8816 0.0 0.0 0.0 1.0 0.0 0.0 0.0 0.0 0.8816 0.0
-1 1418361126.284521 2.8416 4.726336 0.0 0.0 0.0 0.0 5.726336 2.8416 1.96 1.0 1.0 1.0 1.0
-1 1418361126.570384 0.0 0.0 3.444341 0.0 3.444341 0.8816 0.0 0.0 1.96 3.8816 2.444341 1.8816 2.444341
-1 1418361126.936829 1.0 0.0 0.0 0.0 0.0 0.0 0.0 1.0 0.0 0.67192 0.0 0.8816 0.0
-1 1418361127.146347 3.0 2.0 0.0 1.0 2.196261 1.0 2.0 3.0 1.0 0.0 0.0 0.0 0.0
-1 1418361127.498702 1.0 1.0 0.0 0.695683 1.8816 0.0 2.0 2.0 1.0 4.599467 0.0 0.0 0.0
-1 1418361127.921027 1.0 0.0 3.806336 1.846336 1.0 0.0 2.766336 1.772483 0.0 1.0 1.846336 0.8816 1.846336
-1 1418361128.154389 1.0 3.615683 0.0 0.0 0.0 0.0 1.8816 0.0 3.0 0.0 0.0 0.0 0.0
-1 1418361128.676352 2.732483 1.0 0.8816 0.8816 0.8816 2.8816 1.654083 2.732483 1.772483 3.766336 0.8816 0.8816 0.8816
-1 1418361128.993246 0.8816 0.0 2.96 1.0 1.0 1.0 1.0 0.8816 0.0 1.0 1.0 1.0 1.0
-1 1418361129.289975 0.0 0.0 1.0 2.846336 4.766336 3.8816 0.0 0.0 0.0 0.0 0.0 3.766336 0.0
-1 1418361129.882163 0.0 0.0 0.8816 1.0 2.0 1.0 0.0 0.0 0.0 3.050492 0.0 1.0 0.0
-1 1418361130.121620 0.8816 0.0 0.59512 1.0 0.0 1.0 1.587855 0.0 1.96 2.144239 2.829443 0.0 2.829443
-1 1418361130.683072 0.0 1.0 0.0 0.0 2.275789 1.0 1.96 0.0 0.0 1.0 0.0 1.0 0.0
-1 1418361131.027565 0.0 0.0 4.8816 1.0 2.0 0.0 1.772483 0.0 0.0 0.772483 1.0 3.695683 1.0
-1 1418361131.485808 1.0 1.0 5.654083 3.497283 8.390951 1.7632 1.0 1.0 1.0 3.7632 0.8816 3.026123 0.8816
-1 1418361131.954099 2.846336 2.0 3.8816 7.621583 3.8816 4.8416 3.8816 2.846336 2.0 5.8416 5.661583 3.8816 5.661583
-1 1418361132.150589 1.0 2.8816 0.0 1.0 0.0 0.0 4.766336 1.96 0.0 2.0 2.0 0.0 2.0
-1 1418361132.769177 0.0 1.0 0.8816 0.0 0.0 1.96 1.0 0.0 1.8816 1.96 0.0 1.0 0.0
-1 1418361133.053298 0.0 0.8816 2.0 0.0 2.0 1.846336 2.8416 0.8816 2.766336 1.846336 0.0 2.0 0.0
-1 1418361133.385238 1.0 0.0 1.0 2.8416 3.96 1.0 0.0 0.0 0.0 1.0 1.766336 2.96 1.766336
-1 1418361133.926203 0.0 0.0 0.0 3.8416 2.0 2.8416 0.0 0.0 0.0 1.96 0.0 0.0 0.0
-1 1418361134.122237 0.0 1.0 3.772483 1.0 1.0 1.0 2.0 0.0 0.0 1.915155 1.8816 1.0 1.8816
-1 1418361134.520365 1.96 2.67192 0.0 1.0 1.96 0.0 1.67192 1.0 0.0 0.0 0.0 1.96 0.0
-1 1418361134.955442 1.0 1.0 2.846336 0.0 1.0 0.0 2.0 1.0 1.0 1.0 0.0 1.0 0.0
-1 1418361135.172146 1.0 0.0 0.0 1.766336 3.615683 0.0 0.0 0.0 0.0 0.0 0.8816 4.126738 0.8816
-1 1418361135.644020 2.0 1.0 2.0 2.8816 2.0 2.0 1.0 2.0 2.0 2.398278 1.0 1.0 1.0
-1 1418361136.049348 1.0 1.0 3.442741 1.96 1.96 2.96 1.96 0.0 0.0 2.96 1.96 1.96 1.96
-1 1418361136.308799 1.491315 0.0 0.0 0.8816 0.0 1.96 1.96 3.993173 3.806336 1.0 0.0 0.0 0.0
-1 1418361136.779239 1.8816 3.0 0.695683 0.0 0.0 0.0 2.0 3.8816 1.96 1.766336 0.0 0.0 0.0
-1 1418361137.131885 0.0 0.0 2.766336 2.8416 4.726336 2.51512 0.0 0.0 1.0 2.51512 1.96 1.766336 1.96
-1 1418361137.366111 0.0 1.0 0.0 0.0 0.0 1.0 1.0 0.0 1.0 1.96 0.0 0.695683 0.0
-1 1418361137.668352 2.8816 1.96 0.0 1.0 0.0 0.0 0.0 2.8816 1.96 0.0 0.0 0.0 0.0
-1 1418361138.027193 2.0 1.0 1.0 1.0 0.0 0.0 1.0 1.0 1.0 3.0 1.0 0.0 1.0
-1 1418361138.220787 2.0 2.0 1.0 2.911019 1.0 0.991019 1.0 1.0 1.0 0.0 0.0 1.0 0.0
-1 1418361138.677214 0.0 0.0 0.0 0.0 2.96 1.96 0.0 0.0 1.0 1.96 0.0 1.96 0.0
-1 1418361139.021449 1.0 0.0 0.0 0.0 0.0 1.661583 1.0 0.0 0.0 1.661583 0.0 1.0 0.0
-1 1418361139.248304 1.846336 2.96 1.0 1.96 1.96 0.0 1.96 3.806336 0.0 0.0 1.96 1.96 1.96
-1 1418361139.744053 0.0 0.0 1.8816 0.695683 0.0 0.8816 0.0 0.0 1.846336 2.615683 0.695683 0.0 0.695683
-1 1418361140.054258 0.0 0.0 4.26296 1.0 1.0 1.0 0.0 0.0 0.0 1.985239 1.0 1.0 1.0
-1 1418361140.282710 1.0 1.0 2.0 1.0 0.0 0.0 1.8816 2.0 0.0 0.0 1.0 0.0 1.0
-1 1418361140.860458 1.0 0.0 0.0 0.0 0.0 0.0 1.587855 2.0 0.8816 0.0 1.0 0.0 1.0
-1 1418361141.147846 0.0 0.0 0.0 0.0 1.0 0.8816 0.0 0.0 0.0 0.0 0.0 0.0 0.0
-1 1418361141.545974 1.0 0.0 0.0 2.8816 5.829023 0.8816 0.0 0.0 0.0 0.0 0.0 1.0 0.0
-1 1418361142.099142 1.0 1.0 1.0 1.0 2.0 1.0 1.0 1.0 2.0 1.153978 1.0 2.0 1.0
-1 1418361142.319932 1.0 0.0 1.8816 2.587855 0.0 2.469455 1.695683 1.0 0.0 1.460841 1.587855 0.0 1.587855
-1 1418361142.832227 1.0 0.0 0.0 1.766336 0.0 1.577283 2.0 0.0 1.0 2.462019 1.766336 0.0 1.766336
-1 1418361143.120247 0.0 0.0 0.0 0.0 0.0 0.8816 0.0 0.0 1.0 0.8816 0.0 0.0 0.0
-1 1418361143.381360 1.0 1.96 0.0 0.0 1.332213 0.0 2.8816 1.0 1.0 0.0 0.0 0.8816 0.0
-1 1418361143.971071 0.0 1.0 1.0 1.96 1.0 1.96 1.0 0.0 0.695683 2.167136 1.96 0.0 1.96
-1 1418361144.173978 0.0 0.0 2.0 0.0 0.8816 0.0 0.0 0.0 1.0 0.877839 0.0 0.0 0.0
-1 1418361144.490678 5.76665 1.695683 0.0 0.0 0.0 0.0 4.484322 5.76665 2.450613 0.8816 0.8816 0.0 0.8816
-1 1418361145.074086 0.0 0.0 2.96 1.0 2.8816 3.102504 2.846336 0.0 0.695683 2.0 1.8816 3.766336 1.8816
-1 1418361145.338149 0.0 0.0 0.0 1.96 1.0 0.601141 0.0 0.0 3.135905 0.0 0.0 1.0 0.0
-1 1418361145.586435 0.0 0.0 2.96 8.391055 7.520668 5.726336 0.0 0.0 0.0 3.806336 2.0 6.1356 2.0
-1 1418361145.868692 2.0 1.0 1.0 0.0 0.0 0.0 1.0 2.0 1.0 0.0 0.0 0.0 0.0
-1 1418361146.150423 0.0 1.96 0.0 0.0 1.0 0.0 1.96 0.0 0.0 1.0 0.0 0.0 0.0
-1 1418361146.408007 1.96 0.0 0.0 0.0 0.0 0.0 1.0 1.96 0.0 1.0 0.0 0.0 0.0
-1 1418361146.828785 0.0 0.0 0.0 0.0 0.0 0.0 0.0 0.0 0.0 0.0 0.0 0.0 0.0
-1 1418361147.159848 2.0 1.0 0.0 0.0 1.0 0.0 1.0 1.0 0.0 0.0 0.0 0.0 0.0
-1 1418361147.466015 0.0 1.0 1.846336 0.772483 6.205307 0.8816 0.0 0.0 0.0 0.8816 0.0 3.661583 0.0
-1 1418361148.005983 0.0 0.0 0.0 2.0 0.0 1.0 0.0 0.0 0.0 0.0 0.0 0.0 0.0
-1 1418361148.249717 0.0 0.0 0.0 0.0 0.0 1.0 0.0 0.0 1.96 0.0 1.0 0.0 1.0
-1 1418361148.659133 0.0 0.8816 0.0 2.0 1.0 1.0 0.8816 0.0 0.0 1.0 1.8816 0.0 1.8816
-1 1418361149.119858 2.0 2.0 2.0 0.0 1.0 1.0 2.0 2.0 2.0 2.96 1.0 1.0 1.0
-1 1418361149.363571 0.0 0.0 1.0 0.8816 2.8816 0.0 1.0 0.8816 1.0 0.8816 0.0 1.96 0.0
-1 1418361149.913735 0.0 1.0 0.0 2.205213 2.8416 0.0 1.0 0.0 1.0 3.491315 0.0 0.0 0.0
-1 1418361150.187483 0.0 0.0 2.766336 5.766336 1.0 2.8816 0.0 1.0 0.8816 6.055905 6.615683 2.8816 6.615683
-1 1418361150.494442 0.0 4.8416 1.0 0.0 0.0 0.0 3.8416 0.0 0.8816 0.0 0.0 0.0 0.0
-1 1418361151.082642 0.0 1.0 1.96 1.96 0.8816 0.0 2.96 0.0 1.129746 0.772483 1.96 0.8816 1.96
-1 1418361151.313703 0.0 0.0 2.0 0.0 1.0 1.0 0.0 0.0 0.0 0.0 0.0 0.0 0.0
-1 1418361151.933605 1.0 0.0 0.584068 3.92 0.450613 2.0 0.0 0.0 0.0 2.0 1.0 0.0 1.0
-1 1418361152.180923 0.0 1.0 0.0 1.8816 0.0 1.8816 0.0 0.0 0.0 5.213813 0.8816 0.0 0.8816
-1 1418361152.458131 0.0 1.96 0.8816 4.766336 0.8816 4.766336 0.0 0.0 0.0 4.766336 2.8816 0.8816 2.8816
-1 1418361153.086215 0.8816 1.0 0.0 0.0 1.587855 0.0 0.0 0.8816 1.0 0.0 0.0 1.587855 0.0
-1 1418361153.322861 1.846336 0.0 1.0 1.0 1.0 4.8416 0.0 1.846336 3.397212 2.96 1.0 1.0 1.0
-1 1418361153.846270 1.0 0.0 2.0 5.8416 2.053917 2.0 0.0 1.0 0.0 1.0 2.0 1.96 2.0
-1 1418361154.136566 0.0 1.0 0.0 1.0 0.8816 0.0 1.0 0.0 0.0 1.504678 0.0 0.0 0.0
-1 1418361154.335888 0.0 0.0 0.0 2.565043 0.0 0.0 0.0 0.0 0.0 1.695683 0.0 0.0 0.0
-1 1418361154.551481 1.8816 3.8816 1.8816 1.0 1.0 0.0 3.8816 1.8816 0.8816 2.0 1.0 1.0 1.0
-1 1418361154.837890 0.0 1.0 1.0 0.0 1.0 1.0 1.0 1.0 2.0 1.0 0.0 1.0 0.0
-1 1418361155.150038 0.0 0.0 1.96 2.96 1.0 1.0 1.0 0.0 1.0 2.96 3.96 0.0 3.96
-1 1418361155.381097 1.0 0.0 1.0 2.0 1.0 1.0 1.96 0.0 1.8816 1.0 0.0 1.0 0.0
-1 1418361155.718439 0.0 0.0 2.0 4.975268 7.874272 1.846336 1.0 0.0 0.0 2.8816 2.0 6.580459 2.0
-1 1418361156.126174 0.0 0.0 3.8816 5.726336 2.8416 2.8416 0.0 0.0 0.0 2.8816 2.8816 1.8816 2.8816
-1 1418361156.337996 0.0 0.0 1.96 0.0 0.0 0.0 0.0 0.0 2.542019 0.0 0.0 0.0 0.0
-1 1418361156.741927 1.587855 0.0 0.0 1.0 0.0 1.0 1.0 3.615683 0.8816 2.0 1.0 0.0 1.0
-1 1418361157.159660 3.8816 2.96 1.0 2.0 2.0 2.772483 3.627855 3.8816 2.0 2.218988 1.0 2.0 1.0
-1 1418361157.397333 1.0 1.0 0.0 2.293813 0.0 1.0 2.0 1.0 0.0 1.0 1.846336 0.0 1.846336
-1 1418361157.911862 1.0 2.0 9.312655 8.173813 12.52825 6.431055 4.669339 1.0 1.0 8.391055 9.203538 9.173813 9.203538
-1 1418361158.213800 0.0 0.0 1.0 1.7632 0.0 0.8816 0.0 0.0 0.0 4.951403 0.8816 0.0 0.8816
-1 1418361158.412912 0.0 0.8816 1.0 1.695683 1.0 1.695683 2.661583 0.0 1.8816 4.577283 2.47769 2.0 2.47769
-1 1418361158.913456 0.0 0.0 1.511055 1.511055 0.0 2.073978 0.0 0.0 3.0 3.04314 1.511055 0.0 1.511055
-1 1418361159.257331 1.0 0.0 0.0 1.0 0.0 1.0 0.0 0.0 0.0 1.0 1.0 0.0 1.0
-1 1418361159.556510 0.0 0.0 2.491315 0.59512 7.137173 0.8816 0.0 0.0 0.0 0.0 0.0 4.126738 0.0
-1 1418361160.137535 1.0 0.0 1.96 0.0 0.0 0.524341 0.0 1.0 0.0 1.436307 0.0 0.0 0.0
-1 1418361160.376816 1.0 0.0 2.96 0.0 1.96 0.0 0.0 1.0 1.587855 0.0 1.661583 0.0 1.661583
-1 1418361160.839715 0.0 0.0 2.8416 1.7632 0.0 1.408124 1.0 1.0 1.0 3.988417 0.8816 0.0 0.8816
-1 1418361161.236431 0.0 0.0 1.0 0.0 0.0 0.0 1.0 0.0 0.0 0.0 0.0 0.0 0.0
-1 1418361161.470329 0.0 1.0 0.0 0.0 1.0 0.524341 2.0 0.0 1.0 0.0 0.0 0.0 0.0
-1 1418361162.102649 1.0 1.0 2.511055 0.0 3.655683 0.0 1.0 1.0 0.0 3.655683 0.0 1.391365 0.0
-1 1418361162.428051 0.0 0.0 1.96 3.96 1.96 2.96 1.0 0.0 1.0 3.8816 1.96 1.96 1.96
-1 1418361162.632406 0.0 0.8816 0.0 0.0 1.0 0.0 0.0 0.0 0.0 1.0 0.0 1.0 0.0
-1 1418361162.894053 0.0 0.0 2.0 2.96 1.0 1.96 0.0 0.0 0.0 1.96 1.96 1.0 1.96
-1 1418361163.264255 0.0 0.0 1.96 0.0 0.0 0.0 0.8816 0.0 1.0 0.0 0.0 0.0 0.0
-1 1418361163.501306 0.0 0.0 0.0 1.0 2.8416 1.0 0.0 0.0 1.0 1.0 1.0 2.96 1.0
-1 1418361163.861510 0.0 0.0 1.0 2.0 2.113089 2.0 1.766336 0.0 0.8816 5.042316 0.0 1.0 0.0
-1 1418361164.295726 2.0 2.0 1.0 2.8816 0.0 0.8816 3.0 2.0 2.0 4.8416 2.8816 0.0 2.8816
-1 1418361164.530920 1.0 3.806336 2.0 2.0 2.0 2.0 2.0 1.0 1.0 2.0 2.0 3.0 2.0
-1 1418361165.052156 1.0 2.0 1.0 2.0 1.0 1.0 2.0 1.0 0.0 2.0 2.0 1.0 2.0
-1 1418361165.301802 1.0 2.0 2.96 1.0 1.96 2.0 2.0 1.0 2.0 1.0 1.0 1.96 1.0
-1 1418361165.605696 0.0 1.96 1.0 0.8816 4.623183 0.0 1.96 0.0 0.0 0.0 0.0 2.0 0.0
-1 1418361166.159895 1.0 1.0 1.0 1.0 1.0 1.0 1.0 2.0 3.96 1.96 1.0 1.0 1.0
-1 1418361166.393966 1.0 1.0 3.8816 2.8816 2.8816 3.7632 1.0 1.0 2.0 3.7632 2.8816 2.8816 2.8816
-1 1418361166.728072 1.8816 0.8816 1.0 1.346567 0.0 1.0 3.01197 1.8816 1.8816 2.1756 0.0 0.0 0.0
-1 1418361167.194059 2.0 0.0 0.601141 0.0 1.0 0.0 0.8816 2.0 3.8816 1.661583 0.0 0.0 0.0
-1 1418361167.421617 0.0 0.0 2.170365 0.0 3.806336 2.8816 0.0 0.8816 1.96 2.8816 0.0 3.661583 0.0
-1 1418361167.803430 1.0 1.0 1.0 0.0 2.498278 1.0 1.0 1.0 1.0 0.0 0.0 1.0 0.0
-1 1418361168.249495 0.0 0.0 0.0 1.667855 0.0 0.417029 0.0 0.0 0.0 4.437241 0.0 0.0 0.0
-1 1418361168.428032 0.0 0.0 0.0 0.8816 0.0 1.8816 0.0 0.0 1.0 2.0 0.0 0.0 0.0
-1 1418361168.826915 1.0 0.0 1.0 0.0 0.0 0.0 0.0 0.0 2.96 1.96 1.0 1.0 1.0
-1 1418361169.216746 0.8816 0.0 1.766336 0.0 0.0 0.0 0.0 0.8816 0.0 0.0 0.0 0.0 0.0
-1 1418361169.457070 0.0 0.0 6.6048 2.8816 2.8816 2.8816 1.0 0.0 0.0 2.8816 2.8816 2.8816 2.8816
-1 1418361169.920192 0.0 0.0 0.0 0.0 3.766336 1.0 0.0 1.0 0.0 0.0 0.0 1.0 0.0
-1 1418361170.340959 2.0 1.0 0.0 1.0 1.0 0.0 1.0 2.0 1.0 0.0 0.8816 0.0 0.8816
-1 1418361170.621082 0.0 0.8816 1.8816 1.8816 1.8816 0.8816 2.766336 0.695683 0.0 0.695683 1.0 1.8816 1.0
-1 1418361171.252946 0.0 1.8816 1.0 1.0 1.0 1.0 1.0 0.0 3.766336 1.0 0.0 1.0 0.0
-1 1418361171.477088 0.0 1.0 1.8816 2.0 1.96 5.082061 0.601141 1.0 0.0 3.122061 1.0 1.96 1.0
-1 1418361171.857959 0.8816 0.0 1.0 0.0 5.766336 0.0 0.0 0.0 0.0 0.0 0.0 3.766336 0.0
-1 1418361172.320182 0.0 0.0 2.8816 3.860813 3.7632 3.7632 0.0 0.0 0.0 1.8816 1.8816 3.7632 1.8816
-1 1418361172.571772 0.0 0.0 0.0 0.0 1.0 0.0 0.0 0.0 1.0 0.8816 1.0 1.0 1.0
-1 1418361172.848573 0.0 0.0 0.8816 0.0 1.8816 0.0 0.0 0.0 1.8816 1.0 0.0 1.8816 0.0
-1 1418361173.192421 0.0 1.0 0.0 0.0 0.0 0.0 1.0 0.0 0.0 0.0 0.0 0.0 0.0
-1 1418361173.456498 2.0 2.0 0.0 0.0 0.0 0.0 3.0 2.0 1.0 0.0 0.0 0.0 0.0
-1 1418361173.758588 0.0 0.0 0.0 0.0 0.524341 2.8816 1.0 0.0 3.129746 2.96 0.0 0.0 0.0
-1 1418361174.221791 0.0 0.0 0.0 1.0 3.437212 1.0 0.0 0.0 1.0 1.0 1.0 2.0 1.0
-1 1418361174.435966 0.0 0.0 0.0 0.0 0.0 0.0 0.0 0.0 1.96 2.766336 0.0 0.0 0.0
-1 1418361174.852905 1.0 3.96 1.772483 1.0 1.0 1.0 3.96 1.0 1.0 1.0 2.0 2.0 2.0
-1 1418361175.284770 0.0 0.0 1.0 0.0 1.0 1.0 2.587855 0.0 1.0 0.0 0.0 1.0 0.0
-1 1418361175.492965 1.0 0.0 2.8816 2.0 2.8816 2.0 0.0 1.0 1.0 2.0 2.0 2.0 2.0
-1 1418361176.021122 0.0 0.0 6.910376 1.846336 15.025705 1.96 0.0 0.0 0.0 1.0 0.0 9.305395 0.0
-1 1418361176.383312 1.0 1.846336 2.846336 4.647936 2.846336 5.500419 1.846336 1.0 1.0 3.292581 4.647936 2.846336 4.647936
-1 1418361176.595493 1.96 5.433685 1.0 1.0 1.0 1.0 5.286553 1.96 3.601141 1.0 1.0 1.0 1.0
-1 1418361177.235814 0.0 0.0 0.0 1.0 0.0 0.0 1.0 1.0 6.8016 0.0 0.0 0.0 0.0
-1 1418361177.473856 0.0 1.0 1.0 0.0 0.0 0.8816 0.8816 0.0 0.0 0.8816 0.0 1.0 0.0
-1 1418361177.907637 0.0 0.0 0.0 1.96 2.96 0.0 0.0 0.0 0.0 0.0 0.0 1.96 0.0
-1 1418361178.339902 0.0 0.0 1.0 2.748366 1.0 2.96 0.0 0.0 0.0 1.0 0.0 1.0 0.0
-1 1418361178.559663 1.0 1.0 1.0 0.0 1.0 0.0 1.0 1.0 0.0 3.228421 0.0 0.0 0.0
-1 1418361179.079426 1.0 1.0 0.0 0.8816 1.846336 0.0 2.0 1.0 2.8816 0.8816 0.8816 0.0 0.8816
-1 1418361179.403472 0.0 0.0 1.0 0.0 1.96 0.0 0.0 0.0 2.0 1.0 1.0 1.96 1.0
-1 1418361179.625836 1.96 1.0 1.96 1.96 1.14568 1.0 1.96 1.96 1.96 1.0 0.0 2.209023 0.0
-1 1418361180.277703 0.0 0.0 0.0 1.0 2.8816 0.0 0.0 0.772483 0.0 1.03142 0.8816 2.8816 0.8816
-1 1418361180.480640 0.0 0.0 2.96 1.0 1.0 1.0 0.0 0.0 0.0 1.96 1.0 1.0 1.0
-1 1418361180.804921 4.695683 1.0 0.0 0.772483 0.0 1.96 2.655683 1.695683 3.695683 0.772483 0.772483 0.0 0.772483
-1 1418361181.365409 4.0 3.0 1.0 0.0 0.0 1.96 2.0 2.0 3.0 1.96 1.96 0.0 1.96
-1 1418361181.578124 0.0 0.0 2.647936 0.0 4.766336 0.0 0.0 0.0 1.8816 0.0 0.0 2.0 0.0
-1 1418361182.049043 0.0 0.0 0.8816 3.921511 1.0 1.978327 0.0 0.0 2.96 6.034625 1.565043 1.0 1.565043
-1 1418361182.430050 1.0 0.0 0.8816 1.846336 0.0 1.0 0.0 1.0 0.0 1.0 1.846336 0.0 1.846336
-1 1418361182.719389 1.0 1.96 1.96 0.0 0.0 0.0 3.766336 1.0 1.0 1.0 0.0 1.0 0.0
-1 1418361183.014680 2.0 0.0 3.0 3.0 1.0 2.0 2.0 2.96 1.0 2.0 2.0 1.0 2.0
-1 1418361183.383871 2.8416 2.96 2.0 1.0 0.0 0.0 2.96 2.8416 1.96 2.0 1.0 1.96 1.0
-1 1418361183.665271 1.0 1.0 1.0 0.0 2.96 0.0 1.199 1.0 0.0 0.0 0.601141 0.0 0.601141
-1 1418361184.034541 0.0 0.0 0.0 1.96 4.293813 2.0 1.0 0.0 0.0 1.0 0.0 1.450613 0.0
-1 1418361184.427778 0.0 0.0 1.0 0.0 0.0 1.0 0.0 0.0 0.0 2.0 2.0 0.0 2.0
-1 1418361184.706861 1.0 1.0 1.0 1.0 1.0 2.0 2.0 1.0 1.0 2.0 1.0 1.0 1.0
-1 1418361185.230837 0.0 0.0 0.0 0.0 0.0 0.0 0.0 0.0 1.0 0.0 0.695683 0.0 0.695683
-1 1418361185.529544 0.0 0.0 2.0 1.0 2.0 2.0 1.0 0.0 0.0 2.0 1.0 2.0 1.0
-1 1418361185.905191 1.0 0.0 1.766336 1.0 3.462019 0.772483 0.0 1.0 1.0 0.772483 0.0 4.431055 0.0
-1 1418361186.368541 1.0 1.0 1.96 0.438604 0.8816 0.0 1.0 0.0 1.0 1.0 0.0 0.0 0.0
-1 1418361186.594240 1.0 1.0 3.8816 3.587855 1.0 2.0 1.0 1.0 2.0 3.112903 1.0 1.0 1.0
-1 1418361186.913235 0.0 0.0 1.1581 0.0 0.0 1.0 0.0 1.511055 2.0 1.0 0.805882 0.0 0.805882
-1 1418361187.396979 0.0 1.0 0.0 0.0 0.0 0.0 0.0 0.0 0.0 1.0 0.0 0.0 0.0
-1 1418361187.600554 1.0 0.0 0.0 0.0 1.0 1.0 2.0 1.0 0.0 1.0 0.0 1.0 0.0
-1 1418361187.954234 2.0 1.0 0.0 0.0 2.182975 0.0 1.0 1.0 1.0 0.0 0.0 0.0 0.0
-1 1418361188.402408 1.0 0.0 1.0 1.0 2.511055 0.0 0.0 1.0 0.0 1.846545 0.0 0.0 0.0
-1 1418361188.638784 1.0 0.0 0.0 0.0 0.0 0.0 1.497095 1.503367 2.0 1.0 0.0 0.0 0.0
-1 1418361189.209901 1.846336 2.0 1.0 0.0 0.8816 0.0 1.0 1.0 0.0 1.402344 0.8816 0.8816 0.8816
-1 1418361189.564181 1.0 2.0 0.59512 0.0 0.0 0.0 1.0 1.0 0.8816 0.0 0.0 0.0 0.0
-1 1418361189.925557 0.0 0.0 3.175413 1.0 0.8816 0.0 1.202061 0.0 1.0 2.293813 0.695683 0.0 0.695683
-1 1418361190.433099 0.0 0.0 1.0 2.0 1.0 0.0 0.0 1.0 0.0 3.766336 0.0 1.0 0.0
-1 1418361190.661574 1.0 3.732483 1.0 2.0 1.0 3.0 1.0 1.0 2.766336 2.0 2.0 1.0 2.0
-1 1418361191.121104 1.0 0.0 1.0 1.0 1.0 1.96 0.0 0.0 1.0 0.0 2.0 1.0 2.0
-1 1418361191.534375 0.0 0.0 0.0 0.0 0.0 0.0 0.0 0.0 1.0 1.0 0.0 1.0 0.0
-1 1418361191.768547 0.0 0.0 0.0 1.0 1.0 0.0 0.0 0.0 0.0 0.0 1.0 1.695683 1.0
-1 1418361192.028374 0.0 0.0 1.0 2.8816 1.8816 1.0 0.0 0.0 0.0 0.0 0.0 0.0 0.0
-1 1418361192.399018 0.0 0.0 1.0 0.0 0.0 0.0 1.0 0.0 0.0 1.0 0.0 0.0 0.0
-1 1418361192.644130 0.0 0.0 2.0 1.0 1.0 0.0 0.0 0.0 0.0 0.8816 0.0 0.0 0.0
-1 1418361192.960598 0.0 0.0 0.0 0.0 0.0 0.0 0.0 1.96 0.0 0.0 1.0 0.0 1.0
-1 1418361193.451753 0.0 0.0 1.0 0.0 0.0 3.766336 0.8816 1.0 0.0 3.216824 0.0 0.0 0.0
-1 1418361193.710167 0.0 0.0 0.0 0.0 0.0 0.0 0.0 0.0 0.0 0.0 0.8816 0.0 0.8816
-1 1418361194.089823 0.0 1.0 3.037889 0.0 9.92237 0.8816 1.0 0.0 0.0 0.0 0.0 4.180726 0.0
-1 1418361194.558446 1.0 2.0 2.0 1.975289 1.0 1.497039 2.0 2.0 2.0 4.526859 1.017436 1.0 1.017436
-1 1418361194.822072 2.0 3.450613 1.96 0.0 0.0 0.0 1.0 1.571315 1.0 1.0 0.0 0.0 0.0
-1 1418361195.444729 0.0 0.0 0.0 0.0 0.0 1.96 1.0 0.0 1.0 1.0 0.0 0.0 0.0
-1 1418361195.689704 1.0 1.0 1.0 1.766336 0.0 0.8816 1.0 0.0 2.0 1.766336 1.766336 0.0 1.766336
-1 1418361196.251093 0.0 0.0 6.841487 4.772483 13.17852 4.587855 0.8816 0.0 0.0 6.431055 3.772483 8.606816 3.772483
-1 1418361196.599006 0.0 0.0 0.0 5.005261 7.778353 3.471055 1.0 0.0 0.0 6.986296 5.066296 0.772483 5.066296
-1 1418361196.879115 0.772483 1.0 1.0 1.0 1.0 0.0 3.772483 0.772483 0.772483 2.8816 1.0 1.0 1.0
-1 1418361197.423280 4.0 1.0 1.8816 1.0 0.0 0.0 1.0 2.0 2.0 2.8816 0.0 0.0 0.0
-1 1418361197.677859 2.0 2.96 2.96 1.96 2.96 3.061289 3.96 2.0 2.96 3.061289 1.96 1.96 1.96
-1 1418361198.147534 2.8816 0.0 2.96 0.0 3.339723 1.0 1.0 2.8816 1.0 0.0 0.0 1.96 0.0
-1 1418361198.557728 0.0 1.0 0.0 1.772483 0.0 3.391301 1.0 1.0 1.0 3.015859 1.772483 0.0 1.772483
-1 1418361198.790446 0.0 1.0 0.0 0.0 1.0 0.0 0.0 0.0 0.0 0.0 0.0 0.0 0.0
-1 1418361199.333918 2.0 0.0 0.0 0.0 0.0 2.0 0.0 2.96 1.741583 4.8416 0.0 0.0 0.0
-1 1418361199.628888 0.0 0.0 1.0 0.0 1.0 1.0 1.0 0.0 0.0 1.0 1.96 1.0 1.96
-1 1418361200.000010 1.417029 0.0 1.0 1.846336 1.423367 0.0 1.0 1.96 1.0 0.0 0.0 0.0 0.0
-1 1418361200.523888 1.0 3.8816 0.0 2.293673 1.0 1.96 0.0 1.0 1.96 2.557116 1.96 1.0 1.96
-1 1418361200.791145 0.0 0.0 1.491315 0.0 0.0 0.0 0.0 1.0 1.0 0.0 0.0 1.497095 0.0
-1 1418361201.206801 1.741583 0.0 2.0 1.0 2.0 2.772483 0.0 0.772483 1.0 1.0 1.0 1.0 1.0
-1 1418361201.771843 0.0 0.0 1.0 1.0 1.0 1.96 0.0 0.0 0.0 1.96 1.0 0.0 1.0
-1 1418361202.020327 0.0 0.0 1.0 1.0 3.8816 0.0 0.0 0.0 0.0 0.0 0.0 1.0 0.0
-1 1418361202.358266 1.0 1.0 1.96 1.0 1.96 1.0 1.0 2.96 2.0 1.0 1.0 1.0 1.0
-1 1418361202.615033 0.0 0.0 1.0 1.0 1.0 1.0 0.0 0.0 1.0 1.8816 0.8816 0.0 0.8816
-1 1418361202.864517 1.0 1.0 1.0 2.0 1.0 1.0 1.0 1.0 1.772483 1.8816 1.835295 1.0 1.835295
-1 1418361203.321915 0.0 0.0 1.0 0.0 0.0 0.0 1.8816 0.8816 0.0 0.0 0.0 0.0 0.0
-1 1418361203.671821 0.0 0.0 0.0 0.0 0.0 0.0 0.00845 0.0 0.0 1.0 1.565043 1.0 1.565043
-1 1418361203.913154 2.96 1.0 0.656079 0.695683 1.524341 0.0 1.96 3.92 1.96 1.0 1.0 0.0 1.0
-1 1418361204.496527 0.0 0.0 2.0 1.0 1.0 1.0 0.0 0.0 0.0 1.0 1.0 0.0 1.0
-1 1418361204.734380 0.0 0.0 1.8816 3.8416 3.8416 3.8416 0.0 0.0 2.0 2.96 3.0 4.687936 3.0
-1 1418361205.049725 2.766336 0.0 0.695683 0.0 0.0 1.0 2.826706 2.766336 1.0 0.0 1.0 0.0 1.0
-1 1418361205.602072 0.0 0.0 4.661583 3.0 2.0 1.0 1.0 1.846336 0.0 2.96 2.96 2.0 2.96
-1 1418361205.832404 1.0 1.0 1.0 0.0 1.0 0.0 1.0 1.0 2.0 0.0 0.0 0.0 0.0
-1 1418361206.361263 1.0 1.0 1.96 4.434066 2.8416 3.597218 1.96 0.0 1.0 6.527716 1.96 1.96 1.96
-1 1418361206.681141 0.0 0.0 2.0 0.0 1.0 1.0 0.0 0.0 0.0 8.471219 2.0 1.0 2.0
-1 1418361206.925523 0.450613 0.0 1.0 0.0 0.8816 0.0 1.0 1.450613 1.0 0.0 0.0 0.8816 0.0
-1 1418361207.541216 0.0 0.0 0.0 1.0 0.0 2.0 0.0 0.0 0.0 2.846336 2.432589 0.0 2.432589
-1 1418361207.759690 0.8816 0.0 1.0 1.0 1.0 0.0 0.8816 0.8816 2.8816 1.0 1.0 1.0 1.0
-1 1418361208.152791 0.0 0.0 1.0 10.294966 4.73855 5.266567 0.0 0.0 0.0 6.266567 3.766336 1.96 3.766336
-1 1418361208.633658 0.0 0.0 0.0 0.508463 0.0 0.0 0.0 0.0 0.0 1.0 0.0 0.0 0.0
-1 1418361208.879459 2.96 0.0 0.0 0.0 0.0 1.0 1.661583 1.96 0.0 2.96 0.0 0.0 0.0
-1 1418361209.403296 0.0 0.0 0.59512 0.0 1.96 2.0 0.0 1.0 3.96 0.0 0.0 1.0 0.0
-1 1418361209.709054 2.0 1.0 0.0 1.0 1.0 0.0 1.0 1.0 1.96 1.0 0.0 1.0 0.0
-1 1418361209.953386 0.0 1.0 0.8816 0.0 2.8816 0.0 1.0 0.0 0.0 0.0 0.0 0.8816 0.0
-1 1418361210.441423 1.0 2.0 4.392655 7.030757 6.072957 5.114975 1.96 1.0 1.96 5.911019 4.345503 3.8816 4.345503
-1 1418361210.726923 0.0 0.0 4.403233 2.96 4.403233 4.403233 0.0 0.8816 0.443233 5.284833 6.033978 4.403233 6.033978
-1 1418361211.015834 0.0 0.8816 3.92 0.0 0.0 2.0 1.0 0.0 0.0 5.014304 0.0 0.0 0.0
-1 1418361211.584583 1.0 1.0 1.8816 0.0 1.0 2.96 1.0 1.0 2.0 0.0 0.0 1.0 0.0
-1 1418361211.835974 0.0 0.0 1.0 0.0 0.0 0.0 0.0 0.0 1.0 1.0 0.0 0.0 0.0
-1 1418361212.081796 0.0 1.0 0.8816 0.8816 2.8416 1.8816 1.0 0.0 0.0 0.8816 0.8816 1.8816 0.8816
-1 1418361212.382666 1.0 2.0 2.0 2.0 2.0 2.0 1.0 1.0 1.0 2.0 2.0 1.0 2.0
-1 1418361212.693134 1.0 0.0 0.8816 3.565043 0.8816 3.565043 0.0 1.0 1.0 0.0 0.0 0.8816 0.0
-1 1418361212.925268 0.0 0.0 0.0 0.0 0.0 0.0 0.0 0.0 0.0 0.0 0.0 1.0 0.0
-1 1418361213.328711 0.0 0.0 1.0 1.0 1.0 0.0 0.0 0.0 1.0 0.0 2.695683 0.695683 2.695683
-1 1418361213.739990 0.0 0.0 1.0 1.0 0.0 0.0 7.660943 0.0 1.0 1.96 0.0 0.0 0.0
-1 1418361214.058116 0.0 0.0 1.0 0.0 1.0 1.846336 0.0 0.0 0.0 3.766336 0.0 0.0 0.0
-1 1418361214.571925 0.0 0.0 2.0 0.0 1.96 1.0 0.0 0.0 1.0 3.92 2.96 1.96 2.96
-1 1418361214.813434 0.8816 2.458883 0.8816 0.0 0.8816 0.8816 3.343619 0.8816 1.8816 1.0 1.96 0.8816 1.96
-1 1418361215.178088 1.846336 0.0 1.96 0.0 0.0 0.772483 0.0 1.846336 2.96 0.0 0.0 0.0 0.0
-1 1418361215.670225 1.0 1.0 0.67192 0.0 0.0 1.8816 1.0 2.0 1.0 1.8816 0.0 0.8816 0.0
-1 1418361215.922912 1.0 1.0 1.96 2.96 2.661583 3.0 1.0 1.0 1.0 2.0 1.0 1.0 1.0
-1 1418361216.458570 0.0 0.0 1.0 1.0 1.0 3.766336 0.0 0.0 2.469455 3.266567 0.0 1.0 0.0
-1 1418361216.776551 1.8816 4.027957 0.0 0.8816 0.0 0.0 6.182975 1.8816 2.0 0.0 0.0 0.0 0.0
-1 1418361217.038167 3.497095 1.0 1.0 1.0 0.0 0.0 1.8816 3.51512 1.0 1.96 1.0 0.0 1.0
-1 1418361217.664125 1.0 1.766336 1.0 2.0 2.0 1.96 1.0 1.0 1.0 2.0 1.0 2.0 1.0
-1 1418361217.884984 4.96 1.0 0.0 1.0 1.945106 0.0 1.0 2.96 1.96 1.0 0.0 0.8816 0.0
-1 1418361218.262723 0.0 0.0 0.0 0.8816 2.0 0.0 0.0 0.0 0.0 0.8816 0.8816 2.0 0.8816
-1 1418361218.747893 0.0 0.0 1.8816 3.726336 2.0 1.96 0.0 0.0 0.0 7.290811 1.96 2.96 1.96
-1 1418361218.993139 0.0 0.0 0.0 0.0 1.0 0.0 1.846336 0.0 0.0 0.502441 0.0 0.0 0.0
